1	0	0	1
1	0	0	1
1	0	0	2
1	0	0	3
1	0	0	4
1	0	0	5
1	0	0	3
1	0	0	2
1	0	0	2
1	0	0	1
1	0	0	1
1	0	0	1
1	0	0	1
1	0	0	6
1	0	0	7
1	0	0	8
1	0	0	9
1	0	0	5
1	0	0	5
1	0	0	10
1	0	0	11
1	0	0	12
1	0	0	13
1	0	0	5
1	0	0	4
1	0	0	14
1	0	0	15
1	0	0	16
1	0	0	9
1	0	0	17
1	0	0	18
1	0	0	14
1	0	0	19
1	0	0	9
1	0	0	4
1	0	0	18
1	0	0	15
1	0	0	20
1	0	0	21
1	0	0	22
1	0	0	22
1	0	0	23
1	0	0	23
1	0	0	24
1	0	0	25
1	0	0	22
1	0	0	22
1	0	0	22
1	0	0	22
1	0	0	22
1	0	0	22
1	0	0	22
1	0	0	9
1	0	0	26
1	0	0	22
1	0	0	9
1	0	0	22
1	0	0	7
1	0	0	27
1	0	0	28
1	0	0	14
1	0	0	18
1	0	0	29
1	0	0	29
1	0	0	9
1	0	0	5
1	0	0	14
1	0	0	1
1	0	0	9
1	0	0	13
1	0	0	2
1	0	0	9
1	0	0	9
1	0	0	28
1	0	0	18
1	0	0	9
1	0	0	9
1	0	0	4
1	0	0	18
1	0	0	28
1	0	0	4
1	0	0	15
1	0	0	12
1	0	0	5
1	0	0	5
1	0	0	28
1	0	0	14
1	0	0	17
1	0	0	23
1	0	0	30
1	0	0	29
1	0	0	15
1	0	0	19
1	0	0	15
1	0	0	17
1	0	0	23
1	0	0	18
1	0	0	3
1	0	0	31
1	0	0	23
1	0	0	3
1	0	0	18
1	0	0	32
1	0	0	16
1	0	0	16
1	0	0	33
1	0	0	23
1	0	0	18
1	0	0	27
1	0	0	3
1	0	0	34
1	0	0	34
1	0	0	35
1	0	0	21
1	0	0	33
1	0	0	31
1	0	0	25
1	0	0	3
1	0	0	36
1	0	0	36
1	0	0	8
1	0	0	37
1	0	0	23
1	0	0	23
1	0	0	38
1	0	0	3
1	0	0	13
1	0	0	39
1	0	0	21
1	0	0	40
1	0	0	35
1	0	0	41
1	0	0	22
1	0	0	42
1	0	0	42
1	0	0	42
1	0	0	42
1	0	0	42
1	0	0	10
1	0	0	13
1	0	0	42
1	0	0	8
1	0	0	6
1	0	0	4
1	0	0	26
1	0	0	26
1	0	0	26
1	0	0	26
1	0	0	26
1	0	0	43
1	0	0	31
1	0	0	42
1	0	0	10
1	0	0	25
1	0	0	26
1	0	0	1
1	0	0	10
1	0	0	22
1	0	0	3
1	0	0	22
1	0	0	44
1	0	0	40
1	0	0	15
1	0	0	35
1	0	0	12
1	0	0	45
1	0	0	40
1	0	0	40
1	0	0	40
1	0	0	23
1	0	0	40
1	0	0	13
1	0	0	37
1	0	0	3
1	0	0	3
1	0	0	4
1	0	0	42
1	0	0	42
1	0	0	42
1	0	0	42
1	0	0	42
1	0	0	42
1	0	0	42
1	0	0	42
1	0	0	6
1	0	0	31
1	0	0	31
1	0	0	31
1	0	0	5
1	0	0	18
1	0	0	13
1	0	0	13
1	0	0	23
1	0	0	23
1	0	0	23
1	0	0	23
1	0	0	12
1	0	0	41
1	0	0	29
1	0	0	23
1	0	0	23
1	0	0	42
1	0	0	19
1	0	0	4
1	0	0	23
1	0	0	19
1	0	0	3
1	0	0	13
1	0	0	45
1	0	0	45
1	0	0	45
1	0	0	45
1	0	0	9
1	0	0	13
1	0	0	2
1	0	0	13
1	0	0	13
1	0	0	13
1	0	0	13
1	0	0	2
1	0	0	2
1	0	0	2
1	0	0	10
1	0	0	14
1	0	0	14
1	0	0	14
1	0	0	46
1	0	0	6
1	0	0	6
1	0	0	6
1	0	0	46
1	0	0	46
1	0	0	14
1	0	0	6
1	0	0	13
1	0	0	13
1	0	0	45
1	0	0	13
1	0	0	13
1	0	0	14
1	0	0	3
1	0	0	47
1	0	0	47
1	0	0	25
1	0	0	26
1	0	0	1
1	0	0	26
1	0	0	13
1	0	0	25
1	0	0	26
1	0	0	25
1	0	0	25
1	0	0	19
1	0	0	25
1	0	0	25
1	0	0	19
1	0	0	19
1	0	0	29
1	0	0	25
1	0	0	25
1	0	0	25
1	0	0	25
1	0	0	25
1	0	0	25
1	0	0	25
1	0	0	25
1	0	0	25
1	0	0	25
1	0	0	25
1	0	0	25
1	0	0	19
1	0	0	29
1	0	0	25
1	0	0	25
1	0	0	48
1	0	0	25
1	0	0	25
1	0	0	25
1	0	0	25
1	0	0	25
1	0	0	25
1	0	0	29
1	0	0	9
1	0	0	9
1	0	0	12
1	0	0	40
1	0	0	37
1	0	0	22
1	0	0	3
1	0	0	23
1	0	0	23
1	0	0	23
1	0	0	47
1	0	0	47
1	0	0	47
1	0	0	35
1	0	0	25
1	0	0	25
1	0	0	25
1	0	0	40
1	0	0	40
1	0	0	21
1	0	0	21
1	0	0	39
1	0	0	49
1	0	0	47
1	0	0	6
1	0	0	40
1	0	0	13
1	0	0	40
1	0	0	13
1	0	0	31
1	0	0	41
1	0	0	41
1	0	0	41
1	0	0	41
1	0	0	41
1	0	0	41
1	0	0	41
1	0	0	41
1	0	0	41
1	0	0	41
1	0	0	35
1	0	0	35
1	0	0	35
1	0	0	35
1	0	0	35
1	0	0	35
1	0	0	35
1	0	0	35
1	0	0	35
1	0	0	35
1	0	0	35
1	0	0	15
1	0	0	15
1	0	0	35
1	0	0	35
1	0	0	35
1	0	0	35
1	0	0	35
1	0	0	35
1	0	0	35
1	0	0	35
1	0	0	35
1	0	0	35
1	0	0	35
1	0	0	35
1	0	0	35
1	0	0	35
1	0	0	47
1	0	0	47
1	0	0	47
1	0	0	47
1	0	0	5
1	0	0	40
1	0	0	3
1	0	0	5
1	0	0	19
1	0	0	13
1	0	0	9
1	0	0	11
1	0	0	11
1	0	0	11
1	0	0	1
1	0	0	22
1	0	0	11
1	0	0	39
1	0	0	39
1	0	0	12
1	0	0	12
1	0	0	12
1	0	0	39
1	0	0	39
1	0	0	39
1	0	0	25
1	0	0	13
1	0	0	50
1	0	0	11
1	0	0	26
1	0	0	26
1	0	0	26
1	0	0	26
1	0	0	26
1	0	0	26
1	0	0	26
1	0	0	26
1	0	0	26
1	0	0	26
1	0	0	26
1	0	0	26
1	0	0	26
1	0	0	26
1	0	0	26
1	0	0	11
1	0	0	11
1	0	0	49
1	0	0	51
1	0	0	49
1	0	0	49
1	0	0	15
1	0	0	49
1	0	0	9
1	0	0	13
1	0	0	42
1	0	0	18
1	0	0	44
1	0	0	9
1	0	0	9
1	0	0	25
1	0	0	35
1	0	0	43
1	0	0	9
1	0	0	29
1	0	0	4
1	0	0	4
1	0	0	29
1	0	0	41
1	0	0	4
1	0	0	3
1	0	0	9
1	0	0	9
1	0	0	15
1	0	0	15
1	0	0	15
1	0	0	15
1	0	0	15
1	0	0	34
1	0	0	11
1	0	0	44
1	0	0	52
1	0	0	47
1	0	0	47
1	0	0	49
1	0	0	49
1	0	0	49
1	0	0	53
1	0	0	49
1	0	0	47
1	0	0	13
1	0	0	54
1	0	0	13
1	0	0	13
1	0	0	28
1	0	0	28
1	0	0	28
1	0	0	13
1	0	0	49
1	0	0	11
1	0	0	50
1	0	0	49
1	0	0	50
1	0	0	55
1	0	0	55
1	0	0	55
1	0	0	50
1	0	0	13
1	0	0	13
1	0	0	13
1	0	0	13
1	0	0	50
1	0	0	50
1	0	0	15
1	0	0	6
1	0	0	6
1	0	0	6
1	0	0	46
1	0	0	6
1	0	0	55
1	0	0	28
1	0	0	55
1	0	0	55
1	0	0	46
1	0	0	6
1	0	0	6
1	0	0	6
1	0	0	6
1	0	0	13
1	0	0	13
1	0	0	53
1	0	0	11
1	0	0	49
1	0	0	50
1	0	0	50
1	0	0	49
1	0	0	41
1	0	0	19
1	0	0	26
1	0	0	26
1	0	0	31
1	0	0	13
1	0	0	12
1	0	0	25
1	0	0	39
1	0	0	23
1	0	0	23
1	0	0	23
1	0	0	9
1	0	0	44
1	0	0	47
1	0	0	44
1	0	0	40
1	0	0	56
1	0	0	23
1	0	0	44
1	0	0	35
1	0	0	41
1	0	0	48
1	0	0	45
1	0	0	45
1	0	0	44
1	0	0	44
1	0	0	39
1	0	0	49
1	0	0	21
1	0	0	40
1	0	0	45
1	0	0	45
1	0	0	22
1	0	0	13
1	0	0	18
1	0	0	19
1	0	0	30
1	0	0	30
1	0	0	42
1	0	0	19
1	0	0	30
1	0	0	45
1	0	0	30
1	0	0	30
1	0	0	30
1	0	0	46
1	0	0	22
1	0	0	54
1	0	0	30
1	0	0	30
1	0	0	45
1	0	0	45
1	0	0	37
1	0	0	26
1	0	0	9
1	0	0	9
1	0	0	41
1	0	0	38
1	0	0	38
1	0	0	38
1	0	0	12
1	0	0	52
1	0	0	52
1	0	0	19
1	0	0	19
1	0	0	19
1	0	0	51
1	0	0	33
1	0	0	51
1	0	0	51
1	0	0	52
1	0	0	51
1	0	0	51
1	0	0	51
1	0	0	40
1	0	0	37
1	0	0	12
1	0	0	40
1	0	0	40
1	0	0	22
1	0	0	21
1	0	0	40
1	0	0	20
1	0	0	41
1	0	0	11
1	0	0	40
1	0	0	40
1	0	0	40
1	0	0	40
1	0	0	40
1	0	0	40
1	0	0	40
1	0	0	40
1	0	0	40
1	0	0	40
1	0	0	40
1	0	0	40
1	0	0	40
1	0	0	40
1	0	0	40
1	0	0	17
1	0	0	37
1	0	0	40
1	0	0	12
1	0	0	40
1	0	0	12
1	0	0	12
1	0	0	52
1	0	0	21
1	0	0	49
1	0	0	12
1	0	0	43
1	0	0	43
1	0	0	43
1	0	0	53
1	0	0	49
1	0	0	49
1	0	0	53
1	0	0	53
1	0	0	51
1	0	0	26
1	0	0	49
1	0	0	53
1	0	0	49
1	0	0	21
1	0	0	52
1	0	0	40
1	0	0	37
1	0	0	47
1	0	0	40
1	0	0	20
1	0	0	20
1	0	0	20
1	0	0	20
1	0	0	20
1	0	0	40
1	0	0	12
1	0	0	21
1	0	0	37
1	0	0	52
1	0	0	12
1	0	0	2
1	0	0	12
1	0	0	27
1	0	0	32
1	0	0	32
1	0	0	25
1	0	0	14
1	0	0	16
1	0	0	16
1	0	0	16
1	0	0	56
1	0	0	17
1	0	0	31
1	0	0	31
1	0	0	17
1	0	0	36
1	0	0	8
1	0	0	28
1	0	0	49
1	0	0	13
1	0	0	13
1	0	0	14
1	0	0	49
1	0	0	13
1	0	0	42
1	0	0	42
1	0	0	20
1	0	0	17
1	0	0	15
1	0	0	52
1	0	0	17
1	0	0	12
1	0	0	17
1	0	0	42
1	0	0	12
1	0	0	49
1	0	0	13
1	0	0	49
1	0	0	50
1	0	0	50
1	0	0	12
1	0	0	12
1	0	0	36
1	0	0	42
1	0	0	27
1	0	0	33
1	0	0	36
1	0	0	21
1	0	0	36
1	0	0	12
1	0	0	27
1	0	0	12
1	0	0	10
1	0	0	12
1	0	0	49
1	0	0	33
1	0	0	49
1	0	0	20
1	0	0	20
1	0	0	20
1	0	0	3
1	0	0	42
1	0	0	42
1	0	0	36
1	0	0	23
1	0	0	36
1	0	0	53
1	0	0	36
1	0	0	36
1	0	0	36
1	0	0	50
1	0	0	50
1	0	0	50
1	0	0	6
1	0	0	1
1	0	0	28
1	0	0	31
1	0	0	31
1	0	0	31
1	0	0	31
1	0	0	31
1	0	0	31
1	0	0	31
1	0	0	31
1	0	0	31
1	0	0	6
1	0	0	51
1	0	0	7
1	0	0	15
1	0	0	5
1	0	0	33
1	0	0	33
1	0	0	4
1	0	0	31
1	0	0	6
1	0	0	20
1	0	0	20
1	0	0	20
1	0	0	20
1	0	0	20
1	0	0	4
1	0	0	4
1	0	0	26
1	0	0	26
1	0	0	29
1	0	0	17
1	0	0	23
1	0	0	26
1	0	0	51
1	0	0	52
1	0	0	3
1	0	0	49
1	0	0	1
1	0	0	49
1	0	0	1
1	0	0	14
1	0	0	1
1	0	0	49
1	0	0	50
1	0	0	55
1	0	0	4
1	0	0	4
1	0	0	12
1	0	0	53
1	0	0	53
1	0	0	53
1	0	0	53
1	0	0	53
1	0	0	33
1	0	0	36
1	0	0	44
1	0	0	17
1	0	0	46
1	0	0	46
1	0	0	46
1	0	0	31
1	0	0	22
1	0	0	18
1	0	0	7
1	0	0	44
1	0	0	44
1	0	0	29
1	0	0	29
1	0	0	21
1	0	0	21
1	0	0	26
1	0	0	26
1	0	0	6
1	0	0	6
1	0	0	6
1	0	0	31
1	0	0	29
1	0	0	29
1	0	0	4
1	0	0	7
1	0	0	18
1	0	0	9
1	0	0	9
1	0	0	14
1	0	0	1
1	0	0	27
1	0	0	13
1	0	0	35
1	0	0	31
1	0	0	47
1	0	0	22
1	0	0	44
1	0	0	31
1	0	0	8
1	0	0	47
1	0	0	47
1	0	0	31
1	0	0	31
1	0	0	40
1	0	0	14
1	0	0	22
1	0	0	9
1	0	0	26
1	0	0	9
1	0	0	46
1	0	0	23
1	0	0	42
1	0	0	13
1	0	0	1
1	0	0	9
1	0	0	9
1	0	0	9
1	0	0	9
1	0	0	22
1	0	0	4
1	0	0	50
1	0	0	50
1	0	0	50
1	0	0	50
1	0	0	23
1	0	0	23
1	0	0	22
1	0	0	22
1	0	0	22
1	0	0	29
1	0	0	19
1	0	0	19
1	0	0	8
1	0	0	30
1	0	0	30
1	0	0	19
1	0	0	30
1	0	0	9
1	0	0	30
1	0	0	30
1	0	0	10
1	0	0	13
1	0	0	13
1	0	0	12
1	0	0	3
1	0	0	3
1	0	0	29
1	0	0	28
1	0	0	8
1	0	0	13
1	0	0	8
1	0	0	30
1	0	0	10
1	0	0	10
1	0	0	10
1	0	0	50
1	0	0	12
1	0	0	12
1	0	0	32
1	0	0	52
1	0	0	43
1	0	0	29
1	0	0	50
1	0	0	50
1	0	0	10
1	0	0	36
1	0	0	27
1	0	0	6
1	0	0	30
1	0	0	35
1	0	0	33
1	0	0	33
1	0	0	16
1	0	0	31
1	0	0	31
1	0	0	31
1	0	0	31
1	0	0	31
1	0	0	31
1	0	0	31
1	0	0	47
1	0	0	15
1	0	0	21
1	0	0	54
1	0	0	41
1	0	0	54
1	0	0	15
1	0	0	24
1	0	0	24
1	0	0	57
1	0	0	15
1	0	0	58
1	0	0	24
1	0	0	15
1	0	0	24
1	0	0	54
1	0	0	21
1	0	0	9
1	0	0	21
1	0	0	36
1	0	0	36
1	0	0	36
1	0	0	36
1	0	0	43
1	0	0	23
1	0	0	9
1	0	0	9
1	0	0	57
1	0	0	57
1	0	0	57
1	0	0	57
1	0	0	57
1	0	0	57
1	0	0	57
1	0	0	57
1	0	0	57
1	0	0	57
1	0	0	57
1	0	0	43
1	0	0	30
1	0	0	3
1	0	0	3
1	0	0	3
1	0	0	27
1	0	0	18
1	0	0	9
1	0	0	9
1	0	0	43
1	0	0	27
1	0	0	12
1	0	0	49
1	0	0	49
1	0	0	31
1	0	0	49
1	0	0	27
1	0	0	27
1	0	0	24
1	0	0	24
1	0	0	40
1	0	0	58
1	0	0	57
1	0	0	57
1	0	0	57
1	0	0	57
1	0	0	54
1	0	0	41
1	0	0	37
1	0	0	21
1	0	0	21
1	0	0	21
1	0	0	21
1	0	0	21
1	0	0	21
1	0	0	21
1	0	0	2
1	0	0	31
1	0	0	37
1	0	0	37
1	0	0	40
1	0	0	37
1	0	0	15
1	0	0	15
1	0	0	57
1	0	0	57
1	0	0	15
1	0	0	33
1	0	0	24
1	0	0	24
1	0	0	52
1	0	0	43
1	0	0	15
1	0	0	15
1	0	0	54
1	0	0	54
1	0	0	2
1	0	0	57
1	0	0	37
1	0	0	37
1	0	0	34
1	0	0	37
1	0	0	41
1	0	0	38
1	0	0	38
1	0	0	38
1	0	0	38
1	0	0	38
1	0	0	38
1	0	0	38
1	0	0	38
1	0	0	38
1	0	0	38
1	0	0	38
1	0	0	38
1	0	0	38
1	0	0	41
1	0	0	41
1	0	0	52
1	0	0	15
1	0	0	43
1	0	0	15
1	0	0	36
1	0	0	7
1	0	0	2
1	0	0	2
1	0	0	2
1	0	0	2
1	0	0	54
1	0	0	21
1	0	0	49
1	0	0	54
1	0	0	24
1	0	0	24
1	0	0	36
1	0	0	12
1	0	0	57
1	0	0	57
1	0	0	12
1	0	0	14
1	0	0	58
1	0	0	12
1	0	0	37
1	0	0	21
1	0	0	21
1	0	0	26
1	0	0	15
1	0	0	12
1	0	0	8
1	0	0	10
1	0	0	15
1	0	0	21
1	0	0	12
1	0	0	59
1	0	0	59
1	0	0	27
1	0	0	24
1	0	0	24
1	0	0	54
1	0	0	54
1	0	0	57
1	0	0	57
1	0	0	57
1	0	0	54
1	0	0	24
1	0	0	24
1	0	0	24
1	0	0	24
1	0	0	24
1	0	0	24
1	0	0	24
1	0	0	24
1	0	0	24
1	0	0	24
1	0	0	24
1	0	0	24
1	0	0	24
1	0	0	24
1	0	0	24
1	0	0	24
1	0	0	24
1	0	0	24
1	0	0	24
1	0	0	59
1	0	0	59
1	0	0	15
1	0	0	27
1	0	0	27
1	0	0	54
1	0	0	54
1	0	0	54
1	0	0	59
1	0	0	27
1	0	0	27
1	0	0	12
1	0	0	24
1	0	0	12
1	0	0	18
1	0	0	24
1	0	0	15
1	0	0	18
1	0	0	54
1	0	0	37
1	0	0	18
1	0	0	56
1	0	0	56
1	0	0	56
1	0	0	54
1	0	0	54
1	0	0	58
1	0	0	58
1	0	0	58
1	0	0	58
1	0	0	54
1	0	0	54
1	0	0	58
1	0	0	58
1	0	0	58
1	0	0	58
1	0	0	58
1	0	0	58
1	0	0	44
1	0	0	54
1	0	0	8
1	0	0	15
1	0	0	30
1	0	0	30
1	0	0	16
1	0	0	5
1	0	0	17
1	0	0	29
1	0	0	29
1	0	0	8
1	0	0	48
1	0	0	17
1	0	0	3
1	0	0	48
1	0	0	48
1	0	0	8
1	0	0	54
1	0	0	12
1	0	0	33
1	0	0	8
1	0	0	30
1	0	0	58
1	0	0	54
1	0	0	12
1	0	0	12
1	0	0	54
1	0	0	14
1	0	0	14
1	0	0	30
1	0	0	15
1	0	0	15
1	0	0	53
1	0	0	30
1	0	0	30
1	0	0	30
1	0	0	30
1	0	0	30
1	0	0	49
1	0	0	30
1	0	0	30
1	0	0	38
1	0	0	30
1	0	0	3
1	0	0	27
1	0	0	3
1	0	0	16
1	0	0	36
1	0	0	56
1	0	0	56
1	0	0	5
1	0	0	5
1	0	0	5
1	0	0	5
1	0	0	5
1	0	0	5
1	0	0	5
1	0	0	25
1	0	0	3
1	0	0	26
1	0	0	16
1	0	0	16
1	0	0	16
1	0	0	27
1	0	0	12
1	0	0	52
1	0	0	16
1	0	0	33
1	0	0	33
1	0	0	3
1	0	0	56
1	0	0	3
1	0	0	3
1	0	0	29
1	0	0	33
1	0	0	58
1	0	0	58
1	0	0	58
1	0	0	58
1	0	0	58
1	0	0	42
1	0	0	41
1	0	0	41
1	0	0	13
1	0	0	25
1	0	0	5
1	0	0	50
1	0	0	3
1	0	0	25
1	0	0	51
1	0	0	33
1	0	0	24
1	0	0	26
1	0	0	26
1	0	0	48
1	0	0	48
1	0	0	16
1	0	0	16
1	0	0	10
1	0	0	11
1	0	0	15
1	0	0	30
1	0	0	30
1	0	0	30
1	0	0	38
1	0	0	38
1	0	0	38
1	0	0	38
1	0	0	38
1	0	0	38
1	0	0	38
1	0	0	38
1	0	0	38
1	0	0	12
1	0	0	12
1	0	0	12
1	0	0	12
1	0	0	12
1	0	0	48
1	0	0	12
1	0	0	12
1	0	0	8
1	0	0	8
1	0	0	8
1	0	0	21
1	0	0	15
1	0	0	15
1	0	0	12
1	0	0	12
1	0	0	21
1	0	0	12
1	0	0	21
1	0	0	12
1	0	0	12
1	0	0	12
1	0	0	12
1	0	0	12
1	0	0	12
1	0	0	12
1	0	0	12
1	0	0	12
1	0	0	12
1	0	0	54
1	0	0	24
1	0	0	24
1	0	0	59
1	0	0	54
1	0	0	54
1	0	0	32
1	0	0	54
1	0	0	27
1	0	0	54
1	0	0	54
1	0	0	54
1	0	0	54
1	0	0	12
1	0	0	54
1	0	0	54
1	0	0	54
1	0	0	54
1	0	0	54
1	0	0	54
1	0	0	54
1	0	0	37
1	0	0	41
1	0	0	54
1	0	0	54
1	0	0	26
1	0	0	21
1	0	0	21
1	0	0	54
1	0	0	54
1	0	0	12
1	0	0	54
1	0	0	54
1	0	0	54
1	0	0	21
1	0	0	18
1	0	0	18
1	0	0	54
1	0	0	20
1	0	0	15
1	0	0	33
1	0	0	26
1	0	0	27
1	0	0	54
1	0	0	57
1	0	0	59
1	0	0	26
1	0	0	21
1	0	0	42
1	0	0	17
1	0	0	58
1	0	0	24
1	0	0	26
1	0	0	57
1	0	0	40
1	0	0	15
1	0	0	24
1	0	0	59
1	0	0	54
1	0	0	18
1	0	0	59
1	0	0	18
1	0	0	24
1	0	0	5
1	0	0	58
1	0	0	3
1	0	0	57
1	0	0	26
1	0	0	59
1	0	0	49
1	0	0	24
1	0	0	33
1	0	0	3
1	0	0	12
1	0	0	12
1	0	0	57
1	0	0	57
1	0	0	12
1	0	0	12
1	0	0	54
1	0	0	54
1	0	0	37
1	0	0	54
1	0	0	54
1	0	0	41
1	0	0	37
1	0	0	47
1	0	0	12
1	0	0	7
1	0	0	57
1	0	0	57
1	0	0	54
1	0	0	54
1	0	0	54
1	0	0	58
1	0	0	58
1	0	0	58
1	0	0	30
1	0	0	21
1	0	0	54
1	0	0	57
1	0	0	27
1	0	0	27
1	0	0	27
1	0	0	52
1	0	0	15
1	0	0	27
1	0	0	6
1	0	0	54
1	0	0	21
1	0	0	21
1	0	0	27
1	0	0	27
1	0	0	27
1	0	0	3
1	0	0	3
1	0	0	35
1	0	0	55
1	0	0	8
1	0	0	27
1	0	0	30
1	0	0	43
1	0	0	30
1	0	0	30
1	0	0	27
1	0	0	59
1	0	0	29
1	0	0	59
1	0	0	27
1	0	0	7
1	0	0	27
1	0	0	27
1	0	0	27
1	0	0	54
1	0	0	44
1	0	0	44
1	0	0	41
1	0	0	34
1	0	0	41
1	0	0	41
1	0	0	16
1	0	0	34
1	0	0	21
1	0	0	7
1	0	0	7
1	0	0	44
1	0	0	44
1	0	0	2
1	0	0	44
1	0	0	44
1	0	0	44
1	0	0	15
1	0	0	12
1	0	0	15
1	0	0	15
1	0	0	35
1	0	0	53
1	0	0	56
1	0	0	53
1	0	0	34
1	0	0	34
1	0	0	44
1	0	0	15
1	0	0	15
1	0	0	21
1	0	0	21
1	0	0	54
1	0	0	58
1	0	0	39
1	0	0	54
1	0	0	21
1	0	0	27
1	0	0	24
1	0	0	54
1	0	0	59
1	0	0	59
1	0	0	42
1	0	0	52
1	0	0	52
1	0	0	52
1	0	0	52
1	0	0	12
1	0	0	12
1	0	0	37
1	0	0	54
1	0	0	18
1	0	0	15
1	0	0	37
1	0	0	10
1	0	0	59
1	0	0	14
1	0	0	14
1	0	0	31
1	0	0	31
1	0	0	31
1	0	0	31
1	0	0	47
1	0	0	52
1	0	0	53
1	0	0	42
1	0	0	31
1	0	0	31
1	0	0	31
1	0	0	31
1	0	0	33
1	0	0	31
1	0	0	31
1	0	0	6
1	0	0	31
1	0	0	33
1	0	0	31
1	0	0	52
1	0	0	50
1	0	0	23
1	0	0	49
1	0	0	18
1	0	0	15
1	0	0	18
1	0	0	18
1	0	0	18
1	0	0	18
1	0	0	18
1	0	0	18
1	0	0	18
1	0	0	18
1	0	0	51
1	0	0	57
1	0	0	18
1	0	0	18
1	0	0	18
1	0	0	18
1	0	0	18
1	0	0	18
1	0	0	54
1	0	0	18
1	0	0	18
1	0	0	27
1	0	0	15
1	0	0	6
1	0	0	40
1	0	0	57
1	0	0	57
1	0	0	18
1	0	0	7
1	0	0	7
1	0	0	24
1	0	0	7
1	0	0	59
1	0	0	15
1	0	0	27
1	0	0	27
1	0	0	44
1	0	0	7
1	0	0	7
1	0	0	39
1	0	0	7
1	0	0	7
1	0	0	7
1	0	0	59
1	0	0	59
1	0	0	24
1	0	0	27
1	0	0	27
1	0	0	27
1	0	0	27
1	0	0	27
1	0	0	27
1	0	0	7
1	0	0	27
1	0	0	7
1	0	0	27
1	0	0	27
1	0	0	27
1	0	0	27
1	0	0	27
1	0	0	27
1	0	0	27
1	0	0	27
1	0	0	27
1	0	0	27
1	0	0	7
1	0	0	59
1	0	0	59
1	0	0	59
1	0	0	59
1	0	0	59
1	0	0	27
1	0	0	27
1	0	0	27
1	0	0	27
1	0	0	27
1	0	0	27
1	0	0	27
1	0	0	27
1	0	0	7
1	0	0	7
1	0	0	7
1	0	0	27
1	0	0	7
1	0	0	15
1	0	0	7
1	0	0	7
1	0	0	7
1	0	0	7
1	0	0	7
1	0	0	41
1	0	0	21
1	0	0	21
1	0	0	21
1	0	0	21
1	0	0	15
1	0	0	15
1	0	0	42
1	0	0	54
1	0	0	33
1	0	0	34
1	0	0	11
1	0	0	41
1	0	0	42
1	0	0	42
1	0	0	42
1	0	0	42
1	0	0	42
1	0	0	42
1	0	0	44
1	0	0	34
1	0	0	24
1	0	0	42
1	0	0	31
1	0	0	31
1	0	0	31
1	0	0	40
1	0	0	55
1	0	0	3
1	0	0	32
1	0	0	32
1	0	0	32
1	0	0	32
1	0	0	32
1	0	0	28
1	0	0	12
1	0	0	55
1	0	0	51
1	0	0	51
1	0	0	51
1	0	0	23
1	0	0	55
1	0	0	32
1	0	0	49
1	0	0	53
1	0	0	55
1	0	0	15
1	0	0	6
1	0	0	41
1	0	0	15
1	0	0	2
1	0	0	4
1	0	0	4
1	0	0	50
1	0	0	50
1	0	0	50
1	0	0	50
1	0	0	50
1	0	0	50
1	0	0	50
1	0	0	50
1	0	0	50
1	0	0	49
1	0	0	49
1	0	0	53
1	0	0	49
1	0	0	56
1	0	0	4
1	0	0	25
1	0	0	44
1	0	0	6
1	0	0	6
1	0	0	6
1	0	0	6
1	0	0	2
1	0	0	2
1	0	0	47
1	0	0	2
1	0	0	7
1	0	0	7
1	0	0	7
1	0	0	7
1	0	0	35
1	0	0	35
1	0	0	59
1	0	0	2
1	0	0	35
1	0	0	35
1	0	0	2
1	0	0	44
1	0	0	47
1	0	0	9
1	0	0	9
1	0	0	44
1	0	0	23
1	0	0	44
1	0	0	9
1	0	0	22
1	0	0	44
1	0	0	44
1	0	0	44
1	0	0	44
1	0	0	9
1	0	0	52
1	0	0	11
1	0	0	34
1	0	0	20
1	0	0	7
1	0	0	39
1	0	0	50
1	0	0	3
1	0	0	12
1	0	0	9
1	0	0	7
1	0	0	13
1	0	0	40
1	0	0	50
1	0	0	18
1	0	0	18
1	0	0	3
1	0	0	4
1	0	0	12
1	0	0	55
1	0	0	7
1	0	0	7
1	0	0	28
1	0	0	31
1	0	0	9
1	0	0	49
1	0	0	32
1	0	0	42
1	0	0	20
1	0	0	52
1	0	0	26
1	0	0	26
1	0	0	28
1	0	0	20
1	0	0	51
1	0	0	6
1	0	0	20
1	0	0	17
1	0	0	17
1	0	0	26
1	0	0	46
1	0	0	51
1	0	0	51
1	0	0	33
1	0	0	33
1	0	0	20
1	0	0	20
1	0	0	33
1	0	0	51
1	0	0	33
1	0	0	51
1	0	0	46
1	0	0	20
1	0	0	33
1	0	0	31
1	0	0	27
1	0	0	49
1	0	0	31
1	0	0	12
1	0	0	20
1	0	0	6
1	0	0	20
1	0	0	20
1	0	0	20
1	0	0	51
1	0	0	51
1	0	0	51
1	0	0	31
1	0	0	51
1	0	0	51
1	0	0	20
1	0	0	20
1	0	0	20
1	0	0	20
1	0	0	31
1	0	0	33
1	0	0	31
1	0	0	31
1	0	0	49
1	0	0	15
1	0	0	12
1	0	0	52
1	0	0	15
1	0	0	12
1	0	0	12
1	0	0	12
1	0	0	52
1	0	0	52
1	0	0	15
1	0	0	15
1	0	0	15
1	0	0	52
1	0	0	31
1	0	0	31
1	0	0	26
1	0	0	26
1	0	0	7
1	0	0	17
1	0	0	2
1	0	0	7
1	0	0	7
1	0	0	7
1	0	0	53
1	0	0	6
1	0	0	6
1	0	0	26
1	0	0	5
1	0	0	26
1	0	0	3
1	0	0	10
1	0	0	13
1	0	0	3
1	0	0	9
1	0	0	32
1	0	0	23
1	0	0	12
1	0	0	7
1	0	0	49
1	0	0	25
1	0	0	49
1	0	0	7
1	0	0	12
1	0	0	31
1	0	0	26
1	0	0	49
1	0	0	12
1	0	0	6
1	0	0	9
1	0	0	31
1	0	0	50
1	0	0	14
1	0	0	15
1	0	0	23
1	0	0	11
1	0	0	9
1	0	0	52
1	0	0	49
1	0	0	18
1	0	0	17
1	0	0	6
1	0	0	6
1	0	0	17
1	0	0	26
1	0	0	17
1	0	0	7
1	0	0	9
1	0	0	31
1	0	0	1
1	0	0	29
1	0	0	29
1	0	0	29
1	0	0	29
1	0	0	29
1	0	0	7
1	0	0	50
1	0	0	33
1	0	0	18
1	0	0	17
1	0	0	31
1	0	0	31
1	0	0	26
1	0	0	31
1	0	0	34
1	0	0	52
1	0	0	34
1	0	0	31
1	0	0	6
1	0	0	22
1	0	0	44
1	0	0	23
1	0	0	15
1	0	0	1
1	0	0	26
1	0	0	26
1	0	0	9
1	0	0	7
1	0	0	15
1	0	0	3
1	0	0	10
1	0	0	52
1	0	0	17
1	0	0	7
1	0	0	18
1	0	0	31
1	0	0	51
1	0	0	26
1	0	0	42
1	0	0	40
1	0	0	40
1	0	0	40
1	0	0	37
1	0	0	44
1	0	0	44
1	0	0	44
1	0	0	40
1	0	0	22
1	0	0	40
1	0	0	23
1	0	0	54
1	0	0	54
1	0	0	23
1	0	0	23
1	0	0	23
1	0	0	40
1	0	0	22
1	0	0	25
1	0	0	49
1	0	0	7
1	0	0	11
1	0	0	44
1	0	0	37
1	0	0	44
1	0	0	23
1	0	0	44
1	0	0	44
1	0	0	44
1	0	0	22
1	0	0	22
1	0	0	34
1	0	0	31
1	0	0	3
1	0	0	34
1	0	0	22
1	0	0	22
1	0	0	19
1	0	0	32
1	0	0	55
1	0	0	3
1	0	0	23
1	0	0	23
1	0	0	6
1	0	0	6
1	0	0	6
1	0	0	23
1	0	0	23
1	0	0	29
1	0	0	29
1	0	0	29
1	0	0	6
1	0	0	23
1	0	0	6
1	0	0	23
1	0	0	23
1	0	0	23
1	0	0	42
1	0	0	19
1	0	0	55
1	0	0	22
1	0	0	39
1	0	0	19
1	0	0	48
1	0	0	19
1	0	0	22
1	0	0	14
1	0	0	19
1	0	0	31
1	0	0	29
1	0	0	13
1	0	0	18
1	0	0	26
1	0	0	26
1	0	0	26
1	0	0	18
1	0	0	18
1	0	0	18
1	0	0	18
1	0	0	18
1	0	0	18
1	0	0	18
1	0	0	18
1	0	0	18
1	0	0	18
1	0	0	18
1	0	0	18
1	0	0	51
1	0	0	52
1	0	0	16
1	0	0	18
1	0	0	18
1	0	0	46
1	0	0	13
1	0	0	13
1	0	0	28
1	0	0	28
1	0	0	3
1	0	0	37
1	0	0	30
1	0	0	19
1	0	0	22
1	0	0	49
1	0	0	55
1	0	0	55
1	0	0	55
1	0	0	55
1	0	0	13
1	0	0	55
1	0	0	22
1	0	0	50
1	0	0	50
1	0	0	40
1	0	0	22
1	0	0	22
1	0	0	40
1	0	0	23
1	0	0	23
1	0	0	37
1	0	0	9
1	0	0	47
1	0	0	38
1	0	0	36
1	0	0	15
1	0	0	14
1	0	0	9
1	0	0	9
1	0	0	6
1	0	0	26
1	0	0	26
1	0	0	26
1	0	0	10
1	0	0	7
1	0	0	36
1	0	0	11
1	0	0	9
1	0	0	36
1	0	0	13
1	0	0	20
1	0	0	36
1	0	0	36
1	0	0	31
1	0	0	13
1	0	0	33
1	0	0	46
1	0	0	3
1	0	0	1
1	0	0	9
1	0	0	12
1	0	0	2
1	0	0	9
1	0	0	50
1	0	0	55
1	0	0	55
1	0	0	11
1	0	0	11
1	0	0	11
1	0	0	50
1	0	0	50
1	0	0	50
1	0	0	50
1	0	0	49
1	0	0	6
1	0	0	6
1	0	0	6
1	0	0	6
1	0	0	6
1	0	0	55
1	0	0	55
1	0	0	55
1	0	0	55
1	0	0	55
1	0	0	55
1	0	0	11
1	0	0	11
1	0	0	11
1	0	0	11
1	0	0	13
1	0	0	7
1	0	0	7
1	0	0	49
1	0	0	49
1	0	0	49
1	0	0	49
1	0	0	52
1	0	0	49
1	0	0	55
1	0	0	6
1	0	0	52
1	0	0	52
1	0	0	52
1	0	0	52
1	0	0	3
1	0	0	8
1	0	0	32
1	0	0	30
1	0	0	30
1	0	0	50
1	0	0	5
1	0	0	6
1	0	0	32
1	0	0	50
1	0	0	43
1	0	0	7
1	0	0	2
1	0	0	2
1	0	0	43
1	0	0	46
1	0	0	46
1	0	0	17
1	0	0	17
1	0	0	17
1	0	0	7
1	0	0	32
1	0	0	4
1	0	0	4
1	0	0	15
1	0	0	29
1	0	0	46
1	0	0	6
1	0	0	23
1	0	0	42
1	0	0	33
1	0	0	46
1	0	0	46
1	0	0	46
1	0	0	29
1	0	0	29
1	0	0	46
1	0	0	4
1	0	0	20
1	0	0	20
1	0	0	30
1	0	0	30
1	0	0	3
1	0	0	13
1	0	0	30
1	0	0	30
1	0	0	9
1	0	0	9
1	0	0	30
1	0	0	19
1	0	0	19
1	0	0	30
1	0	0	15
1	0	0	13
1	0	0	30
1	0	0	43
1	0	0	3
1	0	0	9
1	0	0	4
1	0	0	4
1	0	0	26
1	0	0	39
1	0	0	3
1	0	0	4
1	0	0	16
1	0	0	14
1	0	0	57
1	0	0	16
1	0	0	14
1	0	0	14
1	0	0	14
1	0	0	29
1	0	0	4
1	0	0	4
1	0	0	4
1	0	0	17
1	0	0	6
1	0	0	16
1	0	0	16
1	0	0	16
1	0	0	1
1	0	0	9
1	0	0	1
1	0	0	7
1	0	0	28
1	0	0	28
1	0	0	28
1	0	0	9
1	0	0	14
1	0	0	18
1	0	0	1
1	0	0	1
1	0	0	13
1	0	0	20
1	0	0	7
1	0	0	9
1	0	0	14
1	0	0	7
0.1	2	1	3
0.1	5	4	4
0.1	2125	3	52
0.1	2126	2124	45
0.1	9	8	49
0.1	13	12	58
0.1	2129	11	7
0.1	2130	10	58
0.1	47	46	22
0.1	50	49	45
0.1	51	2133	52
0.1	2134	48	57
0.1	2135	2132	33
0.1	52	2136	51
0.1	57	56	47
0.1	58	2138	40
0.1	2139	55	24
0.1	64	63	51
0.1	65	2141	31
0.1	66	2142	51
0.1	67	2143	38
0.1	2144	62	58
0.1	68	2145	42
0.1	2146	61	16
0.1	2147	60	43
0.1	2148	59	3
0.1	2149	2140	59
0.1	2150	54	59
0.1	2151	53	59
0.1	2152	2137	57
0.1	69	2153	57
0.1	2154	45	59
0.1	2155	44	59
0.1	2156	43	59
0.1	2157	42	59
0.1	2158	41	59
0.1	2159	40	59
0.1	2160	39	37
0.1	70	2161	37
0.1	71	2162	59
0.1	2163	38	56
0.1	2164	37	56
0.1	77	76	55
0.1	78	2166	21
0.1	79	2167	2
0.1	2168	75	44
0.1	2169	74	30
0.1	2170	73	17
0.1	2171	72	10
0.1	80	2172	31
0.1	2173	2165	56
0.1	2174	36	56
0.1	2175	35	56
0.1	81	2176	56
0.1	2177	34	56
0.1	82	2178	54
0.1	2179	33	54
0.1	2180	32	54
0.1	2181	31	54
0.1	2182	30	57
0.1	2183	29	59
0.1	2184	28	59
0.1	2185	27	59
0.1	2186	26	59
0.1	83	2187	59
0.1	2188	25	59
0.1	84	2189	59
0.1	2190	24	59
0.1	2191	23	59
0.1	2192	22	59
0.1	2193	21	59
0.1	2194	20	59
0.1	2195	19	59
0.1	2196	18	59
0.1	85	2197	56
0.1	2198	17	58
0.1	86	2199	58
0.1	2200	16	58
0.1	87	2201	58
0.1	2202	15	58
0.1	2203	14	58
0.1	2204	2131	58
0.1	2205	2128	58
0.1	2206	7	58
0.1	88	2207	58
0.1	92	91	53
0.1	112	111	33
0.1	113	2210	36
0.1	114	2211	48
0.1	115	2212	50
0.1	2213	110	59
0.1	2214	109	2
0.1	2215	108	39
0.1	2216	107	34
0.1	2217	106	58
0.1	2218	105	3
0.1	2219	104	37
0.1	2220	103	59
0.1	2221	102	59
0.1	116	2222	59
0.1	2223	101	59
0.1	2224	100	59
0.1	117	2225	59
0.1	2226	99	58
0.1	2227	98	58
0.1	2228	97	55
0.1	2229	96	55
0.1	2230	95	55
0.1	2231	94	55
0.1	2232	93	55
0.1	2233	2209	58
0.1	2234	90	58
0.1	2235	89	58
0.1	2236	2208	58
0.1	2237	6	58
0.1	2238	2127	58
0.1	120	119	6
0.1	2240	118	28
0.1	2241	2239	58
0.1	128	127	11
0.1	2243	126	40
0.1	129	2244	9
0.1	2245	125	32
0.1	2246	124	19
0.1	2247	123	48
0.1	135	134	42
0.1	136	2249	15
0.1	138	137	17
0.1	2251	2250	28
0.1	140	139	11
0.1	141	2253	45
0.1	146	145	51
0.1	149	148	22
0.1	2256	147	24
0.1	2257	2255	12
0.1	2258	144	4
0.1	2259	143	40
0.1	150	2260	24
0.1	152	151	29
0.1	2262	2261	16
0.1	2263	142	55
0.1	2264	2254	58
0.1	153	2265	59
0.1	154	2266	59
0.1	156	155	53
0.1	2268	2267	59
0.1	2269	2252	56
0.1	157	2270	56
0.1	158	2271	56
0.1	164	163	16
0.1	169	168	23
0.1	174	173	59
0.1	2275	172	42
0.1	181	180	6
0.1	2277	179	8
0.1	2278	178	47
0.1	2279	177	50
0.1	182	2280	9
0.1	184	183	23
0.1	2282	2281	21
0.1	188	187	52
0.1	192	191	4
0.1	199	198	59
0.1	2286	197	5
0.1	2287	196	40
0.1	2288	195	17
0.1	2289	194	44
0.1	2290	193	16
0.1	201	200	13
0.1	2292	2291	41
0.1	2293	2285	2
0.1	202	2294	57
0.1	203	2295	58
0.1	2296	190	58
0.1	2297	189	58
0.1	2298	2284	58
0.1	2299	186	58
0.1	2300	185	59
0.1	2301	2283	59
0.1	204	2302	59
0.1	2303	176	27
0.1	205	2304	27
0.1	2305	175	27
0.1	206	2306	27
0.1	210	209	55
0.1	2308	208	33
0.1	212	211	38
0.1	230	229	39
0.1	2311	228	34
0.1	232	231	2
0.1	233	2313	9
0.1	2314	2312	10
0.1	2315	227	17
0.1	234	2316	9
0.1	2317	226	20
0.1	2318	225	59
0.1	2319	224	22
0.1	2320	223	58
0.1	235	2321	59
0.1	2322	222	59
0.1	2323	221	59
0.1	2324	220	59
0.1	2325	219	54
0.1	2326	218	54
0.1	2327	217	54
0.1	2328	216	54
0.1	2329	215	59
0.1	2330	214	59
0.1	236	2331	59
0.1	2332	213	59
0.1	238	237	44
0.1	2334	2333	58
0.1	2335	2310	58
0.1	239	2336	58
0.1	240	2337	58
0.1	2338	2309	58
0.1	2339	207	59
0.1	243	242	50
0.1	2341	241	23
0.1	2342	2340	59
0.1	250	249	40
0.1	2344	248	27
0.1	2345	247	56
0.1	2346	246	6
0.1	2347	245	51
0.1	272	271	16
0.1	2349	270	31
0.1	273	2350	29
0.1	2351	269	23
0.1	2352	268	34
0.1	2353	267	13
0.1	274	2354	48
0.1	2355	266	48
0.1	2356	265	5
0.1	275	2357	26
0.1	2358	264	56
0.1	276	2359	59
0.1	2360	263	59
0.1	2361	262	59
0.1	2362	261	59
0.1	277	2363	54
0.1	2364	260	54
0.1	2365	259	54
0.1	2366	258	54
0.1	2367	257	9
0.1	2368	256	9
0.1	278	2369	59
0.1	2370	255	59
0.1	279	2371	54
0.1	2372	254	59
0.1	2373	253	59
0.1	2374	252	59
0.1	2375	251	59
0.1	280	2376	59
0.1	281	2377	59
0.1	2378	2348	59
0.1	2379	244	59
0.1	2380	2343	59
0.1	284	283	13
0.1	285	2382	26
0.1	2383	282	46
0.1	2384	2381	47
0.1	2385	2307	47
0.1	2386	2276	47
0.1	2387	171	47
0.1	2388	170	47
0.1	2389	2274	59
0.1	2390	167	59
0.1	2391	166	59
0.1	286	2392	59
0.1	2393	165	59
0.1	2394	2273	59
0.1	2395	162	59
0.1	287	2396	58
0.1	2397	161	58
0.1	288	2398	57
0.1	2399	160	57
0.1	2400	159	59
0.1	291	290	57
0.1	292	2402	23
0.1	294	293	31
0.1	295	2404	49
0.1	2405	2403	23
0.1	2406	289	51
0.1	2407	2401	59
0.1	296	2408	59
0.1	299	298	25
0.1	2410	297	33
0.1	2411	2409	59
0.1	300	2412	59
0.1	301	2413	47
0.1	2414	2272	47
0.1	2415	133	47
0.1	302	2416	47
0.1	303	2417	47
0.1	304	2418	56
0.1	305	2419	59
0.1	306	2420	59
0.1	309	308	17
0.1	310	2422	27
0.1	2423	307	49
0.1	2424	2421	59
0.1	2425	132	59
0.1	318	317	40
0.1	320	319	8
0.1	321	2428	8
0.1	2429	2427	32
0.1	2430	316	45
0.1	2431	315	55
0.1	2432	314	50
0.1	2433	313	21
0.1	322	2434	2
0.1	2435	312	19
0.1	2436	311	51
0.1	2437	2426	57
0.1	2438	131	57
0.1	2439	130	57
0.1	323	2440	57
0.1	2441	2248	57
0.1	326	325	16
0.1	327	2443	53
0.1	330	329	12
0.1	331	2445	21
0.1	333	332	17
0.1	335	334	48
0.1	336	2448	31
0.1	2449	2447	38
0.1	337	2450	35
0.1	340	339	16
0.1	2452	338	52
0.1	2453	2451	29
0.1	2454	2446	38
0.1	2455	328	48
0.1	343	342	47
0.1	344	2457	1
0.1	2458	341	9
0.1	346	345	21
0.1	347	2460	34
0.1	2461	2459	41
0.1	2462	2456	48
0.1	2463	2444	59
0.1	2464	324	59
0.1	349	348	5
0.1	2466	2465	59
0.1	2467	2442	59
0.1	352	351	15
0.1	2469	350	22
0.1	353	2470	35
0.1	2471	2468	59
0.1	2472	122	58
0.1	355	354	23
0.1	2474	2473	58
0.1	2475	121	58
0.1	2476	2242	58
0.1	368	367	37
0.1	370	369	23
0.1	374	373	5
0.1	2480	372	48
0.1	2481	371	18
0.1	2482	2479	38
0.1	2483	2478	35
0.1	377	376	32
0.1	381	380	21
0.1	2486	379	13
0.1	386	385	37
0.1	388	387	20
0.1	389	2489	5
0.1	391	390	36
0.1	2491	2490	38
0.1	392	2492	50
0.1	2493	2488	56
0.1	393	2494	49
0.1	2495	384	28
0.1	2496	383	58
0.1	2497	382	39
0.1	2498	2487	59
0.1	2499	378	59
0.1	399	398	51
0.1	2501	397	36
0.1	400	2502	47
0.1	2503	396	18
0.1	401	2504	48
0.1	411	410	9
0.1	417	416	57
0.1	2507	415	7
0.1	2508	414	56
0.1	2509	413	56
0.1	418	2510	8
0.1	419	2511	3
0.1	2512	412	40
0.1	2513	2506	42
0.1	2514	409	2
0.1	2515	408	52
0.1	420	2516	58
0.1	421	2517	58
0.1	2518	407	59
0.1	2519	406	59
0.1	2520	405	59
0.1	2521	404	59
0.1	2522	403	59
0.1	2523	402	59
0.1	425	424	56
0.1	2525	423	53
0.1	426	2526	31
0.1	2527	422	20
0.1	2528	2524	56
0.1	2529	2505	2
0.1	2530	395	2
0.1	2531	394	59
0.1	2532	2500	55
0.1	427	2533	55
0.1	2534	2485	55
0.1	2535	375	59
0.1	2536	2484	59
0.1	2537	366	59
0.1	2538	365	59
0.1	2539	364	59
0.1	428	2540	59
0.1	2541	363	59
0.1	2542	362	59
0.1	2543	361	53
0.1	429	2544	58
0.1	2545	360	58
0.1	2546	359	58
0.1	2547	358	58
0.1	2548	357	58
0.1	2549	356	58
0.1	2550	2477	58
0.1	432	431	12
0.1	434	433	28
0.1	436	435	4
0.1	437	2554	41
0.1	2555	2553	56
0.1	439	438	19
0.1	445	444	53
0.1	2558	443	44
0.1	2559	442	41
0.1	2560	441	35
0.1	446	2561	17
0.1	466	465	1
0.1	469	468	12
0.1	471	470	54
0.1	2565	2564	5
0.1	2566	467	48
0.1	2567	2563	3
0.1	2568	464	2
0.1	472	2569	18
0.1	473	2570	58
0.1	2571	463	4
0.1	474	2572	53
0.1	475	2573	58
0.1	476	2574	58
0.1	2575	462	59
0.1	2576	461	59
0.1	2577	460	58
0.1	2578	459	58
0.1	2579	458	58
0.1	2580	457	58
0.1	2581	456	56
0.1	477	2582	56
0.1	478	2583	56
0.1	2584	455	56
0.1	479	2585	57
0.1	2586	454	59
0.1	2587	453	59
0.1	2588	452	59
0.1	2589	451	1
0.1	2590	450	1
0.1	2591	449	1
0.1	480	2592	1
0.1	2593	448	57
0.1	2594	447	59
0.1	481	2595	59
0.1	2596	2562	59
0.1	2597	440	59
0.1	484	483	10
0.1	2599	482	16
0.1	2600	2598	59
0.1	2601	2557	59
0.1	488	487	8
0.1	2603	486	49
0.1	2604	485	46
0.1	2605	2602	59
0.1	2606	2556	59
0.1	2607	2552	59
0.1	489	2608	59
0.1	490	2609	59
0.1	491	2610	58
0.1	2611	430	58
0.1	2612	2551	58
0.1	492	2613	58
0.1	493	2614	58
0.1	496	495	8
0.1	2616	494	51
0.1	2617	2615	58
0.1	497	2618	58
0.1	498	2619	59
0.1	499	2620	59
0.1	500	2621	59
0.1	502	501	48
0.1	2623	2622	59
0.1	503	2624	59
0.1	505	504	31
0.1	2626	2625	59
0.1	507	506	54
0.1	2628	2627	59
0.1	509	508	58
0.1	2630	2629	59
0.1	511	510	30
0.1	2632	2631	59
0.1	513	512	26
0.1	514	2634	28
0.1	2635	2633	48
0.1	517	516	31
0.1	2637	515	19
0.1	520	519	21
0.1	2639	518	30
0.1	522	521	17
0.1	530	529	45
0.1	2642	528	8
0.1	2643	527	36
0.1	2644	526	22
0.1	531	2645	24
0.1	2646	525	49
0.1	2647	524	49
0.1	2648	523	16
0.1	2649	2641	2
0.1	532	2650	38
0.1	534	533	41
0.1	2652	2651	59
0.1	2653	2640	49
0.1	2654	2638	49
0.1	535	2655	48
0.1	2656	2636	48
0.1	537	536	3
0.1	2658	2657	48
0.1	539	538	37
0.1	2660	2659	48
0.1	541	540	49
0.1	542	2662	46
0.1	2663	2661	48
0.1	545	544	23
0.1	2665	543	18
0.1	550	549	55
0.1	553	552	13
0.1	555	554	43
0.1	556	2669	5
0.1	557	2670	55
0.1	559	558	31
0.1	2672	2671	7
0.1	2673	2668	24
0.1	2674	551	36
0.1	2675	2667	37
0.1	2676	548	49
0.1	2677	547	57
0.1	2678	546	57
0.1	2679	2666	57
0.1	566	565	55
0.1	569	568	42
0.1	570	2682	1
0.1	572	571	28
0.1	574	573	40
0.1	2685	2684	28
0.1	577	576	46
0.1	2687	575	37
0.1	580	579	21
0.1	2689	578	47
0.1	2690	2688	34
0.1	2691	2686	29
0.1	2692	2683	58
0.1	2693	567	58
0.1	581	2694	58
0.1	583	582	46
0.1	2696	2695	58
0.1	585	584	8
0.1	2698	2697	58
0.1	591	590	34
0.1	598	597	11
0.1	599	2701	59
0.1	602	601	27
0.1	2703	600	53
0.1	603	2704	30
0.1	604	2705	19
0.1	605	2706	44
0.1	606	2707	52
0.1	608	607	27
0.1	2709	2708	4
0.1	2710	2702	50
0.1	2711	596	58
0.1	2712	595	58
0.1	2713	594	58
0.1	609	2714	58
0.1	610	2715	58
0.1	611	2716	58
0.1	2717	593	59
0.1	2718	592	59
0.1	2719	2700	13
0.1	2720	589	58
0.1	2721	588	58
0.1	2722	587	56
0.1	2723	586	58
0.1	2724	2699	58
0.1	2725	2681	58
0.1	612	2726	58
0.1	2727	564	33
0.1	613	2728	33
0.1	2729	563	33
0.1	615	614	41
0.1	617	616	43
0.1	618	2732	45
0.1	620	619	15
0.1	2734	2733	52
0.1	2735	2731	10
0.1	621	2736	50
0.1	2737	2730	33
0.1	622	2738	33
0.1	623	2739	57
0.1	2740	562	57
0.1	2741	561	57
0.1	624	2742	57
0.1	2743	560	57
0.1	2744	2680	57
0.1	635	634	8
0.1	637	636	25
0.1	2747	2746	50
0.1	2748	633	47
0.1	638	2749	39
0.1	2750	632	39
0.1	639	2751	53
0.1	2752	631	20
0.1	640	2753	8
0.1	2754	630	7
0.1	641	2755	42
0.1	2756	629	59
0.1	666	665	22
0.1	668	667	21
0.1	670	669	56
0.1	672	671	4
0.1	674	673	13
0.1	2762	2761	17
0.1	675	2763	18
0.1	676	2764	6
0.1	677	2765	51
0.1	2766	2760	46
0.1	2767	2759	10
0.1	678	2768	42
0.1	2769	2758	59
0.1	2770	664	46
0.1	679	2771	46
0.1	2772	663	46
0.1	2773	662	46
0.1	2774	661	46
0.1	2775	660	46
0.1	2776	659	59
0.1	2777	658	59
0.1	2778	657	59
0.1	2779	656	59
0.1	2780	655	58
0.1	2781	654	34
0.1	680	2782	34
0.1	681	2783	34
0.1	2784	653	34
0.1	682	2785	34
0.1	683	2786	41
0.1	684	2787	41
0.1	685	2788	59
0.1	686	2789	49
0.1	687	2790	49
0.1	688	2791	49
0.1	2792	652	58
0.1	689	2793	58
0.1	2794	651	58
0.1	2795	650	59
0.1	2796	649	59
0.1	2797	648	59
0.1	2798	647	59
0.1	2799	646	59
0.1	2800	645	59
0.1	2801	644	59
0.1	2802	643	59
0.1	2803	642	59
0.1	2804	2757	59
0.1	2805	628	59
0.1	2806	627	59
0.1	2807	626	59
0.1	690	2808	59
0.1	691	2809	59
0.1	2810	625	59
0.1	693	692	10
0.1	2812	2811	57
0.1	696	695	29
0.1	2814	694	43
0.1	2815	2813	57
0.1	700	699	8
0.1	2817	698	22
0.1	2818	697	49
0.1	2819	2816	57
0.1	2820	2745	57
0.1	2821	2664	59
0.1	701	2822	59
0.1	707	706	7
0.1	708	2824	34
0.1	2825	705	8
0.1	2826	704	53
0.1	2827	703	46
0.1	710	709	3
0.1	711	2829	42
0.1	2830	2828	18
0.1	718	717	52
0.1	724	723	21
0.1	2833	722	53
0.1	726	725	41
0.1	2835	2834	59
0.1	728	727	42
0.1	732	731	24
0.1	2838	730	40
0.1	2839	729	46
0.1	733	2840	29
0.1	2841	2837	45
0.1	2842	2836	40
0.1	2843	721	59
0.1	2844	720	59
0.1	2845	719	59
0.1	2846	2832	59
0.1	2847	716	59
0.1	2848	715	46
0.1	2849	714	46
0.1	734	2850	27
0.1	735	2851	27
0.1	2852	713	59
0.1	2853	712	59
0.1	2854	2831	59
0.1	2855	702	59
0.1	736	2856	59
0.1	2857	2823	59
0.1	737	2858	59
0.1	741	740	36
0.1	742	2860	27
0.1	2861	739	34
0.1	743	2862	57
0.1	2863	738	59
0.1	748	747	27
0.1	2865	746	18
0.1	749	2866	23
0.1	2867	745	36
0.1	2868	744	19
0.1	2869	2864	46
0.1	2870	2859	59
0.1	754	753	44
0.1	2872	752	40
0.1	2873	751	41
0.1	2874	750	2
0.1	2875	2871	59
0.1	756	755	19
0.1	763	762	39
0.1	764	2878	47
0.1	2879	761	56
0.1	2880	760	1
0.1	2881	759	35
0.1	766	765	24
0.1	767	2883	54
0.1	2884	2882	59
0.1	769	768	55
0.1	2886	2885	12
0.1	2887	758	40
0.1	2888	757	57
0.1	2889	2877	57
0.1	2890	2876	57
0.1	771	770	17
0.1	2892	2891	57
0.1	776	775	57
0.1	2894	774	36
0.1	2895	773	18
0.1	2896	772	38
0.1	2897	2893	57
0.1	779	778	22
0.1	2899	777	58
0.1	2900	2898	57
0.1	780	2901	57
0.1	781	2902	57
0.1	782	2903	57
0.1	784	783	31
0.1	2905	2904	57
0.1	785	2906	57
0.1	786	2907	57
0.1	787	2908	46
0.1	788	2909	46
0.1	789	2910	46
0.1	791	790	53
0.1	2912	2911	49
0.1	792	2913	49
0.1	793	2914	58
0.1	794	2915	58
0.1	795	2916	58
0.1	796	2917	58
0.1	797	2918	58
0.1	798	2919	58
0.1	799	2920	58
0.1	800	2921	2
0.1	812	811	51
0.1	813	2923	35
0.1	814	2924	15
0.1	818	817	46
0.1	819	2926	38
0.1	2927	816	15
0.1	822	821	57
0.1	836	835	50
0.1	839	838	38
0.1	846	845	9
0.1	848	847	30
0.1	851	850	56
0.1	2934	849	38
0.1	854	853	40
0.1	857	856	18
0.1	2937	855	17
0.1	2938	2936	29
0.1	858	2939	57
0.1	860	859	10
0.1	2941	2940	42
0.1	861	2942	54
0.1	863	862	30
0.1	2944	2943	50
0.1	865	864	11
0.1	866	2946	28
0.1	868	867	21
0.1	878	877	3
0.1	885	884	38
0.1	887	886	21
0.1	895	894	30
0.1	2952	893	53
0.1	2953	892	59
0.1	896	2954	44
0.1	899	898	38
0.1	2956	897	22
0.1	2957	2955	34
0.1	908	907	8
0.1	2959	906	30
0.1	909	2960	6
0.1	910	2961	24
0.1	912	911	30
0.1	2963	2962	4
0.1	2964	905	24
0.1	914	913	18
0.1	2966	2965	55
0.1	2967	904	21
0.1	918	917	25
0.1	2969	916	27
0.1	921	920	29
0.1	2971	919	1
0.1	2972	2970	58
0.1	2973	915	27
0.1	2974	2968	59
0.1	2975	903	51
0.1	922	2976	51
0.1	923	2977	53
0.1	2978	902	53
0.1	2979	901	53
0.1	924	2980	53
0.1	2981	900	53
0.1	2982	2958	53
0.1	2983	891	53
0.1	2984	890	53
0.1	2985	889	53
0.1	2986	888	58
0.1	2987	2951	58
0.1	2988	2950	58
0.1	2989	883	57
0.1	2990	882	57
0.1	2991	881	57
0.1	2992	880	57
0.1	925	2993	57
0.1	926	2994	57
0.1	2995	879	57
0.1	929	928	56
0.1	2997	927	18
0.1	930	2998	39
0.1	2999	2996	56
0.1	932	931	37
0.1	3001	3000	58
0.1	934	933	10
0.1	3003	3002	58
0.1	935	3004	58
0.1	937	936	53
0.1	3006	3005	58
0.1	940	939	58
0.1	3008	938	48
0.1	3009	3007	58
0.1	949	948	1
0.1	3011	947	53
0.1	3012	946	50
0.1	3013	945	52
0.1	3014	944	10
0.1	951	950	27
0.1	952	3016	28
0.1	953	3017	45
0.1	958	957	53
0.1	964	963	16
0.1	966	965	19
0.1	3021	3020	51
0.1	3022	962	18
0.1	967	3023	27
0.1	968	3024	50
0.1	969	3025	45
0.1	970	3026	38
0.1	971	3027	8
0.1	3028	961	23
0.1	3029	960	55
0.1	3030	959	59
0.1	972	3031	59
0.1	3032	3019	59
0.1	3033	956	51
0.1	3034	955	51
0.1	3035	954	51
0.1	973	3036	51
0.1	3037	3018	59
0.1	976	975	33
0.1	3039	974	48
0.1	980	979	7
0.1	984	983	37
0.1	3042	982	28
0.1	3043	981	17
0.1	3044	3041	58
0.1	3045	978	12
0.1	986	985	26
0.1	3047	3046	56
0.1	987	3048	28
0.1	988	3049	40
0.1	990	989	13
0.1	3051	3050	58
0.1	992	991	31
0.1	3053	3052	58
0.1	995	994	47
0.1	996	3055	40
0.1	3056	993	34
0.1	997	3057	46
0.1	999	998	43
0.1	3059	3058	48
0.1	3060	3054	58
0.1	3061	977	58
0.1	3062	3040	58
0.1	1001	1000	1
0.1	1002	3064	39
0.1	3065	3063	58
0.1	3066	3038	58
0.1	3067	3015	43
0.1	3068	943	43
0.1	3069	942	58
0.1	3070	941	58
0.1	1003	3071	58
0.1	1008	1007	41
0.1	1012	1011	33
0.1	1014	1013	21
0.1	1015	3075	58
0.1	3076	3074	50
0.1	1018	1017	20
0.1	3078	1016	2
0.1	3079	3077	16
0.1	3080	1010	15
0.1	1024	1023	34
0.1	3082	1022	45
0.1	1025	3083	52
0.1	3084	1021	43
0.1	1030	1029	39
0.1	3086	1028	37
0.1	1032	1031	26
0.1	1037	1036	4
0.1	3089	1035	23
0.1	1042	1041	4
0.1	3091	1040	46
0.1	3092	1039	45
0.1	1054	1053	18
0.1	3094	1052	5
0.1	3095	1051	26
0.1	3096	1050	26
0.1	3097	1049	1
0.1	3098	1048	34
0.1	3099	1047	5
0.1	1055	3100	48
0.1	3101	1046	12
0.1	3102	1045	21
0.1	3103	1044	42
0.1	3104	1043	59
0.1	1057	1056	57
0.1	3106	3105	59
0.1	3107	3093	59
0.1	1059	1058	37
0.1	3109	3108	59
0.1	1074	1073	8
0.1	1075	3111	30
0.1	3112	1072	7
0.1	3113	1071	56
0.1	3114	1070	53
0.1	1077	1076	18
0.1	3116	3115	36
0.1	1081	1080	26
0.1	3118	1079	37
0.1	3119	1078	8
0.1	3120	3117	38
0.1	1090	1089	7
0.1	3122	1088	52
0.1	3123	1087	59
0.1	1091	3124	37
0.1	1092	3125	1
0.1	3126	1086	39
0.1	1095	1094	27
0.1	3128	1093	46
0.1	3129	3127	48
0.1	3130	1085	13
0.1	3131	1084	55
0.1	3132	1083	59
0.1	1102	1101	3
0.1	1106	1105	4
0.1	3135	1104	3
0.1	3136	1103	28
0.1	3137	3134	51
0.1	3138	1100	51
0.1	1107	3139	34
0.1	3140	1099	16
0.1	3141	1098	6
0.1	1112	1111	35
0.1	3143	1110	50
0.1	3144	1109	11
0.1	1113	3145	41
0.1	3146	1108	39
0.1	3147	3142	58
0.1	1117	1116	50
0.1	3149	1115	36
0.1	1119	1118	46
0.1	3151	3150	17
0.1	3152	1114	18
0.1	1125	1124	27
0.1	3154	1123	22
0.1	3155	1122	1
0.1	3156	1121	40
0.1	3157	1120	45
0.1	1128	1127	36
0.1	1135	1134	40
0.1	3160	1133	18
0.1	3161	1132	14
0.1	1136	3162	30
0.1	3163	1131	42
0.1	3164	1130	37
0.1	1137	3165	44
0.1	3166	1129	14
0.1	3167	3159	55
0.1	3168	1126	57
0.1	1142	1141	48
0.1	1143	3170	54
0.1	3171	1140	12
0.1	1151	1150	52
0.1	3173	1149	56
0.1	3174	1148	50
0.1	1153	1152	41
0.1	1162	1161	32
0.1	3177	1160	40
0.1	1163	3178	32
0.1	3179	1159	26
0.1	3180	1158	47
0.1	3181	1157	53
0.1	1164	3182	46
0.1	3183	1156	54
0.1	1165	3184	15
0.1	3185	1155	27
0.1	3186	1154	54
0.1	1167	1166	26
0.1	3188	3187	58
0.1	3189	3176	59
0.1	3190	3175	48
0.1	3191	1147	58
0.1	3192	1146	58
0.1	3193	1145	58
0.1	3194	1144	58
0.1	1169	1168	37
0.1	1171	1170	59
0.1	3197	3196	10
0.1	3198	3195	59
0.1	1174	1173	20
0.1	3200	1172	31
0.1	1176	1175	14
0.1	3202	3201	52
0.1	1179	1178	45
0.1	3204	1177	49
0.1	1184	1183	39
0.1	1186	1185	6
0.1	1188	1187	12
0.1	1190	1189	8
0.1	1192	1191	18
0.1	1194	1193	42
0.1	3211	3210	42
0.1	3212	3209	4
0.1	3213	3208	4
0.1	3214	3207	21
0.1	3215	3206	58
0.1	3216	1182	58
0.1	1195	3217	58
0.1	3218	1181	59
0.1	1196	3219	59
0.1	3220	1180	54
0.1	3221	3205	54
0.1	1197	3222	59
0.1	3223	3203	59
0.1	3224	3199	59
0.1	3225	3172	59
0.1	3226	1139	59
0.1	3227	1138	59
0.1	1199	1198	53
0.1	1200	3229	22
0.1	1202	1201	28
0.1	1203	3231	35
0.1	3232	3230	19
0.1	1204	3233	46
0.1	1208	1207	28
0.1	1209	3235	50
0.1	3236	1206	8
0.1	3237	1205	35
0.1	3238	3234	53
0.1	3239	3228	59
0.1	3240	3169	59
0.1	1219	1218	54
0.1	1220	3242	21
0.1	1225	1224	14
0.1	1228	1227	32
0.1	3245	1226	39
0.1	3246	3244	30
0.1	1229	3247	16
0.1	1230	3248	21
0.1	3249	1223	12
0.1	1231	3250	16
0.1	1232	3251	52
0.1	3252	1222	1
0.1	3253	1221	59
0.1	1233	3254	58
0.1	3255	3243	58
0.1	1234	3256	58
0.1	1235	3257	58
0.1	3258	1217	59
0.1	3259	1216	59
0.1	3260	1215	55
0.1	3261	1214	55
0.1	3262	1213	55
0.1	1236	3263	55
0.1	1237	3264	55
0.1	3265	1212	54
0.1	3266	1211	54
0.1	3267	1210	54
0.1	1243	1242	13
0.1	3269	1241	4
0.1	1244	3270	37
0.1	3271	1240	24
0.1	3272	1239	43
0.1	1250	1249	37
0.1	1251	3274	36
0.1	3275	1248	2
0.1	1252	3276	47
0.1	3277	1247	35
0.1	3278	1246	12
0.1	3279	1245	31
0.1	1255	1254	46
0.1	3281	1253	50
0.1	1265	1264	38
0.1	1267	1266	41
0.1	1270	1269	42
0.1	1272	1271	25
0.1	1296	1295	35
0.1	1297	3287	54
0.1	1300	1299	30
0.1	3289	1298	52
0.1	3290	3288	37
0.1	3291	1294	5
0.1	3292	1293	49
0.1	3293	1292	22
0.1	3294	1291	48
0.1	3295	1290	53
0.1	1301	3296	50
0.1	3297	1289	58
0.1	3298	1288	58
0.1	3299	1287	58
0.1	1302	3300	58
0.1	1303	3301	58
0.1	3302	1286	58
0.1	3303	1285	58
0.1	1304	3304	58
0.1	1305	3305	56
0.1	1306	3306	56
0.1	3307	1284	56
0.1	1307	3308	56
0.1	3309	1283	56
0.1	1308	3310	12
0.1	3311	1282	12
0.1	3312	1281	12
0.1	3313	1280	12
0.1	3314	1279	12
0.1	3315	1278	12
0.1	1309	3316	12
0.1	3317	1277	57
0.1	3318	1276	57
0.1	1311	1310	35
0.1	3320	3319	57
0.1	1313	1312	28
0.1	3322	3321	58
0.1	3323	1275	58
0.1	3324	1274	58
0.1	3325	1273	58
0.1	3326	3286	57
0.1	3327	3285	57
0.1	3328	1268	57
0.1	3329	3284	57
0.1	1314	3330	59
0.1	1315	3331	59
0.1	3332	3283	59
0.1	1316	3333	50
0.1	1317	3334	50
0.1	1318	3335	50
0.1	1319	3336	50
0.1	3337	1263	50
0.1	3338	1262	54
0.1	3339	1261	54
0.1	3340	1260	54
0.1	1320	3341	54
0.1	1321	3342	54
0.1	3343	1259	54
0.1	3344	1258	54
0.1	3345	1257	54
0.1	3346	1256	54
0.1	1322	3347	54
0.1	1323	3348	54
0.1	1324	3349	54
0.1	1325	3350	54
0.1	3351	3282	54
0.1	3352	3280	54
0.1	3353	3273	54
0.1	3354	1238	54
0.1	3355	3268	54
0.1	3356	3241	59
0.1	1326	3357	59
0.1	3358	3158	58
0.1	3359	3153	58
0.1	3360	3148	58
0.1	1329	1328	48
0.1	3362	1327	30
0.1	3363	3361	58
0.1	3364	1097	58
0.1	1331	1330	16
0.1	3366	3365	57
0.1	1334	1333	55
0.1	1335	3368	46
0.1	3369	1332	38
0.1	3370	3367	57
0.1	1336	3371	57
0.1	3372	1096	59
0.1	3373	3133	59
0.1	3374	1082	50
0.1	3375	3121	50
0.1	1337	3376	50
0.1	1338	3377	50
0.1	3378	1069	50
0.1	1339	3379	58
0.1	3380	1068	55
0.1	1340	3381	55
0.1	3382	1067	55
0.1	1341	3383	55
0.1	3384	1066	59
0.1	3385	1065	59
0.1	3386	1064	58
0.1	3387	1063	58
0.1	3388	1062	58
0.1	1346	1345	15
0.1	3390	1344	24
0.1	3391	1343	8
0.1	3392	1342	12
0.1	3393	3389	58
0.1	1347	3394	58
0.1	3395	1061	58
0.1	3396	1060	58
0.1	3397	3110	59
0.1	1349	1348	4
0.1	1351	1350	43
0.1	1354	1353	14
0.1	1356	1355	22
0.1	1357	3402	57
0.1	3403	3401	18
0.1	1358	3404	58
0.1	1359	3405	9
0.1	1362	1361	59
0.1	3407	1360	35
0.1	3408	3406	33
0.1	3409	1352	34
0.1	3410	3400	57
0.1	1365	1364	40
0.1	1366	3412	25
0.1	1368	1367	8
0.1	3414	3413	49
0.1	3415	1363	27
0.1	3416	3411	57
0.1	1370	1369	37
0.1	3418	3417	57
0.1	1371	3419	57
0.1	3420	3399	57
0.1	3421	3398	59
0.1	1374	1373	53
0.1	1375	3423	47
0.1	1378	1377	16
0.1	3425	1376	36
0.1	1380	1379	1
0.1	3427	3426	49
0.1	3428	3424	13
0.1	1383	1382	29
0.1	1384	3430	56
0.1	3431	1381	29
0.1	1389	1388	8
0.1	3433	1387	39
0.1	3434	1386	26
0.1	3435	1385	34
0.1	3436	3432	10
0.1	3437	3429	59
0.1	1399	1398	12
0.1	1400	3439	16
0.1	3440	1397	21
0.1	3441	1396	27
0.1	3442	1395	15
0.1	1401	3443	37
0.1	3444	1394	15
0.1	3445	1393	23
0.1	3446	1392	49
0.1	1402	3447	51
0.1	3448	1391	58
0.1	3449	1390	59
0.1	3450	3438	59
0.1	3451	1372	59
0.1	3452	3422	59
0.1	3453	1038	59
0.1	1403	3454	59
0.1	3455	3090	59
0.1	3456	1034	59
0.1	1404	3457	26
0.1	3458	1033	26
0.1	3459	3088	26
0.1	1405	3460	26
0.1	1406	3461	26
0.1	3462	3087	45
0.1	1407	3463	45
0.1	1408	3464	45
0.1	1409	3465	59
0.1	3466	1027	59
0.1	3467	1026	59
0.1	3468	3085	59
0.1	1410	3469	59
0.1	3470	1020	59
0.1	3471	1019	59
0.1	3472	3081	59
0.1	1411	3473	51
0.1	3474	1009	51
0.1	1412	3475	51
0.1	1413	3476	51
0.1	1414	3477	57
0.1	3478	3073	57
0.1	3479	1006	57
0.1	1415	3480	58
0.1	1419	1418	32
0.1	3482	1417	48
0.1	3483	1416	15
0.1	1421	1420	31
0.1	3485	3484	1
0.1	3486	3481	58
0.1	1426	1425	34
0.1	3488	1424	2
0.1	3489	1423	55
0.1	3490	1422	4
0.1	3491	3487	58
0.1	1427	3492	58
0.1	1428	3493	58
0.1	3494	1005	58
0.1	3495	1004	58
0.1	1430	1429	29
0.1	3497	3496	58
0.1	3498	3072	58
0.1	3499	3010	58
0.1	1434	1433	8
0.1	3501	1432	34
0.1	3502	1431	7
0.1	1442	1441	29
0.1	3504	1440	22
0.1	1443	3505	56
0.1	1446	1445	32
0.1	1447	3507	32
0.1	3508	1444	23
0.1	3509	3506	39
0.1	1448	3510	19
0.1	1450	1449	24
0.1	3512	3511	12
0.1	3513	1439	37
0.1	3514	1438	58
0.1	3515	1437	58
0.1	1451	3516	59
0.1	3517	1436	59
0.1	3518	1435	59
0.1	1452	3519	59
0.1	3520	3503	15
0.1	3521	3500	58
0.1	1464	1463	4
0.1	3523	1462	24
0.1	1465	3524	16
0.1	3525	1461	29
0.1	3526	1460	46
0.1	3527	1459	21
0.1	1466	3528	28
0.1	1467	3529	9
0.1	1468	3530	40
0.1	1469	3531	47
0.1	3532	1458	58
0.1	3533	1457	59
0.1	3534	1456	59
0.1	1470	3535	45
0.1	1471	3536	45
0.1	1472	3537	45
0.1	1474	1473	18
0.1	1475	3539	52
0.1	3540	3538	45
0.1	3541	1455	58
0.1	1476	3542	58
0.1	3543	1454	58
0.1	3544	1453	58
0.1	1478	1477	34
0.1	1480	1479	22
0.1	1490	1489	51
0.1	3548	1488	49
0.1	1492	1491	40
0.1	3550	3549	56
0.1	1494	1493	1
0.1	3552	3551	52
0.1	1495	3553	25
0.1	1496	3554	38
0.1	3555	1487	27
0.1	1497	3556	26
0.1	1498	3557	51
0.1	3558	1486	59
0.1	1499	3559	59
0.1	1513	1512	26
0.1	3561	1511	31
0.1	3562	1510	42
0.1	1515	1514	37
0.1	1516	3564	10
0.1	3565	3563	31
0.1	1521	1520	17
0.1	1522	3567	9
0.1	3568	1519	59
0.1	1524	1523	41
0.1	3570	3569	40
0.1	3571	1518	31
0.1	3572	1517	38
0.1	1525	3573	21
0.1	1527	1526	15
0.1	3575	3574	58
0.1	3576	3566	59
0.1	1528	3577	43
0.1	3578	1509	43
0.1	3579	1508	59
0.1	3580	1507	59
0.1	3581	1506	59
0.1	1529	3582	59
0.1	3583	1505	19
0.1	3584	1504	19
0.1	1530	3585	19
0.1	3586	1503	19
0.1	3587	1502	19
0.1	3588	1501	19
0.1	1531	3589	19
0.1	1532	3590	19
0.1	1534	1533	38
0.1	3592	3591	59
0.1	3593	1500	59
0.1	3594	3560	59
0.1	1535	3595	59
0.1	3596	1485	54
0.1	1536	3597	54
0.1	3598	1484	59
0.1	1537	3599	59
0.1	3600	1483	59
0.1	1538	3601	59
0.1	1539	3602	53
0.1	1540	3603	53
0.1	1541	3604	53
0.1	1542	3605	53
0.1	1543	3606	58
0.1	1544	3607	58
0.1	1545	3608	58
0.1	1548	1547	33
0.1	3610	1546	11
0.1	3611	3609	58
0.1	3612	1482	58
0.1	3613	1481	59
0.1	3614	3547	59
0.1	3615	3546	59
0.1	1549	3616	59
0.1	3617	3545	59
0.1	1550	3618	59
0.1	3619	3522	58
0.1	1551	3620	58
0.1	1553	1552	43
0.1	1555	1554	11
0.1	3623	3622	52
0.1	1558	1557	41
0.1	1559	3625	7
0.1	3626	1556	25
0.1	1562	1561	58
0.1	3628	1560	3
0.1	3629	3627	47
0.1	3630	3624	12
0.1	1563	3631	51
0.1	3632	3621	58
0.1	1565	1564	25
0.1	3634	3633	58
0.1	1566	3635	58
0.1	3636	2949	59
0.1	1567	3637	59
0.1	3638	876	58
0.1	3639	875	58
0.1	3640	874	58
0.1	3641	873	58
0.1	3642	872	58
0.1	3643	871	58
0.1	1568	3644	58
0.1	1569	3645	59
0.1	1577	1576	4
0.1	3647	1575	28
0.1	3648	1574	5
0.1	3649	1573	10
0.1	3650	1572	52
0.1	3651	1571	50
0.1	3652	1570	57
0.1	1587	1586	44
0.1	3654	1585	8
0.1	3655	1584	30
0.1	3656	1583	47
0.1	3657	1582	31
0.1	3658	1581	12
0.1	1588	3659	51
0.1	3660	1580	10
0.1	1589	3661	8
0.1	3662	1579	52
0.1	3663	1578	40
0.1	1593	1592	24
0.1	3665	1591	11
0.1	3666	1590	27
0.1	1596	1595	30
0.1	3668	1594	36
0.1	3669	3667	36
0.1	1599	1598	44
0.1	3671	1597	45
0.1	1600	3672	23
0.1	1603	1602	45
0.1	3674	1601	22
0.1	1604	3675	5
0.1	1605	3676	17
0.1	3677	3673	25
0.1	3678	3670	59
0.1	1611	1610	24
0.1	3680	1609	52
0.1	3681	1608	42
0.1	3682	1607	55
0.1	3683	1606	49
0.1	3684	3679	59
0.1	3685	3664	59
0.1	1615	1614	54
0.1	1617	1616	29
0.1	3688	3687	32
0.1	1618	3689	41
0.1	3690	1613	34
0.1	1619	3691	46
0.1	1621	1620	3
0.1	3693	3692	28
0.1	3694	1612	26
0.1	1625	1624	6
0.1	3696	1623	37
0.1	3697	1622	56
0.1	1627	1626	26
0.1	1628	3699	52
0.1	1629	3700	16
0.1	3701	3698	2
0.1	1631	1630	48
0.1	1632	3703	45
0.1	1633	3704	9
0.1	3705	3702	52
0.1	1636	1635	55
0.1	3707	1634	4
0.1	1659	1658	27
0.1	1662	1661	49
0.1	1668	1667	29
0.1	3711	1666	15
0.1	1669	3712	37
0.1	3713	1665	45
0.1	1670	3714	56
0.1	1671	3715	32
0.1	3716	1664	50
0.1	1676	1675	17
0.1	1702	1701	44
0.1	3719	1700	8
0.1	3720	1699	28
0.1	3721	1698	49
0.1	3722	1697	52
0.1	3723	1696	12
0.1	3724	1695	57
0.1	3725	1694	10
0.1	3726	1693	28
0.1	1703	3727	12
0.1	1704	3728	47
0.1	1705	3729	58
0.1	1706	3730	58
0.1	3731	1692	59
0.1	1707	3732	59
0.1	1708	3733	59
0.1	1709	3734	59
0.1	3735	1691	48
0.1	1710	3736	48
0.1	3737	1690	59
0.1	3738	1689	59
0.1	3739	1688	59
0.1	1711	3740	59
0.1	3741	1687	55
0.1	1713	1712	19
0.1	3743	3742	59
0.1	1714	3744	59
0.1	3745	1686	59
0.1	3746	1685	59
0.1	3747	1684	47
0.1	3748	1683	47
0.1	1716	1715	39
0.1	3750	3749	55
0.1	1717	3751	55
0.1	3752	1682	55
0.1	3753	1681	55
0.1	3754	1680	55
0.1	1719	1718	31
0.1	3756	3755	55
0.1	1720	3757	55
0.1	3758	1679	59
0.1	1721	3759	52
0.1	1722	3760	58
0.1	1723	3761	58
0.1	1724	3762	58
0.1	1725	3763	58
0.1	3764	1678	58
0.1	3765	1677	54
0.1	1726	3766	54
0.1	3767	3718	54
0.1	3768	1674	59
0.1	3769	1673	59
0.1	3770	1672	59
0.1	1734	1733	12
0.1	3772	1732	29
0.1	3773	1731	24
0.1	3774	1730	5
0.1	3775	1729	33
0.1	3776	1728	23
0.1	3777	1727	7
0.1	3778	3771	59
0.1	1737	1736	43
0.1	3780	1735	38
0.1	3781	3779	59
0.1	1738	3782	59
0.1	3783	3717	56
0.1	1740	1739	48
0.1	3785	3784	58
0.1	3786	1663	58
0.1	3787	3710	58
0.1	1742	1741	37
0.1	3789	3788	59
0.1	1747	1746	48
0.1	1748	3791	24
0.1	1751	1750	10
0.1	1757	1756	29
0.1	3794	1755	19
0.1	1771	1770	48
0.1	1774	1773	36
0.1	3797	1772	17
0.1	1798	1797	38
0.1	3799	1796	38
0.1	1799	3800	45
0.1	3801	1795	7
0.1	1800	3802	23
0.1	1801	3803	17
0.1	3804	1794	42
0.1	3805	1793	29
0.1	3806	1792	6
0.1	3807	1791	50
0.1	1802	3808	50
0.1	1803	3809	54
0.1	1804	3810	54
0.1	3811	1790	54
0.1	3812	1789	54
0.1	1805	3813	54
0.1	3814	1788	54
0.1	3815	1787	54
0.1	1806	3816	54
0.1	3817	1786	58
0.1	3818	1785	58
0.1	1807	3819	58
0.1	1808	3820	58
0.1	3821	1784	58
0.1	3822	1783	59
0.1	3823	1782	59
0.1	3824	1781	59
0.1	1809	3825	59
0.1	3826	1780	59
0.1	3827	1779	38
0.1	3828	1778	38
0.1	3829	1777	58
0.1	1810	3830	52
0.1	3831	1776	52
0.1	1811	3832	52
0.1	3833	1775	56
0.1	3834	3798	56
0.1	1812	3835	56
0.1	3836	3796	45
0.1	3837	1769	57
0.1	1813	3838	57
0.1	1814	3839	57
0.1	1815	3840	57
0.1	3841	1768	57
0.1	3842	1767	59
0.1	3843	1766	59
0.1	3844	1765	57
0.1	3845	1764	57
0.1	3846	1763	57
0.1	1816	3847	59
0.1	1817	3848	59
0.1	1818	3849	59
0.1	3850	1762	45
0.1	3851	1761	1
0.1	3852	1760	1
0.1	1819	3853	1
0.1	1820	3854	1
0.1	1821	3855	1
0.1	1822	3856	1
0.1	3857	1759	1
0.1	3858	1758	1
0.1	1823	3859	58
0.1	1824	3860	58
0.1	1825	3861	59
0.1	3862	3795	59
0.1	1826	3863	58
0.1	3864	1754	58
0.1	1827	3865	57
0.1	3866	1753	57
0.1	1828	3867	57
0.1	1829	3868	59
0.1	1830	3869	59
0.1	1831	3870	59
0.1	3871	1752	59
0.1	3872	3793	57
0.1	1832	3873	57
0.1	3874	1749	57
0.1	3875	3792	59
0.1	1833	3876	13
0.1	3877	1745	13
0.1	3878	1744	13
0.1	3879	1743	13
0.1	3880	3790	59
0.1	3881	1660	59
0.1	3882	3709	59
0.1	1836	1835	58
0.1	3884	1834	33
0.1	1837	3885	46
0.1	3886	3883	59
0.1	1839	1838	17
0.1	1840	3888	41
0.1	3889	3887	59
0.1	1843	1842	38
0.1	3891	1841	58
0.1	3892	3890	57
0.1	1844	3893	57
0.1	1846	1845	57
0.1	3895	3894	57
0.1	1849	1848	57
0.1	3897	1847	25
0.1	3898	3896	57
0.1	3899	1657	57
0.1	1850	3900	57
0.1	3901	1656	57
0.1	1851	3902	50
0.1	3903	1655	50
0.1	3904	1654	50
0.1	1852	3905	59
0.1	3906	1653	59
0.1	3907	1652	59
0.1	3908	1651	58
0.1	1853	3909	58
0.1	3910	1650	58
0.1	1854	3911	59
0.1	3912	1649	59
0.1	3913	1648	55
0.1	1855	3914	55
0.1	3915	1647	55
0.1	3916	1646	55
0.1	1856	3917	55
0.1	3918	1645	51
0.1	3919	1644	58
0.1	3920	1643	58
0.1	3921	1642	58
0.1	1857	3922	53
0.1	1858	3923	53
0.1	3924	1641	59
0.1	3925	1640	59
0.1	3926	1639	55
0.1	1859	3927	55
0.1	1860	3928	55
0.1	3929	1638	55
0.1	3930	1637	55
0.1	1861	3931	59
0.1	1862	3932	59
0.1	3933	3708	59
0.1	3934	3706	59
0.1	3935	3695	59
0.1	3936	3686	59
0.1	3937	3653	59
0.1	1864	1863	31
0.1	1866	1865	6
0.1	1868	1867	17
0.1	3941	3940	44
0.1	1870	1869	10
0.1	3943	3942	19
0.1	1881	1880	44
0.1	1884	1883	52
0.1	3946	1882	37
0.1	3947	3945	6
0.1	3948	1879	50
0.1	3949	1878	18
0.1	3950	1877	24
0.1	3951	1876	12
0.1	3952	1875	54
0.1	1885	3953	33
0.1	3954	1874	40
0.1	1886	3955	59
0.1	1887	3956	59
0.1	1890	1889	26
0.1	3958	1888	19
0.1	3959	3957	59
0.1	3960	1873	59
0.1	1891	3961	51
0.1	3962	1872	51
0.1	1892	3963	59
0.1	3964	1871	59
0.1	1893	3965	59
0.1	1897	1896	35
0.1	1898	3967	14
0.1	3968	1895	33
0.1	1899	3969	28
0.1	3970	1894	12
0.1	3971	3966	59
0.1	3972	3944	59
0.1	3973	3939	59
0.1	1907	1906	8
0.1	1908	3975	39
0.1	3976	1905	16
0.1	1915	1914	56
0.1	3978	1913	11
0.1	3979	1912	7
0.1	1916	3980	20
0.1	1919	1918	25
0.1	3982	1917	3
0.1	3983	3981	56
0.1	3984	1911	32
0.1	3985	1910	58
0.1	3986	1909	40
0.1	1923	1922	27
0.1	3988	1921	56
0.1	3989	1920	42
0.1	3990	3987	59
0.1	3991	3977	59
0.1	1925	1924	20
0.1	1926	3993	14
0.1	3994	3992	59
0.1	3995	1904	59
0.1	3996	1903	59
0.1	3997	1902	54
0.1	3998	1901	59
0.1	3999	1900	59
0.1	1928	1927	53
0.1	4001	4000	59
0.1	1930	1929	52
0.1	4003	4002	37
0.1	1931	4004	37
0.1	1932	4005	58
0.1	4006	3974	59
0.1	1935	1934	25
0.1	4008	1933	42
0.1	4009	4007	59
0.1	4010	3938	59
0.1	1940	1939	31
0.1	4012	1938	8
0.1	4013	1937	29
0.1	1941	4014	19
0.1	1942	4015	32
0.1	4016	1936	16
0.1	1945	1944	15
0.1	1946	4018	8
0.1	1948	1947	19
0.1	1951	1950	19
0.1	1952	4021	9
0.1	4022	1949	34
0.1	1953	4023	35
0.1	4024	4020	16
0.1	4025	4019	30
0.1	1955	1954	34
0.1	1965	1964	10
0.1	4028	1963	29
0.1	4029	1962	13
0.1	4030	1961	46
0.1	1966	4031	53
0.1	4032	1960	51
0.1	4033	1959	28
0.1	4034	1958	48
0.1	4035	1957	2
0.1	4036	1956	22
0.1	1968	1967	14
0.1	1969	4038	10
0.1	4039	4037	45
0.1	1972	1971	39
0.1	1973	4041	14
0.1	1974	4042	28
0.1	4043	1970	15
0.1	4044	4040	45
0.1	4045	4027	45
0.1	4046	4026	45
0.1	4047	1943	45
0.1	4048	4017	59
0.1	4049	4011	59
0.1	4050	3646	59
0.1	1978	1977	34
0.1	4052	1976	47
0.1	1979	4053	4
0.1	4054	1975	25
0.1	4055	4051	59
0.1	4056	870	59
0.1	1980	4057	26
0.1	1981	4058	26
0.1	4059	869	58
0.1	4060	2948	58
0.1	1982	4061	59
0.1	1983	4062	59
0.1	4063	2947	59
0.1	1984	4064	59
0.1	1986	1985	14
0.1	1989	1988	44
0.1	1990	4067	43
0.1	4068	1987	26
0.1	4069	4066	51
0.1	1993	1992	52
0.1	4071	1991	48
0.1	1998	1997	27
0.1	2000	1999	11
0.1	4074	4073	15
0.1	4075	1996	55
0.1	4076	1995	23
0.1	2004	2003	40
0.1	4078	2002	57
0.1	2005	4079	58
0.1	4080	2001	26
0.1	2006	4081	26
0.1	4082	4077	41
0.1	4083	1994	58
0.1	2010	2009	47
0.1	4085	2008	15
0.1	2013	2012	48
0.1	4087	2011	49
0.1	2015	2014	38
0.1	2017	2016	23
0.1	4090	4089	41
0.1	4091	4088	56
0.1	4092	4086	13
0.1	4093	2007	18
0.1	4094	4084	58
0.1	4095	4072	55
0.1	2024	2023	6
0.1	4097	2022	34
0.1	2025	4098	16
0.1	4099	2021	43
0.1	4100	2020	54
0.1	4101	2019	56
0.1	4102	2018	44
0.1	4103	4096	55
0.1	4104	4070	55
0.1	4105	4065	57
0.1	2027	2026	23
0.1	2030	2029	39
0.1	2035	2034	36
0.1	2036	4109	50
0.1	4110	2033	24
0.1	4111	2032	40
0.1	4112	2031	30
0.1	2037	4113	19
0.1	4114	4108	51
0.1	4115	2028	44
0.1	4116	4107	52
0.1	4117	4106	57
0.1	4118	2945	57
0.1	4119	852	57
0.1	2039	2038	42
0.1	4121	4120	57
0.1	4122	2935	57
0.1	2051	2050	14
0.1	2061	2060	25
0.1	4125	2059	19
0.1	4126	2058	8
0.1	4127	2057	1
0.1	4128	2056	49
0.1	4129	2055	28
0.1	4130	2054	59
0.1	2062	4131	13
0.1	4132	2053	52
0.1	4133	2052	32
0.1	4134	4124	59
0.1	2063	4135	59
0.1	4136	2049	58
0.1	4137	2048	58
0.1	4138	2047	59
0.1	4139	2046	59
0.1	4140	2045	53
0.1	4141	2044	53
0.1	4142	2043	45
0.1	4143	2042	45
0.1	4144	2041	57
0.1	2065	2064	7
0.1	4146	4145	57
0.1	2066	4147	59
0.1	2067	4148	59
0.1	4149	2040	59
0.1	4150	4123	57
0.1	4151	2933	59
0.1	4152	2932	59
0.1	4153	844	59
0.1	4154	843	59
0.1	4155	842	59
0.1	4156	841	59
0.1	4157	840	59
0.1	2068	4158	59
0.1	4159	2931	59
0.1	4160	837	59
0.1	2069	4161	55
0.1	4162	2930	55
0.1	4163	834	55
0.1	4164	833	55
0.1	2070	4165	55
0.1	4166	832	55
0.1	2071	4167	55
0.1	4168	831	55
0.1	4169	830	55
0.1	2072	4170	57
0.1	2073	4171	57
0.1	4172	829	59
0.1	4173	828	19
0.1	2074	4174	19
0.1	2075	4175	55
0.1	4176	827	55
0.1	2076	4177	55
0.1	2077	4178	55
0.1	4179	826	55
0.1	4180	825	55
0.1	4181	824	55
0.1	4182	823	59
0.1	4183	2929	59
0.1	4184	820	28
0.1	2085	2084	51
0.1	2091	2090	23
0.1	4187	2089	48
0.1	4188	2088	3
0.1	2092	4189	5
0.1	2093	4190	39
0.1	4191	2087	22
0.1	2095	2094	30
0.1	4193	4192	35
0.1	2096	4194	3
0.1	2097	4195	40
0.1	2098	4196	58
0.1	4197	2086	58
0.1	4198	4186	58
0.1	4199	2083	58
0.1	4200	2082	59
0.1	4201	2081	59
0.1	4202	2080	45
0.1	4203	2079	45
0.1	4204	2078	28
0.1	2107	2106	35
0.1	2108	4206	20
0.1	4207	2105	13
0.1	4208	2104	7
0.1	4209	2103	9
0.1	4210	2102	8
0.1	4211	2101	57
0.1	4212	2100	15
0.1	4213	2099	45
0.1	4214	4205	28
0.1	4215	4185	28
0.1	2109	4216	28
0.1	2112	2111	55
0.1	4218	2110	43
0.1	4219	4217	59
0.1	2113	4220	58
0.1	4221	2928	58
0.1	2114	4222	58
0.1	4223	815	46
0.1	4224	2925	46
0.1	2115	4225	58
0.1	4226	810	58
0.1	2116	4227	54
0.1	2117	4228	54
0.1	2118	4229	57
0.1	4230	809	57
0.1	4231	808	57
0.1	4232	807	57
0.1	4233	806	57
0.1	4234	805	57
0.1	4235	804	57
0.1	2119	4236	59
0.1	2120	4237	59
0.1	2121	4238	59
0.1	4239	803	2
0.1	2122	4240	2
0.1	4241	802	2
0.1	2123	4242	2
0.1	4243	801	2
0.1	4244	2922	2
