1	0	0	1
1	0	0	1
1	0	0	2
1	0	0	1
1	0	0	1
1	0	0	1
1	0	0	1
1	0	0	1
1	0	0	1
1	0	0	1
1	0	0	1
1	0	0	2
1	0	0	2
1	0	0	2
1	0	0	2
1	0	0	2
1	0	0	2
1	0	0	2
1	0	0	2
1	0	0	2
1	0	0	3
1	0	0	3
1	0	0	3
1	0	0	3
1	0	0	3
1	0	0	3
1	0	0	3
1	0	0	3
1	0	0	3
1	0	0	3
1	0	0	4
1	0	0	4
1	0	0	4
1	0	0	4
1	0	0	4
1	0	0	4
1	0	0	4
1	0	0	4
1	0	0	4
1	0	0	4
1	0	0	5
1	0	0	5
1	0	0	5
1	0	0	5
1	0	0	5
1	0	0	5
1	0	0	5
1	0	0	5
1	0	0	6
1	0	0	6
1	0	0	6
1	0	0	6
1	0	0	6
1	0	0	6
1	0	0	6
1	0	0	6
1	0	0	6
1	0	0	6
1	0	0	5
1	0	0	5
1	0	0	7
1	0	0	7
1	0	0	7
1	0	0	7
1	0	0	7
1	0	0	7
1	0	0	7
1	0	0	7
1	0	0	7
1	0	0	7
1	0	0	8
1	0	0	8
1	0	0	9
1	0	0	9
1	0	0	9
1	0	0	9
1	0	0	9
1	0	0	9
1	0	0	9
1	0	0	9
1	0	0	9
1	0	0	9
1	0	0	8
1	0	0	8
1	0	0	8
1	0	0	8
1	0	0	8
1	0	0	8
1	0	0	10
1	0	0	10
1	0	0	10
1	0	0	10
1	0	0	10
1	0	0	10
1	0	0	10
1	0	0	10
1	0	0	10
1	0	0	10
1	0	0	11
1	0	0	11
1	0	0	11
1	0	0	11
1	0	0	11
1	0	0	11
1	0	0	11
1	0	0	11
1	0	0	11
1	0	0	11
1	0	0	8
1	0	0	8
1	0	0	12
1	0	0	12
1	0	0	12
1	0	0	12
1	0	0	12
1	0	0	12
1	0	0	12
1	0	0	12
1	0	0	12
1	0	0	12
1	0	0	13
1	0	0	13
1	0	0	13
1	0	0	13
1	0	0	13
1	0	0	14
1	0	0	14
1	0	0	14
1	0	0	14
1	0	0	14
1	0	0	14
1	0	0	14
1	0	0	14
1	0	0	14
1	0	0	14
1	0	0	13
1	0	0	13
1	0	0	13
1	0	0	13
1	0	0	13
1	0	0	15
1	0	0	15
1	0	0	15
1	0	0	15
1	0	0	15
1	0	0	15
1	0	0	15
1	0	0	15
1	0	0	15
1	0	0	16
1	0	0	16
1	0	0	16
1	0	0	16
1	0	0	16
1	0	0	16
1	0	0	16
1	0	0	16
1	0	0	16
1	0	0	16
1	0	0	15
1	0	0	17
1	0	0	17
1	0	0	17
1	0	0	17
1	0	0	17
1	0	0	17
1	0	0	17
1	0	0	17
1	0	0	17
1	0	0	17
1	0	0	18
1	0	0	18
1	0	0	18
1	0	0	18
1	0	0	18
1	0	0	18
1	0	0	18
1	0	0	18
1	0	0	18
1	0	0	18
1	0	0	19
1	0	0	19
1	0	0	20
1	0	0	20
1	0	0	20
1	0	0	20
1	0	0	20
1	0	0	20
1	0	0	20
1	0	0	20
1	0	0	20
1	0	0	20
1	0	0	19
1	0	0	19
1	0	0	19
1	0	0	19
1	0	0	19
1	0	0	19
1	0	0	19
1	0	0	19
1	0	0	21
1	0	0	21
1	0	0	21
1	0	0	21
1	0	0	21
1	0	0	21
1	0	0	21
1	0	0	21
1	0	0	21
1	0	0	21
1	0	0	22
1	0	0	22
1	0	0	23
1	0	0	23
1	0	0	23
1	0	0	23
1	0	0	23
1	0	0	23
1	0	0	23
1	0	0	23
1	0	0	23
1	0	0	23
1	0	0	24
1	0	0	24
1	0	0	24
1	0	0	24
1	0	0	24
1	0	0	24
1	0	0	24
1	0	0	24
1	0	0	24
1	0	0	24
1	0	0	22
1	0	0	22
1	0	0	22
1	0	0	22
1	0	0	22
1	0	0	22
1	0	0	22
1	0	0	25
1	0	0	25
1	0	0	25
1	0	0	25
1	0	0	25
1	0	0	25
1	0	0	25
1	0	0	25
1	0	0	25
1	0	0	25
1	0	0	22
1	0	0	26
1	0	0	26
1	0	0	26
1	0	0	26
1	0	0	26
1	0	0	26
1	0	0	26
1	0	0	26
1	0	0	26
1	0	0	26
1	0	0	27
1	0	0	27
1	0	0	27
1	0	0	27
1	0	0	27
1	0	0	27
1	0	0	27
1	0	0	27
1	0	0	27
1	0	0	27
0.1	2	1	1
0.1	3	271	2
0.1	5	4	1
0.1	7	6	1
0.1	274	273	1
0.1	9	8	1
0.1	11	10	1
0.1	277	276	1
0.1	278	275	1
0.1	279	272	2
0.1	12	280	2
0.1	13	281	2
0.1	15	14	2
0.1	17	16	2
0.1	20	19	2
0.1	285	18	2
0.1	286	284	2
0.1	287	283	2
0.1	22	21	3
0.1	25	24	3
0.1	26	290	3
0.1	27	291	3
0.1	30	29	3
0.1	293	28	3
0.1	294	292	3
0.1	295	23	3
0.1	32	31	4
0.1	36	35	4
0.1	298	34	4
0.1	38	37	4
0.1	39	300	4
0.1	301	299	4
0.1	302	33	4
0.1	42	41	5
0.1	43	304	5
0.1	44	305	5
0.1	46	45	5
0.1	48	47	5
0.1	50	49	6
0.1	56	55	6
0.1	58	57	6
0.1	311	310	6
0.1	312	54	6
0.1	313	53	6
0.1	314	52	6
0.1	315	51	6
0.1	316	309	6
0.1	60	59	5
0.1	318	317	5
0.1	319	308	5
0.1	320	307	5
0.1	321	306	5
0.1	322	40	4
0.1	323	303	4
0.1	324	297	4
0.1	325	296	3
0.1	326	289	3
0.1	327	288	2
0.1	328	282	2
0.1	65	64	7
0.1	330	63	7
0.1	331	62	7
0.1	67	66	7
0.1	333	332	7
0.1	70	69	7
0.1	335	68	7
0.1	336	334	7
0.1	337	61	7
0.1	72	71	8
0.1	74	73	9
0.1	76	75	9
0.1	78	77	9
0.1	80	79	9
0.1	343	342	9
0.1	82	81	9
0.1	345	344	9
0.1	346	341	9
0.1	347	340	9
0.1	348	339	8
0.1	84	83	8
0.1	87	86	8
0.1	351	85	8
0.1	91	90	10
0.1	92	353	10
0.1	94	93	10
0.1	355	354	10
0.1	356	89	10
0.1	98	97	10
0.1	358	96	10
0.1	359	95	10
0.1	101	100	11
0.1	361	99	11
0.1	102	362	11
0.1	105	104	11
0.1	107	106	11
0.1	365	364	11
0.1	108	366	11
0.1	367	103	11
0.1	368	363	11
0.1	369	360	10
0.1	370	357	10
0.1	371	88	8
0.1	372	352	8
0.1	373	350	8
0.1	374	349	8
0.1	375	338	8
0.1	110	109	8
0.1	114	113	12
0.1	116	115	12
0.1	379	378	12
0.1	380	112	12
0.1	381	111	12
0.1	120	119	12
0.1	383	118	12
0.1	384	117	12
0.1	385	382	12
0.1	386	377	8
0.1	387	376	8
0.1	122	121	13
0.1	124	123	13
0.1	127	126	14
0.1	130	129	14
0.1	392	128	14
0.1	133	132	14
0.1	394	131	14
0.1	395	393	14
0.1	396	391	14
0.1	134	397	14
0.1	135	398	14
0.1	137	136	13
0.1	138	400	13
0.1	140	139	13
0.1	402	401	13
0.1	403	399	13
0.1	404	125	13
0.1	405	390	13
0.1	406	389	13
0.1	143	142	15
0.1	408	141	15
0.1	145	144	15
0.1	146	410	15
0.1	149	148	15
0.1	412	147	15
0.1	151	150	16
0.1	154	153	16
0.1	156	155	16
0.1	416	415	16
0.1	159	158	16
0.1	418	157	16
0.1	419	417	16
0.1	420	152	16
0.1	421	414	16
0.1	422	413	15
0.1	423	411	15
0.1	424	409	15
0.1	162	161	17
0.1	167	166	17
0.1	427	165	17
0.1	428	164	17
0.1	169	168	17
0.1	430	429	17
0.1	170	431	17
0.1	432	163	17
0.1	433	426	17
0.1	434	160	15
0.1	435	425	15
0.1	436	407	15
0.1	173	172	18
0.1	438	171	18
0.1	175	174	18
0.1	177	176	18
0.1	179	178	18
0.1	180	442	18
0.1	443	441	18
0.1	444	440	18
0.1	445	439	18
0.1	182	181	19
0.1	184	183	20
0.1	186	185	20
0.1	449	448	20
0.1	189	188	20
0.1	451	187	20
0.1	191	190	20
0.1	192	453	20
0.1	454	452	20
0.1	455	450	20
0.1	194	193	19
0.1	196	195	19
0.1	197	458	19
0.1	198	459	19
0.1	460	457	19
0.1	200	199	19
0.1	462	461	19
0.1	463	456	19
0.1	464	447	19
0.1	465	446	19
0.1	466	437	15
0.1	467	388	15
0.1	468	329	2
0.1	204	203	21
0.1	470	202	21
0.1	205	471	21
0.1	207	206	21
0.1	209	208	21
0.1	474	473	21
0.1	475	472	21
0.1	210	476	21
0.1	477	201	21
0.1	214	213	23
0.1	216	215	23
0.1	220	219	23
0.1	481	218	23
0.1	482	217	23
0.1	483	480	23
0.1	484	479	23
0.1	222	221	23
0.1	486	485	23
0.1	225	224	24
0.1	488	223	24
0.1	229	228	24
0.1	490	227	24
0.1	491	226	24
0.1	492	489	24
0.1	493	487	24
0.1	232	231	24
0.1	495	230	24
0.1	496	494	24
0.1	235	234	22
0.1	237	236	22
0.1	499	498	22
0.1	239	238	22
0.1	241	240	25
0.1	243	242	25
0.1	245	244	25
0.1	504	503	25
0.1	248	247	25
0.1	249	506	25
0.1	507	246	25
0.1	508	505	25
0.1	509	502	25
0.1	510	501	22
0.1	511	500	22
0.1	512	233	22
0.1	513	497	22
0.1	514	212	22
0.1	515	211	22
0.1	253	252	26
0.1	517	251	26
0.1	254	518	26
0.1	258	257	26
0.1	520	256	26
0.1	260	259	26
0.1	522	521	26
0.1	523	255	26
0.1	262	261	27
0.1	266	265	27
0.1	526	264	27
0.1	527	263	27
0.1	268	267	27
0.1	270	269	27
0.1	530	529	27
0.1	531	528	27
0.1	532	525	27
0.1	533	524	26
0.1	534	519	26
0.1	535	250	22
0.1	536	516	22
0.1	537	478	2
0.1	538	469	2
