1	0	0	1
1	0	0	1
1	0	0	1
1	0	0	2
1	0	0	3
1	0	0	3
1	0	0	3
1	0	0	3
1	0	0	3
1	0	0	3
1	0	0	3
1	0	0	3
1	0	0	3
1	0	0	3
1	0	0	2
1	0	0	4
1	0	0	4
1	0	0	4
1	0	0	4
1	0	0	4
1	0	0	4
1	0	0	4
1	0	0	4
1	0	0	4
1	0	0	4
1	0	0	5
1	0	0	5
1	0	0	5
1	0	0	5
1	0	0	5
1	0	0	5
1	0	0	5
1	0	0	5
1	0	0	5
1	0	0	5
1	0	0	2
1	0	0	2
1	0	0	2
1	0	0	2
1	0	0	2
1	0	0	6
1	0	0	6
1	0	0	6
1	0	0	6
1	0	0	6
1	0	0	6
1	0	0	6
1	0	0	6
1	0	0	6
1	0	0	6
1	0	0	2
1	0	0	7
1	0	0	7
1	0	0	7
1	0	0	7
1	0	0	7
1	0	0	7
1	0	0	7
1	0	0	7
1	0	0	7
1	0	0	7
1	0	0	8
1	0	0	8
1	0	0	8
1	0	0	8
1	0	0	8
1	0	0	8
1	0	0	8
1	0	0	8
1	0	0	8
1	0	0	8
1	0	0	9
1	0	0	9
1	0	0	9
1	0	0	9
1	0	0	9
1	0	0	9
1	0	0	9
1	0	0	9
1	0	0	9
1	0	0	9
1	0	0	2
1	0	0	2
1	0	0	1
1	0	0	1
1	0	0	1
1	0	0	10
1	0	0	11
1	0	0	11
1	0	0	11
1	0	0	11
1	0	0	11
1	0	0	11
1	0	0	11
1	0	0	11
1	0	0	11
1	0	0	11
1	0	0	10
1	0	0	10
1	0	0	12
1	0	0	12
1	0	0	12
1	0	0	12
1	0	0	12
1	0	0	13
1	0	0	13
1	0	0	14
1	0	0	14
1	0	0	15
1	0	0	15
1	0	0	15
1	0	0	15
1	0	0	16
1	0	0	16
1	0	0	16
1	0	0	16
1	0	0	16
1	0	0	16
1	0	0	16
1	0	0	16
1	0	0	16
1	0	0	16
1	0	0	15
1	0	0	15
1	0	0	15
1	0	0	15
1	0	0	15
1	0	0	15
1	0	0	14
1	0	0	14
1	0	0	14
1	0	0	14
1	0	0	14
1	0	0	17
1	0	0	18
1	0	0	18
1	0	0	18
1	0	0	17
1	0	0	17
1	0	0	17
1	0	0	17
1	0	0	19
1	0	0	20
1	0	0	20
1	0	0	20
1	0	0	20
1	0	0	20
1	0	0	20
1	0	0	20
1	0	0	21
1	0	0	21
1	0	0	21
1	0	0	21
1	0	0	21
1	0	0	21
1	0	0	21
1	0	0	21
1	0	0	21
1	0	0	21
1	0	0	22
1	0	0	22
1	0	0	22
1	0	0	22
1	0	0	22
1	0	0	22
1	0	0	22
1	0	0	22
1	0	0	22
1	0	0	22
1	0	0	20
1	0	0	20
1	0	0	20
1	0	0	19
1	0	0	19
1	0	0	19
1	0	0	19
1	0	0	19
1	0	0	19
1	0	0	19
1	0	0	23
1	0	0	23
1	0	0	23
1	0	0	23
1	0	0	23
1	0	0	23
1	0	0	23
1	0	0	23
1	0	0	23
1	0	0	23
1	0	0	24
1	0	0	24
1	0	0	24
1	0	0	24
1	0	0	24
1	0	0	24
1	0	0	24
1	0	0	24
1	0	0	25
1	0	0	25
1	0	0	25
1	0	0	25
1	0	0	25
1	0	0	25
1	0	0	25
1	0	0	25
1	0	0	25
1	0	0	25
1	0	0	24
1	0	0	26
1	0	0	26
1	0	0	26
1	0	0	26
1	0	0	26
1	0	0	26
1	0	0	26
1	0	0	26
1	0	0	26
1	0	0	26
1	0	0	27
1	0	0	27
1	0	0	27
1	0	0	27
1	0	0	27
1	0	0	27
1	0	0	27
1	0	0	27
1	0	0	27
1	0	0	27
1	0	0	28
1	0	0	28
1	0	0	28
1	0	0	28
1	0	0	28
1	0	0	28
1	0	0	28
1	0	0	28
1	0	0	28
1	0	0	28
1	0	0	24
1	0	0	29
1	0	0	29
1	0	0	29
1	0	0	29
1	0	0	29
1	0	0	29
1	0	0	29
1	0	0	29
1	0	0	29
1	0	0	29
1	0	0	19
1	0	0	19
1	0	0	17
1	0	0	17
1	0	0	17
1	0	0	17
1	0	0	17
1	0	0	18
1	0	0	18
1	0	0	18
1	0	0	18
1	0	0	30
1	0	0	30
1	0	0	30
1	0	0	30
1	0	0	30
1	0	0	30
1	0	0	30
1	0	0	30
1	0	0	30
1	0	0	30
1	0	0	18
1	0	0	18
1	0	0	18
1	0	0	14
1	0	0	14
1	0	0	14
1	0	0	13
1	0	0	13
1	0	0	13
1	0	0	13
1	0	0	13
1	0	0	13
1	0	0	13
1	0	0	13
1	0	0	12
1	0	0	31
1	0	0	31
1	0	0	31
1	0	0	31
1	0	0	31
1	0	0	31
1	0	0	31
1	0	0	31
1	0	0	31
1	0	0	31
1	0	0	12
1	0	0	12
1	0	0	12
1	0	0	12
1	0	0	10
1	0	0	10
1	0	0	10
1	0	0	10
1	0	0	10
1	0	0	10
1	0	0	10
1	0	0	1
1	0	0	1
1	0	0	1
1	0	0	32
1	0	0	32
1	0	0	32
1	0	0	32
1	0	0	32
1	0	0	32
1	0	0	32
1	0	0	32
1	0	0	32
1	0	0	33
1	0	0	33
1	0	0	33
1	0	0	33
1	0	0	33
1	0	0	33
1	0	0	33
1	0	0	33
1	0	0	33
1	0	0	33
1	0	0	32
1	0	0	34
1	0	0	34
1	0	0	34
1	0	0	34
1	0	0	34
1	0	0	34
1	0	0	34
1	0	0	34
1	0	0	34
1	0	0	34
1	0	0	35
1	0	0	35
1	0	0	35
1	0	0	35
1	0	0	35
1	0	0	35
1	0	0	35
1	0	0	35
1	0	0	35
1	0	0	35
1	0	0	1
0.1	2	1	1
0.1	6	5	3
0.1	7	352	3
0.1	11	10	3
0.1	354	9	3
0.1	13	12	3
0.1	356	355	3
0.1	14	357	3
0.1	358	8	3
0.1	359	353	3
0.1	360	4	2
0.1	19	18	4
0.1	362	17	4
0.1	20	363	4
0.1	364	16	4
0.1	21	365	4
0.1	24	23	4
0.1	367	22	4
0.1	368	366	4
0.1	25	369	4
0.1	28	27	5
0.1	371	26	5
0.1	30	29	5
0.1	373	372	5
0.1	35	34	5
0.1	375	33	5
0.1	376	32	5
0.1	377	31	5
0.1	378	374	5
0.1	379	370	5
0.1	380	15	2
0.1	36	381	2
0.1	38	37	2
0.1	383	382	2
0.1	40	39	2
0.1	43	42	6
0.1	386	41	6
0.1	44	387	6
0.1	45	388	6
0.1	48	47	6
0.1	390	46	6
0.1	50	49	6
0.1	392	391	6
0.1	393	389	6
0.1	51	394	2
0.1	54	53	7
0.1	57	56	7
0.1	397	55	7
0.1	59	58	7
0.1	399	398	7
0.1	400	396	7
0.1	401	52	7
0.1	61	60	7
0.1	403	402	7
0.1	63	62	8
0.1	64	405	8
0.1	65	406	8
0.1	67	66	8
0.1	68	408	8
0.1	69	409	8
0.1	71	70	8
0.1	411	410	8
0.1	412	407	8
0.1	72	413	9
0.1	76	75	9
0.1	415	74	9
0.1	416	73	9
0.1	79	78	9
0.1	418	77	9
0.1	419	417	9
0.1	81	80	9
0.1	421	420	9
0.1	422	414	9
0.1	423	404	9
0.1	424	395	2
0.1	82	425	2
0.1	426	385	2
0.1	427	384	2
0.1	83	428	2
0.1	429	361	2
0.1	84	430	1
0.1	431	3	1
0.1	432	351	1
0.1	86	85	1
0.1	434	433	1
0.1	89	88	11
0.1	90	436	11
0.1	92	91	11
0.1	96	95	11
0.1	439	94	11
0.1	440	93	11
0.1	441	438	11
0.1	97	442	11
0.1	443	437	11
0.1	444	87	10
0.1	99	98	10
0.1	446	445	10
0.1	101	100	12
0.1	104	103	12
0.1	449	102	12
0.1	450	448	12
0.1	108	107	14
0.1	114	113	16
0.1	115	453	16
0.1	116	454	16
0.1	119	118	16
0.1	456	117	16
0.1	457	455	16
0.1	121	120	16
0.1	122	459	16
0.1	460	458	16
0.1	461	112	15
0.1	462	111	15
0.1	125	124	15
0.1	126	464	15
0.1	465	123	15
0.1	128	127	15
0.1	467	466	15
0.1	468	463	15
0.1	469	110	15
0.1	470	109	15
0.1	129	471	14
0.1	472	452	14
0.1	130	473	14
0.1	132	131	14
0.1	136	135	18
0.1	139	138	17
0.1	141	140	17
0.1	145	144	20
0.1	479	143	20
0.1	149	148	20
0.1	152	151	21
0.1	482	150	21
0.1	155	154	21
0.1	484	153	21
0.1	159	158	21
0.1	486	157	21
0.1	487	156	21
0.1	161	160	22
0.1	163	162	22
0.1	490	489	22
0.1	165	164	22
0.1	167	166	22
0.1	168	493	22
0.1	169	494	22
0.1	495	492	22
0.1	496	491	22
0.1	497	488	21
0.1	498	485	21
0.1	499	483	21
0.1	170	500	20
0.1	501	481	20
0.1	171	502	20
0.1	503	147	20
0.1	172	504	20
0.1	505	146	20
0.1	506	480	20
0.1	174	173	19
0.1	176	175	19
0.1	509	508	19
0.1	178	177	19
0.1	182	181	23
0.1	183	512	23
0.1	513	180	23
0.1	185	184	23
0.1	188	187	23
0.1	189	516	23
0.1	517	186	23
0.1	518	515	23
0.1	519	514	23
0.1	191	190	24
0.1	195	194	24
0.1	522	193	24
0.1	200	199	25
0.1	202	201	25
0.1	204	203	25
0.1	205	526	25
0.1	527	525	25
0.1	207	206	25
0.1	529	528	25
0.1	530	524	25
0.1	531	198	25
0.1	532	197	24
0.1	533	196	24
0.1	211	210	26
0.1	535	209	26
0.1	215	214	26
0.1	537	213	26
0.1	538	212	26
0.1	217	216	26
0.1	218	540	26
0.1	541	539	26
0.1	542	536	26
0.1	543	208	24
0.1	544	534	24
0.1	545	523	24
0.1	546	192	24
0.1	222	221	27
0.1	548	220	27
0.1	224	223	27
0.1	550	549	27
0.1	551	219	27
0.1	227	226	27
0.1	553	225	27
0.1	228	554	27
0.1	555	552	27
0.1	231	230	28
0.1	232	557	28
0.1	558	229	28
0.1	234	233	28
0.1	236	235	28
0.1	561	560	28
0.1	562	559	28
0.1	238	237	28
0.1	564	563	28
0.1	565	556	24
0.1	243	242	29
0.1	244	567	29
0.1	245	568	29
0.1	569	241	29
0.1	247	246	29
0.1	249	248	29
0.1	572	571	29
0.1	573	570	29
0.1	574	240	29
0.1	575	239	24
0.1	576	566	24
0.1	577	547	24
0.1	578	521	24
0.1	579	520	23
0.1	580	179	19
0.1	581	511	19
0.1	582	510	19
0.1	583	507	19
0.1	251	250	19
0.1	585	584	19
0.1	586	142	19
0.1	253	252	17
0.1	254	588	17
0.1	589	587	17
0.1	256	255	17
0.1	591	590	17
0.1	592	478	17
0.1	593	477	17
0.1	257	594	18
0.1	258	595	18
0.1	596	137	18
0.1	597	476	18
0.1	260	259	18
0.1	264	263	30
0.1	600	262	30
0.1	601	261	30
0.1	266	265	30
0.1	267	603	30
0.1	604	602	30
0.1	270	269	30
0.1	606	268	30
0.1	607	605	30
0.1	271	608	18
0.1	272	609	18
0.1	273	610	18
0.1	611	599	18
0.1	612	598	18
0.1	613	134	14
0.1	614	133	14
0.1	615	475	14
0.1	275	274	14
0.1	276	617	14
0.1	618	616	14
0.1	619	474	14
0.1	277	620	13
0.1	278	621	13
0.1	279	622	13
0.1	623	106	13
0.1	624	105	13
0.1	283	282	13
0.1	284	626	13
0.1	627	281	13
0.1	628	280	13
0.1	629	625	13
0.1	630	451	12
0.1	287	286	31
0.1	291	290	31
0.1	633	289	31
0.1	634	288	31
0.1	635	632	31
0.1	293	292	31
0.1	295	294	31
0.1	638	637	31
0.1	639	636	31
0.1	296	640	12
0.1	641	285	12
0.1	298	297	12
0.1	643	642	12
0.1	299	644	12
0.1	645	631	12
0.1	302	301	10
0.1	647	300	10
0.1	305	304	10
0.1	649	303	10
0.1	650	648	10
0.1	651	646	10
0.1	652	447	10
0.1	306	653	10
0.1	311	310	32
0.1	312	655	32
0.1	314	313	32
0.1	657	656	32
0.1	318	317	32
0.1	659	316	32
0.1	323	322	33
0.1	661	321	33
0.1	325	324	33
0.1	663	662	33
0.1	328	327	33
0.1	665	326	33
0.1	666	664	33
0.1	667	320	33
0.1	668	319	33
0.1	669	660	32
0.1	670	315	32
0.1	671	658	32
0.1	333	332	34
0.1	673	331	34
0.1	335	334	34
0.1	675	674	34
0.1	338	337	34
0.1	339	677	34
0.1	678	336	34
0.1	679	676	34
0.1	680	330	34
0.1	341	340	35
0.1	343	342	35
0.1	346	345	35
0.1	684	344	35
0.1	347	685	35
0.1	686	683	35
0.1	687	682	35
0.1	348	688	35
0.1	349	689	35
0.1	690	681	35
0.1	691	329	32
0.1	692	672	32
0.1	350	693	1
0.1	694	309	1
0.1	695	308	1
0.1	696	307	1
0.1	697	654	1
0.1	698	435	1
