1	0	0	1
1	0	0	1
1	0	0	1
1	0	0	1
1	0	0	2
1	0	0	2
1	0	0	2
1	0	0	2
1	0	0	2
1	0	0	2
1	0	0	2
1	0	0	2
1	0	0	2
1	0	0	2
1	0	0	2
1	0	0	2
1	0	0	2
1	0	0	1
1	0	0	1
1	0	0	3
1	0	0	3
1	0	0	3
1	0	0	4
1	0	0	4
1	0	0	4
1	0	0	4
1	0	0	4
1	0	0	4
1	0	0	4
1	0	0	4
1	0	0	4
1	0	0	4
1	0	0	4
1	0	0	4
1	0	0	4
1	0	0	4
1	0	0	4
1	0	0	4
1	0	0	4
1	0	0	4
1	0	0	4
1	0	0	4
1	0	0	3
1	0	0	3
1	0	0	5
1	0	0	5
1	0	0	5
1	0	0	5
1	0	0	5
1	0	0	5
1	0	0	5
1	0	0	5
1	0	0	5
1	0	0	5
1	0	0	5
1	0	0	5
1	0	0	5
1	0	0	5
1	0	0	5
1	0	0	5
1	0	0	5
1	0	0	5
1	0	0	5
1	0	0	5
1	0	0	3
1	0	0	3
1	0	0	3
1	0	0	6
1	0	0	6
1	0	0	6
1	0	0	6
1	0	0	6
1	0	0	6
1	0	0	6
1	0	0	6
1	0	0	6
1	0	0	6
1	0	0	6
1	0	0	6
1	0	0	6
1	0	0	6
1	0	0	6
1	0	0	6
1	0	0	6
1	0	0	6
1	0	0	6
1	0	0	6
1	0	0	7
1	0	0	7
1	0	0	7
1	0	0	7
1	0	0	7
1	0	0	7
1	0	0	7
1	0	0	7
1	0	0	7
1	0	0	7
1	0	0	7
1	0	0	7
1	0	0	7
1	0	0	7
1	0	0	7
1	0	0	7
1	0	0	7
1	0	0	7
1	0	0	7
1	0	0	7
1	0	0	8
1	0	0	8
1	0	0	9
1	0	0	9
1	0	0	9
1	0	0	9
1	0	0	9
1	0	0	9
1	0	0	9
1	0	0	9
1	0	0	9
1	0	0	9
1	0	0	9
1	0	0	9
1	0	0	9
1	0	0	9
1	0	0	9
1	0	0	9
1	0	0	9
1	0	0	9
1	0	0	9
1	0	0	9
1	0	0	8
1	0	0	8
1	0	0	10
1	0	0	10
1	0	0	10
1	0	0	10
1	0	0	10
1	0	0	10
1	0	0	10
1	0	0	10
1	0	0	10
1	0	0	10
1	0	0	10
1	0	0	10
1	0	0	10
1	0	0	10
1	0	0	10
1	0	0	10
1	0	0	10
1	0	0	10
1	0	0	10
1	0	0	10
1	0	0	11
1	0	0	11
1	0	0	11
1	0	0	11
1	0	0	11
1	0	0	11
1	0	0	11
1	0	0	11
1	0	0	11
1	0	0	11
1	0	0	11
1	0	0	11
1	0	0	11
1	0	0	11
1	0	0	11
1	0	0	11
1	0	0	11
1	0	0	11
1	0	0	11
1	0	0	11
1	0	0	12
1	0	0	12
1	0	0	12
1	0	0	12
1	0	0	12
1	0	0	12
1	0	0	12
1	0	0	12
1	0	0	12
1	0	0	12
1	0	0	12
1	0	0	12
1	0	0	12
1	0	0	12
1	0	0	12
1	0	0	12
1	0	0	12
1	0	0	12
1	0	0	12
1	0	0	12
1	0	0	13
1	0	0	13
1	0	0	13
1	0	0	13
1	0	0	13
1	0	0	13
1	0	0	13
1	0	0	13
1	0	0	13
1	0	0	13
1	0	0	13
1	0	0	13
1	0	0	13
1	0	0	13
1	0	0	13
1	0	0	13
1	0	0	13
1	0	0	13
1	0	0	13
1	0	0	13
1	0	0	8
1	0	0	8
1	0	0	8
1	0	0	8
1	0	0	8
1	0	0	14
1	0	0	14
1	0	0	14
1	0	0	14
1	0	0	14
1	0	0	14
1	0	0	14
1	0	0	14
1	0	0	14
1	0	0	14
1	0	0	14
1	0	0	14
1	0	0	14
1	0	0	14
1	0	0	14
1	0	0	14
1	0	0	14
1	0	0	14
1	0	0	14
1	0	0	14
1	0	0	8
1	0	0	8
1	0	0	15
1	0	0	15
1	0	0	15
1	0	0	15
1	0	0	15
1	0	0	15
1	0	0	15
1	0	0	15
1	0	0	15
1	0	0	15
1	0	0	15
1	0	0	15
1	0	0	15
1	0	0	15
1	0	0	15
1	0	0	15
1	0	0	15
1	0	0	15
1	0	0	15
1	0	0	15
1	0	0	8
1	0	0	8
1	0	0	8
1	0	0	16
1	0	0	16
1	0	0	16
1	0	0	16
1	0	0	16
1	0	0	16
1	0	0	16
1	0	0	16
1	0	0	16
1	0	0	16
1	0	0	16
1	0	0	16
1	0	0	16
1	0	0	16
1	0	0	16
1	0	0	16
1	0	0	16
1	0	0	16
1	0	0	16
1	0	0	16
1	0	0	17
1	0	0	17
1	0	0	17
1	0	0	17
1	0	0	17
1	0	0	17
1	0	0	17
1	0	0	17
1	0	0	17
1	0	0	17
1	0	0	17
1	0	0	17
1	0	0	17
1	0	0	17
1	0	0	17
1	0	0	17
1	0	0	17
1	0	0	17
1	0	0	17
1	0	0	17
1	0	0	8
1	0	0	8
1	0	0	18
1	0	0	18
1	0	0	18
1	0	0	18
1	0	0	18
1	0	0	18
1	0	0	18
1	0	0	18
1	0	0	18
1	0	0	18
1	0	0	18
1	0	0	18
1	0	0	18
1	0	0	18
1	0	0	18
1	0	0	18
1	0	0	18
1	0	0	18
1	0	0	18
1	0	0	18
1	0	0	8
1	0	0	19
1	0	0	19
1	0	0	19
1	0	0	19
1	0	0	19
1	0	0	19
1	0	0	19
1	0	0	19
1	0	0	19
1	0	0	19
1	0	0	19
1	0	0	19
1	0	0	19
1	0	0	19
1	0	0	19
1	0	0	19
1	0	0	19
1	0	0	19
1	0	0	19
1	0	0	19
1	0	0	20
1	0	0	20
1	0	0	20
1	0	0	20
1	0	0	20
1	0	0	20
1	0	0	20
1	0	0	20
1	0	0	20
1	0	0	20
1	0	0	20
1	0	0	20
1	0	0	20
1	0	0	20
1	0	0	20
1	0	0	20
1	0	0	20
1	0	0	20
1	0	0	20
1	0	0	20
1	0	0	21
1	0	0	21
1	0	0	21
1	0	0	21
1	0	0	21
1	0	0	21
1	0	0	21
1	0	0	21
1	0	0	21
1	0	0	21
1	0	0	21
1	0	0	21
1	0	0	21
1	0	0	21
1	0	0	21
1	0	0	21
1	0	0	21
1	0	0	21
1	0	0	21
1	0	0	21
1	0	0	8
1	0	0	8
1	0	0	8
1	0	0	22
1	0	0	22
1	0	0	22
1	0	0	22
1	0	0	22
1	0	0	22
1	0	0	22
1	0	0	22
1	0	0	22
1	0	0	22
1	0	0	22
1	0	0	22
1	0	0	22
1	0	0	22
1	0	0	22
1	0	0	22
1	0	0	22
1	0	0	22
1	0	0	22
1	0	0	22
1	0	0	23
1	0	0	23
1	0	0	23
1	0	0	23
1	0	0	23
1	0	0	23
1	0	0	23
1	0	0	23
1	0	0	23
1	0	0	23
1	0	0	23
1	0	0	23
1	0	0	23
1	0	0	23
1	0	0	23
1	0	0	23
1	0	0	23
1	0	0	23
1	0	0	23
1	0	0	23
1	0	0	24
1	0	0	24
1	0	0	24
1	0	0	24
1	0	0	24
1	0	0	24
1	0	0	24
1	0	0	24
1	0	0	24
1	0	0	24
1	0	0	24
1	0	0	24
1	0	0	24
1	0	0	24
1	0	0	24
1	0	0	24
1	0	0	24
1	0	0	24
1	0	0	24
1	0	0	24
1	0	0	25
1	0	0	25
1	0	0	25
1	0	0	25
1	0	0	25
1	0	0	25
1	0	0	25
1	0	0	25
1	0	0	25
1	0	0	25
1	0	0	25
1	0	0	25
1	0	0	25
1	0	0	25
1	0	0	25
1	0	0	25
1	0	0	25
1	0	0	25
1	0	0	25
1	0	0	25
1	0	0	26
1	0	0	26
1	0	0	26
1	0	0	26
1	0	0	26
1	0	0	26
1	0	0	26
1	0	0	26
1	0	0	26
1	0	0	26
1	0	0	26
1	0	0	26
1	0	0	26
1	0	0	26
1	0	0	26
1	0	0	26
1	0	0	26
1	0	0	26
1	0	0	26
1	0	0	26
1	0	0	27
1	0	0	27
1	0	0	28
1	0	0	28
1	0	0	28
1	0	0	28
1	0	0	28
1	0	0	28
1	0	0	28
1	0	0	28
1	0	0	28
1	0	0	28
1	0	0	28
1	0	0	28
1	0	0	28
1	0	0	28
1	0	0	28
1	0	0	28
1	0	0	28
1	0	0	28
1	0	0	28
1	0	0	28
1	0	0	27
1	0	0	27
1	0	0	27
1	0	0	27
1	0	0	27
1	0	0	29
1	0	0	29
1	0	0	29
1	0	0	29
1	0	0	29
1	0	0	29
1	0	0	29
1	0	0	29
1	0	0	29
1	0	0	29
1	0	0	29
1	0	0	29
1	0	0	29
1	0	0	29
1	0	0	29
1	0	0	29
1	0	0	29
1	0	0	29
1	0	0	29
1	0	0	29
1	0	0	27
1	0	0	27
1	0	0	27
1	0	0	30
1	0	0	30
1	0	0	30
1	0	0	30
1	0	0	30
1	0	0	30
1	0	0	30
1	0	0	30
1	0	0	30
1	0	0	30
1	0	0	30
1	0	0	30
1	0	0	30
1	0	0	30
1	0	0	30
1	0	0	30
1	0	0	30
1	0	0	30
1	0	0	30
1	0	0	30
1	0	0	27
1	0	0	27
1	0	0	27
1	0	0	31
1	0	0	31
1	0	0	31
1	0	0	31
1	0	0	31
1	0	0	31
1	0	0	31
1	0	0	31
1	0	0	31
1	0	0	31
1	0	0	31
1	0	0	31
1	0	0	31
1	0	0	31
1	0	0	31
1	0	0	31
1	0	0	31
1	0	0	31
1	0	0	31
1	0	0	31
1	0	0	27
1	0	0	27
1	0	0	27
1	0	0	27
1	0	0	27
1	0	0	27
1	0	0	32
1	0	0	32
1	0	0	32
1	0	0	32
1	0	0	32
1	0	0	32
1	0	0	32
1	0	0	32
1	0	0	32
1	0	0	32
1	0	0	32
1	0	0	32
1	0	0	32
1	0	0	32
1	0	0	32
1	0	0	32
1	0	0	32
1	0	0	32
1	0	0	32
1	0	0	32
1	0	0	27
1	0	0	33
1	0	0	33
1	0	0	33
1	0	0	33
1	0	0	33
1	0	0	33
1	0	0	33
1	0	0	33
1	0	0	33
1	0	0	33
1	0	0	33
1	0	0	33
1	0	0	33
1	0	0	33
1	0	0	33
1	0	0	33
1	0	0	33
1	0	0	33
1	0	0	33
1	0	0	33
1	0	0	34
1	0	0	34
1	0	0	34
1	0	0	34
1	0	0	34
1	0	0	34
1	0	0	34
1	0	0	34
1	0	0	34
1	0	0	34
1	0	0	34
1	0	0	34
1	0	0	34
1	0	0	34
1	0	0	34
1	0	0	34
1	0	0	34
1	0	0	34
1	0	0	34
1	0	0	34
1	0	0	35
1	0	0	35
1	0	0	35
1	0	0	35
1	0	0	35
1	0	0	35
1	0	0	35
1	0	0	35
1	0	0	35
1	0	0	35
1	0	0	35
1	0	0	35
1	0	0	35
1	0	0	35
1	0	0	35
1	0	0	35
1	0	0	35
1	0	0	35
1	0	0	35
1	0	0	35
1	0	0	36
1	0	0	36
1	0	0	36
1	0	0	36
1	0	0	36
1	0	0	36
1	0	0	36
1	0	0	36
1	0	0	36
1	0	0	36
1	0	0	36
1	0	0	36
1	0	0	36
1	0	0	36
1	0	0	36
1	0	0	36
1	0	0	36
1	0	0	36
1	0	0	36
1	0	0	36
1	0	0	37
1	0	0	37
1	0	0	37
1	0	0	37
1	0	0	37
1	0	0	37
1	0	0	37
1	0	0	37
1	0	0	37
1	0	0	37
1	0	0	37
1	0	0	37
1	0	0	37
1	0	0	37
1	0	0	37
1	0	0	37
1	0	0	37
1	0	0	37
1	0	0	37
1	0	0	37
1	0	0	3
1	0	0	3
1	0	0	3
1	0	0	3
1	0	0	3
1	0	0	3
1	0	0	3
1	0	0	3
1	0	0	3
1	0	0	3
1	0	0	3
1	0	0	38
1	0	0	38
1	0	0	38
1	0	0	38
1	0	0	38
1	0	0	38
1	0	0	38
1	0	0	38
1	0	0	38
1	0	0	38
1	0	0	38
1	0	0	38
1	0	0	38
1	0	0	38
1	0	0	38
1	0	0	38
1	0	0	38
1	0	0	38
1	0	0	38
1	0	0	38
1	0	0	3
1	0	0	2
1	0	0	2
1	0	0	39
1	0	0	40
1	0	0	40
1	0	0	40
1	0	0	40
1	0	0	40
1	0	0	40
1	0	0	40
1	0	0	40
1	0	0	40
1	0	0	40
1	0	0	40
1	0	0	40
1	0	0	40
1	0	0	40
1	0	0	40
1	0	0	40
1	0	0	40
1	0	0	40
1	0	0	40
1	0	0	40
1	0	0	41
1	0	0	41
1	0	0	41
1	0	0	41
1	0	0	41
1	0	0	41
1	0	0	41
1	0	0	41
1	0	0	41
1	0	0	41
1	0	0	41
1	0	0	41
1	0	0	41
1	0	0	41
1	0	0	41
1	0	0	41
1	0	0	41
1	0	0	41
1	0	0	41
1	0	0	41
1	0	0	42
1	0	0	42
1	0	0	42
1	0	0	42
1	0	0	42
1	0	0	42
1	0	0	42
1	0	0	42
1	0	0	42
1	0	0	43
1	0	0	44
1	0	0	44
1	0	0	44
1	0	0	44
1	0	0	44
1	0	0	44
1	0	0	44
1	0	0	44
1	0	0	44
1	0	0	44
1	0	0	44
1	0	0	44
1	0	0	44
1	0	0	44
1	0	0	45
1	0	0	45
1	0	0	45
1	0	0	45
1	0	0	45
1	0	0	45
1	0	0	39
1	0	0	39
1	0	0	39
1	0	0	39
1	0	0	39
1	0	0	39
1	0	0	43
1	0	0	43
1	0	0	43
1	0	0	43
1	0	0	43
1	0	0	43
1	0	0	43
1	0	0	43
1	0	0	43
1	0	0	43
1	0	0	43
1	0	0	43
1	0	0	43
1	0	0	43
1	0	0	43
1	0	0	43
1	0	0	43
1	0	0	43
1	0	0	46
1	0	0	46
1	0	0	46
1	0	0	46
1	0	0	46
1	0	0	46
1	0	0	47
1	0	0	47
1	0	0	47
1	0	0	47
1	0	0	47
1	0	0	47
1	0	0	47
1	0	0	47
1	0	0	47
1	0	0	47
1	0	0	47
1	0	0	47
1	0	0	47
1	0	0	47
1	0	0	47
1	0	0	47
1	0	0	47
1	0	0	47
1	0	0	47
1	0	0	47
1	0	0	46
1	0	0	46
1	0	0	46
1	0	0	46
1	0	0	46
1	0	0	46
1	0	0	46
1	0	0	46
1	0	0	46
1	0	0	44
1	0	0	44
1	0	0	44
1	0	0	44
1	0	0	48
1	0	0	48
1	0	0	46
1	0	0	42
1	0	0	42
1	0	0	49
1	0	0	49
1	0	0	49
1	0	0	49
1	0	0	49
1	0	0	49
1	0	0	49
1	0	0	49
1	0	0	49
1	0	0	49
1	0	0	49
1	0	0	49
1	0	0	49
1	0	0	49
1	0	0	49
1	0	0	49
1	0	0	49
1	0	0	49
1	0	0	49
1	0	0	49
1	0	0	1
1	0	0	1
1	0	0	1
1	0	0	1
1	0	0	1
1	0	0	50
1	0	0	50
1	0	0	50
1	0	0	50
1	0	0	50
1	0	0	50
1	0	0	50
1	0	0	50
1	0	0	50
1	0	0	50
1	0	0	50
1	0	0	50
1	0	0	50
1	0	0	50
1	0	0	50
1	0	0	51
1	0	0	51
1	0	0	51
1	0	0	51
1	0	0	42
1	0	0	42
1	0	0	42
1	0	0	42
1	0	0	42
1	0	0	42
1	0	0	42
1	0	0	42
1	0	0	42
1	0	0	45
1	0	0	45
1	0	0	45
1	0	0	45
1	0	0	45
1	0	0	45
1	0	0	45
1	0	0	45
1	0	0	45
1	0	0	45
1	0	0	45
1	0	0	45
1	0	0	45
1	0	0	45
1	0	0	52
1	0	0	52
1	0	0	53
1	0	0	53
1	0	0	53
1	0	0	53
1	0	0	53
1	0	0	53
1	0	0	53
1	0	0	53
1	0	0	53
1	0	0	53
1	0	0	53
1	0	0	53
1	0	0	53
1	0	0	53
1	0	0	53
1	0	0	53
1	0	0	53
1	0	0	53
1	0	0	53
1	0	0	53
1	0	0	52
1	0	0	52
1	0	0	52
1	0	0	52
1	0	0	52
1	0	0	52
1	0	0	52
1	0	0	54
1	0	0	54
1	0	0	54
1	0	0	54
1	0	0	54
1	0	0	54
1	0	0	54
1	0	0	54
1	0	0	54
1	0	0	54
1	0	0	54
1	0	0	54
1	0	0	54
1	0	0	54
1	0	0	54
1	0	0	54
1	0	0	54
1	0	0	54
1	0	0	54
1	0	0	54
1	0	0	52
1	0	0	52
1	0	0	52
1	0	0	52
1	0	0	52
1	0	0	52
1	0	0	52
1	0	0	52
1	0	0	52
1	0	0	52
1	0	0	52
1	0	0	55
1	0	0	55
1	0	0	55
1	0	0	55
1	0	0	55
1	0	0	55
1	0	0	55
1	0	0	55
1	0	0	55
1	0	0	55
1	0	0	55
1	0	0	55
1	0	0	55
1	0	0	55
1	0	0	55
1	0	0	55
1	0	0	55
1	0	0	51
1	0	0	51
1	0	0	51
1	0	0	51
1	0	0	51
1	0	0	51
1	0	0	51
1	0	0	44
1	0	0	44
1	0	0	56
1	0	0	56
1	0	0	56
1	0	0	56
1	0	0	56
1	0	0	57
1	0	0	57
1	0	0	57
1	0	0	57
1	0	0	57
1	0	0	57
1	0	0	57
1	0	0	57
1	0	0	57
1	0	0	56
1	0	0	56
1	0	0	56
1	0	0	56
1	0	0	56
1	0	0	56
1	0	0	56
1	0	0	56
1	0	0	56
1	0	0	56
1	0	0	56
1	0	0	56
1	0	0	56
1	0	0	56
1	0	0	56
1	0	0	57
1	0	0	57
1	0	0	57
1	0	0	57
1	0	0	57
1	0	0	57
1	0	0	57
1	0	0	57
1	0	0	57
1	0	0	57
1	0	0	57
1	0	0	58
1	0	0	58
1	0	0	58
1	0	0	58
1	0	0	58
1	0	0	59
1	0	0	59
1	0	0	59
1	0	0	59
1	0	0	59
1	0	0	59
1	0	0	59
1	0	0	59
1	0	0	60
1	0	0	60
1	0	0	60
1	0	0	60
1	0	0	60
1	0	0	60
1	0	0	60
1	0	0	60
1	0	0	60
1	0	0	60
1	0	0	60
1	0	0	60
1	0	0	60
1	0	0	60
1	0	0	60
1	0	0	60
1	0	0	60
1	0	0	60
1	0	0	60
1	0	0	60
1	0	0	59
1	0	0	59
1	0	0	59
1	0	0	59
1	0	0	59
1	0	0	59
1	0	0	59
1	0	0	59
1	0	0	59
1	0	0	59
1	0	0	59
1	0	0	59
1	0	0	58
1	0	0	58
1	0	0	58
1	0	0	58
1	0	0	58
1	0	0	58
1	0	0	58
1	0	0	58
1	0	0	58
1	0	0	58
1	0	0	58
1	0	0	58
1	0	0	58
1	0	0	58
1	0	0	58
1	0	0	61
1	0	0	62
1	0	0	62
1	0	0	62
1	0	0	62
1	0	0	62
1	0	0	62
1	0	0	62
1	0	0	62
1	0	0	62
1	0	0	62
1	0	0	62
1	0	0	62
1	0	0	62
1	0	0	62
1	0	0	62
1	0	0	62
1	0	0	62
1	0	0	62
1	0	0	62
1	0	0	62
1	0	0	61
1	0	0	61
1	0	0	55
1	0	0	55
1	0	0	55
1	0	0	51
1	0	0	51
1	0	0	51
1	0	0	51
1	0	0	51
1	0	0	51
1	0	0	51
1	0	0	51
1	0	0	51
1	0	0	61
1	0	0	61
1	0	0	61
1	0	0	61
1	0	0	63
1	0	0	63
1	0	0	63
1	0	0	63
1	0	0	61
1	0	0	39
1	0	0	39
1	0	0	39
1	0	0	39
1	0	0	39
1	0	0	64
1	0	0	64
1	0	0	64
1	0	0	64
1	0	0	64
1	0	0	64
1	0	0	64
1	0	0	64
1	0	0	64
1	0	0	64
1	0	0	64
1	0	0	64
1	0	0	64
1	0	0	64
1	0	0	64
1	0	0	64
1	0	0	64
1	0	0	64
1	0	0	64
1	0	0	64
1	0	0	39
1	0	0	65
1	0	0	65
1	0	0	65
1	0	0	65
1	0	0	65
1	0	0	65
1	0	0	65
1	0	0	65
1	0	0	65
1	0	0	65
1	0	0	65
1	0	0	65
1	0	0	65
1	0	0	65
1	0	0	65
1	0	0	65
1	0	0	65
1	0	0	65
1	0	0	65
1	0	0	65
1	0	0	39
1	0	0	39
1	0	0	39
1	0	0	66
1	0	0	66
1	0	0	66
1	0	0	66
1	0	0	66
1	0	0	66
1	0	0	66
1	0	0	66
1	0	0	66
1	0	0	66
1	0	0	66
1	0	0	66
1	0	0	66
1	0	0	66
1	0	0	66
1	0	0	66
1	0	0	66
1	0	0	66
1	0	0	66
1	0	0	66
1	0	0	39
1	0	0	39
1	0	0	39
1	0	0	61
1	0	0	63
1	0	0	63
1	0	0	63
1	0	0	63
1	0	0	63
1	0	0	63
1	0	0	63
1	0	0	63
1	0	0	63
1	0	0	63
1	0	0	63
1	0	0	63
1	0	0	63
1	0	0	63
1	0	0	63
1	0	0	63
1	0	0	43
1	0	0	61
1	0	0	61
1	0	0	61
1	0	0	61
1	0	0	61
1	0	0	61
1	0	0	61
1	0	0	61
1	0	0	67
1	0	0	67
1	0	0	67
1	0	0	39
1	0	0	67
1	0	0	67
1	0	0	67
1	0	0	67
1	0	0	67
1	0	0	67
1	0	0	67
1	0	0	67
1	0	0	67
1	0	0	67
1	0	0	67
1	0	0	67
1	0	0	67
1	0	0	67
1	0	0	67
1	0	0	67
1	0	0	67
1	0	0	61
1	0	0	61
1	0	0	61
1	0	0	50
1	0	0	50
1	0	0	50
1	0	0	50
1	0	0	50
1	0	0	1
1	0	0	48
1	0	0	48
1	0	0	48
1	0	0	48
1	0	0	48
1	0	0	48
1	0	0	48
1	0	0	48
1	0	0	48
1	0	0	48
1	0	0	48
1	0	0	1
1	0	0	1
1	0	0	1
1	0	0	1
1	0	0	46
1	0	0	46
1	0	0	46
1	0	0	46
1	0	0	2
1	0	0	2
1	0	0	2
1	0	0	2
1	0	0	2
1	0	0	1
1	0	0	1
1	0	0	1
1	0	0	48
1	0	0	48
1	0	0	48
1	0	0	48
1	0	0	48
1	0	0	48
1	0	0	48
1	0	0	1
0.1	3	2	1
0.1	8	7	2
0.1	1342	6	2
0.1	1343	5	2
0.1	14	13	2
0.1	1345	12	2
0.1	1346	11	2
0.1	1347	10	2
0.1	1348	9	2
0.1	1349	1344	2
0.1	16	15	2
0.1	17	1351	2
0.1	1352	1350	2
0.1	18	1353	1
0.1	19	1354	1
0.1	1355	4	1
0.1	24	23	4
0.1	25	1357	4
0.1	27	26	4
0.1	29	28	4
0.1	30	1360	4
0.1	1361	1359	4
0.1	33	32	4
0.1	1363	31	4
0.1	34	1364	4
0.1	1365	1362	4
0.1	1366	1358	4
0.1	36	35	4
0.1	39	38	4
0.1	1369	37	4
0.1	1370	1368	4
0.1	40	1371	4
0.1	42	41	4
0.1	1373	1372	4
0.1	1374	1367	4
0.1	1375	22	3
0.1	1376	21	3
0.1	43	1377	3
0.1	47	46	5
0.1	50	49	5
0.1	1380	48	5
0.1	51	1381	5
0.1	53	52	5
0.1	55	54	5
0.1	1384	1383	5
0.1	1385	1382	5
0.1	56	1386	5
0.1	57	1387	5
0.1	1388	1379	5
0.1	60	59	5
0.1	1390	58	5
0.1	63	62	5
0.1	64	1392	5
0.1	1393	61	5
0.1	1394	1391	5
0.1	1395	1389	5
0.1	1396	45	5
0.1	65	1397	3
0.1	66	1398	3
0.1	1399	44	3
0.1	1400	1378	3
0.1	1401	20	3
0.1	69	68	6
0.1	70	1403	6
0.1	74	73	6
0.1	75	1405	6
0.1	1406	72	6
0.1	79	78	6
0.1	1408	77	6
0.1	1409	76	6
0.1	1410	1407	6
0.1	1411	71	6
0.1	81	80	6
0.1	1413	1412	6
0.1	82	1414	6
0.1	85	84	6
0.1	1416	83	6
0.1	87	86	6
0.1	1418	1417	6
0.1	1419	1415	6
0.1	1420	1404	6
0.1	91	90	7
0.1	1422	89	7
0.1	1423	88	7
0.1	93	92	7
0.1	95	94	7
0.1	97	96	7
0.1	1427	1426	7
0.1	1428	1425	7
0.1	99	98	7
0.1	102	101	7
0.1	1431	100	7
0.1	1432	1430	7
0.1	103	1433	7
0.1	105	104	7
0.1	1435	1434	7
0.1	107	106	7
0.1	1437	1436	7
0.1	1438	1429	7
0.1	1439	1424	7
0.1	109	108	8
0.1	111	110	9
0.1	115	114	9
0.1	1443	113	9
0.1	117	116	9
0.1	1445	1444	9
0.1	1446	112	9
0.1	119	118	9
0.1	123	122	9
0.1	1449	121	9
0.1	1450	120	9
0.1	127	126	9
0.1	1452	125	9
0.1	129	128	9
0.1	1454	1453	9
0.1	1455	124	9
0.1	1456	1451	9
0.1	1457	1448	9
0.1	1458	1447	9
0.1	1459	1442	9
0.1	130	1460	8
0.1	131	1461	8
0.1	136	135	10
0.1	1463	134	10
0.1	1464	133	10
0.1	1465	132	10
0.1	137	1466	10
0.1	140	139	10
0.1	142	141	10
0.1	144	143	10
0.1	145	1470	10
0.1	1471	1469	10
0.1	1472	1468	10
0.1	1473	138	10
0.1	147	146	10
0.1	150	149	10
0.1	151	1476	10
0.1	1477	148	10
0.1	1478	1475	10
0.1	1479	1474	10
0.1	1480	1467	10
0.1	153	152	11
0.1	155	154	11
0.1	1483	1482	11
0.1	157	156	11
0.1	160	159	11
0.1	1486	158	11
0.1	1487	1485	11
0.1	161	1488	11
0.1	166	165	11
0.1	1490	164	11
0.1	1491	163	11
0.1	1492	162	11
0.1	170	169	11
0.1	1494	168	11
0.1	1495	167	11
0.1	1496	1493	11
0.1	171	1497	11
0.1	1498	1489	11
0.1	1499	1484	11
0.1	174	173	12
0.1	1501	172	12
0.1	176	175	12
0.1	179	178	12
0.1	1504	177	12
0.1	183	182	12
0.1	1506	181	12
0.1	1507	180	12
0.1	185	184	12
0.1	187	186	12
0.1	190	189	12
0.1	191	1511	12
0.1	1512	188	12
0.1	1513	1510	12
0.1	1514	1509	12
0.1	1515	1508	12
0.1	1516	1505	12
0.1	1517	1503	12
0.1	1518	1502	12
0.1	194	193	13
0.1	1520	192	13
0.1	197	196	13
0.1	1522	195	13
0.1	200	199	13
0.1	1524	198	13
0.1	1525	1523	13
0.1	203	202	13
0.1	1527	201	13
0.1	206	205	13
0.1	1529	204	13
0.1	207	1530	13
0.1	211	210	13
0.1	1532	209	13
0.1	1533	208	13
0.1	1534	1531	13
0.1	1535	1528	13
0.1	1536	1526	13
0.1	1537	1521	13
0.1	214	213	8
0.1	1539	212	8
0.1	215	1540	8
0.1	1541	1538	8
0.1	1542	1519	8
0.1	1543	1500	8
0.1	1544	1481	8
0.1	1545	1462	8
0.1	218	217	14
0.1	222	221	14
0.1	1548	220	14
0.1	1549	219	14
0.1	224	223	14
0.1	1551	1550	14
0.1	226	225	14
0.1	1553	1552	14
0.1	228	227	14
0.1	230	229	14
0.1	1556	1555	14
0.1	1557	1554	14
0.1	1558	1547	14
0.1	234	233	14
0.1	1560	232	14
0.1	235	1561	14
0.1	236	1562	14
0.1	1563	231	14
0.1	1564	1559	14
0.1	1565	216	8
0.1	1566	1546	8
0.1	242	241	15
0.1	1568	240	15
0.1	243	1569	15
0.1	245	244	15
0.1	1571	1570	15
0.1	1572	239	15
0.1	248	247	15
0.1	1574	246	15
0.1	1575	1573	15
0.1	252	251	15
0.1	1577	250	15
0.1	1578	249	15
0.1	255	254	15
0.1	1580	253	15
0.1	258	257	15
0.1	1582	256	15
0.1	1583	1581	15
0.1	1584	1579	15
0.1	1585	1576	15
0.1	1586	238	8
0.1	1587	237	8
0.1	260	259	8
0.1	266	265	16
0.1	1590	264	16
0.1	269	268	16
0.1	1592	267	16
0.1	272	271	16
0.1	1594	270	16
0.1	275	274	16
0.1	279	278	16
0.1	1597	277	16
0.1	1598	276	16
0.1	1599	1596	16
0.1	1600	273	16
0.1	1601	1595	16
0.1	1602	1593	16
0.1	1603	1591	16
0.1	1604	263	16
0.1	1605	262	16
0.1	281	280	16
0.1	1607	1606	16
0.1	1608	261	8
0.1	1609	1589	8
0.1	1610	1588	8
0.1	283	282	17
0.1	285	284	17
0.1	287	286	17
0.1	1614	1613	17
0.1	1615	1612	17
0.1	290	289	17
0.1	1617	288	17
0.1	291	1618	17
0.1	1619	1616	17
0.1	293	292	17
0.1	294	1621	17
0.1	297	296	17
0.1	299	298	17
0.1	300	1624	17
0.1	301	1625	17
0.1	1626	1623	17
0.1	1627	295	17
0.1	1628	1622	17
0.1	1629	1620	17
0.1	303	302	8
0.1	305	304	18
0.1	308	307	18
0.1	310	309	18
0.1	313	312	18
0.1	1635	311	18
0.1	1636	1634	18
0.1	1637	1633	18
0.1	1638	306	18
0.1	1639	1632	18
0.1	316	315	18
0.1	319	318	18
0.1	1642	317	18
0.1	1643	1641	18
0.1	321	320	18
0.1	1645	1644	18
0.1	323	322	18
0.1	1647	1646	18
0.1	1648	314	18
0.1	1649	1640	18
0.1	1650	1631	8
0.1	1651	1630	8
0.1	329	328	19
0.1	1653	327	19
0.1	1654	326	19
0.1	1655	325	19
0.1	333	332	19
0.1	1657	331	19
0.1	335	334	19
0.1	338	337	19
0.1	1660	336	19
0.1	1661	1659	19
0.1	339	1662	19
0.1	340	1663	19
0.1	1664	1658	19
0.1	1665	330	19
0.1	344	343	19
0.1	1667	342	19
0.1	1668	341	19
0.1	1669	1666	19
0.1	1670	1656	19
0.1	347	346	20
0.1	348	1672	20
0.1	350	349	20
0.1	1674	1673	20
0.1	1675	345	20
0.1	352	351	20
0.1	355	354	20
0.1	1678	353	20
0.1	1679	1677	20
0.1	358	357	20
0.1	359	1681	20
0.1	1682	356	20
0.1	1683	1680	20
0.1	1684	1676	20
0.1	361	360	20
0.1	1686	1685	20
0.1	363	362	20
0.1	364	1688	20
0.1	1689	1687	20
0.1	1690	1671	19
0.1	1691	324	8
0.1	366	365	21
0.1	368	367	21
0.1	370	369	21
0.1	372	371	21
0.1	373	1696	21
0.1	1697	1695	21
0.1	1698	1694	21
0.1	1699	1693	21
0.1	375	374	21
0.1	378	377	21
0.1	379	1702	21
0.1	380	1703	21
0.1	381	1704	21
0.1	1705	376	21
0.1	1706	1701	21
0.1	384	383	21
0.1	1708	382	21
0.1	1709	1707	21
0.1	1710	1700	21
0.1	386	385	8
0.1	1712	1711	8
0.1	1713	1692	8
0.1	1714	1652	8
0.1	1715	1611	8
0.1	1716	1567	8
0.1	1717	1441	8
0.1	389	388	22
0.1	391	390	22
0.1	392	1720	22
0.1	1721	1719	22
0.1	393	1722	22
0.1	396	395	22
0.1	1724	394	22
0.1	398	397	22
0.1	400	399	22
0.1	401	1727	22
0.1	1728	1726	22
0.1	1729	1725	22
0.1	403	402	22
0.1	405	404	22
0.1	406	1732	22
0.1	407	1733	22
0.1	1734	1731	22
0.1	1735	1730	22
0.1	1736	1723	22
0.1	1737	387	8
0.1	411	410	23
0.1	413	412	23
0.1	1740	1739	23
0.1	1741	409	23
0.1	1742	408	23
0.1	417	416	23
0.1	1744	415	23
0.1	1745	414	23
0.1	1746	1743	23
0.1	420	419	23
0.1	422	421	23
0.1	1749	1748	23
0.1	1750	418	23
0.1	425	424	23
0.1	1752	423	23
0.1	426	1753	23
0.1	427	1754	23
0.1	1755	1751	23
0.1	1756	1747	23
0.1	1757	1738	8
0.1	431	430	24
0.1	433	432	24
0.1	1760	1759	24
0.1	1761	429	24
0.1	436	435	24
0.1	1763	434	24
0.1	438	437	24
0.1	1765	1764	24
0.1	439	1766	24
0.1	443	442	24
0.1	1768	441	24
0.1	1769	440	24
0.1	447	446	24
0.1	1771	445	24
0.1	1772	444	24
0.1	1773	1770	24
0.1	1774	1767	24
0.1	1775	1762	24
0.1	1776	428	24
0.1	452	451	25
0.1	1778	450	25
0.1	455	454	25
0.1	456	1780	25
0.1	1781	453	25
0.1	1782	1779	25
0.1	458	457	25
0.1	459	1784	25
0.1	461	460	25
0.1	1786	1785	25
0.1	1787	1783	25
0.1	1788	449	25
0.1	462	1789	25
0.1	464	463	25
0.1	465	1791	25
0.1	1792	1790	25
0.1	1793	448	25
0.1	467	466	25
0.1	1795	1794	25
0.1	470	469	26
0.1	1797	468	26
0.1	472	471	26
0.1	474	473	26
0.1	477	476	26
0.1	1801	475	26
0.1	1802	1800	26
0.1	479	478	26
0.1	480	1804	26
0.1	1805	1803	26
0.1	482	481	26
0.1	483	1807	26
0.1	1808	1806	26
0.1	486	485	26
0.1	487	1810	26
0.1	1811	484	26
0.1	1812	1809	26
0.1	1813	1799	26
0.1	1814	1798	26
0.1	1815	1796	26
0.1	489	488	27
0.1	492	491	28
0.1	1818	490	28
0.1	493	1819	28
0.1	496	495	28
0.1	1821	494	28
0.1	499	498	28
0.1	500	1823	28
0.1	1824	497	28
0.1	503	502	28
0.1	506	505	28
0.1	1827	504	28
0.1	1828	1826	28
0.1	1829	501	28
0.1	509	508	28
0.1	1831	507	28
0.1	1832	1830	28
0.1	1833	1825	28
0.1	1834	1822	28
0.1	1835	1820	28
0.1	1836	1817	27
0.1	519	518	29
0.1	520	1838	29
0.1	1839	517	29
0.1	1840	516	29
0.1	522	521	29
0.1	524	523	29
0.1	1843	1842	29
0.1	526	525	29
0.1	1845	1844	29
0.1	1846	1841	29
0.1	528	527	29
0.1	1848	1847	29
0.1	531	530	29
0.1	532	1850	29
0.1	1851	529	29
0.1	533	1852	29
0.1	1853	1849	29
0.1	534	1854	29
0.1	1855	515	29
0.1	535	1856	27
0.1	537	536	27
0.1	1858	1857	27
0.1	1859	514	27
0.1	1860	513	27
0.1	1861	512	27
0.1	1862	511	27
0.1	1863	510	27
0.1	1864	1837	27
0.1	540	539	30
0.1	542	541	30
0.1	544	543	30
0.1	547	546	30
0.1	1869	545	30
0.1	1870	1868	30
0.1	1871	1867	30
0.1	1872	1866	30
0.1	549	548	30
0.1	551	550	30
0.1	552	1875	30
0.1	1876	1874	30
0.1	553	1877	30
0.1	556	555	30
0.1	557	1879	30
0.1	1880	554	30
0.1	1881	1878	30
0.1	1882	1873	30
0.1	1883	538	30
0.1	559	558	27
0.1	562	561	31
0.1	564	563	31
0.1	567	566	31
0.1	568	1888	31
0.1	1889	565	31
0.1	1890	1887	31
0.1	1891	1886	31
0.1	572	571	31
0.1	1893	570	31
0.1	1894	569	31
0.1	576	575	31
0.1	1896	574	31
0.1	1897	573	31
0.1	1898	1895	31
0.1	577	1899	31
0.1	1900	1892	31
0.1	580	579	31
0.1	1902	578	31
0.1	1903	1901	31
0.1	1904	560	27
0.1	1905	1885	27
0.1	1906	1884	27
0.1	584	583	27
0.1	585	1908	27
0.1	1909	582	27
0.1	1910	581	27
0.1	590	589	32
0.1	1912	588	32
0.1	1913	587	32
0.1	592	591	32
0.1	594	593	32
0.1	1916	1915	32
0.1	599	598	32
0.1	1918	597	32
0.1	1919	596	32
0.1	1920	595	32
0.1	602	601	32
0.1	605	604	32
0.1	1923	603	32
0.1	1924	1922	32
0.1	606	1925	32
0.1	1926	600	32
0.1	1927	1921	32
0.1	1928	1917	32
0.1	1929	1914	32
0.1	612	611	33
0.1	1931	610	33
0.1	1932	609	33
0.1	615	614	33
0.1	1934	613	33
0.1	617	616	33
0.1	1936	1935	33
0.1	1937	1933	33
0.1	619	618	33
0.1	621	620	33
0.1	1940	1939	33
0.1	623	622	33
0.1	1942	1941	33
0.1	626	625	33
0.1	1944	624	33
0.1	627	1945	33
0.1	1946	1943	33
0.1	1947	1938	33
0.1	1948	608	33
0.1	1949	607	27
0.1	1950	1930	27
0.1	1951	586	27
0.1	1952	1911	27
0.1	1953	1907	27
0.1	1954	1865	27
0.1	1955	1816	27
0.1	1956	1777	8
0.1	1957	1758	8
0.1	1958	1718	8
0.1	629	628	34
0.1	631	630	34
0.1	633	632	34
0.1	634	1962	34
0.1	636	635	34
0.1	1964	1963	34
0.1	1965	1961	34
0.1	1966	1960	34
0.1	637	1967	34
0.1	641	640	34
0.1	643	642	34
0.1	1970	1969	34
0.1	1971	639	34
0.1	1972	638	34
0.1	644	1973	34
0.1	645	1974	34
0.1	647	646	34
0.1	1976	1975	34
0.1	1977	1968	34
0.1	649	648	35
0.1	650	1979	35
0.1	653	652	35
0.1	1981	651	35
0.1	655	654	35
0.1	657	656	35
0.1	660	659	35
0.1	1985	658	35
0.1	1986	1984	35
0.1	662	661	35
0.1	1988	1987	35
0.1	1989	1983	35
0.1	1990	1982	35
0.1	1991	1980	35
0.1	664	663	35
0.1	665	1993	35
0.1	1994	1992	35
0.1	667	666	35
0.1	1996	1995	35
0.1	670	669	36
0.1	1998	668	36
0.1	675	674	36
0.1	2000	673	36
0.1	2001	672	36
0.1	2002	671	36
0.1	2003	1999	36
0.1	679	678	36
0.1	2005	677	36
0.1	2006	676	36
0.1	2007	2004	36
0.1	681	680	36
0.1	683	682	36
0.1	687	686	36
0.1	2011	685	36
0.1	2012	684	36
0.1	2013	2010	36
0.1	2014	2009	36
0.1	2015	2008	36
0.1	690	689	37
0.1	2017	688	37
0.1	691	2018	37
0.1	693	692	37
0.1	695	694	37
0.1	2021	2020	37
0.1	696	2022	37
0.1	2023	2019	37
0.1	699	698	37
0.1	700	2025	37
0.1	2026	697	37
0.1	702	701	37
0.1	704	703	37
0.1	706	705	37
0.1	707	2030	37
0.1	2031	2029	37
0.1	2032	2028	37
0.1	2033	2027	37
0.1	2034	2024	37
0.1	2035	2016	35
0.1	2036	1997	35
0.1	2037	1978	35
0.1	2038	1959	8
0.1	2039	1440	3
0.1	2040	1421	3
0.1	708	2041	3
0.1	2042	67	3
0.1	2043	1402	3
0.1	710	709	3
0.1	711	2045	3
0.1	714	713	3
0.1	2047	712	3
0.1	716	715	3
0.1	717	2049	3
0.1	718	2050	3
0.1	2051	2048	3
0.1	722	721	38
0.1	2053	720	38
0.1	2054	719	38
0.1	728	727	38
0.1	2056	726	38
0.1	2057	725	38
0.1	2058	724	38
0.1	2059	723	38
0.1	730	729	38
0.1	2061	2060	38
0.1	2062	2055	38
0.1	732	731	38
0.1	2064	2063	38
0.1	736	735	38
0.1	2066	734	38
0.1	2067	733	38
0.1	2068	2065	38
0.1	738	737	38
0.1	2070	2069	38
0.1	2071	2052	3
0.1	2072	2046	3
0.1	739	2073	3
0.1	2074	2044	3
0.1	741	740	2
0.1	745	744	40
0.1	747	746	40
0.1	2078	2077	40
0.1	748	2079	40
0.1	2080	743	40
0.1	750	749	40
0.1	753	752	40
0.1	754	2083	40
0.1	755	2084	40
0.1	756	2085	40
0.1	2086	751	40
0.1	757	2087	40
0.1	759	758	40
0.1	762	761	40
0.1	2090	760	40
0.1	2091	2089	40
0.1	2092	2088	40
0.1	2093	2082	40
0.1	2094	2081	40
0.1	765	764	41
0.1	768	767	41
0.1	2097	766	41
0.1	2098	2096	41
0.1	772	771	41
0.1	2100	770	41
0.1	774	773	41
0.1	776	775	41
0.1	777	2103	41
0.1	2104	2102	41
0.1	779	778	41
0.1	781	780	41
0.1	2107	2106	41
0.1	2108	2105	41
0.1	2109	2101	41
0.1	2110	769	41
0.1	782	2111	41
0.1	2112	2099	41
0.1	2113	763	41
0.1	2114	2095	39
0.1	2115	742	39
0.1	784	783	42
0.1	786	785	42
0.1	2118	2117	42
0.1	790	789	42
0.1	2120	788	42
0.1	2121	787	42
0.1	791	2122	42
0.1	2123	2119	42
0.1	2124	2116	39
0.1	794	793	44
0.1	796	795	44
0.1	798	797	44
0.1	800	799	44
0.1	2129	2128	44
0.1	2130	2127	44
0.1	806	805	44
0.1	2132	804	44
0.1	2133	803	44
0.1	2134	802	44
0.1	2135	801	44
0.1	2136	2131	44
0.1	2137	2126	44
0.1	2138	792	44
0.1	2139	2125	39
0.1	809	808	45
0.1	2141	807	45
0.1	812	811	45
0.1	2143	810	45
0.1	2144	2142	45
0.1	814	813	39
0.1	816	815	39
0.1	818	817	39
0.1	2148	2147	39
0.1	2149	2146	39
0.1	825	824	43
0.1	827	826	43
0.1	2152	2151	43
0.1	2153	823	43
0.1	830	829	43
0.1	2155	828	43
0.1	2156	2154	43
0.1	2157	822	43
0.1	2158	821	43
0.1	833	832	43
0.1	2160	831	43
0.1	834	2161	43
0.1	835	2162	43
0.1	2163	2159	43
0.1	2164	820	43
0.1	2165	819	43
0.1	836	2166	43
0.1	2167	2150	39
0.1	2168	2145	39
0.1	2169	2140	39
0.1	840	839	46
0.1	841	2171	46
0.1	2172	838	46
0.1	847	846	47
0.1	848	2174	47
0.1	2175	845	47
0.1	2176	844	47
0.1	2177	843	47
0.1	849	2178	47
0.1	851	850	47
0.1	853	852	47
0.1	855	854	47
0.1	856	2182	47
0.1	2183	2181	47
0.1	2184	2180	47
0.1	2185	2179	47
0.1	859	858	47
0.1	2187	857	47
0.1	862	861	47
0.1	2189	860	47
0.1	2190	2188	47
0.1	2191	2186	47
0.1	2192	842	46
0.1	2193	2173	46
0.1	2194	837	46
0.1	864	863	46
0.1	866	865	46
0.1	2197	2196	46
0.1	870	869	46
0.1	2199	868	46
0.1	2200	867	46
0.1	871	2201	46
0.1	2202	2198	46
0.1	2203	2195	46
0.1	874	873	44
0.1	2205	872	44
0.1	875	2206	44
0.1	877	876	48
0.1	878	2208	46
0.1	2209	2207	46
0.1	2210	2204	46
0.1	2211	2170	39
0.1	880	879	42
0.1	883	882	49
0.1	2214	881	49
0.1	887	886	49
0.1	2216	885	49
0.1	2217	884	49
0.1	2218	2215	49
0.1	891	890	49
0.1	2220	889	49
0.1	892	2221	49
0.1	2222	888	49
0.1	897	896	49
0.1	2224	895	49
0.1	2225	894	49
0.1	898	2226	49
0.1	2227	893	49
0.1	2228	2223	49
0.1	2229	2219	49
0.1	900	899	49
0.1	2231	2230	49
0.1	2232	2213	42
0.1	2233	2212	42
0.1	2234	2076	1
0.1	2235	2075	1
0.1	901	2236	1
0.1	904	903	1
0.1	2238	902	1
0.1	2239	2237	1
0.1	2240	1356	1
0.1	905	2241	1
0.1	2242	1341	1
0.1	2243	1	1
0.1	907	906	50
0.1	908	2245	50
0.1	910	909	50
0.1	913	912	50
0.1	2248	911	50
0.1	2249	2247	50
0.1	2250	2246	50
0.1	915	914	50
0.1	917	916	50
0.1	919	918	50
0.1	2254	2253	50
0.1	920	2255	50
0.1	2256	2252	50
0.1	2257	2251	50
0.1	924	923	51
0.1	2259	922	51
0.1	2260	921	51
0.1	927	926	42
0.1	931	930	42
0.1	933	932	42
0.1	2264	2263	42
0.1	2265	929	42
0.1	2266	928	42
0.1	2267	2262	42
0.1	2268	925	42
0.1	2269	2261	51
0.1	936	935	45
0.1	937	2271	45
0.1	938	2272	45
0.1	941	940	45
0.1	943	942	45
0.1	2275	2274	45
0.1	2276	939	45
0.1	946	945	45
0.1	947	2278	45
0.1	2279	944	45
0.1	2280	2277	45
0.1	2281	2273	45
0.1	2282	934	45
0.1	2283	2270	51
0.1	949	948	52
0.1	951	950	53
0.1	953	952	53
0.1	954	2287	53
0.1	2288	2286	53
0.1	956	955	53
0.1	2290	2289	53
0.1	958	957	53
0.1	959	2292	53
0.1	2293	2291	53
0.1	963	962	53
0.1	2295	961	53
0.1	2296	960	53
0.1	966	965	53
0.1	2298	964	53
0.1	968	967	53
0.1	969	2300	53
0.1	2301	2299	53
0.1	2302	2297	53
0.1	2303	2294	53
0.1	972	971	52
0.1	2305	970	52
0.1	974	973	52
0.1	976	975	52
0.1	2308	2307	52
0.1	2309	2306	52
0.1	2310	2304	52
0.1	2311	2285	52
0.1	978	977	54
0.1	980	979	54
0.1	982	981	54
0.1	2315	2314	54
0.1	2316	2313	54
0.1	987	986	54
0.1	2318	985	54
0.1	2319	984	54
0.1	2320	983	54
0.1	992	991	54
0.1	2322	990	54
0.1	993	2323	54
0.1	995	994	54
0.1	2325	2324	54
0.1	2326	989	54
0.1	2327	988	54
0.1	996	2328	54
0.1	2329	2321	54
0.1	2330	2317	54
0.1	999	998	52
0.1	2332	997	52
0.1	1003	1002	52
0.1	2334	1001	52
0.1	2335	1000	52
0.1	1005	1004	52
0.1	1006	2337	52
0.1	1007	2338	52
0.1	2339	2336	52
0.1	2340	2333	52
0.1	2341	2331	52
0.1	2342	2312	52
0.1	2343	2284	51
0.1	1011	1010	55
0.1	2345	1009	55
0.1	1013	1012	55
0.1	2347	2346	55
0.1	2348	1008	55
0.1	1016	1015	55
0.1	1018	1017	55
0.1	2351	2350	55
0.1	2352	1014	55
0.1	1020	1019	55
0.1	1022	1021	55
0.1	1024	1023	55
0.1	2356	2355	55
0.1	2357	2354	55
0.1	2358	2353	55
0.1	2359	2349	55
0.1	1026	1025	51
0.1	1029	1028	51
0.1	2362	1027	51
0.1	1031	1030	51
0.1	2364	2363	51
0.1	2365	2361	51
0.1	1033	1032	44
0.1	2367	2366	51
0.1	2368	2360	51
0.1	2369	2344	51
0.1	1037	1036	56
0.1	2371	1035	56
0.1	1038	2372	56
0.1	2373	1034	56
0.1	1040	1039	57
0.1	1042	1041	57
0.1	2376	2375	57
0.1	1047	1046	57
0.1	2378	1045	57
0.1	2379	1044	57
0.1	2380	1043	57
0.1	2381	2377	57
0.1	1051	1050	56
0.1	1052	2383	56
0.1	2384	1049	56
0.1	2385	1048	56
0.1	2386	2382	56
0.1	2387	2374	56
0.1	1054	1053	56
0.1	1057	1056	56
0.1	1059	1058	56
0.1	1060	2391	56
0.1	2392	2390	56
0.1	2393	1055	56
0.1	1062	1061	56
0.1	2395	2394	56
0.1	2396	2389	56
0.1	2397	2388	56
0.1	1064	1063	57
0.1	1067	1066	57
0.1	2400	1065	57
0.1	2401	2399	57
0.1	1069	1068	57
0.1	2403	2402	57
0.1	1072	1071	57
0.1	2405	1070	57
0.1	1073	2406	57
0.1	2407	2404	57
0.1	1077	1076	58
0.1	2409	1075	58
0.1	2410	1074	58
0.1	1080	1079	59
0.1	1082	1081	59
0.1	1084	1083	59
0.1	2414	2413	59
0.1	2415	2412	59
0.1	1088	1087	60
0.1	1089	2417	60
0.1	1091	1090	60
0.1	2419	2418	60
0.1	1094	1093	60
0.1	2421	1092	60
0.1	1096	1095	60
0.1	1097	2423	60
0.1	1098	2424	60
0.1	1102	1101	60
0.1	2426	1100	60
0.1	2427	1099	60
0.1	1105	1104	60
0.1	2429	1103	60
0.1	2430	2428	60
0.1	1106	2431	60
0.1	2432	2425	60
0.1	2433	2422	60
0.1	2434	2420	60
0.1	1108	1107	59
0.1	2436	2435	59
0.1	2437	1086	59
0.1	2438	1085	59
0.1	1109	2439	59
0.1	1110	2440	59
0.1	1111	2441	59
0.1	2442	2416	59
0.1	1113	1112	59
0.1	1115	1114	59
0.1	1117	1116	59
0.1	2446	2445	59
0.1	2447	2444	59
0.1	2448	2443	59
0.1	1118	2449	59
0.1	1119	2450	58
0.1	2451	1078	58
0.1	2452	2411	58
0.1	1121	1120	58
0.1	1123	1122	58
0.1	2455	2454	58
0.1	1127	1126	58
0.1	2457	1125	58
0.1	2458	1124	58
0.1	1129	1128	58
0.1	2460	2459	58
0.1	2461	2456	58
0.1	2462	2453	58
0.1	1130	2463	58
0.1	1133	1132	58
0.1	2465	1131	58
0.1	2466	2464	58
0.1	2467	2408	61
0.1	1134	2468	61
0.1	2469	2398	61
0.1	1138	1137	62
0.1	2471	1136	62
0.1	1141	1140	62
0.1	1143	1142	62
0.1	2474	2473	62
0.1	2475	1139	62
0.1	1145	1144	62
0.1	2477	2476	62
0.1	1148	1147	62
0.1	2479	1146	62
0.1	1152	1151	62
0.1	2481	1150	62
0.1	1154	1153	62
0.1	2483	2482	62
0.1	2484	1149	62
0.1	2485	2480	62
0.1	2486	2478	62
0.1	2487	2472	62
0.1	2488	1135	62
0.1	2489	2470	61
0.1	2490	2370	61
0.1	1159	1158	55
0.1	2492	1157	55
0.1	1162	1161	51
0.1	2494	1160	51
0.1	1163	2495	51
0.1	1166	1165	51
0.1	1167	2497	51
0.1	2498	1164	51
0.1	1168	2499	51
0.1	2500	2496	51
0.1	2501	2493	55
0.1	1169	2502	61
0.1	1171	1170	61
0.1	2504	2503	61
0.1	2505	1156	61
0.1	2506	1155	61
0.1	1176	1175	63
0.1	2508	1174	63
0.1	2509	1173	63
0.1	1177	2510	61
0.1	2511	1172	61
0.1	1181	1180	39
0.1	1188	1187	64
0.1	2514	1186	64
0.1	2515	1185	64
0.1	2516	1184	64
0.1	2517	1183	64
0.1	1194	1193	64
0.1	1195	2519	64
0.1	2520	1192	64
0.1	2521	1191	64
0.1	2522	1190	64
0.1	1198	1197	64
0.1	2524	1196	64
0.1	1202	1201	64
0.1	2526	1200	64
0.1	2527	1199	64
0.1	2528	2525	64
0.1	2529	2523	64
0.1	2530	1189	64
0.1	2531	2518	64
0.1	2532	1182	39
0.1	1203	2533	39
0.1	2534	2513	39
0.1	2535	1179	39
0.1	2536	1178	39
0.1	1205	1204	65
0.1	1210	1209	65
0.1	2539	1208	65
0.1	2540	1207	65
0.1	2541	1206	65
0.1	2542	2538	65
0.1	1213	1212	65
0.1	2544	1211	65
0.1	1218	1217	65
0.1	2546	1216	65
0.1	2547	1215	65
0.1	1219	2548	65
0.1	2549	1214	65
0.1	2550	2545	65
0.1	1221	1220	65
0.1	1223	1222	65
0.1	2553	2552	65
0.1	2554	2551	65
0.1	2555	2543	65
0.1	1226	1225	39
0.1	1228	1227	66
0.1	1230	1229	66
0.1	2559	2558	66
0.1	1232	1231	66
0.1	1233	2561	66
0.1	1234	2562	66
0.1	2563	2560	66
0.1	1237	1236	66
0.1	2565	1235	66
0.1	1239	1238	66
0.1	1241	1240	66
0.1	1242	2568	66
0.1	2569	2567	66
0.1	2570	2566	66
0.1	1244	1243	66
0.1	2572	2571	66
0.1	1246	1245	66
0.1	2574	2573	66
0.1	2575	2564	66
0.1	2576	2557	39
0.1	2577	1224	39
0.1	2578	2556	39
0.1	1248	1247	39
0.1	1249	2580	39
0.1	2581	2579	39
0.1	2582	2537	39
0.1	1250	2583	61
0.1	1252	1251	63
0.1	1255	1254	63
0.1	2586	1253	63
0.1	1258	1257	63
0.1	2588	1256	63
0.1	2589	2587	63
0.1	1261	1260	63
0.1	1263	1262	63
0.1	2592	2591	63
0.1	2593	1259	63
0.1	2594	2590	63
0.1	1265	1264	63
0.1	1266	2596	63
0.1	1267	2597	63
0.1	2598	2595	63
0.1	2599	2585	63
0.1	1268	2600	61
0.1	2601	2584	61
0.1	2602	2512	61
0.1	2603	2507	61
0.1	1271	1270	61
0.1	2605	1269	61
0.1	1273	1272	61
0.1	1275	1274	61
0.1	2608	2607	61
0.1	2609	2606	61
0.1	1278	1277	67
0.1	2611	1276	67
0.1	1284	1283	67
0.1	1288	1287	67
0.1	2614	1286	67
0.1	2615	1285	67
0.1	2616	2613	67
0.1	1289	2617	67
0.1	2618	1282	67
0.1	2619	1281	67
0.1	2620	1280	67
0.1	1291	1290	67
0.1	1295	1294	67
0.1	2623	1293	67
0.1	1296	2624	67
0.1	2625	1292	67
0.1	2626	2622	67
0.1	2627	2621	67
0.1	2628	1279	67
0.1	2629	2612	67
0.1	1297	2630	61
0.1	1299	1298	61
0.1	2632	2631	61
0.1	2633	2610	61
0.1	2634	2604	61
0.1	2635	2491	61
0.1	2636	2258	50
0.1	1301	1300	50
0.1	1303	1302	50
0.1	2639	2638	50
0.1	1304	2640	50
0.1	2641	2637	50
0.1	1308	1307	48
0.1	2643	1306	48
0.1	1313	1312	48
0.1	2645	1311	48
0.1	2646	1310	48
0.1	1314	2647	48
0.1	2648	1309	48
0.1	1315	2649	48
0.1	1316	2650	48
0.1	2651	2644	48
0.1	1318	1317	1
0.1	2653	2652	1
0.1	2654	1305	1
0.1	1320	1319	1
0.1	1323	1322	46
0.1	1324	2657	46
0.1	2658	1321	46
0.1	1326	1325	2
0.1	1328	1327	2
0.1	1329	2661	2
0.1	2662	2660	2
0.1	2663	2659	1
0.1	1330	2664	1
0.1	1335	1334	48
0.1	2666	1333	48
0.1	1339	1338	48
0.1	2668	1337	48
0.1	2669	1336	48
0.1	2670	2667	48
0.1	1340	2671	1
0.1	2672	1332	1
0.1	2673	1331	1
0.1	2674	2665	1
0.1	2675	2656	1
0.1	2676	2655	1
0.1	2677	2642	1
0.1	2678	2244	1
