1	0	0	1
1	0	0	2
1	0	0	2
1	0	0	2
1	0	0	2
1	0	0	2
1	0	0	2
1	0	0	2
1	0	0	2
1	0	0	2
1	0	0	2
1	0	0	1
1	0	0	3
1	0	0	4
1	0	0	4
1	0	0	5
1	0	0	5
1	0	0	5
1	0	0	5
1	0	0	5
1	0	0	5
1	0	0	5
1	0	0	5
1	0	0	5
1	0	0	5
1	0	0	4
1	0	0	4
1	0	0	4
1	0	0	4
1	0	0	4
1	0	0	4
1	0	0	4
1	0	0	6
1	0	0	6
1	0	0	6
1	0	0	6
1	0	0	6
1	0	0	6
1	0	0	6
1	0	0	6
1	0	0	6
1	0	0	6
1	0	0	4
1	0	0	3
1	0	0	3
1	0	0	3
1	0	0	7
1	0	0	7
1	0	0	7
1	0	0	7
1	0	0	7
1	0	0	7
1	0	0	7
1	0	0	7
1	0	0	7
1	0	0	7
1	0	0	3
1	0	0	3
1	0	0	3
1	0	0	3
1	0	0	3
1	0	0	3
1	0	0	1
1	0	0	1
1	0	0	8
1	0	0	1
1	0	0	1
1	0	0	1
1	0	0	1
1	0	0	9
1	0	0	9
1	0	0	9
1	0	0	9
1	0	0	9
1	0	0	9
1	0	0	9
1	0	0	9
1	0	0	9
1	0	0	9
1	0	0	10
1	0	0	10
1	0	0	10
1	0	0	10
1	0	0	10
1	0	0	10
1	0	0	10
1	0	0	10
1	0	0	10
1	0	0	10
1	0	0	8
1	0	0	8
1	0	0	8
1	0	0	8
1	0	0	8
1	0	0	8
1	0	0	8
1	0	0	8
1	0	0	8
1	0	0	1
1	0	0	1
0.1	4	3	2
0.1	101	2	2
0.1	6	5	2
0.1	7	103	2
0.1	104	102	2
0.1	9	8	2
0.1	11	10	2
0.1	107	106	2
0.1	108	105	2
0.1	109	1	1
0.1	17	16	5
0.1	18	111	5
0.1	19	112	5
0.1	23	22	5
0.1	114	21	5
0.1	115	20	5
0.1	25	24	5
0.1	117	116	5
0.1	118	113	5
0.1	27	26	4
0.1	120	119	4
0.1	28	121	4
0.1	122	15	4
0.1	30	29	4
0.1	124	123	4
0.1	31	125	4
0.1	126	14	4
0.1	36	35	6
0.1	128	34	6
0.1	129	33	6
0.1	39	38	6
0.1	131	37	6
0.1	42	41	6
0.1	133	40	6
0.1	134	132	6
0.1	135	130	6
0.1	136	32	4
0.1	43	137	4
0.1	138	127	4
0.1	44	139	3
0.1	140	13	3
0.1	45	141	3
0.1	48	47	7
0.1	54	53	7
0.1	56	55	7
0.1	145	144	7
0.1	146	52	7
0.1	147	51	7
0.1	148	50	7
0.1	149	49	7
0.1	150	143	7
0.1	151	46	3
0.1	59	58	3
0.1	60	153	3
0.1	154	57	3
0.1	62	61	3
0.1	156	155	3
0.1	157	152	3
0.1	158	142	3
0.1	159	12	1
0.1	63	160	1
0.1	64	161	1
0.1	162	110	1
0.1	67	66	1
0.1	164	65	1
0.1	69	68	1
0.1	71	70	9
0.1	73	72	9
0.1	75	74	9
0.1	169	168	9
0.1	79	78	9
0.1	171	77	9
0.1	172	76	9
0.1	173	170	9
0.1	174	167	9
0.1	175	166	1
0.1	176	165	1
0.1	84	83	10
0.1	178	82	10
0.1	87	86	10
0.1	88	180	10
0.1	89	181	10
0.1	182	85	10
0.1	183	179	10
0.1	184	81	10
0.1	185	80	10
0.1	186	177	1
0.1	91	90	8
0.1	94	93	8
0.1	95	189	8
0.1	190	92	8
0.1	98	97	8
0.1	192	96	8
0.1	193	191	8
0.1	194	188	8
0.1	195	187	1
0.1	99	196	1
0.1	100	197	1
0.1	198	163	1
