1	0	0	1
1	0	0	1
1	0	0	2
1	0	0	3
1	0	0	4
1	0	0	2
1	0	0	5
1	0	0	6
1	0	0	7
1	0	0	8
1	0	0	9
1	0	0	8
1	0	0	9
1	0	0	6
1	0	0	4
1	0	0	10
1	0	0	11
1	0	0	4
1	0	0	4
1	0	0	4
1	0	0	12
1	0	0	13
1	0	0	2
1	0	0	8
1	0	0	2
1	0	0	12
1	0	0	10
1	0	0	14
1	0	0	15
1	0	0	15
1	0	0	15
1	0	0	16
1	0	0	17
1	0	0	2
1	0	0	4
1	0	0	14
1	0	0	14
1	0	0	8
1	0	0	6
1	0	0	18
1	0	0	19
1	0	0	10
1	0	0	10
1	0	0	20
1	0	0	4
1	0	0	10
1	0	0	10
1	0	0	10
1	0	0	20
1	0	0	7
1	0	0	21
1	0	0	16
1	0	0	10
1	0	0	12
1	0	0	22
1	0	0	20
1	0	0	10
1	0	0	10
1	0	0	10
1	0	0	5
1	0	0	23
1	0	0	23
1	0	0	23
1	0	0	4
1	0	0	24
1	0	0	5
1	0	0	25
1	0	0	22
1	0	0	5
1	0	0	14
1	0	0	14
1	0	0	14
1	0	0	14
1	0	0	14
1	0	0	25
1	0	0	5
1	0	0	7
1	0	0	25
1	0	0	26
1	0	0	14
1	0	0	7
1	0	0	13
1	0	0	13
1	0	0	27
1	0	0	14
1	0	0	13
1	0	0	13
1	0	0	7
1	0	0	28
1	0	0	28
1	0	0	4
1	0	0	28
1	0	0	29
1	0	0	30
1	0	0	10
1	0	0	17
1	0	0	3
1	0	0	9
1	0	0	5
1	0	0	10
1	0	0	10
1	0	0	14
1	0	0	31
1	0	0	10
1	0	0	20
1	0	0	4
1	0	0	4
1	0	0	10
1	0	0	7
1	0	0	19
1	0	0	32
1	0	0	27
1	0	0	33
1	0	0	34
1	0	0	10
1	0	0	19
1	0	0	4
1	0	0	7
1	0	0	16
1	0	0	3
1	0	0	15
1	0	0	8
1	0	0	8
1	0	0	16
1	0	0	4
1	0	0	3
1	0	0	17
1	0	0	4
1	0	0	4
1	0	0	10
1	0	0	10
1	0	0	2
1	0	0	6
1	0	0	7
1	0	0	4
1	0	0	9
1	0	0	4
1	0	0	14
1	0	0	33
1	0	0	8
1	0	0	22
1	0	0	8
1	0	0	8
1	0	0	33
1	0	0	27
1	0	0	8
1	0	0	17
1	0	0	1
1	0	0	1
1	0	0	1
1	0	0	35
1	0	0	7
1	0	0	10
1	0	0	10
1	0	0	10
1	0	0	10
1	0	0	10
1	0	0	4
1	0	0	19
1	0	0	10
1	0	0	6
1	0	0	7
1	0	0	5
1	0	0	36
1	0	0	7
1	0	0	17
1	0	0	17
1	0	0	33
1	0	0	37
1	0	0	7
1	0	0	5
1	0	0	8
1	0	0	12
1	0	0	38
1	0	0	5
1	0	0	5
1	0	0	8
1	0	0	18
1	0	0	4
1	0	0	32
1	0	0	39
1	0	0	18
1	0	0	8
1	0	0	17
1	0	0	14
1	0	0	8
1	0	0	9
1	0	0	8
1	0	0	15
1	0	0	8
1	0	0	4
1	0	0	3
1	0	0	3
1	0	0	7
1	0	0	4
1	0	0	7
1	0	0	4
1	0	0	21
1	0	0	40
1	0	0	8
1	0	0	6
1	0	0	37
1	0	0	41
1	0	0	22
1	0	0	22
1	0	0	22
1	0	0	22
1	0	0	22
1	0	0	22
1	0	0	4
1	0	0	39
1	0	0	6
1	0	0	5
1	0	0	5
1	0	0	9
1	0	0	9
1	0	0	37
1	0	0	8
1	0	0	12
1	0	0	37
1	0	0	4
1	0	0	4
1	0	0	28
1	0	0	38
1	0	0	2
1	0	0	34
1	0	0	8
1	0	0	21
1	0	0	6
1	0	0	8
1	0	0	9
1	0	0	3
1	0	0	8
1	0	0	19
1	0	0	22
1	0	0	8
1	0	0	14
1	0	0	14
1	0	0	14
1	0	0	15
1	0	0	7
1	0	0	42
1	0	0	27
1	0	0	8
1	0	0	8
1	0	0	14
1	0	0	17
1	0	0	17
1	0	0	17
1	0	0	38
1	0	0	7
1	0	0	7
1	0	0	7
1	0	0	32
1	0	0	4
1	0	0	7
1	0	0	43
1	0	0	43
1	0	0	43
1	0	0	14
1	0	0	14
1	0	0	14
1	0	0	7
1	0	0	14
1	0	0	7
1	0	0	7
1	0	0	29
1	0	0	44
1	0	0	37
1	0	0	13
1	0	0	15
1	0	0	15
1	0	0	41
1	0	0	33
1	0	0	15
1	0	0	11
1	0	0	7
1	0	0	44
1	0	0	44
1	0	0	35
1	0	0	13
1	0	0	7
1	0	0	7
1	0	0	2
1	0	0	2
1	0	0	2
1	0	0	2
1	0	0	2
1	0	0	2
1	0	0	2
1	0	0	2
1	0	0	2
1	0	0	2
1	0	0	7
1	0	0	7
1	0	0	3
1	0	0	27
1	0	0	27
1	0	0	27
1	0	0	27
1	0	0	27
1	0	0	27
1	0	0	27
1	0	0	27
1	0	0	27
1	0	0	27
1	0	0	27
1	0	0	27
1	0	0	27
1	0	0	27
1	0	0	27
1	0	0	36
1	0	0	22
1	0	0	45
1	0	0	46
1	0	0	12
1	0	0	12
1	0	0	12
1	0	0	46
1	0	0	46
1	0	0	45
1	0	0	45
1	0	0	45
1	0	0	47
1	0	0	46
1	0	0	38
1	0	0	1
1	0	0	1
1	0	0	1
1	0	0	15
1	0	0	15
1	0	0	15
1	0	0	15
1	0	0	15
1	0	0	16
1	0	0	26
1	0	0	34
1	0	0	44
1	0	0	38
1	0	0	1
1	0	0	12
1	0	0	39
1	0	0	15
1	0	0	3
1	0	0	43
1	0	0	29
1	0	0	29
1	0	0	33
1	0	0	33
1	0	0	29
1	0	0	33
1	0	0	29
1	0	0	29
1	0	0	29
1	0	0	33
1	0	0	38
1	0	0	38
1	0	0	38
1	0	0	26
1	0	0	48
1	0	0	33
1	0	0	43
1	0	0	37
1	0	0	25
1	0	0	25
1	0	0	25
1	0	0	25
1	0	0	49
1	0	0	38
1	0	0	17
1	0	0	22
1	0	0	25
1	0	0	45
1	0	0	4
1	0	0	6
1	0	0	45
1	0	0	45
1	0	0	33
1	0	0	39
1	0	0	24
1	0	0	40
1	0	0	3
1	0	0	3
1	0	0	16
1	0	0	16
1	0	0	49
1	0	0	41
1	0	0	50
1	0	0	7
1	0	0	18
1	0	0	39
1	0	0	5
1	0	0	15
1	0	0	35
1	0	0	51
1	0	0	51
1	0	0	52
1	0	0	45
1	0	0	51
1	0	0	5
1	0	0	53
1	0	0	5
1	0	0	53
1	0	0	6
1	0	0	53
1	0	0	53
1	0	0	7
1	0	0	28
1	0	0	31
1	0	0	18
1	0	0	44
1	0	0	16
1	0	0	26
1	0	0	29
1	0	0	29
1	0	0	29
1	0	0	38
1	0	0	9
1	0	0	38
1	0	0	16
1	0	0	41
1	0	0	41
1	0	0	41
1	0	0	41
1	0	0	41
1	0	0	41
1	0	0	41
1	0	0	41
1	0	0	41
1	0	0	41
1	0	0	36
1	0	0	53
1	0	0	52
1	0	0	10
1	0	0	45
1	0	0	54
1	0	0	26
1	0	0	54
1	0	0	54
1	0	0	54
1	0	0	54
1	0	0	20
1	0	0	31
1	0	0	31
1	0	0	9
1	0	0	31
1	0	0	31
1	0	0	7
1	0	0	7
1	0	0	7
1	0	0	7
1	0	0	7
1	0	0	13
1	0	0	47
1	0	0	10
1	0	0	49
1	0	0	49
1	0	0	49
1	0	0	49
1	0	0	49
1	0	0	31
1	0	0	31
1	0	0	31
1	0	0	31
1	0	0	31
1	0	0	31
1	0	0	31
1	0	0	1
1	0	0	9
1	0	0	1
1	0	0	50
1	0	0	50
1	0	0	51
1	0	0	31
1	0	0	31
1	0	0	47
1	0	0	47
1	0	0	27
1	0	0	27
1	0	0	27
1	0	0	40
1	0	0	47
1	0	0	47
1	0	0	47
1	0	0	19
1	0	0	23
1	0	0	26
1	0	0	16
1	0	0	49
1	0	0	16
1	0	0	51
1	0	0	9
1	0	0	52
1	0	0	53
1	0	0	44
1	0	0	44
1	0	0	7
1	0	0	47
1	0	0	10
1	0	0	30
1	0	0	10
1	0	0	2
1	0	0	2
1	0	0	47
1	0	0	10
1	0	0	10
1	0	0	16
1	0	0	10
1	0	0	9
1	0	0	9
1	0	0	30
1	0	0	30
1	0	0	30
1	0	0	30
1	0	0	38
1	0	0	21
1	0	0	48
1	0	0	16
1	0	0	18
1	0	0	18
1	0	0	33
1	0	0	33
1	0	0	50
1	0	0	3
1	0	0	50
1	0	0	33
1	0	0	52
1	0	0	27
1	0	0	16
1	0	0	29
1	0	0	29
1	0	0	29
1	0	0	34
1	0	0	29
1	0	0	29
1	0	0	29
1	0	0	29
1	0	0	52
1	0	0	40
1	0	0	3
1	0	0	3
1	0	0	3
1	0	0	3
1	0	0	3
1	0	0	3
1	0	0	3
1	0	0	3
1	0	0	9
1	0	0	9
1	0	0	9
1	0	0	9
1	0	0	9
1	0	0	9
1	0	0	9
1	0	0	9
1	0	0	9
1	0	0	16
1	0	0	22
1	0	0	22
1	0	0	47
1	0	0	20
1	0	0	29
1	0	0	29
1	0	0	29
1	0	0	26
1	0	0	30
1	0	0	30
1	0	0	30
1	0	0	43
1	0	0	43
1	0	0	40
1	0	0	54
1	0	0	4
1	0	0	4
1	0	0	18
1	0	0	26
1	0	0	33
1	0	0	33
1	0	0	33
1	0	0	33
1	0	0	39
1	0	0	39
1	0	0	34
1	0	0	11
1	0	0	11
1	0	0	16
1	0	0	16
1	0	0	33
1	0	0	33
1	0	0	39
1	0	0	26
1	0	0	29
1	0	0	52
1	0	0	5
1	0	0	16
1	0	0	32
1	0	0	32
1	0	0	32
1	0	0	17
1	0	0	17
1	0	0	26
1	0	0	51
1	0	0	40
1	0	0	40
1	0	0	36
1	0	0	36
1	0	0	36
1	0	0	29
1	0	0	40
1	0	0	29
1	0	0	2
1	0	0	16
1	0	0	31
1	0	0	50
1	0	0	50
1	0	0	50
1	0	0	52
1	0	0	9
1	0	0	9
1	0	0	26
1	0	0	27
1	0	0	21
1	0	0	50
1	0	0	50
1	0	0	26
1	0	0	50
1	0	0	7
1	0	0	9
1	0	0	9
1	0	0	15
1	0	0	5
1	0	0	45
1	0	0	30
1	0	0	19
1	0	0	26
1	0	0	53
1	0	0	46
1	0	0	19
1	0	0	46
1	0	0	46
1	0	0	46
1	0	0	46
1	0	0	53
1	0	0	53
1	0	0	17
1	0	0	50
1	0	0	24
1	0	0	28
1	0	0	24
1	0	0	55
1	0	0	15
1	0	0	55
1	0	0	55
1	0	0	24
1	0	0	24
1	0	0	26
1	0	0	16
1	0	0	56
1	0	0	56
1	0	0	56
1	0	0	56
1	0	0	56
1	0	0	4
1	0	0	3
1	0	0	21
1	0	0	52
1	0	0	27
1	0	0	21
1	0	0	21
1	0	0	21
1	0	0	26
1	0	0	24
1	0	0	26
1	0	0	12
1	0	0	12
1	0	0	28
1	0	0	12
1	0	0	51
1	0	0	51
1	0	0	51
1	0	0	12
1	0	0	12
1	0	0	12
1	0	0	12
1	0	0	12
1	0	0	12
1	0	0	55
1	0	0	12
1	0	0	12
1	0	0	12
1	0	0	51
1	0	0	51
1	0	0	12
1	0	0	55
1	0	0	51
1	0	0	51
1	0	0	51
1	0	0	51
1	0	0	15
1	0	0	51
1	0	0	51
1	0	0	19
1	0	0	51
1	0	0	51
1	0	0	51
1	0	0	19
1	0	0	19
1	0	0	19
1	0	0	12
1	0	0	12
1	0	0	46
1	0	0	51
1	0	0	51
1	0	0	51
1	0	0	46
1	0	0	46
1	0	0	45
1	0	0	46
1	0	0	12
1	0	0	12
1	0	0	12
1	0	0	46
1	0	0	46
1	0	0	12
1	0	0	12
1	0	0	46
1	0	0	12
1	0	0	51
1	0	0	12
1	0	0	12
1	0	0	12
1	0	0	12
1	0	0	12
1	0	0	12
1	0	0	12
1	0	0	12
1	0	0	51
1	0	0	41
1	0	0	15
1	0	0	51
1	0	0	12
1	0	0	12
1	0	0	49
1	0	0	53
1	0	0	12
1	0	0	57
1	0	0	22
1	0	0	26
1	0	0	26
1	0	0	40
1	0	0	26
1	0	0	12
1	0	0	4
1	0	0	5
1	0	0	21
1	0	0	52
1	0	0	52
1	0	0	52
1	0	0	52
1	0	0	48
1	0	0	48
1	0	0	27
1	0	0	14
1	0	0	41
1	0	0	34
1	0	0	17
1	0	0	4
1	0	0	24
1	0	0	24
1	0	0	24
1	0	0	24
1	0	0	24
1	0	0	12
1	0	0	24
1	0	0	4
1	0	0	51
1	0	0	4
1	0	0	58
1	0	0	5
1	0	0	5
1	0	0	5
1	0	0	5
1	0	0	4
1	0	0	4
1	0	0	24
1	0	0	24
1	0	0	24
1	0	0	42
1	0	0	34
1	0	0	4
1	0	0	56
1	0	0	24
1	0	0	55
1	0	0	19
1	0	0	53
1	0	0	55
1	0	0	55
1	0	0	53
1	0	0	9
1	0	0	20
1	0	0	10
1	0	0	53
1	0	0	58
1	0	0	4
1	0	0	56
1	0	0	53
1	0	0	24
1	0	0	41
1	0	0	24
1	0	0	24
1	0	0	24
1	0	0	53
1	0	0	15
1	0	0	58
1	0	0	58
1	0	0	19
1	0	0	30
1	0	0	24
1	0	0	4
1	0	0	24
1	0	0	58
1	0	0	55
1	0	0	19
1	0	0	24
1	0	0	17
1	0	0	22
1	0	0	12
1	0	0	24
1	0	0	4
1	0	0	4
1	0	0	7
1	0	0	58
1	0	0	53
1	0	0	29
1	0	0	20
1	0	0	17
1	0	0	17
1	0	0	17
1	0	0	27
1	0	0	3
1	0	0	27
1	0	0	27
1	0	0	27
1	0	0	27
1	0	0	19
1	0	0	27
1	0	0	7
1	0	0	24
1	0	0	24
1	0	0	24
1	0	0	19
1	0	0	24
1	0	0	56
1	0	0	53
1	0	0	12
1	0	0	50
1	0	0	55
1	0	0	55
1	0	0	55
1	0	0	24
1	0	0	8
1	0	0	15
1	0	0	15
1	0	0	58
1	0	0	15
1	0	0	10
1	0	0	58
1	0	0	58
1	0	0	58
1	0	0	58
1	0	0	58
1	0	0	58
1	0	0	15
1	0	0	19
1	0	0	24
1	0	0	41
1	0	0	40
1	0	0	52
1	0	0	22
1	0	0	55
1	0	0	22
1	0	0	21
1	0	0	21
1	0	0	40
1	0	0	27
1	0	0	15
1	0	0	36
1	0	0	38
1	0	0	26
1	0	0	26
1	0	0	35
1	0	0	52
1	0	0	22
1	0	0	35
1	0	0	26
1	0	0	52
1	0	0	35
1	0	0	12
1	0	0	26
1	0	0	24
1	0	0	24
1	0	0	24
1	0	0	55
1	0	0	4
1	0	0	4
1	0	0	4
1	0	0	19
1	0	0	24
1	0	0	12
1	0	0	4
1	0	0	4
1	0	0	4
1	0	0	4
1	0	0	4
1	0	0	15
1	0	0	4
1	0	0	19
1	0	0	4
1	0	0	5
1	0	0	22
1	0	0	4
1	0	0	4
1	0	0	4
1	0	0	19
1	0	0	4
1	0	0	4
1	0	0	4
1	0	0	53
1	0	0	53
1	0	0	55
1	0	0	55
1	0	0	46
1	0	0	22
1	0	0	26
1	0	0	34
1	0	0	53
1	0	0	46
1	0	0	53
1	0	0	14
1	0	0	46
1	0	0	38
1	0	0	55
1	0	0	15
1	0	0	56
1	0	0	53
1	0	0	24
1	0	0	53
1	0	0	19
1	0	0	19
1	0	0	12
1	0	0	18
1	0	0	58
1	0	0	24
1	0	0	24
1	0	0	15
1	0	0	20
1	0	0	55
1	0	0	12
1	0	0	56
1	0	0	41
1	0	0	12
1	0	0	7
1	0	0	24
1	0	0	18
1	0	0	19
1	0	0	50
1	0	0	50
1	0	0	28
1	0	0	53
1	0	0	15
1	0	0	24
1	0	0	49
1	0	0	19
1	0	0	24
1	0	0	19
1	0	0	53
1	0	0	24
1	0	0	53
1	0	0	7
1	0	0	15
1	0	0	24
1	0	0	24
1	0	0	58
1	0	0	15
1	0	0	58
1	0	0	58
1	0	0	58
1	0	0	58
1	0	0	58
1	0	0	58
1	0	0	58
1	0	0	58
1	0	0	58
1	0	0	58
1	0	0	2
1	0	0	13
1	0	0	3
1	0	0	9
1	0	0	5
1	0	0	22
1	0	0	22
1	0	0	9
1	0	0	33
1	0	0	9
1	0	0	9
1	0	0	9
1	0	0	9
1	0	0	9
1	0	0	9
1	0	0	33
1	0	0	10
1	0	0	5
1	0	0	30
1	0	0	29
1	0	0	9
1	0	0	9
1	0	0	9
1	0	0	9
1	0	0	12
1	0	0	15
1	0	0	4
1	0	0	24
1	0	0	48
1	0	0	6
1	0	0	48
1	0	0	48
1	0	0	48
1	0	0	26
1	0	0	42
1	0	0	4
1	0	0	33
1	0	0	19
1	0	0	42
1	0	0	38
1	0	0	46
1	0	0	46
1	0	0	55
1	0	0	55
1	0	0	55
1	0	0	55
1	0	0	55
1	0	0	55
1	0	0	55
1	0	0	55
1	0	0	55
1	0	0	55
1	0	0	55
1	0	0	55
1	0	0	55
1	0	0	55
1	0	0	55
1	0	0	55
1	0	0	55
1	0	0	55
1	0	0	55
1	0	0	55
1	0	0	56
1	0	0	56
1	0	0	56
1	0	0	24
1	0	0	24
1	0	0	24
1	0	0	12
1	0	0	58
1	0	0	51
1	0	0	24
1	0	0	19
1	0	0	57
1	0	0	24
1	0	0	57
1	0	0	6
1	0	0	24
1	0	0	57
1	0	0	26
1	0	0	26
1	0	0	12
1	0	0	12
1	0	0	12
1	0	0	12
1	0	0	57
1	0	0	24
1	0	0	24
1	0	0	56
1	0	0	12
1	0	0	52
1	0	0	21
1	0	0	38
1	0	0	24
1	0	0	42
1	0	0	15
1	0	0	12
1	0	0	4
1	0	0	42
1	0	0	4
1	0	0	4
1	0	0	46
1	0	0	4
1	0	0	4
1	0	0	42
1	0	0	42
1	0	0	42
1	0	0	42
1	0	0	4
1	0	0	15
1	0	0	58
1	0	0	58
1	0	0	18
1	0	0	18
1	0	0	24
1	0	0	4
1	0	0	18
1	0	0	56
1	0	0	4
1	0	0	19
1	0	0	20
1	0	0	57
1	0	0	56
1	0	0	56
1	0	0	56
1	0	0	56
1	0	0	56
1	0	0	56
1	0	0	24
1	0	0	56
1	0	0	24
1	0	0	56
1	0	0	56
1	0	0	56
1	0	0	24
1	0	0	20
1	0	0	55
1	0	0	15
1	0	0	55
1	0	0	4
1	0	0	4
1	0	0	53
1	0	0	53
1	0	0	53
1	0	0	24
1	0	0	45
1	0	0	58
1	0	0	58
1	0	0	15
1	0	0	24
1	0	0	45
1	0	0	57
1	0	0	57
1	0	0	57
1	0	0	57
1	0	0	57
1	0	0	57
1	0	0	57
1	0	0	28
1	0	0	57
1	0	0	57
1	0	0	57
1	0	0	57
1	0	0	57
1	0	0	57
1	0	0	57
1	0	0	13
1	0	0	15
1	0	0	15
1	0	0	23
1	0	0	23
1	0	0	7
1	0	0	23
1	0	0	23
1	0	0	23
1	0	0	23
1	0	0	23
1	0	0	23
1	0	0	23
1	0	0	23
1	0	0	45
1	0	0	45
1	0	0	11
1	0	0	45
1	0	0	41
1	0	0	54
1	0	0	41
1	0	0	21
1	0	0	54
1	0	0	41
1	0	0	35
1	0	0	35
1	0	0	35
1	0	0	4
1	0	0	4
1	0	0	15
1	0	0	15
1	0	0	15
1	0	0	47
1	0	0	15
1	0	0	54
1	0	0	54
1	0	0	35
1	0	0	13
1	0	0	51
1	0	0	51
1	0	0	43
1	0	0	45
1	0	0	12
1	0	0	13
1	0	0	15
1	0	0	12
1	0	0	12
1	0	0	19
1	0	0	19
1	0	0	19
1	0	0	19
1	0	0	19
1	0	0	19
1	0	0	41
1	0	0	41
1	0	0	41
1	0	0	41
1	0	0	23
1	0	0	23
1	0	0	23
1	0	0	23
1	0	0	23
1	0	0	23
1	0	0	23
1	0	0	23
1	0	0	23
1	0	0	23
1	0	0	23
1	0	0	23
1	0	0	23
1	0	0	11
1	0	0	17
1	0	0	5
1	0	0	15
1	0	0	28
1	0	0	51
1	0	0	15
1	0	0	54
1	0	0	20
1	0	0	20
1	0	0	11
1	0	0	11
1	0	0	11
1	0	0	11
1	0	0	19
1	0	0	9
1	0	0	20
1	0	0	15
1	0	0	15
1	0	0	20
1	0	0	58
1	0	0	58
1	0	0	11
1	0	0	24
1	0	0	15
1	0	0	22
1	0	0	5
1	0	0	28
1	0	0	24
1	0	0	58
1	0	0	55
1	0	0	55
1	0	0	10
1	0	0	15
1	0	0	15
1	0	0	20
1	0	0	20
1	0	0	20
1	0	0	15
1	0	0	45
1	0	0	45
1	0	0	45
1	0	0	45
1	0	0	45
1	0	0	45
1	0	0	45
1	0	0	59
1	0	0	59
1	0	0	45
1	0	0	45
1	0	0	4
1	0	0	4
1	0	0	4
1	0	0	4
1	0	0	5
1	0	0	45
1	0	0	31
1	0	0	45
1	0	0	45
1	0	0	45
1	0	0	45
1	0	0	40
1	0	0	11
1	0	0	11
1	0	0	45
1	0	0	6
1	0	0	46
1	0	0	45
1	0	0	47
1	0	0	47
1	0	0	47
1	0	0	47
1	0	0	47
1	0	0	51
1	0	0	51
1	0	0	51
1	0	0	51
1	0	0	51
1	0	0	11
1	0	0	11
1	0	0	45
1	0	0	45
1	0	0	40
1	0	0	11
1	0	0	33
1	0	0	33
1	0	0	33
1	0	0	33
1	0	0	11
1	0	0	30
1	0	0	11
1	0	0	37
1	0	0	37
1	0	0	37
1	0	0	37
1	0	0	26
1	0	0	37
1	0	0	10
1	0	0	3
1	0	0	3
1	0	0	3
1	0	0	21
1	0	0	6
1	0	0	5
1	0	0	6
1	0	0	6
1	0	0	6
1	0	0	6
1	0	0	37
1	0	0	45
1	0	0	45
1	0	0	40
1	0	0	36
1	0	0	29
1	0	0	45
1	0	0	11
1	0	0	11
1	0	0	59
1	0	0	59
1	0	0	59
1	0	0	16
1	0	0	50
1	0	0	16
1	0	0	16
1	0	0	11
1	0	0	16
1	0	0	16
1	0	0	16
1	0	0	16
1	0	0	11
1	0	0	18
1	0	0	18
1	0	0	18
1	0	0	18
1	0	0	30
1	0	0	30
1	0	0	44
1	0	0	59
1	0	0	59
1	0	0	43
1	0	0	26
1	0	0	2
1	0	0	9
1	0	0	57
1	0	0	43
1	0	0	16
1	0	0	43
1	0	0	43
1	0	0	43
1	0	0	43
1	0	0	43
1	0	0	43
1	0	0	7
1	0	0	20
1	0	0	26
1	0	0	39
1	0	0	16
1	0	0	16
1	0	0	18
1	0	0	25
1	0	0	9
1	0	0	9
1	0	0	38
1	0	0	16
1	0	0	53
1	0	0	53
1	0	0	53
1	0	0	53
1	0	0	53
1	0	0	53
1	0	0	53
1	0	0	53
1	0	0	53
1	0	0	53
1	0	0	53
1	0	0	53
1	0	0	53
1	0	0	53
1	0	0	39
1	0	0	21
1	0	0	14
1	0	0	39
1	0	0	53
1	0	0	53
1	0	0	32
1	0	0	32
1	0	0	34
1	0	0	41
1	0	0	32
1	0	0	50
1	0	0	32
1	0	0	29
1	0	0	29
1	0	0	2
1	0	0	2
1	0	0	21
1	0	0	27
1	0	0	15
1	0	0	15
1	0	0	40
1	0	0	31
1	0	0	53
1	0	0	53
1	0	0	44
1	0	0	44
1	0	0	31
1	0	0	50
1	0	0	36
1	0	0	36
1	0	0	9
1	0	0	25
1	0	0	44
1	0	0	27
1	0	0	16
1	0	0	50
1	0	0	44
1	0	0	26
1	0	0	52
1	0	0	43
1	0	0	43
1	0	0	43
1	0	0	43
1	0	0	15
1	0	0	38
1	0	0	38
1	0	0	37
1	0	0	50
1	0	0	9
1	0	0	26
1	0	0	28
1	0	0	26
1	0	0	51
1	0	0	27
1	0	0	9
1	0	0	1
1	0	0	9
1	0	0	25
1	0	0	25
1	0	0	25
1	0	0	44
1	0	0	26
1	0	0	53
1	0	0	9
1	0	0	13
1	0	0	9
1	0	0	50
1	0	0	2
1	0	0	2
1	0	0	16
1	0	0	51
1	0	0	33
1	0	0	33
1	0	0	33
1	0	0	4
1	0	0	43
1	0	0	33
1	0	0	43
1	0	0	27
1	0	0	27
1	0	0	51
1	0	0	18
1	0	0	40
1	0	0	18
1	0	0	27
1	0	0	44
1	0	0	9
1	0	0	5
1	0	0	2
1	0	0	2
1	0	0	2
1	0	0	16
1	0	0	53
1	0	0	40
1	0	0	9
1	0	0	40
1	0	0	40
1	0	0	43
1	0	0	2
1	0	0	28
1	0	0	50
1	0	0	16
1	0	0	42
1	0	0	6
1	0	0	51
1	0	0	51
1	0	0	51
1	0	0	1
1	0	0	50
1	0	0	43
1	0	0	43
1	0	0	51
1	0	0	57
1	0	0	57
1	0	0	5
1	0	0	7
1	0	0	33
1	0	0	5
1	0	0	5
1	0	0	5
1	0	0	5
1	0	0	43
1	0	0	6
1	0	0	2
1	0	0	13
1	0	0	29
1	0	0	9
1	0	0	31
1	0	0	27
1	0	0	15
1	0	0	33
1	0	0	50
1	0	0	38
1	0	0	44
1	0	0	33
1	0	0	27
1	0	0	2
1	0	0	1
1	0	0	27
1	0	0	51
1	0	0	42
1	0	0	50
1	0	0	26
1	0	0	41
1	0	0	57
1	0	0	48
1	0	0	50
1	0	0	8
1	0	0	50
1	0	0	38
1	0	0	50
1	0	0	33
1	0	0	50
1	0	0	47
1	0	0	1
1	0	0	19
1	0	0	2
1	0	0	2
1	0	0	2
1	0	0	33
1	0	0	31
1	0	0	31
1	0	0	8
1	0	0	8
1	0	0	8
1	0	0	47
1	0	0	18
1	0	0	1
1	0	0	3
1	0	0	3
1	0	0	3
1	0	0	3
1	0	0	51
1	0	0	17
1	0	0	32
1	0	0	32
1	0	0	32
1	0	0	9
1	0	0	9
1	0	0	9
1	0	0	9
1	0	0	9
1	0	0	41
1	0	0	29
1	0	0	29
1	0	0	50
1	0	0	30
1	0	0	50
1	0	0	16
1	0	0	26
1	0	0	9
1	0	0	20
1	0	0	27
1	0	0	36
1	0	0	36
1	0	0	36
1	0	0	36
1	0	0	36
1	0	0	8
1	0	0	16
1	0	0	27
1	0	0	44
1	0	0	51
1	0	0	16
1	0	0	10
1	0	0	15
1	0	0	36
1	0	0	53
1	0	0	40
1	0	0	9
1	0	0	30
1	0	0	30
1	0	0	9
1	0	0	32
1	0	0	4
1	0	0	44
1	0	0	44
1	0	0	40
1	0	0	4
1	0	0	31
1	0	0	40
1	0	0	36
1	0	0	20
1	0	0	40
1	0	0	20
1	0	0	40
1	0	0	23
1	0	0	26
1	0	0	7
1	0	0	29
1	0	0	29
1	0	0	29
1	0	0	33
1	0	0	27
1	0	0	6
1	0	0	59
1	0	0	59
1	0	0	10
1	0	0	50
1	0	0	50
1	0	0	7
1	0	0	27
1	0	0	17
1	0	0	20
1	0	0	4
1	0	0	10
1	0	0	43
1	0	0	50
1	0	0	50
1	0	0	50
1	0	0	50
1	0	0	47
1	0	0	12
1	0	0	24
1	0	0	31
1	0	0	31
1	0	0	8
1	0	0	7
1	0	0	33
1	0	0	44
1	0	0	13
1	0	0	31
1	0	0	10
1	0	0	10
1	0	0	10
1	0	0	27
1	0	0	33
1	0	0	15
1	0	0	51
1	0	0	27
1	0	0	22
1	0	0	19
1	0	0	29
1	0	0	1
1	0	0	2
1	0	0	2
1	0	0	10
1	0	0	53
1	0	0	16
1	0	0	34
1	0	0	50
1	0	0	36
1	0	0	59
1	0	0	50
1	0	0	51
1	0	0	30
1	0	0	29
1	0	0	29
1	0	0	29
1	0	0	49
1	0	0	52
1	0	0	10
1	0	0	49
1	0	0	50
1	0	0	7
1	0	0	7
1	0	0	53
1	0	0	9
1	0	0	34
1	0	0	10
1	0	0	40
1	0	0	26
1	0	0	9
1	0	0	27
1	0	0	16
1	0	0	2
1	0	0	10
1	0	0	41
1	0	0	50
1	0	0	16
1	0	0	16
1	0	0	24
1	0	0	31
1	0	0	30
1	0	0	29
1	0	0	47
1	0	0	26
1	0	0	10
1	0	0	16
1	0	0	47
1	0	0	50
1	0	0	3
1	0	0	50
1	0	0	50
1	0	0	42
1	0	0	26
1	0	0	28
1	0	0	37
1	0	0	51
1	0	0	19
1	0	0	57
1	0	0	59
1	0	0	59
1	0	0	19
1	0	0	4
1	0	0	16
1	0	0	16
1	0	0	22
1	0	0	26
1	0	0	34
1	0	0	34
1	0	0	34
1	0	0	31
1	0	0	34
1	0	0	16
1	0	0	16
1	0	0	57
1	0	0	57
1	0	0	57
1	0	0	57
1	0	0	57
1	0	0	33
1	0	0	50
1	0	0	50
1	0	0	50
1	0	0	25
1	0	0	25
1	0	0	57
1	0	0	57
1	0	0	42
1	0	0	25
1	0	0	26
1	0	0	38
1	0	0	25
1	0	0	38
1	0	0	39
1	0	0	37
1	0	0	44
1	0	0	29
1	0	0	38
1	0	0	33
1	0	0	39
1	0	0	39
1	0	0	57
1	0	0	25
1	0	0	39
1	0	0	6
1	0	0	25
1	0	0	57
1	0	0	28
1	0	0	8
1	0	0	8
1	0	0	57
1	0	0	39
1	0	0	39
1	0	0	39
1	0	0	38
1	0	0	6
1	0	0	3
1	0	0	39
1	0	0	57
1	0	0	57
1	0	0	11
1	0	0	25
1	0	0	57
1	0	0	57
1	0	0	31
1	0	0	31
1	0	0	32
1	0	0	57
1	0	0	57
1	0	0	31
1	0	0	16
1	0	0	53
1	0	0	41
1	0	0	10
1	0	0	26
1	0	0	6
1	0	0	15
1	0	0	59
1	0	0	38
1	0	0	44
1	0	0	57
1	0	0	3
1	0	0	57
1	0	0	57
1	0	0	57
1	0	0	42
1	0	0	42
1	0	0	51
1	0	0	57
1	0	0	24
1	0	0	31
1	0	0	19
1	0	0	19
1	0	0	14
1	0	0	40
1	0	0	54
1	0	0	25
1	0	0	25
1	0	0	7
1	0	0	31
1	0	0	34
1	0	0	7
1	0	0	4
1	0	0	3
1	0	0	47
1	0	0	47
1	0	0	4
1	0	0	33
1	0	0	36
1	0	0	32
1	0	0	32
1	0	0	40
1	0	0	50
1	0	0	16
1	0	0	24
1	0	0	9
1	0	0	36
1	0	0	36
1	0	0	31
1	0	0	50
1	0	0	9
1	0	0	33
1	0	0	32
1	0	0	27
1	0	0	44
1	0	0	13
1	0	0	9
1	0	0	9
1	0	0	37
1	0	0	16
1	0	0	54
1	0	0	3
1	0	0	2
1	0	0	34
1	0	0	40
1	0	0	29
1	0	0	49
1	0	0	47
1	0	0	10
1	0	0	9
1	0	0	51
1	0	0	33
1	0	0	26
1	0	0	15
1	0	0	47
1	0	0	31
1	0	0	31
1	0	0	31
1	0	0	47
1	0	0	25
1	0	0	40
1	0	0	21
1	0	0	29
1	0	0	30
1	0	0	10
1	0	0	17
1	0	0	1
1	0	0	40
1	0	0	33
1	0	0	33
1	0	0	50
1	0	0	40
1	0	0	25
1	0	0	40
1	0	0	6
1	0	0	8
1	0	0	38
1	0	0	33
1	0	0	50
1	0	0	50
1	0	0	15
1	0	0	29
1	0	0	27
1	0	0	51
1	0	0	18
1	0	0	18
1	0	0	29
1	0	0	44
1	0	0	44
1	0	0	51
1	0	0	38
1	0	0	15
1	0	0	4
1	0	0	15
1	0	0	47
1	0	0	51
1	0	0	47
1	0	0	47
1	0	0	54
1	0	0	13
1	0	0	18
1	0	0	27
1	0	0	21
1	0	0	26
1	0	0	44
1	0	0	1
1	0	0	16
1	0	0	27
1	0	0	3
1	0	0	3
1	0	0	3
1	0	0	45
1	0	0	15
1	0	0	37
1	0	0	6
1	0	0	53
1	0	0	50
1	0	0	19
1	0	0	58
1	0	0	58
1	0	0	20
1	0	0	41
1	0	0	19
1	0	0	20
1	0	0	24
1	0	0	24
1	0	0	53
1	0	0	55
1	0	0	12
1	0	0	55
1	0	0	53
1	0	0	7
1	0	0	53
1	0	0	46
1	0	0	52
1	0	0	7
1	0	0	3
1	0	0	52
1	0	0	11
1	0	0	8
1	0	0	8
1	0	0	40
1	0	0	29
1	0	0	22
1	0	0	27
1	0	0	27
1	0	0	44
1	0	0	44
1	0	0	29
1	0	0	27
1	0	0	27
1	0	0	26
1	0	0	15
1	0	0	13
1	0	0	27
1	0	0	44
1	0	0	42
1	0	0	47
1	0	0	38
1	0	0	38
1	0	0	38
1	0	0	32
1	0	0	50
1	0	0	38
1	0	0	58
1	0	0	44
1	0	0	27
1	0	0	39
1	0	0	33
1	0	0	38
1	0	0	39
1	0	0	50
1	0	0	1
1	0	0	45
1	0	0	47
1	0	0	47
1	0	0	47
1	0	0	47
1	0	0	50
1	0	0	50
1	0	0	53
1	0	0	47
1	0	0	10
1	0	0	33
1	0	0	16
1	0	0	7
1	0	0	21
1	0	0	31
1	0	0	27
1	0	0	11
1	0	0	50
1	0	0	2
1	0	0	2
1	0	0	7
1	0	0	29
1	0	0	26
1	0	0	11
1	0	0	18
1	0	0	36
1	0	0	9
1	0	0	3
1	0	0	16
1	0	0	40
1	0	0	53
1	0	0	53
1	0	0	18
1	0	0	55
1	0	0	40
1	0	0	27
1	0	0	40
1	0	0	14
1	0	0	29
1	0	0	21
1	0	0	47
1	0	0	21
1	0	0	17
1	0	0	16
1	0	0	14
1	0	0	20
1	0	0	17
1	0	0	52
1	0	0	13
1	0	0	36
1	0	0	18
1	0	0	16
1	0	0	18
1	0	0	38
1	0	0	27
1	0	0	25
1	0	0	29
1	0	0	22
1	0	0	22
1	0	0	33
1	0	0	33
1	0	0	49
1	0	0	33
1	0	0	33
1	0	0	43
1	0	0	43
1	0	0	18
1	0	0	9
1	0	0	40
1	0	0	47
1	0	0	42
1	0	0	33
1	0	0	22
1	0	0	52
1	0	0	51
1	0	0	53
1	0	0	1
1	0	0	47
1	0	0	40
1	0	0	51
1	0	0	44
1	0	0	19
1	0	0	10
1	0	0	16
1	0	0	3
1	0	0	50
1	0	0	31
1	0	0	30
1	0	0	40
1	0	0	26
1	0	0	50
1	0	0	12
1	0	0	30
1	0	0	50
1	0	0	44
1	0	0	29
1	0	0	15
1	0	0	52
1	0	0	40
1	0	0	40
1	0	0	40
1	0	0	1
1	0	0	1
1	0	0	2
1	0	0	2
1	0	0	54
1	0	0	30
1	0	0	16
1	0	0	36
1	0	0	36
1	0	0	31
1	0	0	2
1	0	0	47
1	0	0	41
1	0	0	27
1	0	0	25
1	0	0	27
1	0	0	2
1	0	0	51
0.1	2	1	43
0.1	20	19	2
0.1	2125	18	55
0.1	28	27	8
0.1	31	30	42
0.1	2128	29	16
0.1	52	51	17
0.1	55	54	18
0.1	63	62	14
0.1	2132	61	1
0.1	64	2133	38
0.1	70	69	16
0.1	71	2135	21
0.1	73	72	24
0.1	74	2137	22
0.1	2138	2136	34
0.1	2139	68	31
0.1	75	2140	14
0.1	2141	67	32
0.1	2142	66	35
0.1	2143	65	59
0.1	76	2144	44
0.1	2145	2134	55
0.1	78	77	19
0.1	2147	2146	55
0.1	80	79	6
0.1	2149	2148	55
0.1	86	85	48
0.1	2151	84	52
0.1	2152	83	19
0.1	87	2153	42
0.1	2154	82	9
0.1	88	2155	13
0.1	2156	81	31
0.1	92	91	31
0.1	2158	90	40
0.1	2159	89	20
0.1	2160	2157	59
0.1	2161	2150	5
0.1	2162	60	57
0.1	93	2163	57
0.1	94	2164	57
0.1	2165	59	57
0.1	2166	58	54
0.1	2167	57	54
0.1	95	2168	54
0.1	2169	56	54
0.1	98	97	7
0.1	2171	96	44
0.1	2172	2170	54
0.1	99	2173	54
0.1	2174	2131	54
0.1	2175	53	54
0.1	100	2176	54
0.1	101	2177	55
0.1	2178	2130	55
0.1	2179	50	55
0.1	102	2180	57
0.1	103	2181	57
0.1	2182	49	57
0.1	2183	48	57
0.1	2184	47	57
0.1	104	2185	57
0.1	2186	46	57
0.1	2187	45	57
0.1	105	2188	57
0.1	2189	44	57
0.1	2190	43	59
0.1	106	2191	59
0.1	107	2192	59
0.1	108	2193	59
0.1	109	2194	59
0.1	2195	42	59
0.1	110	2196	59
0.1	2197	41	59
0.1	2198	40	59
0.1	2199	39	59
0.1	2200	38	59
0.1	2201	37	59
0.1	2202	36	59
0.1	113	112	59
0.1	2204	111	37
0.1	2205	2203	59
0.1	2206	35	59
0.1	114	2207	59
0.1	2208	34	58
0.1	2209	33	58
0.1	2210	32	58
0.1	2211	2129	58
0.1	2212	2127	59
0.1	115	2213	59
0.1	2214	26	15
0.1	116	2215	15
0.1	117	2216	59
0.1	2217	25	59
0.1	118	2218	59
0.1	119	2219	59
0.1	120	2220	59
0.1	121	2221	59
0.1	2222	24	59
0.1	122	2223	55
0.1	123	2224	55
0.1	124	2225	55
0.1	2226	23	55
0.1	125	2227	57
0.1	2228	22	57
0.1	2229	21	59
0.1	2230	2126	59
0.1	127	126	22
0.1	2232	2231	59
0.1	128	2233	59
0.1	2234	17	59
0.1	129	2235	58
0.1	2236	16	58
0.1	130	2237	58
0.1	131	2238	58
0.1	132	2239	56
0.1	2240	15	56
0.1	2241	14	56
0.1	139	138	42
0.1	2243	137	59
0.1	2244	136	20
0.1	2245	135	2
0.1	2246	134	31
0.1	2247	133	20
0.1	2248	2242	56
0.1	2249	13	56
0.1	2250	12	56
0.1	140	2251	56
0.1	141	2252	57
0.1	142	2253	59
0.1	143	2254	59
0.1	2255	11	59
0.1	2256	10	58
0.1	144	2257	58
0.1	2258	9	57
0.1	2259	8	57
0.1	145	2260	41
0.1	146	2261	41
0.1	2262	7	56
0.1	2263	6	56
0.1	2264	5	56
0.1	2265	4	56
0.1	147	2266	56
0.1	2267	3	56
0.1	2268	2124	56
0.1	150	149	16
0.1	2270	148	58
0.1	2271	2269	56
0.1	151	2272	56
0.1	152	2273	56
0.1	153	2274	56
0.1	154	2275	56
0.1	155	2276	56
0.1	156	2277	56
0.1	157	2278	56
0.1	158	2279	56
0.1	159	2280	56
0.1	160	2281	56
0.1	161	2282	56
0.1	162	2283	56
0.1	163	2284	56
0.1	164	2285	56
0.1	165	2286	59
0.1	167	166	23
0.1	2288	2287	57
0.1	168	2289	57
0.1	175	174	54
0.1	2291	173	12
0.1	2292	172	18
0.1	177	176	15
0.1	2294	2293	32
0.1	178	2295	50
0.1	2296	171	56
0.1	2297	170	5
0.1	2298	169	31
0.1	2299	2290	59
0.1	199	198	6
0.1	207	206	7
0.1	2302	205	33
0.1	209	208	23
0.1	2304	2303	47
0.1	210	2305	12
0.1	2306	204	59
0.1	214	213	25
0.1	220	219	43
0.1	221	2309	23
0.1	222	2310	45
0.1	223	2311	24
0.1	224	2312	17
0.1	225	2313	6
0.1	226	2314	49
0.1	227	2315	35
0.1	2316	218	59
0.1	2317	217	52
0.1	2318	216	43
0.1	2319	215	59
0.1	2320	2308	59
0.1	228	2321	59
0.1	2322	212	59
0.1	2323	211	59
0.1	229	2324	7
0.1	2325	2307	7
0.1	2326	203	7
0.1	230	2327	7
0.1	231	2328	7
0.1	232	2329	7
0.1	233	2330	7
0.1	2331	202	7
0.1	2332	201	55
0.1	2333	200	55
0.1	234	2334	55
0.1	235	2335	55
0.1	236	2336	55
0.1	2337	2301	55
0.1	2338	197	55
0.1	238	237	26
0.1	2340	2339	55
0.1	2341	196	55
0.1	2342	195	55
0.1	2343	194	55
0.1	2344	193	55
0.1	2345	192	55
0.1	2346	191	55
0.1	2347	190	55
0.1	239	2348	55
0.1	240	2349	55
0.1	2350	189	55
0.1	2351	188	59
0.1	2352	187	59
0.1	241	2353	59
0.1	2354	186	59
0.1	2355	185	59
0.1	242	2356	59
0.1	2357	184	59
0.1	243	2358	59
0.1	2359	183	47
0.1	2360	182	47
0.1	2361	181	47
0.1	245	244	3
0.1	2363	2362	47
0.1	2364	180	59
0.1	246	2365	59
0.1	2366	179	58
0.1	249	248	49
0.1	2368	247	14
0.1	2369	2367	58
0.1	2370	2300	58
0.1	250	2371	58
0.1	253	252	27
0.1	259	258	30
0.1	2374	257	36
0.1	265	264	28
0.1	2376	263	44
0.1	2377	262	15
0.1	2378	261	22
0.1	2379	260	57
0.1	266	2380	18
0.1	268	267	58
0.1	2382	2381	17
0.1	269	2383	11
0.1	270	2384	48
0.1	271	2385	43
0.1	2386	2375	59
0.1	2387	256	59
0.1	2388	255	59
0.1	2389	254	59
0.1	2390	2373	44
0.1	2391	251	58
0.1	275	274	51
0.1	2393	273	9
0.1	2394	272	40
0.1	277	276	36
0.1	279	278	21
0.1	284	283	50
0.1	2398	282	36
0.1	2399	281	13
0.1	2400	280	44
0.1	2401	2397	17
0.1	288	287	22
0.1	2403	286	23
0.1	293	292	2
0.1	2405	291	45
0.1	2406	290	40
0.1	2407	289	31
0.1	2408	2404	21
0.1	2409	285	20
0.1	2410	2402	5
0.1	2411	2396	5
0.1	2412	2395	5
0.1	2413	2392	58
0.1	2414	2372	58
0.1	294	2415	58
0.1	295	2416	58
0.1	303	302	48
0.1	304	2418	27
0.1	2419	301	3
0.1	305	2420	35
0.1	2421	300	57
0.1	2422	299	46
0.1	306	2423	13
0.1	2424	298	49
0.1	2425	297	4
0.1	308	307	2
0.1	309	2427	4
0.1	2428	2426	58
0.1	311	310	55
0.1	2430	2429	58
0.1	312	2431	58
0.1	2432	296	58
0.1	2433	2417	58
0.1	318	317	6
0.1	2435	316	44
0.1	2436	315	38
0.1	320	319	5
0.1	2438	2437	16
0.1	322	321	55
0.1	323	2440	33
0.1	324	2441	51
0.1	325	2442	38
0.1	2443	2439	47
0.1	2444	314	39
0.1	326	2445	58
0.1	329	328	50
0.1	2447	327	14
0.1	331	330	50
0.1	334	333	44
0.1	2450	332	58
0.1	2451	2449	16
0.1	2452	2448	37
0.1	337	336	53
0.1	2454	335	9
0.1	340	339	27
0.1	2456	338	2
0.1	341	2457	13
0.1	342	2458	30
0.1	2459	2455	38
0.1	351	350	33
0.1	354	353	48
0.1	358	357	39
0.1	2463	356	43
0.1	359	2464	28
0.1	2465	355	38
0.1	2466	2462	45
0.1	2467	352	25
0.1	2468	2461	22
0.1	2469	349	21
0.1	2470	348	47
0.1	2471	347	59
0.1	360	2472	59
0.1	2473	346	59
0.1	361	2474	59
0.1	2475	345	50
0.1	2476	344	50
0.1	362	2477	50
0.1	363	2478	50
0.1	364	2479	56
0.1	366	365	12
0.1	2481	2480	56
0.1	367	2482	56
0.1	368	2483	58
0.1	371	370	20
0.1	376	375	28
0.1	2486	374	30
0.1	377	2487	33
0.1	2488	373	35
0.1	2489	372	57
0.1	2490	2485	10
0.1	2491	369	38
0.1	379	378	18
0.1	381	380	31
0.1	385	384	53
0.1	2495	383	9
0.1	2496	382	35
0.1	398	397	10
0.1	2498	396	40
0.1	2499	395	8
0.1	399	2500	38
0.1	2501	394	48
0.1	2502	393	4
0.1	400	2503	12
0.1	2504	392	23
0.1	401	2505	1
0.1	402	2506	52
0.1	403	2507	58
0.1	404	2508	59
0.1	406	405	8
0.1	2510	2509	59
0.1	2511	391	59
0.1	2512	390	59
0.1	407	2513	59
0.1	2514	389	56
0.1	408	2515	56
0.1	2516	388	41
0.1	2517	387	41
0.1	409	2518	56
0.1	2519	386	56
0.1	410	2520	57
0.1	411	2521	59
0.1	2522	2497	59
0.1	412	2523	57
0.1	2524	2494	57
0.1	2525	2493	58
0.1	2526	2492	58
0.1	413	2527	58
0.1	2528	2484	58
0.1	2529	343	58
0.1	2530	2460	58
0.1	2531	2453	58
0.1	2532	2446	58
0.1	2533	313	58
0.1	2534	2434	58
0.1	416	415	49
0.1	2536	414	43
0.1	2537	2535	59
0.1	419	418	32
0.1	2539	417	26
0.1	424	423	8
0.1	426	425	56
0.1	428	427	44
0.1	429	2543	51
0.1	430	2544	29
0.1	2545	2542	25
0.1	2546	2541	54
0.1	2547	422	41
0.1	2548	421	10
0.1	2549	420	44
0.1	2550	2540	59
0.1	2551	2538	59
0.1	431	2552	59
0.1	432	2553	59
0.1	433	2554	59
0.1	434	2555	59
0.1	435	2556	59
0.1	440	439	5
0.1	2558	438	6
0.1	2559	437	21
0.1	441	2560	59
0.1	2561	436	33
0.1	442	2562	15
0.1	444	443	32
0.1	445	2564	19
0.1	447	446	53
0.1	2566	2565	33
0.1	2567	2563	39
0.1	2568	2557	59
0.1	450	449	9
0.1	2570	448	21
0.1	2571	2569	59
0.1	453	452	35
0.1	2573	451	19
0.1	2574	2572	59
0.1	454	2575	59
0.1	455	2576	55
0.1	460	459	47
0.1	2578	458	18
0.1	2579	457	12
0.1	2580	456	14
0.1	2581	2577	55
0.1	467	466	27
0.1	2583	465	10
0.1	2584	464	13
0.1	2585	463	9
0.1	2586	462	3
0.1	2587	461	31
0.1	2588	2582	51
0.1	468	2589	51
0.1	469	2590	59
0.1	470	2591	59
0.1	471	2592	59
0.1	474	473	19
0.1	2594	472	14
0.1	475	2595	19
0.1	2596	2593	59
0.1	480	479	14
0.1	2598	478	18
0.1	481	2599	49
0.1	2600	477	59
0.1	2601	476	20
0.1	2602	2597	59
0.1	484	483	9
0.1	2604	482	24
0.1	2605	2603	59
0.1	489	488	50
0.1	2607	487	24
0.1	2608	486	21
0.1	2609	485	4
0.1	2610	2606	59
0.1	490	2611	59
0.1	491	2612	59
0.1	492	2613	59
0.1	493	2614	59
0.1	494	2615	59
0.1	496	495	24
0.1	2617	2616	56
0.1	497	2618	56
0.1	498	2619	56
0.1	499	2620	56
0.1	500	2621	58
0.1	501	2622	58
0.1	503	502	17
0.1	2624	2623	59
0.1	504	2625	59
0.1	506	505	45
0.1	2627	2626	44
0.1	508	507	36
0.1	2629	2628	59
0.1	510	509	25
0.1	2631	2630	59
0.1	513	512	36
0.1	514	2633	38
0.1	2634	511	1
0.1	2635	2632	59
0.1	516	515	50
0.1	2637	2636	59
0.1	517	2638	59
0.1	518	2639	59
0.1	520	519	3
0.1	2641	2640	59
0.1	523	522	10
0.1	532	531	28
0.1	535	534	50
0.1	537	536	14
0.1	2646	2645	17
0.1	2647	533	28
0.1	2648	2644	31
0.1	2649	530	27
0.1	2650	529	41
0.1	2651	528	6
0.1	538	2652	28
0.1	2653	527	55
0.1	2654	526	59
0.1	539	2655	59
0.1	2656	525	59
0.1	2657	524	59
0.1	2658	2643	59
0.1	2659	521	59
0.1	2660	2642	59
0.1	541	540	15
0.1	546	545	33
0.1	2663	544	35
0.1	547	2664	46
0.1	2665	543	32
0.1	2666	542	20
0.1	2667	2662	37
0.1	2668	2661	59
0.1	549	548	23
0.1	550	2670	46
0.1	553	552	36
0.1	556	555	12
0.1	2673	554	45
0.1	2674	2672	57
0.1	2675	551	22
0.1	2676	2671	8
0.1	2677	2669	59
0.1	557	2678	59
0.1	559	558	38
0.1	2680	2679	59
0.1	561	560	57
0.1	2682	2681	58
0.1	564	563	23
0.1	2684	562	37
0.1	567	566	48
0.1	568	2686	52
0.1	2687	565	56
0.1	2688	2685	32
0.1	569	2689	9
0.1	2690	2683	58
0.1	570	2691	58
0.1	571	2692	58
0.1	572	2693	58
0.1	574	573	57
0.1	2695	2694	58
0.1	580	579	4
0.1	582	581	14
0.1	583	2698	29
0.1	2699	2697	51
0.1	585	584	22
0.1	2701	2700	23
0.1	586	2702	57
0.1	587	2703	6
0.1	2704	578	45
0.1	588	2705	32
0.1	589	2706	54
0.1	2707	577	59
0.1	590	2708	59
0.1	2709	576	58
0.1	2710	575	58
0.1	2711	2696	58
0.1	593	592	51
0.1	2713	591	19
0.1	2714	2712	58
0.1	594	2715	58
0.1	598	597	1
0.1	2717	596	8
0.1	2718	595	14
0.1	2719	2716	58
0.1	600	599	2
0.1	601	2721	22
0.1	2722	2720	58
0.1	602	2723	57
0.1	608	607	43
0.1	2725	606	23
0.1	2726	605	21
0.1	610	609	23
0.1	2728	2727	4
0.1	2729	604	2
0.1	2730	603	7
0.1	2731	2724	57
0.1	612	611	10
0.1	613	2733	8
0.1	615	614	10
0.1	2735	2734	4
0.1	619	618	5
0.1	624	623	25
0.1	627	626	57
0.1	2739	625	37
0.1	2740	2738	18
0.1	628	2741	41
0.1	629	2742	36
0.1	2743	622	16
0.1	2744	621	49
0.1	2745	620	10
0.1	2746	2737	43
0.1	630	2747	57
0.1	631	2748	57
0.1	2749	617	57
0.1	2750	616	57
0.1	2751	2736	57
0.1	2752	2732	57
0.1	632	2753	55
0.1	633	2754	55
0.1	634	2755	55
0.1	637	636	19
0.1	641	640	6
0.1	642	2758	3
0.1	2759	639	8
0.1	643	2760	38
0.1	2761	638	27
0.1	2762	2757	57
0.1	2763	635	37
0.1	644	2764	29
0.1	2765	2756	55
0.1	645	2766	55
0.1	646	2767	55
0.1	647	2768	55
0.1	648	2769	37
0.1	649	2770	37
0.1	650	2771	37
0.1	651	2772	37
0.1	653	652	58
0.1	2774	2773	59
0.1	655	654	36
0.1	2776	2775	59
0.1	661	660	37
0.1	662	2778	59
0.1	2779	659	8
0.1	2780	658	34
0.1	663	2781	10
0.1	670	669	35
0.1	2783	668	54
0.1	2784	667	38
0.1	2785	666	35
0.1	2786	665	44
0.1	680	679	58
0.1	686	685	31
0.1	2789	684	59
0.1	687	2790	28
0.1	2791	683	9
0.1	2792	682	10
0.1	688	2793	39
0.1	2794	681	54
0.1	689	2795	51
0.1	690	2796	37
0.1	2797	2788	44
0.1	692	691	32
0.1	708	707	41
0.1	2800	706	9
0.1	714	713	55
0.1	2802	712	30
0.1	717	716	56
0.1	2804	715	43
0.1	718	2805	17
0.1	2806	2803	30
0.1	2807	711	24
0.1	723	722	53
0.1	724	2809	47
0.1	2810	721	58
0.1	725	2811	10
0.1	726	2812	15
0.1	727	2813	9
0.1	728	2814	40
0.1	2815	720	28
0.1	2816	719	27
0.1	2817	2808	52
0.1	2818	710	52
0.1	729	2819	52
0.1	730	2820	59
0.1	731	2821	59
0.1	732	2822	59
0.1	733	2823	59
0.1	734	2824	55
0.1	735	2825	43
0.1	736	2826	43
0.1	2827	709	43
0.1	2828	2801	43
0.1	2829	705	43
0.1	737	2830	58
0.1	2831	704	59
0.1	2832	703	59
0.1	2833	702	59
0.1	738	2834	58
0.1	2835	701	58
0.1	739	2836	58
0.1	2837	700	58
0.1	2838	699	58
0.1	2839	698	59
0.1	2840	697	59
0.1	2841	696	59
0.1	2842	695	59
0.1	2843	694	59
0.1	740	2844	59
0.1	2845	693	59
0.1	741	2846	56
0.1	2847	2799	56
0.1	742	2848	56
0.1	2849	2798	57
0.1	2850	678	59
0.1	743	2851	59
0.1	2852	677	59
0.1	2853	676	59
0.1	744	2854	59
0.1	2855	675	59
0.1	745	2856	59
0.1	2857	674	59
0.1	2858	673	59
0.1	2859	672	59
0.1	747	746	31
0.1	2861	2860	59
0.1	754	753	55
0.1	2863	752	49
0.1	755	2864	39
0.1	2865	751	9
0.1	2866	750	14
0.1	2867	749	12
0.1	2868	748	43
0.1	757	756	19
0.1	759	758	57
0.1	2871	2870	40
0.1	2872	2869	53
0.1	2873	2862	59
0.1	760	2874	59
0.1	761	2875	37
0.1	2876	671	37
0.1	2877	2787	8
0.1	762	2878	8
0.1	763	2879	8
0.1	2880	664	8
0.1	2881	2782	8
0.1	764	2882	8
0.1	765	2883	58
0.1	766	2884	58
0.1	2885	657	58
0.1	2886	656	59
0.1	2887	2777	51
0.1	768	767	2
0.1	771	770	23
0.1	2890	769	32
0.1	772	2891	6
0.1	773	2892	34
0.1	2893	2889	59
0.1	2894	2888	58
0.1	776	775	16
0.1	2896	774	21
0.1	2897	2895	58
0.1	778	777	17
0.1	781	780	56
0.1	2900	779	4
0.1	784	783	21
0.1	2902	782	7
0.1	2903	2901	12
0.1	2904	2899	40
0.1	2905	2898	58
0.1	787	786	37
0.1	2907	785	31
0.1	2908	2906	58
0.1	790	789	27
0.1	2910	788	34
0.1	2911	2909	58
0.1	791	2912	58
0.1	792	2913	58
0.1	793	2914	58
0.1	794	2915	58
0.1	795	2916	58
0.1	797	796	59
0.1	815	814	15
0.1	838	837	4
0.1	2920	836	52
0.1	843	842	10
0.1	844	2922	53
0.1	2923	841	56
0.1	2924	840	40
0.1	2925	839	51
0.1	846	845	33
0.1	2927	2926	35
0.1	859	858	54
0.1	867	866	31
0.1	868	2930	4
0.1	869	2931	44
0.1	871	870	4
0.1	2933	2932	22
0.1	2934	865	58
0.1	2935	864	56
0.1	2936	863	3
0.1	872	2937	52
0.1	2938	862	45
0.1	873	2939	45
0.1	2940	861	53
0.1	877	876	48
0.1	880	879	2
0.1	883	882	17
0.1	2944	881	9
0.1	885	884	58
0.1	2946	2945	6
0.1	2947	2943	41
0.1	2948	878	52
0.1	886	2949	17
0.1	887	2950	45
0.1	2951	2942	59
0.1	889	888	35
0.1	894	893	33
0.1	895	2954	35
0.1	896	2955	41
0.1	2956	892	53
0.1	897	2957	22
0.1	2958	891	12
0.1	899	898	47
0.1	2960	2959	1
0.1	2961	890	12
0.1	2962	2953	46
0.1	2963	2952	59
0.1	917	916	51
0.1	918	2965	56
0.1	919	2966	58
0.1	2967	915	30
0.1	920	2968	48
0.1	921	2969	51
0.1	2970	914	26
0.1	2971	913	6
0.1	2972	912	8
0.1	2973	911	49
0.1	922	2974	41
0.1	923	2975	59
0.1	2976	910	59
0.1	2977	909	59
0.1	2978	908	59
0.1	924	2979	59
0.1	2980	907	59
0.1	2981	906	48
0.1	925	2982	48
0.1	2983	905	45
0.1	2984	904	45
0.1	2985	903	56
0.1	2986	902	56
0.1	2987	901	56
0.1	2988	900	49
0.1	927	926	38
0.1	932	931	19
0.1	2991	930	35
0.1	2992	929	40
0.1	934	933	12
0.1	935	2994	15
0.1	2995	2993	21
0.1	2996	928	33
0.1	2997	2990	44
0.1	2998	2989	49
0.1	2999	2964	53
0.1	3000	875	53
0.1	941	940	36
0.1	3002	939	8
0.1	3003	938	56
0.1	942	3004	24
0.1	3005	937	30
0.1	3006	936	33
0.1	3007	3001	53
0.1	943	3008	53
0.1	3009	874	53
0.1	3010	2941	53
0.1	944	3011	53
0.1	3012	860	53
0.1	3013	2929	53
0.1	3014	857	53
0.1	945	3015	53
0.1	946	3016	53
0.1	3017	856	53
0.1	3018	855	58
0.1	947	3019	58
0.1	3020	854	58
0.1	3021	853	58
0.1	948	3022	58
0.1	949	3023	55
0.1	3024	852	55
0.1	950	3025	55
0.1	951	3026	55
0.1	3027	851	55
0.1	3028	850	55
0.1	3029	849	59
0.1	3030	848	59
0.1	3031	847	56
0.1	952	3032	56
0.1	3033	2928	56
0.1	3034	2921	56
0.1	953	3035	56
0.1	954	3036	56
0.1	3037	835	56
0.1	956	955	34
0.1	3039	3038	56
0.1	3040	834	56
0.1	3041	833	56
0.1	3042	832	56
0.1	957	3043	57
0.1	3044	831	57
0.1	3045	830	58
0.1	3046	829	58
0.1	3047	828	57
0.1	958	3048	59
0.1	3049	827	59
0.1	959	3050	59
0.1	3051	826	58
0.1	960	3052	58
0.1	961	3053	58
0.1	3054	825	58
0.1	3055	824	11
0.1	3056	823	11
0.1	962	3057	57
0.1	3058	822	57
0.1	3059	821	59
0.1	963	3060	59
0.1	3061	820	59
0.1	964	3062	59
0.1	3063	819	59
0.1	965	3064	59
0.1	3065	818	59
0.1	966	3066	56
0.1	3067	817	56
0.1	3068	816	56
0.1	3069	2919	56
0.1	3070	813	56
0.1	967	3071	56
0.1	968	3072	56
0.1	3073	812	55
0.1	969	3074	55
0.1	3075	811	55
0.1	970	3076	59
0.1	971	3077	59
0.1	3078	810	59
0.1	3079	809	58
0.1	972	3080	58
0.1	3081	808	57
0.1	3082	807	57
0.1	3083	806	57
0.1	3084	805	57
0.1	3085	804	59
0.1	3086	803	59
0.1	973	3087	59
0.1	974	3088	57
0.1	975	3089	57
0.1	3090	802	57
0.1	3091	801	57
0.1	976	3092	57
0.1	3093	800	57
0.1	977	3094	57
0.1	3095	799	58
0.1	978	3096	58
0.1	3097	798	58
0.1	979	3098	58
0.1	3099	2918	58
0.1	3100	2917	58
0.1	980	3101	55
0.1	982	981	52
0.1	3103	3102	55
0.1	983	3104	55
0.1	986	985	37
0.1	989	988	51
0.1	3107	987	47
0.1	991	990	22
0.1	3109	3108	31
0.1	3110	3106	18
0.1	994	993	46
0.1	3112	992	18
0.1	3113	3111	9
0.1	3114	984	18
0.1	3115	3105	55
0.1	1001	1000	47
0.1	3117	999	8
0.1	1003	1002	40
0.1	1004	3119	46
0.1	1006	1005	59
0.1	3121	3120	18
0.1	1009	1008	27
0.1	3123	1007	6
0.1	1010	3124	4
0.1	3125	3122	5
0.1	3126	3118	48
0.1	3127	998	59
0.1	3128	997	59
0.1	3129	996	59
0.1	3130	995	59
0.1	1012	1011	21
0.1	1013	3132	19
0.1	1014	3133	39
0.1	3134	3131	43
0.1	1017	1016	6
0.1	1018	3136	17
0.1	3137	1015	34
0.1	3138	3135	58
0.1	3139	3116	55
0.1	1027	1026	12
0.1	3141	1025	56
0.1	1028	3142	17
0.1	3143	1024	43
0.1	1029	3144	33
0.1	3145	1023	21
0.1	1032	1031	38
0.1	1033	3147	40
0.1	3148	1030	25
0.1	3149	3146	20
0.1	3150	1022	39
0.1	1034	3151	58
0.1	1036	1035	26
0.1	1041	1040	18
0.1	3154	1039	26
0.1	3155	1038	26
0.1	1051	1050	55
0.1	3157	1049	7
0.1	1052	3158	13
0.1	3159	1048	12
0.1	3160	1047	8
0.1	1053	3161	40
0.1	1054	3162	9
0.1	3163	1046	20
0.1	3164	1045	24
0.1	1055	3165	11
0.1	3166	1044	54
0.1	3167	1043	50
0.1	1056	3168	50
0.1	3169	1042	50
0.1	3170	3156	50
0.1	3171	1037	50
0.1	3172	3153	11
0.1	3173	3152	58
0.1	3174	1021	58
0.1	3175	1020	55
0.1	1059	1058	56
0.1	3177	1057	38
0.1	1060	3178	17
0.1	1075	1074	44
0.1	1080	1079	37
0.1	3181	1078	44
0.1	3182	1077	6
0.1	3183	1076	18
0.1	3184	3180	33
0.1	3185	1073	32
0.1	3186	1072	42
0.1	1081	3187	46
0.1	3188	1071	28
0.1	1082	3189	54
0.1	1083	3190	59
0.1	3191	1070	59
0.1	1084	3192	59
0.1	1085	3193	59
0.1	3194	1069	45
0.1	1086	3195	45
0.1	1087	3196	45
0.1	3197	1068	45
0.1	3198	1067	56
0.1	1088	3199	56
0.1	3200	1066	56
0.1	3201	1065	56
0.1	3202	1064	58
0.1	1089	3203	59
0.1	3204	1063	59
0.1	3205	1062	59
0.1	1090	3206	59
0.1	1091	3207	59
0.1	3208	1061	55
0.1	3209	3179	55
0.1	1098	1097	31
0.1	3211	1096	47
0.1	3212	1095	27
0.1	3213	1094	39
0.1	3214	1093	33
0.1	3215	1092	51
0.1	1101	1100	26
0.1	3217	1099	34
0.1	1102	3218	29
0.1	3219	3216	45
0.1	1104	1103	6
0.1	3221	3220	55
0.1	1106	1105	11
0.1	1108	1107	17
0.1	1109	3224	51
0.1	1111	1110	37
0.1	3226	3225	37
0.1	3227	3223	38
0.1	1115	1114	24
0.1	3229	1113	31
0.1	3230	1112	33
0.1	3231	3228	7
0.1	1116	3232	48
0.1	1121	1120	20
0.1	3234	1119	58
0.1	1127	1126	38
0.1	3236	1125	50
0.1	3237	1124	5
0.1	3238	1123	34
0.1	1128	3239	6
0.1	3240	1122	2
0.1	3241	3235	49
0.1	3242	1118	25
0.1	1129	3243	48
0.1	3244	1117	55
0.1	3245	3233	55
0.1	1132	1131	21
0.1	1133	3247	49
0.1	1138	1137	26
0.1	3249	1136	6
0.1	3250	1135	38
0.1	3251	1134	12
0.1	3252	3248	18
0.1	3253	1130	43
0.1	1139	3254	58
0.1	1140	3255	30
0.1	1142	1141	1
0.1	3257	3256	55
0.1	1145	1144	17
0.1	3259	1143	27
0.1	3260	3258	55
0.1	3261	3246	55
0.1	3262	3222	55
0.1	3263	3210	55
0.1	3264	3176	55
0.1	1155	1154	46
0.1	3266	1153	44
0.1	3267	1152	11
0.1	3268	1151	47
0.1	1156	3269	7
0.1	1157	3270	18
0.1	3271	1150	24
0.1	3272	1149	8
0.1	1158	3273	20
0.1	3274	1148	53
0.1	3275	1147	54
0.1	1159	3276	59
0.1	1160	3277	59
0.1	1161	3278	59
0.1	1163	1162	51
0.1	3280	3279	59
0.1	3281	1146	59
0.1	1165	1164	53
0.1	1167	1166	51
0.1	1168	3284	21
0.1	1171	1170	16
0.1	1172	3286	19
0.1	3287	1169	45
0.1	1174	1173	18
0.1	3289	3288	47
0.1	3290	3285	46
0.1	3291	3283	16
0.1	3292	3282	55
0.1	3293	3265	55
0.1	1176	1175	38
0.1	1178	1177	44
0.1	3296	3295	27
0.1	1180	1179	31
0.1	1181	3298	34
0.1	1183	1182	23
0.1	3300	3299	9
0.1	1184	3301	1
0.1	3302	3297	47
0.1	1187	1186	42
0.1	3304	1185	9
0.1	1188	3305	36
0.1	1196	1195	59
0.1	1200	1199	54
0.1	1202	1201	29
0.1	3309	3308	7
0.1	1203	3310	4
0.1	3311	1198	50
0.1	3312	1197	28
0.1	1204	3313	1
0.1	3314	3307	10
0.1	1205	3315	47
0.1	3316	1194	42
0.1	3317	1193	55
0.1	3318	1192	55
0.1	3319	1191	55
0.1	3320	1190	55
0.1	3321	1189	55
0.1	3322	3306	55
0.1	3323	3303	55
0.1	3324	3294	55
0.1	3325	1019	55
0.1	1207	1206	31
0.1	3327	3326	55
0.1	3328	3140	55
0.1	1210	1209	18
0.1	3330	1208	33
0.1	1212	1211	42
0.1	1213	3332	16
0.1	3333	3331	31
0.1	1216	1215	47
0.1	1219	1218	58
0.1	1224	1223	1
0.1	3337	1222	10
0.1	1225	3338	26
0.1	3339	1221	3
0.1	3340	1220	2
0.1	1226	3341	9
0.1	1227	3342	38
0.1	1228	3343	23
0.1	1229	3344	18
0.1	1230	3345	8
0.1	3346	3336	59
0.1	3347	1217	59
0.1	3348	3335	59
0.1	1233	1232	3
0.1	1236	1235	51
0.1	3351	1234	46
0.1	1237	3352	42
0.1	3353	3350	46
0.1	3354	1231	59
0.1	3355	3349	56
0.1	3356	1214	56
0.1	1240	1239	39
0.1	3358	1238	11
0.1	3359	3357	59
0.1	1242	1241	9
0.1	1243	3361	51
0.1	3362	3360	59
0.1	1245	1244	22
0.1	1246	3364	50
0.1	1247	3365	9
0.1	1249	1248	17
0.1	1258	1257	19
0.1	3368	1256	36
0.1	3369	1255	38
0.1	3370	1254	6
0.1	1259	3371	59
0.1	3372	1253	53
0.1	3373	1252	39
0.1	1260	3374	58
0.1	3375	1251	55
0.1	3376	1250	34
0.1	1262	1261	11
0.1	1263	3378	51
0.1	3379	3377	45
0.1	1265	1264	22
0.1	1266	3381	52
0.1	3382	3380	45
0.1	3383	3367	45
0.1	1267	3384	45
0.1	1268	3385	57
0.1	3386	3366	57
0.1	3387	3363	55
0.1	3388	3334	55
0.1	3389	3329	55
0.1	1269	3390	55
0.1	1272	1271	28
0.1	1276	1275	59
0.1	1278	1277	22
0.1	3394	3393	2
0.1	3395	1274	27
0.1	3396	1273	54
0.1	3397	3392	49
0.1	3398	1270	46
0.1	1279	3399	46
0.1	1280	3400	20
0.1	1284	1283	37
0.1	3402	1282	37
0.1	1285	3403	25
0.1	1286	3404	30
0.1	3405	1281	6
0.1	3406	3401	59
0.1	1288	1287	49
0.1	1291	1290	30
0.1	3409	1289	7
0.1	3410	3408	21
0.1	3411	3407	59
0.1	1295	1294	58
0.1	3413	1293	35
0.1	3414	1292	6
0.1	3415	3412	59
0.1	1301	1300	31
0.1	1303	1302	1
0.1	3418	3417	49
0.1	3419	1299	56
0.1	1306	1305	26
0.1	1308	1307	18
0.1	3422	3421	57
0.1	3423	1304	4
0.1	1309	3424	26
0.1	3425	3420	6
0.1	1311	1310	24
0.1	3427	3426	58
0.1	3428	1298	58
0.1	3429	1297	58
0.1	3430	1296	58
0.1	3431	3416	59
0.1	1313	1312	37
0.1	1316	1315	10
0.1	1318	1317	15
0.1	3435	3434	58
0.1	3436	1314	27
0.1	1319	3437	1
0.1	1321	1320	19
0.1	3439	3438	33
0.1	3440	3433	11
0.1	1325	1324	26
0.1	3442	1323	41
0.1	3443	1322	44
0.1	1326	3444	52
0.1	1327	3445	1
0.1	1331	1330	43
0.1	3447	1329	33
0.1	3448	1328	37
0.1	3449	3446	29
0.1	1337	1336	48
0.1	1338	3451	8
0.1	3452	1335	8
0.1	3453	1334	8
0.1	1339	3454	6
0.1	3455	1333	26
0.1	1340	3456	22
0.1	3457	1332	53
0.1	3458	3450	58
0.1	3459	3441	58
0.1	3460	3432	58
0.1	1341	3461	58
0.1	1342	3462	58
0.1	3463	3391	58
0.1	1344	1343	14
0.1	3465	3464	58
0.1	1345	3466	58
0.1	1346	3467	59
0.1	1347	3468	59
0.1	1348	3469	57
0.1	1350	1349	15
0.1	3471	3470	57
0.1	1351	3472	55
0.1	1352	3473	58
0.1	1353	3474	58
0.1	1354	3475	58
0.1	1355	3476	58
0.1	1356	3477	58
0.1	1357	3478	58
0.1	1358	3479	59
0.1	1359	3480	59
0.1	1360	3481	58
0.1	1363	1362	52
0.1	1364	3483	55
0.1	3484	1361	41
0.1	3485	3482	58
0.1	1366	1365	54
0.1	3487	3486	59
0.1	1369	1368	49
0.1	3489	1367	53
0.1	3490	3488	57
0.1	1371	1370	33
0.1	1374	1373	2
0.1	3493	1372	54
0.1	1375	3494	22
0.1	3495	3492	36
0.1	3496	3491	57
0.1	1379	1378	57
0.1	3498	1377	38
0.1	1381	1380	22
0.1	3500	3499	38
0.1	1382	3501	11
0.1	3502	1376	39
0.1	1383	3503	44
0.1	1386	1385	7
0.1	1388	1387	32
0.1	1390	1389	6
0.1	1392	1391	18
0.1	1397	1396	57
0.1	1398	3509	13
0.1	1402	1401	12
0.1	1403	3511	33
0.1	1404	3512	15
0.1	3513	1400	36
0.1	3514	1399	52
0.1	1405	3515	43
0.1	3516	3510	8
0.1	3517	1395	53
0.1	1408	1407	7
0.1	1411	1410	28
0.1	1413	1412	48
0.1	3521	3520	4
0.1	3522	1409	39
0.1	3523	3519	29
0.1	1414	3524	55
0.1	3525	1406	36
0.1	3526	3518	50
0.1	3527	1394	59
0.1	3528	1393	59
0.1	3529	3508	59
0.1	3530	3507	32
0.1	3531	3506	32
0.1	1416	1415	30
0.1	3533	3532	32
0.1	3534	3505	12
0.1	3535	1384	58
0.1	1419	1418	29
0.1	1420	3537	14
0.1	1421	3538	33
0.1	3539	1417	41
0.1	1423	1422	15
0.1	1425	1424	43
0.1	3542	3541	7
0.1	1429	1428	39
0.1	3544	1427	20
0.1	1433	1432	20
0.1	1435	1434	39
0.1	1447	1446	57
0.1	1451	1450	58
0.1	3549	1449	44
0.1	1452	3550	11
0.1	1455	1454	6
0.1	3552	1453	5
0.1	1464	1463	26
0.1	1465	3554	6
0.1	1469	1468	11
0.1	3556	1467	55
0.1	1483	1482	32
0.1	3558	1481	11
0.1	1488	1487	2
0.1	1493	1492	34
0.1	3561	1491	19
0.1	3562	1490	58
0.1	3563	1489	16
0.1	1494	3564	2
0.1	3565	3560	59
0.1	3566	1486	18
0.1	1495	3567	37
0.1	1496	3568	21
0.1	3569	1485	55
0.1	1500	1499	14
0.1	3571	1498	42
0.1	3572	1497	30
0.1	3573	3570	59
0.1	3574	1484	59
0.1	1501	3575	59
0.1	1505	1504	54
0.1	3577	1503	55
0.1	1506	3578	45
0.1	1508	1507	13
0.1	1509	3580	1
0.1	3581	3579	31
0.1	3582	1502	56
0.1	3583	3576	59
0.1	3584	3559	59
0.1	3585	1480	59
0.1	3586	1479	29
0.1	1510	3587	29
0.1	3588	1478	56
0.1	3589	1477	56
0.1	1511	3590	56
0.1	3591	1476	56
0.1	1512	3592	58
0.1	3593	1475	58
0.1	3594	1474	58
0.1	3595	1473	59
0.1	1513	3596	59
0.1	3597	1472	59
0.1	3598	1471	55
0.1	1515	1514	4
0.1	1516	3600	40
0.1	3601	3599	55
0.1	3602	1470	55
0.1	3603	3557	55
0.1	1517	3604	55
0.1	3605	1466	55
0.1	3606	3555	59
0.1	1518	3607	59
0.1	3608	1462	59
0.1	1519	3609	59
0.1	3610	1461	59
0.1	1520	3611	59
0.1	3612	1460	57
0.1	3613	1459	57
0.1	3614	1458	57
0.1	3615	1457	59
0.1	3616	1456	59
0.1	1523	1522	19
0.1	3618	1521	46
0.1	3619	3617	59
0.1	1529	1528	56
0.1	3621	1527	58
0.1	3622	1526	18
0.1	1530	3623	14
0.1	3624	1525	58
0.1	1531	3625	17
0.1	3626	1524	46
0.1	3627	3620	59
0.1	3628	3553	59
0.1	1533	1532	47
0.1	3630	3629	59
0.1	3631	3551	59
0.1	1534	3632	59
0.1	1535	3633	59
0.1	3634	1448	59
0.1	3635	3548	59
0.1	1536	3636	59
0.1	3637	1445	53
0.1	3638	1444	53
0.1	3639	1443	53
0.1	3640	1442	53
0.1	3641	1441	53
0.1	3642	1440	53
0.1	3643	1439	53
0.1	3644	1438	53
0.1	3645	1437	53
0.1	3646	1436	53
0.1	1537	3647	53
0.1	1538	3648	53
0.1	3649	3547	53
0.1	3650	3546	53
0.1	1539	3651	55
0.1	3652	1431	55
0.1	1540	3653	55
0.1	1541	3654	59
0.1	3655	1430	59
0.1	3656	3545	51
0.1	1542	3657	51
0.1	3658	1426	57
0.1	1543	3659	57
0.1	1544	3660	57
0.1	1546	1545	48
0.1	3662	3661	57
0.1	1547	3663	57
0.1	3664	3543	57
0.1	1548	3665	57
0.1	3666	3540	59
0.1	1549	3667	59
0.1	3668	3536	59
0.1	1550	3669	59
0.1	3670	3504	59
0.1	3671	3497	59
0.1	1551	3672	56
0.1	1552	3673	56
0.1	1555	1554	56
0.1	3675	1553	40
0.1	3676	3674	58
0.1	1556	3677	58
0.1	1560	1559	35
0.1	1562	1561	17
0.1	3680	3679	29
0.1	3681	1558	40
0.1	3682	1557	25
0.1	3683	3678	58
0.1	1563	3684	58
0.1	1564	3685	58
0.1	1565	3686	49
0.1	1567	1566	39
0.1	1569	1568	47
0.1	3689	3688	37
0.1	3690	3687	49
0.1	1570	3691	49
0.1	1571	3692	49
0.1	1573	1572	2
0.1	1574	3694	53
0.1	1575	3695	27
0.1	3696	3693	49
0.1	1576	3697	49
0.1	1577	3698	49
0.1	1579	1578	20
0.1	1580	3700	38
0.1	1582	1581	6
0.1	3702	3701	58
0.1	3703	3699	49
0.1	1583	3704	56
0.1	1586	1585	2
0.1	3706	1584	11
0.1	3707	3705	56
0.1	1591	1590	35
0.1	3709	1589	20
0.1	3710	1588	9
0.1	3711	1587	32
0.1	3712	3708	39
0.1	1594	1593	28
0.1	1595	3714	27
0.1	3715	1592	27
0.1	3716	3713	39
0.1	1596	3717	39
0.1	1597	3718	39
0.1	1598	3719	39
0.1	1599	3720	56
0.1	1600	3721	56
0.1	1602	1601	29
0.1	3723	3722	54
0.1	1605	1604	1
0.1	1607	1606	53
0.1	3726	3725	38
0.1	3727	1603	22
0.1	3728	3724	54
0.1	1609	1608	2
0.1	3730	3729	54
0.1	1610	3731	54
0.1	1611	3732	54
0.1	1612	3733	54
0.1	1613	3734	58
0.1	1614	3735	58
0.1	1615	3736	58
0.1	1616	3737	58
0.1	1618	1617	35
0.1	3739	3738	58
0.1	1619	3740	58
0.1	1621	1620	31
0.1	3742	3741	58
0.1	1622	3743	59
0.1	1623	3744	59
0.1	1624	3745	59
0.1	1626	1625	5
0.1	3747	3746	53
0.1	1627	3748	58
0.1	1628	3749	58
0.1	1629	3750	58
0.1	1630	3751	41
0.1	1631	3752	41
0.1	1632	3753	54
0.1	1633	3754	54
0.1	1634	3755	58
0.1	1635	3756	58
0.1	1636	3757	58
0.1	1638	1637	13
0.1	1640	1639	40
0.1	1641	3760	28
0.1	3761	3759	30
0.1	3762	3758	58
0.1	1642	3763	58
0.1	1643	3764	59
0.1	1644	3765	59
0.1	1646	1645	12
0.1	3767	3766	59
0.1	1647	3768	59
0.1	1649	1648	26
0.1	1650	3770	13
0.1	3771	3769	59
0.1	1651	3772	37
0.1	1652	3773	37
0.1	1653	3774	37
0.1	1660	1659	19
0.1	3776	1658	30
0.1	3777	1657	13
0.1	1674	1673	43
0.1	3779	1672	2
0.1	1686	1685	39
0.1	3781	1684	28
0.1	1698	1697	52
0.1	3783	1696	36
0.1	1701	1700	20
0.1	1705	1704	18
0.1	1715	1714	49
0.1	1716	3787	36
0.1	1720	1719	35
0.1	1735	1734	32
0.1	1742	1741	50
0.1	1747	1746	45
0.1	3792	1745	45
0.1	3793	1744	3
0.1	3794	1743	4
0.1	3795	3791	11
0.1	1751	1750	6
0.1	3797	1749	3
0.1	1755	1754	12
0.1	1757	1756	40
0.1	1762	1761	54
0.1	1791	1790	47
0.1	1792	3802	8
0.1	3803	1789	8
0.1	3804	1788	50
0.1	3805	1787	17
0.1	3806	1786	31
0.1	3807	1785	36
0.1	3808	1784	42
0.1	1793	3809	10
0.1	1794	3810	29
0.1	3811	1783	55
0.1	1795	3812	50
0.1	3813	1782	50
0.1	1796	3814	50
0.1	3815	1781	50
0.1	3816	1780	50
0.1	1797	3817	50
0.1	3818	1779	50
0.1	3819	1778	50
0.1	3820	1777	5
0.1	1798	3821	5
0.1	3822	1776	59
0.1	1799	3823	59
0.1	3824	1775	57
0.1	3825	1774	59
0.1	1800	3826	59
0.1	1801	3827	59
0.1	1802	3828	59
0.1	3829	1773	59
0.1	3830	1772	33
0.1	3831	1771	33
0.1	1803	3832	54
0.1	3833	1770	54
0.1	1804	3834	54
0.1	3835	1769	54
0.1	3836	1768	57
0.1	3837	1767	57
0.1	3838	1766	57
0.1	3839	1765	57
0.1	3840	1764	57
0.1	3841	1763	58
0.1	3842	3801	59
0.1	3843	1760	59
0.1	3844	1759	59
0.1	3845	1758	59
0.1	3846	3800	59
0.1	1805	3847	59
0.1	3848	3799	55
0.1	1806	3849	59
0.1	3850	1753	59
0.1	3851	1752	59
0.1	1807	3852	59
0.1	3853	3798	59
0.1	1808	3854	59
0.1	3855	1748	55
0.1	1819	1818	34
0.1	1820	3857	41
0.1	3858	1817	41
0.1	3859	1816	44
0.1	1828	1827	14
0.1	3861	1826	1
0.1	3862	1825	22
0.1	3863	1824	55
0.1	3864	1823	31
0.1	3865	1822	29
0.1	3866	1821	5
0.1	1829	3867	23
0.1	3868	3860	59
0.1	3869	1815	59
0.1	1830	3870	59
0.1	3871	1814	59
0.1	3872	1813	59
0.1	3873	1812	57
0.1	3874	1811	57
0.1	1831	3875	55
0.1	1832	3876	55
0.1	3877	1810	55
0.1	3878	1809	55
0.1	3879	3856	55
0.1	3880	3796	55
0.1	1834	1833	23
0.1	1839	1838	24
0.1	3883	1837	16
0.1	1844	1843	29
0.1	1849	1848	22
0.1	3886	1847	54
0.1	1889	1888	17
0.1	1901	1900	32
0.1	1911	1910	44
0.1	1923	1922	52
0.1	3891	1921	53
0.1	1926	1925	11
0.1	1928	1927	45
0.1	1929	3894	19
0.1	3895	3893	44
0.1	3896	1924	24
0.1	3897	3892	3
0.1	1930	3898	3
0.1	3899	1920	13
0.1	3900	1919	59
0.1	1931	3901	58
0.1	1932	3902	58
0.1	3903	1918	58
0.1	3904	1917	58
0.1	3905	1916	59
0.1	3906	1915	59
0.1	1933	3907	52
0.1	3908	1914	52
0.1	3909	1913	58
0.1	3910	1912	58
0.1	3911	3890	58
0.1	1934	3912	57
0.1	1935	3913	58
0.1	3914	1909	58
0.1	1936	3915	58
0.1	3916	1908	59
0.1	1937	3917	59
0.1	3918	1907	32
0.1	3919	1906	32
0.1	1938	3920	54
0.1	3921	1905	54
0.1	3922	1904	54
0.1	3923	1903	54
0.1	3924	1902	59
0.1	3925	3889	59
0.1	1939	3926	57
0.1	3927	1899	57
0.1	3928	1898	1
0.1	1954	1953	23
0.1	3930	1952	35
0.1	1955	3931	47
0.1	3932	1951	15
0.1	3933	1950	5
0.1	1956	3934	17
0.1	1957	3935	17
0.1	1958	3936	53
0.1	3937	1949	45
0.1	1959	3938	18
0.1	1960	3939	40
0.1	1961	3940	59
0.1	1962	3941	59
0.1	1963	3942	44
0.1	1964	3943	44
0.1	3944	1948	44
0.1	3945	1947	44
0.1	3946	1946	44
0.1	1965	3947	44
0.1	1966	3948	58
0.1	1967	3949	58
0.1	3950	1945	58
0.1	3951	1944	58
0.1	3952	1943	54
0.1	3953	1942	59
0.1	3954	1941	59
0.1	3955	1940	59
0.1	1968	3956	1
0.1	1972	1971	5
0.1	1991	1990	56
0.1	1992	3959	21
0.1	1993	3960	9
0.1	1994	3961	3
0.1	3962	1989	39
0.1	1995	3963	36
0.1	1996	3964	9
0.1	3965	1988	12
0.1	3966	1987	41
0.1	3967	1986	28
0.1	1997	3968	56
0.1	3969	1985	47
0.1	3970	1984	47
0.1	1998	3971	47
0.1	3972	1983	47
0.1	3973	1982	47
0.1	3974	1981	47
0.1	1999	3975	47
0.1	3976	1980	47
0.1	3977	1979	7
0.1	3978	1978	7
0.1	2000	3979	59
0.1	2001	3980	59
0.1	3981	1977	59
0.1	3982	1976	59
0.1	3983	1975	59
0.1	2002	3984	59
0.1	3985	1974	59
0.1	3986	1973	59
0.1	3987	3958	22
0.1	3988	1970	1
0.1	3989	1969	1
0.1	3990	3957	1
0.1	2003	3991	1
0.1	3992	3929	1
0.1	2004	3993	1
0.1	3994	1897	55
0.1	2005	3995	55
0.1	3996	1896	55
0.1	3997	1895	58
0.1	2006	3998	59
0.1	2007	3999	58
0.1	2008	4000	49
0.1	2009	4001	49
0.1	4002	1894	49
0.1	4003	1893	59
0.1	4004	1892	59
0.1	2010	4005	59
0.1	2011	4006	59
0.1	2012	4007	56
0.1	4008	1891	56
0.1	2013	4009	56
0.1	4010	1890	56
0.1	2014	4011	56
0.1	4012	3888	57
0.1	4013	1887	57
0.1	4014	1886	57
0.1	2015	4015	59
0.1	4016	1885	59
0.1	4017	1884	59
0.1	4018	1883	59
0.1	4019	1882	59
0.1	2016	4020	59
0.1	2018	2017	20
0.1	4022	4021	55
0.1	2019	4023	27
0.1	2020	4024	27
0.1	2021	4025	57
0.1	4026	1881	57
0.1	4027	1880	58
0.1	2022	4028	59
0.1	4029	1879	59
0.1	2025	2024	34
0.1	4031	2023	53
0.1	4032	4030	59
0.1	4033	1878	59
0.1	2026	4034	58
0.1	2027	4035	58
0.1	4036	1877	58
0.1	2028	4037	58
0.1	4038	1876	58
0.1	2029	4039	59
0.1	2030	4040	59
0.1	4041	1875	59
0.1	4042	1874	59
0.1	4043	1873	59
0.1	4044	1872	59
0.1	2031	4045	59
0.1	2032	4046	59
0.1	2033	4047	58
0.1	2034	4048	55
0.1	4049	1871	55
0.1	2035	4050	58
0.1	2036	4051	58
0.1	2037	4052	58
0.1	4053	1870	58
0.1	4054	1869	47
0.1	2038	4055	47
0.1	4056	1868	47
0.1	4057	1867	59
0.1	4058	1866	59
0.1	2039	4059	59
0.1	4060	1865	59
0.1	2040	4061	59
0.1	2041	4062	59
0.1	4063	1864	59
0.1	4064	1863	57
0.1	2042	4065	59
0.1	4066	1862	59
0.1	2043	4067	59
0.1	2044	4068	58
0.1	2045	4069	59
0.1	2046	4070	59
0.1	4071	1861	32
0.1	4072	1860	59
0.1	4073	1859	59
0.1	4074	1858	59
0.1	2047	4075	59
0.1	4076	1857	59
0.1	4077	1856	59
0.1	2048	4078	58
0.1	4079	1855	58
0.1	4080	1854	58
0.1	4081	1853	56
0.1	4082	1852	56
0.1	2049	4083	56
0.1	4084	1851	55
0.1	4085	1850	55
0.1	4086	3887	55
0.1	2050	4087	55
0.1	4088	1846	14
0.1	2051	4089	14
0.1	2052	4090	57
0.1	4091	1845	57
0.1	2053	4092	58
0.1	4093	3885	58
0.1	2054	4094	56
0.1	2055	4095	56
0.1	4096	1842	56
0.1	2056	4097	56
0.1	2057	4098	43
0.1	4099	1841	43
0.1	4100	1840	43
0.1	4101	3884	43
0.1	2058	4102	43
0.1	2059	4103	43
0.1	2060	4104	53
0.1	4105	1836	55
0.1	4106	1835	55
0.1	2061	4107	55
0.1	2063	2062	56
0.1	4109	4108	55
0.1	2065	2064	58
0.1	4111	4110	55
0.1	2066	4112	55
0.1	4113	3882	55
0.1	4114	3881	55
0.1	2068	2067	4
0.1	4116	4115	55
0.1	2070	2069	56
0.1	4118	4117	55
0.1	2071	4119	57
0.1	4120	1740	57
0.1	2072	4121	59
0.1	4122	1739	59
0.1	2074	2073	34
0.1	4124	4123	57
0.1	2075	4125	59
0.1	4126	1738	54
0.1	4127	1737	54
0.1	4128	1736	53
0.1	2076	4129	57
0.1	2077	4130	57
0.1	4131	3790	57
0.1	4132	1733	57
0.1	4133	1732	57
0.1	2078	4134	57
0.1	4135	1731	57
0.1	2079	4136	57
0.1	4137	1730	57
0.1	4138	1729	57
0.1	4139	1728	57
0.1	4140	1727	57
0.1	4141	1726	58
0.1	4142	1725	58
0.1	2080	4143	59
0.1	2081	4144	59
0.1	4145	1724	59
0.1	4146	1723	59
0.1	4147	1722	59
0.1	4148	1721	59
0.1	4149	3789	51
0.1	4150	1718	51
0.1	4151	1717	51
0.1	4152	3788	51
0.1	4153	1713	51
0.1	4154	1712	51
0.1	4155	1711	51
0.1	2084	2083	59
0.1	4157	2082	33
0.1	4158	4156	51
0.1	4159	1710	51
0.1	4160	1709	51
0.1	2085	4161	51
0.1	2086	4162	51
0.1	2087	4163	58
0.1	4164	1708	58
0.1	2088	4165	58
0.1	2089	4166	42
0.1	4167	1707	42
0.1	4168	1706	42
0.1	2090	4169	42
0.1	4170	3786	42
0.1	4171	1703	42
0.1	4172	1702	42
0.1	4173	3785	42
0.1	2091	4174	42
0.1	2092	4175	42
0.1	2093	4176	42
0.1	2094	4177	59
0.1	4178	1699	59
0.1	2095	4179	59
0.1	4180	3784	59
0.1	4181	1695	59
0.1	2096	4182	58
0.1	4183	1694	58
0.1	4184	1693	58
0.1	2097	4185	58
0.1	4186	1692	55
0.1	2098	4187	55
0.1	4188	1691	58
0.1	4189	1690	58
0.1	4190	1689	59
0.1	4191	1688	59
0.1	2099	4192	59
0.1	4193	1687	59
0.1	4194	3782	59
0.1	4195	1683	59
0.1	2100	4196	59
0.1	4197	1682	59
0.1	4198	1681	59
0.1	2101	4199	59
0.1	2102	4200	58
0.1	4201	1680	58
0.1	2105	2104	19
0.1	4203	2103	56
0.1	4204	4202	58
0.1	2106	4205	59
0.1	2107	4206	58
0.1	4207	1679	58
0.1	4208	1678	58
0.1	4209	1677	58
0.1	4210	1676	58
0.1	2108	4211	59
0.1	4212	1675	59
0.1	4213	3780	59
0.1	4214	1671	59
0.1	4215	1670	58
0.1	2110	2109	13
0.1	4217	4216	58
0.1	2111	4218	31
0.1	4219	1669	31
0.1	4220	1668	31
0.1	4221	1667	31
0.1	2112	4222	31
0.1	4223	1666	31
0.1	4224	1665	31
0.1	4225	1664	59
0.1	2114	2113	24
0.1	4227	4226	59
0.1	4228	1663	59
0.1	2115	4229	59
0.1	4230	1662	59
0.1	4231	1661	59
0.1	4232	3778	59
0.1	4233	1656	59
0.1	2116	4234	58
0.1	4235	1655	58
0.1	2117	4236	59
0.1	2120	2119	15
0.1	2121	4238	13
0.1	4239	2118	58
0.1	4240	4237	59
0.1	2123	2122	43
0.1	4242	4241	4
0.1	4243	1654	4
0.1	4244	3775	4
