1	0	0	1
1	0	0	1
1	0	0	1
1	0	0	1
1	0	0	1
1	0	0	1
1	0	0	1
1	0	0	1
1	0	0	1
1	0	0	1
1	0	0	2
1	0	0	3
1	0	0	3
1	0	0	3
1	0	0	3
1	0	0	4
1	0	0	4
1	0	0	4
1	0	0	4
1	0	0	4
1	0	0	4
1	0	0	4
1	0	0	4
1	0	0	4
1	0	0	4
1	0	0	3
1	0	0	3
1	0	0	3
1	0	0	3
1	0	0	5
1	0	0	5
1	0	0	5
1	0	0	5
1	0	0	5
1	0	0	5
1	0	0	5
1	0	0	5
1	0	0	5
1	0	0	5
1	0	0	3
1	0	0	6
1	0	0	6
1	0	0	6
1	0	0	6
1	0	0	6
1	0	0	6
1	0	0	6
1	0	0	6
1	0	0	6
1	0	0	6
1	0	0	3
1	0	0	7
1	0	0	7
1	0	0	7
1	0	0	7
1	0	0	8
1	0	0	8
1	0	0	8
1	0	0	8
1	0	0	8
1	0	0	8
1	0	0	8
1	0	0	8
1	0	0	8
1	0	0	8
1	0	0	7
1	0	0	7
1	0	0	7
1	0	0	7
1	0	0	7
1	0	0	7
1	0	0	9
1	0	0	9
1	0	0	9
1	0	0	9
1	0	0	9
1	0	0	9
1	0	0	9
1	0	0	9
1	0	0	9
1	0	0	9
1	0	0	2
1	0	0	2
1	0	0	10
1	0	0	10
1	0	0	10
1	0	0	10
1	0	0	10
1	0	0	11
1	0	0	11
1	0	0	11
1	0	0	11
1	0	0	11
1	0	0	11
1	0	0	11
1	0	0	11
1	0	0	11
1	0	0	11
1	0	0	12
1	0	0	12
1	0	0	12
1	0	0	12
1	0	0	12
1	0	0	12
1	0	0	12
1	0	0	12
1	0	0	12
1	0	0	12
1	0	0	10
1	0	0	10
1	0	0	10
1	0	0	10
1	0	0	10
1	0	0	13
1	0	0	13
1	0	0	13
1	0	0	13
1	0	0	13
1	0	0	13
1	0	0	13
1	0	0	13
1	0	0	13
1	0	0	13
1	0	0	2
1	0	0	14
1	0	0	14
1	0	0	14
1	0	0	14
1	0	0	14
1	0	0	14
1	0	0	14
1	0	0	14
1	0	0	14
1	0	0	14
1	0	0	15
1	0	0	15
1	0	0	15
1	0	0	15
1	0	0	15
1	0	0	15
1	0	0	15
1	0	0	15
1	0	0	15
1	0	0	16
1	0	0	16
1	0	0	16
1	0	0	16
1	0	0	16
1	0	0	16
1	0	0	16
1	0	0	16
1	0	0	16
1	0	0	16
1	0	0	15
1	0	0	17
1	0	0	17
1	0	0	17
1	0	0	17
1	0	0	17
1	0	0	17
1	0	0	17
1	0	0	17
1	0	0	17
1	0	0	17
1	0	0	18
1	0	0	19
1	0	0	20
1	0	0	20
1	0	0	20
1	0	0	20
1	0	0	20
1	0	0	20
1	0	0	20
1	0	0	20
1	0	0	20
1	0	0	20
1	0	0	18
1	0	0	18
1	0	0	18
1	0	0	18
1	0	0	18
1	0	0	18
1	0	0	18
1	0	0	18
1	0	0	18
1	0	0	21
1	0	0	21
1	0	0	21
1	0	0	22
1	0	0	22
1	0	0	22
1	0	0	22
1	0	0	22
1	0	0	22
1	0	0	22
1	0	0	22
1	0	0	22
1	0	0	22
1	0	0	21
1	0	0	21
1	0	0	21
1	0	0	23
1	0	0	23
1	0	0	23
1	0	0	23
1	0	0	23
1	0	0	23
1	0	0	23
1	0	0	23
1	0	0	23
1	0	0	23
1	0	0	21
1	0	0	21
1	0	0	21
1	0	0	24
1	0	0	24
1	0	0	24
1	0	0	24
1	0	0	24
1	0	0	21
1	0	0	24
1	0	0	24
1	0	0	24
1	0	0	24
1	0	0	25
1	0	0	25
1	0	0	26
1	0	0	26
1	0	0	26
1	0	0	26
1	0	0	26
1	0	0	26
1	0	0	26
1	0	0	26
1	0	0	26
1	0	0	26
1	0	0	27
1	0	0	27
1	0	0	27
1	0	0	27
1	0	0	27
1	0	0	27
1	0	0	27
1	0	0	27
1	0	0	27
1	0	0	27
1	0	0	25
1	0	0	25
1	0	0	25
1	0	0	25
1	0	0	25
1	0	0	25
1	0	0	25
1	0	0	25
1	0	0	28
1	0	0	28
1	0	0	28
1	0	0	28
1	0	0	28
1	0	0	28
1	0	0	28
1	0	0	28
1	0	0	28
1	0	0	28
1	0	0	19
1	0	0	29
1	0	0	29
1	0	0	29
1	0	0	29
1	0	0	29
1	0	0	29
1	0	0	29
1	0	0	29
1	0	0	29
1	0	0	29
1	0	0	19
1	0	0	30
1	0	0	30
1	0	0	30
1	0	0	30
1	0	0	30
1	0	0	30
1	0	0	30
1	0	0	30
1	0	0	30
1	0	0	30
1	0	0	31
1	0	0	31
1	0	0	31
1	0	0	31
1	0	0	31
1	0	0	31
1	0	0	31
1	0	0	31
1	0	0	31
1	0	0	31
1	0	0	19
1	0	0	19
1	0	0	19
1	0	0	19
1	0	0	19
1	0	0	19
1	0	0	19
1	0	0	24
1	0	0	2
1	0	0	2
1	0	0	2
1	0	0	2
1	0	0	2
1	0	0	2
0.1	6	5	1
0.1	311	4	1
0.1	9	8	1
0.1	10	313	1
0.1	314	7	1
0.1	315	312	1
0.1	316	3	1
0.1	317	2	1
0.1	318	1	1
0.1	14	13	3
0.1	15	320	3
0.1	321	12	3
0.1	18	17	4
0.1	323	16	4
0.1	22	21	4
0.1	325	20	4
0.1	326	19	4
0.1	327	324	4
0.1	25	24	4
0.1	329	23	4
0.1	330	328	4
0.1	29	28	3
0.1	332	27	3
0.1	333	26	3
0.1	334	331	3
0.1	32	31	5
0.1	34	33	5
0.1	337	336	5
0.1	36	35	5
0.1	38	37	5
0.1	39	340	5
0.1	341	339	5
0.1	342	338	5
0.1	343	30	5
0.1	43	42	6
0.1	46	45	6
0.1	346	44	6
0.1	347	345	6
0.1	348	41	6
0.1	48	47	6
0.1	49	350	6
0.1	50	351	6
0.1	352	349	6
0.1	51	353	3
0.1	354	40	3
0.1	355	344	3
0.1	356	335	3
0.1	357	322	3
0.1	54	53	7
0.1	359	52	7
0.1	57	56	8
0.1	60	59	8
0.1	362	58	8
0.1	62	61	8
0.1	364	363	8
0.1	365	361	8
0.1	64	63	8
0.1	65	367	8
0.1	368	366	8
0.1	66	369	7
0.1	370	55	7
0.1	371	360	7
0.1	70	69	7
0.1	373	68	7
0.1	374	67	7
0.1	71	375	7
0.1	73	72	9
0.1	76	75	9
0.1	378	74	9
0.1	80	79	9
0.1	380	78	9
0.1	81	381	9
0.1	382	77	9
0.1	383	379	9
0.1	384	377	9
0.1	385	376	7
0.1	386	372	7
0.1	387	358	3
0.1	388	11	2
0.1	85	84	10
0.1	86	390	10
0.1	87	391	10
0.1	91	90	11
0.1	393	89	11
0.1	96	95	11
0.1	395	94	11
0.1	98	97	11
0.1	397	396	11
0.1	398	93	11
0.1	399	92	11
0.1	400	394	11
0.1	100	99	12
0.1	402	401	12
0.1	103	102	12
0.1	404	101	12
0.1	405	403	12
0.1	104	406	12
0.1	105	407	12
0.1	107	106	12
0.1	108	409	12
0.1	410	408	12
0.1	411	88	10
0.1	110	109	10
0.1	413	412	10
0.1	113	112	10
0.1	415	111	10
0.1	416	414	10
0.1	417	392	10
0.1	116	115	13
0.1	419	114	13
0.1	120	119	13
0.1	421	118	13
0.1	422	117	13
0.1	122	121	13
0.1	123	424	13
0.1	425	423	13
0.1	426	420	13
0.1	427	418	13
0.1	428	83	2
0.1	429	82	2
0.1	128	127	14
0.1	431	126	14
0.1	130	129	14
0.1	134	133	14
0.1	434	132	14
0.1	435	131	14
0.1	436	433	14
0.1	437	432	14
0.1	438	125	14
0.1	138	137	15
0.1	440	136	15
0.1	441	135	15
0.1	140	139	15
0.1	142	141	15
0.1	143	444	15
0.1	145	144	16
0.1	146	446	16
0.1	147	447	16
0.1	149	148	16
0.1	449	448	16
0.1	151	150	16
0.1	152	451	16
0.1	452	450	16
0.1	153	453	16
0.1	454	445	15
0.1	455	443	15
0.1	154	456	15
0.1	457	442	15
0.1	458	439	14
0.1	459	124	2
0.1	157	156	17
0.1	461	155	17
0.1	160	159	17
0.1	463	158	17
0.1	163	162	17
0.1	164	465	17
0.1	466	161	17
0.1	467	464	17
0.1	468	462	17
0.1	469	460	2
0.1	470	430	2
0.1	471	389	2
0.1	166	165	18
0.1	473	472	18
0.1	474	319	18
0.1	169	168	20
0.1	171	170	20
0.1	172	477	20
0.1	175	174	20
0.1	479	173	20
0.1	176	480	20
0.1	481	478	20
0.1	482	476	20
0.1	483	167	20
0.1	181	180	18
0.1	485	179	18
0.1	182	486	18
0.1	184	183	18
0.1	488	487	18
0.1	185	489	18
0.1	490	178	18
0.1	491	177	18
0.1	188	187	21
0.1	190	189	22
0.1	191	494	22
0.1	193	192	22
0.1	496	495	22
0.1	195	194	22
0.1	498	497	22
0.1	197	196	22
0.1	500	499	22
0.1	198	501	22
0.1	199	502	21
0.1	503	493	21
0.1	201	200	21
0.1	505	504	21
0.1	203	202	23
0.1	205	204	23
0.1	207	206	23
0.1	210	209	23
0.1	510	208	23
0.1	211	511	23
0.1	512	509	23
0.1	513	508	23
0.1	514	507	23
0.1	214	213	21
0.1	516	212	21
0.1	517	515	21
0.1	518	506	21
0.1	519	186	21
0.1	520	492	18
0.1	521	484	18
0.1	216	215	24
0.1	218	217	24
0.1	524	523	24
0.1	223	222	24
0.1	526	221	24
0.1	527	220	24
0.1	224	528	24
0.1	529	219	24
0.1	530	525	24
0.1	226	225	25
0.1	229	228	26
0.1	533	227	26
0.1	231	230	26
0.1	233	232	26
0.1	536	535	26
0.1	537	534	26
0.1	235	234	26
0.1	236	539	26
0.1	540	538	26
0.1	239	238	27
0.1	240	542	27
0.1	543	237	27
0.1	243	242	27
0.1	545	241	27
0.1	245	244	27
0.1	246	547	27
0.1	548	546	27
0.1	549	544	27
0.1	550	541	26
0.1	551	532	25
0.1	248	247	25
0.1	553	552	25
0.1	250	249	25
0.1	252	251	25
0.1	556	555	25
0.1	557	554	25
0.1	253	558	25
0.1	254	559	25
0.1	258	257	28
0.1	561	256	28
0.1	260	259	28
0.1	262	261	28
0.1	564	563	28
0.1	263	565	28
0.1	264	566	28
0.1	567	562	28
0.1	568	255	28
0.1	268	267	29
0.1	570	266	29
0.1	272	271	29
0.1	572	270	29
0.1	573	269	29
0.1	273	574	29
0.1	575	571	29
0.1	275	274	29
0.1	577	576	29
0.1	276	578	19
0.1	579	265	19
0.1	279	278	30
0.1	282	281	30
0.1	284	283	30
0.1	583	582	30
0.1	584	280	30
0.1	286	285	30
0.1	586	585	30
0.1	587	581	30
0.1	588	277	30
0.1	289	288	31
0.1	292	291	31
0.1	293	591	31
0.1	592	290	31
0.1	295	294	31
0.1	296	594	31
0.1	595	593	31
0.1	596	590	31
0.1	597	287	31
0.1	298	297	19
0.1	300	299	19
0.1	600	599	19
0.1	601	598	19
0.1	602	589	19
0.1	603	580	19
0.1	302	301	19
0.1	605	604	19
0.1	606	569	19
0.1	303	607	19
0.1	304	608	24
0.1	609	560	24
0.1	610	531	24
0.1	306	305	2
0.1	308	307	2
0.1	310	309	2
0.1	614	613	2
0.1	615	612	2
0.1	616	611	18
0.1	617	522	18
0.1	618	475	18
