1	0	0	1
1	0	0	1
1	0	0	1
1	0	0	1
1	0	0	1
1	0	0	1
1	0	0	1
1	0	0	1
1	0	0	1
1	0	0	1
1	0	0	2
1	0	0	2
1	0	0	2
1	0	0	2
1	0	0	2
1	0	0	2
1	0	0	2
1	0	0	3
1	0	0	3
1	0	0	3
1	0	0	3
1	0	0	3
1	0	0	4
1	0	0	4
1	0	0	4
1	0	0	4
1	0	0	4
1	0	0	4
1	0	0	4
1	0	0	4
1	0	0	4
1	0	0	4
1	0	0	3
1	0	0	3
1	0	0	3
1	0	0	3
1	0	0	3
1	0	0	5
1	0	0	5
1	0	0	5
1	0	0	5
1	0	0	5
1	0	0	5
1	0	0	5
1	0	0	5
1	0	0	5
1	0	0	5
1	0	0	6
1	0	0	6
1	0	0	6
1	0	0	6
1	0	0	6
1	0	0	6
1	0	0	6
1	0	0	6
1	0	0	6
1	0	0	6
1	0	0	7
1	0	0	7
1	0	0	7
1	0	0	7
1	0	0	8
1	0	0	8
1	0	0	8
1	0	0	8
1	0	0	8
1	0	0	8
1	0	0	8
1	0	0	8
1	0	0	8
1	0	0	8
1	0	0	7
1	0	0	7
1	0	0	7
1	0	0	7
1	0	0	7
1	0	0	9
1	0	0	9
1	0	0	9
1	0	0	9
1	0	0	9
1	0	0	9
1	0	0	9
1	0	0	9
1	0	0	9
1	0	0	9
1	0	0	10
1	0	0	10
1	0	0	10
1	0	0	10
1	0	0	10
1	0	0	10
1	0	0	10
1	0	0	10
1	0	0	10
1	0	0	10
1	0	0	11
1	0	0	11
1	0	0	11
1	0	0	11
1	0	0	11
1	0	0	11
1	0	0	11
1	0	0	11
1	0	0	11
1	0	0	11
1	0	0	7
1	0	0	12
1	0	0	12
1	0	0	12
1	0	0	12
1	0	0	12
1	0	0	12
1	0	0	13
1	0	0	13
1	0	0	13
1	0	0	13
1	0	0	13
1	0	0	13
1	0	0	13
1	0	0	13
1	0	0	13
1	0	0	13
1	0	0	12
1	0	0	12
1	0	0	12
1	0	0	12
1	0	0	2
1	0	0	2
1	0	0	2
1	0	0	14
1	0	0	15
1	0	0	15
1	0	0	15
1	0	0	15
1	0	0	15
1	0	0	15
1	0	0	15
1	0	0	15
1	0	0	15
1	0	0	15
1	0	0	16
1	0	0	16
1	0	0	16
1	0	0	16
1	0	0	16
1	0	0	16
1	0	0	16
1	0	0	16
1	0	0	16
1	0	0	16
1	0	0	14
1	0	0	14
1	0	0	17
1	0	0	17
1	0	0	17
1	0	0	17
1	0	0	17
1	0	0	17
1	0	0	17
1	0	0	17
1	0	0	17
1	0	0	17
1	0	0	18
1	0	0	18
1	0	0	18
1	0	0	18
1	0	0	18
1	0	0	19
1	0	0	19
1	0	0	19
1	0	0	19
1	0	0	20
1	0	0	20
1	0	0	21
1	0	0	21
1	0	0	21
1	0	0	21
1	0	0	21
1	0	0	21
1	0	0	21
1	0	0	21
1	0	0	21
1	0	0	21
1	0	0	20
1	0	0	20
1	0	0	20
1	0	0	22
1	0	0	22
1	0	0	22
1	0	0	22
1	0	0	22
1	0	0	22
1	0	0	22
1	0	0	22
1	0	0	22
1	0	0	22
1	0	0	20
1	0	0	20
1	0	0	20
1	0	0	20
1	0	0	20
1	0	0	19
1	0	0	19
1	0	0	19
1	0	0	19
1	0	0	23
1	0	0	23
1	0	0	23
1	0	0	23
1	0	0	24
1	0	0	24
1	0	0	24
1	0	0	24
1	0	0	25
1	0	0	25
1	0	0	25
1	0	0	25
1	0	0	25
1	0	0	25
1	0	0	25
1	0	0	25
1	0	0	25
1	0	0	25
1	0	0	26
1	0	0	26
1	0	0	26
1	0	0	26
1	0	0	26
1	0	0	26
1	0	0	26
1	0	0	26
1	0	0	26
1	0	0	26
1	0	0	24
1	0	0	24
1	0	0	24
1	0	0	24
1	0	0	24
1	0	0	24
1	0	0	27
1	0	0	27
1	0	0	27
1	0	0	27
1	0	0	27
1	0	0	27
1	0	0	27
1	0	0	27
1	0	0	27
1	0	0	27
1	0	0	28
1	0	0	28
1	0	0	28
1	0	0	28
1	0	0	28
1	0	0	28
1	0	0	28
1	0	0	28
1	0	0	28
1	0	0	28
1	0	0	23
1	0	0	23
1	0	0	23
1	0	0	23
1	0	0	23
1	0	0	23
1	0	0	18
1	0	0	18
1	0	0	19
1	0	0	19
1	0	0	29
1	0	0	29
1	0	0	29
1	0	0	29
1	0	0	29
1	0	0	29
1	0	0	29
1	0	0	29
1	0	0	29
1	0	0	29
1	0	0	18
1	0	0	18
1	0	0	18
1	0	0	14
1	0	0	14
1	0	0	14
1	0	0	14
1	0	0	30
1	0	0	30
1	0	0	30
1	0	0	30
1	0	0	30
1	0	0	30
1	0	0	30
1	0	0	30
1	0	0	30
1	0	0	30
1	0	0	31
1	0	0	31
1	0	0	31
1	0	0	31
1	0	0	31
1	0	0	31
1	0	0	31
1	0	0	31
1	0	0	31
1	0	0	31
1	0	0	14
1	0	0	14
1	0	0	14
0.1	3	2	1
0.1	5	4	1
0.1	312	311	1
0.1	8	7	1
0.1	314	6	1
0.1	9	315	1
0.1	316	313	1
0.1	10	317	1
0.1	318	1	1
0.1	13	12	2
0.1	17	16	2
0.1	321	15	2
0.1	322	14	2
0.1	323	320	2
0.1	324	11	2
0.1	20	19	3
0.1	326	18	3
0.1	22	21	3
0.1	24	23	4
0.1	26	25	4
0.1	330	329	4
0.1	30	29	4
0.1	332	28	4
0.1	31	333	4
0.1	334	27	4
0.1	32	335	4
0.1	336	331	4
0.1	337	328	3
0.1	338	327	3
0.1	34	33	3
0.1	340	339	3
0.1	36	35	3
0.1	40	39	5
0.1	44	43	5
0.1	344	42	5
0.1	345	41	5
0.1	47	46	5
0.1	347	45	5
0.1	348	346	5
0.1	349	343	5
0.1	350	38	5
0.1	351	37	3
0.1	352	342	3
0.1	353	341	3
0.1	50	49	6
0.1	52	51	6
0.1	54	53	6
0.1	55	357	6
0.1	358	356	6
0.1	359	355	6
0.1	360	48	6
0.1	57	56	6
0.1	362	361	6
0.1	60	59	7
0.1	364	58	7
0.1	61	365	7
0.1	64	63	8
0.1	367	62	8
0.1	67	66	8
0.1	369	65	8
0.1	71	70	8
0.1	371	69	8
0.1	372	68	8
0.1	373	370	8
0.1	374	368	8
0.1	375	366	7
0.1	75	74	7
0.1	377	73	7
0.1	378	72	7
0.1	76	379	7
0.1	78	77	9
0.1	80	79	9
0.1	382	381	9
0.1	82	81	9
0.1	86	85	9
0.1	385	84	9
0.1	386	83	9
0.1	387	384	9
0.1	388	383	9
0.1	91	90	10
0.1	390	89	10
0.1	391	88	10
0.1	92	392	10
0.1	393	87	10
0.1	96	95	10
0.1	395	94	10
0.1	396	93	10
0.1	397	394	10
0.1	98	97	11
0.1	100	99	11
0.1	101	400	11
0.1	103	102	11
0.1	106	105	11
0.1	403	104	11
0.1	404	402	11
0.1	405	401	11
0.1	406	399	11
0.1	407	398	11
0.1	408	389	9
0.1	409	380	7
0.1	107	410	7
0.1	411	376	7
0.1	412	363	7
0.1	112	111	12
0.1	116	115	13
0.1	117	415	13
0.1	416	114	13
0.1	120	119	13
0.1	418	118	13
0.1	419	417	13
0.1	123	122	13
0.1	421	121	13
0.1	422	420	13
0.1	423	113	12
0.1	424	414	12
0.1	425	110	12
0.1	426	109	12
0.1	125	124	12
0.1	127	126	12
0.1	429	428	12
0.1	430	427	12
0.1	431	108	12
0.1	432	413	7
0.1	433	354	2
0.1	434	325	2
0.1	435	319	2
0.1	129	128	2
0.1	130	437	2
0.1	438	436	2
0.1	135	134	15
0.1	440	133	15
0.1	441	132	15
0.1	139	138	15
0.1	140	443	15
0.1	444	137	15
0.1	445	136	15
0.1	141	446	15
0.1	447	442	15
0.1	448	131	14
0.1	144	143	16
0.1	450	142	16
0.1	146	145	16
0.1	147	452	16
0.1	151	150	16
0.1	454	149	16
0.1	455	148	16
0.1	456	453	16
0.1	457	451	16
0.1	458	449	14
0.1	459	439	14
0.1	153	152	14
0.1	156	155	17
0.1	161	160	17
0.1	163	162	17
0.1	464	463	17
0.1	465	159	17
0.1	466	158	17
0.1	467	157	17
0.1	468	462	17
0.1	469	154	17
0.1	166	165	18
0.1	471	164	18
0.1	168	167	18
0.1	473	472	18
0.1	170	169	19
0.1	174	173	20
0.1	178	177	21
0.1	477	176	21
0.1	478	175	21
0.1	180	179	21
0.1	184	183	21
0.1	481	182	21
0.1	482	181	21
0.1	483	480	21
0.1	484	479	21
0.1	485	476	20
0.1	187	186	20
0.1	487	185	20
0.1	191	190	22
0.1	193	192	22
0.1	195	194	22
0.1	197	196	22
0.1	492	491	22
0.1	493	490	22
0.1	494	489	22
0.1	495	189	22
0.1	496	188	22
0.1	201	200	20
0.1	498	199	20
0.1	202	499	20
0.1	500	198	20
0.1	501	497	20
0.1	502	488	20
0.1	503	486	20
0.1	504	172	19
0.1	505	171	19
0.1	203	506	19
0.1	507	475	19
0.1	206	205	19
0.1	509	204	19
0.1	510	508	19
0.1	212	211	24
0.1	213	512	24
0.1	214	513	24
0.1	218	217	25
0.1	219	515	25
0.1	516	216	25
0.1	221	220	25
0.1	518	517	25
0.1	223	222	25
0.1	224	520	25
0.1	521	519	25
0.1	522	215	25
0.1	227	226	26
0.1	524	225	26
0.1	232	231	26
0.1	526	230	26
0.1	527	229	26
0.1	234	233	26
0.1	529	528	26
0.1	530	228	26
0.1	531	525	26
0.1	235	532	24
0.1	533	523	24
0.1	534	514	24
0.1	237	236	24
0.1	240	239	24
0.1	537	238	24
0.1	538	536	24
0.1	539	535	24
0.1	243	242	27
0.1	541	241	27
0.1	245	244	27
0.1	543	542	27
0.1	247	246	27
0.1	545	544	27
0.1	250	249	27
0.1	547	248	27
0.1	548	546	27
0.1	549	540	27
0.1	252	251	28
0.1	551	550	28
0.1	254	253	28
0.1	255	553	28
0.1	554	552	28
0.1	257	256	28
0.1	259	258	28
0.1	260	557	28
0.1	558	556	28
0.1	559	555	28
0.1	560	210	23
0.1	561	209	23
0.1	562	208	23
0.1	563	207	23
0.1	263	262	23
0.1	565	261	23
0.1	566	564	23
0.1	265	264	23
0.1	266	568	23
0.1	569	567	23
0.1	570	511	19
0.1	571	474	18
0.1	268	267	18
0.1	573	572	18
0.1	270	269	19
0.1	575	574	18
0.1	275	274	29
0.1	577	273	29
0.1	578	272	29
0.1	280	279	29
0.1	580	278	29
0.1	581	277	29
0.1	582	276	29
0.1	583	579	29
0.1	584	271	29
0.1	282	281	18
0.1	283	586	18
0.1	587	585	18
0.1	588	576	18
0.1	287	286	14
0.1	590	285	14
0.1	290	289	30
0.1	592	288	30
0.1	292	291	30
0.1	294	293	30
0.1	297	296	30
0.1	596	295	30
0.1	597	595	30
0.1	598	594	30
0.1	599	593	30
0.1	600	591	14
0.1	601	284	14
0.1	602	589	18
0.1	603	470	31
0.1	299	298	31
0.1	605	604	31
0.1	303	302	31
0.1	607	301	31
0.1	305	304	31
0.1	609	608	31
0.1	610	300	31
0.1	307	306	31
0.1	612	611	31
0.1	613	606	31
0.1	310	309	14
0.1	615	308	14
0.1	616	614	14
0.1	617	461	14
0.1	618	460	14
