1	0	0	1
1	0	0	1
1	0	0	1
1	0	0	1
1	0	0	1
1	0	0	1
1	0	0	1
1	0	0	1
1	0	0	1
1	0	0	1
1	0	0	2
1	0	0	2
1	0	0	2
1	0	0	2
1	0	0	2
1	0	0	2
1	0	0	2
1	0	0	2
1	0	0	2
1	0	0	2
1	0	0	3
1	0	0	3
1	0	0	3
1	0	0	3
1	0	0	3
1	0	0	3
1	0	0	3
1	0	0	3
1	0	0	3
1	0	0	3
1	0	0	4
1	0	0	4
1	0	0	4
1	0	0	4
1	0	0	4
1	0	0	4
1	0	0	4
1	0	0	4
1	0	0	4
1	0	0	4
1	0	0	5
1	0	0	6
1	0	0	6
1	0	0	6
1	0	0	6
1	0	0	6
1	0	0	6
1	0	0	6
1	0	0	6
1	0	0	6
1	0	0	6
1	0	0	7
1	0	0	7
1	0	0	7
1	0	0	7
1	0	0	7
1	0	0	7
1	0	0	7
1	0	0	7
1	0	0	7
1	0	0	7
1	0	0	5
1	0	0	5
1	0	0	8
1	0	0	8
1	0	0	8
1	0	0	8
1	0	0	8
1	0	0	8
1	0	0	8
1	0	0	8
1	0	0	8
1	0	0	8
1	0	0	5
1	0	0	5
1	0	0	5
1	0	0	5
1	0	0	9
1	0	0	9
1	0	0	9
1	0	0	9
1	0	0	9
1	0	0	9
1	0	0	9
1	0	0	9
1	0	0	9
1	0	0	9
1	0	0	5
1	0	0	5
1	0	0	5
1	0	0	10
1	0	0	10
1	0	0	10
1	0	0	10
1	0	0	10
1	0	0	10
1	0	0	10
1	0	0	10
1	0	0	10
1	0	0	10
1	0	0	11
1	0	0	11
1	0	0	11
1	0	0	11
1	0	0	12
1	0	0	12
1	0	0	12
1	0	0	12
1	0	0	12
1	0	0	12
1	0	0	12
1	0	0	12
1	0	0	12
1	0	0	12
1	0	0	11
1	0	0	11
1	0	0	11
1	0	0	11
1	0	0	11
1	0	0	11
1	0	0	13
1	0	0	13
1	0	0	13
1	0	0	13
1	0	0	13
1	0	0	13
1	0	0	13
1	0	0	13
1	0	0	13
1	0	0	13
1	0	0	14
1	0	0	14
1	0	0	14
1	0	0	14
1	0	0	14
1	0	0	14
1	0	0	14
1	0	0	14
1	0	0	14
1	0	0	14
1	0	0	15
1	0	0	15
1	0	0	15
1	0	0	15
1	0	0	15
1	0	0	15
1	0	0	15
1	0	0	15
1	0	0	16
1	0	0	16
1	0	0	16
1	0	0	16
1	0	0	16
1	0	0	16
1	0	0	16
1	0	0	16
1	0	0	16
1	0	0	16
1	0	0	15
1	0	0	15
1	0	0	17
1	0	0	17
1	0	0	17
1	0	0	17
1	0	0	17
1	0	0	17
1	0	0	17
1	0	0	17
1	0	0	17
1	0	0	17
1	0	0	18
1	0	0	18
1	0	0	18
1	0	0	18
1	0	0	18
1	0	0	18
1	0	0	18
1	0	0	18
1	0	0	18
1	0	0	18
1	0	0	19
1	0	0	19
1	0	0	19
1	0	0	20
1	0	0	20
1	0	0	20
1	0	0	20
1	0	0	20
1	0	0	20
1	0	0	21
1	0	0	21
1	0	0	21
1	0	0	21
1	0	0	21
1	0	0	21
1	0	0	21
1	0	0	21
1	0	0	21
1	0	0	21
1	0	0	20
1	0	0	20
1	0	0	20
1	0	0	20
1	0	0	19
1	0	0	22
1	0	0	22
1	0	0	22
1	0	0	22
1	0	0	22
1	0	0	22
1	0	0	22
1	0	0	22
1	0	0	22
1	0	0	22
1	0	0	23
1	0	0	23
1	0	0	23
1	0	0	23
1	0	0	23
1	0	0	23
1	0	0	23
1	0	0	23
1	0	0	23
1	0	0	23
1	0	0	24
1	0	0	24
1	0	0	24
1	0	0	25
1	0	0	25
1	0	0	25
1	0	0	25
1	0	0	25
1	0	0	25
1	0	0	25
1	0	0	25
1	0	0	25
1	0	0	25
1	0	0	24
1	0	0	24
1	0	0	24
1	0	0	26
1	0	0	26
1	0	0	26
1	0	0	26
1	0	0	26
1	0	0	26
1	0	0	26
1	0	0	26
1	0	0	26
1	0	0	26
1	0	0	24
1	0	0	24
1	0	0	24
1	0	0	24
1	0	0	27
1	0	0	27
1	0	0	27
1	0	0	27
1	0	0	27
1	0	0	27
1	0	0	27
1	0	0	27
1	0	0	27
1	0	0	27
1	0	0	19
1	0	0	19
1	0	0	19
1	0	0	19
1	0	0	19
1	0	0	19
1	0	0	28
1	0	0	28
1	0	0	28
1	0	0	28
1	0	0	28
1	0	0	28
1	0	0	28
1	0	0	28
1	0	0	28
1	0	0	28
1	0	0	29
1	0	0	29
1	0	0	29
1	0	0	29
1	0	0	29
1	0	0	29
1	0	0	29
1	0	0	29
1	0	0	29
1	0	0	29
1	0	0	30
1	0	0	30
1	0	0	30
1	0	0	30
1	0	0	30
1	0	0	30
1	0	0	30
1	0	0	30
1	0	0	30
1	0	0	30
1	0	0	31
1	0	0	31
1	0	0	31
1	0	0	31
1	0	0	31
1	0	0	31
1	0	0	31
1	0	0	31
1	0	0	31
1	0	0	31
0.1	3	2	1
0.1	311	1	1
0.1	5	4	1
0.1	7	6	1
0.1	10	9	1
0.1	315	8	1
0.1	316	314	1
0.1	317	313	1
0.1	318	312	1
0.1	13	12	2
0.1	14	320	2
0.1	321	11	2
0.1	16	15	2
0.1	18	17	2
0.1	324	323	2
0.1	20	19	2
0.1	326	325	2
0.1	327	322	2
0.1	26	25	3
0.1	329	24	3
0.1	27	330	3
0.1	331	23	3
0.1	332	22	3
0.1	333	21	3
0.1	29	28	3
0.1	335	334	3
0.1	30	336	3
0.1	32	31	4
0.1	34	33	4
0.1	35	339	4
0.1	37	36	4
0.1	38	341	4
0.1	39	342	4
0.1	343	340	4
0.1	40	344	4
0.1	345	338	4
0.1	346	337	3
0.1	347	328	3
0.1	44	43	6
0.1	46	45	6
0.1	350	349	6
0.1	351	42	6
0.1	47	352	6
0.1	50	49	6
0.1	354	48	6
0.1	51	355	6
0.1	356	353	6
0.1	53	52	7
0.1	55	54	7
0.1	57	56	7
0.1	61	60	7
0.1	361	59	7
0.1	362	58	7
0.1	363	360	7
0.1	364	359	7
0.1	365	358	7
0.1	366	357	6
0.1	63	62	5
0.1	368	367	5
0.1	369	41	5
0.1	66	65	8
0.1	371	64	8
0.1	68	67	8
0.1	373	372	8
0.1	70	69	8
0.1	72	71	8
0.1	73	376	8
0.1	377	375	8
0.1	378	374	8
0.1	379	370	5
0.1	76	75	5
0.1	381	74	5
0.1	81	80	9
0.1	82	383	9
0.1	384	79	9
0.1	84	83	9
0.1	86	85	9
0.1	387	386	9
0.1	388	385	9
0.1	87	389	9
0.1	390	78	9
0.1	391	77	5
0.1	90	89	5
0.1	393	88	5
0.1	394	392	5
0.1	395	382	5
0.1	396	380	5
0.1	397	348	3
0.1	93	92	10
0.1	399	91	10
0.1	96	95	10
0.1	401	94	10
0.1	100	99	10
0.1	403	98	10
0.1	404	97	10
0.1	405	402	10
0.1	406	400	10
0.1	104	103	11
0.1	408	102	11
0.1	409	101	11
0.1	107	106	12
0.1	110	109	12
0.1	412	108	12
0.1	112	111	12
0.1	114	113	12
0.1	415	414	12
0.1	416	413	12
0.1	417	411	12
0.1	418	105	12
0.1	116	115	11
0.1	118	117	11
0.1	120	119	11
0.1	422	421	11
0.1	423	420	11
0.1	424	419	11
0.1	425	410	11
0.1	123	122	13
0.1	427	121	13
0.1	428	426	13
0.1	125	124	13
0.1	128	127	13
0.1	431	126	13
0.1	129	432	13
0.1	433	430	13
0.1	132	131	14
0.1	135	134	14
0.1	436	133	14
0.1	136	437	14
0.1	137	438	14
0.1	140	139	14
0.1	440	138	14
0.1	441	439	14
0.1	442	435	14
0.1	143	142	15
0.1	444	141	15
0.1	146	145	15
0.1	446	144	15
0.1	447	445	15
0.1	148	147	15
0.1	150	149	16
0.1	152	151	16
0.1	153	451	16
0.1	452	450	16
0.1	155	154	16
0.1	156	454	16
0.1	455	453	16
0.1	158	157	16
0.1	457	456	16
0.1	160	159	15
0.1	459	458	15
0.1	460	449	15
0.1	461	448	15
0.1	164	163	17
0.1	463	162	17
0.1	464	161	17
0.1	168	167	17
0.1	466	166	17
0.1	467	165	17
0.1	169	468	17
0.1	170	469	17
0.1	470	465	17
0.1	471	462	17
0.1	472	443	13
0.1	473	130	13
0.1	474	434	13
0.1	475	429	13
0.1	476	407	10
0.1	477	398	10
0.1	478	319	1
0.1	172	171	18
0.1	175	174	18
0.1	481	173	18
0.1	482	480	18
0.1	180	179	18
0.1	484	178	18
0.1	485	177	18
0.1	486	176	18
0.1	487	483	18
0.1	185	184	20
0.1	187	186	20
0.1	191	190	21
0.1	193	192	21
0.1	492	491	21
0.1	195	194	21
0.1	198	197	21
0.1	495	196	21
0.1	199	496	21
0.1	497	494	21
0.1	498	493	21
0.1	202	201	20
0.1	500	200	20
0.1	203	501	20
0.1	502	499	20
0.1	503	189	20
0.1	504	188	20
0.1	505	490	20
0.1	506	489	20
0.1	507	183	19
0.1	508	182	19
0.1	206	205	22
0.1	208	207	22
0.1	209	511	22
0.1	210	512	22
0.1	212	211	22
0.1	213	514	22
0.1	218	217	23
0.1	516	216	23
0.1	517	215	23
0.1	221	220	23
0.1	519	219	23
0.1	223	222	23
0.1	224	521	23
0.1	522	520	23
0.1	523	518	23
0.1	524	214	22
0.1	525	515	22
0.1	526	513	22
0.1	527	510	22
0.1	226	225	24
0.1	229	228	25
0.1	231	230	25
0.1	234	233	25
0.1	532	232	25
0.1	236	235	25
0.1	237	534	25
0.1	535	533	25
0.1	536	531	25
0.1	537	530	25
0.1	538	227	24
0.1	240	239	24
0.1	242	241	26
0.1	244	243	26
0.1	246	245	26
0.1	247	543	26
0.1	249	248	26
0.1	250	545	26
0.1	546	544	26
0.1	547	542	26
0.1	548	541	26
0.1	549	540	24
0.1	550	238	24
0.1	253	252	24
0.1	254	552	24
0.1	553	251	24
0.1	554	551	24
0.1	555	539	24
0.1	556	529	24
0.1	557	528	19
0.1	257	256	27
0.1	259	258	27
0.1	560	559	27
0.1	561	255	27
0.1	261	260	27
0.1	264	263	27
0.1	564	262	27
0.1	565	563	27
0.1	566	562	27
0.1	567	558	19
0.1	568	204	19
0.1	267	266	19
0.1	570	265	19
0.1	270	269	19
0.1	572	268	19
0.1	272	271	28
0.1	273	574	28
0.1	274	575	28
0.1	276	275	28
0.1	577	576	28
0.1	279	278	28
0.1	579	277	28
0.1	280	580	28
0.1	581	578	28
0.1	582	573	19
0.1	583	571	19
0.1	584	569	19
0.1	585	509	19
0.1	586	181	19
0.1	587	488	19
0.1	283	282	29
0.1	284	589	29
0.1	286	285	29
0.1	591	590	29
0.1	288	287	29
0.1	289	593	29
0.1	594	592	29
0.1	290	595	29
0.1	596	281	29
0.1	294	293	30
0.1	598	292	30
0.1	298	297	30
0.1	600	296	30
0.1	300	299	30
0.1	602	601	30
0.1	603	295	30
0.1	604	599	30
0.1	605	291	30
0.1	302	301	31
0.1	305	304	31
0.1	308	307	31
0.1	609	306	31
0.1	310	309	31
0.1	611	610	31
0.1	612	608	31
0.1	613	303	31
0.1	614	607	31
0.1	615	606	31
0.1	616	597	29
0.1	617	588	29
0.1	618	479	29
