1	0	0	1
1	0	0	1
1	0	0	1
1	0	0	1
1	0	0	2
1	0	0	3
1	0	0	3
1	0	0	4
1	0	0	4
1	0	0	4
1	0	0	4
1	0	0	4
1	0	0	4
1	0	0	4
1	0	0	4
1	0	0	4
1	0	0	4
1	0	0	5
1	0	0	5
1	0	0	5
1	0	0	5
1	0	0	5
1	0	0	5
1	0	0	5
1	0	0	5
1	0	0	5
1	0	0	5
1	0	0	3
1	0	0	3
1	0	0	3
1	0	0	6
1	0	0	6
1	0	0	7
1	0	0	7
1	0	0	7
1	0	0	7
1	0	0	7
1	0	0	7
1	0	0	7
1	0	0	7
1	0	0	7
1	0	0	7
1	0	0	6
1	0	0	6
1	0	0	6
1	0	0	6
1	0	0	6
1	0	0	6
1	0	0	6
1	0	0	6
1	0	0	8
1	0	0	8
1	0	0	8
1	0	0	8
1	0	0	8
1	0	0	8
1	0	0	8
1	0	0	8
1	0	0	8
1	0	0	8
1	0	0	9
1	0	0	9
1	0	0	9
1	0	0	9
1	0	0	9
1	0	0	9
1	0	0	9
1	0	0	9
1	0	0	9
1	0	0	9
1	0	0	10
1	0	0	10
1	0	0	10
1	0	0	10
1	0	0	10
1	0	0	10
1	0	0	10
1	0	0	10
1	0	0	10
1	0	0	10
1	0	0	3
1	0	0	11
1	0	0	11
1	0	0	11
1	0	0	11
1	0	0	11
1	0	0	11
1	0	0	11
1	0	0	11
1	0	0	11
1	0	0	11
1	0	0	3
1	0	0	12
1	0	0	12
1	0	0	12
1	0	0	12
1	0	0	12
1	0	0	12
1	0	0	12
1	0	0	12
1	0	0	12
1	0	0	12
1	0	0	13
1	0	0	13
1	0	0	13
1	0	0	13
1	0	0	13
1	0	0	13
1	0	0	13
1	0	0	13
1	0	0	14
1	0	0	15
1	0	0	15
1	0	0	15
1	0	0	15
1	0	0	15
1	0	0	15
1	0	0	15
1	0	0	15
1	0	0	15
1	0	0	15
1	0	0	14
1	0	0	16
1	0	0	16
1	0	0	16
1	0	0	16
1	0	0	16
1	0	0	16
1	0	0	16
1	0	0	16
1	0	0	16
1	0	0	16
1	0	0	14
1	0	0	14
1	0	0	17
1	0	0	17
1	0	0	17
1	0	0	17
1	0	0	17
1	0	0	17
1	0	0	17
1	0	0	17
1	0	0	17
1	0	0	17
1	0	0	14
1	0	0	14
1	0	0	14
1	0	0	14
1	0	0	14
1	0	0	14
1	0	0	13
1	0	0	13
1	0	0	3
1	0	0	3
1	0	0	3
1	0	0	2
1	0	0	2
1	0	0	2
1	0	0	2
1	0	0	2
1	0	0	2
1	0	0	2
1	0	0	2
1	0	0	2
1	0	0	18
1	0	0	18
1	0	0	18
1	0	0	18
1	0	0	18
1	0	0	18
1	0	0	18
1	0	0	18
1	0	0	18
1	0	0	18
1	0	0	19
1	0	0	19
1	0	0	19
1	0	0	19
1	0	0	19
1	0	0	19
1	0	0	19
1	0	0	19
1	0	0	19
1	0	0	19
1	0	0	1
1	0	0	1
1	0	0	1
1	0	0	1
1	0	0	20
1	0	0	20
1	0	0	20
1	0	0	20
1	0	0	20
1	0	0	20
1	0	0	21
1	0	0	21
1	0	0	21
1	0	0	21
1	0	0	21
1	0	0	21
1	0	0	21
1	0	0	21
1	0	0	21
1	0	0	21
1	0	0	20
1	0	0	20
1	0	0	20
1	0	0	20
1	0	0	22
1	0	0	22
1	0	0	22
1	0	0	22
1	0	0	23
1	0	0	23
1	0	0	23
1	0	0	23
1	0	0	23
1	0	0	23
1	0	0	23
1	0	0	23
1	0	0	23
1	0	0	24
1	0	0	25
1	0	0	25
1	0	0	25
1	0	0	25
1	0	0	25
1	0	0	25
1	0	0	25
1	0	0	25
1	0	0	25
1	0	0	25
1	0	0	24
1	0	0	24
1	0	0	24
1	0	0	24
1	0	0	24
1	0	0	24
1	0	0	24
1	0	0	24
1	0	0	24
1	0	0	23
1	0	0	22
1	0	0	22
1	0	0	22
1	0	0	22
1	0	0	22
1	0	0	22
1	0	0	1
1	0	0	1
1	0	0	26
1	0	0	27
1	0	0	27
1	0	0	27
1	0	0	27
1	0	0	27
1	0	0	27
1	0	0	27
1	0	0	27
1	0	0	27
1	0	0	27
1	0	0	28
1	0	0	28
1	0	0	29
1	0	0	29
1	0	0	29
1	0	0	29
1	0	0	29
1	0	0	29
1	0	0	29
1	0	0	29
1	0	0	29
1	0	0	29
1	0	0	28
1	0	0	28
1	0	0	28
1	0	0	28
1	0	0	28
1	0	0	28
1	0	0	28
1	0	0	26
1	0	0	26
1	0	0	26
1	0	0	26
1	0	0	26
1	0	0	26
1	0	0	28
1	0	0	26
1	0	0	26
1	0	0	26
0.1	7	6	3
0.1	9	8	4
0.1	10	292	4
0.1	16	15	4
0.1	294	14	4
0.1	295	13	4
0.1	17	296	4
0.1	297	12	4
0.1	298	11	4
0.1	299	293	4
0.1	19	18	5
0.1	20	301	5
0.1	24	23	5
0.1	303	22	5
0.1	25	304	5
0.1	305	21	5
0.1	306	302	5
0.1	27	26	5
0.1	308	307	5
0.1	309	300	5
0.1	28	310	3
0.1	311	291	3
0.1	32	31	6
0.1	35	34	7
0.1	38	37	7
0.1	315	36	7
0.1	41	40	7
0.1	317	39	7
0.1	318	316	7
0.1	42	319	7
0.1	320	314	7
0.1	321	33	7
0.1	43	322	6
0.1	44	323	6
0.1	324	313	6
0.1	48	47	6
0.1	326	46	6
0.1	52	51	8
0.1	55	54	8
0.1	329	53	8
0.1	57	56	8
0.1	58	331	8
0.1	332	330	8
0.1	60	59	8
0.1	334	333	8
0.1	335	328	8
0.1	336	50	6
0.1	337	49	6
0.1	338	327	6
0.1	339	45	6
0.1	340	325	6
0.1	62	61	9
0.1	65	64	9
0.1	343	63	9
0.1	66	344	9
0.1	68	67	9
0.1	70	69	9
0.1	347	346	9
0.1	348	345	9
0.1	349	342	9
0.1	72	71	10
0.1	74	73	10
0.1	77	76	10
0.1	353	75	10
0.1	354	352	10
0.1	79	78	10
0.1	356	355	10
0.1	357	351	10
0.1	358	350	10
0.1	80	359	10
0.1	360	341	3
0.1	361	30	3
0.1	362	29	3
0.1	363	312	3
0.1	84	83	11
0.1	365	82	11
0.1	85	366	11
0.1	89	88	11
0.1	368	87	11
0.1	369	86	11
0.1	90	370	11
0.1	91	371	11
0.1	372	367	11
0.1	373	81	3
0.1	374	364	3
0.1	94	93	12
0.1	95	376	12
0.1	96	377	12
0.1	98	97	12
0.1	379	378	12
0.1	100	99	12
0.1	102	101	12
0.1	382	381	12
0.1	383	380	12
0.1	104	103	13
0.1	107	106	13
0.1	386	105	13
0.1	387	385	13
0.1	110	109	13
0.1	389	108	13
0.1	115	114	15
0.1	117	116	15
0.1	119	118	15
0.1	393	392	15
0.1	121	120	15
0.1	395	394	15
0.1	396	391	15
0.1	397	113	15
0.1	398	112	15
0.1	122	399	14
0.1	125	124	16
0.1	401	123	16
0.1	127	126	16
0.1	403	402	16
0.1	129	128	16
0.1	405	404	16
0.1	130	406	16
0.1	132	131	16
0.1	408	407	16
0.1	133	409	14
0.1	137	136	17
0.1	411	135	17
0.1	139	138	17
0.1	413	412	17
0.1	144	143	17
0.1	415	142	17
0.1	416	141	17
0.1	417	140	17
0.1	418	414	17
0.1	419	134	14
0.1	420	410	14
0.1	146	145	14
0.1	422	421	14
0.1	423	400	14
0.1	424	111	14
0.1	149	148	14
0.1	150	426	14
0.1	427	147	14
0.1	428	425	14
0.1	151	429	13
0.1	152	430	13
0.1	431	390	13
0.1	432	388	13
0.1	433	384	3
0.1	434	92	3
0.1	154	153	3
0.1	155	436	3
0.1	437	435	3
0.1	438	375	3
0.1	439	5	2
0.1	156	440	2
0.1	158	157	2
0.1	160	159	2
0.1	443	442	2
0.1	444	441	2
0.1	162	161	2
0.1	164	163	2
0.1	447	446	2
0.1	448	445	2
0.1	167	166	18
0.1	169	168	18
0.1	172	171	18
0.1	452	170	18
0.1	453	451	18
0.1	454	450	18
0.1	174	173	18
0.1	456	455	18
0.1	457	165	18
0.1	177	176	19
0.1	459	175	19
0.1	181	180	19
0.1	461	179	19
0.1	462	178	19
0.1	183	182	19
0.1	184	464	19
0.1	465	463	19
0.1	466	460	19
0.1	467	458	19
0.1	468	449	2
0.1	469	4	1
0.1	470	3	1
0.1	471	2	1
0.1	472	1	1
0.1	188	187	1
0.1	474	186	1
0.1	190	189	20
0.1	191	476	20
0.1	193	192	20
0.1	197	196	21
0.1	479	195	21
0.1	199	198	21
0.1	201	200	21
0.1	482	481	21
0.1	204	203	21
0.1	484	202	21
0.1	485	483	21
0.1	486	480	21
0.1	206	205	20
0.1	488	487	20
0.1	489	194	20
0.1	208	207	20
0.1	491	490	20
0.1	492	478	20
0.1	493	477	20
0.1	494	475	1
0.1	495	185	1
0.1	212	211	22
0.1	497	210	22
0.1	216	215	23
0.1	499	214	23
0.1	500	213	23
0.1	218	217	23
0.1	220	219	23
0.1	503	502	23
0.1	221	504	23
0.1	224	223	25
0.1	226	225	25
0.1	228	227	25
0.1	229	508	25
0.1	232	231	25
0.1	510	230	25
0.1	511	509	25
0.1	512	507	25
0.1	513	506	25
0.1	514	222	24
0.1	236	235	24
0.1	237	516	24
0.1	517	234	24
0.1	518	233	24
0.1	519	515	24
0.1	239	238	24
0.1	241	240	24
0.1	522	521	24
0.1	523	520	24
0.1	242	524	23
0.1	525	505	23
0.1	526	501	23
0.1	527	498	22
0.1	246	245	22
0.1	529	244	22
0.1	248	247	22
0.1	531	530	22
0.1	532	243	22
0.1	533	528	22
0.1	534	209	22
0.1	535	496	1
0.1	250	249	1
0.1	257	256	27
0.1	538	255	27
0.1	539	254	27
0.1	540	253	27
0.1	259	258	27
0.1	260	542	27
0.1	261	543	27
0.1	544	541	27
0.1	545	252	27
0.1	263	262	28
0.1	265	264	29
0.1	267	266	29
0.1	269	268	29
0.1	550	549	29
0.1	551	548	29
0.1	272	271	29
0.1	553	270	29
0.1	273	554	29
0.1	555	552	29
0.1	274	556	28
0.1	277	276	28
0.1	558	275	28
0.1	278	559	28
0.1	279	560	28
0.1	280	561	28
0.1	562	557	28
0.1	563	547	28
0.1	564	546	27
0.1	281	565	26
0.1	282	566	26
0.1	567	251	26
0.1	283	568	26
0.1	286	285	26
0.1	570	284	26
0.1	571	569	26
0.1	289	288	26
0.1	573	287	26
0.1	290	574	26
0.1	575	572	26
0.1	576	537	1
0.1	577	536	1
0.1	578	473	1
