1	0	0	1
1	0	0	2
1	0	0	3
1	0	0	3
1	0	0	3
1	0	0	3
1	0	0	3
1	0	0	3
1	0	0	3
1	0	0	3
1	0	0	3
1	0	0	3
1	0	0	3
1	0	0	3
1	0	0	3
1	0	0	3
1	0	0	3
1	0	0	3
1	0	0	3
1	0	0	3
1	0	0	3
1	0	0	3
1	0	0	2
1	0	0	2
1	0	0	2
1	0	0	2
1	0	0	2
1	0	0	2
1	0	0	4
1	0	0	4
1	0	0	4
1	0	0	4
1	0	0	4
1	0	0	4
1	0	0	4
1	0	0	4
1	0	0	4
1	0	0	4
1	0	0	4
1	0	0	4
1	0	0	4
1	0	0	4
1	0	0	4
1	0	0	4
1	0	0	4
1	0	0	4
1	0	0	4
1	0	0	4
1	0	0	5
1	0	0	5
1	0	0	5
1	0	0	5
1	0	0	5
1	0	0	5
1	0	0	5
1	0	0	5
1	0	0	5
1	0	0	5
1	0	0	5
1	0	0	5
1	0	0	5
1	0	0	5
1	0	0	5
1	0	0	5
1	0	0	5
1	0	0	5
1	0	0	5
1	0	0	5
1	0	0	6
1	0	0	6
1	0	0	6
1	0	0	6
1	0	0	6
1	0	0	6
1	0	0	6
1	0	0	6
1	0	0	6
1	0	0	6
1	0	0	6
1	0	0	6
1	0	0	6
1	0	0	6
1	0	0	6
1	0	0	6
1	0	0	6
1	0	0	6
1	0	0	6
1	0	0	6
1	0	0	7
1	0	0	7
1	0	0	7
1	0	0	7
1	0	0	7
1	0	0	7
1	0	0	7
1	0	0	7
1	0	0	7
1	0	0	7
1	0	0	7
1	0	0	7
1	0	0	7
1	0	0	7
1	0	0	7
1	0	0	7
1	0	0	7
1	0	0	7
1	0	0	7
1	0	0	7
1	0	0	2
1	0	0	2
1	0	0	8
1	0	0	8
1	0	0	8
1	0	0	8
1	0	0	8
1	0	0	8
1	0	0	8
1	0	0	8
1	0	0	8
1	0	0	8
1	0	0	8
1	0	0	8
1	0	0	8
1	0	0	8
1	0	0	8
1	0	0	8
1	0	0	8
1	0	0	8
1	0	0	8
1	0	0	8
1	0	0	9
1	0	0	9
1	0	0	9
1	0	0	9
1	0	0	9
1	0	0	9
1	0	0	9
1	0	0	9
1	0	0	9
1	0	0	9
1	0	0	9
1	0	0	9
1	0	0	9
1	0	0	9
1	0	0	9
1	0	0	9
1	0	0	9
1	0	0	9
1	0	0	9
1	0	0	9
1	0	0	2
1	0	0	10
1	0	0	10
1	0	0	10
1	0	0	10
1	0	0	10
1	0	0	10
1	0	0	10
1	0	0	10
1	0	0	10
1	0	0	10
1	0	0	10
1	0	0	10
1	0	0	10
1	0	0	10
1	0	0	10
1	0	0	10
1	0	0	10
1	0	0	10
1	0	0	10
1	0	0	10
1	0	0	11
1	0	0	11
1	0	0	11
1	0	0	11
1	0	0	11
1	0	0	11
1	0	0	11
1	0	0	11
1	0	0	11
1	0	0	11
1	0	0	11
1	0	0	11
1	0	0	11
1	0	0	11
1	0	0	11
1	0	0	11
1	0	0	11
1	0	0	11
1	0	0	11
1	0	0	11
1	0	0	12
1	0	0	12
1	0	0	12
1	0	0	12
1	0	0	12
1	0	0	12
1	0	0	12
1	0	0	12
1	0	0	12
1	0	0	12
1	0	0	12
1	0	0	12
1	0	0	12
1	0	0	12
1	0	0	12
1	0	0	12
1	0	0	12
1	0	0	12
1	0	0	12
1	0	0	12
1	0	0	2
1	0	0	2
1	0	0	2
1	0	0	2
1	0	0	2
1	0	0	13
1	0	0	13
1	0	0	13
1	0	0	13
1	0	0	13
1	0	0	13
1	0	0	13
1	0	0	13
1	0	0	13
1	0	0	13
1	0	0	13
1	0	0	13
1	0	0	13
1	0	0	13
1	0	0	13
1	0	0	13
1	0	0	13
1	0	0	13
1	0	0	13
1	0	0	13
1	0	0	14
1	0	0	14
1	0	0	14
1	0	0	14
1	0	0	14
1	0	0	14
1	0	0	14
1	0	0	14
1	0	0	14
1	0	0	14
1	0	0	14
1	0	0	14
1	0	0	14
1	0	0	14
1	0	0	14
1	0	0	14
1	0	0	14
1	0	0	14
1	0	0	14
1	0	0	14
1	0	0	15
1	0	0	15
1	0	0	15
1	0	0	15
1	0	0	15
1	0	0	15
1	0	0	15
1	0	0	15
1	0	0	15
1	0	0	15
1	0	0	15
1	0	0	15
1	0	0	15
1	0	0	15
1	0	0	15
1	0	0	15
1	0	0	15
1	0	0	15
1	0	0	15
1	0	0	15
1	0	0	2
1	0	0	2
1	0	0	2
1	0	0	2
1	0	0	2
1	0	0	16
1	0	0	16
1	0	0	16
1	0	0	16
1	0	0	16
1	0	0	16
1	0	0	16
1	0	0	16
1	0	0	16
1	0	0	16
1	0	0	16
1	0	0	16
1	0	0	16
1	0	0	16
1	0	0	16
1	0	0	16
1	0	0	16
1	0	0	16
1	0	0	16
1	0	0	16
1	0	0	17
1	0	0	17
1	0	0	17
1	0	0	17
1	0	0	17
1	0	0	17
1	0	0	17
1	0	0	17
1	0	0	17
1	0	0	17
1	0	0	17
1	0	0	17
1	0	0	17
1	0	0	17
1	0	0	17
1	0	0	17
1	0	0	17
1	0	0	17
1	0	0	17
1	0	0	17
1	0	0	18
1	0	0	18
1	0	0	18
1	0	0	18
1	0	0	18
1	0	0	18
1	0	0	18
1	0	0	18
1	0	0	18
1	0	0	18
1	0	0	18
1	0	0	18
1	0	0	18
1	0	0	18
1	0	0	18
1	0	0	18
1	0	0	18
1	0	0	18
1	0	0	18
1	0	0	18
1	0	0	19
1	0	0	19
1	0	0	19
1	0	0	19
1	0	0	19
1	0	0	19
1	0	0	19
1	0	0	19
1	0	0	19
1	0	0	19
1	0	0	19
1	0	0	19
1	0	0	19
1	0	0	19
1	0	0	19
1	0	0	19
1	0	0	19
1	0	0	19
1	0	0	19
1	0	0	19
1	0	0	1
1	0	0	1
1	0	0	1
1	0	0	1
1	0	0	1
1	0	0	1
1	0	0	1
1	0	0	1
1	0	0	1
1	0	0	20
1	0	0	20
1	0	0	20
1	0	0	20
1	0	0	20
1	0	0	20
1	0	0	20
1	0	0	20
1	0	0	20
1	0	0	20
1	0	0	20
1	0	0	20
1	0	0	20
1	0	0	20
1	0	0	20
1	0	0	20
1	0	0	21
1	0	0	21
1	0	0	21
1	0	0	21
1	0	0	21
1	0	0	21
1	0	0	21
1	0	0	21
1	0	0	21
1	0	0	21
1	0	0	21
1	0	0	21
1	0	0	21
1	0	0	21
1	0	0	21
1	0	0	21
1	0	0	21
1	0	0	21
1	0	0	21
1	0	0	21
1	0	0	20
1	0	0	20
1	0	0	20
1	0	0	20
1	0	0	22
1	0	0	22
1	0	0	22
1	0	0	22
1	0	0	22
1	0	0	22
1	0	0	22
1	0	0	22
1	0	0	22
1	0	0	22
1	0	0	22
1	0	0	22
1	0	0	22
1	0	0	22
1	0	0	22
1	0	0	22
1	0	0	22
1	0	0	22
1	0	0	22
1	0	0	22
1	0	0	23
1	0	0	23
1	0	0	23
1	0	0	23
1	0	0	23
1	0	0	23
1	0	0	23
1	0	0	23
1	0	0	23
1	0	0	23
1	0	0	23
1	0	0	23
1	0	0	23
1	0	0	23
1	0	0	23
1	0	0	23
1	0	0	23
1	0	0	23
1	0	0	24
1	0	0	24
1	0	0	24
1	0	0	24
1	0	0	24
1	0	0	24
1	0	0	23
1	0	0	23
1	0	0	25
1	0	0	26
1	0	0	26
1	0	0	26
1	0	0	26
1	0	0	26
1	0	0	26
1	0	0	26
1	0	0	26
1	0	0	26
1	0	0	26
1	0	0	26
1	0	0	26
1	0	0	26
1	0	0	26
1	0	0	26
1	0	0	26
1	0	0	26
1	0	0	26
1	0	0	26
1	0	0	26
1	0	0	25
1	0	0	25
1	0	0	25
1	0	0	25
1	0	0	25
1	0	0	25
1	0	0	25
1	0	0	25
1	0	0	25
1	0	0	25
1	0	0	25
1	0	0	25
1	0	0	25
1	0	0	25
1	0	0	25
1	0	0	27
1	0	0	27
1	0	0	27
1	0	0	27
1	0	0	27
1	0	0	27
1	0	0	27
1	0	0	27
1	0	0	27
1	0	0	28
1	0	0	28
1	0	0	28
1	0	0	28
1	0	0	28
1	0	0	28
1	0	0	28
1	0	0	28
1	0	0	28
1	0	0	28
1	0	0	28
1	0	0	28
1	0	0	28
1	0	0	28
1	0	0	28
1	0	0	28
1	0	0	28
1	0	0	28
1	0	0	28
1	0	0	28
1	0	0	27
1	0	0	27
1	0	0	27
1	0	0	27
1	0	0	27
1	0	0	27
1	0	0	27
1	0	0	29
1	0	0	29
1	0	0	29
1	0	0	29
1	0	0	29
1	0	0	29
1	0	0	29
1	0	0	29
1	0	0	29
1	0	0	29
1	0	0	29
1	0	0	29
1	0	0	29
1	0	0	29
1	0	0	29
1	0	0	29
1	0	0	29
1	0	0	29
1	0	0	29
1	0	0	29
1	0	0	27
1	0	0	27
1	0	0	27
1	0	0	27
1	0	0	30
1	0	0	30
1	0	0	30
1	0	0	30
1	0	0	30
1	0	0	30
1	0	0	30
1	0	0	30
1	0	0	30
1	0	0	30
1	0	0	30
1	0	0	30
1	0	0	30
1	0	0	30
1	0	0	30
1	0	0	30
1	0	0	30
1	0	0	30
1	0	0	30
1	0	0	30
1	0	0	31
1	0	0	31
1	0	0	31
1	0	0	31
1	0	0	31
1	0	0	31
1	0	0	31
1	0	0	31
1	0	0	31
1	0	0	31
1	0	0	31
1	0	0	31
1	0	0	31
1	0	0	31
1	0	0	31
1	0	0	31
1	0	0	31
1	0	0	31
1	0	0	31
1	0	0	31
1	0	0	24
1	0	0	24
1	0	0	24
1	0	0	24
1	0	0	24
1	0	0	24
1	0	0	24
1	0	0	24
1	0	0	24
1	0	0	24
1	0	0	24
1	0	0	24
1	0	0	24
1	0	0	24
1	0	0	25
1	0	0	25
1	0	0	25
1	0	0	25
1	0	0	1
1	0	0	1
1	0	0	32
1	0	0	32
1	0	0	33
1	0	0	33
1	0	0	33
1	0	0	33
1	0	0	33
1	0	0	33
1	0	0	33
1	0	0	33
1	0	0	33
1	0	0	33
1	0	0	33
1	0	0	33
1	0	0	33
1	0	0	33
1	0	0	33
1	0	0	33
1	0	0	33
1	0	0	33
1	0	0	33
1	0	0	33
1	0	0	32
1	0	0	32
1	0	0	32
1	0	0	32
1	0	0	32
1	0	0	32
1	0	0	32
1	0	0	32
1	0	0	32
1	0	0	32
1	0	0	32
1	0	0	32
1	0	0	32
1	0	0	32
1	0	0	32
1	0	0	32
1	0	0	32
1	0	0	32
1	0	0	34
1	0	0	34
1	0	0	34
1	0	0	34
1	0	0	34
1	0	0	34
1	0	0	34
1	0	0	34
1	0	0	34
1	0	0	34
1	0	0	34
1	0	0	34
1	0	0	34
1	0	0	34
1	0	0	34
1	0	0	34
1	0	0	34
1	0	0	34
1	0	0	34
1	0	0	34
1	0	0	1
1	0	0	1
1	0	0	1
1	0	0	1
1	0	0	1
1	0	0	1
1	0	0	1
1	0	0	1
0.1	5	4	3
0.1	7	6	3
0.1	682	681	3
0.1	683	3	3
0.1	12	11	3
0.1	685	10	3
0.1	686	9	3
0.1	687	8	3
0.1	16	15	3
0.1	689	14	3
0.1	19	18	3
0.1	691	17	3
0.1	692	690	3
0.1	22	21	3
0.1	694	20	3
0.1	695	693	3
0.1	696	13	3
0.1	697	688	3
0.1	698	684	3
0.1	699	2	2
0.1	25	24	2
0.1	701	23	2
0.1	26	702	2
0.1	28	27	2
0.1	32	31	4
0.1	34	33	4
0.1	706	705	4
0.1	707	30	4
0.1	708	29	4
0.1	37	36	4
0.1	710	35	4
0.1	38	711	4
0.1	39	712	4
0.1	42	41	4
0.1	714	40	4
0.1	44	43	4
0.1	47	46	4
0.1	48	717	4
0.1	718	45	4
0.1	719	716	4
0.1	720	715	4
0.1	721	713	4
0.1	722	709	4
0.1	51	50	5
0.1	724	49	5
0.1	53	52	5
0.1	54	726	5
0.1	59	58	5
0.1	60	728	5
0.1	61	729	5
0.1	730	57	5
0.1	731	56	5
0.1	732	55	5
0.1	733	727	5
0.1	734	725	5
0.1	63	62	5
0.1	64	736	5
0.1	66	65	5
0.1	738	737	5
0.1	68	67	5
0.1	740	739	5
0.1	741	735	5
0.1	742	723	4
0.1	71	70	6
0.1	73	72	6
0.1	76	75	6
0.1	746	74	6
0.1	747	745	6
0.1	748	744	6
0.1	79	78	6
0.1	750	77	6
0.1	82	81	6
0.1	752	80	6
0.1	85	84	6
0.1	87	86	6
0.1	88	755	6
0.1	756	754	6
0.1	757	83	6
0.1	758	753	6
0.1	759	751	6
0.1	760	749	6
0.1	761	69	6
0.1	762	743	2
0.1	93	92	7
0.1	764	91	7
0.1	765	90	7
0.1	96	95	7
0.1	97	767	7
0.1	768	94	7
0.1	769	766	7
0.1	770	89	7
0.1	101	100	7
0.1	102	772	7
0.1	104	103	7
0.1	774	773	7
0.1	108	107	7
0.1	776	106	7
0.1	777	105	7
0.1	778	775	7
0.1	779	99	7
0.1	780	98	7
0.1	781	771	7
0.1	782	763	2
0.1	783	704	2
0.1	784	703	2
0.1	785	700	2
0.1	110	109	2
0.1	114	113	8
0.1	788	112	8
0.1	789	111	8
0.1	115	790	8
0.1	118	117	8
0.1	792	116	8
0.1	120	119	8
0.1	794	793	8
0.1	795	791	8
0.1	121	796	8
0.1	123	122	8
0.1	125	124	8
0.1	126	799	8
0.1	800	798	8
0.1	130	129	8
0.1	802	128	8
0.1	803	127	8
0.1	804	801	8
0.1	805	797	8
0.1	132	131	9
0.1	135	134	9
0.1	808	133	9
0.1	136	809	9
0.1	810	807	9
0.1	138	137	9
0.1	140	139	9
0.1	813	812	9
0.1	814	811	9
0.1	143	142	9
0.1	816	141	9
0.1	146	145	9
0.1	147	818	9
0.1	819	144	9
0.1	820	817	9
0.1	821	815	9
0.1	149	148	9
0.1	150	823	9
0.1	824	822	9
0.1	825	806	8
0.1	151	826	2
0.1	153	152	10
0.1	156	155	10
0.1	158	157	10
0.1	830	829	10
0.1	831	154	10
0.1	832	828	10
0.1	159	833	10
0.1	161	160	10
0.1	162	835	10
0.1	164	163	10
0.1	166	165	10
0.1	838	837	10
0.1	839	836	10
0.1	168	167	10
0.1	170	169	10
0.1	171	842	10
0.1	843	841	10
0.1	844	840	10
0.1	845	834	10
0.1	173	172	11
0.1	177	176	11
0.1	848	175	11
0.1	179	178	11
0.1	182	181	11
0.1	183	851	11
0.1	184	852	11
0.1	853	180	11
0.1	187	186	11
0.1	855	185	11
0.1	856	854	11
0.1	857	850	11
0.1	858	849	11
0.1	859	174	11
0.1	860	847	11
0.1	190	189	11
0.1	191	862	11
0.1	863	188	11
0.1	864	861	11
0.1	194	193	12
0.1	197	196	12
0.1	867	195	12
0.1	199	198	12
0.1	200	869	12
0.1	201	870	12
0.1	871	868	12
0.1	872	866	12
0.1	873	192	12
0.1	203	202	12
0.1	205	204	12
0.1	206	876	12
0.1	877	875	12
0.1	210	209	12
0.1	211	879	12
0.1	880	208	12
0.1	881	207	12
0.1	882	878	12
0.1	883	874	12
0.1	884	865	10
0.1	885	846	10
0.1	213	212	2
0.1	887	886	2
0.1	888	827	2
0.1	214	889	2
0.1	216	215	2
0.1	891	890	2
0.1	219	218	13
0.1	893	217	13
0.1	221	220	13
0.1	222	895	13
0.1	224	223	13
0.1	226	225	13
0.1	227	898	13
0.1	228	899	13
0.1	900	897	13
0.1	231	230	13
0.1	902	229	13
0.1	903	901	13
0.1	232	904	13
0.1	233	905	13
0.1	906	896	13
0.1	236	235	13
0.1	908	234	13
0.1	909	907	13
0.1	910	894	13
0.1	239	238	14
0.1	912	237	14
0.1	241	240	14
0.1	242	914	14
0.1	244	243	14
0.1	916	915	14
0.1	917	913	14
0.1	247	246	14
0.1	919	245	14
0.1	249	248	14
0.1	251	250	14
0.1	254	253	14
0.1	923	252	14
0.1	924	922	14
0.1	925	921	14
0.1	926	920	14
0.1	927	918	14
0.1	256	255	14
0.1	929	928	14
0.1	259	258	15
0.1	931	257	15
0.1	261	260	15
0.1	263	262	15
0.1	934	933	15
0.1	264	935	15
0.1	268	267	15
0.1	937	266	15
0.1	938	265	15
0.1	269	939	15
0.1	270	940	15
0.1	941	936	15
0.1	271	942	15
0.1	272	943	15
0.1	274	273	15
0.1	275	945	15
0.1	276	946	15
0.1	947	944	15
0.1	948	932	15
0.1	949	930	15
0.1	950	911	15
0.1	278	277	2
0.1	952	951	2
0.1	286	285	16
0.1	954	284	16
0.1	955	283	16
0.1	288	287	16
0.1	291	290	16
0.1	292	958	16
0.1	959	289	16
0.1	960	957	16
0.1	295	294	16
0.1	962	293	16
0.1	299	298	16
0.1	964	297	16
0.1	301	300	16
0.1	966	965	16
0.1	967	296	16
0.1	968	963	16
0.1	969	961	16
0.1	970	956	16
0.1	971	282	16
0.1	305	304	17
0.1	307	306	17
0.1	308	974	17
0.1	975	973	17
0.1	976	303	17
0.1	977	302	17
0.1	311	310	17
0.1	979	309	17
0.1	980	978	17
0.1	313	312	17
0.1	315	314	17
0.1	318	317	17
0.1	320	319	17
0.1	985	984	17
0.1	986	316	17
0.1	987	983	17
0.1	988	982	17
0.1	989	981	17
0.1	321	990	17
0.1	324	323	18
0.1	329	328	18
0.1	993	327	18
0.1	330	994	18
0.1	995	326	18
0.1	332	331	18
0.1	334	333	18
0.1	998	997	18
0.1	335	999	18
0.1	1000	996	18
0.1	1001	325	18
0.1	1002	992	18
0.1	1003	322	18
0.1	337	336	18
0.1	340	339	18
0.1	1006	338	18
0.1	341	1007	18
0.1	1008	1005	18
0.1	1009	1004	18
0.1	1010	991	17
0.1	1011	972	19
0.1	344	343	19
0.1	347	346	19
0.1	349	348	19
0.1	1015	1014	19
0.1	350	1016	19
0.1	1017	345	19
0.1	352	351	19
0.1	1019	1018	19
0.1	353	1020	19
0.1	355	354	19
0.1	356	1022	19
0.1	1023	1021	19
0.1	1024	1013	19
0.1	1025	342	19
0.1	358	357	19
0.1	360	359	19
0.1	361	1028	19
0.1	1029	1027	19
0.1	1030	1026	19
0.1	1031	1012	19
0.1	1032	281	2
0.1	1033	280	2
0.1	1034	279	2
0.1	1035	953	2
0.1	1036	892	2
0.1	1037	787	2
0.1	1038	786	2
0.1	362	1039	1
0.1	1040	1	1
0.1	366	365	1
0.1	1042	364	1
0.1	367	1043	1
0.1	1044	363	1
0.1	368	1045	1
0.1	1046	1041	1
0.1	372	371	20
0.1	374	373	20
0.1	376	375	20
0.1	1050	1049	20
0.1	1051	1048	20
0.1	380	379	20
0.1	1053	378	20
0.1	381	1054	20
0.1	1055	377	20
0.1	383	382	20
0.1	386	385	20
0.1	1058	384	20
0.1	1059	1057	20
0.1	389	388	21
0.1	1061	387	21
0.1	392	391	21
0.1	393	1063	21
0.1	394	1064	21
0.1	1065	390	21
0.1	397	396	21
0.1	400	399	21
0.1	1068	398	21
0.1	1069	1067	21
0.1	401	1070	21
0.1	402	1071	21
0.1	1072	395	21
0.1	1073	1066	21
0.1	405	404	21
0.1	406	1075	21
0.1	1076	403	21
0.1	1077	1074	21
0.1	1078	1062	21
0.1	407	1079	20
0.1	409	408	20
0.1	1081	1080	20
0.1	1082	1060	20
0.1	1083	1056	20
0.1	1084	1052	20
0.1	410	1085	20
0.1	1086	370	1
0.1	412	411	22
0.1	415	414	22
0.1	1089	413	22
0.1	418	417	22
0.1	1091	416	22
0.1	1092	1090	22
0.1	1093	1088	22
0.1	420	419	22
0.1	424	423	22
0.1	1096	422	22
0.1	1097	421	22
0.1	1098	1095	22
0.1	427	426	22
0.1	1100	425	22
0.1	430	429	22
0.1	1102	428	22
0.1	1103	1101	22
0.1	1104	1099	22
0.1	1105	1094	22
0.1	1106	1087	1
0.1	1107	369	1
0.1	432	431	23
0.1	437	436	23
0.1	438	1110	23
0.1	1111	435	23
0.1	1112	434	23
0.1	1113	433	23
0.1	1114	1109	23
0.1	440	439	23
0.1	442	441	23
0.1	1117	1116	23
0.1	444	443	23
0.1	1119	1118	23
0.1	1120	1115	23
0.1	446	445	23
0.1	448	447	23
0.1	1123	1122	23
0.1	1124	1121	23
0.1	450	449	24
0.1	452	451	24
0.1	1127	1126	24
0.1	454	453	24
0.1	1129	1128	24
0.1	456	455	23
0.1	1131	1130	23
0.1	459	458	26
0.1	462	461	26
0.1	1134	460	26
0.1	1135	1133	26
0.1	464	463	26
0.1	466	465	26
0.1	468	467	26
0.1	1139	1138	26
0.1	1140	1137	26
0.1	1141	1136	26
0.1	471	470	26
0.1	1143	469	26
0.1	474	473	26
0.1	1145	472	26
0.1	475	1146	26
0.1	1147	1144	26
0.1	477	476	26
0.1	1149	1148	26
0.1	1150	1142	26
0.1	478	1151	25
0.1	479	1152	25
0.1	1153	457	25
0.1	482	481	25
0.1	484	483	25
0.1	1156	1155	25
0.1	1157	480	25
0.1	486	485	25
0.1	487	1159	25
0.1	1160	1158	25
0.1	489	488	25
0.1	490	1162	25
0.1	492	491	25
0.1	1164	1163	25
0.1	494	493	27
0.1	499	498	27
0.1	1167	497	27
0.1	1168	496	27
0.1	1169	495	27
0.1	1170	1166	27
0.1	501	500	27
0.1	506	505	28
0.1	507	1173	28
0.1	1174	504	28
0.1	509	508	28
0.1	1176	1175	28
0.1	510	1177	28
0.1	1178	503	28
0.1	513	512	28
0.1	1180	511	28
0.1	514	1181	28
0.1	516	515	28
0.1	520	519	28
0.1	1184	518	28
0.1	1185	517	28
0.1	1186	1183	28
0.1	521	1187	28
0.1	1188	1182	28
0.1	1189	1179	28
0.1	1190	502	28
0.1	1191	1172	27
0.1	524	523	27
0.1	526	525	27
0.1	1194	1193	27
0.1	1195	522	27
0.1	1196	1192	27
0.1	1197	1171	27
0.1	531	530	29
0.1	533	532	29
0.1	534	1200	29
0.1	1201	1199	29
0.1	535	1202	29
0.1	538	537	29
0.1	539	1204	29
0.1	1205	536	29
0.1	540	1206	29
0.1	1207	1203	29
0.1	1208	529	29
0.1	543	542	29
0.1	1210	541	29
0.1	546	545	29
0.1	1212	544	29
0.1	1213	1211	29
0.1	548	547	29
0.1	1215	1214	29
0.1	1216	1209	29
0.1	1217	528	27
0.1	550	549	27
0.1	1219	1218	27
0.1	552	551	27
0.1	555	554	30
0.1	557	556	30
0.1	559	558	30
0.1	1224	1223	30
0.1	1225	1222	30
0.1	560	1226	30
0.1	1227	553	30
0.1	564	563	30
0.1	1229	562	30
0.1	1230	561	30
0.1	1231	1228	30
0.1	570	569	30
0.1	1233	568	30
0.1	1234	567	30
0.1	1235	566	30
0.1	572	571	30
0.1	1237	1236	30
0.1	1238	565	30
0.1	1239	1232	30
0.1	1240	1221	27
0.1	1241	1220	27
0.1	1242	527	27
0.1	1243	1198	27
0.1	1244	1165	25
0.1	1245	1161	25
0.1	1246	1154	25
0.1	574	573	31
0.1	577	576	31
0.1	581	580	31
0.1	1250	579	31
0.1	1251	578	31
0.1	584	583	31
0.1	1253	582	31
0.1	1254	1252	31
0.1	586	585	31
0.1	587	1256	31
0.1	588	1257	31
0.1	1258	1255	31
0.1	1259	1249	31
0.1	1260	575	31
0.1	589	1261	31
0.1	1262	1248	31
0.1	591	590	31
0.1	592	1264	31
0.1	596	595	24
0.1	1266	594	24
0.1	599	598	24
0.1	1268	597	24
0.1	600	1269	24
0.1	1270	1267	24
0.1	601	1271	24
0.1	1272	593	24
0.1	603	602	24
0.1	604	1274	24
0.1	606	605	24
0.1	1276	1275	24
0.1	1277	1273	24
0.1	1278	1265	31
0.1	1279	1263	31
0.1	610	609	25
0.1	1281	608	25
0.1	1282	607	25
0.1	1283	1280	25
0.1	1284	1247	25
0.1	1285	1132	23
0.1	1286	1125	23
0.1	1287	1108	1
0.1	612	611	1
0.1	614	613	32
0.1	616	615	33
0.1	619	618	33
0.1	620	1292	33
0.1	1293	617	33
0.1	621	1294	33
0.1	624	623	33
0.1	1296	622	33
0.1	1297	1295	33
0.1	627	626	33
0.1	1299	625	33
0.1	629	628	33
0.1	631	630	33
0.1	1302	1301	33
0.1	1303	1300	33
0.1	1304	1298	33
0.1	634	633	33
0.1	1306	632	33
0.1	1307	1305	33
0.1	1308	1291	33
0.1	635	1309	32
0.1	1310	1290	32
0.1	639	638	32
0.1	641	640	32
0.1	1313	1312	32
0.1	643	642	32
0.1	1315	1314	32
0.1	1316	637	32
0.1	1317	636	32
0.1	1318	1311	32
0.1	645	644	32
0.1	647	646	32
0.1	1321	1320	32
0.1	649	648	32
0.1	1323	1322	32
0.1	651	650	32
0.1	654	653	34
0.1	657	656	34
0.1	658	1327	34
0.1	1328	655	34
0.1	659	1329	34
0.1	661	660	34
0.1	1331	1330	34
0.1	1332	1326	34
0.1	663	662	34
0.1	664	1334	34
0.1	666	665	34
0.1	667	1336	34
0.1	1337	1335	34
0.1	668	1338	34
0.1	672	671	34
0.1	1340	670	34
0.1	1341	669	34
0.1	1342	1339	34
0.1	1343	1333	34
0.1	1344	652	32
0.1	1345	1325	32
0.1	1346	1324	32
0.1	1347	1319	32
0.1	674	673	1
0.1	675	1349	1
0.1	1350	1348	1
0.1	676	1351	1
0.1	1352	1289	1
0.1	680	679	1
0.1	1354	678	1
0.1	1355	677	1
0.1	1356	1353	1
0.1	1357	1288	1
0.1	1358	1047	1
