1	0	0	1
1	0	0	1
1	0	0	1
1	0	0	1
1	0	0	2
1	0	0	2
1	0	0	2
1	0	0	2
1	0	0	2
1	0	0	2
1	0	0	2
1	0	0	2
1	0	0	2
1	0	0	2
1	0	0	3
1	0	0	3
1	0	0	3
1	0	0	3
1	0	0	3
1	0	0	4
1	0	0	4
1	0	0	4
1	0	0	4
1	0	0	5
1	0	0	5
1	0	0	5
1	0	0	5
1	0	0	5
1	0	0	5
1	0	0	6
1	0	0	6
1	0	0	6
1	0	0	6
1	0	0	6
1	0	0	6
1	0	0	7
1	0	0	7
1	0	0	7
1	0	0	7
1	0	0	7
1	0	0	7
1	0	0	7
1	0	0	7
1	0	0	7
1	0	0	7
1	0	0	6
1	0	0	6
1	0	0	6
1	0	0	6
1	0	0	5
1	0	0	5
1	0	0	5
1	0	0	5
1	0	0	4
1	0	0	8
1	0	0	8
1	0	0	8
1	0	0	8
1	0	0	8
1	0	0	8
1	0	0	8
1	0	0	8
1	0	0	8
1	0	0	8
1	0	0	9
1	0	0	9
1	0	0	9
1	0	0	9
1	0	0	9
1	0	0	9
1	0	0	9
1	0	0	9
1	0	0	9
1	0	0	9
1	0	0	4
1	0	0	4
1	0	0	4
1	0	0	1
1	0	0	1
1	0	0	1
1	0	0	1
1	0	0	1
1	0	0	1
1	0	0	3
1	0	0	4
1	0	0	4
1	0	0	10
1	0	0	10
1	0	0	10
1	0	0	10
1	0	0	10
1	0	0	10
1	0	0	10
1	0	0	10
1	0	0	10
1	0	0	10
1	0	0	11
1	0	0	11
1	0	0	11
1	0	0	11
1	0	0	11
1	0	0	11
1	0	0	11
1	0	0	11
1	0	0	11
1	0	0	11
1	0	0	12
1	0	0	12
1	0	0	12
1	0	0	12
1	0	0	12
1	0	0	12
1	0	0	12
1	0	0	12
1	0	0	12
1	0	0	12
1	0	0	3
1	0	0	3
1	0	0	3
1	0	0	13
1	0	0	13
1	0	0	13
1	0	0	13
1	0	0	13
1	0	0	13
1	0	0	13
1	0	0	13
1	0	0	13
1	0	0	13
1	0	0	14
1	0	0	14
1	0	0	14
1	0	0	14
1	0	0	14
1	0	0	14
1	0	0	14
1	0	0	14
1	0	0	14
1	0	0	14
1	0	0	15
1	0	0	15
1	0	0	15
1	0	0	15
1	0	0	15
1	0	0	15
1	0	0	15
1	0	0	15
1	0	0	15
1	0	0	15
1	0	0	16
1	0	0	16
1	0	0	16
1	0	0	16
1	0	0	16
1	0	0	16
1	0	0	16
1	0	0	16
1	0	0	16
1	0	0	16
1	0	0	17
1	0	0	17
1	0	0	18
1	0	0	18
1	0	0	18
1	0	0	18
1	0	0	18
1	0	0	18
1	0	0	18
1	0	0	18
1	0	0	18
1	0	0	18
1	0	0	17
1	0	0	17
1	0	0	17
1	0	0	17
1	0	0	17
1	0	0	17
1	0	0	17
1	0	0	17
1	0	0	3
1	0	0	19
1	0	0	19
1	0	0	19
1	0	0	19
1	0	0	19
1	0	0	19
1	0	0	19
1	0	0	19
1	0	0	19
1	0	0	19
1	0	0	20
1	0	0	20
1	0	0	20
1	0	0	20
1	0	0	20
1	0	0	20
1	0	0	21
1	0	0	22
1	0	0	22
1	0	0	22
1	0	0	22
1	0	0	22
1	0	0	22
1	0	0	22
1	0	0	22
1	0	0	23
1	0	0	23
1	0	0	24
1	0	0	24
1	0	0	24
1	0	0	24
1	0	0	24
1	0	0	24
1	0	0	24
1	0	0	24
1	0	0	24
1	0	0	24
1	0	0	25
1	0	0	25
1	0	0	25
1	0	0	25
1	0	0	25
1	0	0	25
1	0	0	25
1	0	0	25
1	0	0	26
1	0	0	26
1	0	0	26
1	0	0	26
1	0	0	26
1	0	0	26
1	0	0	26
1	0	0	26
1	0	0	26
1	0	0	26
1	0	0	25
1	0	0	25
1	0	0	23
1	0	0	23
1	0	0	23
1	0	0	27
1	0	0	27
1	0	0	27
1	0	0	27
1	0	0	27
1	0	0	27
1	0	0	27
1	0	0	27
1	0	0	27
1	0	0	27
1	0	0	23
1	0	0	23
1	0	0	22
1	0	0	22
1	0	0	28
1	0	0	28
1	0	0	28
1	0	0	28
1	0	0	28
1	0	0	28
1	0	0	28
1	0	0	28
1	0	0	28
1	0	0	28
1	0	0	29
1	0	0	29
1	0	0	29
1	0	0	30
1	0	0	30
1	0	0	30
1	0	0	30
1	0	0	30
1	0	0	30
1	0	0	30
1	0	0	30
1	0	0	30
1	0	0	30
1	0	0	29
1	0	0	29
1	0	0	29
1	0	0	29
1	0	0	29
1	0	0	29
1	0	0	29
1	0	0	31
1	0	0	31
1	0	0	31
1	0	0	31
1	0	0	31
1	0	0	31
1	0	0	31
1	0	0	31
1	0	0	31
1	0	0	31
1	0	0	32
1	0	0	32
1	0	0	32
1	0	0	32
1	0	0	32
1	0	0	32
1	0	0	32
1	0	0	32
1	0	0	32
1	0	0	32
1	0	0	23
1	0	0	23
1	0	0	23
1	0	0	33
1	0	0	33
1	0	0	33
1	0	0	33
1	0	0	33
1	0	0	33
1	0	0	33
1	0	0	33
1	0	0	33
1	0	0	33
1	0	0	21
1	0	0	21
1	0	0	21
1	0	0	21
1	0	0	21
1	0	0	21
1	0	0	21
1	0	0	21
1	0	0	21
1	0	0	20
1	0	0	20
1	0	0	20
1	0	0	20
0.1	2	1	1
0.1	3	331	1
0.1	4	332	1
0.1	6	5	2
0.1	10	9	2
0.1	335	8	2
0.1	336	7	2
0.1	11	337	2
0.1	14	13	2
0.1	339	12	2
0.1	340	338	2
0.1	341	334	2
0.1	342	333	1
0.1	18	17	3
0.1	344	16	3
0.1	345	15	3
0.1	19	346	3
0.1	21	20	4
0.1	23	22	4
0.1	349	348	4
0.1	27	26	5
0.1	351	25	5
0.1	352	24	5
0.1	28	353	5
0.1	31	30	6
0.1	35	34	6
0.1	356	33	6
0.1	357	32	6
0.1	358	355	6
0.1	37	36	7
0.1	41	40	7
0.1	361	39	7
0.1	42	362	7
0.1	363	38	7
0.1	45	44	7
0.1	365	43	7
0.1	366	364	7
0.1	367	360	7
0.1	49	48	6
0.1	369	47	6
0.1	370	46	6
0.1	371	368	6
0.1	372	359	6
0.1	373	29	5
0.1	52	51	5
0.1	375	50	5
0.1	53	376	5
0.1	377	374	5
0.1	378	354	5
0.1	379	350	4
0.1	59	58	8
0.1	381	57	8
0.1	382	56	8
0.1	383	55	8
0.1	61	60	8
0.1	385	384	8
0.1	64	63	8
0.1	387	62	8
0.1	388	386	8
0.1	67	66	9
0.1	390	65	9
0.1	69	68	9
0.1	70	392	9
0.1	72	71	9
0.1	394	393	9
0.1	395	391	9
0.1	74	73	9
0.1	397	396	9
0.1	398	389	8
0.1	399	54	4
0.1	400	380	4
0.1	76	75	4
0.1	77	402	4
0.1	403	401	4
0.1	80	79	1
0.1	82	81	1
0.1	406	405	1
0.1	407	78	1
0.1	83	408	1
0.1	86	85	4
0.1	410	84	4
0.1	411	409	4
0.1	412	404	4
0.1	413	347	3
0.1	414	343	3
0.1	89	88	10
0.1	416	87	10
0.1	91	90	10
0.1	418	417	10
0.1	93	92	10
0.1	95	94	10
0.1	421	420	10
0.1	96	422	10
0.1	423	419	10
0.1	424	415	3
0.1	100	99	11
0.1	102	101	11
0.1	103	427	11
0.1	104	428	11
0.1	106	105	11
0.1	430	429	11
0.1	431	426	11
0.1	432	98	11
0.1	433	97	11
0.1	108	107	12
0.1	110	109	12
0.1	436	435	12
0.1	112	111	12
0.1	116	115	12
0.1	439	114	12
0.1	440	113	12
0.1	441	438	12
0.1	442	437	12
0.1	123	122	13
0.1	444	121	13
0.1	125	124	13
0.1	446	445	13
0.1	447	120	13
0.1	127	126	13
0.1	129	128	13
0.1	450	449	13
0.1	451	448	13
0.1	452	119	3
0.1	453	118	3
0.1	454	117	3
0.1	455	443	3
0.1	133	132	14
0.1	457	131	14
0.1	458	130	14
0.1	135	134	14
0.1	137	136	14
0.1	138	461	14
0.1	139	462	14
0.1	463	460	14
0.1	464	459	14
0.1	142	141	15
0.1	466	140	15
0.1	144	143	15
0.1	146	145	15
0.1	469	468	15
0.1	470	467	15
0.1	149	148	15
0.1	472	147	15
0.1	473	471	15
0.1	155	154	16
0.1	475	153	16
0.1	476	152	16
0.1	477	151	16
0.1	156	478	16
0.1	479	150	16
0.1	158	157	16
0.1	159	481	16
0.1	482	480	16
0.1	161	160	17
0.1	163	162	18
0.1	164	485	18
0.1	168	167	18
0.1	487	166	18
0.1	488	165	18
0.1	489	486	18
0.1	170	169	18
0.1	171	491	18
0.1	492	490	18
0.1	493	484	17
0.1	173	172	17
0.1	174	495	17
0.1	175	496	17
0.1	179	178	17
0.1	498	177	17
0.1	499	176	17
0.1	500	497	17
0.1	501	494	17
0.1	502	483	15
0.1	503	474	15
0.1	504	465	3
0.1	180	505	3
0.1	506	456	3
0.1	507	434	3
0.1	508	425	3
0.1	182	181	19
0.1	184	183	19
0.1	186	185	19
0.1	512	511	19
0.1	513	510	19
0.1	188	187	19
0.1	190	189	19
0.1	516	515	19
0.1	517	514	19
0.1	194	193	20
0.1	519	192	20
0.1	520	191	20
0.1	196	195	20
0.1	522	521	20
0.1	523	518	20
0.1	197	524	20
0.1	199	198	22
0.1	202	201	22
0.1	527	200	22
0.1	204	203	22
0.1	205	529	22
0.1	530	528	22
0.1	531	526	22
0.1	212	211	24
0.1	213	533	24
0.1	215	214	24
0.1	535	534	24
0.1	217	216	24
0.1	537	536	24
0.1	538	210	24
0.1	539	209	24
0.1	540	208	24
0.1	541	207	23
0.1	219	218	25
0.1	222	221	25
0.1	544	220	25
0.1	225	224	25
0.1	227	226	26
0.1	230	229	26
0.1	231	548	26
0.1	549	228	26
0.1	232	550	26
0.1	234	233	26
0.1	235	552	26
0.1	553	551	26
0.1	554	547	26
0.1	237	236	25
0.1	556	555	25
0.1	557	546	25
0.1	558	223	25
0.1	559	545	25
0.1	560	543	25
0.1	238	561	23
0.1	562	542	23
0.1	563	206	23
0.1	243	242	27
0.1	565	241	27
0.1	246	245	27
0.1	247	567	27
0.1	568	244	27
0.1	569	566	27
0.1	249	248	27
0.1	250	571	27
0.1	572	570	27
0.1	252	251	23
0.1	574	573	23
0.1	575	240	23
0.1	576	239	23
0.1	577	564	23
0.1	578	532	23
0.1	254	253	22
0.1	256	255	28
0.1	259	258	28
0.1	582	257	28
0.1	261	260	28
0.1	584	583	28
0.1	264	263	28
0.1	586	262	28
0.1	587	585	28
0.1	266	265	29
0.1	271	270	30
0.1	590	269	30
0.1	591	268	30
0.1	274	273	30
0.1	593	272	30
0.1	277	276	30
0.1	595	275	30
0.1	596	594	30
0.1	597	592	30
0.1	598	267	29
0.1	599	589	29
0.1	279	278	29
0.1	281	280	29
0.1	284	283	29
0.1	603	282	29
0.1	604	602	29
0.1	605	601	29
0.1	288	287	31
0.1	607	286	31
0.1	291	290	31
0.1	292	609	31
0.1	610	289	31
0.1	294	293	31
0.1	612	611	31
0.1	613	608	31
0.1	614	285	31
0.1	299	298	32
0.1	616	297	32
0.1	617	296	32
0.1	618	295	32
0.1	302	301	32
0.1	620	300	32
0.1	304	303	32
0.1	622	621	32
0.1	623	619	32
0.1	624	615	29
0.1	625	606	29
0.1	626	600	29
0.1	627	588	28
0.1	628	581	28
0.1	305	629	23
0.1	309	308	33
0.1	311	310	33
0.1	632	631	33
0.1	313	312	33
0.1	315	314	33
0.1	316	635	33
0.1	636	634	33
0.1	637	633	33
0.1	317	638	33
0.1	639	307	23
0.1	640	306	23
0.1	641	630	23
0.1	642	580	23
0.1	643	579	23
0.1	320	319	21
0.1	321	645	21
0.1	323	322	21
0.1	647	646	21
0.1	648	318	21
0.1	324	649	21
0.1	326	325	21
0.1	651	650	21
0.1	652	644	21
0.1	329	328	20
0.1	330	654	20
0.1	655	327	20
0.1	656	653	20
0.1	657	525	20
0.1	658	509	20
