1	0	0	1
1	0	0	1
1	0	0	1
1	0	0	1
1	0	0	1
1	0	0	2
1	0	0	2
1	0	0	2
1	0	0	2
1	0	0	2
1	0	0	2
1	0	0	2
1	0	0	2
1	0	0	2
1	0	0	2
1	0	0	1
1	0	0	1
1	0	0	1
1	0	0	1
1	0	0	1
1	0	0	3
1	0	0	3
1	0	0	3
1	0	0	3
1	0	0	3
1	0	0	3
1	0	0	3
1	0	0	3
1	0	0	3
1	0	0	3
1	0	0	4
1	0	0	5
1	0	0	5
1	0	0	6
1	0	0	6
1	0	0	6
1	0	0	6
1	0	0	6
1	0	0	6
1	0	0	6
1	0	0	6
1	0	0	6
1	0	0	6
1	0	0	5
1	0	0	5
1	0	0	5
1	0	0	5
1	0	0	5
1	0	0	5
1	0	0	5
1	0	0	5
1	0	0	4
1	0	0	4
1	0	0	4
1	0	0	7
1	0	0	7
1	0	0	8
1	0	0	8
1	0	0	8
1	0	0	8
1	0	0	8
1	0	0	8
1	0	0	9
1	0	0	8
1	0	0	9
1	0	0	9
1	0	0	9
1	0	0	9
1	0	0	9
1	0	0	9
1	0	0	9
1	0	0	9
1	0	0	9
1	0	0	8
1	0	0	8
1	0	0	8
1	0	0	10
1	0	0	10
1	0	0	10
1	0	0	10
1	0	0	10
1	0	0	10
1	0	0	11
1	0	0	11
1	0	0	11
1	0	0	11
1	0	0	11
1	0	0	11
1	0	0	11
1	0	0	11
1	0	0	11
1	0	0	11
1	0	0	10
1	0	0	10
1	0	0	10
1	0	0	10
1	0	0	12
1	0	0	12
1	0	0	12
1	0	0	12
1	0	0	12
1	0	0	13
1	0	0	13
1	0	0	13
1	0	0	13
1	0	0	13
1	0	0	13
1	0	0	13
1	0	0	13
1	0	0	13
1	0	0	13
1	0	0	12
1	0	0	12
1	0	0	12
1	0	0	12
1	0	0	14
1	0	0	14
1	0	0	14
1	0	0	15
1	0	0	15
1	0	0	15
1	0	0	15
1	0	0	15
1	0	0	15
1	0	0	15
1	0	0	15
1	0	0	15
1	0	0	15
1	0	0	14
1	0	0	14
1	0	0	14
1	0	0	14
1	0	0	14
1	0	0	14
1	0	0	14
1	0	0	12
1	0	0	7
1	0	0	7
1	0	0	7
1	0	0	7
1	0	0	7
1	0	0	7
1	0	0	7
1	0	0	7
1	0	0	4
1	0	0	4
1	0	0	4
1	0	0	4
1	0	0	4
1	0	0	4
1	0	0	16
1	0	0	16
1	0	0	16
1	0	0	16
1	0	0	16
1	0	0	16
1	0	0	17
1	0	0	17
1	0	0	17
1	0	0	17
1	0	0	17
1	0	0	17
1	0	0	17
1	0	0	17
1	0	0	17
1	0	0	17
1	0	0	16
1	0	0	16
1	0	0	16
1	0	0	16
1	0	0	18
1	0	0	18
1	0	0	18
1	0	0	18
1	0	0	18
1	0	0	19
1	0	0	19
1	0	0	19
1	0	0	19
1	0	0	19
1	0	0	19
1	0	0	19
1	0	0	20
1	0	0	20
1	0	0	20
1	0	0	20
1	0	0	20
1	0	0	20
1	0	0	20
1	0	0	20
1	0	0	20
1	0	0	20
1	0	0	19
1	0	0	19
1	0	0	19
1	0	0	18
1	0	0	21
1	0	0	21
1	0	0	21
1	0	0	21
1	0	0	22
1	0	0	22
1	0	0	22
1	0	0	22
1	0	0	22
1	0	0	22
1	0	0	22
1	0	0	23
1	0	0	23
1	0	0	23
1	0	0	23
1	0	0	23
1	0	0	23
1	0	0	23
1	0	0	23
1	0	0	23
1	0	0	23
1	0	0	22
1	0	0	22
1	0	0	22
1	0	0	24
1	0	0	24
1	0	0	24
1	0	0	24
1	0	0	24
1	0	0	24
1	0	0	24
1	0	0	24
1	0	0	24
1	0	0	24
1	0	0	21
1	0	0	21
1	0	0	21
1	0	0	21
1	0	0	21
1	0	0	21
1	0	0	18
1	0	0	18
1	0	0	18
1	0	0	25
1	0	0	25
1	0	0	25
1	0	0	25
1	0	0	25
1	0	0	25
1	0	0	26
1	0	0	26
1	0	0	26
1	0	0	26
1	0	0	26
1	0	0	26
1	0	0	26
1	0	0	26
1	0	0	26
1	0	0	26
1	0	0	25
1	0	0	25
1	0	0	25
1	0	0	25
1	0	0	18
0.1	2	1	1
0.1	7	6	2
0.1	9	8	2
0.1	10	263	2
0.1	264	262	2
0.1	11	265	2
0.1	15	14	2
0.1	267	13	2
0.1	268	12	2
0.1	269	266	2
0.1	270	5	1
0.1	271	4	1
0.1	17	16	1
0.1	19	18	1
0.1	274	273	1
0.1	275	272	1
0.1	276	3	1
0.1	277	261	1
0.1	22	21	3
0.1	23	279	3
0.1	280	20	3
0.1	26	25	3
0.1	282	24	3
0.1	29	28	3
0.1	284	27	3
0.1	30	285	3
0.1	286	283	3
0.1	287	281	3
0.1	288	278	4
0.1	31	289	4
0.1	33	32	5
0.1	36	35	6
0.1	37	292	6
0.1	38	293	6
0.1	294	34	6
0.1	39	295	6
0.1	43	42	6
0.1	297	41	6
0.1	298	40	6
0.1	299	296	6
0.1	45	44	5
0.1	301	300	5
0.1	46	302	5
0.1	303	291	5
0.1	50	49	5
0.1	51	305	5
0.1	306	48	5
0.1	307	47	5
0.1	308	304	5
0.1	53	52	4
0.1	310	309	4
0.1	311	290	4
0.1	59	58	8
0.1	61	60	8
0.1	64	63	8
0.1	315	62	8
0.1	69	68	9
0.1	317	67	9
0.1	318	66	9
0.1	319	65	9
0.1	71	70	9
0.1	73	72	9
0.1	322	321	9
0.1	323	320	9
0.1	74	324	8
0.1	75	325	8
0.1	76	326	8
0.1	79	78	10
0.1	328	77	10
0.1	81	80	10
0.1	84	83	11
0.1	87	86	11
0.1	332	85	11
0.1	89	88	11
0.1	334	333	11
0.1	91	90	11
0.1	336	335	11
0.1	92	337	11
0.1	338	331	11
0.1	339	82	10
0.1	94	93	10
0.1	95	341	10
0.1	342	340	10
0.1	96	343	10
0.1	344	330	10
0.1	345	329	10
0.1	346	327	8
0.1	347	316	8
0.1	348	314	8
0.1	349	313	8
0.1	350	57	8
0.1	351	56	7
0.1	352	55	7
0.1	99	98	12
0.1	354	97	12
0.1	101	100	12
0.1	103	102	13
0.1	105	104	13
0.1	358	357	13
0.1	107	106	13
0.1	110	109	13
0.1	361	108	13
0.1	362	360	13
0.1	111	363	13
0.1	364	359	13
0.1	114	113	12
0.1	366	112	12
0.1	118	117	14
0.1	368	116	14
0.1	121	120	15
0.1	123	122	15
0.1	125	124	15
0.1	128	127	15
0.1	373	126	15
0.1	374	372	15
0.1	375	371	15
0.1	376	370	15
0.1	377	119	15
0.1	129	378	14
0.1	379	369	14
0.1	132	131	14
0.1	134	133	14
0.1	382	381	14
0.1	383	130	14
0.1	135	384	14
0.1	385	380	14
0.1	136	386	12
0.1	387	115	12
0.1	388	367	12
0.1	389	365	12
0.1	390	356	12
0.1	391	355	12
0.1	138	137	7
0.1	393	392	7
0.1	394	353	7
0.1	139	395	7
0.1	141	140	7
0.1	397	396	7
0.1	144	143	7
0.1	399	142	7
0.1	400	398	7
0.1	401	54	4
0.1	146	145	4
0.1	403	402	4
0.1	149	148	4
0.1	405	147	4
0.1	150	406	4
0.1	407	404	4
0.1	408	312	4
0.1	156	155	16
0.1	410	154	16
0.1	411	153	16
0.1	158	157	17
0.1	161	160	17
0.1	162	414	17
0.1	164	163	17
0.1	166	165	17
0.1	417	416	17
0.1	418	415	17
0.1	419	159	17
0.1	420	413	17
0.1	421	412	16
0.1	169	168	16
0.1	170	423	16
0.1	424	167	16
0.1	425	422	16
0.1	426	152	16
0.1	427	151	16
0.1	171	428	18
0.1	175	174	18
0.1	179	178	19
0.1	180	431	19
0.1	432	177	19
0.1	433	176	19
0.1	181	434	19
0.1	187	186	20
0.1	436	185	20
0.1	189	188	20
0.1	438	437	20
0.1	439	184	20
0.1	191	190	20
0.1	192	441	20
0.1	442	440	20
0.1	443	183	20
0.1	193	444	19
0.1	445	182	19
0.1	195	194	19
0.1	447	446	19
0.1	448	435	19
0.1	449	430	18
0.1	450	173	18
0.1	196	451	18
0.1	452	172	18
0.1	200	199	21
0.1	454	198	21
0.1	455	197	21
0.1	203	202	22
0.1	206	205	22
0.1	207	458	22
0.1	210	209	23
0.1	212	211	23
0.1	461	460	23
0.1	213	462	23
0.1	463	208	23
0.1	215	214	23
0.1	216	465	23
0.1	466	464	23
0.1	217	467	23
0.1	468	459	22
0.1	469	204	22
0.1	470	457	22
0.1	471	201	22
0.1	219	218	22
0.1	224	223	24
0.1	474	222	24
0.1	226	225	24
0.1	228	227	24
0.1	477	476	24
0.1	478	475	24
0.1	479	221	24
0.1	230	229	24
0.1	481	480	24
0.1	482	220	22
0.1	483	473	22
0.1	231	484	21
0.1	232	485	21
0.1	235	234	21
0.1	487	233	21
0.1	236	488	21
0.1	489	486	21
0.1	490	472	21
0.1	491	456	21
0.1	492	453	18
0.1	238	237	18
0.1	494	493	18
0.1	495	429	18
0.1	241	240	25
0.1	243	242	25
0.1	244	498	25
0.1	248	247	26
0.1	251	250	26
0.1	501	249	26
0.1	253	252	26
0.1	255	254	26
0.1	504	503	26
0.1	505	502	26
0.1	506	500	26
0.1	507	246	26
0.1	508	245	25
0.1	509	499	25
0.1	257	256	25
0.1	511	510	25
0.1	259	258	25
0.1	513	512	25
0.1	514	497	25
0.1	515	239	18
0.1	516	496	18
0.1	260	517	18
0.1	518	409	18
