1	0	0	1
1	0	0	1
1	0	0	1
1	0	0	1
1	0	0	1
1	0	0	1
1	0	0	1
1	0	0	1
1	0	0	1
1	0	0	1
1	0	0	1
1	0	0	2
1	0	0	2
1	0	0	2
1	0	0	2
1	0	0	2
1	0	0	2
1	0	0	2
1	0	0	2
1	0	0	2
1	0	0	2
1	0	0	2
1	0	0	2
1	0	0	2
1	0	0	2
1	0	0	2
1	0	0	2
1	0	0	2
1	0	0	2
1	0	0	2
1	0	0	2
1	0	0	3
1	0	0	3
1	0	0	3
1	0	0	3
1	0	0	3
1	0	0	3
1	0	0	3
1	0	0	3
1	0	0	3
1	0	0	3
1	0	0	3
1	0	0	3
1	0	0	3
1	0	0	3
1	0	0	3
1	0	0	3
1	0	0	3
1	0	0	3
1	0	0	3
1	0	0	3
1	0	0	1
1	0	0	1
1	0	0	1
1	0	0	1
1	0	0	1
1	0	0	1
1	0	0	1
1	0	0	1
1	0	0	1
1	0	0	4
1	0	0	4
1	0	0	4
1	0	0	4
1	0	0	4
1	0	0	4
1	0	0	4
1	0	0	4
1	0	0	4
1	0	0	4
1	0	0	4
1	0	0	4
1	0	0	4
1	0	0	4
1	0	0	4
1	0	0	4
1	0	0	4
1	0	0	4
1	0	0	4
1	0	0	4
1	0	0	5
1	0	0	5
1	0	0	5
1	0	0	5
1	0	0	5
1	0	0	6
1	0	0	6
1	0	0	6
1	0	0	6
1	0	0	6
1	0	0	6
1	0	0	6
1	0	0	6
1	0	0	6
1	0	0	6
1	0	0	7
1	0	0	7
1	0	0	7
1	0	0	7
1	0	0	8
1	0	0	8
1	0	0	8
1	0	0	8
1	0	0	8
1	0	0	8
1	0	0	8
1	0	0	8
1	0	0	8
1	0	0	8
1	0	0	8
1	0	0	8
1	0	0	8
1	0	0	8
1	0	0	8
1	0	0	8
1	0	0	8
1	0	0	8
1	0	0	8
1	0	0	8
1	0	0	7
1	0	0	7
1	0	0	7
1	0	0	7
1	0	0	7
1	0	0	7
1	0	0	7
1	0	0	7
1	0	0	7
1	0	0	7
1	0	0	7
1	0	0	7
1	0	0	7
1	0	0	7
1	0	0	7
1	0	0	7
1	0	0	9
1	0	0	9
1	0	0	9
1	0	0	9
1	0	0	9
1	0	0	9
1	0	0	9
1	0	0	9
1	0	0	9
1	0	0	9
1	0	0	9
1	0	0	9
1	0	0	9
1	0	0	9
1	0	0	9
1	0	0	9
1	0	0	9
1	0	0	9
1	0	0	9
1	0	0	9
1	0	0	6
1	0	0	6
1	0	0	6
1	0	0	6
1	0	0	6
1	0	0	6
1	0	0	6
1	0	0	6
1	0	0	6
1	0	0	6
1	0	0	10
1	0	0	10
1	0	0	10
1	0	0	10
1	0	0	10
1	0	0	10
1	0	0	10
1	0	0	10
1	0	0	10
1	0	0	10
1	0	0	10
1	0	0	10
1	0	0	10
1	0	0	10
1	0	0	10
1	0	0	10
1	0	0	10
1	0	0	10
1	0	0	10
1	0	0	10
1	0	0	11
1	0	0	11
1	0	0	11
1	0	0	11
1	0	0	11
1	0	0	11
1	0	0	11
1	0	0	11
1	0	0	11
1	0	0	11
1	0	0	11
1	0	0	11
1	0	0	11
1	0	0	11
1	0	0	11
1	0	0	11
1	0	0	11
1	0	0	11
1	0	0	11
1	0	0	11
1	0	0	12
1	0	0	12
1	0	0	12
1	0	0	12
1	0	0	12
1	0	0	12
1	0	0	12
1	0	0	13
1	0	0	13
1	0	0	13
1	0	0	13
1	0	0	13
1	0	0	13
1	0	0	13
1	0	0	13
1	0	0	13
1	0	0	13
1	0	0	13
1	0	0	13
1	0	0	13
1	0	0	13
1	0	0	13
1	0	0	13
1	0	0	13
1	0	0	13
1	0	0	13
1	0	0	13
1	0	0	12
1	0	0	12
1	0	0	12
1	0	0	12
1	0	0	12
1	0	0	12
1	0	0	12
1	0	0	12
1	0	0	12
1	0	0	12
1	0	0	12
1	0	0	14
1	0	0	15
1	0	0	15
1	0	0	15
1	0	0	15
1	0	0	15
1	0	0	15
1	0	0	15
1	0	0	15
1	0	0	15
1	0	0	15
1	0	0	15
1	0	0	15
1	0	0	15
1	0	0	15
1	0	0	15
1	0	0	15
1	0	0	15
1	0	0	15
1	0	0	15
1	0	0	15
1	0	0	16
1	0	0	16
1	0	0	16
1	0	0	16
1	0	0	16
1	0	0	16
1	0	0	16
1	0	0	16
1	0	0	16
1	0	0	16
1	0	0	16
1	0	0	16
1	0	0	16
1	0	0	16
1	0	0	16
1	0	0	16
1	0	0	16
1	0	0	16
1	0	0	16
1	0	0	16
1	0	0	17
1	0	0	17
1	0	0	17
1	0	0	17
1	0	0	17
1	0	0	17
1	0	0	17
1	0	0	17
1	0	0	17
1	0	0	17
1	0	0	17
1	0	0	17
1	0	0	17
1	0	0	17
1	0	0	17
1	0	0	17
1	0	0	17
1	0	0	17
1	0	0	17
1	0	0	17
1	0	0	14
1	0	0	14
1	0	0	14
1	0	0	14
1	0	0	14
1	0	0	14
1	0	0	14
1	0	0	14
1	0	0	14
1	0	0	18
1	0	0	18
1	0	0	18
1	0	0	18
1	0	0	18
1	0	0	18
1	0	0	18
1	0	0	18
1	0	0	18
1	0	0	18
1	0	0	18
1	0	0	18
1	0	0	18
1	0	0	18
1	0	0	18
1	0	0	18
1	0	0	18
1	0	0	18
1	0	0	18
1	0	0	18
1	0	0	19
1	0	0	19
1	0	0	19
1	0	0	19
1	0	0	19
1	0	0	19
1	0	0	19
1	0	0	19
1	0	0	19
1	0	0	19
1	0	0	19
1	0	0	19
1	0	0	19
1	0	0	19
1	0	0	19
1	0	0	19
1	0	0	19
1	0	0	19
1	0	0	19
1	0	0	19
1	0	0	14
1	0	0	14
1	0	0	20
1	0	0	20
1	0	0	20
1	0	0	20
1	0	0	20
1	0	0	20
1	0	0	20
1	0	0	20
1	0	0	20
1	0	0	20
1	0	0	20
1	0	0	20
1	0	0	20
1	0	0	20
1	0	0	20
1	0	0	20
1	0	0	20
1	0	0	20
1	0	0	20
1	0	0	20
1	0	0	21
1	0	0	22
1	0	0	23
1	0	0	23
1	0	0	23
1	0	0	23
1	0	0	23
1	0	0	23
1	0	0	23
1	0	0	23
1	0	0	23
1	0	0	23
1	0	0	23
1	0	0	23
1	0	0	23
1	0	0	23
1	0	0	23
1	0	0	23
1	0	0	23
1	0	0	23
1	0	0	23
1	0	0	23
1	0	0	22
1	0	0	22
1	0	0	22
1	0	0	22
1	0	0	22
1	0	0	22
1	0	0	22
1	0	0	22
1	0	0	22
1	0	0	22
1	0	0	22
1	0	0	22
1	0	0	22
1	0	0	22
1	0	0	22
1	0	0	22
1	0	0	22
1	0	0	22
1	0	0	22
1	0	0	21
1	0	0	21
1	0	0	21
1	0	0	21
1	0	0	21
1	0	0	21
1	0	0	21
1	0	0	21
1	0	0	21
1	0	0	21
1	0	0	21
1	0	0	21
1	0	0	21
1	0	0	21
1	0	0	21
1	0	0	21
1	0	0	21
1	0	0	21
1	0	0	21
1	0	0	14
1	0	0	14
1	0	0	14
1	0	0	14
1	0	0	14
1	0	0	14
1	0	0	14
1	0	0	14
1	0	0	12
1	0	0	12
1	0	0	24
1	0	0	24
1	0	0	24
1	0	0	24
1	0	0	24
1	0	0	24
1	0	0	24
1	0	0	24
1	0	0	24
1	0	0	24
1	0	0	5
1	0	0	5
1	0	0	5
1	0	0	5
1	0	0	5
1	0	0	24
1	0	0	24
1	0	0	24
1	0	0	24
1	0	0	24
1	0	0	24
1	0	0	24
1	0	0	24
1	0	0	24
1	0	0	24
1	0	0	5
1	0	0	5
1	0	0	5
1	0	0	5
1	0	0	5
1	0	0	5
1	0	0	5
1	0	0	5
1	0	0	25
1	0	0	26
1	0	0	26
1	0	0	26
1	0	0	26
1	0	0	26
1	0	0	26
1	0	0	26
1	0	0	26
1	0	0	26
1	0	0	26
1	0	0	26
1	0	0	26
1	0	0	26
1	0	0	26
1	0	0	26
1	0	0	26
1	0	0	26
1	0	0	26
1	0	0	26
1	0	0	26
1	0	0	25
1	0	0	25
1	0	0	25
1	0	0	25
1	0	0	25
1	0	0	25
1	0	0	25
1	0	0	25
1	0	0	25
1	0	0	25
1	0	0	25
1	0	0	25
1	0	0	25
1	0	0	25
1	0	0	25
1	0	0	25
1	0	0	25
1	0	0	25
1	0	0	25
1	0	0	27
1	0	0	27
1	0	0	27
1	0	0	27
1	0	0	27
1	0	0	27
1	0	0	27
1	0	0	27
1	0	0	27
1	0	0	27
1	0	0	27
1	0	0	27
1	0	0	27
1	0	0	27
1	0	0	27
1	0	0	27
1	0	0	27
1	0	0	27
1	0	0	27
1	0	0	27
1	0	0	28
1	0	0	28
1	0	0	28
1	0	0	28
1	0	0	28
1	0	0	28
1	0	0	28
1	0	0	28
1	0	0	28
1	0	0	28
1	0	0	28
1	0	0	28
1	0	0	28
1	0	0	28
1	0	0	28
1	0	0	28
1	0	0	28
1	0	0	28
1	0	0	28
1	0	0	28
1	0	0	5
1	0	0	5
1	0	0	29
1	0	0	29
1	0	0	29
1	0	0	29
1	0	0	29
1	0	0	29
1	0	0	29
1	0	0	29
1	0	0	29
1	0	0	29
1	0	0	29
1	0	0	29
1	0	0	29
1	0	0	29
1	0	0	29
1	0	0	29
1	0	0	29
1	0	0	29
1	0	0	29
1	0	0	29
1	0	0	30
1	0	0	30
1	0	0	30
1	0	0	30
1	0	0	30
1	0	0	31
1	0	0	31
1	0	0	31
1	0	0	31
1	0	0	31
1	0	0	31
1	0	0	31
1	0	0	31
1	0	0	31
1	0	0	31
1	0	0	31
1	0	0	31
1	0	0	31
1	0	0	31
1	0	0	31
1	0	0	31
1	0	0	31
1	0	0	31
1	0	0	31
1	0	0	31
1	0	0	32
1	0	0	32
1	0	0	32
1	0	0	32
1	0	0	32
1	0	0	32
1	0	0	32
1	0	0	32
1	0	0	32
1	0	0	32
1	0	0	32
1	0	0	32
1	0	0	32
1	0	0	32
1	0	0	32
1	0	0	32
1	0	0	32
1	0	0	32
1	0	0	32
1	0	0	32
1	0	0	30
1	0	0	30
1	0	0	33
1	0	0	33
1	0	0	33
1	0	0	33
1	0	0	33
1	0	0	33
1	0	0	33
1	0	0	33
1	0	0	33
1	0	0	33
1	0	0	33
1	0	0	33
1	0	0	33
1	0	0	33
1	0	0	33
1	0	0	33
1	0	0	33
1	0	0	33
1	0	0	33
1	0	0	33
1	0	0	30
1	0	0	30
1	0	0	30
1	0	0	30
1	0	0	30
1	0	0	30
1	0	0	30
1	0	0	30
1	0	0	30
1	0	0	30
1	0	0	30
1	0	0	30
1	0	0	30
1	0	0	34
1	0	0	34
1	0	0	34
1	0	0	34
1	0	0	34
1	0	0	34
1	0	0	34
1	0	0	34
1	0	0	34
1	0	0	34
1	0	0	34
1	0	0	34
1	0	0	34
1	0	0	34
1	0	0	34
1	0	0	34
1	0	0	34
1	0	0	34
1	0	0	34
1	0	0	34
1	0	0	35
1	0	0	35
1	0	0	35
1	0	0	35
1	0	0	35
1	0	0	35
1	0	0	35
1	0	0	35
1	0	0	35
1	0	0	35
1	0	0	35
1	0	0	35
1	0	0	35
1	0	0	35
1	0	0	35
1	0	0	35
1	0	0	35
1	0	0	35
1	0	0	35
1	0	0	35
1	0	0	36
1	0	0	36
1	0	0	36
1	0	0	36
1	0	0	36
1	0	0	36
1	0	0	36
1	0	0	36
1	0	0	36
1	0	0	36
1	0	0	36
1	0	0	36
1	0	0	36
1	0	0	36
1	0	0	36
1	0	0	36
1	0	0	36
1	0	0	36
1	0	0	36
1	0	0	36
1	0	0	37
1	0	0	37
1	0	0	37
1	0	0	37
1	0	0	37
1	0	0	37
1	0	0	37
1	0	0	37
1	0	0	37
1	0	0	37
1	0	0	37
1	0	0	37
1	0	0	37
1	0	0	37
1	0	0	37
1	0	0	37
1	0	0	37
1	0	0	37
1	0	0	37
1	0	0	37
1	0	0	38
1	0	0	38
1	0	0	39
1	0	0	39
1	0	0	39
1	0	0	39
1	0	0	39
1	0	0	39
1	0	0	39
1	0	0	39
1	0	0	39
1	0	0	39
1	0	0	39
1	0	0	39
1	0	0	39
1	0	0	39
1	0	0	39
1	0	0	39
1	0	0	39
1	0	0	39
1	0	0	39
1	0	0	39
1	0	0	38
1	0	0	38
1	0	0	40
1	0	0	40
1	0	0	40
1	0	0	40
1	0	0	40
1	0	0	40
1	0	0	40
1	0	0	40
1	0	0	40
1	0	0	40
1	0	0	40
1	0	0	40
1	0	0	40
1	0	0	40
1	0	0	40
1	0	0	40
1	0	0	40
1	0	0	40
1	0	0	40
1	0	0	40
1	0	0	41
1	0	0	41
1	0	0	41
1	0	0	41
1	0	0	41
1	0	0	41
1	0	0	41
1	0	0	41
1	0	0	41
1	0	0	41
1	0	0	41
1	0	0	41
1	0	0	41
1	0	0	41
1	0	0	41
1	0	0	41
1	0	0	41
1	0	0	41
1	0	0	41
1	0	0	41
1	0	0	42
1	0	0	42
1	0	0	42
1	0	0	42
1	0	0	42
1	0	0	42
1	0	0	42
1	0	0	42
1	0	0	43
1	0	0	43
1	0	0	43
1	0	0	43
1	0	0	43
1	0	0	43
1	0	0	43
1	0	0	43
1	0	0	43
1	0	0	43
1	0	0	43
1	0	0	43
1	0	0	43
1	0	0	43
1	0	0	43
1	0	0	43
1	0	0	43
1	0	0	43
1	0	0	43
1	0	0	44
1	0	0	44
1	0	0	44
1	0	0	44
1	0	0	44
1	0	0	44
1	0	0	44
1	0	0	44
1	0	0	44
1	0	0	44
1	0	0	44
1	0	0	44
1	0	0	44
1	0	0	44
1	0	0	44
1	0	0	44
1	0	0	44
1	0	0	44
1	0	0	44
1	0	0	44
1	0	0	45
1	0	0	45
1	0	0	45
1	0	0	45
1	0	0	45
1	0	0	45
1	0	0	45
1	0	0	45
1	0	0	45
1	0	0	45
1	0	0	45
1	0	0	45
1	0	0	45
1	0	0	45
1	0	0	45
1	0	0	45
1	0	0	45
1	0	0	45
1	0	0	45
1	0	0	45
1	0	0	43
1	0	0	42
1	0	0	42
1	0	0	42
1	0	0	42
1	0	0	42
1	0	0	42
1	0	0	42
1	0	0	46
1	0	0	46
1	0	0	46
1	0	0	46
1	0	0	46
1	0	0	46
1	0	0	46
1	0	0	46
1	0	0	46
1	0	0	46
1	0	0	46
1	0	0	46
1	0	0	46
1	0	0	46
1	0	0	46
1	0	0	46
1	0	0	46
1	0	0	46
1	0	0	46
1	0	0	46
1	0	0	42
1	0	0	42
1	0	0	42
1	0	0	42
1	0	0	42
1	0	0	47
1	0	0	47
1	0	0	47
1	0	0	47
1	0	0	47
1	0	0	47
1	0	0	47
1	0	0	47
1	0	0	47
1	0	0	47
1	0	0	47
1	0	0	47
1	0	0	47
1	0	0	47
1	0	0	47
1	0	0	47
1	0	0	47
1	0	0	47
1	0	0	47
1	0	0	47
1	0	0	38
1	0	0	38
1	0	0	38
1	0	0	48
1	0	0	48
1	0	0	48
1	0	0	48
1	0	0	48
1	0	0	48
1	0	0	48
1	0	0	48
1	0	0	48
1	0	0	48
1	0	0	48
1	0	0	48
1	0	0	48
1	0	0	48
1	0	0	48
1	0	0	48
1	0	0	48
1	0	0	48
1	0	0	48
1	0	0	48
1	0	0	38
1	0	0	49
1	0	0	49
1	0	0	49
1	0	0	49
1	0	0	49
1	0	0	49
1	0	0	49
1	0	0	49
1	0	0	49
1	0	0	49
1	0	0	49
1	0	0	49
1	0	0	49
1	0	0	49
1	0	0	49
1	0	0	49
1	0	0	49
1	0	0	49
1	0	0	49
1	0	0	49
1	0	0	50
1	0	0	50
1	0	0	50
1	0	0	50
1	0	0	50
1	0	0	50
1	0	0	50
1	0	0	50
1	0	0	50
1	0	0	50
1	0	0	50
1	0	0	50
1	0	0	50
1	0	0	50
1	0	0	50
1	0	0	50
1	0	0	50
1	0	0	50
1	0	0	50
1	0	0	50
1	0	0	38
1	0	0	38
1	0	0	38
1	0	0	38
1	0	0	38
1	0	0	38
1	0	0	38
1	0	0	38
1	0	0	38
1	0	0	38
1	0	0	38
1	0	0	38
1	0	0	51
1	0	0	51
1	0	0	51
1	0	0	51
1	0	0	51
1	0	0	52
1	0	0	52
1	0	0	52
1	0	0	52
1	0	0	52
1	0	0	52
1	0	0	52
1	0	0	52
1	0	0	52
1	0	0	52
1	0	0	52
1	0	0	52
1	0	0	52
1	0	0	52
1	0	0	52
1	0	0	52
1	0	0	52
1	0	0	52
1	0	0	52
1	0	0	52
1	0	0	51
1	0	0	51
1	0	0	51
1	0	0	51
1	0	0	51
1	0	0	51
1	0	0	53
1	0	0	53
1	0	0	53
1	0	0	53
1	0	0	53
1	0	0	53
1	0	0	53
1	0	0	53
1	0	0	53
1	0	0	53
1	0	0	53
1	0	0	53
1	0	0	53
1	0	0	53
1	0	0	53
1	0	0	53
1	0	0	53
1	0	0	53
1	0	0	53
1	0	0	53
1	0	0	51
1	0	0	51
1	0	0	51
1	0	0	51
1	0	0	51
1	0	0	51
1	0	0	51
1	0	0	51
1	0	0	51
1	0	0	54
1	0	0	54
1	0	0	54
1	0	0	54
1	0	0	54
1	0	0	54
1	0	0	54
1	0	0	54
1	0	0	54
1	0	0	54
1	0	0	54
1	0	0	54
1	0	0	54
1	0	0	54
1	0	0	54
1	0	0	54
1	0	0	54
1	0	0	54
1	0	0	54
1	0	0	54
1	0	0	55
1	0	0	55
1	0	0	55
1	0	0	55
1	0	0	55
1	0	0	55
1	0	0	55
1	0	0	55
1	0	0	55
1	0	0	55
1	0	0	55
1	0	0	55
1	0	0	55
1	0	0	55
1	0	0	55
1	0	0	55
1	0	0	55
1	0	0	55
1	0	0	55
1	0	0	55
1	0	0	56
1	0	0	56
1	0	0	56
1	0	0	56
1	0	0	56
1	0	0	56
1	0	0	56
1	0	0	56
1	0	0	56
1	0	0	56
1	0	0	56
1	0	0	56
1	0	0	56
1	0	0	56
1	0	0	56
1	0	0	56
1	0	0	56
1	0	0	56
1	0	0	56
1	0	0	56
1	0	0	57
1	0	0	57
1	0	0	57
1	0	0	57
1	0	0	57
1	0	0	57
1	0	0	57
1	0	0	57
1	0	0	57
1	0	0	57
1	0	0	57
1	0	0	57
1	0	0	57
1	0	0	57
1	0	0	57
1	0	0	57
1	0	0	57
1	0	0	57
1	0	0	57
1	0	0	57
1	0	0	58
1	0	0	58
1	0	0	58
1	0	0	58
1	0	0	58
1	0	0	59
1	0	0	59
1	0	0	59
1	0	0	59
1	0	0	60
1	0	0	60
1	0	0	60
1	0	0	60
1	0	0	60
1	0	0	60
1	0	0	60
1	0	0	60
1	0	0	60
1	0	0	60
1	0	0	60
1	0	0	60
1	0	0	60
1	0	0	60
1	0	0	60
1	0	0	60
1	0	0	60
1	0	0	60
1	0	0	60
1	0	0	60
1	0	0	59
1	0	0	59
1	0	0	59
1	0	0	59
1	0	0	59
1	0	0	59
1	0	0	59
1	0	0	59
1	0	0	59
1	0	0	59
1	0	0	59
1	0	0	59
1	0	0	59
1	0	0	59
1	0	0	59
1	0	0	59
1	0	0	58
1	0	0	58
1	0	0	58
1	0	0	61
1	0	0	61
1	0	0	61
1	0	0	61
1	0	0	61
1	0	0	61
1	0	0	61
1	0	0	61
1	0	0	61
1	0	0	61
1	0	0	61
1	0	0	61
1	0	0	61
1	0	0	61
1	0	0	61
1	0	0	61
1	0	0	61
1	0	0	61
1	0	0	61
1	0	0	61
1	0	0	58
1	0	0	58
1	0	0	58
1	0	0	58
1	0	0	58
1	0	0	58
1	0	0	58
1	0	0	58
1	0	0	58
1	0	0	58
1	0	0	58
1	0	0	58
1	0	0	62
1	0	0	62
1	0	0	62
1	0	0	62
1	0	0	62
1	0	0	62
1	0	0	62
1	0	0	62
1	0	0	62
1	0	0	62
1	0	0	62
1	0	0	62
1	0	0	62
1	0	0	62
1	0	0	62
1	0	0	62
1	0	0	62
1	0	0	63
1	0	0	63
1	0	0	63
1	0	0	63
1	0	0	63
1	0	0	63
1	0	0	63
1	0	0	63
1	0	0	63
1	0	0	63
1	0	0	63
1	0	0	63
1	0	0	63
1	0	0	63
1	0	0	63
1	0	0	63
1	0	0	63
1	0	0	63
1	0	0	63
1	0	0	63
1	0	0	64
1	0	0	64
1	0	0	64
1	0	0	64
1	0	0	64
1	0	0	64
1	0	0	64
1	0	0	64
1	0	0	64
1	0	0	64
1	0	0	64
1	0	0	64
1	0	0	64
1	0	0	64
1	0	0	64
1	0	0	64
1	0	0	64
1	0	0	64
1	0	0	64
1	0	0	64
1	0	0	62
1	0	0	62
1	0	0	62
1	0	0	65
1	0	0	65
1	0	0	65
1	0	0	65
1	0	0	65
1	0	0	65
1	0	0	65
1	0	0	65
1	0	0	65
1	0	0	65
1	0	0	65
1	0	0	66
1	0	0	66
1	0	0	66
1	0	0	66
1	0	0	66
1	0	0	66
1	0	0	66
1	0	0	66
1	0	0	66
1	0	0	66
1	0	0	66
1	0	0	66
1	0	0	66
1	0	0	66
1	0	0	66
1	0	0	66
1	0	0	66
1	0	0	66
1	0	0	66
1	0	0	66
1	0	0	65
1	0	0	65
1	0	0	65
1	0	0	65
1	0	0	65
1	0	0	65
1	0	0	67
1	0	0	67
1	0	0	67
1	0	0	67
1	0	0	67
1	0	0	67
1	0	0	67
1	0	0	67
1	0	0	67
1	0	0	67
1	0	0	67
1	0	0	67
1	0	0	67
1	0	0	67
1	0	0	67
1	0	0	67
1	0	0	67
1	0	0	67
1	0	0	67
1	0	0	67
1	0	0	68
1	0	0	68
1	0	0	68
1	0	0	68
1	0	0	68
1	0	0	68
1	0	0	68
1	0	0	68
1	0	0	68
1	0	0	68
1	0	0	68
1	0	0	68
1	0	0	68
1	0	0	68
1	0	0	68
1	0	0	68
1	0	0	68
1	0	0	68
1	0	0	68
1	0	0	68
1	0	0	69
1	0	0	69
1	0	0	69
1	0	0	69
1	0	0	69
1	0	0	69
1	0	0	69
1	0	0	69
1	0	0	69
1	0	0	70
1	0	0	70
1	0	0	70
1	0	0	70
1	0	0	70
1	0	0	70
1	0	0	70
1	0	0	70
1	0	0	70
1	0	0	70
1	0	0	70
1	0	0	70
1	0	0	70
1	0	0	70
1	0	0	70
1	0	0	70
1	0	0	70
1	0	0	70
1	0	0	70
1	0	0	70
1	0	0	69
1	0	0	69
1	0	0	69
1	0	0	69
1	0	0	69
1	0	0	69
1	0	0	69
1	0	0	69
1	0	0	69
1	0	0	69
1	0	0	69
1	0	0	65
1	0	0	65
1	0	0	65
0.1	2	1	1
0.1	4	3	1
0.1	6	5	1
0.1	7	1403	1
0.1	1404	1402	1
0.1	1405	1401	1
0.1	8	1406	1
0.1	10	9	1
0.1	1408	1407	1
0.1	13	12	2
0.1	17	16	2
0.1	19	18	2
0.1	1412	1411	2
0.1	20	1413	2
0.1	1414	15	2
0.1	1415	14	2
0.1	22	21	2
0.1	23	1417	2
0.1	24	1418	2
0.1	1419	1416	2
0.1	1420	1410	2
0.1	26	25	2
0.1	27	1422	2
0.1	28	1423	2
0.1	1424	1421	2
0.1	31	30	2
0.1	1426	29	2
0.1	1427	1425	2
0.1	34	33	3
0.1	1429	32	3
0.1	37	36	3
0.1	1431	35	3
0.1	40	39	3
0.1	1433	38	3
0.1	41	1434	3
0.1	1435	1432	3
0.1	43	42	3
0.1	45	44	3
0.1	46	1438	3
0.1	1439	1437	3
0.1	48	47	3
0.1	1441	1440	3
0.1	49	1442	3
0.1	1443	1436	3
0.1	51	50	3
0.1	1445	1444	3
0.1	1446	1430	3
0.1	53	52	1
0.1	1448	1447	1
0.1	54	1449	1
0.1	55	1450	1
0.1	1451	1428	1
0.1	58	57	1
0.1	1453	56	1
0.1	1454	1452	1
0.1	1455	11	1
0.1	1456	1409	1
0.1	60	59	1
0.1	1458	1457	1
0.1	63	62	4
0.1	65	64	4
0.1	1461	1460	4
0.1	67	66	4
0.1	1463	1462	4
0.1	68	1464	4
0.1	70	69	4
0.1	1466	1465	4
0.1	1467	61	4
0.1	73	72	4
0.1	1469	71	4
0.1	76	75	4
0.1	1471	74	4
0.1	79	78	4
0.1	1473	77	4
0.1	1474	1472	4
0.1	80	1475	4
0.1	1476	1470	4
0.1	1477	1468	4
0.1	82	81	5
0.1	84	83	5
0.1	1480	1479	5
0.1	85	1481	5
0.1	87	86	6
0.1	88	1483	6
0.1	90	89	6
0.1	1485	1484	6
0.1	92	91	6
0.1	1487	1486	6
0.1	95	94	6
0.1	1489	93	6
0.1	98	97	7
0.1	1491	96	7
0.1	99	1492	7
0.1	103	102	8
0.1	104	1494	8
0.1	1495	101	8
0.1	106	105	8
0.1	107	1497	8
0.1	1498	1496	8
0.1	1499	100	8
0.1	108	1500	8
0.1	112	111	8
0.1	1502	110	8
0.1	1503	109	8
0.1	114	113	8
0.1	1505	1504	8
0.1	116	115	8
0.1	117	1507	8
0.1	1508	1506	8
0.1	1509	1501	8
0.1	119	118	8
0.1	1511	1510	8
0.1	121	120	7
0.1	124	123	7
0.1	126	125	7
0.1	128	127	7
0.1	129	1516	7
0.1	1517	1515	7
0.1	132	131	7
0.1	1519	130	7
0.1	1520	1518	7
0.1	1521	1514	7
0.1	1522	122	7
0.1	1523	1513	7
0.1	134	133	7
0.1	135	1525	7
0.1	1526	1524	7
0.1	1527	1512	7
0.1	1528	1493	7
0.1	137	136	9
0.1	138	1530	9
0.1	140	139	9
0.1	141	1532	9
0.1	145	144	9
0.1	1534	143	9
0.1	1535	142	9
0.1	1536	1533	9
0.1	1537	1531	9
0.1	147	146	9
0.1	150	149	9
0.1	1540	148	9
0.1	151	1541	9
0.1	153	152	9
0.1	155	154	9
0.1	1544	1543	9
0.1	1545	1542	9
0.1	1546	1539	9
0.1	1547	1538	9
0.1	1548	1529	9
0.1	1549	1490	6
0.1	159	158	6
0.1	1551	157	6
0.1	1552	156	6
0.1	162	161	6
0.1	1554	160	6
0.1	164	163	6
0.1	165	1556	6
0.1	1557	1555	6
0.1	1558	1553	6
0.1	1559	1550	6
0.1	1560	1488	6
0.1	169	168	10
0.1	1562	167	10
0.1	172	171	10
0.1	1564	170	10
0.1	1565	1563	10
0.1	175	174	10
0.1	176	1567	10
0.1	1568	173	10
0.1	178	177	10
0.1	179	1570	10
0.1	181	180	10
0.1	1572	1571	10
0.1	1573	1569	10
0.1	184	183	10
0.1	185	1575	10
0.1	1576	182	10
0.1	1577	1574	10
0.1	1578	1566	10
0.1	1579	166	10
0.1	187	186	11
0.1	188	1581	11
0.1	190	189	11
0.1	1583	1582	11
0.1	191	1584	11
0.1	195	194	11
0.1	196	1586	11
0.1	1587	193	11
0.1	1588	192	11
0.1	199	198	11
0.1	200	1590	11
0.1	203	202	11
0.1	1592	201	11
0.1	1593	1591	11
0.1	205	204	11
0.1	1595	1594	11
0.1	1596	197	11
0.1	1597	1589	11
0.1	1598	1585	11
0.1	207	206	12
0.1	210	209	12
0.1	1601	208	12
0.1	211	1602	12
0.1	1603	1600	12
0.1	215	214	13
0.1	1605	213	13
0.1	217	216	13
0.1	219	218	13
0.1	1608	1607	13
0.1	221	220	13
0.1	1610	1609	13
0.1	1611	1606	13
0.1	223	222	13
0.1	1613	1612	13
0.1	225	224	13
0.1	228	227	13
0.1	1616	226	13
0.1	1617	1615	13
0.1	1618	1614	13
0.1	230	229	13
0.1	232	231	13
0.1	1621	1620	13
0.1	1622	1619	13
0.1	1623	212	12
0.1	236	235	12
0.1	1625	234	12
0.1	1626	233	12
0.1	238	237	12
0.1	1628	1627	12
0.1	1629	1624	12
0.1	1630	1604	12
0.1	241	240	12
0.1	243	242	12
0.1	1633	1632	12
0.1	1634	239	12
0.1	1635	1631	12
0.1	246	245	15
0.1	248	247	15
0.1	249	1638	15
0.1	251	250	15
0.1	255	254	15
0.1	1641	253	15
0.1	1642	252	15
0.1	1643	1640	15
0.1	1644	1639	15
0.1	257	256	15
0.1	258	1646	15
0.1	1647	1645	15
0.1	261	260	15
0.1	1649	259	15
0.1	1650	1648	15
0.1	264	263	15
0.1	1652	262	15
0.1	1653	1651	15
0.1	1654	1637	15
0.1	267	266	16
0.1	268	1656	16
0.1	1657	265	16
0.1	271	270	16
0.1	1659	269	16
0.1	1660	1658	16
0.1	273	272	16
0.1	276	275	16
0.1	279	278	16
0.1	1664	277	16
0.1	1665	1663	16
0.1	1666	274	16
0.1	1667	1662	16
0.1	282	281	16
0.1	284	283	16
0.1	1670	1669	16
0.1	1671	280	16
0.1	1672	1668	16
0.1	1673	1661	16
0.1	1674	1655	15
0.1	1675	244	14
0.1	286	285	17
0.1	291	290	17
0.1	1678	289	17
0.1	1679	288	17
0.1	1680	287	17
0.1	294	293	17
0.1	296	295	17
0.1	1683	1682	17
0.1	1684	292	17
0.1	297	1685	17
0.1	302	301	17
0.1	1687	300	17
0.1	1688	299	17
0.1	1689	298	17
0.1	1690	1686	17
0.1	1691	1681	17
0.1	304	303	17
0.1	1693	1692	17
0.1	1694	1677	17
0.1	306	305	14
0.1	1696	1695	14
0.1	308	307	14
0.1	310	309	14
0.1	317	316	18
0.1	320	319	18
0.1	322	321	18
0.1	1702	1701	18
0.1	1703	318	18
0.1	323	1704	18
0.1	325	324	18
0.1	327	326	18
0.1	1707	1706	18
0.1	1708	1705	18
0.1	329	328	18
0.1	1710	1709	18
0.1	1711	1700	18
0.1	333	332	18
0.1	1713	331	18
0.1	1714	330	18
0.1	1715	1712	18
0.1	1716	315	18
0.1	1717	314	18
0.1	1718	313	14
0.1	1719	312	14
0.1	1720	311	14
0.1	1721	1699	14
0.1	1722	1698	14
0.1	335	334	19
0.1	337	336	19
0.1	339	338	19
0.1	341	340	19
0.1	1727	1726	19
0.1	344	343	19
0.1	346	345	19
0.1	1730	1729	19
0.1	351	350	19
0.1	353	352	19
0.1	1733	1732	19
0.1	1734	349	19
0.1	1735	348	19
0.1	1736	347	19
0.1	1737	1731	19
0.1	1738	342	19
0.1	1739	1728	19
0.1	1740	1725	19
0.1	1741	1724	19
0.1	1742	1723	14
0.1	357	356	20
0.1	358	1744	20
0.1	360	359	20
0.1	363	362	20
0.1	1747	361	20
0.1	364	1748	20
0.1	1749	1746	20
0.1	366	365	20
0.1	370	369	20
0.1	1752	368	20
0.1	1753	367	20
0.1	1754	1751	20
0.1	373	372	20
0.1	374	1756	20
0.1	375	1757	20
0.1	1758	371	20
0.1	1759	1755	20
0.1	1760	1750	20
0.1	1761	1745	20
0.1	380	379	23
0.1	382	381	23
0.1	1764	1763	23
0.1	386	385	23
0.1	1766	384	23
0.1	387	1767	23
0.1	1768	383	23
0.1	1769	1765	23
0.1	1770	378	23
0.1	390	389	23
0.1	1772	388	23
0.1	391	1773	23
0.1	394	393	23
0.1	1775	392	23
0.1	1776	1774	23
0.1	396	395	23
0.1	397	1778	23
0.1	1779	1777	23
0.1	1780	1771	23
0.1	1781	377	22
0.1	399	398	22
0.1	401	400	22
0.1	1784	1783	22
0.1	1785	1782	22
0.1	404	403	22
0.1	405	1787	22
0.1	406	1788	22
0.1	1789	402	22
0.1	1790	1786	22
0.1	409	408	22
0.1	410	1792	22
0.1	1793	407	22
0.1	413	412	22
0.1	414	1795	22
0.1	1796	411	22
0.1	416	415	22
0.1	1798	1797	22
0.1	1799	1794	22
0.1	1800	1791	22
0.1	1801	376	21
0.1	419	418	21
0.1	1803	417	21
0.1	420	1804	21
0.1	422	421	21
0.1	1806	1805	21
0.1	424	423	21
0.1	426	425	21
0.1	427	1809	21
0.1	1810	1808	21
0.1	430	429	21
0.1	1812	428	21
0.1	431	1813	21
0.1	1814	1811	21
0.1	1815	1807	21
0.1	433	432	21
0.1	435	434	21
0.1	1818	1817	21
0.1	1819	1816	21
0.1	1820	1802	21
0.1	1821	1762	14
0.1	1822	355	14
0.1	1823	354	14
0.1	437	436	14
0.1	1825	1824	14
0.1	442	441	14
0.1	1827	440	14
0.1	1828	439	14
0.1	443	1829	14
0.1	1830	438	14
0.1	1831	1826	14
0.1	1832	1743	14
0.1	1833	1697	14
0.1	1834	1676	14
0.1	1835	1636	12
0.1	445	444	12
0.1	1837	1836	12
0.1	1838	1599	11
0.1	1839	1580	11
0.1	1840	1561	11
0.1	1841	1482	5
0.1	447	446	24
0.1	450	449	24
0.1	1844	448	24
0.1	453	452	24
0.1	1846	451	24
0.1	454	1847	24
0.1	1848	1845	24
0.1	1849	1843	24
0.1	455	1850	24
0.1	458	457	5
0.1	1852	456	5
0.1	1853	1851	5
0.1	460	459	5
0.1	464	463	24
0.1	1856	462	24
0.1	1857	461	24
0.1	467	466	24
0.1	1859	465	24
0.1	470	469	24
0.1	1861	468	24
0.1	1862	1860	24
0.1	1863	1858	24
0.1	1864	1855	5
0.1	1865	1854	5
0.1	473	472	5
0.1	474	1867	5
0.1	1868	471	5
0.1	477	476	5
0.1	478	1870	5
0.1	1871	475	5
0.1	1872	1869	5
0.1	1873	1866	5
0.1	482	481	26
0.1	1875	480	26
0.1	484	483	26
0.1	486	485	26
0.1	487	1878	26
0.1	1879	1877	26
0.1	1880	1876	26
0.1	488	1881	26
0.1	491	490	26
0.1	1883	489	26
0.1	494	493	26
0.1	1885	492	26
0.1	1886	1884	26
0.1	498	497	26
0.1	1888	496	26
0.1	1889	495	26
0.1	499	1890	26
0.1	1891	1887	26
0.1	1892	1882	26
0.1	1893	479	25
0.1	503	502	25
0.1	1895	501	25
0.1	1896	500	25
0.1	506	505	25
0.1	507	1898	25
0.1	1899	504	25
0.1	1900	1897	25
0.1	513	512	25
0.1	1902	511	25
0.1	1903	510	25
0.1	516	515	25
0.1	1905	514	25
0.1	518	517	25
0.1	1907	1906	25
0.1	1908	1904	25
0.1	1909	509	25
0.1	1910	508	25
0.1	1911	1901	25
0.1	1912	1894	25
0.1	521	520	27
0.1	524	523	27
0.1	1915	522	27
0.1	1916	1914	27
0.1	525	1917	27
0.1	1918	519	27
0.1	529	528	27
0.1	1920	527	27
0.1	1921	526	27
0.1	533	532	27
0.1	1923	531	27
0.1	1924	530	27
0.1	535	534	27
0.1	1926	1925	27
0.1	538	537	27
0.1	1928	536	27
0.1	1929	1927	27
0.1	1930	1922	27
0.1	1931	1919	27
0.1	540	539	28
0.1	1933	1932	28
0.1	543	542	28
0.1	1935	541	28
0.1	545	544	28
0.1	547	546	28
0.1	1938	1937	28
0.1	1939	1936	28
0.1	549	548	28
0.1	1941	1940	28
0.1	1942	1934	28
0.1	551	550	28
0.1	554	553	28
0.1	1945	552	28
0.1	557	556	28
0.1	558	1947	28
0.1	1948	555	28
0.1	1949	1946	28
0.1	1950	1944	28
0.1	1951	1943	28
0.1	1952	1913	25
0.1	560	559	5
0.1	1954	1953	5
0.1	1955	1874	5
0.1	1956	1842	5
0.1	1957	1478	1
0.1	1958	1459	1
0.1	562	561	29
0.1	564	563	29
0.1	567	566	29
0.1	1962	565	29
0.1	572	571	29
0.1	1964	570	29
0.1	1965	569	29
0.1	1966	568	29
0.1	1967	1963	29
0.1	1968	1961	29
0.1	1969	1960	29
0.1	575	574	29
0.1	579	578	29
0.1	1972	577	29
0.1	1973	576	29
0.1	580	1974	29
0.1	1975	1971	29
0.1	1976	573	29
0.1	1977	1970	29
0.1	583	582	30
0.1	585	584	30
0.1	587	586	31
0.1	589	588	31
0.1	1982	1981	31
0.1	591	590	31
0.1	592	1984	31
0.1	594	593	31
0.1	597	596	31
0.1	1987	595	31
0.1	1988	1986	31
0.1	1989	1985	31
0.1	1990	1983	31
0.1	599	598	31
0.1	601	600	31
0.1	1993	1992	31
0.1	1994	1991	31
0.1	604	603	31
0.1	605	1996	31
0.1	1997	602	31
0.1	1998	1995	31
0.1	1999	1980	30
0.1	2000	1979	30
0.1	2001	581	30
0.1	608	607	32
0.1	2003	606	32
0.1	610	609	32
0.1	612	611	32
0.1	613	2006	32
0.1	614	2007	32
0.1	2008	2005	32
0.1	2009	2004	32
0.1	617	616	32
0.1	2011	615	32
0.1	621	620	32
0.1	2013	619	32
0.1	2014	618	32
0.1	2015	2012	32
0.1	2016	2010	32
0.1	623	622	32
0.1	625	624	32
0.1	2019	2018	32
0.1	2020	2017	32
0.1	627	626	30
0.1	629	628	33
0.1	632	631	33
0.1	634	633	33
0.1	636	635	33
0.1	2026	2025	33
0.1	2027	2024	33
0.1	639	638	33
0.1	2029	637	33
0.1	642	641	33
0.1	2031	640	33
0.1	2032	2030	33
0.1	2033	2028	33
0.1	643	2034	33
0.1	2035	630	33
0.1	2036	2023	33
0.1	647	646	33
0.1	2038	645	33
0.1	2039	644	33
0.1	2040	2037	33
0.1	651	650	30
0.1	2042	649	30
0.1	2043	648	30
0.1	2044	2041	30
0.1	653	652	30
0.1	2046	2045	30
0.1	2047	2022	30
0.1	2048	2021	30
0.1	656	655	30
0.1	2050	654	30
0.1	658	657	30
0.1	2052	2051	30
0.1	660	659	30
0.1	2054	2053	30
0.1	2055	2049	30
0.1	662	661	34
0.1	663	2057	34
0.1	667	666	34
0.1	2059	665	34
0.1	668	2060	34
0.1	670	669	34
0.1	674	673	34
0.1	2063	672	34
0.1	2064	671	34
0.1	2065	2062	34
0.1	676	675	34
0.1	678	677	34
0.1	2068	2067	34
0.1	680	679	34
0.1	2070	2069	34
0.1	2071	2066	34
0.1	2072	2061	34
0.1	2073	664	34
0.1	2074	2058	34
0.1	683	682	35
0.1	2076	681	35
0.1	685	684	35
0.1	687	686	35
0.1	689	688	35
0.1	2080	2079	35
0.1	690	2081	35
0.1	2082	2078	35
0.1	2083	2077	35
0.1	693	692	35
0.1	2085	691	35
0.1	2086	2084	35
0.1	695	694	35
0.1	697	696	35
0.1	2089	2088	35
0.1	2090	2087	35
0.1	700	699	35
0.1	2092	698	35
0.1	2093	2091	35
0.1	2094	2075	34
0.1	703	702	36
0.1	2096	701	36
0.1	705	704	36
0.1	706	2098	36
0.1	709	708	36
0.1	710	2100	36
0.1	2101	707	36
0.1	2102	2099	36
0.1	712	711	36
0.1	715	714	36
0.1	2105	713	36
0.1	716	2106	36
0.1	2107	2104	36
0.1	2108	2103	36
0.1	2109	2097	36
0.1	718	717	36
0.1	720	719	36
0.1	2112	2111	36
0.1	2113	2110	36
0.1	2114	2095	36
0.1	724	723	37
0.1	727	726	37
0.1	2117	725	37
0.1	2118	2116	37
0.1	729	728	37
0.1	2120	2119	37
0.1	2121	722	37
0.1	2122	721	37
0.1	731	730	37
0.1	734	733	37
0.1	2125	732	37
0.1	738	737	37
0.1	2127	736	37
0.1	2128	735	37
0.1	740	739	37
0.1	2130	2129	37
0.1	2131	2126	37
0.1	2132	2124	37
0.1	2133	2123	37
0.1	2134	2115	30
0.1	2135	2056	30
0.1	2136	2002	30
0.1	742	741	38
0.1	748	747	39
0.1	2139	746	39
0.1	2140	745	39
0.1	2141	744	39
0.1	2142	743	39
0.1	752	751	39
0.1	753	2144	39
0.1	755	754	39
0.1	2146	2145	39
0.1	2147	750	39
0.1	759	758	39
0.1	2149	757	39
0.1	2150	756	39
0.1	762	761	39
0.1	2152	760	39
0.1	2153	2151	39
0.1	2154	2148	39
0.1	2155	749	39
0.1	2156	2143	39
0.1	763	2157	38
0.1	2158	2138	38
0.1	2159	2137	38
0.1	769	768	40
0.1	2161	767	40
0.1	2162	766	40
0.1	775	774	40
0.1	2164	773	40
0.1	2165	772	40
0.1	2166	771	40
0.1	2167	770	40
0.1	2168	2163	40
0.1	777	776	40
0.1	2170	2169	40
0.1	2171	765	40
0.1	779	778	40
0.1	780	2173	40
0.1	781	2174	40
0.1	2175	2172	40
0.1	784	783	40
0.1	2177	782	40
0.1	2178	2176	40
0.1	786	785	41
0.1	789	788	41
0.1	2181	787	41
0.1	2182	2180	41
0.1	791	790	41
0.1	2184	2183	41
0.1	795	794	41
0.1	2186	793	41
0.1	2187	792	41
0.1	798	797	41
0.1	2189	796	41
0.1	799	2190	41
0.1	2191	2188	41
0.1	801	800	41
0.1	2193	2192	41
0.1	802	2194	41
0.1	804	803	41
0.1	2196	2195	41
0.1	2197	2185	41
0.1	2198	2179	38
0.1	2199	764	38
0.1	2200	2160	38
0.1	806	805	42
0.1	807	2202	42
0.1	810	809	42
0.1	812	811	42
0.1	2205	2204	42
0.1	815	814	43
0.1	817	816	43
0.1	820	819	43
0.1	2209	818	43
0.1	2210	2208	43
0.1	2211	2207	43
0.1	2212	813	43
0.1	822	821	43
0.1	2214	2213	43
0.1	823	2215	43
0.1	830	829	43
0.1	2217	828	43
0.1	2218	827	43
0.1	2219	826	43
0.1	2220	825	43
0.1	2221	824	43
0.1	833	832	44
0.1	837	836	44
0.1	2224	835	44
0.1	2225	834	44
0.1	840	839	44
0.1	2227	838	44
0.1	2228	2226	44
0.1	843	842	44
0.1	845	844	44
0.1	847	846	44
0.1	2232	2231	44
0.1	849	848	44
0.1	2234	2233	44
0.1	2235	2230	44
0.1	2236	841	44
0.1	2237	2229	44
0.1	2238	2223	44
0.1	851	850	44
0.1	854	853	45
0.1	2241	852	45
0.1	858	857	45
0.1	860	859	45
0.1	861	2244	45
0.1	2245	2243	45
0.1	2246	856	45
0.1	863	862	45
0.1	864	2248	45
0.1	2249	2247	45
0.1	2250	855	45
0.1	866	865	45
0.1	869	868	45
0.1	2253	867	45
0.1	2254	2252	45
0.1	870	2255	45
0.1	871	2256	45
0.1	2257	2251	45
0.1	2258	2242	45
0.1	2259	2240	44
0.1	2260	2239	44
0.1	2261	831	43
0.1	872	2262	43
0.1	2263	2222	43
0.1	2264	2216	43
0.1	2265	2206	42
0.1	2266	808	42
0.1	2267	2203	42
0.1	876	875	42
0.1	2269	874	42
0.1	877	2270	42
0.1	2271	873	42
0.1	879	878	42
0.1	2273	2272	42
0.1	2274	2268	42
0.1	885	884	46
0.1	2276	883	46
0.1	2277	882	46
0.1	889	888	46
0.1	2279	887	46
0.1	2280	886	46
0.1	891	890	46
0.1	2282	2281	46
0.1	2283	2278	46
0.1	2284	881	46
0.1	2285	880	46
0.1	895	894	46
0.1	2287	893	46
0.1	897	896	46
0.1	2289	2288	46
0.1	2290	892	46
0.1	899	898	46
0.1	2292	2291	46
0.1	2293	2286	46
0.1	2294	2275	42
0.1	901	900	42
0.1	903	902	42
0.1	904	2297	42
0.1	2298	2296	42
0.1	2299	2295	42
0.1	906	905	47
0.1	909	908	47
0.1	913	912	47
0.1	2303	911	47
0.1	915	914	47
0.1	2305	2304	47
0.1	2306	910	47
0.1	2307	2302	47
0.1	918	917	47
0.1	2309	916	47
0.1	2310	2308	47
0.1	2311	907	47
0.1	922	921	47
0.1	923	2313	47
0.1	2314	920	47
0.1	2315	919	47
0.1	2316	2312	47
0.1	924	2317	47
0.1	2318	2301	47
0.1	2319	2300	42
0.1	2320	2201	38
0.1	926	925	38
0.1	931	930	48
0.1	933	932	48
0.1	2324	2323	48
0.1	936	935	48
0.1	2326	934	48
0.1	938	937	48
0.1	941	940	48
0.1	2329	939	48
0.1	2330	2328	48
0.1	2331	2327	48
0.1	2332	2325	48
0.1	943	942	48
0.1	945	944	48
0.1	2335	2334	48
0.1	947	946	48
0.1	2337	2336	48
0.1	2338	2333	48
0.1	2339	929	48
0.1	2340	928	48
0.1	948	2341	38
0.1	2342	927	38
0.1	950	949	49
0.1	952	951	49
0.1	2345	2344	49
0.1	953	2346	49
0.1	957	956	49
0.1	2348	955	49
0.1	2349	954	49
0.1	959	958	49
0.1	961	960	49
0.1	2352	2351	49
0.1	2353	2350	49
0.1	2354	2347	49
0.1	963	962	49
0.1	964	2356	49
0.1	965	2357	49
0.1	968	967	49
0.1	2359	966	49
0.1	2360	2358	49
0.1	2361	2355	49
0.1	2362	2343	38
0.1	2363	2322	38
0.1	970	969	50
0.1	972	971	50
0.1	973	2366	50
0.1	974	2367	50
0.1	2368	2365	50
0.1	978	977	50
0.1	2370	976	50
0.1	2371	975	50
0.1	979	2372	50
0.1	981	980	50
0.1	982	2374	50
0.1	2375	2373	50
0.1	984	983	50
0.1	2377	2376	50
0.1	985	2378	50
0.1	988	987	50
0.1	2380	986	50
0.1	2381	2379	50
0.1	2382	2369	50
0.1	2383	2364	38
0.1	991	990	38
0.1	992	2385	38
0.1	2386	989	38
0.1	997	996	38
0.1	2388	995	38
0.1	2389	994	38
0.1	2390	993	38
0.1	1000	999	38
0.1	2392	998	38
0.1	2393	2391	38
0.1	1003	1002	51
0.1	1005	1004	51
0.1	2396	2395	51
0.1	1009	1008	52
0.1	2398	1007	52
0.1	2399	1006	52
0.1	1011	1010	52
0.1	1014	1013	52
0.1	2402	1012	52
0.1	1017	1016	52
0.1	2404	1015	52
0.1	2405	2403	52
0.1	1020	1019	52
0.1	2407	1018	52
0.1	1022	1021	52
0.1	1025	1024	52
0.1	2410	1023	52
0.1	2411	2409	52
0.1	2412	2408	52
0.1	2413	2406	52
0.1	2414	2401	52
0.1	2415	2400	52
0.1	2416	2397	51
0.1	2417	1001	51
0.1	1028	1027	51
0.1	1029	2419	51
0.1	2420	1026	51
0.1	1031	1030	51
0.1	1034	1033	53
0.1	2423	1032	53
0.1	1036	1035	53
0.1	1037	2425	53
0.1	2426	2424	53
0.1	1042	1041	53
0.1	2428	1040	53
0.1	2429	1039	53
0.1	2430	1038	53
0.1	1044	1043	53
0.1	1045	2432	53
0.1	1047	1046	53
0.1	1050	1049	53
0.1	2435	1048	53
0.1	2436	2434	53
0.1	2437	2433	53
0.1	2438	2431	53
0.1	1051	2439	53
0.1	2440	2427	53
0.1	1054	1053	51
0.1	1055	2442	51
0.1	2443	1052	51
0.1	1056	2444	51
0.1	1059	1058	51
0.1	1060	2446	51
0.1	2447	1057	51
0.1	2448	2445	51
0.1	2449	2441	51
0.1	2450	2422	51
0.1	2451	2421	51
0.1	2452	2418	51
0.1	2453	2394	38
0.1	2454	2387	38
0.1	2455	2384	38
0.1	2456	2321	38
0.1	2457	1978	38
0.1	1065	1064	54
0.1	2459	1063	54
0.1	2460	1062	54
0.1	1066	2461	54
0.1	2462	1061	54
0.1	1068	1067	54
0.1	1069	2464	54
0.1	2465	2463	54
0.1	1071	1070	54
0.1	1073	1072	54
0.1	2468	2467	54
0.1	1075	1074	54
0.1	1080	1079	54
0.1	2471	1078	54
0.1	2472	1077	54
0.1	2473	1076	54
0.1	2474	2470	54
0.1	2475	2469	54
0.1	2476	2466	54
0.1	1083	1082	55
0.1	1084	2478	55
0.1	2479	1081	55
0.1	1089	1088	55
0.1	2481	1087	55
0.1	2482	1086	55
0.1	2483	1085	55
0.1	2484	2480	55
0.1	1091	1090	55
0.1	1093	1092	55
0.1	2487	2486	55
0.1	1095	1094	55
0.1	1097	1096	55
0.1	2490	2489	55
0.1	1098	2491	55
0.1	2492	2488	55
0.1	1100	1099	55
0.1	2494	2493	55
0.1	1103	1102	56
0.1	2496	1101	56
0.1	1106	1105	56
0.1	1109	1108	56
0.1	2499	1107	56
0.1	1111	1110	56
0.1	2501	2500	56
0.1	1112	2502	56
0.1	2503	2498	56
0.1	2504	1104	56
0.1	2505	2497	56
0.1	1116	1115	56
0.1	2507	1114	56
0.1	2508	1113	56
0.1	1117	2509	56
0.1	1119	1118	56
0.1	1120	2511	56
0.1	2512	2510	56
0.1	2513	2506	56
0.1	1123	1122	57
0.1	2515	1121	57
0.1	1125	1124	57
0.1	2517	2516	57
0.1	1128	1127	57
0.1	1131	1130	57
0.1	2520	1129	57
0.1	2521	2519	57
0.1	1132	2522	57
0.1	2523	1126	57
0.1	1134	1133	57
0.1	1136	1135	57
0.1	1138	1137	57
0.1	2527	2526	57
0.1	2528	2525	57
0.1	2529	2524	57
0.1	1140	1139	57
0.1	2531	2530	57
0.1	2532	2518	57
0.1	2533	2514	55
0.1	2534	2495	55
0.1	2535	2485	55
0.1	1143	1142	58
0.1	1145	1144	58
0.1	1147	1146	59
0.1	1149	1148	59
0.1	2540	2539	59
0.1	1152	1151	60
0.1	2542	1150	60
0.1	1154	1153	60
0.1	1157	1156	60
0.1	2545	1155	60
0.1	2546	2544	60
0.1	2547	2543	60
0.1	1160	1159	60
0.1	1163	1162	60
0.1	2550	1161	60
0.1	1164	2551	60
0.1	2552	2549	60
0.1	2553	1158	60
0.1	1166	1165	60
0.1	1167	2555	60
0.1	1169	1168	60
0.1	2557	2556	60
0.1	2558	2554	60
0.1	2559	2548	60
0.1	1171	1170	59
0.1	1172	2561	59
0.1	1174	1173	59
0.1	2563	2562	59
0.1	1178	1177	59
0.1	2565	1176	59
0.1	2566	1175	59
0.1	1180	1179	59
0.1	1181	2568	59
0.1	1182	2569	59
0.1	1184	1183	59
0.1	1185	2571	59
0.1	2572	2570	59
0.1	2573	2567	59
0.1	2574	2564	59
0.1	2575	2560	59
0.1	2576	2541	59
0.1	2577	2538	58
0.1	2578	2537	58
0.1	2579	1141	58
0.1	1187	1186	58
0.1	1192	1191	61
0.1	2582	1190	61
0.1	2583	1189	61
0.1	1195	1194	61
0.1	1196	2585	61
0.1	2586	1193	61
0.1	2587	2584	61
0.1	1199	1198	61
0.1	2589	1197	61
0.1	1201	1200	61
0.1	1203	1202	61
0.1	1204	2592	61
0.1	2593	2591	61
0.1	1207	1206	61
0.1	2595	1205	61
0.1	1208	2596	61
0.1	2597	2594	61
0.1	2598	2590	61
0.1	2599	2588	61
0.1	2600	1188	58
0.1	1210	1209	58
0.1	2602	2601	58
0.1	1212	1211	58
0.1	1216	1215	58
0.1	2605	1214	58
0.1	2606	1213	58
0.1	1218	1217	58
0.1	2608	2607	58
0.1	1219	2609	58
0.1	2610	2604	58
0.1	2611	2603	58
0.1	2612	2581	58
0.1	1220	2613	58
0.1	2614	2580	58
0.1	2615	2536	62
0.1	1224	1223	62
0.1	2617	1222	62
0.1	2618	1221	62
0.1	1228	1227	62
0.1	2620	1226	62
0.1	1229	2621	62
0.1	2622	1225	62
0.1	2623	2619	62
0.1	1231	1230	62
0.1	1232	2625	62
0.1	1234	1233	62
0.1	1236	1235	62
0.1	1239	1238	63
0.1	1240	2629	63
0.1	1246	1245	63
0.1	2631	1244	63
0.1	2632	1243	63
0.1	2633	1242	63
0.1	1248	1247	63
0.1	1251	1250	63
0.1	2636	1249	63
0.1	2637	2635	63
0.1	2638	2634	63
0.1	2639	1241	63
0.1	1254	1253	63
0.1	1257	1256	63
0.1	2642	1255	63
0.1	2643	2641	63
0.1	2644	1252	63
0.1	2645	2640	63
0.1	2646	2630	63
0.1	2647	1237	62
0.1	2648	2628	62
0.1	2649	2627	62
0.1	2650	2626	62
0.1	2651	2624	62
0.1	1260	1259	64
0.1	2653	1258	64
0.1	1262	1261	64
0.1	1263	2655	64
0.1	1264	2656	64
0.1	2657	2654	64
0.1	1266	1265	64
0.1	1268	1267	64
0.1	2660	2659	64
0.1	1272	1271	64
0.1	2662	1270	64
0.1	2663	1269	64
0.1	2664	2661	64
0.1	2665	2658	64
0.1	1275	1274	64
0.1	2667	1273	64
0.1	1277	1276	64
0.1	2669	2668	64
0.1	2670	2666	64
0.1	1279	1278	62
0.1	1280	2672	62
0.1	1282	1281	65
0.1	1284	1283	65
0.1	1287	1286	65
0.1	2676	1285	65
0.1	1289	1288	65
0.1	2678	2677	65
0.1	2679	2675	65
0.1	2680	2674	65
0.1	1290	2681	65
0.1	1294	1293	66
0.1	2683	1292	66
0.1	1296	1295	66
0.1	2685	2684	66
0.1	1298	1297	66
0.1	1300	1299	66
0.1	1302	1301	66
0.1	2689	2688	66
0.1	2690	2687	66
0.1	1310	1309	66
0.1	2692	1308	66
0.1	1311	2693	66
0.1	2694	1307	66
0.1	2695	1306	66
0.1	2696	1305	66
0.1	2697	1304	66
0.1	2698	1303	66
0.1	2699	2691	66
0.1	2700	2686	66
0.1	1314	1313	65
0.1	1317	1316	65
0.1	2703	1315	65
0.1	2704	2702	65
0.1	1319	1318	67
0.1	1320	2706	67
0.1	1323	1322	67
0.1	1326	1325	67
0.1	2709	1324	67
0.1	1328	1327	67
0.1	2711	2710	67
0.1	2712	2708	67
0.1	2713	1321	67
0.1	1331	1330	67
0.1	2715	1329	67
0.1	1335	1334	67
0.1	2717	1333	67
0.1	1337	1336	67
0.1	2719	2718	67
0.1	2720	1332	67
0.1	2721	2716	67
0.1	2722	2714	67
0.1	2723	2707	67
0.1	1340	1339	68
0.1	1341	2725	68
0.1	1342	2726	68
0.1	2727	1338	68
0.1	1343	2728	68
0.1	1345	1344	68
0.1	1347	1346	68
0.1	1349	1348	68
0.1	1355	1354	68
0.1	2733	1353	68
0.1	2734	1352	68
0.1	2735	1351	68
0.1	2736	1350	68
0.1	2737	2732	68
0.1	2738	2731	68
0.1	2739	2730	68
0.1	1357	1356	68
0.1	2741	2740	68
0.1	1359	1358	69
0.1	1361	1360	69
0.1	1364	1363	69
0.1	2745	1362	69
0.1	1366	1365	69
0.1	1370	1369	70
0.1	1371	2748	70
0.1	1372	2749	70
0.1	2750	1368	70
0.1	1375	1374	70
0.1	1378	1377	70
0.1	2753	1376	70
0.1	2754	2752	70
0.1	2755	1373	70
0.1	2756	2751	70
0.1	1382	1381	70
0.1	2758	1380	70
0.1	2759	1379	70
0.1	1384	1383	70
0.1	2761	2760	70
0.1	2762	2757	70
0.1	1385	2763	70
0.1	1386	2764	70
0.1	2765	1367	70
0.1	1387	2766	69
0.1	2767	2747	69
0.1	2768	2746	69
0.1	2769	2744	69
0.1	1388	2770	69
0.1	2771	2743	69
0.1	1391	1390	69
0.1	2773	1389	69
0.1	1393	1392	69
0.1	1394	2775	69
0.1	1395	2776	69
0.1	1397	1396	69
0.1	2778	2777	69
0.1	2779	2774	69
0.1	2780	2772	69
0.1	2781	2742	68
0.1	2782	2729	68
0.1	2783	2724	68
0.1	1398	2784	65
0.1	1399	2785	65
0.1	1400	2786	65
0.1	2787	2705	65
0.1	2788	1312	65
0.1	2789	2701	65
0.1	2790	1291	65
0.1	2791	2682	65
0.1	2792	2673	62
0.1	2793	2671	62
0.1	2794	2652	62
0.1	2795	2616	62
0.1	2796	2477	62
0.1	2797	2458	38
0.1	2798	1959	1
