1	0	0	1
1	0	0	2
1	0	0	2
1	0	0	2
1	0	0	2
1	0	0	2
1	0	0	2
1	0	0	2
1	0	0	2
1	0	0	2
1	0	0	2
1	0	0	2
1	0	0	2
1	0	0	2
1	0	0	2
1	0	0	2
1	0	0	2
1	0	0	2
1	0	0	2
1	0	0	2
1	0	0	2
1	0	0	3
1	0	0	3
1	0	0	3
1	0	0	3
1	0	0	3
1	0	0	3
1	0	0	3
1	0	0	3
1	0	0	3
1	0	0	3
1	0	0	3
1	0	0	3
1	0	0	3
1	0	0	3
1	0	0	3
1	0	0	3
1	0	0	3
1	0	0	3
1	0	0	3
1	0	0	3
1	0	0	4
1	0	0	4
1	0	0	4
1	0	0	4
1	0	0	4
1	0	0	4
1	0	0	4
1	0	0	4
1	0	0	4
1	0	0	4
1	0	0	4
1	0	0	4
1	0	0	4
1	0	0	4
1	0	0	4
1	0	0	4
1	0	0	4
1	0	0	4
1	0	0	4
1	0	0	4
1	0	0	1
1	0	0	5
1	0	0	5
1	0	0	5
1	0	0	5
1	0	0	5
1	0	0	5
1	0	0	5
1	0	0	5
1	0	0	5
1	0	0	5
1	0	0	5
1	0	0	5
1	0	0	5
1	0	0	5
1	0	0	5
1	0	0	5
1	0	0	5
1	0	0	5
1	0	0	5
1	0	0	5
1	0	0	1
1	0	0	6
1	0	0	6
1	0	0	6
1	0	0	6
1	0	0	6
1	0	0	6
1	0	0	6
1	0	0	6
1	0	0	6
1	0	0	6
1	0	0	6
1	0	0	6
1	0	0	6
1	0	0	6
1	0	0	6
1	0	0	6
1	0	0	6
1	0	0	6
1	0	0	6
1	0	0	6
1	0	0	7
1	0	0	7
1	0	0	7
1	0	0	7
1	0	0	7
1	0	0	7
1	0	0	7
1	0	0	7
1	0	0	7
1	0	0	7
1	0	0	7
1	0	0	7
1	0	0	7
1	0	0	7
1	0	0	7
1	0	0	7
1	0	0	7
1	0	0	7
1	0	0	7
1	0	0	7
1	0	0	8
1	0	0	8
1	0	0	8
1	0	0	8
1	0	0	8
1	0	0	8
1	0	0	8
1	0	0	8
1	0	0	8
1	0	0	8
1	0	0	8
1	0	0	8
1	0	0	8
1	0	0	8
1	0	0	8
1	0	0	8
1	0	0	8
1	0	0	8
1	0	0	8
1	0	0	8
1	0	0	1
1	0	0	1
1	0	0	1
1	0	0	1
1	0	0	1
1	0	0	9
1	0	0	9
1	0	0	9
1	0	0	9
1	0	0	9
1	0	0	9
1	0	0	9
1	0	0	9
1	0	0	9
1	0	0	9
1	0	0	9
1	0	0	9
1	0	0	9
1	0	0	9
1	0	0	9
1	0	0	9
1	0	0	9
1	0	0	9
1	0	0	9
1	0	0	9
1	0	0	10
1	0	0	10
1	0	0	10
1	0	0	10
1	0	0	10
1	0	0	10
1	0	0	10
1	0	0	10
1	0	0	10
1	0	0	10
1	0	0	10
1	0	0	10
1	0	0	10
1	0	0	10
1	0	0	10
1	0	0	10
1	0	0	10
1	0	0	10
1	0	0	10
1	0	0	10
1	0	0	1
1	0	0	11
1	0	0	11
1	0	0	11
1	0	0	11
1	0	0	11
1	0	0	11
1	0	0	11
1	0	0	11
1	0	0	11
1	0	0	11
1	0	0	11
1	0	0	11
1	0	0	11
1	0	0	11
1	0	0	11
1	0	0	11
1	0	0	11
1	0	0	11
1	0	0	11
1	0	0	11
1	0	0	1
1	0	0	1
1	0	0	1
1	0	0	1
1	0	0	12
1	0	0	12
1	0	0	12
1	0	0	12
1	0	0	12
1	0	0	12
1	0	0	12
1	0	0	12
1	0	0	12
1	0	0	12
1	0	0	12
1	0	0	12
1	0	0	12
1	0	0	12
1	0	0	12
1	0	0	12
1	0	0	12
1	0	0	12
1	0	0	12
1	0	0	12
1	0	0	1
1	0	0	1
1	0	0	1
1	0	0	13
1	0	0	13
1	0	0	13
1	0	0	13
1	0	0	13
1	0	0	13
1	0	0	13
1	0	0	13
1	0	0	13
1	0	0	13
1	0	0	13
1	0	0	13
1	0	0	13
1	0	0	13
1	0	0	13
1	0	0	13
1	0	0	13
1	0	0	13
1	0	0	13
1	0	0	13
1	0	0	14
1	0	0	14
1	0	0	14
1	0	0	14
1	0	0	14
1	0	0	14
1	0	0	14
1	0	0	14
1	0	0	14
1	0	0	14
1	0	0	14
1	0	0	14
1	0	0	14
1	0	0	14
1	0	0	14
1	0	0	14
1	0	0	14
1	0	0	14
1	0	0	14
1	0	0	14
1	0	0	15
1	0	0	15
1	0	0	15
1	0	0	15
1	0	0	15
1	0	0	15
1	0	0	15
1	0	0	15
1	0	0	15
1	0	0	15
1	0	0	15
1	0	0	15
1	0	0	15
1	0	0	15
1	0	0	15
1	0	0	15
1	0	0	15
1	0	0	15
1	0	0	15
1	0	0	15
1	0	0	16
1	0	0	16
1	0	0	16
1	0	0	16
1	0	0	16
1	0	0	16
1	0	0	16
1	0	0	16
1	0	0	16
1	0	0	16
1	0	0	16
1	0	0	16
1	0	0	16
1	0	0	16
1	0	0	16
1	0	0	16
1	0	0	16
1	0	0	16
1	0	0	16
1	0	0	16
1	0	0	1
1	0	0	1
1	0	0	17
1	0	0	17
1	0	0	17
1	0	0	17
1	0	0	17
1	0	0	17
1	0	0	17
1	0	0	17
1	0	0	17
1	0	0	17
1	0	0	17
1	0	0	17
1	0	0	17
1	0	0	17
1	0	0	17
1	0	0	17
1	0	0	17
1	0	0	17
1	0	0	17
1	0	0	17
1	0	0	1
1	0	0	1
1	0	0	18
1	0	0	18
1	0	0	18
1	0	0	19
1	0	0	19
1	0	0	19
1	0	0	19
1	0	0	19
1	0	0	19
1	0	0	19
1	0	0	19
1	0	0	19
1	0	0	19
1	0	0	19
1	0	0	19
1	0	0	19
1	0	0	19
1	0	0	19
1	0	0	19
1	0	0	19
1	0	0	19
1	0	0	18
1	0	0	18
1	0	0	19
1	0	0	19
1	0	0	18
1	0	0	18
1	0	0	18
1	0	0	18
1	0	0	18
1	0	0	18
1	0	0	18
1	0	0	18
1	0	0	18
1	0	0	18
1	0	0	18
1	0	0	18
1	0	0	18
1	0	0	18
1	0	0	18
0.1	3	2	2
0.1	6	5	2
0.1	382	4	2
0.1	9	8	2
0.1	384	7	2
0.1	11	10	2
0.1	386	385	2
0.1	387	383	2
0.1	13	12	2
0.1	15	14	2
0.1	390	389	2
0.1	17	16	2
0.1	392	391	2
0.1	19	18	2
0.1	21	20	2
0.1	395	394	2
0.1	396	393	2
0.1	397	388	2
0.1	398	381	2
0.1	25	24	3
0.1	29	28	3
0.1	31	30	3
0.1	402	401	3
0.1	32	403	3
0.1	404	27	3
0.1	405	26	3
0.1	406	400	3
0.1	407	23	3
0.1	33	408	3
0.1	409	22	3
0.1	35	34	3
0.1	38	37	3
0.1	40	39	3
0.1	413	412	3
0.1	414	36	3
0.1	41	415	3
0.1	416	411	3
0.1	417	410	3
0.1	43	42	4
0.1	45	44	4
0.1	420	419	4
0.1	48	47	4
0.1	422	46	4
0.1	51	50	4
0.1	424	49	4
0.1	425	423	4
0.1	426	421	4
0.1	52	427	4
0.1	56	55	4
0.1	59	58	4
0.1	430	57	4
0.1	431	429	4
0.1	432	54	4
0.1	433	53	4
0.1	61	60	4
0.1	435	434	4
0.1	436	428	4
0.1	437	418	4
0.1	438	399	1
0.1	439	1	1
0.1	68	67	5
0.1	71	70	5
0.1	442	69	5
0.1	443	441	5
0.1	444	66	5
0.1	73	72	5
0.1	446	445	5
0.1	447	65	5
0.1	448	64	5
0.1	74	449	5
0.1	77	76	5
0.1	79	78	5
0.1	80	452	5
0.1	453	451	5
0.1	454	75	5
0.1	455	450	5
0.1	456	63	5
0.1	82	81	5
0.1	458	457	5
0.1	83	459	1
0.1	460	62	1
0.1	85	84	6
0.1	89	88	6
0.1	463	87	6
0.1	464	86	6
0.1	93	92	6
0.1	466	91	6
0.1	467	90	6
0.1	94	468	6
0.1	96	95	6
0.1	470	469	6
0.1	99	98	6
0.1	100	472	6
0.1	102	101	6
0.1	103	474	6
0.1	475	473	6
0.1	476	97	6
0.1	477	471	6
0.1	478	465	6
0.1	479	462	6
0.1	106	105	7
0.1	110	109	7
0.1	111	482	7
0.1	483	108	7
0.1	484	107	7
0.1	485	481	7
0.1	486	104	7
0.1	113	112	7
0.1	115	114	7
0.1	117	116	7
0.1	490	489	7
0.1	491	488	7
0.1	492	487	7
0.1	119	118	7
0.1	120	494	7
0.1	121	495	7
0.1	123	122	7
0.1	497	496	7
0.1	498	493	7
0.1	499	480	6
0.1	126	125	8
0.1	501	124	8
0.1	129	128	8
0.1	130	503	8
0.1	504	127	8
0.1	131	505	8
0.1	506	502	8
0.1	134	133	8
0.1	135	508	8
0.1	136	509	8
0.1	510	132	8
0.1	137	511	8
0.1	140	139	8
0.1	142	141	8
0.1	514	513	8
0.1	515	138	8
0.1	143	516	8
0.1	517	512	8
0.1	518	507	8
0.1	519	500	1
0.1	144	520	1
0.1	150	149	9
0.1	151	522	9
0.1	153	152	9
0.1	524	523	9
0.1	156	155	9
0.1	157	526	9
0.1	527	154	9
0.1	159	158	9
0.1	160	529	9
0.1	530	528	9
0.1	162	161	9
0.1	164	163	9
0.1	166	165	9
0.1	534	533	9
0.1	535	532	9
0.1	536	531	9
0.1	537	525	9
0.1	168	167	9
0.1	539	538	9
0.1	170	169	10
0.1	171	541	10
0.1	173	172	10
0.1	175	174	10
0.1	178	177	10
0.1	181	180	10
0.1	546	179	10
0.1	547	545	10
0.1	548	176	10
0.1	549	544	10
0.1	550	543	10
0.1	551	542	10
0.1	183	182	10
0.1	185	184	10
0.1	554	553	10
0.1	187	186	10
0.1	188	556	10
0.1	557	555	10
0.1	558	552	10
0.1	559	540	10
0.1	560	148	1
0.1	561	147	1
0.1	562	146	1
0.1	189	563	1
0.1	564	145	1
0.1	565	521	1
0.1	566	461	1
0.1	191	190	11
0.1	194	193	11
0.1	196	195	11
0.1	199	198	11
0.1	571	197	11
0.1	572	570	11
0.1	573	569	11
0.1	201	200	11
0.1	203	202	11
0.1	204	576	11
0.1	206	205	11
0.1	578	577	11
0.1	207	579	11
0.1	580	575	11
0.1	209	208	11
0.1	582	581	11
0.1	583	574	11
0.1	584	192	11
0.1	585	568	11
0.1	586	567	1
0.1	210	587	1
0.1	588	440	1
0.1	212	211	1
0.1	215	214	12
0.1	219	218	12
0.1	220	592	12
0.1	593	217	12
0.1	223	222	12
0.1	224	595	12
0.1	226	225	12
0.1	597	596	12
0.1	598	221	12
0.1	599	594	12
0.1	600	216	12
0.1	601	591	12
0.1	228	227	12
0.1	232	231	12
0.1	604	230	12
0.1	605	229	12
0.1	606	603	12
0.1	233	607	12
0.1	608	602	12
0.1	234	609	1
0.1	610	213	1
0.1	235	611	1
0.1	236	612	1
0.1	613	590	1
0.1	240	239	13
0.1	241	615	13
0.1	616	238	13
0.1	244	243	13
0.1	246	245	13
0.1	619	618	13
0.1	248	247	13
0.1	621	620	13
0.1	250	249	13
0.1	255	254	13
0.1	624	253	13
0.1	625	252	13
0.1	626	251	13
0.1	256	627	13
0.1	628	623	13
0.1	629	622	13
0.1	630	242	13
0.1	260	259	14
0.1	632	258	14
0.1	633	257	14
0.1	262	261	14
0.1	635	634	14
0.1	263	636	14
0.1	265	264	14
0.1	638	637	14
0.1	268	267	14
0.1	269	640	14
0.1	641	266	14
0.1	272	271	14
0.1	274	273	14
0.1	644	643	14
0.1	645	270	14
0.1	275	646	14
0.1	647	642	14
0.1	276	648	14
0.1	649	639	14
0.1	278	277	15
0.1	281	280	15
0.1	652	279	15
0.1	653	651	15
0.1	284	283	15
0.1	286	285	15
0.1	656	655	15
0.1	657	282	15
0.1	658	654	15
0.1	289	288	15
0.1	660	287	15
0.1	291	290	15
0.1	662	661	15
0.1	292	663	15
0.1	294	293	15
0.1	295	665	15
0.1	666	664	15
0.1	667	659	15
0.1	296	668	15
0.1	669	650	13
0.1	299	298	16
0.1	300	671	16
0.1	302	301	16
0.1	304	303	16
0.1	674	673	16
0.1	675	672	16
0.1	676	297	16
0.1	307	306	16
0.1	309	308	16
0.1	679	678	16
0.1	680	305	16
0.1	312	311	16
0.1	682	310	16
0.1	315	314	16
0.1	684	313	16
0.1	316	685	16
0.1	686	683	16
0.1	687	681	16
0.1	688	677	16
0.1	689	670	13
0.1	690	631	13
0.1	691	617	13
0.1	692	237	13
0.1	693	614	1
0.1	318	317	1
0.1	321	320	17
0.1	325	324	17
0.1	697	323	17
0.1	698	322	17
0.1	699	696	17
0.1	328	327	17
0.1	331	330	17
0.1	702	329	17
0.1	703	701	17
0.1	333	332	17
0.1	705	704	17
0.1	706	326	17
0.1	334	707	17
0.1	708	700	17
0.1	338	337	17
0.1	710	336	17
0.1	711	335	17
0.1	712	709	17
0.1	713	319	17
0.1	340	339	1
0.1	715	714	1
0.1	716	695	1
0.1	717	694	1
0.1	342	341	18
0.1	343	719	18
0.1	348	347	19
0.1	721	346	19
0.1	350	349	19
0.1	351	723	19
0.1	353	352	19
0.1	354	725	19
0.1	726	724	19
0.1	355	727	19
0.1	728	722	19
0.1	357	356	19
0.1	358	730	19
0.1	731	729	19
0.1	732	345	19
0.1	360	359	19
0.1	363	362	18
0.1	364	735	19
0.1	365	736	19
0.1	737	361	19
0.1	738	734	19
0.1	739	733	19
0.1	740	344	19
0.1	367	366	18
0.1	368	742	18
0.1	371	370	18
0.1	373	372	18
0.1	745	744	18
0.1	746	369	18
0.1	375	374	18
0.1	376	748	18
0.1	749	747	18
0.1	750	743	18
0.1	380	379	18
0.1	752	378	18
0.1	753	377	18
0.1	754	751	18
0.1	755	741	18
0.1	756	720	18
0.1	757	718	1
0.1	758	589	1
