1	0	0	1
1	0	0	1
1	0	0	1
1	0	0	1
1	0	0	1
1	0	0	1
1	0	0	1
1	0	0	1
1	0	0	1
1	0	0	1
1	0	0	1
1	0	0	1
1	0	0	1
1	0	0	1
1	0	0	1
1	0	0	1
1	0	0	1
1	0	0	1
1	0	0	1
1	0	0	1
1	0	0	2
1	0	0	2
1	0	0	2
1	0	0	2
1	0	0	2
1	0	0	2
1	0	0	2
1	0	0	2
1	0	0	2
1	0	0	2
1	0	0	2
1	0	0	2
1	0	0	2
1	0	0	2
1	0	0	2
1	0	0	2
1	0	0	2
1	0	0	2
1	0	0	2
1	0	0	2
1	0	0	3
1	0	0	3
1	0	0	3
1	0	0	3
1	0	0	3
1	0	0	3
1	0	0	3
1	0	0	3
1	0	0	3
1	0	0	3
1	0	0	3
1	0	0	3
1	0	0	3
1	0	0	3
1	0	0	3
1	0	0	3
1	0	0	4
1	0	0	4
1	0	0	4
1	0	0	4
1	0	0	4
1	0	0	4
1	0	0	4
1	0	0	4
1	0	0	4
1	0	0	4
1	0	0	4
1	0	0	4
1	0	0	4
1	0	0	4
1	0	0	4
1	0	0	4
1	0	0	4
1	0	0	4
1	0	0	4
1	0	0	4
1	0	0	3
1	0	0	3
1	0	0	3
1	0	0	3
1	0	0	5
1	0	0	5
1	0	0	5
1	0	0	5
1	0	0	5
1	0	0	5
1	0	0	5
1	0	0	5
1	0	0	5
1	0	0	5
1	0	0	5
1	0	0	5
1	0	0	5
1	0	0	5
1	0	0	5
1	0	0	5
1	0	0	6
1	0	0	6
1	0	0	6
1	0	0	6
1	0	0	6
1	0	0	6
1	0	0	6
1	0	0	6
1	0	0	6
1	0	0	5
1	0	0	6
1	0	0	6
1	0	0	6
1	0	0	6
1	0	0	6
1	0	0	6
1	0	0	6
1	0	0	6
1	0	0	6
1	0	0	6
1	0	0	6
1	0	0	5
1	0	0	5
1	0	0	5
1	0	0	7
1	0	0	7
1	0	0	7
1	0	0	7
1	0	0	7
1	0	0	7
1	0	0	7
1	0	0	7
1	0	0	7
1	0	0	7
1	0	0	7
1	0	0	7
1	0	0	7
1	0	0	7
1	0	0	8
1	0	0	8
1	0	0	8
1	0	0	8
1	0	0	8
1	0	0	8
1	0	0	8
1	0	0	8
1	0	0	8
1	0	0	8
1	0	0	8
1	0	0	8
1	0	0	8
1	0	0	8
1	0	0	8
1	0	0	8
1	0	0	8
1	0	0	8
1	0	0	8
1	0	0	8
1	0	0	9
1	0	0	9
1	0	0	9
1	0	0	9
1	0	0	9
1	0	0	9
1	0	0	9
1	0	0	9
1	0	0	9
1	0	0	9
1	0	0	9
1	0	0	9
1	0	0	9
1	0	0	9
1	0	0	9
1	0	0	9
1	0	0	9
1	0	0	9
1	0	0	9
1	0	0	9
1	0	0	7
1	0	0	10
1	0	0	10
1	0	0	10
1	0	0	10
1	0	0	10
1	0	0	10
1	0	0	10
1	0	0	10
1	0	0	10
1	0	0	10
1	0	0	10
1	0	0	10
1	0	0	10
1	0	0	10
1	0	0	10
1	0	0	10
1	0	0	10
1	0	0	10
1	0	0	10
1	0	0	10
1	0	0	7
1	0	0	7
1	0	0	7
1	0	0	7
1	0	0	11
1	0	0	11
1	0	0	7
1	0	0	11
1	0	0	11
1	0	0	11
1	0	0	11
1	0	0	11
1	0	0	11
1	0	0	11
1	0	0	11
1	0	0	11
1	0	0	12
1	0	0	12
1	0	0	12
1	0	0	12
1	0	0	12
1	0	0	12
1	0	0	12
1	0	0	12
1	0	0	12
1	0	0	12
1	0	0	12
1	0	0	12
1	0	0	12
1	0	0	12
1	0	0	12
1	0	0	12
1	0	0	12
1	0	0	12
1	0	0	12
1	0	0	12
1	0	0	11
1	0	0	11
1	0	0	11
1	0	0	11
1	0	0	11
1	0	0	11
1	0	0	11
1	0	0	11
1	0	0	13
1	0	0	13
1	0	0	13
1	0	0	13
1	0	0	13
1	0	0	13
1	0	0	13
1	0	0	13
1	0	0	13
1	0	0	13
1	0	0	13
1	0	0	13
1	0	0	13
1	0	0	13
1	0	0	13
1	0	0	13
1	0	0	13
1	0	0	13
1	0	0	13
1	0	0	13
1	0	0	14
1	0	0	14
1	0	0	14
1	0	0	14
1	0	0	14
1	0	0	14
1	0	0	14
1	0	0	14
1	0	0	14
1	0	0	14
1	0	0	15
1	0	0	15
1	0	0	15
1	0	0	15
1	0	0	15
1	0	0	15
1	0	0	15
1	0	0	15
1	0	0	15
1	0	0	15
1	0	0	15
1	0	0	15
1	0	0	15
1	0	0	15
1	0	0	15
1	0	0	15
1	0	0	15
1	0	0	15
1	0	0	15
1	0	0	15
1	0	0	14
1	0	0	14
1	0	0	14
1	0	0	14
1	0	0	14
1	0	0	16
1	0	0	16
1	0	0	16
1	0	0	16
1	0	0	16
1	0	0	16
1	0	0	16
1	0	0	16
1	0	0	16
1	0	0	16
1	0	0	16
1	0	0	16
1	0	0	16
1	0	0	16
1	0	0	16
1	0	0	16
1	0	0	16
1	0	0	16
1	0	0	16
1	0	0	16
1	0	0	14
1	0	0	14
1	0	0	14
1	0	0	14
1	0	0	14
1	0	0	11
1	0	0	17
1	0	0	17
1	0	0	17
1	0	0	17
1	0	0	18
1	0	0	18
1	0	0	18
1	0	0	18
1	0	0	18
1	0	0	18
1	0	0	18
1	0	0	18
1	0	0	18
1	0	0	18
1	0	0	18
1	0	0	18
1	0	0	18
1	0	0	18
1	0	0	18
1	0	0	18
1	0	0	18
1	0	0	18
1	0	0	18
1	0	0	18
1	0	0	17
1	0	0	17
1	0	0	17
1	0	0	17
1	0	0	19
1	0	0	19
1	0	0	19
1	0	0	19
1	0	0	19
1	0	0	19
1	0	0	19
1	0	0	19
1	0	0	19
1	0	0	19
1	0	0	19
1	0	0	19
1	0	0	19
1	0	0	19
1	0	0	19
1	0	0	19
1	0	0	19
1	0	0	19
1	0	0	19
1	0	0	19
1	0	0	20
1	0	0	20
1	0	0	20
1	0	0	20
1	0	0	20
1	0	0	20
1	0	0	20
1	0	0	20
1	0	0	20
1	0	0	20
1	0	0	20
1	0	0	20
1	0	0	20
1	0	0	20
1	0	0	20
1	0	0	20
1	0	0	20
1	0	0	20
1	0	0	20
1	0	0	20
1	0	0	21
1	0	0	21
1	0	0	21
1	0	0	21
1	0	0	21
1	0	0	21
1	0	0	21
1	0	0	21
1	0	0	21
1	0	0	21
1	0	0	21
1	0	0	21
1	0	0	21
1	0	0	21
1	0	0	21
1	0	0	21
1	0	0	21
1	0	0	21
1	0	0	21
1	0	0	21
1	0	0	17
1	0	0	17
1	0	0	17
1	0	0	22
1	0	0	22
1	0	0	22
1	0	0	22
1	0	0	22
1	0	0	22
1	0	0	22
1	0	0	22
1	0	0	22
1	0	0	22
1	0	0	22
1	0	0	22
1	0	0	22
1	0	0	22
1	0	0	22
1	0	0	22
1	0	0	22
1	0	0	22
1	0	0	22
1	0	0	22
1	0	0	23
1	0	0	23
1	0	0	23
1	0	0	23
1	0	0	23
1	0	0	23
1	0	0	23
1	0	0	23
1	0	0	23
1	0	0	23
1	0	0	23
1	0	0	23
1	0	0	23
1	0	0	23
1	0	0	23
1	0	0	23
1	0	0	23
1	0	0	23
1	0	0	23
1	0	0	23
1	0	0	24
1	0	0	24
1	0	0	24
1	0	0	24
1	0	0	24
1	0	0	25
1	0	0	25
1	0	0	25
1	0	0	25
1	0	0	25
1	0	0	25
1	0	0	25
1	0	0	25
1	0	0	25
1	0	0	25
1	0	0	25
1	0	0	25
1	0	0	25
1	0	0	25
1	0	0	25
1	0	0	25
1	0	0	25
1	0	0	25
1	0	0	25
1	0	0	25
1	0	0	24
1	0	0	24
1	0	0	24
1	0	0	24
1	0	0	24
1	0	0	24
1	0	0	24
1	0	0	24
1	0	0	24
1	0	0	24
1	0	0	24
1	0	0	24
1	0	0	24
1	0	0	24
1	0	0	24
1	0	0	17
1	0	0	17
1	0	0	17
1	0	0	17
1	0	0	17
1	0	0	17
1	0	0	17
1	0	0	17
1	0	0	17
1	0	0	26
1	0	0	26
1	0	0	26
1	0	0	26
1	0	0	26
1	0	0	26
1	0	0	26
1	0	0	26
1	0	0	26
1	0	0	26
1	0	0	26
1	0	0	26
1	0	0	26
1	0	0	26
1	0	0	26
1	0	0	26
1	0	0	26
1	0	0	26
1	0	0	26
1	0	0	26
1	0	0	27
1	0	0	27
1	0	0	28
1	0	0	28
1	0	0	28
1	0	0	28
1	0	0	28
1	0	0	28
1	0	0	28
1	0	0	28
1	0	0	28
1	0	0	28
1	0	0	28
1	0	0	28
1	0	0	28
1	0	0	28
1	0	0	28
1	0	0	28
1	0	0	28
1	0	0	28
1	0	0	28
1	0	0	28
1	0	0	27
1	0	0	27
1	0	0	27
1	0	0	27
1	0	0	27
1	0	0	27
1	0	0	27
1	0	0	27
1	0	0	27
1	0	0	27
1	0	0	27
1	0	0	29
1	0	0	29
1	0	0	29
1	0	0	29
1	0	0	29
1	0	0	29
1	0	0	29
1	0	0	29
1	0	0	29
1	0	0	29
1	0	0	29
1	0	0	29
1	0	0	29
1	0	0	29
1	0	0	29
1	0	0	29
1	0	0	29
1	0	0	29
1	0	0	29
1	0	0	29
1	0	0	27
1	0	0	27
1	0	0	27
1	0	0	27
1	0	0	27
1	0	0	27
1	0	0	27
1	0	0	30
1	0	0	30
1	0	0	30
1	0	0	30
1	0	0	30
1	0	0	30
1	0	0	30
1	0	0	30
1	0	0	30
1	0	0	30
1	0	0	30
1	0	0	30
1	0	0	30
1	0	0	30
1	0	0	30
1	0	0	30
1	0	0	30
1	0	0	30
1	0	0	30
1	0	0	30
1	0	0	31
1	0	0	31
1	0	0	31
1	0	0	31
1	0	0	31
1	0	0	31
1	0	0	31
1	0	0	31
1	0	0	31
1	0	0	31
1	0	0	31
1	0	0	31
1	0	0	31
1	0	0	31
1	0	0	31
1	0	0	31
1	0	0	31
1	0	0	31
1	0	0	31
1	0	0	31
1	0	0	32
1	0	0	32
1	0	0	32
1	0	0	32
1	0	0	32
1	0	0	33
1	0	0	33
1	0	0	33
1	0	0	33
1	0	0	33
1	0	0	33
1	0	0	34
1	0	0	34
1	0	0	34
1	0	0	35
1	0	0	35
1	0	0	35
1	0	0	35
1	0	0	35
1	0	0	35
1	0	0	35
1	0	0	35
1	0	0	35
1	0	0	35
1	0	0	35
1	0	0	35
1	0	0	35
1	0	0	35
1	0	0	35
1	0	0	35
1	0	0	35
1	0	0	35
1	0	0	35
1	0	0	35
1	0	0	36
1	0	0	36
1	0	0	36
1	0	0	36
1	0	0	36
1	0	0	36
1	0	0	36
1	0	0	36
1	0	0	36
1	0	0	36
1	0	0	36
1	0	0	36
1	0	0	36
1	0	0	36
1	0	0	36
1	0	0	36
1	0	0	36
1	0	0	36
1	0	0	36
1	0	0	36
1	0	0	34
1	0	0	34
1	0	0	34
1	0	0	34
1	0	0	34
1	0	0	34
1	0	0	34
1	0	0	34
1	0	0	34
1	0	0	34
1	0	0	34
1	0	0	34
1	0	0	34
1	0	0	34
1	0	0	34
1	0	0	34
1	0	0	34
1	0	0	37
1	0	0	37
1	0	0	37
1	0	0	37
1	0	0	37
1	0	0	37
1	0	0	37
1	0	0	37
1	0	0	38
1	0	0	38
1	0	0	38
1	0	0	38
1	0	0	38
1	0	0	38
1	0	0	38
1	0	0	38
1	0	0	38
1	0	0	38
1	0	0	38
1	0	0	38
1	0	0	38
1	0	0	38
1	0	0	38
1	0	0	38
1	0	0	38
1	0	0	38
1	0	0	38
1	0	0	38
1	0	0	37
1	0	0	37
1	0	0	39
1	0	0	39
1	0	0	39
1	0	0	39
1	0	0	39
1	0	0	39
1	0	0	39
1	0	0	39
1	0	0	39
1	0	0	39
1	0	0	39
1	0	0	39
1	0	0	39
1	0	0	39
1	0	0	39
1	0	0	39
1	0	0	39
1	0	0	39
1	0	0	39
1	0	0	39
1	0	0	37
1	0	0	37
1	0	0	37
1	0	0	37
1	0	0	37
1	0	0	37
1	0	0	37
1	0	0	37
1	0	0	37
1	0	0	37
1	0	0	40
1	0	0	40
1	0	0	40
1	0	0	40
1	0	0	40
1	0	0	40
1	0	0	40
1	0	0	40
1	0	0	40
1	0	0	40
1	0	0	40
1	0	0	40
1	0	0	40
1	0	0	40
1	0	0	40
1	0	0	40
1	0	0	40
1	0	0	40
1	0	0	40
1	0	0	40
1	0	0	41
1	0	0	41
1	0	0	41
1	0	0	41
1	0	0	41
1	0	0	41
1	0	0	41
1	0	0	41
1	0	0	41
1	0	0	41
1	0	0	41
1	0	0	41
1	0	0	41
1	0	0	41
1	0	0	41
1	0	0	41
1	0	0	41
1	0	0	41
1	0	0	41
1	0	0	41
1	0	0	42
1	0	0	42
1	0	0	42
1	0	0	42
1	0	0	42
1	0	0	42
1	0	0	42
1	0	0	42
1	0	0	42
1	0	0	42
1	0	0	42
1	0	0	42
1	0	0	42
1	0	0	42
1	0	0	42
1	0	0	42
1	0	0	42
1	0	0	42
1	0	0	42
1	0	0	42
1	0	0	43
1	0	0	43
1	0	0	43
1	0	0	43
1	0	0	43
1	0	0	43
1	0	0	43
1	0	0	43
1	0	0	43
1	0	0	43
1	0	0	43
1	0	0	43
1	0	0	43
1	0	0	43
1	0	0	43
1	0	0	43
1	0	0	43
1	0	0	43
1	0	0	43
1	0	0	43
1	0	0	44
1	0	0	44
1	0	0	44
1	0	0	44
1	0	0	44
1	0	0	44
1	0	0	44
1	0	0	44
1	0	0	44
1	0	0	44
1	0	0	45
1	0	0	45
1	0	0	45
1	0	0	45
1	0	0	45
1	0	0	45
1	0	0	45
1	0	0	45
1	0	0	45
1	0	0	45
1	0	0	45
1	0	0	45
1	0	0	45
1	0	0	45
1	0	0	45
1	0	0	45
1	0	0	45
1	0	0	45
1	0	0	45
1	0	0	45
1	0	0	46
1	0	0	46
1	0	0	46
1	0	0	46
1	0	0	46
1	0	0	46
1	0	0	46
1	0	0	46
1	0	0	46
1	0	0	46
1	0	0	46
1	0	0	46
1	0	0	46
1	0	0	46
1	0	0	46
1	0	0	46
1	0	0	46
1	0	0	46
1	0	0	46
1	0	0	46
1	0	0	47
1	0	0	47
1	0	0	47
1	0	0	47
1	0	0	47
1	0	0	47
1	0	0	47
1	0	0	47
1	0	0	47
1	0	0	47
1	0	0	47
1	0	0	47
1	0	0	47
1	0	0	47
1	0	0	47
1	0	0	47
1	0	0	47
1	0	0	47
1	0	0	47
1	0	0	47
1	0	0	44
1	0	0	44
1	0	0	44
1	0	0	44
1	0	0	44
1	0	0	44
1	0	0	44
1	0	0	44
1	0	0	44
1	0	0	44
1	0	0	48
1	0	0	48
1	0	0	48
1	0	0	48
1	0	0	48
1	0	0	48
1	0	0	48
1	0	0	48
1	0	0	48
1	0	0	48
1	0	0	48
1	0	0	48
1	0	0	48
1	0	0	48
1	0	0	48
1	0	0	48
1	0	0	48
1	0	0	48
1	0	0	48
1	0	0	48
1	0	0	49
1	0	0	49
1	0	0	49
1	0	0	49
1	0	0	49
1	0	0	49
1	0	0	49
1	0	0	49
1	0	0	49
1	0	0	49
1	0	0	49
1	0	0	49
1	0	0	49
1	0	0	49
1	0	0	49
1	0	0	49
1	0	0	49
1	0	0	49
1	0	0	49
1	0	0	49
1	0	0	50
1	0	0	50
1	0	0	50
1	0	0	50
1	0	0	50
1	0	0	50
1	0	0	50
1	0	0	50
1	0	0	50
1	0	0	50
1	0	0	50
1	0	0	50
1	0	0	50
1	0	0	50
1	0	0	50
1	0	0	50
1	0	0	50
1	0	0	50
1	0	0	50
1	0	0	50
1	0	0	33
1	0	0	33
1	0	0	33
1	0	0	33
1	0	0	33
1	0	0	33
1	0	0	33
1	0	0	33
1	0	0	33
1	0	0	33
1	0	0	33
1	0	0	33
1	0	0	33
1	0	0	33
1	0	0	51
1	0	0	51
1	0	0	51
1	0	0	51
1	0	0	51
1	0	0	51
1	0	0	51
1	0	0	51
1	0	0	51
1	0	0	51
1	0	0	51
1	0	0	51
1	0	0	51
1	0	0	51
1	0	0	51
1	0	0	51
1	0	0	51
1	0	0	51
1	0	0	51
1	0	0	51
1	0	0	32
1	0	0	32
1	0	0	32
1	0	0	32
1	0	0	32
1	0	0	32
1	0	0	32
1	0	0	32
1	0	0	32
1	0	0	32
1	0	0	32
1	0	0	32
1	0	0	32
1	0	0	32
1	0	0	32
1	0	0	52
1	0	0	52
1	0	0	52
1	0	0	52
1	0	0	52
1	0	0	52
1	0	0	52
1	0	0	52
1	0	0	52
1	0	0	52
1	0	0	53
1	0	0	53
1	0	0	53
1	0	0	53
1	0	0	53
1	0	0	53
1	0	0	53
1	0	0	53
1	0	0	53
1	0	0	53
1	0	0	53
1	0	0	53
1	0	0	53
1	0	0	53
1	0	0	53
1	0	0	53
1	0	0	53
1	0	0	53
1	0	0	53
1	0	0	53
1	0	0	54
1	0	0	54
1	0	0	54
1	0	0	54
1	0	0	54
1	0	0	54
1	0	0	54
1	0	0	54
1	0	0	54
1	0	0	54
1	0	0	54
1	0	0	54
1	0	0	54
1	0	0	54
1	0	0	54
1	0	0	54
1	0	0	54
1	0	0	54
1	0	0	54
1	0	0	54
1	0	0	55
1	0	0	55
1	0	0	55
1	0	0	55
1	0	0	55
1	0	0	55
1	0	0	55
1	0	0	55
1	0	0	55
1	0	0	55
1	0	0	55
1	0	0	55
1	0	0	55
1	0	0	55
1	0	0	55
1	0	0	55
1	0	0	55
1	0	0	55
1	0	0	55
1	0	0	55
1	0	0	52
1	0	0	56
1	0	0	56
1	0	0	56
1	0	0	56
1	0	0	56
1	0	0	56
1	0	0	56
1	0	0	56
1	0	0	56
1	0	0	56
1	0	0	56
1	0	0	56
1	0	0	56
1	0	0	56
1	0	0	56
1	0	0	56
1	0	0	56
1	0	0	56
1	0	0	56
1	0	0	56
1	0	0	52
1	0	0	52
1	0	0	52
1	0	0	52
1	0	0	52
1	0	0	52
1	0	0	52
1	0	0	52
1	0	0	52
0.1	3	2	1
0.1	7	6	1
0.1	1122	5	1
0.1	1123	4	1
0.1	1124	1121	1
0.1	1125	1	1
0.1	10	9	1
0.1	11	1127	1
0.1	1128	8	1
0.1	1129	1126	1
0.1	14	13	1
0.1	1131	12	1
0.1	15	1132	1
0.1	17	16	1
0.1	20	19	1
0.1	1135	18	1
0.1	1136	1134	1
0.1	1137	1133	1
0.1	1138	1130	1
0.1	22	21	2
0.1	24	23	2
0.1	26	25	2
0.1	27	1142	2
0.1	1143	1141	2
0.1	1144	1140	2
0.1	32	31	2
0.1	1146	30	2
0.1	33	1147	2
0.1	1148	29	2
0.1	34	1149	2
0.1	1150	28	2
0.1	37	36	2
0.1	40	39	2
0.1	1153	38	2
0.1	1154	1152	2
0.1	1155	35	2
0.1	1156	1151	2
0.1	1157	1145	2
0.1	1158	1139	2
0.1	41	1159	3
0.1	43	42	3
0.1	1161	1160	3
0.1	46	45	3
0.1	47	1163	3
0.1	1164	44	3
0.1	52	51	3
0.1	1166	50	3
0.1	53	1167	3
0.1	1168	49	3
0.1	1169	48	3
0.1	1170	1165	3
0.1	1171	1162	3
0.1	56	55	3
0.1	60	59	4
0.1	61	1174	4
0.1	1175	58	4
0.1	64	63	4
0.1	1177	62	4
0.1	1178	1176	4
0.1	66	65	4
0.1	68	67	4
0.1	69	1181	4
0.1	1182	1180	4
0.1	1183	1179	4
0.1	1184	57	4
0.1	71	70	4
0.1	73	72	4
0.1	75	74	4
0.1	1188	1187	4
0.1	1189	1186	4
0.1	76	1190	4
0.1	1191	1185	4
0.1	1192	1173	3
0.1	1193	54	3
0.1	80	79	3
0.1	1195	78	3
0.1	83	82	5
0.1	1197	81	5
0.1	86	85	5
0.1	1199	84	5
0.1	89	88	5
0.1	1201	87	5
0.1	91	90	5
0.1	94	93	5
0.1	1204	92	5
0.1	95	1205	5
0.1	1206	1203	5
0.1	1207	1202	5
0.1	1208	1200	5
0.1	99	98	6
0.1	1210	97	6
0.1	101	100	6
0.1	1212	1211	6
0.1	103	102	6
0.1	104	1214	6
0.1	105	1215	6
0.1	1216	1213	6
0.1	108	107	6
0.1	111	110	6
0.1	1219	109	6
0.1	1220	1218	6
0.1	114	113	6
0.1	1222	112	6
0.1	117	116	6
0.1	1224	115	6
0.1	1225	1223	6
0.1	1226	1221	6
0.1	1227	106	5
0.1	1228	1217	5
0.1	1229	96	5
0.1	1230	1209	5
0.1	120	119	5
0.1	1232	118	5
0.1	1233	1231	5
0.1	1234	1198	5
0.1	1235	1196	3
0.1	1236	77	3
0.1	1237	1194	3
0.1	1238	1172	3
0.1	122	121	7
0.1	124	123	7
0.1	128	127	7
0.1	1242	126	7
0.1	1243	125	7
0.1	129	1244	7
0.1	132	131	7
0.1	1246	130	7
0.1	1247	1245	7
0.1	1248	1241	7
0.1	1249	1240	7
0.1	134	133	7
0.1	137	136	8
0.1	1252	135	8
0.1	140	139	8
0.1	1254	138	8
0.1	143	142	8
0.1	146	145	8
0.1	1257	144	8
0.1	1258	1256	8
0.1	1259	141	8
0.1	149	148	8
0.1	150	1261	8
0.1	1262	147	8
0.1	151	1263	8
0.1	153	152	8
0.1	154	1265	8
0.1	1266	1264	8
0.1	1267	1260	8
0.1	1268	1255	8
0.1	1269	1253	8
0.1	158	157	9
0.1	160	159	9
0.1	1272	1271	9
0.1	1273	156	9
0.1	1274	155	9
0.1	162	161	9
0.1	164	163	9
0.1	165	1277	9
0.1	1278	1276	9
0.1	169	168	9
0.1	1280	167	9
0.1	1281	166	9
0.1	170	1282	9
0.1	1283	1279	9
0.1	174	173	9
0.1	1285	172	9
0.1	1286	171	9
0.1	1287	1284	9
0.1	1288	1275	9
0.1	175	1289	7
0.1	1290	1270	7
0.1	177	176	10
0.1	180	179	10
0.1	182	181	10
0.1	1294	1293	10
0.1	1295	178	10
0.1	183	1296	10
0.1	184	1297	10
0.1	1298	1292	10
0.1	186	185	10
0.1	189	188	10
0.1	1301	187	10
0.1	1302	1300	10
0.1	192	191	10
0.1	194	193	10
0.1	1305	1304	10
0.1	1306	190	10
0.1	1307	1303	10
0.1	195	1308	10
0.1	1309	1299	10
0.1	197	196	7
0.1	198	1311	7
0.1	199	1312	7
0.1	1313	1310	7
0.1	1314	1291	7
0.1	1315	1251	7
0.1	201	200	11
0.1	206	205	11
0.1	1318	204	11
0.1	209	208	11
0.1	214	213	12
0.1	218	217	12
0.1	219	1322	12
0.1	1323	216	12
0.1	1324	215	12
0.1	1325	1321	12
0.1	221	220	12
0.1	222	1327	12
0.1	226	225	12
0.1	1329	224	12
0.1	227	1330	12
0.1	1331	223	12
0.1	1332	1328	12
0.1	228	1333	12
0.1	1334	1326	12
0.1	231	230	12
0.1	1336	229	12
0.1	1337	1335	12
0.1	1338	212	12
0.1	233	232	11
0.1	1340	1339	11
0.1	1341	211	11
0.1	235	234	11
0.1	1343	1342	11
0.1	1344	210	11
0.1	1345	1320	11
0.1	1346	207	11
0.1	238	237	11
0.1	242	241	13
0.1	1349	240	13
0.1	245	244	13
0.1	246	1351	13
0.1	1352	243	13
0.1	247	1353	13
0.1	248	1354	13
0.1	1355	1350	13
0.1	251	250	13
0.1	1357	249	13
0.1	1358	1356	13
0.1	253	252	13
0.1	255	254	13
0.1	256	1361	13
0.1	257	1362	13
0.1	259	258	13
0.1	1364	1363	13
0.1	1365	1360	13
0.1	1366	1359	13
0.1	1367	239	11
0.1	1368	1348	11
0.1	1369	236	11
0.1	1370	1347	11
0.1	1371	1319	11
0.1	1372	203	11
0.1	261	260	14
0.1	265	264	14
0.1	1375	263	14
0.1	1376	262	14
0.1	266	1377	14
0.1	267	1378	14
0.1	1379	1374	14
0.1	269	268	14
0.1	271	270	15
0.1	275	274	15
0.1	276	1383	15
0.1	1384	273	15
0.1	278	277	15
0.1	281	280	15
0.1	1387	279	15
0.1	1388	1386	15
0.1	1389	1385	15
0.1	1390	272	15
0.1	283	282	15
0.1	285	284	15
0.1	289	288	15
0.1	1394	287	15
0.1	1395	286	15
0.1	1396	1393	15
0.1	1397	1392	15
0.1	1398	1391	15
0.1	1399	1382	15
0.1	1400	1381	14
0.1	1401	1380	14
0.1	293	292	14
0.1	294	1403	14
0.1	1404	291	14
0.1	1405	290	14
0.1	298	297	16
0.1	299	1407	16
0.1	300	1408	16
0.1	1409	296	16
0.1	1410	295	16
0.1	303	302	16
0.1	304	1412	16
0.1	308	307	16
0.1	1414	306	16
0.1	1415	305	16
0.1	1416	1413	16
0.1	1417	301	16
0.1	1418	1411	16
0.1	311	310	16
0.1	1420	309	16
0.1	313	312	16
0.1	314	1422	16
0.1	1423	1421	16
0.1	1424	1419	16
0.1	316	315	14
0.1	319	318	14
0.1	1427	317	14
0.1	1428	1426	14
0.1	1429	1425	14
0.1	1430	1406	14
0.1	1431	1402	14
0.1	1432	1373	11
0.1	320	1433	11
0.1	1434	202	7
0.1	1435	1317	7
0.1	1436	1316	7
0.1	1437	1250	7
0.1	1438	1239	7
0.1	322	321	17
0.1	326	325	18
0.1	328	327	18
0.1	329	1442	18
0.1	1443	1441	18
0.1	330	1444	18
0.1	332	331	18
0.1	1446	1445	18
0.1	334	333	18
0.1	336	335	18
0.1	339	338	18
0.1	1450	337	18
0.1	1451	1449	18
0.1	343	342	18
0.1	1453	341	18
0.1	344	1454	18
0.1	1455	340	18
0.1	1456	1452	18
0.1	1457	1448	18
0.1	1458	1447	18
0.1	345	1459	17
0.1	347	346	17
0.1	1461	1460	17
0.1	1462	324	17
0.1	1463	323	17
0.1	352	351	19
0.1	353	1465	19
0.1	1466	350	19
0.1	1467	349	19
0.1	355	354	19
0.1	1469	1468	19
0.1	359	358	19
0.1	1471	357	19
0.1	361	360	19
0.1	1473	1472	19
0.1	1474	356	19
0.1	365	364	19
0.1	1476	363	19
0.1	1477	362	19
0.1	1478	1475	19
0.1	1479	1470	19
0.1	367	366	19
0.1	368	1481	19
0.1	1482	1480	19
0.1	371	370	20
0.1	1484	369	20
0.1	374	373	20
0.1	1486	372	20
0.1	379	378	20
0.1	1488	377	20
0.1	1489	376	20
0.1	382	381	20
0.1	1491	380	20
0.1	1492	1490	20
0.1	384	383	20
0.1	385	1494	20
0.1	1495	1493	20
0.1	1496	375	20
0.1	388	387	20
0.1	391	390	21
0.1	394	393	21
0.1	1500	392	21
0.1	1501	1499	21
0.1	396	395	21
0.1	397	1503	21
0.1	1504	1502	21
0.1	399	398	21
0.1	400	1506	21
0.1	1507	1505	21
0.1	401	1508	21
0.1	1509	389	21
0.1	404	403	21
0.1	1511	402	21
0.1	405	1512	21
0.1	406	1513	21
0.1	407	1514	21
0.1	408	1515	21
0.1	1516	1510	21
0.1	1517	1498	20
0.1	1518	386	20
0.1	1519	1497	20
0.1	1520	1487	20
0.1	1521	1485	20
0.1	1522	1483	20
0.1	1523	348	17
0.1	1524	1464	17
0.1	1525	1440	17
0.1	411	410	17
0.1	1527	409	17
0.1	1528	1526	17
0.1	413	412	22
0.1	416	415	22
0.1	1531	414	22
0.1	1532	1530	22
0.1	419	418	22
0.1	1534	417	22
0.1	1535	1533	22
0.1	421	420	22
0.1	422	1537	22
0.1	425	424	22
0.1	1539	423	22
0.1	428	427	22
0.1	430	429	22
0.1	1542	1541	22
0.1	431	1543	22
0.1	1544	426	22
0.1	1545	1540	22
0.1	434	433	23
0.1	1547	432	23
0.1	437	436	23
0.1	438	1549	23
0.1	440	439	23
0.1	1551	1550	23
0.1	441	1552	23
0.1	1553	435	23
0.1	443	442	23
0.1	445	444	23
0.1	1556	1555	23
0.1	448	447	23
0.1	1558	446	23
0.1	1559	1557	23
0.1	451	450	23
0.1	1561	449	23
0.1	1562	1560	23
0.1	1563	1554	23
0.1	1564	1548	23
0.1	1565	1546	22
0.1	1566	1538	22
0.1	1567	1536	22
0.1	453	452	24
0.1	455	454	24
0.1	460	459	25
0.1	463	462	25
0.1	465	464	25
0.1	466	1573	25
0.1	467	1574	25
0.1	470	469	25
0.1	1576	468	25
0.1	1577	1575	25
0.1	1578	1572	25
0.1	1579	461	25
0.1	1580	1571	25
0.1	474	473	25
0.1	1582	472	25
0.1	1583	471	25
0.1	1584	1581	25
0.1	475	1585	25
0.1	476	1586	25
0.1	1587	458	25
0.1	1588	457	25
0.1	1589	456	24
0.1	1590	1570	24
0.1	1591	1569	24
0.1	479	478	24
0.1	1593	477	24
0.1	481	480	24
0.1	483	482	24
0.1	1596	1595	24
0.1	1597	1594	24
0.1	485	484	24
0.1	487	486	24
0.1	488	1600	24
0.1	1601	1599	24
0.1	489	1602	24
0.1	491	490	24
0.1	1604	1603	24
0.1	1605	1598	24
0.1	1606	1592	24
0.1	1607	1568	22
0.1	494	493	17
0.1	495	1609	17
0.1	497	496	17
0.1	1611	1610	17
0.1	1612	492	17
0.1	499	498	17
0.1	500	1614	17
0.1	1615	1613	17
0.1	502	501	26
0.1	503	1617	26
0.1	505	504	26
0.1	508	507	26
0.1	1620	506	26
0.1	511	510	26
0.1	1622	509	26
0.1	1623	1621	26
0.1	513	512	26
0.1	1625	1624	26
0.1	1626	1619	26
0.1	517	516	26
0.1	1628	515	26
0.1	518	1629	26
0.1	1630	514	26
0.1	1631	1627	26
0.1	520	519	26
0.1	1633	1632	26
0.1	522	521	27
0.1	526	525	28
0.1	527	1636	28
0.1	530	529	28
0.1	531	1638	28
0.1	532	1639	28
0.1	1640	528	28
0.1	1641	1637	28
0.1	1642	524	28
0.1	534	533	28
0.1	538	537	28
0.1	541	540	28
0.1	1646	539	28
0.1	542	1647	28
0.1	1648	1645	28
0.1	1649	536	28
0.1	1650	535	28
0.1	1651	1644	28
0.1	1652	1643	28
0.1	1653	523	28
0.1	1654	1635	27
0.1	544	543	27
0.1	546	545	27
0.1	549	548	27
0.1	1658	547	27
0.1	551	550	27
0.1	1660	1659	27
0.1	1661	1657	27
0.1	1662	1656	27
0.1	553	552	27
0.1	555	554	29
0.1	557	556	29
0.1	1666	1665	29
0.1	560	559	29
0.1	1668	558	29
0.1	562	561	29
0.1	563	1670	29
0.1	564	1671	29
0.1	565	1672	29
0.1	568	567	29
0.1	569	1674	29
0.1	1675	566	29
0.1	1676	1673	29
0.1	572	571	29
0.1	573	1678	29
0.1	1679	570	29
0.1	1680	1677	29
0.1	1681	1669	29
0.1	1682	1667	29
0.1	1683	1664	27
0.1	575	574	27
0.1	578	577	27
0.1	580	579	27
0.1	1687	1686	27
0.1	1688	576	27
0.1	1689	1685	27
0.1	1690	1684	27
0.1	1691	1663	27
0.1	1692	1655	27
0.1	583	582	30
0.1	1694	581	30
0.1	585	584	30
0.1	1696	1695	30
0.1	590	589	30
0.1	1698	588	30
0.1	591	1699	30
0.1	595	594	30
0.1	1701	593	30
0.1	1702	592	30
0.1	598	597	30
0.1	1704	596	30
0.1	599	1705	30
0.1	1706	1703	30
0.1	1707	1700	30
0.1	1708	587	30
0.1	1709	586	30
0.1	600	1710	30
0.1	1711	1697	30
0.1	602	601	31
0.1	605	604	31
0.1	609	608	31
0.1	1715	607	31
0.1	612	611	31
0.1	613	1717	31
0.1	1718	610	31
0.1	1719	1716	31
0.1	1720	606	31
0.1	615	614	31
0.1	616	1722	31
0.1	617	1723	31
0.1	1724	1721	31
0.1	1725	1714	31
0.1	1726	603	31
0.1	1727	1713	31
0.1	619	618	31
0.1	1729	1728	31
0.1	620	1730	31
0.1	1731	1712	30
0.1	1732	1693	27
0.1	1733	1634	26
0.1	1734	1618	26
0.1	1735	1616	17
0.1	1736	1608	17
0.1	1737	1529	17
0.1	1738	1439	52
0.1	623	622	32
0.1	1740	621	32
0.1	624	1741	32
0.1	625	1742	32
0.1	628	627	33
0.1	1744	626	33
0.1	629	1745	33
0.1	631	630	33
0.1	633	632	34
0.1	634	1748	34
0.1	636	635	35
0.1	639	638	35
0.1	641	640	35
0.1	642	1752	35
0.1	1753	1751	35
0.1	1754	637	35
0.1	643	1755	35
0.1	1756	1750	35
0.1	647	646	35
0.1	1758	645	35
0.1	650	649	35
0.1	1760	648	35
0.1	653	652	35
0.1	654	1762	35
0.1	1763	651	35
0.1	1764	1761	35
0.1	1765	1759	35
0.1	1766	644	35
0.1	1767	1757	35
0.1	657	656	36
0.1	1769	655	36
0.1	662	661	36
0.1	1771	660	36
0.1	1772	659	36
0.1	1773	658	36
0.1	1774	1770	36
0.1	666	665	36
0.1	667	1776	36
0.1	1777	664	36
0.1	1778	663	36
0.1	669	668	36
0.1	673	672	36
0.1	1781	671	36
0.1	1782	670	36
0.1	674	1783	36
0.1	1784	1780	36
0.1	1785	1779	36
0.1	1786	1775	36
0.1	1787	1768	34
0.1	676	675	34
0.1	680	679	34
0.1	1790	678	34
0.1	1791	677	34
0.1	1792	1789	34
0.1	682	681	34
0.1	1794	1793	34
0.1	684	683	34
0.1	687	686	34
0.1	1797	685	34
0.1	688	1798	34
0.1	1799	1796	34
0.1	691	690	34
0.1	1801	689	34
0.1	1802	1800	34
0.1	1803	1795	34
0.1	694	693	37
0.1	696	695	37
0.1	1806	1805	37
0.1	698	697	37
0.1	1808	1807	37
0.1	1809	692	37
0.1	701	700	38
0.1	703	702	38
0.1	704	1812	38
0.1	706	705	38
0.1	1814	1813	38
0.1	1815	1811	38
0.1	709	708	38
0.1	710	1817	38
0.1	1818	707	38
0.1	1819	1816	38
0.1	712	711	38
0.1	714	713	38
0.1	1822	1821	38
0.1	717	716	38
0.1	1824	715	38
0.1	1825	1823	38
0.1	1826	1820	38
0.1	719	718	38
0.1	1828	1827	38
0.1	1829	699	37
0.1	721	720	37
0.1	724	723	39
0.1	725	1832	39
0.1	727	726	39
0.1	1834	1833	39
0.1	1835	722	39
0.1	729	728	39
0.1	734	733	39
0.1	1838	732	39
0.1	1839	731	39
0.1	1840	730	39
0.1	737	736	39
0.1	1842	735	39
0.1	741	740	39
0.1	1844	739	39
0.1	1845	738	39
0.1	1846	1843	39
0.1	1847	1841	39
0.1	1848	1837	39
0.1	1849	1836	39
0.1	744	743	37
0.1	745	1851	37
0.1	746	1852	37
0.1	1853	742	37
0.1	1854	1850	37
0.1	1855	1831	37
0.1	1856	1830	37
0.1	748	747	37
0.1	751	750	37
0.1	1859	749	37
0.1	1860	1858	37
0.1	1861	1857	37
0.1	1862	1810	37
0.1	755	754	40
0.1	1864	753	40
0.1	758	757	40
0.1	759	1866	40
0.1	1867	756	40
0.1	1868	1865	40
0.1	1869	752	40
0.1	761	760	40
0.1	762	1871	40
0.1	765	764	40
0.1	769	768	40
0.1	1874	767	40
0.1	770	1875	40
0.1	1876	766	40
0.1	1877	1873	40
0.1	1878	763	40
0.1	771	1879	40
0.1	1880	1872	40
0.1	1881	1870	40
0.1	774	773	41
0.1	1883	772	41
0.1	776	775	41
0.1	1885	1884	41
0.1	780	779	41
0.1	1887	778	41
0.1	1888	777	41
0.1	782	781	41
0.1	1890	1889	41
0.1	1891	1886	41
0.1	783	1892	41
0.1	788	787	41
0.1	1894	786	41
0.1	1895	785	41
0.1	1896	784	41
0.1	791	790	41
0.1	1898	789	41
0.1	1899	1897	41
0.1	1900	1893	41
0.1	1901	1882	44
0.1	794	793	42
0.1	797	796	42
0.1	1904	795	42
0.1	1905	1903	42
0.1	1906	792	42
0.1	801	800	42
0.1	803	802	42
0.1	1909	1908	42
0.1	1910	799	42
0.1	1911	798	42
0.1	805	804	42
0.1	807	806	42
0.1	1914	1913	42
0.1	810	809	42
0.1	811	1916	42
0.1	1917	808	42
0.1	1918	1915	42
0.1	1919	1912	42
0.1	1920	1907	42
0.1	816	815	43
0.1	1922	814	43
0.1	819	818	43
0.1	1924	817	43
0.1	1925	1923	43
0.1	822	821	43
0.1	823	1927	43
0.1	1928	820	43
0.1	1929	1926	43
0.1	1930	813	43
0.1	1931	812	43
0.1	826	825	43
0.1	828	827	43
0.1	830	829	43
0.1	831	1935	43
0.1	1936	1934	43
0.1	1937	1933	43
0.1	1938	824	43
0.1	1939	1932	43
0.1	1940	1921	42
0.1	835	834	44
0.1	1942	833	44
0.1	1943	832	44
0.1	1944	1941	44
0.1	840	839	44
0.1	1946	838	44
0.1	1947	837	44
0.1	1948	836	44
0.1	841	1949	44
0.1	1950	1945	44
0.1	1951	1902	44
0.1	844	843	45
0.1	846	845	45
0.1	1954	1953	45
0.1	849	848	45
0.1	850	1956	45
0.1	851	1957	45
0.1	1958	847	45
0.1	1959	1955	45
0.1	1960	842	45
0.1	853	852	45
0.1	857	856	45
0.1	1963	855	45
0.1	1964	854	45
0.1	860	859	45
0.1	1966	858	45
0.1	861	1967	45
0.1	1968	1965	45
0.1	1969	1962	45
0.1	865	864	46
0.1	1971	863	46
0.1	868	867	46
0.1	1973	866	46
0.1	870	869	46
0.1	872	871	46
0.1	1976	1975	46
0.1	874	873	46
0.1	1978	1977	46
0.1	1979	1974	46
0.1	1980	1972	46
0.1	1981	862	46
0.1	878	877	46
0.1	880	879	46
0.1	1984	1983	46
0.1	1985	876	46
0.1	1986	875	46
0.1	881	1987	46
0.1	1988	1982	46
0.1	1989	1970	45
0.1	883	882	47
0.1	887	886	47
0.1	888	1992	47
0.1	1993	885	47
0.1	1994	884	47
0.1	1995	1991	47
0.1	890	889	47
0.1	891	1997	47
0.1	895	894	47
0.1	896	1999	47
0.1	2000	893	47
0.1	898	897	47
0.1	2002	2001	47
0.1	2003	892	47
0.1	901	900	47
0.1	2005	899	47
0.1	2006	2004	47
0.1	2007	1998	47
0.1	2008	1996	47
0.1	2009	1990	45
0.1	2010	1961	45
0.1	904	903	44
0.1	2012	902	44
0.1	909	908	44
0.1	2014	907	44
0.1	911	910	44
0.1	913	912	48
0.1	916	915	48
0.1	2018	914	48
0.1	918	917	48
0.1	2020	2019	48
0.1	922	921	48
0.1	2022	920	48
0.1	923	2023	48
0.1	2024	919	48
0.1	925	924	48
0.1	926	2026	48
0.1	2027	2025	48
0.1	2028	2021	48
0.1	2029	2017	48
0.1	931	930	48
0.1	2031	929	48
0.1	2032	928	48
0.1	2033	927	48
0.1	2034	2030	48
0.1	2035	2016	44
0.1	2036	2015	44
0.1	2037	906	44
0.1	2038	905	44
0.1	2039	2013	44
0.1	2040	2011	44
0.1	2041	1952	44
0.1	2042	1863	44
0.1	935	934	49
0.1	937	936	49
0.1	938	2045	49
0.1	2046	2044	49
0.1	2047	933	49
0.1	2048	932	49
0.1	941	940	49
0.1	2050	939	49
0.1	2051	2049	49
0.1	943	942	49
0.1	945	944	49
0.1	947	946	49
0.1	2055	2054	49
0.1	949	948	49
0.1	2057	2056	49
0.1	2058	2053	49
0.1	951	950	49
0.1	2060	2059	49
0.1	2061	2052	49
0.1	2062	2043	49
0.1	2063	1804	34
0.1	954	953	50
0.1	2065	952	50
0.1	957	956	50
0.1	958	2067	50
0.1	2068	955	50
0.1	960	959	50
0.1	962	961	50
0.1	2071	2070	50
0.1	2072	2069	50
0.1	964	963	50
0.1	967	966	50
0.1	970	969	50
0.1	2076	968	50
0.1	2077	2075	50
0.1	971	2078	50
0.1	2079	965	50
0.1	2080	2074	50
0.1	2081	2073	50
0.1	2082	2066	50
0.1	2083	2064	34
0.1	2084	1788	34
0.1	2085	1749	34
0.1	973	972	33
0.1	974	2087	33
0.1	2088	2086	33
0.1	2089	1747	33
0.1	2090	1746	33
0.1	978	977	33
0.1	979	2092	33
0.1	2093	976	33
0.1	2094	975	33
0.1	980	2095	33
0.1	2096	2091	33
0.1	983	982	33
0.1	985	984	33
0.1	2099	2098	33
0.1	2100	981	33
0.1	2101	2097	33
0.1	988	987	51
0.1	989	2103	51
0.1	2104	986	51
0.1	993	992	51
0.1	994	2106	51
0.1	995	2107	51
0.1	2108	991	51
0.1	997	996	51
0.1	2110	2109	51
0.1	1001	1000	51
0.1	1003	1002	51
0.1	2113	2112	51
0.1	2114	999	51
0.1	2115	998	51
0.1	2116	2111	51
0.1	2117	990	51
0.1	2118	2105	51
0.1	1005	1004	51
0.1	2120	2119	51
0.1	2121	2102	51
0.1	2122	1743	32
0.1	1007	1006	32
0.1	2124	2123	32
0.1	1009	1008	32
0.1	2126	2125	32
0.1	1012	1011	32
0.1	2128	1010	32
0.1	1015	1014	32
0.1	2130	1013	32
0.1	1016	2131	32
0.1	1018	1017	32
0.1	2133	2132	32
0.1	1019	2134	32
0.1	2135	2129	32
0.1	2136	2127	32
0.1	1020	2137	32
0.1	1023	1022	52
0.1	1024	2139	52
0.1	1025	2140	52
0.1	1027	1026	52
0.1	1030	1029	52
0.1	1036	1035	53
0.1	2144	1034	53
0.1	2145	1033	53
0.1	2146	1032	53
0.1	1038	1037	53
0.1	2148	2147	53
0.1	1040	1039	53
0.1	1043	1042	53
0.1	2151	1041	53
0.1	2152	2150	53
0.1	2153	2149	53
0.1	1045	1044	53
0.1	1046	2155	53
0.1	2156	2154	53
0.1	1047	2157	53
0.1	2158	1031	53
0.1	1049	1048	53
0.1	1050	2160	53
0.1	1052	1051	54
0.1	1055	1054	54
0.1	2163	1053	54
0.1	2164	2162	54
0.1	1056	2165	54
0.1	1059	1058	54
0.1	2167	1057	54
0.1	1063	1062	54
0.1	2169	1061	54
0.1	2170	1060	54
0.1	1065	1064	54
0.1	2172	2171	54
0.1	1068	1067	54
0.1	1070	1069	54
0.1	2175	2174	54
0.1	2176	1066	54
0.1	2177	2173	54
0.1	2178	2168	54
0.1	2179	2166	54
0.1	2180	2161	53
0.1	1072	1071	55
0.1	1073	2182	55
0.1	1075	1074	55
0.1	1077	1076	55
0.1	2185	2184	55
0.1	2186	2183	55
0.1	1083	1082	55
0.1	2188	1081	55
0.1	2189	1080	55
0.1	2190	1079	55
0.1	2191	1078	55
0.1	2192	2187	55
0.1	1087	1086	55
0.1	2194	1085	55
0.1	1089	1088	55
0.1	2196	2195	55
0.1	2197	1084	55
0.1	2198	2193	55
0.1	1090	2199	55
0.1	2200	2181	53
0.1	2201	2159	53
0.1	1091	2202	52
0.1	2203	2143	52
0.1	2204	1028	52
0.1	2205	2142	52
0.1	1094	1093	56
0.1	2207	1092	56
0.1	1097	1096	56
0.1	1098	2209	56
0.1	2210	1095	56
0.1	2211	2208	56
0.1	1101	1100	56
0.1	1102	2213	56
0.1	2214	1099	56
0.1	1104	1103	56
0.1	1105	2216	56
0.1	1106	2217	56
0.1	1108	1107	56
0.1	1111	1110	56
0.1	2220	1109	56
0.1	2221	2219	56
0.1	2222	2218	56
0.1	2223	2215	56
0.1	2224	2212	56
0.1	2225	2206	52
0.1	2226	2141	52
0.1	2227	1021	52
0.1	1112	2228	52
0.1	1114	1113	52
0.1	1116	1115	52
0.1	1119	1118	52
0.1	1120	2232	52
0.1	2233	1117	52
0.1	2234	2231	52
0.1	2235	2230	52
0.1	2236	2229	52
0.1	2237	2138	52
0.1	2238	1739	52
