1	0	0	1
1	0	0	1
1	0	0	1
1	0	0	2
1	0	0	2
1	0	0	2
1	0	0	2
1	0	0	2
1	0	0	2
1	0	0	3
1	0	0	3
1	0	0	3
1	0	0	3
1	0	0	3
1	0	0	3
1	0	0	3
1	0	0	3
1	0	0	3
1	0	0	3
1	0	0	3
1	0	0	3
1	0	0	3
1	0	0	3
1	0	0	3
1	0	0	3
1	0	0	3
1	0	0	3
1	0	0	3
1	0	0	3
1	0	0	2
1	0	0	2
1	0	0	2
1	0	0	2
1	0	0	2
1	0	0	4
1	0	0	4
1	0	0	4
1	0	0	4
1	0	0	4
1	0	0	4
1	0	0	4
1	0	0	4
1	0	0	4
1	0	0	4
1	0	0	4
1	0	0	4
1	0	0	4
1	0	0	4
1	0	0	4
1	0	0	4
1	0	0	4
1	0	0	4
1	0	0	4
1	0	0	4
1	0	0	5
1	0	0	5
1	0	0	6
1	0	0	6
1	0	0	6
1	0	0	6
1	0	0	6
1	0	0	6
1	0	0	6
1	0	0	6
1	0	0	6
1	0	0	6
1	0	0	6
1	0	0	6
1	0	0	6
1	0	0	6
1	0	0	6
1	0	0	6
1	0	0	6
1	0	0	6
1	0	0	6
1	0	0	6
1	0	0	5
1	0	0	5
1	0	0	5
1	0	0	5
1	0	0	5
1	0	0	5
1	0	0	5
1	0	0	5
1	0	0	5
1	0	0	5
1	0	0	5
1	0	0	5
1	0	0	5
1	0	0	5
1	0	0	5
1	0	0	5
1	0	0	5
1	0	0	5
1	0	0	2
1	0	0	7
1	0	0	7
1	0	0	7
1	0	0	7
1	0	0	7
1	0	0	8
1	0	0	8
1	0	0	8
1	0	0	8
1	0	0	8
1	0	0	8
1	0	0	8
1	0	0	8
1	0	0	8
1	0	0	8
1	0	0	8
1	0	0	8
1	0	0	8
1	0	0	8
1	0	0	8
1	0	0	8
1	0	0	8
1	0	0	8
1	0	0	8
1	0	0	8
1	0	0	7
1	0	0	7
1	0	0	7
1	0	0	7
1	0	0	7
1	0	0	7
1	0	0	7
1	0	0	7
1	0	0	7
1	0	0	7
1	0	0	7
1	0	0	7
1	0	0	9
1	0	0	9
1	0	0	9
1	0	0	9
1	0	0	9
1	0	0	9
1	0	0	9
1	0	0	9
1	0	0	9
1	0	0	9
1	0	0	9
1	0	0	9
1	0	0	9
1	0	0	9
1	0	0	9
1	0	0	9
1	0	0	9
1	0	0	9
1	0	0	9
1	0	0	9
1	0	0	10
1	0	0	10
1	0	0	10
1	0	0	10
1	0	0	10
1	0	0	10
1	0	0	10
1	0	0	10
1	0	0	10
1	0	0	10
1	0	0	10
1	0	0	10
1	0	0	10
1	0	0	10
1	0	0	10
1	0	0	10
1	0	0	10
1	0	0	10
1	0	0	10
1	0	0	10
1	0	0	11
1	0	0	11
1	0	0	11
1	0	0	11
1	0	0	11
1	0	0	11
1	0	0	11
1	0	0	11
1	0	0	11
1	0	0	11
1	0	0	11
1	0	0	11
1	0	0	11
1	0	0	11
1	0	0	11
1	0	0	11
1	0	0	11
1	0	0	11
1	0	0	11
1	0	0	11
1	0	0	7
1	0	0	7
1	0	0	7
1	0	0	2
1	0	0	2
1	0	0	2
1	0	0	2
1	0	0	2
1	0	0	2
1	0	0	2
1	0	0	2
1	0	0	12
1	0	0	12
1	0	0	12
1	0	0	12
1	0	0	12
1	0	0	12
1	0	0	12
1	0	0	12
1	0	0	12
1	0	0	12
1	0	0	12
1	0	0	12
1	0	0	12
1	0	0	12
1	0	0	12
1	0	0	12
1	0	0	12
1	0	0	12
1	0	0	12
1	0	0	12
1	0	0	1
1	0	0	1
1	0	0	1
1	0	0	1
1	0	0	13
1	0	0	13
1	0	0	13
1	0	0	13
1	0	0	13
1	0	0	13
1	0	0	13
1	0	0	13
1	0	0	13
1	0	0	13
1	0	0	13
1	0	0	13
1	0	0	13
1	0	0	13
1	0	0	13
1	0	0	13
1	0	0	13
1	0	0	13
1	0	0	13
1	0	0	13
1	0	0	1
1	0	0	1
1	0	0	1
1	0	0	1
1	0	0	1
1	0	0	14
1	0	0	14
1	0	0	14
1	0	0	14
1	0	0	15
1	0	0	15
1	0	0	15
1	0	0	15
1	0	0	15
1	0	0	15
1	0	0	15
1	0	0	15
1	0	0	15
1	0	0	15
1	0	0	15
1	0	0	15
1	0	0	15
1	0	0	15
1	0	0	15
1	0	0	15
1	0	0	15
1	0	0	15
1	0	0	15
1	0	0	15
1	0	0	14
1	0	0	14
1	0	0	14
1	0	0	14
1	0	0	14
1	0	0	14
1	0	0	14
1	0	0	14
1	0	0	14
1	0	0	14
1	0	0	14
1	0	0	14
1	0	0	14
1	0	0	16
1	0	0	16
1	0	0	16
1	0	0	16
1	0	0	16
1	0	0	16
1	0	0	17
1	0	0	17
1	0	0	17
1	0	0	17
1	0	0	17
1	0	0	17
1	0	0	17
1	0	0	17
1	0	0	17
1	0	0	17
1	0	0	17
1	0	0	17
1	0	0	17
1	0	0	17
1	0	0	17
1	0	0	17
1	0	0	17
1	0	0	17
1	0	0	17
1	0	0	17
1	0	0	16
1	0	0	16
1	0	0	16
1	0	0	16
1	0	0	16
1	0	0	16
1	0	0	16
1	0	0	16
1	0	0	16
1	0	0	16
1	0	0	16
1	0	0	16
1	0	0	16
1	0	0	16
1	0	0	14
1	0	0	14
1	0	0	14
1	0	0	1
1	0	0	1
1	0	0	18
1	0	0	18
1	0	0	18
1	0	0	18
1	0	0	18
1	0	0	18
1	0	0	18
1	0	0	18
1	0	0	18
1	0	0	18
1	0	0	18
1	0	0	18
1	0	0	18
1	0	0	19
1	0	0	19
1	0	0	19
1	0	0	19
1	0	0	19
1	0	0	19
1	0	0	20
1	0	0	20
1	0	0	20
1	0	0	20
1	0	0	20
1	0	0	20
1	0	0	20
1	0	0	20
1	0	0	20
1	0	0	20
1	0	0	20
1	0	0	20
1	0	0	20
1	0	0	20
1	0	0	20
1	0	0	20
1	0	0	20
1	0	0	20
1	0	0	20
1	0	0	20
1	0	0	19
1	0	0	19
1	0	0	19
1	0	0	19
1	0	0	19
1	0	0	19
1	0	0	19
1	0	0	19
1	0	0	19
1	0	0	19
1	0	0	19
1	0	0	19
1	0	0	19
1	0	0	19
1	0	0	18
1	0	0	21
1	0	0	21
1	0	0	21
1	0	0	21
1	0	0	21
1	0	0	21
1	0	0	21
1	0	0	21
1	0	0	21
1	0	0	21
1	0	0	21
1	0	0	21
1	0	0	21
1	0	0	21
1	0	0	22
1	0	0	22
1	0	0	22
1	0	0	22
1	0	0	22
1	0	0	22
1	0	0	22
1	0	0	22
1	0	0	22
1	0	0	23
1	0	0	23
1	0	0	23
1	0	0	23
1	0	0	23
1	0	0	23
1	0	0	23
1	0	0	23
1	0	0	23
1	0	0	23
1	0	0	23
1	0	0	23
1	0	0	23
1	0	0	23
1	0	0	23
1	0	0	23
1	0	0	23
1	0	0	23
1	0	0	23
1	0	0	23
1	0	0	22
1	0	0	22
1	0	0	22
1	0	0	22
1	0	0	22
1	0	0	22
1	0	0	22
1	0	0	22
1	0	0	22
1	0	0	22
1	0	0	22
1	0	0	21
1	0	0	21
1	0	0	21
1	0	0	21
1	0	0	21
1	0	0	21
1	0	0	18
1	0	0	18
1	0	0	18
1	0	0	18
1	0	0	18
1	0	0	18
1	0	0	1
1	0	0	24
1	0	0	24
1	0	0	24
1	0	0	24
1	0	0	24
1	0	0	24
1	0	0	24
1	0	0	24
1	0	0	24
1	0	0	24
1	0	0	24
1	0	0	24
1	0	0	24
1	0	0	24
1	0	0	24
1	0	0	24
1	0	0	24
1	0	0	24
1	0	0	24
1	0	0	24
1	0	0	1
1	0	0	25
1	0	0	25
1	0	0	25
1	0	0	25
1	0	0	25
1	0	0	25
1	0	0	25
1	0	0	25
1	0	0	26
1	0	0	26
1	0	0	26
1	0	0	27
1	0	0	27
1	0	0	27
1	0	0	27
1	0	0	27
1	0	0	27
1	0	0	27
1	0	0	27
1	0	0	27
1	0	0	27
1	0	0	27
1	0	0	27
1	0	0	27
1	0	0	27
1	0	0	27
1	0	0	27
1	0	0	27
1	0	0	27
1	0	0	27
1	0	0	27
1	0	0	26
1	0	0	26
1	0	0	26
1	0	0	26
1	0	0	26
1	0	0	26
1	0	0	26
1	0	0	26
1	0	0	26
1	0	0	26
1	0	0	26
1	0	0	26
1	0	0	26
1	0	0	26
1	0	0	26
1	0	0	26
1	0	0	28
1	0	0	28
1	0	0	29
1	0	0	29
1	0	0	29
1	0	0	29
1	0	0	29
1	0	0	29
1	0	0	29
1	0	0	29
1	0	0	29
1	0	0	29
1	0	0	29
1	0	0	29
1	0	0	29
1	0	0	29
1	0	0	29
1	0	0	29
1	0	0	29
1	0	0	29
1	0	0	29
1	0	0	29
1	0	0	28
1	0	0	28
1	0	0	28
1	0	0	28
1	0	0	28
1	0	0	28
1	0	0	28
1	0	0	28
1	0	0	28
1	0	0	28
1	0	0	28
1	0	0	28
1	0	0	28
1	0	0	28
1	0	0	28
1	0	0	28
1	0	0	28
1	0	0	28
1	0	0	26
1	0	0	25
1	0	0	30
1	0	0	30
1	0	0	30
1	0	0	30
1	0	0	30
1	0	0	30
1	0	0	31
1	0	0	31
1	0	0	31
1	0	0	31
1	0	0	31
1	0	0	31
1	0	0	31
1	0	0	31
1	0	0	31
1	0	0	31
1	0	0	31
1	0	0	31
1	0	0	31
1	0	0	31
1	0	0	31
1	0	0	31
1	0	0	31
1	0	0	31
1	0	0	31
1	0	0	31
1	0	0	30
1	0	0	30
1	0	0	30
1	0	0	30
1	0	0	30
1	0	0	30
1	0	0	30
1	0	0	30
1	0	0	30
1	0	0	30
1	0	0	30
1	0	0	30
1	0	0	30
1	0	0	30
1	0	0	25
1	0	0	25
1	0	0	25
1	0	0	25
1	0	0	25
1	0	0	25
1	0	0	25
1	0	0	32
1	0	0	32
1	0	0	32
1	0	0	32
1	0	0	32
1	0	0	32
1	0	0	32
1	0	0	32
1	0	0	32
1	0	0	32
1	0	0	32
1	0	0	32
1	0	0	32
1	0	0	32
1	0	0	32
1	0	0	32
1	0	0	32
1	0	0	32
1	0	0	32
1	0	0	32
1	0	0	25
1	0	0	33
1	0	0	33
1	0	0	33
1	0	0	33
1	0	0	33
1	0	0	33
1	0	0	34
1	0	0	34
1	0	0	34
1	0	0	34
1	0	0	34
1	0	0	34
1	0	0	34
1	0	0	34
1	0	0	34
1	0	0	34
1	0	0	34
1	0	0	34
1	0	0	34
1	0	0	34
1	0	0	34
1	0	0	34
1	0	0	34
1	0	0	34
1	0	0	34
1	0	0	34
1	0	0	33
1	0	0	33
1	0	0	33
1	0	0	33
1	0	0	33
1	0	0	33
1	0	0	33
1	0	0	33
1	0	0	35
1	0	0	35
1	0	0	35
1	0	0	35
1	0	0	35
1	0	0	35
1	0	0	35
1	0	0	35
1	0	0	35
1	0	0	36
1	0	0	36
1	0	0	36
1	0	0	37
1	0	0	37
1	0	0	37
1	0	0	37
1	0	0	37
1	0	0	37
1	0	0	37
1	0	0	37
1	0	0	37
1	0	0	37
1	0	0	37
1	0	0	37
1	0	0	37
1	0	0	37
1	0	0	37
1	0	0	37
1	0	0	37
1	0	0	37
1	0	0	37
1	0	0	37
1	0	0	38
1	0	0	38
1	0	0	38
1	0	0	38
1	0	0	38
1	0	0	38
1	0	0	38
1	0	0	38
1	0	0	38
1	0	0	38
1	0	0	38
1	0	0	38
1	0	0	38
1	0	0	38
1	0	0	38
1	0	0	38
1	0	0	38
1	0	0	38
1	0	0	38
1	0	0	38
1	0	0	36
1	0	0	36
1	0	0	36
1	0	0	39
1	0	0	39
1	0	0	39
1	0	0	39
1	0	0	39
1	0	0	39
1	0	0	39
1	0	0	39
1	0	0	39
1	0	0	39
1	0	0	39
1	0	0	39
1	0	0	39
1	0	0	39
1	0	0	39
1	0	0	39
1	0	0	39
1	0	0	39
1	0	0	39
1	0	0	39
1	0	0	36
1	0	0	36
1	0	0	36
1	0	0	36
1	0	0	36
1	0	0	36
1	0	0	36
1	0	0	36
1	0	0	36
1	0	0	36
1	0	0	36
1	0	0	36
1	0	0	40
1	0	0	40
1	0	0	40
1	0	0	40
1	0	0	40
1	0	0	40
1	0	0	40
1	0	0	40
1	0	0	40
1	0	0	40
1	0	0	40
1	0	0	40
1	0	0	40
1	0	0	40
1	0	0	40
1	0	0	40
1	0	0	40
1	0	0	40
1	0	0	40
1	0	0	40
1	0	0	36
1	0	0	36
1	0	0	35
1	0	0	35
1	0	0	35
1	0	0	35
1	0	0	35
1	0	0	35
1	0	0	35
1	0	0	35
1	0	0	35
1	0	0	41
1	0	0	41
1	0	0	41
1	0	0	41
1	0	0	41
1	0	0	41
1	0	0	41
1	0	0	41
1	0	0	41
1	0	0	41
1	0	0	41
1	0	0	41
1	0	0	41
1	0	0	41
1	0	0	41
1	0	0	41
1	0	0	41
1	0	0	41
1	0	0	41
1	0	0	42
1	0	0	42
1	0	0	42
1	0	0	42
1	0	0	42
1	0	0	42
1	0	0	42
1	0	0	42
1	0	0	42
1	0	0	42
1	0	0	42
1	0	0	42
1	0	0	42
1	0	0	42
1	0	0	42
1	0	0	42
1	0	0	42
1	0	0	42
1	0	0	42
1	0	0	42
1	0	0	41
1	0	0	43
1	0	0	43
1	0	0	43
1	0	0	43
1	0	0	43
1	0	0	43
1	0	0	43
1	0	0	43
1	0	0	43
1	0	0	43
1	0	0	43
1	0	0	43
1	0	0	43
1	0	0	43
1	0	0	43
1	0	0	43
1	0	0	43
1	0	0	43
1	0	0	43
1	0	0	43
1	0	0	35
1	0	0	35
1	0	0	33
1	0	0	33
1	0	0	33
1	0	0	33
1	0	0	33
1	0	0	44
1	0	0	44
1	0	0	44
1	0	0	44
1	0	0	44
1	0	0	44
1	0	0	44
1	0	0	44
1	0	0	44
1	0	0	44
1	0	0	44
1	0	0	44
1	0	0	44
1	0	0	44
1	0	0	44
1	0	0	44
1	0	0	44
1	0	0	44
1	0	0	44
1	0	0	44
1	0	0	33
1	0	0	25
1	0	0	25
1	0	0	45
1	0	0	45
1	0	0	45
1	0	0	45
1	0	0	45
1	0	0	45
1	0	0	45
1	0	0	45
1	0	0	45
1	0	0	45
1	0	0	45
1	0	0	45
1	0	0	45
1	0	0	45
1	0	0	45
1	0	0	45
1	0	0	45
1	0	0	45
1	0	0	45
1	0	0	45
1	0	0	25
1	0	0	46
1	0	0	46
1	0	0	46
1	0	0	46
1	0	0	46
1	0	0	46
1	0	0	46
1	0	0	46
1	0	0	46
1	0	0	46
1	0	0	46
1	0	0	46
1	0	0	46
1	0	0	46
1	0	0	46
1	0	0	46
1	0	0	46
1	0	0	46
1	0	0	46
1	0	0	46
1	0	0	1
1	0	0	1
1	0	0	1
1	0	0	47
1	0	0	47
1	0	0	47
1	0	0	47
1	0	0	47
1	0	0	47
1	0	0	47
1	0	0	47
1	0	0	47
1	0	0	48
1	0	0	48
1	0	0	48
1	0	0	48
1	0	0	49
1	0	0	49
1	0	0	49
1	0	0	49
1	0	0	49
1	0	0	49
1	0	0	49
1	0	0	49
1	0	0	49
1	0	0	49
1	0	0	49
1	0	0	49
1	0	0	49
1	0	0	49
1	0	0	49
1	0	0	49
1	0	0	49
1	0	0	49
1	0	0	49
1	0	0	49
1	0	0	50
1	0	0	50
1	0	0	50
1	0	0	50
1	0	0	50
1	0	0	50
1	0	0	50
1	0	0	50
1	0	0	50
1	0	0	50
1	0	0	50
1	0	0	50
1	0	0	50
1	0	0	50
1	0	0	51
1	0	0	51
1	0	0	51
1	0	0	51
1	0	0	51
1	0	0	51
1	0	0	51
1	0	0	51
1	0	0	51
1	0	0	51
1	0	0	51
1	0	0	52
1	0	0	52
1	0	0	52
1	0	0	52
1	0	0	52
1	0	0	52
1	0	0	52
1	0	0	52
1	0	0	52
1	0	0	52
1	0	0	52
1	0	0	52
1	0	0	52
1	0	0	52
1	0	0	52
1	0	0	52
1	0	0	52
1	0	0	52
1	0	0	52
1	0	0	52
1	0	0	51
1	0	0	51
1	0	0	51
1	0	0	51
1	0	0	51
1	0	0	51
1	0	0	51
1	0	0	51
1	0	0	51
1	0	0	50
1	0	0	50
1	0	0	50
1	0	0	50
1	0	0	50
1	0	0	50
1	0	0	48
1	0	0	48
1	0	0	48
1	0	0	48
1	0	0	48
1	0	0	48
1	0	0	48
1	0	0	48
1	0	0	48
1	0	0	48
1	0	0	48
1	0	0	48
1	0	0	48
1	0	0	48
1	0	0	48
1	0	0	48
1	0	0	47
1	0	0	47
1	0	0	47
1	0	0	47
1	0	0	53
1	0	0	53
1	0	0	53
1	0	0	53
1	0	0	53
1	0	0	53
1	0	0	53
1	0	0	53
1	0	0	53
1	0	0	53
1	0	0	53
1	0	0	53
1	0	0	53
1	0	0	53
1	0	0	53
1	0	0	53
1	0	0	53
1	0	0	53
1	0	0	53
1	0	0	53
1	0	0	47
1	0	0	47
1	0	0	54
1	0	0	54
1	0	0	54
1	0	0	54
1	0	0	54
1	0	0	54
1	0	0	54
1	0	0	54
1	0	0	54
1	0	0	54
1	0	0	54
1	0	0	54
1	0	0	54
1	0	0	54
1	0	0	54
1	0	0	54
1	0	0	54
1	0	0	54
1	0	0	54
1	0	0	54
1	0	0	47
1	0	0	47
1	0	0	47
1	0	0	47
1	0	0	47
1	0	0	1
0.1	2	1	1
0.1	3	1081	1
0.1	7	6	2
0.1	9	8	2
0.1	1084	1083	2
0.1	1085	5	2
0.1	11	10	3
0.1	13	12	3
0.1	16	15	3
0.1	1089	14	3
0.1	17	1090	3
0.1	19	18	3
0.1	1092	1091	3
0.1	23	22	3
0.1	1094	21	3
0.1	1095	20	3
0.1	26	25	3
0.1	1097	24	3
0.1	1098	1096	3
0.1	1099	1093	3
0.1	27	1100	3
0.1	29	28	3
0.1	1102	1101	3
0.1	1103	1088	3
0.1	1104	1087	3
0.1	30	1105	2
0.1	1106	1086	2
0.1	1107	4	2
0.1	31	1108	2
0.1	34	33	2
0.1	38	37	4
0.1	1111	36	4
0.1	1112	35	4
0.1	40	39	4
0.1	42	41	4
0.1	45	44	4
0.1	46	1116	4
0.1	47	1117	4
0.1	1118	43	4
0.1	1119	1115	4
0.1	51	50	4
0.1	52	1121	4
0.1	1122	49	4
0.1	1123	48	4
0.1	1124	1120	4
0.1	54	53	4
0.1	1126	1125	4
0.1	1127	1114	4
0.1	1128	1113	4
0.1	56	55	5
0.1	1130	1129	5
0.1	59	58	6
0.1	60	1132	6
0.1	1133	57	6
0.1	62	61	6
0.1	1135	1134	6
0.1	64	63	6
0.1	68	67	6
0.1	1138	66	6
0.1	1139	65	6
0.1	1140	1137	6
0.1	71	70	6
0.1	1142	69	6
0.1	74	73	6
0.1	76	75	6
0.1	1145	1144	6
0.1	1146	72	6
0.1	1147	1143	6
0.1	1148	1141	6
0.1	1149	1136	6
0.1	77	1150	5
0.1	1151	1131	5
0.1	79	78	5
0.1	80	1153	5
0.1	1154	1152	5
0.1	82	81	5
0.1	83	1156	5
0.1	86	85	5
0.1	1158	84	5
0.1	87	1159	5
0.1	1160	1157	5
0.1	89	88	5
0.1	90	1162	5
0.1	94	93	5
0.1	1164	92	5
0.1	1165	91	5
0.1	1166	1163	5
0.1	1167	1161	5
0.1	1168	1155	5
0.1	95	1169	2
0.1	1170	1110	2
0.1	97	96	7
0.1	98	1172	7
0.1	104	103	8
0.1	1174	102	8
0.1	1175	101	8
0.1	106	105	8
0.1	109	108	8
0.1	1178	107	8
0.1	113	112	8
0.1	1180	111	8
0.1	116	115	8
0.1	1182	114	8
0.1	1183	1181	8
0.1	1184	110	8
0.1	120	119	8
0.1	1186	118	8
0.1	1187	117	8
0.1	1188	1185	8
0.1	1189	1179	8
0.1	1190	1177	8
0.1	1191	1176	8
0.1	1192	100	7
0.1	1193	99	7
0.1	121	1194	7
0.1	1195	1173	7
0.1	123	122	7
0.1	1197	1196	7
0.1	1198	1171	2
0.1	125	124	7
0.1	127	126	7
0.1	132	131	7
0.1	1202	130	7
0.1	1203	129	7
0.1	134	133	9
0.1	135	1205	9
0.1	137	136	9
0.1	138	1207	9
0.1	139	1208	9
0.1	142	141	9
0.1	1210	140	9
0.1	1211	1209	9
0.1	1212	1206	9
0.1	145	144	9
0.1	1214	143	9
0.1	147	146	9
0.1	149	148	9
0.1	151	150	9
0.1	1218	1217	9
0.1	152	1219	9
0.1	1220	1216	9
0.1	1221	1215	9
0.1	1222	1213	9
0.1	155	154	10
0.1	1224	153	10
0.1	160	159	10
0.1	161	1226	10
0.1	1227	158	10
0.1	1228	157	10
0.1	1229	156	10
0.1	1230	1225	10
0.1	163	162	10
0.1	165	164	10
0.1	167	166	10
0.1	171	170	10
0.1	1235	169	10
0.1	1236	168	10
0.1	172	1237	10
0.1	1238	1234	10
0.1	1239	1233	10
0.1	1240	1232	10
0.1	1241	1231	10
0.1	1242	1223	10
0.1	1243	1204	7
0.1	176	175	11
0.1	179	178	11
0.1	1246	177	11
0.1	1247	1245	11
0.1	180	1248	11
0.1	182	181	11
0.1	186	185	11
0.1	1251	184	11
0.1	1252	183	11
0.1	1253	1250	11
0.1	188	187	11
0.1	189	1255	11
0.1	1256	1254	11
0.1	1257	1249	11
0.1	1258	174	11
0.1	191	190	11
0.1	192	1260	11
0.1	1261	1259	11
0.1	1262	173	11
0.1	1263	1244	7
0.1	1264	128	7
0.1	1265	1201	7
0.1	1266	1200	7
0.1	194	193	7
0.1	195	1268	7
0.1	1269	1267	7
0.1	1270	1199	2
0.1	1271	32	2
0.1	197	196	2
0.1	200	199	2
0.1	1274	198	2
0.1	201	1275	2
0.1	203	202	2
0.1	1277	1276	2
0.1	1278	1273	2
0.1	1279	1272	2
0.1	1280	1109	2
0.1	1281	1082	1
0.1	206	205	12
0.1	1283	204	12
0.1	209	208	12
0.1	211	210	12
0.1	212	1286	12
0.1	215	214	12
0.1	217	216	12
0.1	1289	1288	12
0.1	1290	213	12
0.1	1291	1287	12
0.1	1292	1285	12
0.1	1293	207	12
0.1	1294	1284	12
0.1	220	219	12
0.1	1296	218	12
0.1	222	221	12
0.1	1298	1297	12
0.1	223	1299	12
0.1	1300	1295	12
0.1	224	1301	1
0.1	1302	1282	1
0.1	230	229	13
0.1	231	1304	13
0.1	232	1305	13
0.1	234	233	13
0.1	237	236	13
0.1	1308	235	13
0.1	1309	1307	13
0.1	239	238	13
0.1	240	1311	13
0.1	243	242	13
0.1	1313	241	13
0.1	1314	1312	13
0.1	1315	1310	13
0.1	1316	1306	13
0.1	1317	228	13
0.1	245	244	13
0.1	247	246	13
0.1	1320	1319	13
0.1	1321	1318	13
0.1	1322	227	1
0.1	1323	226	1
0.1	1324	225	1
0.1	250	249	1
0.1	252	251	1
0.1	1327	1326	1
0.1	1328	248	1
0.1	1329	1325	1
0.1	254	253	14
0.1	255	1331	14
0.1	260	259	15
0.1	263	262	15
0.1	264	1334	15
0.1	266	265	15
0.1	1336	1335	15
0.1	1337	261	15
0.1	1338	1333	15
0.1	269	268	15
0.1	270	1340	15
0.1	1341	267	15
0.1	1342	1339	15
0.1	1343	258	15
0.1	271	1344	15
0.1	1345	257	15
0.1	274	273	15
0.1	276	275	15
0.1	1348	1347	15
0.1	1349	272	15
0.1	1350	1346	15
0.1	1351	256	14
0.1	1352	1332	14
0.1	279	278	14
0.1	1354	277	14
0.1	280	1355	14
0.1	1356	1353	14
0.1	282	281	14
0.1	284	283	14
0.1	286	285	14
0.1	1360	1359	14
0.1	289	288	14
0.1	1362	287	14
0.1	298	297	17
0.1	1364	296	17
0.1	302	301	17
0.1	305	304	17
0.1	308	307	17
0.1	1368	306	17
0.1	1369	1367	17
0.1	1370	303	17
0.1	1371	1366	17
0.1	1372	300	17
0.1	311	310	17
0.1	1374	309	17
0.1	312	1375	17
0.1	314	313	17
0.1	1377	1376	17
0.1	315	1378	17
0.1	1379	1373	17
0.1	1380	299	17
0.1	1381	1365	17
0.1	1382	295	16
0.1	1383	294	16
0.1	317	316	16
0.1	1385	1384	16
0.1	1386	293	16
0.1	319	318	16
0.1	320	1388	16
0.1	1389	1387	16
0.1	1390	292	16
0.1	322	321	16
0.1	325	324	16
0.1	1393	323	16
0.1	1394	1392	16
0.1	1395	1391	16
0.1	1396	291	16
0.1	1397	290	16
0.1	328	327	16
0.1	1399	326	16
0.1	1400	1398	16
0.1	329	1401	16
0.1	331	330	14
0.1	1403	1402	14
0.1	1404	1363	14
0.1	1405	1361	14
0.1	1406	1358	14
0.1	1407	1357	14
0.1	332	1408	14
0.1	1409	1330	1
0.1	1410	1303	1
0.1	336	335	18
0.1	339	338	18
0.1	341	340	18
0.1	342	1414	18
0.1	344	343	18
0.1	345	1416	18
0.1	1417	1415	18
0.1	349	348	19
0.1	351	350	19
0.1	356	355	20
0.1	1421	354	20
0.1	358	357	20
0.1	359	1423	20
0.1	1424	1422	20
0.1	361	360	20
0.1	364	363	20
0.1	367	366	20
0.1	1428	365	20
0.1	1429	1427	20
0.1	1430	362	20
0.1	369	368	20
0.1	370	1432	20
0.1	1433	1431	20
0.1	1434	1426	20
0.1	1435	1425	20
0.1	373	372	20
0.1	1437	371	20
0.1	1438	1436	20
0.1	1439	353	19
0.1	1440	352	19
0.1	374	1441	19
0.1	1442	1420	19
0.1	375	1443	19
0.1	1444	1419	19
0.1	378	377	19
0.1	380	379	19
0.1	1447	1446	19
0.1	384	383	19
0.1	1449	382	19
0.1	1450	381	19
0.1	387	386	19
0.1	1452	385	19
0.1	1453	1451	19
0.1	1454	1448	19
0.1	1455	376	19
0.1	1456	1445	19
0.1	388	1457	18
0.1	1458	347	18
0.1	1459	346	18
0.1	1460	1418	18
0.1	1461	1413	18
0.1	1462	337	18
0.1	1463	1412	18
0.1	393	392	21
0.1	1465	391	21
0.1	394	1466	21
0.1	1467	390	21
0.1	1468	389	21
0.1	396	395	21
0.1	399	398	21
0.1	1471	397	21
0.1	400	1472	21
0.1	1473	1470	21
0.1	406	405	22
0.1	1475	404	22
0.1	407	1476	22
0.1	408	1477	22
0.1	1478	403	22
0.1	411	410	22
0.1	1480	409	22
0.1	416	415	23
0.1	1482	414	23
0.1	1483	413	23
0.1	1484	412	23
0.1	420	419	23
0.1	1486	418	23
0.1	1487	417	23
0.1	421	1488	23
0.1	422	1489	23
0.1	424	423	23
0.1	428	427	23
0.1	1492	426	23
0.1	1493	425	23
0.1	430	429	23
0.1	1495	1494	23
0.1	431	1496	23
0.1	1497	1491	23
0.1	1498	1490	23
0.1	1499	1485	23
0.1	1500	1481	22
0.1	433	432	22
0.1	435	434	22
0.1	437	436	22
0.1	1504	1503	22
0.1	440	439	22
0.1	1506	438	22
0.1	442	441	22
0.1	1508	1507	22
0.1	1509	1505	22
0.1	1510	1502	22
0.1	1511	1501	22
0.1	1512	1479	22
0.1	1513	402	21
0.1	1514	401	21
0.1	1515	1474	21
0.1	445	444	21
0.1	1517	443	21
0.1	1518	1516	21
0.1	448	447	21
0.1	1520	446	21
0.1	1521	1519	21
0.1	1522	1469	21
0.1	1523	1464	18
0.1	450	449	18
0.1	454	453	18
0.1	1526	452	18
0.1	1527	451	18
0.1	1528	1525	18
0.1	1529	1524	18
0.1	1530	334	1
0.1	1531	333	1
0.1	458	457	24
0.1	459	1533	24
0.1	462	461	24
0.1	1535	460	24
0.1	1536	1534	24
0.1	464	463	24
0.1	465	1538	24
0.1	467	466	24
0.1	1540	1539	24
0.1	471	470	24
0.1	1542	469	24
0.1	473	472	24
0.1	1544	1543	24
0.1	1545	468	24
0.1	1546	1541	24
0.1	1547	1537	24
0.1	1548	456	24
0.1	475	474	24
0.1	1550	1549	24
0.1	1551	455	1
0.1	1552	1532	1
0.1	1553	1411	1
0.1	479	478	25
0.1	1555	477	25
0.1	483	482	25
0.1	484	1557	25
0.1	1558	481	25
0.1	1559	480	25
0.1	1560	1556	25
0.1	486	485	26
0.1	489	488	27
0.1	491	490	27
0.1	493	492	27
0.1	1565	1564	27
0.1	495	494	27
0.1	496	1567	27
0.1	1568	1566	27
0.1	498	497	27
0.1	1570	1569	27
0.1	500	499	27
0.1	1572	1571	27
0.1	503	502	27
0.1	1574	501	27
0.1	505	504	27
0.1	1576	1575	27
0.1	506	1577	27
0.1	507	1578	27
0.1	1579	1573	27
0.1	1580	1563	27
0.1	1581	487	26
0.1	1582	1562	26
0.1	509	508	26
0.1	511	510	26
0.1	512	1585	26
0.1	514	513	26
0.1	1587	1586	26
0.1	1588	1584	26
0.1	1589	1583	26
0.1	517	516	26
0.1	519	518	26
0.1	1592	1591	26
0.1	521	520	26
0.1	1594	1593	26
0.1	1595	515	26
0.1	525	524	28
0.1	527	526	29
0.1	530	529	29
0.1	532	531	29
0.1	534	533	29
0.1	1601	1600	29
0.1	1602	1599	29
0.1	1603	528	29
0.1	1604	1598	29
0.1	537	536	29
0.1	538	1606	29
0.1	1607	535	29
0.1	542	541	29
0.1	1609	540	29
0.1	1610	539	29
0.1	543	1611	29
0.1	1612	1608	29
0.1	544	1613	29
0.1	545	1614	29
0.1	1615	1605	29
0.1	547	546	28
0.1	549	548	28
0.1	552	551	28
0.1	1619	550	28
0.1	1620	1618	28
0.1	1621	1617	28
0.1	1622	1616	28
0.1	554	553	28
0.1	556	555	28
0.1	557	1625	28
0.1	1626	1624	28
0.1	1627	1623	28
0.1	1628	1597	28
0.1	560	559	28
0.1	562	561	28
0.1	1631	1630	28
0.1	1632	558	28
0.1	1633	1629	28
0.1	563	1634	28
0.1	1635	523	26
0.1	1636	522	26
0.1	564	1637	26
0.1	1638	1596	26
0.1	1639	1590	26
0.1	567	566	30
0.1	570	569	30
0.1	571	1642	30
0.1	1643	568	30
0.1	1644	1641	30
0.1	574	573	31
0.1	577	576	31
0.1	1647	575	31
0.1	1648	1646	31
0.1	579	578	31
0.1	580	1650	31
0.1	582	581	31
0.1	1652	1651	31
0.1	1653	1649	31
0.1	583	1654	31
0.1	585	584	31
0.1	586	1656	31
0.1	587	1657	31
0.1	1658	1655	31
0.1	589	588	31
0.1	590	1660	31
0.1	591	1661	31
0.1	1662	1659	31
0.1	1663	572	31
0.1	1664	1645	30
0.1	594	593	30
0.1	1666	592	30
0.1	595	1667	30
0.1	1668	1665	30
0.1	596	1669	30
0.1	597	1670	30
0.1	603	602	30
0.1	604	1672	30
0.1	1673	601	30
0.1	1674	600	30
0.1	1675	599	30
0.1	1676	598	30
0.1	1677	1671	30
0.1	605	1678	30
0.1	1679	565	25
0.1	607	606	25
0.1	608	1681	25
0.1	609	1682	25
0.1	1683	1680	25
0.1	1684	1640	25
0.1	610	1685	25
0.1	1686	1561	25
0.1	618	617	32
0.1	1688	616	32
0.1	1689	615	32
0.1	1690	614	32
0.1	620	619	32
0.1	623	622	32
0.1	1693	621	32
0.1	625	624	32
0.1	626	1695	32
0.1	1696	1694	32
0.1	1697	1692	32
0.1	628	627	32
0.1	1699	1698	32
0.1	1700	1691	32
0.1	1701	613	32
0.1	632	631	32
0.1	1703	630	32
0.1	1704	629	32
0.1	1705	1702	32
0.1	1706	612	25
0.1	1707	611	25
0.1	635	634	33
0.1	636	1709	33
0.1	639	638	33
0.1	643	642	34
0.1	1712	641	34
0.1	1713	640	34
0.1	645	644	34
0.1	647	646	34
0.1	649	648	34
0.1	650	1717	34
0.1	1718	1716	34
0.1	652	651	34
0.1	655	654	34
0.1	1721	653	34
0.1	1722	1720	34
0.1	1723	1719	34
0.1	1724	1715	34
0.1	659	658	34
0.1	1726	657	34
0.1	1727	656	34
0.1	1728	1725	34
0.1	1729	1714	34
0.1	660	1730	33
0.1	1731	1711	33
0.1	663	662	33
0.1	1733	661	33
0.1	665	664	33
0.1	666	1735	33
0.1	667	1736	33
0.1	1737	1734	33
0.1	1738	1732	33
0.1	1739	637	33
0.1	669	668	35
0.1	672	671	35
0.1	1742	670	35
0.1	1743	1741	35
0.1	682	681	37
0.1	684	683	37
0.1	685	1746	37
0.1	687	686	37
0.1	1748	1747	37
0.1	1749	1745	37
0.1	1750	680	37
0.1	692	691	37
0.1	1752	690	37
0.1	695	694	37
0.1	1754	693	37
0.1	696	1755	37
0.1	1756	1753	37
0.1	1757	689	37
0.1	1758	688	37
0.1	699	698	37
0.1	1760	697	37
0.1	1761	1759	37
0.1	1762	1751	37
0.1	1763	679	36
0.1	702	701	38
0.1	703	1765	38
0.1	1766	700	38
0.1	707	706	38
0.1	1768	705	38
0.1	1769	704	38
0.1	709	708	38
0.1	710	1771	38
0.1	711	1772	38
0.1	713	712	38
0.1	1774	1773	38
0.1	1775	1770	38
0.1	1776	1767	38
0.1	716	715	38
0.1	1778	714	38
0.1	717	1779	38
0.1	719	718	38
0.1	1781	1780	38
0.1	1782	1777	38
0.1	720	1783	36
0.1	722	721	36
0.1	727	726	39
0.1	1786	725	39
0.1	1787	724	39
0.1	732	731	39
0.1	1789	730	39
0.1	1790	729	39
0.1	1791	728	39
0.1	736	735	39
0.1	1793	734	39
0.1	1794	733	39
0.1	1795	1792	39
0.1	737	1796	39
0.1	739	738	39
0.1	741	740	39
0.1	1799	1798	39
0.1	742	1800	39
0.1	1801	1797	39
0.1	1802	1788	39
0.1	1803	723	39
0.1	743	1804	36
0.1	1805	1785	36
0.1	1806	1784	36
0.1	1807	1764	36
0.1	1808	678	36
0.1	1809	677	36
0.1	745	744	36
0.1	747	746	36
0.1	1812	1811	36
0.1	749	748	36
0.1	1814	1813	36
0.1	751	750	36
0.1	753	752	36
0.1	756	755	40
0.1	760	759	40
0.1	1819	758	40
0.1	1820	757	40
0.1	763	762	40
0.1	1822	761	40
0.1	766	765	40
0.1	1824	764	40
0.1	1825	1823	40
0.1	1826	1821	40
0.1	1827	1818	40
0.1	769	768	40
0.1	771	770	40
0.1	774	773	40
0.1	1831	772	40
0.1	1832	1830	40
0.1	1833	1829	40
0.1	1834	767	40
0.1	1835	1828	40
0.1	776	775	36
0.1	1837	1836	36
0.1	1838	754	36
0.1	1839	1817	36
0.1	1840	1816	36
0.1	1841	1815	36
0.1	1842	1810	36
0.1	1843	676	35
0.1	1844	675	35
0.1	1845	674	35
0.1	778	777	35
0.1	779	1847	35
0.1	781	780	35
0.1	1849	1848	35
0.1	785	784	35
0.1	1851	783	35
0.1	1852	782	35
0.1	787	786	41
0.1	788	1854	41
0.1	790	789	41
0.1	792	791	41
0.1	796	795	41
0.1	1858	794	41
0.1	797	1859	41
0.1	1860	793	41
0.1	1861	1857	41
0.1	1862	1856	41
0.1	1863	1855	41
0.1	799	798	41
0.1	801	800	41
0.1	803	802	41
0.1	807	806	42
0.1	1868	805	42
0.1	810	809	42
0.1	811	1870	42
0.1	813	812	42
0.1	814	1872	42
0.1	1873	1871	42
0.1	1874	808	42
0.1	1875	1869	42
0.1	819	818	42
0.1	1877	817	42
0.1	821	820	42
0.1	1879	1878	42
0.1	1880	816	42
0.1	822	1881	42
0.1	824	823	42
0.1	1883	1882	42
0.1	1884	815	42
0.1	1885	1876	42
0.1	1886	804	41
0.1	825	1887	41
0.1	1888	1867	41
0.1	1889	1866	41
0.1	1890	1865	41
0.1	1891	1864	41
0.1	1892	1853	35
0.1	1893	1850	35
0.1	829	828	43
0.1	830	1895	43
0.1	1896	827	43
0.1	1897	826	43
0.1	832	831	43
0.1	1899	1898	43
0.1	835	834	43
0.1	1901	833	43
0.1	837	836	43
0.1	838	1903	43
0.1	1904	1902	43
0.1	839	1905	43
0.1	841	840	43
0.1	842	1907	43
0.1	844	843	43
0.1	1909	1908	43
0.1	1910	1906	43
0.1	1911	1900	43
0.1	845	1912	43
0.1	847	846	35
0.1	1914	1913	35
0.1	1915	1894	35
0.1	1916	1846	35
0.1	1917	673	35
0.1	1918	1744	35
0.1	851	850	33
0.1	852	1920	33
0.1	1921	849	33
0.1	1922	848	33
0.1	858	857	44
0.1	1924	856	44
0.1	1925	855	44
0.1	1926	854	44
0.1	859	1927	44
0.1	1928	853	44
0.1	860	1929	44
0.1	864	863	44
0.1	1931	862	44
0.1	1932	861	44
0.1	865	1933	44
0.1	867	866	44
0.1	869	868	44
0.1	1936	1935	44
0.1	870	1937	44
0.1	1938	1934	44
0.1	1939	1930	44
0.1	872	871	44
0.1	1941	1940	44
0.1	1942	1923	33
0.1	1943	1919	33
0.1	1944	1740	33
0.1	873	1945	33
0.1	1946	1710	33
0.1	1947	633	25
0.1	874	1948	25
0.1	1949	1708	25
0.1	877	876	45
0.1	880	879	45
0.1	882	881	45
0.1	1953	1952	45
0.1	883	1954	45
0.1	884	1955	45
0.1	885	1956	45
0.1	1957	878	45
0.1	1958	1951	45
0.1	887	886	45
0.1	890	889	45
0.1	892	891	45
0.1	1962	1961	45
0.1	895	894	45
0.1	1964	893	45
0.1	1965	1963	45
0.1	1966	888	45
0.1	1967	1960	45
0.1	1968	1959	45
0.1	1969	875	25
0.1	898	897	46
0.1	901	900	46
0.1	902	1972	46
0.1	903	1973	46
0.1	1974	899	46
0.1	1975	1971	46
0.1	905	904	46
0.1	906	1977	46
0.1	908	907	46
0.1	909	1979	46
0.1	911	910	46
0.1	1981	1980	46
0.1	1982	1978	46
0.1	1983	1976	46
0.1	914	913	46
0.1	1985	912	46
0.1	916	915	46
0.1	1987	1986	46
0.1	1988	1984	46
0.1	1989	896	25
0.1	1990	1970	25
0.1	1991	1950	25
0.1	1992	1687	25
0.1	919	918	1
0.1	1994	917	1
0.1	1995	1993	1
0.1	1996	476	1
0.1	921	920	47
0.1	923	922	47
0.1	1999	1998	47
0.1	928	927	47
0.1	2001	926	47
0.1	2002	925	47
0.1	2003	924	47
0.1	2004	2000	47
0.1	932	931	48
0.1	2006	930	48
0.1	935	934	49
0.1	940	939	49
0.1	2009	938	49
0.1	942	941	49
0.1	2011	2010	49
0.1	2012	937	49
0.1	945	944	49
0.1	2014	943	49
0.1	946	2015	49
0.1	948	947	49
0.1	2017	2016	49
0.1	2018	2013	49
0.1	2019	936	49
0.1	2020	2008	49
0.1	950	949	49
0.1	952	951	49
0.1	2023	2022	49
0.1	2024	2021	49
0.1	2025	933	49
0.1	955	954	50
0.1	2027	953	50
0.1	957	956	50
0.1	958	2029	50
0.1	959	2030	50
0.1	961	960	50
0.1	963	962	50
0.1	2033	2032	50
0.1	2034	2031	50
0.1	964	2035	50
0.1	2036	2028	50
0.1	2037	2026	50
0.1	969	968	51
0.1	971	970	51
0.1	2040	2039	51
0.1	974	973	51
0.1	975	2042	51
0.1	977	976	51
0.1	2044	2043	51
0.1	980	979	52
0.1	2046	978	52
0.1	982	981	52
0.1	983	2048	52
0.1	2049	2047	52
0.1	985	984	52
0.1	987	986	52
0.1	2052	2051	52
0.1	990	989	52
0.1	992	991	52
0.1	2055	2054	52
0.1	993	2056	52
0.1	2057	988	52
0.1	995	994	52
0.1	997	996	52
0.1	2060	2059	52
0.1	2061	2058	52
0.1	2062	2053	52
0.1	2063	2050	52
0.1	998	2064	51
0.1	999	2065	51
0.1	2066	2045	51
0.1	2067	972	51
0.1	1001	1000	51
0.1	1002	2069	51
0.1	2070	2068	51
0.1	1005	1004	51
0.1	1006	2072	51
0.1	2073	1003	51
0.1	2074	2071	51
0.1	2075	2041	51
0.1	2076	967	51
0.1	2077	966	50
0.1	2078	965	50
0.1	1010	1009	50
0.1	2080	1008	50
0.1	2081	1007	50
0.1	2082	2079	50
0.1	1012	1011	50
0.1	2084	2083	50
0.1	2085	2038	50
0.1	2086	2007	48
0.1	1015	1014	48
0.1	2088	1013	48
0.1	2089	2087	48
0.1	1018	1017	48
0.1	2091	1016	48
0.1	1020	1019	48
0.1	1022	1021	48
0.1	2094	2093	48
0.1	2095	2092	48
0.1	2096	2090	48
0.1	1024	1023	48
0.1	1026	1025	48
0.1	1027	2099	48
0.1	1028	2100	48
0.1	2101	2098	48
0.1	2102	2097	48
0.1	2103	929	48
0.1	1030	1029	47
0.1	1032	1031	47
0.1	1034	1033	53
0.1	1035	2107	53
0.1	1037	1036	53
0.1	1039	1038	53
0.1	1041	1040	53
0.1	1046	1045	53
0.1	2112	1044	53
0.1	1048	1047	53
0.1	2114	2113	53
0.1	2115	1043	53
0.1	2116	1042	53
0.1	2117	2111	53
0.1	2118	2110	53
0.1	1052	1051	53
0.1	2120	1050	53
0.1	2121	1049	53
0.1	2122	2119	53
0.1	2123	2109	53
0.1	2124	2108	53
0.1	2125	2106	47
0.1	1054	1053	47
0.1	2127	2126	47
0.1	2128	2105	47
0.1	1056	1055	54
0.1	1059	1058	54
0.1	2131	1057	54
0.1	1061	1060	54
0.1	2133	2132	54
0.1	2134	2130	54
0.1	1064	1063	54
0.1	2136	1062	54
0.1	1066	1065	54
0.1	2138	2137	54
0.1	1068	1067	54
0.1	1070	1069	54
0.1	1072	1071	54
0.1	2142	2141	54
0.1	2143	2140	54
0.1	1074	1073	54
0.1	2145	2144	54
0.1	2146	2139	54
0.1	2147	2135	54
0.1	1075	2148	47
0.1	1077	1076	47
0.1	2150	2149	47
0.1	2151	2129	47
0.1	2152	2104	47
0.1	2153	2005	47
0.1	1078	2154	47
0.1	1079	2155	47
0.1	1080	2156	1
0.1	2157	1997	1
0.1	2158	1554	1
