1	0	0	1
1	0	0	2
1	0	0	2
1	0	0	2
1	0	0	2
1	0	0	2
1	0	0	2
1	0	0	2
1	0	0	2
1	0	0	2
1	0	0	2
1	0	0	3
1	0	0	3
1	0	0	3
1	0	0	3
1	0	0	3
1	0	0	3
1	0	0	3
1	0	0	3
1	0	0	3
1	0	0	3
1	0	0	4
1	0	0	4
1	0	0	5
1	0	0	6
1	0	0	6
1	0	0	6
1	0	0	6
1	0	0	6
1	0	0	6
1	0	0	6
1	0	0	6
1	0	0	6
1	0	0	6
1	0	0	5
1	0	0	5
1	0	0	5
1	0	0	5
1	0	0	5
1	0	0	7
1	0	0	7
1	0	0	7
1	0	0	7
1	0	0	7
1	0	0	7
1	0	0	7
1	0	0	7
1	0	0	7
1	0	0	7
1	0	0	8
1	0	0	8
1	0	0	8
1	0	0	8
1	0	0	8
1	0	0	8
1	0	0	8
1	0	0	8
1	0	0	8
1	0	0	8
1	0	0	5
1	0	0	5
1	0	0	5
1	0	0	5
1	0	0	4
1	0	0	4
1	0	0	4
1	0	0	9
1	0	0	9
1	0	0	9
1	0	0	9
1	0	0	9
1	0	0	9
1	0	0	9
1	0	0	9
1	0	0	9
1	0	0	9
1	0	0	10
1	0	0	11
1	0	0	11
1	0	0	11
1	0	0	11
1	0	0	11
1	0	0	11
1	0	0	11
1	0	0	11
1	0	0	11
1	0	0	11
1	0	0	12
1	0	0	12
1	0	0	12
1	0	0	12
1	0	0	12
1	0	0	12
1	0	0	12
1	0	0	12
1	0	0	12
1	0	0	12
1	0	0	13
1	0	0	13
1	0	0	13
1	0	0	13
1	0	0	13
1	0	0	13
1	0	0	13
1	0	0	13
1	0	0	13
1	0	0	13
1	0	0	4
1	0	0	4
1	0	0	4
1	0	0	14
1	0	0	14
1	0	0	14
1	0	0	14
1	0	0	14
1	0	0	14
1	0	0	14
1	0	0	14
1	0	0	14
1	0	0	14
1	0	0	15
1	0	0	15
1	0	0	15
1	0	0	15
1	0	0	15
1	0	0	15
1	0	0	15
1	0	0	15
1	0	0	15
1	0	0	4
1	0	0	15
1	0	0	10
1	0	0	10
1	0	0	16
1	0	0	16
1	0	0	16
1	0	0	16
1	0	0	16
1	0	0	16
1	0	0	16
1	0	0	16
1	0	0	16
1	0	0	16
1	0	0	10
1	0	0	10
1	0	0	10
1	0	0	10
1	0	0	10
1	0	0	10
1	0	0	10
1	0	0	4
1	0	0	17
1	0	0	17
1	0	0	18
1	0	0	18
1	0	0	18
1	0	0	18
1	0	0	18
1	0	0	18
1	0	0	18
1	0	0	18
1	0	0	18
1	0	0	18
1	0	0	19
1	0	0	19
1	0	0	19
1	0	0	19
1	0	0	19
1	0	0	19
1	0	0	19
1	0	0	17
1	0	0	17
1	0	0	17
1	0	0	19
1	0	0	19
1	0	0	20
1	0	0	20
1	0	0	20
1	0	0	20
1	0	0	20
1	0	0	20
1	0	0	20
1	0	0	20
1	0	0	20
1	0	0	20
1	0	0	21
1	0	0	21
1	0	0	21
1	0	0	21
1	0	0	21
1	0	0	17
1	0	0	22
1	0	0	22
1	0	0	23
1	0	0	21
1	0	0	23
1	0	0	24
1	0	0	24
1	0	0	24
1	0	0	24
1	0	0	24
1	0	0	24
1	0	0	24
1	0	0	24
1	0	0	24
1	0	0	24
1	0	0	23
1	0	0	23
1	0	0	23
1	0	0	23
1	0	0	23
1	0	0	23
1	0	0	23
1	0	0	19
1	0	0	21
1	0	0	21
1	0	0	21
1	0	0	21
1	0	0	17
1	0	0	17
1	0	0	23
1	0	0	22
1	0	0	22
1	0	0	22
1	0	0	22
1	0	0	22
1	0	0	22
1	0	0	22
1	0	0	22
1	0	0	17
1	0	0	17
1	0	0	1
1	0	0	1
1	0	0	1
1	0	0	1
1	0	0	25
1	0	0	25
1	0	0	25
1	0	0	25
1	0	0	25
1	0	0	25
1	0	0	25
1	0	0	25
1	0	0	25
1	0	0	25
1	0	0	1
1	0	0	26
1	0	0	27
1	0	0	27
1	0	0	27
1	0	0	27
1	0	0	27
1	0	0	27
1	0	0	27
1	0	0	27
1	0	0	27
1	0	0	28
1	0	0	28
1	0	0	28
1	0	0	28
1	0	0	28
1	0	0	28
1	0	0	28
1	0	0	28
1	0	0	28
1	0	0	28
1	0	0	29
1	0	0	30
1	0	0	30
1	0	0	30
1	0	0	30
1	0	0	29
1	0	0	29
1	0	0	29
1	0	0	31
1	0	0	31
1	0	0	31
1	0	0	31
1	0	0	27
1	0	0	26
1	0	0	26
1	0	0	26
1	0	0	26
1	0	0	26
1	0	0	26
1	0	0	26
1	0	0	26
1	0	0	29
1	0	0	30
1	0	0	30
1	0	0	30
1	0	0	30
1	0	0	30
1	0	0	30
1	0	0	29
1	0	0	29
1	0	0	29
1	0	0	29
1	0	0	29
1	0	0	26
1	0	0	31
1	0	0	31
1	0	0	31
1	0	0	31
1	0	0	31
1	0	0	31
1	0	0	32
1	0	0	32
1	0	0	32
1	0	0	32
1	0	0	32
1	0	0	32
1	0	0	32
1	0	0	32
1	0	0	32
1	0	0	32
1	0	0	1
1	0	0	1
1	0	0	33
1	0	0	33
1	0	0	33
1	0	0	33
1	0	0	33
1	0	0	33
1	0	0	33
1	0	0	33
1	0	0	33
1	0	0	33
1	0	0	34
1	0	0	34
1	0	0	34
1	0	0	34
1	0	0	34
1	0	0	34
1	0	0	34
1	0	0	34
1	0	0	34
1	0	0	34
1	0	0	35
1	0	0	35
1	0	0	35
1	0	0	35
1	0	0	35
1	0	0	35
1	0	0	35
1	0	0	35
1	0	0	35
1	0	0	35
1	0	0	1
1	0	0	36
1	0	0	36
1	0	0	36
1	0	0	36
1	0	0	36
1	0	0	36
1	0	0	36
1	0	0	36
1	0	0	36
1	0	0	36
1	0	0	1
0.1	5	4	2
0.1	361	3	2
0.1	362	2	2
0.1	6	363	2
0.1	9	8	2
0.1	11	10	2
0.1	366	365	2
0.1	367	7	2
0.1	368	364	2
0.1	13	12	3
0.1	15	14	3
0.1	371	370	3
0.1	19	18	3
0.1	373	17	3
0.1	374	16	3
0.1	20	375	3
0.1	376	372	3
0.1	21	377	3
0.1	28	27	6
0.1	379	26	6
0.1	380	25	6
0.1	30	29	6
0.1	32	31	6
0.1	34	33	6
0.1	384	383	6
0.1	385	382	6
0.1	386	381	6
0.1	387	24	5
0.1	36	35	5
0.1	39	38	5
0.1	42	41	7
0.1	44	43	7
0.1	392	391	7
0.1	45	393	7
0.1	394	40	7
0.1	47	46	7
0.1	49	48	7
0.1	397	396	7
0.1	398	395	7
0.1	52	51	8
0.1	54	53	8
0.1	401	400	8
0.1	55	402	8
0.1	56	403	8
0.1	404	50	8
0.1	58	57	8
0.1	59	406	8
0.1	407	405	8
0.1	60	408	5
0.1	409	399	5
0.1	410	390	5
0.1	411	37	5
0.1	61	412	5
0.1	63	62	5
0.1	414	413	5
0.1	415	389	5
0.1	416	388	5
0.1	65	64	4
0.1	418	417	4
0.1	419	23	4
0.1	420	22	4
0.1	66	421	4
0.1	69	68	9
0.1	423	67	9
0.1	71	70	9
0.1	73	72	9
0.1	74	426	9
0.1	427	425	9
0.1	76	75	9
0.1	429	428	9
0.1	430	424	9
0.1	431	422	4
0.1	432	378	4
0.1	80	79	11
0.1	81	434	11
0.1	435	78	11
0.1	82	436	11
0.1	85	84	11
0.1	438	83	11
0.1	87	86	11
0.1	440	439	11
0.1	441	437	11
0.1	90	89	12
0.1	91	443	12
0.1	93	92	12
0.1	96	95	12
0.1	446	94	12
0.1	97	447	12
0.1	448	445	12
0.1	449	444	12
0.1	450	88	12
0.1	451	442	12
0.1	100	99	13
0.1	102	101	13
0.1	454	453	13
0.1	103	455	13
0.1	104	456	13
0.1	457	98	13
0.1	105	458	13
0.1	106	459	13
0.1	107	460	13
0.1	108	461	4
0.1	462	452	4
0.1	110	109	4
0.1	112	111	14
0.1	115	114	14
0.1	116	466	14
0.1	467	113	14
0.1	468	465	14
0.1	118	117	14
0.1	119	470	14
0.1	120	471	14
0.1	472	469	14
0.1	122	121	15
0.1	123	474	15
0.1	475	473	15
0.1	127	126	15
0.1	129	128	15
0.1	478	477	15
0.1	479	125	15
0.1	480	124	15
0.1	481	476	15
0.1	130	482	4
0.1	483	464	4
0.1	131	484	4
0.1	485	463	4
0.1	486	77	4
0.1	487	433	4
0.1	133	132	10
0.1	136	135	16
0.1	139	138	16
0.1	140	491	16
0.1	492	137	16
0.1	141	493	16
0.1	494	490	16
0.1	143	142	16
0.1	496	495	16
0.1	497	134	16
0.1	144	498	10
0.1	499	489	10
0.1	147	146	10
0.1	501	145	10
0.1	149	148	10
0.1	503	502	10
0.1	504	500	10
0.1	150	505	10
0.1	506	488	4
0.1	151	507	4
0.1	508	369	4
0.1	509	1	1
0.1	153	152	17
0.1	156	155	18
0.1	512	154	18
0.1	158	157	18
0.1	161	160	18
0.1	515	159	18
0.1	162	516	18
0.1	517	514	18
0.1	518	513	18
0.1	163	519	18
0.1	166	165	19
0.1	168	167	19
0.1	522	521	19
0.1	169	523	19
0.1	524	164	19
0.1	173	172	17
0.1	526	171	17
0.1	178	177	20
0.1	528	176	20
0.1	179	529	20
0.1	181	180	20
0.1	182	531	20
0.1	185	184	20
0.1	533	183	20
0.1	534	532	20
0.1	535	530	20
0.1	536	175	19
0.1	537	174	19
0.1	538	527	19
0.1	187	186	21
0.1	190	189	21
0.1	541	188	21
0.1	542	540	21
0.1	191	543	19
0.1	193	192	22
0.1	194	545	23
0.1	196	195	23
0.1	199	198	24
0.1	201	200	24
0.1	549	548	24
0.1	202	550	24
0.1	551	197	24
0.1	204	203	24
0.1	206	205	24
0.1	554	553	24
0.1	555	552	24
0.1	556	547	23
0.1	208	207	23
0.1	209	558	23
0.1	210	559	23
0.1	211	560	23
0.1	213	212	23
0.1	562	561	23
0.1	563	557	23
0.1	564	546	23
0.1	565	544	19
0.1	566	539	19
0.1	214	567	19
0.1	568	170	19
0.1	569	525	19
0.1	217	216	21
0.1	571	215	21
0.1	218	572	21
0.1	220	219	17
0.1	221	574	17
0.1	224	223	22
0.1	227	226	22
0.1	577	225	22
0.1	229	228	22
0.1	579	578	22
0.1	580	576	22
0.1	581	222	22
0.1	231	230	17
0.1	583	582	17
0.1	584	575	17
0.1	585	573	17
0.1	586	570	17
0.1	587	520	17
0.1	588	511	17
0.1	589	510	1
0.1	233	232	1
0.1	235	234	1
0.1	237	236	25
0.1	240	239	25
0.1	594	238	25
0.1	241	595	25
0.1	596	593	25
0.1	244	243	25
0.1	598	242	25
0.1	245	599	25
0.1	600	597	25
0.1	246	601	1
0.1	602	592	1
0.1	603	591	1
0.1	249	248	27
0.1	251	250	27
0.1	606	605	27
0.1	254	253	27
0.1	256	255	27
0.1	258	257	28
0.1	262	261	28
0.1	611	260	28
0.1	263	612	28
0.1	266	265	28
0.1	614	264	28
0.1	615	613	28
0.1	616	259	28
0.1	617	610	28
0.1	271	270	30
0.1	619	269	30
0.1	620	268	30
0.1	272	621	29
0.1	273	622	29
0.1	274	623	29
0.1	624	267	29
0.1	625	618	29
0.1	626	609	27
0.1	627	608	27
0.1	628	252	27
0.1	278	277	31
0.1	630	276	31
0.1	631	275	31
0.1	279	632	27
0.1	633	629	27
0.1	634	607	27
0.1	280	635	26
0.1	282	281	26
0.1	285	284	26
0.1	638	283	26
0.1	286	639	26
0.1	287	640	26
0.1	641	637	26
0.1	642	636	26
0.1	291	290	30
0.1	644	289	30
0.1	293	292	30
0.1	294	646	30
0.1	647	645	30
0.1	296	295	29
0.1	297	649	29
0.1	298	650	29
0.1	651	648	29
0.1	652	288	29
0.1	299	653	29
0.1	654	643	26
0.1	300	655	26
0.1	656	247	26
0.1	657	604	1
0.1	303	302	31
0.1	304	659	31
0.1	305	660	31
0.1	306	661	31
0.1	662	301	31
0.1	310	309	32
0.1	664	308	32
0.1	312	311	32
0.1	313	666	32
0.1	314	667	32
0.1	316	315	32
0.1	669	668	32
0.1	670	665	32
0.1	671	307	32
0.1	672	663	1
0.1	673	658	1
0.1	320	319	33
0.1	323	322	33
0.1	676	321	33
0.1	677	675	33
0.1	326	325	33
0.1	679	324	33
0.1	328	327	33
0.1	681	680	33
0.1	682	678	33
0.1	683	318	1
0.1	330	329	34
0.1	331	685	34
0.1	333	332	34
0.1	334	687	34
0.1	688	686	34
0.1	336	335	34
0.1	338	337	34
0.1	691	690	34
0.1	692	689	34
0.1	340	339	35
0.1	341	694	35
0.1	344	343	35
0.1	345	696	35
0.1	347	346	35
0.1	698	697	35
0.1	699	342	35
0.1	700	695	35
0.1	348	701	35
0.1	702	693	1
0.1	349	703	1
0.1	704	684	1
0.1	705	317	1
0.1	351	350	36
0.1	355	354	36
0.1	708	353	36
0.1	358	357	36
0.1	710	356	36
0.1	711	709	36
0.1	712	352	36
0.1	713	707	36
0.1	359	714	36
0.1	360	715	1
0.1	716	706	1
0.1	717	674	1
0.1	718	590	1
