1	0	0	1
1	0	0	1
1	0	0	1
1	0	0	1
1	0	0	1
1	0	0	1
1	0	0	1
1	0	0	1
1	0	0	1
1	0	0	1
1	0	0	2
1	0	0	2
1	0	0	2
1	0	0	2
1	0	0	2
1	0	0	2
1	0	0	2
1	0	0	2
1	0	0	2
1	0	0	2
1	0	0	3
1	0	0	3
1	0	0	4
1	0	0	4
1	0	0	4
1	0	0	4
1	0	0	4
1	0	0	4
1	0	0	4
1	0	0	4
1	0	0	4
1	0	0	4
1	0	0	3
1	0	0	3
1	0	0	3
1	0	0	3
1	0	0	3
1	0	0	3
1	0	0	5
1	0	0	5
1	0	0	5
1	0	0	5
1	0	0	5
1	0	0	5
1	0	0	5
1	0	0	5
1	0	0	5
1	0	0	5
1	0	0	6
1	0	0	6
1	0	0	7
1	0	0	7
1	0	0	7
1	0	0	7
1	0	0	7
1	0	0	7
1	0	0	7
1	0	0	7
1	0	0	7
1	0	0	7
1	0	0	6
1	0	0	6
1	0	0	6
1	0	0	6
1	0	0	8
1	0	0	8
1	0	0	8
1	0	0	8
1	0	0	8
1	0	0	8
1	0	0	8
1	0	0	8
1	0	0	8
1	0	0	8
1	0	0	9
1	0	0	9
1	0	0	9
1	0	0	9
1	0	0	9
1	0	0	9
1	0	0	9
1	0	0	9
1	0	0	9
1	0	0	9
1	0	0	10
1	0	0	10
1	0	0	10
1	0	0	10
1	0	0	10
1	0	0	10
1	0	0	10
1	0	0	10
1	0	0	10
1	0	0	10
1	0	0	11
1	0	0	11
1	0	0	11
1	0	0	11
1	0	0	11
1	0	0	11
1	0	0	11
1	0	0	11
1	0	0	11
1	0	0	11
1	0	0	6
1	0	0	6
1	0	0	6
1	0	0	6
1	0	0	12
1	0	0	12
1	0	0	12
1	0	0	12
1	0	0	12
1	0	0	12
1	0	0	12
1	0	0	12
1	0	0	12
1	0	0	12
1	0	0	3
1	0	0	3
1	0	0	13
1	0	0	13
1	0	0	13
1	0	0	13
1	0	0	13
1	0	0	13
1	0	0	13
1	0	0	13
1	0	0	13
1	0	0	13
1	0	0	14
1	0	0	14
1	0	0	14
1	0	0	14
1	0	0	14
1	0	0	14
1	0	0	14
1	0	0	14
1	0	0	14
1	0	0	14
1	0	0	15
1	0	0	16
1	0	0	16
1	0	0	16
1	0	0	16
1	0	0	16
1	0	0	16
1	0	0	16
1	0	0	16
1	0	0	16
1	0	0	16
1	0	0	17
1	0	0	17
1	0	0	17
1	0	0	17
1	0	0	17
1	0	0	17
1	0	0	17
1	0	0	17
1	0	0	17
1	0	0	17
1	0	0	15
1	0	0	18
1	0	0	18
1	0	0	18
1	0	0	18
1	0	0	18
1	0	0	18
1	0	0	18
1	0	0	18
1	0	0	18
1	0	0	18
1	0	0	19
1	0	0	19
1	0	0	19
1	0	0	19
1	0	0	19
1	0	0	19
1	0	0	19
1	0	0	19
1	0	0	19
1	0	0	19
1	0	0	15
1	0	0	20
1	0	0	20
1	0	0	20
1	0	0	20
1	0	0	20
1	0	0	20
1	0	0	20
1	0	0	20
1	0	0	20
1	0	0	20
1	0	0	15
1	0	0	21
1	0	0	21
1	0	0	21
1	0	0	21
1	0	0	21
1	0	0	21
1	0	0	21
1	0	0	21
1	0	0	21
1	0	0	21
1	0	0	15
1	0	0	22
1	0	0	22
1	0	0	22
1	0	0	22
1	0	0	22
1	0	0	22
1	0	0	22
1	0	0	22
1	0	0	22
1	0	0	22
1	0	0	15
1	0	0	15
1	0	0	23
1	0	0	23
1	0	0	23
1	0	0	23
1	0	0	23
1	0	0	23
1	0	0	23
1	0	0	23
1	0	0	23
1	0	0	23
1	0	0	24
1	0	0	24
1	0	0	24
1	0	0	24
1	0	0	24
1	0	0	25
1	0	0	25
1	0	0	25
1	0	0	25
1	0	0	25
1	0	0	25
1	0	0	25
1	0	0	25
1	0	0	25
1	0	0	25
1	0	0	24
1	0	0	24
1	0	0	24
1	0	0	24
1	0	0	26
1	0	0	26
1	0	0	26
1	0	0	26
1	0	0	26
1	0	0	26
1	0	0	26
1	0	0	26
1	0	0	26
1	0	0	26
1	0	0	27
1	0	0	27
1	0	0	27
1	0	0	27
1	0	0	27
1	0	0	27
1	0	0	27
1	0	0	27
1	0	0	27
1	0	0	27
1	0	0	24
1	0	0	28
1	0	0	28
1	0	0	28
1	0	0	28
1	0	0	28
1	0	0	28
1	0	0	28
1	0	0	28
1	0	0	28
1	0	0	28
1	0	0	15
1	0	0	29
1	0	0	29
1	0	0	29
1	0	0	29
1	0	0	29
1	0	0	29
1	0	0	29
1	0	0	29
1	0	0	29
1	0	0	29
1	0	0	30
1	0	0	30
1	0	0	30
1	0	0	30
1	0	0	30
1	0	0	30
1	0	0	30
1	0	0	30
1	0	0	30
1	0	0	30
1	0	0	31
1	0	0	31
1	0	0	31
1	0	0	31
1	0	0	31
1	0	0	31
1	0	0	31
1	0	0	31
1	0	0	31
1	0	0	31
1	0	0	32
1	0	0	32
1	0	0	32
1	0	0	32
1	0	0	32
1	0	0	32
1	0	0	32
1	0	0	32
1	0	0	32
1	0	0	32
1	0	0	33
1	0	0	33
1	0	0	33
1	0	0	33
1	0	0	33
1	0	0	33
1	0	0	33
1	0	0	33
1	0	0	33
1	0	0	33
1	0	0	15
1	0	0	34
1	0	0	34
1	0	0	34
1	0	0	34
1	0	0	34
1	0	0	34
1	0	0	34
1	0	0	34
1	0	0	34
1	0	0	34
1	0	0	15
1	0	0	35
1	0	0	35
1	0	0	35
1	0	0	35
1	0	0	35
1	0	0	35
1	0	0	35
1	0	0	35
1	0	0	35
1	0	0	35
1	0	0	36
1	0	0	36
1	0	0	36
1	0	0	36
1	0	0	36
1	0	0	36
1	0	0	36
1	0	0	36
1	0	0	37
1	0	0	37
1	0	0	37
1	0	0	37
1	0	0	37
1	0	0	37
1	0	0	37
1	0	0	37
1	0	0	37
1	0	0	37
1	0	0	36
1	0	0	36
1	0	0	38
1	0	0	38
1	0	0	38
1	0	0	38
1	0	0	38
1	0	0	38
1	0	0	38
1	0	0	38
1	0	0	38
1	0	0	38
1	0	0	39
1	0	0	40
1	0	0	40
1	0	0	40
1	0	0	40
1	0	0	40
1	0	0	41
1	0	0	40
1	0	0	40
1	0	0	40
1	0	0	40
1	0	0	40
1	0	0	39
1	0	0	39
1	0	0	39
1	0	0	42
1	0	0	42
1	0	0	42
1	0	0	42
1	0	0	42
1	0	0	42
1	0	0	42
1	0	0	42
1	0	0	42
1	0	0	42
1	0	0	39
1	0	0	39
1	0	0	43
1	0	0	43
1	0	0	43
1	0	0	43
1	0	0	43
1	0	0	43
1	0	0	43
1	0	0	43
1	0	0	43
1	0	0	43
1	0	0	39
1	0	0	39
1	0	0	44
1	0	0	44
1	0	0	44
1	0	0	44
1	0	0	44
1	0	0	44
1	0	0	45
1	0	0	45
1	0	0	45
1	0	0	45
1	0	0	45
1	0	0	45
1	0	0	45
1	0	0	41
1	0	0	41
1	0	0	46
1	0	0	46
1	0	0	46
1	0	0	46
1	0	0	46
1	0	0	46
1	0	0	46
1	0	0	46
1	0	0	46
1	0	0	46
1	0	0	41
1	0	0	41
1	0	0	41
1	0	0	47
1	0	0	47
1	0	0	47
1	0	0	47
1	0	0	47
1	0	0	47
1	0	0	47
1	0	0	47
1	0	0	47
1	0	0	47
1	0	0	48
1	0	0	48
1	0	0	48
1	0	0	48
1	0	0	48
1	0	0	48
1	0	0	48
1	0	0	48
1	0	0	48
1	0	0	48
1	0	0	41
1	0	0	41
1	0	0	41
1	0	0	41
1	0	0	49
1	0	0	49
1	0	0	49
1	0	0	49
1	0	0	49
1	0	0	49
1	0	0	49
1	0	0	49
1	0	0	49
1	0	0	49
1	0	0	50
1	0	0	50
1	0	0	50
1	0	0	50
1	0	0	50
1	0	0	50
1	0	0	50
1	0	0	50
1	0	0	50
1	0	0	50
1	0	0	51
1	0	0	51
1	0	0	51
1	0	0	51
1	0	0	51
1	0	0	51
1	0	0	51
1	0	0	51
1	0	0	51
1	0	0	51
1	0	0	52
1	0	0	52
1	0	0	52
1	0	0	52
1	0	0	52
1	0	0	52
1	0	0	52
1	0	0	52
1	0	0	52
1	0	0	52
1	0	0	53
1	0	0	53
1	0	0	53
1	0	0	53
1	0	0	53
1	0	0	53
1	0	0	53
1	0	0	53
1	0	0	53
1	0	0	53
1	0	0	54
1	0	0	55
1	0	0	55
1	0	0	55
1	0	0	55
1	0	0	55
1	0	0	55
1	0	0	55
1	0	0	55
1	0	0	55
1	0	0	55
1	0	0	54
1	0	0	54
1	0	0	54
1	0	0	54
1	0	0	54
1	0	0	54
1	0	0	54
1	0	0	54
1	0	0	56
1	0	0	56
1	0	0	56
1	0	0	56
1	0	0	56
1	0	0	56
1	0	0	56
1	0	0	56
1	0	0	56
1	0	0	56
1	0	0	54
1	0	0	44
1	0	0	44
1	0	0	45
1	0	0	45
1	0	0	45
1	0	0	44
1	0	0	44
1	0	0	39
1	0	0	57
1	0	0	57
1	0	0	57
1	0	0	57
1	0	0	57
1	0	0	57
1	0	0	57
1	0	0	57
1	0	0	57
1	0	0	57
1	0	0	39
0.1	5	4	1
0.1	571	3	1
0.1	572	2	1
0.1	573	1	1
0.1	7	6	1
0.1	10	9	1
0.1	576	8	1
0.1	577	575	1
0.1	578	574	1
0.1	13	12	2
0.1	580	11	2
0.1	17	16	2
0.1	582	15	2
0.1	583	14	2
0.1	20	19	2
0.1	585	18	2
0.1	586	584	2
0.1	587	581	2
0.1	588	579	1
0.1	21	589	3
0.1	26	25	4
0.1	591	24	4
0.1	592	23	4
0.1	30	29	4
0.1	594	28	4
0.1	595	27	4
0.1	596	593	4
0.1	32	31	4
0.1	598	597	4
0.1	599	22	3
0.1	600	590	3
0.1	33	601	3
0.1	37	36	3
0.1	603	35	3
0.1	604	34	3
0.1	605	602	3
0.1	41	40	5
0.1	43	42	5
0.1	45	44	5
0.1	609	608	5
0.1	610	607	5
0.1	611	39	5
0.1	48	47	5
0.1	613	46	5
0.1	614	612	5
0.1	50	49	6
0.1	52	51	7
0.1	54	53	7
0.1	56	55	7
0.1	619	618	7
0.1	58	57	7
0.1	60	59	7
0.1	622	621	7
0.1	623	620	7
0.1	624	617	7
0.1	61	625	6
0.1	68	67	8
0.1	70	69	8
0.1	72	71	8
0.1	629	628	8
0.1	630	627	8
0.1	631	66	8
0.1	74	73	8
0.1	633	632	8
0.1	634	65	8
0.1	635	64	6
0.1	77	76	9
0.1	79	78	9
0.1	81	80	9
0.1	639	638	9
0.1	84	83	9
0.1	641	82	9
0.1	642	640	9
0.1	643	637	9
0.1	644	75	9
0.1	87	86	10
0.1	88	646	10
0.1	647	85	10
0.1	90	89	10
0.1	94	93	10
0.1	650	92	10
0.1	651	91	10
0.1	652	649	10
0.1	653	648	10
0.1	654	645	6
0.1	655	636	6
0.1	656	63	6
0.1	98	97	11
0.1	99	658	11
0.1	659	96	11
0.1	660	95	11
0.1	101	100	11
0.1	104	103	11
0.1	663	102	11
0.1	664	662	11
0.1	665	661	11
0.1	666	657	6
0.1	105	667	6
0.1	668	62	6
0.1	107	106	6
0.1	108	670	6
0.1	671	669	6
0.1	672	626	6
0.1	673	616	6
0.1	111	110	12
0.1	675	109	12
0.1	113	112	12
0.1	114	677	12
0.1	118	117	12
0.1	679	116	12
0.1	680	115	12
0.1	681	678	12
0.1	682	676	12
0.1	683	674	6
0.1	684	615	6
0.1	685	38	3
0.1	120	119	3
0.1	122	121	13
0.1	125	124	13
0.1	689	123	13
0.1	127	126	13
0.1	130	129	13
0.1	692	128	13
0.1	693	691	13
0.1	694	690	13
0.1	695	688	13
0.1	133	132	14
0.1	136	135	14
0.1	698	134	14
0.1	138	137	14
0.1	700	699	14
0.1	701	697	14
0.1	140	139	14
0.1	703	702	14
0.1	704	131	14
0.1	144	143	16
0.1	706	142	16
0.1	146	145	16
0.1	148	147	16
0.1	709	708	16
0.1	150	149	16
0.1	711	710	16
0.1	151	712	16
0.1	713	707	16
0.1	714	141	15
0.1	715	705	15
0.1	154	153	17
0.1	717	152	17
0.1	155	718	17
0.1	156	719	17
0.1	161	160	17
0.1	721	159	17
0.1	722	158	17
0.1	723	157	17
0.1	724	720	17
0.1	162	725	15
0.1	726	716	15
0.1	165	164	18
0.1	728	163	18
0.1	168	167	18
0.1	171	170	18
0.1	731	169	18
0.1	172	732	18
0.1	733	730	18
0.1	734	166	18
0.1	735	729	18
0.1	174	173	19
0.1	176	175	19
0.1	738	737	19
0.1	178	177	19
0.1	181	180	19
0.1	741	179	19
0.1	182	742	19
0.1	743	740	19
0.1	744	739	19
0.1	745	736	18
0.1	746	727	15
0.1	185	184	20
0.1	189	188	20
0.1	749	187	20
0.1	750	186	20
0.1	193	192	20
0.1	752	191	20
0.1	753	190	20
0.1	754	751	20
0.1	755	748	20
0.1	756	183	15
0.1	198	197	21
0.1	758	196	21
0.1	759	195	21
0.1	201	200	21
0.1	203	202	21
0.1	762	761	21
0.1	204	763	21
0.1	764	199	21
0.1	765	760	21
0.1	766	194	15
0.1	767	757	15
0.1	768	747	15
0.1	208	207	22
0.1	209	770	22
0.1	212	211	22
0.1	772	210	22
0.1	773	771	22
0.1	213	774	22
0.1	775	206	22
0.1	215	214	22
0.1	777	776	22
0.1	778	205	15
0.1	219	218	23
0.1	223	222	23
0.1	781	221	23
0.1	224	782	23
0.1	783	220	23
0.1	226	225	23
0.1	227	785	23
0.1	786	784	23
0.1	787	780	23
0.1	230	229	24
0.1	232	231	24
0.1	235	234	25
0.1	791	233	25
0.1	238	237	25
0.1	239	793	25
0.1	794	236	25
0.1	241	240	25
0.1	242	796	25
0.1	797	795	25
0.1	798	792	25
0.1	799	790	24
0.1	800	789	24
0.1	244	243	24
0.1	245	802	24
0.1	249	248	26
0.1	804	247	26
0.1	250	805	26
0.1	252	251	26
0.1	255	254	26
0.1	808	253	26
0.1	809	807	26
0.1	256	810	26
0.1	811	806	26
0.1	812	246	24
0.1	813	803	24
0.1	814	801	24
0.1	815	228	24
0.1	816	788	24
0.1	259	258	27
0.1	260	818	27
0.1	261	819	27
0.1	820	257	27
0.1	264	263	27
0.1	266	265	27
0.1	823	822	27
0.1	824	262	27
0.1	825	821	27
0.1	267	826	24
0.1	270	269	28
0.1	828	268	28
0.1	272	271	28
0.1	830	829	28
0.1	275	274	28
0.1	832	273	28
0.1	277	276	28
0.1	834	833	28
0.1	835	831	28
0.1	836	827	24
0.1	837	817	24
0.1	278	838	15
0.1	839	217	15
0.1	840	216	15
0.1	841	779	15
0.1	280	279	29
0.1	283	282	29
0.1	844	281	29
0.1	285	284	29
0.1	287	286	29
0.1	847	846	29
0.1	848	845	29
0.1	288	849	29
0.1	850	843	29
0.1	290	289	30
0.1	291	852	30
0.1	293	292	30
0.1	294	854	30
0.1	297	296	30
0.1	856	295	30
0.1	298	857	30
0.1	858	855	30
0.1	859	853	30
0.1	301	300	31
0.1	302	861	31
0.1	862	299	31
0.1	305	304	31
0.1	864	303	31
0.1	306	865	31
0.1	307	866	31
0.1	867	863	31
0.1	308	868	31
0.1	869	860	31
0.1	313	312	32
0.1	871	311	32
0.1	872	310	32
0.1	315	314	32
0.1	874	873	32
0.1	318	317	32
0.1	876	316	32
0.1	877	875	32
0.1	878	309	32
0.1	879	870	31
0.1	880	851	31
0.1	321	320	33
0.1	882	319	33
0.1	323	322	33
0.1	325	324	33
0.1	885	884	33
0.1	327	326	33
0.1	328	887	33
0.1	888	886	33
0.1	889	883	33
0.1	331	330	34
0.1	334	333	34
0.1	892	332	34
0.1	336	335	34
0.1	894	893	34
0.1	337	895	34
0.1	338	896	34
0.1	897	891	34
0.1	339	898	34
0.1	899	329	15
0.1	343	342	35
0.1	901	341	35
0.1	344	902	35
0.1	349	348	35
0.1	904	347	35
0.1	905	346	35
0.1	350	906	35
0.1	907	345	35
0.1	908	903	35
0.1	909	340	15
0.1	910	900	15
0.1	911	890	15
0.1	912	881	15
0.1	913	842	15
0.1	914	769	15
0.1	915	696	3
0.1	916	687	3
0.1	353	352	36
0.1	918	351	36
0.1	355	354	36
0.1	358	357	36
0.1	921	356	36
0.1	922	920	36
0.1	361	360	37
0.1	924	359	37
0.1	363	362	37
0.1	926	925	37
0.1	367	366	37
0.1	928	365	37
0.1	929	364	37
0.1	368	930	37
0.1	931	927	37
0.1	932	923	36
0.1	933	919	36
0.1	370	369	36
0.1	935	934	36
0.1	375	374	38
0.1	377	376	38
0.1	938	937	38
0.1	379	378	38
0.1	940	939	38
0.1	941	373	38
0.1	942	372	38
0.1	943	371	38
0.1	380	944	38
0.1	945	936	3
0.1	946	917	3
0.1	947	686	3
0.1	948	606	3
0.1	384	383	40
0.1	385	950	40
0.1	951	382	40
0.1	952	381	39
0.1	389	388	40
0.1	391	390	40
0.1	392	955	40
0.1	956	954	40
0.1	957	387	40
0.1	958	386	40
0.1	959	953	39
0.1	395	394	39
0.1	398	397	42
0.1	400	399	42
0.1	963	962	42
0.1	964	396	42
0.1	402	401	42
0.1	404	403	42
0.1	967	966	42
0.1	968	965	42
0.1	405	969	42
0.1	970	961	39
0.1	406	971	39
0.1	410	409	43
0.1	411	973	43
0.1	974	408	43
0.1	413	412	43
0.1	414	976	43
0.1	415	977	43
0.1	417	416	43
0.1	979	978	43
0.1	980	975	43
0.1	419	418	39
0.1	982	981	39
0.1	983	407	39
0.1	984	972	39
0.1	985	393	39
0.1	986	960	39
0.1	421	420	44
0.1	423	422	44
0.1	425	424	44
0.1	990	989	44
0.1	991	988	44
0.1	428	427	45
0.1	429	993	45
0.1	994	426	45
0.1	432	431	45
0.1	996	430	45
0.1	997	995	45
0.1	439	438	46
0.1	999	437	46
0.1	1000	436	46
0.1	441	440	46
0.1	1002	1001	46
0.1	443	442	46
0.1	444	1004	46
0.1	1005	1003	46
0.1	1006	435	46
0.1	1007	434	41
0.1	1008	433	41
0.1	446	445	41
0.1	449	448	47
0.1	450	1011	47
0.1	452	451	47
0.1	454	453	47
0.1	455	1014	47
0.1	1015	1013	47
0.1	456	1016	47
0.1	457	1017	47
0.1	1018	1012	47
0.1	459	458	48
0.1	462	461	48
0.1	1021	460	48
0.1	1022	1020	48
0.1	465	464	48
0.1	1024	463	48
0.1	467	466	48
0.1	1026	1025	48
0.1	1027	1023	48
0.1	1028	1019	48
0.1	1029	447	41
0.1	468	1030	41
0.1	1031	1010	41
0.1	469	1032	41
0.1	1033	1009	41
0.1	471	470	41
0.1	475	474	49
0.1	1036	473	49
0.1	478	477	49
0.1	1038	476	49
0.1	479	1039	49
0.1	481	480	49
0.1	1041	1040	49
0.1	1042	1037	49
0.1	1043	472	49
0.1	1044	1035	41
0.1	1045	1034	41
0.1	484	483	50
0.1	487	486	50
0.1	1048	485	50
0.1	1049	1047	50
0.1	488	1050	50
0.1	1051	482	50
0.1	491	490	50
0.1	1053	489	50
0.1	1054	1052	50
0.1	1055	1046	41
0.1	493	492	51
0.1	497	496	51
0.1	1058	495	51
0.1	1059	494	51
0.1	1060	1057	51
0.1	499	498	51
0.1	501	500	51
0.1	1063	1062	51
0.1	1064	1061	51
0.1	504	503	52
0.1	1066	502	52
0.1	506	505	52
0.1	509	508	52
0.1	510	1069	52
0.1	1070	507	52
0.1	1071	1068	52
0.1	1072	1067	52
0.1	511	1073	52
0.1	516	515	53
0.1	1075	514	53
0.1	1076	513	53
0.1	1077	512	53
0.1	520	519	53
0.1	1079	518	53
0.1	1080	517	53
0.1	1081	1078	53
0.1	521	1082	53
0.1	1083	1074	54
0.1	524	523	55
0.1	526	525	55
0.1	528	527	55
0.1	1087	1086	55
0.1	530	529	55
0.1	532	531	55
0.1	1090	1089	55
0.1	1091	1088	55
0.1	1092	1085	55
0.1	1093	522	54
0.1	1094	1084	54
0.1	533	1095	54
0.1	1096	1065	54
0.1	540	539	54
0.1	1098	538	54
0.1	1099	537	54
0.1	1100	536	54
0.1	1101	535	54
0.1	543	542	56
0.1	1103	541	56
0.1	544	1104	56
0.1	547	546	56
0.1	1106	545	56
0.1	1107	1105	56
0.1	549	548	56
0.1	550	1109	56
0.1	1110	1108	56
0.1	551	1111	54
0.1	1112	1102	54
0.1	1113	534	54
0.1	1114	1097	54
0.1	552	1115	44
0.1	556	555	45
0.1	1117	554	45
0.1	1118	553	44
0.1	1119	1116	44
0.1	1120	1056	44
0.1	1121	998	44
0.1	1122	992	44
0.1	1123	987	44
0.1	558	557	44
0.1	1125	1124	44
0.1	563	562	57
0.1	1127	561	57
0.1	1128	560	57
0.1	565	564	57
0.1	566	1130	57
0.1	1131	1129	57
0.1	568	567	57
0.1	569	1133	57
0.1	1134	1132	57
0.1	570	1135	39
0.1	1136	559	39
0.1	1137	1126	39
0.1	1138	949	39
