1	0	0	1
1	0	0	2
1	0	0	2
1	0	0	2
1	0	0	2
1	0	0	2
1	0	0	2
1	0	0	2
1	0	0	2
1	0	0	2
1	0	0	2
1	0	0	3
1	0	0	3
1	0	0	3
1	0	0	3
1	0	0	3
1	0	0	3
1	0	0	3
1	0	0	3
1	0	0	4
1	0	0	4
1	0	0	4
1	0	0	4
1	0	0	4
1	0	0	4
1	0	0	4
1	0	0	4
1	0	0	4
1	0	0	4
1	0	0	3
1	0	0	3
1	0	0	5
1	0	0	5
1	0	0	5
1	0	0	5
1	0	0	5
1	0	0	5
1	0	0	5
1	0	0	5
1	0	0	5
1	0	0	5
1	0	0	6
1	0	0	6
1	0	0	6
1	0	0	6
1	0	0	6
1	0	0	6
1	0	0	6
1	0	0	6
1	0	0	6
1	0	0	6
1	0	0	7
1	0	0	7
1	0	0	8
1	0	0	8
1	0	0	8
1	0	0	8
1	0	0	8
1	0	0	8
1	0	0	8
1	0	0	8
1	0	0	8
1	0	0	8
1	0	0	7
1	0	0	9
1	0	0	9
1	0	0	10
1	0	0	10
1	0	0	10
1	0	0	10
1	0	0	10
1	0	0	10
1	0	0	10
1	0	0	10
1	0	0	10
1	0	0	10
1	0	0	9
1	0	0	9
1	0	0	9
1	0	0	9
1	0	0	9
1	0	0	9
1	0	0	9
1	0	0	9
1	0	0	11
1	0	0	12
1	0	0	12
1	0	0	12
1	0	0	12
1	0	0	12
1	0	0	12
1	0	0	12
1	0	0	12
1	0	0	12
1	0	0	12
1	0	0	11
1	0	0	11
1	0	0	11
1	0	0	11
1	0	0	13
1	0	0	13
1	0	0	13
1	0	0	13
1	0	0	13
1	0	0	13
1	0	0	13
1	0	0	13
1	0	0	13
1	0	0	13
1	0	0	11
1	0	0	11
1	0	0	11
1	0	0	11
1	0	0	11
1	0	0	7
1	0	0	7
1	0	0	7
1	0	0	7
1	0	0	14
1	0	0	14
1	0	0	14
1	0	0	14
1	0	0	14
1	0	0	14
1	0	0	14
1	0	0	14
1	0	0	14
1	0	0	14
1	0	0	7
1	0	0	7
1	0	0	7
1	0	0	15
1	0	0	15
1	0	0	15
1	0	0	15
1	0	0	15
1	0	0	15
1	0	0	15
1	0	0	15
1	0	0	15
1	0	0	15
1	0	0	1
1	0	0	1
1	0	0	16
1	0	0	16
1	0	0	16
1	0	0	16
1	0	0	16
1	0	0	16
1	0	0	16
1	0	0	16
1	0	0	16
1	0	0	16
1	0	0	17
1	0	0	17
1	0	0	17
1	0	0	17
1	0	0	17
1	0	0	17
1	0	0	17
1	0	0	18
1	0	0	18
1	0	0	18
1	0	0	18
1	0	0	18
1	0	0	18
1	0	0	18
1	0	0	18
1	0	0	18
1	0	0	18
1	0	0	19
1	0	0	19
1	0	0	19
1	0	0	19
1	0	0	19
1	0	0	19
1	0	0	19
1	0	0	19
1	0	0	19
1	0	0	19
1	0	0	17
1	0	0	17
1	0	0	17
1	0	0	1
1	0	0	1
1	0	0	1
1	0	0	1
1	0	0	1
1	0	0	1
1	0	0	1
1	0	0	20
1	0	0	20
1	0	0	20
1	0	0	20
1	0	0	20
1	0	0	20
1	0	0	20
1	0	0	20
1	0	0	20
1	0	0	20
1	0	0	21
1	0	0	21
1	0	0	21
1	0	0	21
1	0	0	22
1	0	0	22
1	0	0	22
1	0	0	22
1	0	0	22
1	0	0	22
1	0	0	22
1	0	0	22
1	0	0	22
1	0	0	22
1	0	0	21
1	0	0	23
1	0	0	23
1	0	0	23
1	0	0	23
1	0	0	24
1	0	0	24
1	0	0	24
1	0	0	24
1	0	0	24
1	0	0	24
1	0	0	24
1	0	0	24
1	0	0	24
1	0	0	24
1	0	0	23
1	0	0	25
1	0	0	25
1	0	0	25
1	0	0	25
1	0	0	25
1	0	0	25
1	0	0	25
1	0	0	25
1	0	0	25
1	0	0	25
1	0	0	23
1	0	0	23
1	0	0	23
1	0	0	23
1	0	0	23
1	0	0	21
1	0	0	21
1	0	0	21
1	0	0	21
1	0	0	21
1	0	0	26
1	0	0	26
1	0	0	26
1	0	0	26
1	0	0	26
1	0	0	26
1	0	0	26
1	0	0	26
1	0	0	26
1	0	0	26
1	0	0	27
1	0	0	27
1	0	0	27
1	0	0	27
1	0	0	27
1	0	0	27
1	0	0	27
1	0	0	27
1	0	0	27
1	0	0	27
1	0	0	28
1	0	0	28
1	0	0	28
1	0	0	28
1	0	0	28
1	0	0	28
1	0	0	28
1	0	0	28
1	0	0	28
1	0	0	28
1	0	0	29
1	0	0	29
1	0	0	29
1	0	0	29
1	0	0	29
1	0	0	29
1	0	0	29
1	0	0	29
1	0	0	29
1	0	0	29
1	0	0	30
1	0	0	30
1	0	0	30
1	0	0	30
1	0	0	30
1	0	0	30
1	0	0	30
1	0	0	30
1	0	0	31
1	0	0	31
1	0	0	31
1	0	0	31
1	0	0	31
1	0	0	31
1	0	0	31
1	0	0	31
1	0	0	31
1	0	0	32
1	0	0	32
1	0	0	32
1	0	0	32
1	0	0	32
1	0	0	32
1	0	0	32
1	0	0	32
1	0	0	32
1	0	0	32
1	0	0	33
1	0	0	33
1	0	0	33
1	0	0	33
1	0	0	33
1	0	0	33
1	0	0	33
1	0	0	33
1	0	0	33
1	0	0	33
1	0	0	31
1	0	0	30
1	0	0	30
1	0	0	34
1	0	0	34
1	0	0	34
1	0	0	34
1	0	0	34
1	0	0	34
1	0	0	34
1	0	0	34
1	0	0	34
1	0	0	34
0.1	5	4	2
0.1	341	3	2
0.1	6	342	2
0.1	8	7	2
0.1	9	344	2
0.1	11	10	2
0.1	13	12	3
0.1	15	14	3
0.1	17	16	3
0.1	349	348	3
0.1	350	347	3
0.1	19	18	3
0.1	352	351	3
0.1	23	22	4
0.1	354	21	4
0.1	25	24	4
0.1	27	26	4
0.1	357	356	4
0.1	358	355	4
0.1	359	20	4
0.1	29	28	4
0.1	361	360	4
0.1	362	353	3
0.1	31	30	3
0.1	364	363	3
0.1	35	34	5
0.1	38	37	5
0.1	367	36	5
0.1	368	366	5
0.1	369	33	5
0.1	370	32	5
0.1	41	40	5
0.1	372	39	5
0.1	373	371	5
0.1	374	365	2
0.1	375	346	2
0.1	376	345	2
0.1	377	343	2
0.1	378	2	2
0.1	43	42	6
0.1	45	44	6
0.1	50	49	6
0.1	382	48	6
0.1	383	47	6
0.1	384	46	6
0.1	385	381	6
0.1	51	386	6
0.1	387	380	6
0.1	55	54	8
0.1	57	56	8
0.1	390	389	8
0.1	58	391	8
0.1	60	59	8
0.1	393	392	8
0.1	61	394	8
0.1	62	395	8
0.1	63	396	8
0.1	397	53	7
0.1	398	52	7
0.1	64	399	7
0.1	400	388	7
0.1	66	65	9
0.1	71	70	10
0.1	403	69	10
0.1	404	68	10
0.1	76	75	10
0.1	406	74	10
0.1	407	73	10
0.1	408	72	10
0.1	409	405	10
0.1	410	67	10
0.1	411	402	9
0.1	81	80	9
0.1	413	79	9
0.1	414	78	9
0.1	415	77	9
0.1	84	83	9
0.1	417	82	9
0.1	418	416	9
0.1	419	412	9
0.1	420	401	7
0.1	88	87	12
0.1	89	422	12
0.1	90	423	12
0.1	424	86	12
0.1	92	91	12
0.1	94	93	12
0.1	427	426	12
0.1	428	425	12
0.1	95	429	12
0.1	430	85	11
0.1	99	98	11
0.1	432	97	11
0.1	103	102	13
0.1	105	104	13
0.1	435	434	13
0.1	106	436	13
0.1	107	437	13
0.1	109	108	13
0.1	439	438	13
0.1	440	101	13
0.1	441	100	13
0.1	110	442	11
0.1	112	111	11
0.1	444	443	11
0.1	445	433	11
0.1	114	113	11
0.1	447	446	11
0.1	448	96	11
0.1	449	431	11
0.1	117	116	7
0.1	118	451	7
0.1	452	115	7
0.1	123	122	14
0.1	124	454	14
0.1	455	121	14
0.1	127	126	14
0.1	457	125	14
0.1	128	458	14
0.1	459	456	14
0.1	460	120	14
0.1	461	119	14
0.1	462	453	7
0.1	463	450	7
0.1	464	421	7
0.1	130	129	7
0.1	131	466	7
0.1	467	465	7
0.1	468	379	2
0.1	133	132	15
0.1	134	470	15
0.1	137	136	15
0.1	472	135	15
0.1	141	140	15
0.1	474	139	15
0.1	475	138	15
0.1	476	473	15
0.1	477	471	15
0.1	478	469	2
0.1	145	144	16
0.1	146	480	16
0.1	148	147	16
0.1	151	150	16
0.1	483	149	16
0.1	152	484	16
0.1	485	482	16
0.1	153	486	16
0.1	487	481	16
0.1	157	156	17
0.1	159	158	17
0.1	490	489	17
0.1	491	155	17
0.1	492	154	17
0.1	164	163	18
0.1	166	165	18
0.1	167	495	18
0.1	168	496	18
0.1	497	494	18
0.1	170	169	18
0.1	499	498	18
0.1	500	162	18
0.1	501	161	18
0.1	502	160	17
0.1	503	493	17
0.1	174	173	19
0.1	505	172	19
0.1	506	171	19
0.1	176	175	19
0.1	178	177	19
0.1	180	179	19
0.1	510	509	19
0.1	511	508	19
0.1	512	507	19
0.1	513	504	17
0.1	183	182	17
0.1	515	181	17
0.1	516	514	17
0.1	517	488	1
0.1	184	518	1
0.1	185	519	1
0.1	188	187	1
0.1	521	186	1
0.1	522	520	1
0.1	523	143	1
0.1	524	142	1
0.1	190	189	1
0.1	526	525	1
0.1	527	479	1
0.1	528	1	1
0.1	194	193	20
0.1	195	530	20
0.1	531	192	20
0.1	532	191	20
0.1	196	533	20
0.1	199	198	20
0.1	200	535	20
0.1	536	197	20
0.1	204	203	21
0.1	538	202	21
0.1	539	201	21
0.1	206	205	22
0.1	210	209	22
0.1	542	208	22
0.1	543	207	22
0.1	212	211	22
0.1	213	545	22
0.1	546	544	22
0.1	214	547	22
0.1	548	541	22
0.1	215	549	21
0.1	550	540	21
0.1	217	216	23
0.1	219	218	23
0.1	553	552	23
0.1	221	220	24
0.1	555	554	23
0.1	223	222	24
0.1	229	228	24
0.1	558	227	24
0.1	559	226	24
0.1	560	225	24
0.1	561	224	24
0.1	562	557	24
0.1	563	556	23
0.1	232	231	25
0.1	237	236	25
0.1	566	235	25
0.1	567	234	25
0.1	239	238	25
0.1	240	569	25
0.1	570	568	25
0.1	571	233	25
0.1	572	565	25
0.1	573	230	23
0.1	574	564	23
0.1	242	241	23
0.1	244	243	23
0.1	577	576	23
0.1	245	578	23
0.1	579	575	23
0.1	247	246	21
0.1	250	249	21
0.1	582	248	21
0.1	583	581	21
0.1	584	580	21
0.1	585	551	21
0.1	252	251	26
0.1	254	253	26
0.1	255	588	26
0.1	257	256	26
0.1	590	589	26
0.1	258	591	26
0.1	260	259	26
0.1	593	592	26
0.1	594	587	26
0.1	262	261	27
0.1	264	263	27
0.1	597	596	27
0.1	266	265	27
0.1	599	598	27
0.1	267	600	27
0.1	601	595	27
0.1	270	269	27
0.1	603	268	27
0.1	604	602	27
0.1	605	586	21
0.1	606	537	20
0.1	607	534	20
0.1	275	274	28
0.1	609	273	28
0.1	610	272	28
0.1	611	271	28
0.1	277	276	28
0.1	278	613	28
0.1	614	612	28
0.1	280	279	28
0.1	616	615	28
0.1	617	608	28
0.1	618	529	1
0.1	282	281	29
0.1	285	284	29
0.1	287	286	29
0.1	622	621	29
0.1	623	283	29
0.1	289	288	29
0.1	290	625	29
0.1	626	624	29
0.1	293	292	30
0.1	628	291	30
0.1	297	296	30
0.1	630	295	30
0.1	631	294	30
0.1	298	632	30
0.1	633	629	30
0.1	300	299	31
0.1	303	302	31
0.1	636	301	31
0.1	637	635	31
0.1	306	305	31
0.1	639	304	31
0.1	312	311	32
0.1	641	310	32
0.1	642	309	32
0.1	643	308	32
0.1	314	313	32
0.1	315	645	32
0.1	316	646	32
0.1	647	644	32
0.1	319	318	33
0.1	321	320	33
0.1	322	650	33
0.1	323	651	33
0.1	652	649	33
0.1	326	325	33
0.1	654	324	33
0.1	327	655	33
0.1	656	653	33
0.1	657	317	32
0.1	658	648	32
0.1	659	307	31
0.1	660	640	31
0.1	328	661	31
0.1	662	638	31
0.1	330	329	30
0.1	664	663	30
0.1	665	634	30
0.1	666	627	29
0.1	667	620	29
0.1	332	331	34
0.1	334	333	34
0.1	670	669	34
0.1	336	335	34
0.1	672	671	34
0.1	337	673	34
0.1	338	674	34
0.1	339	675	34
0.1	340	676	34
0.1	677	668	29
0.1	678	619	29
