1	0	0	1
1	0	0	1
1	0	0	2
1	0	0	2
1	0	0	2
1	0	0	2
1	0	0	2
1	0	0	2
1	0	0	2
1	0	0	2
1	0	0	2
1	0	0	2
1	0	0	3
1	0	0	3
1	0	0	4
1	0	0	4
1	0	0	4
1	0	0	4
1	0	0	4
1	0	0	4
1	0	0	4
1	0	0	4
1	0	0	4
1	0	0	4
1	0	0	3
1	0	0	3
1	0	0	3
1	0	0	3
1	0	0	3
1	0	0	3
1	0	0	3
1	0	0	3
1	0	0	5
1	0	0	5
1	0	0	5
1	0	0	5
1	0	0	5
1	0	0	5
1	0	0	5
1	0	0	5
1	0	0	5
1	0	0	5
1	0	0	6
1	0	0	6
1	0	0	6
1	0	0	7
1	0	0	7
1	0	0	7
1	0	0	7
1	0	0	7
1	0	0	7
1	0	0	7
1	0	0	7
1	0	0	7
1	0	0	7
1	0	0	8
1	0	0	8
1	0	0	8
1	0	0	8
1	0	0	8
1	0	0	8
1	0	0	8
1	0	0	8
1	0	0	8
1	0	0	8
1	0	0	9
1	0	0	9
1	0	0	9
1	0	0	9
1	0	0	9
1	0	0	9
1	0	0	9
1	0	0	9
1	0	0	9
1	0	0	9
1	0	0	6
1	0	0	10
1	0	0	10
1	0	0	10
1	0	0	10
1	0	0	10
1	0	0	10
1	0	0	10
1	0	0	10
1	0	0	10
1	0	0	10
1	0	0	6
1	0	0	6
1	0	0	6
1	0	0	6
1	0	0	6
1	0	0	6
1	0	0	11
1	0	0	11
1	0	0	11
1	0	0	11
1	0	0	11
1	0	0	11
1	0	0	11
1	0	0	11
1	0	0	11
1	0	0	12
1	0	0	12
1	0	0	12
1	0	0	12
1	0	0	12
1	0	0	12
1	0	0	12
1	0	0	12
1	0	0	12
1	0	0	12
1	0	0	13
1	0	0	13
1	0	0	13
1	0	0	13
1	0	0	13
1	0	0	14
1	0	0	14
1	0	0	14
1	0	0	14
1	0	0	14
1	0	0	14
1	0	0	14
1	0	0	14
1	0	0	14
1	0	0	14
1	0	0	13
1	0	0	13
1	0	0	13
1	0	0	13
1	0	0	13
1	0	0	11
1	0	0	1
1	0	0	1
1	0	0	1
1	0	0	1
1	0	0	1
1	0	0	1
1	0	0	1
1	0	0	1
1	0	0	15
1	0	0	15
1	0	0	15
1	0	0	15
1	0	0	15
1	0	0	15
1	0	0	15
1	0	0	15
1	0	0	15
1	0	0	16
1	0	0	16
1	0	0	17
1	0	0	17
1	0	0	17
1	0	0	17
1	0	0	17
1	0	0	17
1	0	0	17
1	0	0	17
1	0	0	17
1	0	0	17
1	0	0	16
1	0	0	16
1	0	0	16
1	0	0	16
1	0	0	16
1	0	0	16
1	0	0	16
1	0	0	16
1	0	0	18
1	0	0	18
1	0	0	18
1	0	0	18
1	0	0	18
1	0	0	18
1	0	0	18
1	0	0	18
1	0	0	18
1	0	0	18
1	0	0	19
1	0	0	19
1	0	0	19
1	0	0	19
1	0	0	19
1	0	0	19
1	0	0	19
1	0	0	19
1	0	0	19
1	0	0	19
1	0	0	15
1	0	0	20
1	0	0	20
1	0	0	20
1	0	0	20
1	0	0	20
1	0	0	20
1	0	0	20
1	0	0	20
1	0	0	20
1	0	0	20
1	0	0	21
1	0	0	21
1	0	0	21
1	0	0	21
1	0	0	21
1	0	0	21
1	0	0	21
1	0	0	21
1	0	0	21
1	0	0	21
1	0	0	22
1	0	0	22
1	0	0	22
1	0	0	22
1	0	0	22
1	0	0	22
1	0	0	22
1	0	0	22
1	0	0	22
1	0	0	22
1	0	0	23
1	0	0	23
1	0	0	23
1	0	0	23
1	0	0	23
1	0	0	23
1	0	0	23
1	0	0	23
1	0	0	23
1	0	0	23
1	0	0	24
1	0	0	24
1	0	0	24
1	0	0	24
1	0	0	24
1	0	0	24
1	0	0	24
1	0	0	24
1	0	0	24
1	0	0	24
1	0	0	25
1	0	0	25
1	0	0	25
1	0	0	25
1	0	0	26
1	0	0	26
1	0	0	26
1	0	0	26
1	0	0	26
1	0	0	26
1	0	0	26
1	0	0	26
1	0	0	26
1	0	0	26
1	0	0	27
1	0	0	27
1	0	0	27
1	0	0	27
1	0	0	27
1	0	0	27
1	0	0	27
1	0	0	27
1	0	0	27
1	0	0	27
1	0	0	25
1	0	0	25
1	0	0	25
1	0	0	25
1	0	0	25
1	0	0	25
1	0	0	28
1	0	0	28
1	0	0	28
1	0	0	28
1	0	0	28
1	0	0	28
1	0	0	28
1	0	0	28
1	0	0	28
1	0	0	28
1	0	0	29
1	0	0	29
1	0	0	29
1	0	0	29
1	0	0	29
1	0	0	30
1	0	0	30
1	0	0	30
1	0	0	30
1	0	0	30
1	0	0	30
1	0	0	30
1	0	0	30
1	0	0	30
1	0	0	30
1	0	0	31
1	0	0	31
1	0	0	31
1	0	0	31
1	0	0	31
1	0	0	31
1	0	0	31
1	0	0	31
1	0	0	31
1	0	0	31
1	0	0	29
1	0	0	32
1	0	0	32
1	0	0	32
1	0	0	32
1	0	0	32
1	0	0	33
1	0	0	33
1	0	0	33
1	0	0	33
1	0	0	33
1	0	0	33
1	0	0	33
1	0	0	33
1	0	0	33
1	0	0	33
1	0	0	32
1	0	0	32
1	0	0	32
1	0	0	32
1	0	0	34
1	0	0	34
1	0	0	34
1	0	0	34
1	0	0	34
1	0	0	34
1	0	0	34
1	0	0	34
1	0	0	34
1	0	0	34
1	0	0	32
1	0	0	29
1	0	0	35
1	0	0	35
1	0	0	35
1	0	0	35
1	0	0	35
1	0	0	35
1	0	0	35
1	0	0	35
1	0	0	35
1	0	0	35
1	0	0	29
1	0	0	36
1	0	0	37
1	0	0	37
1	0	0	37
1	0	0	37
1	0	0	37
1	0	0	37
1	0	0	37
1	0	0	37
1	0	0	37
1	0	0	37
1	0	0	36
1	0	0	36
1	0	0	36
1	0	0	36
1	0	0	36
1	0	0	36
1	0	0	36
1	0	0	36
1	0	0	36
1	0	0	38
1	0	0	38
1	0	0	38
1	0	0	38
1	0	0	38
1	0	0	38
1	0	0	38
1	0	0	38
1	0	0	38
1	0	0	38
1	0	0	29
1	0	0	29
1	0	0	39
1	0	0	39
1	0	0	39
1	0	0	39
1	0	0	39
1	0	0	39
1	0	0	39
1	0	0	39
1	0	0	39
1	0	0	39
1	0	0	40
1	0	0	40
1	0	0	40
1	0	0	40
1	0	0	40
1	0	0	40
1	0	0	40
1	0	0	40
1	0	0	40
1	0	0	40
0.1	6	5	2
0.1	401	4	2
0.1	7	402	2
0.1	9	8	2
0.1	404	403	2
0.1	405	3	2
0.1	12	11	2
0.1	407	10	2
0.1	408	406	2
0.1	14	13	3
0.1	17	16	4
0.1	411	15	4
0.1	20	19	4
0.1	23	22	4
0.1	24	414	4
0.1	415	21	4
0.1	416	413	4
0.1	417	18	4
0.1	418	412	4
0.1	419	410	3
0.1	26	25	3
0.1	421	420	3
0.1	27	422	3
0.1	30	29	3
0.1	424	28	3
0.1	32	31	3
0.1	426	425	3
0.1	427	423	3
0.1	35	34	5
0.1	429	33	5
0.1	37	36	5
0.1	431	430	5
0.1	38	432	5
0.1	42	41	5
0.1	434	40	5
0.1	435	39	5
0.1	436	433	5
0.1	44	43	6
0.1	438	437	6
0.1	439	428	6
0.1	48	47	7
0.1	441	46	7
0.1	49	442	7
0.1	54	53	7
0.1	444	52	7
0.1	445	51	7
0.1	446	50	7
0.1	55	447	7
0.1	448	443	7
0.1	449	45	6
0.1	58	57	8
0.1	60	59	8
0.1	452	451	8
0.1	62	61	8
0.1	64	63	8
0.1	65	455	8
0.1	456	454	8
0.1	457	453	8
0.1	458	56	8
0.1	67	66	9
0.1	69	68	9
0.1	70	461	9
0.1	72	71	9
0.1	74	73	9
0.1	75	464	9
0.1	465	463	9
0.1	466	462	9
0.1	467	460	9
0.1	468	459	6
0.1	78	77	10
0.1	81	80	10
0.1	471	79	10
0.1	83	82	10
0.1	85	84	10
0.1	474	473	10
0.1	86	475	10
0.1	476	472	10
0.1	477	470	10
0.1	87	478	6
0.1	479	76	6
0.1	480	469	6
0.1	481	450	6
0.1	89	88	6
0.1	483	482	6
0.1	484	440	6
0.1	94	93	11
0.1	97	96	11
0.1	98	487	11
0.1	488	95	11
0.1	489	486	11
0.1	100	99	11
0.1	103	102	12
0.1	104	492	12
0.1	106	105	12
0.1	108	107	12
0.1	495	494	12
0.1	111	110	12
0.1	497	109	12
0.1	116	115	13
0.1	118	117	14
0.1	119	500	14
0.1	121	120	14
0.1	124	123	14
0.1	126	125	14
0.1	504	503	14
0.1	505	122	14
0.1	506	502	14
0.1	507	501	14
0.1	508	499	13
0.1	509	114	13
0.1	510	113	13
0.1	129	128	13
0.1	131	130	13
0.1	513	512	13
0.1	514	127	13
0.1	515	511	13
0.1	516	112	13
0.1	517	498	12
0.1	518	496	12
0.1	519	493	12
0.1	520	101	11
0.1	132	521	11
0.1	522	491	11
0.1	523	490	11
0.1	524	92	6
0.1	525	91	6
0.1	526	90	6
0.1	527	485	6
0.1	133	528	1
0.1	529	409	1
0.1	135	134	1
0.1	137	136	1
0.1	532	531	1
0.1	533	530	1
0.1	534	2	1
0.1	535	1	1
0.1	140	139	1
0.1	537	138	1
0.1	538	536	1
0.1	144	143	15
0.1	540	142	15
0.1	541	141	15
0.1	147	146	15
0.1	543	145	15
0.1	148	544	15
0.1	151	150	16
0.1	154	153	17
0.1	547	152	17
0.1	157	156	17
0.1	549	155	17
0.1	550	548	17
0.1	160	159	17
0.1	552	158	17
0.1	553	551	17
0.1	161	554	17
0.1	163	162	16
0.1	556	555	16
0.1	166	165	16
0.1	558	164	16
0.1	168	167	16
0.1	173	172	18
0.1	561	171	18
0.1	175	174	18
0.1	563	562	18
0.1	179	178	18
0.1	565	177	18
0.1	566	176	18
0.1	567	564	18
0.1	568	170	18
0.1	569	169	16
0.1	570	560	16
0.1	571	559	16
0.1	572	557	16
0.1	573	546	16
0.1	185	184	19
0.1	575	183	19
0.1	576	182	19
0.1	577	181	19
0.1	188	187	19
0.1	189	579	19
0.1	580	186	19
0.1	581	578	19
0.1	582	180	19
0.1	583	574	16
0.1	190	584	15
0.1	585	149	15
0.1	586	545	15
0.1	192	191	20
0.1	193	588	20
0.1	195	194	20
0.1	590	589	20
0.1	197	196	20
0.1	592	591	20
0.1	200	199	20
0.1	594	198	20
0.1	595	593	20
0.1	205	204	21
0.1	597	203	21
0.1	207	206	21
0.1	599	598	21
0.1	600	202	21
0.1	210	209	21
0.1	602	208	21
0.1	603	601	21
0.1	604	201	21
0.1	605	596	22
0.1	212	211	22
0.1	214	213	22
0.1	216	215	22
0.1	609	608	22
0.1	610	607	22
0.1	219	218	22
0.1	612	217	22
0.1	613	611	22
0.1	614	606	22
0.1	220	615	22
0.1	616	587	15
0.1	617	542	15
0.1	618	539	1
0.1	223	222	23
0.1	620	221	23
0.1	225	224	23
0.1	622	621	23
0.1	227	226	23
0.1	230	229	23
0.1	625	228	23
0.1	626	624	23
0.1	233	232	24
0.1	234	628	24
0.1	629	231	24
0.1	236	235	24
0.1	239	238	24
0.1	632	237	24
0.1	633	631	24
0.1	240	634	24
0.1	635	630	24
0.1	243	242	25
0.1	637	241	25
0.1	246	245	26
0.1	248	247	26
0.1	250	249	26
0.1	251	641	26
0.1	642	640	26
0.1	254	253	26
0.1	644	252	26
0.1	645	643	26
0.1	646	639	26
0.1	647	244	25
0.1	258	257	27
0.1	649	256	27
0.1	260	259	27
0.1	261	651	27
0.1	652	650	27
0.1	263	262	27
0.1	264	654	27
0.1	655	653	27
0.1	656	255	27
0.1	266	265	25
0.1	267	658	25
0.1	659	657	25
0.1	660	648	25
0.1	270	269	25
0.1	662	268	25
0.1	663	661	25
0.1	664	638	25
0.1	665	636	24
0.1	273	272	28
0.1	274	667	28
0.1	275	668	28
0.1	278	277	28
0.1	670	276	28
0.1	280	279	28
0.1	672	671	28
0.1	673	669	28
0.1	674	271	28
0.1	281	675	29
0.1	676	666	29
0.1	283	282	29
0.1	678	677	29
0.1	284	679	29
0.1	289	288	30
0.1	681	287	30
0.1	290	682	30
0.1	683	286	30
0.1	292	291	30
0.1	685	684	30
0.1	295	294	30
0.1	687	293	30
0.1	688	686	30
0.1	299	298	31
0.1	301	300	31
0.1	691	690	31
0.1	692	297	31
0.1	693	296	31
0.1	305	304	31
0.1	695	303	31
0.1	696	302	31
0.1	697	694	31
0.1	306	698	29
0.1	699	689	29
0.1	700	285	29
0.1	309	308	32
0.1	702	307	32
0.1	313	312	33
0.1	316	315	33
0.1	705	314	33
0.1	317	706	33
0.1	321	320	33
0.1	708	319	33
0.1	709	318	33
0.1	710	707	33
0.1	711	704	33
0.1	322	712	32
0.1	713	311	32
0.1	714	310	32
0.1	324	323	32
0.1	716	715	32
0.1	717	703	32
0.1	328	327	34
0.1	719	326	34
0.1	330	329	34
0.1	334	333	34
0.1	722	332	34
0.1	723	331	34
0.1	335	724	34
0.1	725	721	34
0.1	726	720	34
0.1	727	325	32
0.1	336	728	32
0.1	729	718	32
0.1	337	730	29
0.1	340	339	35
0.1	732	338	35
0.1	342	341	35
0.1	734	733	35
0.1	344	343	35
0.1	736	735	35
0.1	347	346	35
0.1	738	345	35
0.1	739	737	35
0.1	740	731	29
0.1	741	701	29
0.1	348	742	29
0.1	352	351	37
0.1	744	350	37
0.1	355	354	37
0.1	746	353	37
0.1	356	747	37
0.1	358	357	37
0.1	749	748	37
0.1	359	750	37
0.1	751	745	37
0.1	752	349	36
0.1	363	362	36
0.1	754	361	36
0.1	755	360	36
0.1	365	364	36
0.1	366	757	36
0.1	758	756	36
0.1	367	759	36
0.1	760	753	36
0.1	368	761	36
0.1	372	371	38
0.1	763	370	38
0.1	375	374	38
0.1	765	373	38
0.1	766	764	38
0.1	378	377	38
0.1	768	376	38
0.1	769	767	38
0.1	770	369	38
0.1	379	771	29
0.1	772	762	29
0.1	385	384	39
0.1	774	383	39
0.1	775	382	39
0.1	387	386	39
0.1	777	776	39
0.1	393	392	40
0.1	779	391	40
0.1	396	395	40
0.1	781	394	40
0.1	398	397	40
0.1	399	783	40
0.1	784	782	40
0.1	400	785	40
0.1	786	780	40
0.1	787	390	39
0.1	788	389	39
0.1	789	388	39
0.1	790	778	39
0.1	791	381	39
0.1	792	380	29
0.1	793	773	29
0.1	794	743	29
0.1	795	680	29
0.1	796	627	23
0.1	797	623	23
0.1	798	619	23
