1	0	0	1
1	0	0	2
1	0	0	2
1	0	0	2
1	0	0	2
1	0	0	2
1	0	0	2
1	0	0	2
1	0	0	3
1	0	0	3
1	0	0	3
1	0	0	3
1	0	0	3
1	0	0	3
1	0	0	3
1	0	0	3
1	0	0	3
1	0	0	3
1	0	0	2
1	0	0	4
1	0	0	4
1	0	0	4
1	0	0	4
1	0	0	4
1	0	0	4
1	0	0	4
1	0	0	4
1	0	0	4
1	0	0	4
1	0	0	5
1	0	0	5
1	0	0	5
1	0	0	5
1	0	0	5
1	0	0	5
1	0	0	5
1	0	0	5
1	0	0	5
1	0	0	5
1	0	0	6
1	0	0	6
1	0	0	6
1	0	0	6
1	0	0	6
1	0	0	6
1	0	0	6
1	0	0	6
1	0	0	6
1	0	0	6
1	0	0	7
1	0	0	7
1	0	0	7
1	0	0	7
1	0	0	7
1	0	0	7
1	0	0	7
1	0	0	7
1	0	0	7
1	0	0	7
1	0	0	8
1	0	0	8
1	0	0	8
1	0	0	8
1	0	0	8
1	0	0	8
1	0	0	8
1	0	0	8
1	0	0	8
1	0	0	8
1	0	0	9
1	0	0	10
1	0	0	10
1	0	0	10
1	0	0	10
1	0	0	10
1	0	0	10
1	0	0	10
1	0	0	10
1	0	0	10
1	0	0	10
1	0	0	9
1	0	0	9
1	0	0	11
1	0	0	11
1	0	0	11
1	0	0	11
1	0	0	11
1	0	0	11
1	0	0	11
1	0	0	11
1	0	0	11
1	0	0	11
1	0	0	9
1	0	0	9
1	0	0	9
1	0	0	9
1	0	0	9
1	0	0	9
1	0	0	12
1	0	0	12
1	0	0	12
1	0	0	12
1	0	0	12
1	0	0	12
1	0	0	12
1	0	0	12
1	0	0	12
1	0	0	12
1	0	0	13
1	0	0	13
1	0	0	13
1	0	0	13
1	0	0	13
1	0	0	13
1	0	0	13
1	0	0	13
1	0	0	13
1	0	0	13
1	0	0	14
1	0	0	14
1	0	0	14
1	0	0	14
1	0	0	14
1	0	0	14
1	0	0	14
1	0	0	14
1	0	0	14
1	0	0	14
1	0	0	15
1	0	0	15
1	0	0	15
1	0	0	15
1	0	0	15
1	0	0	15
1	0	0	15
1	0	0	15
1	0	0	16
1	0	0	16
1	0	0	16
1	0	0	16
1	0	0	16
1	0	0	16
1	0	0	16
1	0	0	16
1	0	0	16
1	0	0	16
1	0	0	15
1	0	0	15
1	0	0	9
1	0	0	2
1	0	0	2
1	0	0	17
1	0	0	17
1	0	0	17
1	0	0	17
1	0	0	17
1	0	0	17
1	0	0	17
1	0	0	17
1	0	0	17
1	0	0	17
1	0	0	18
1	0	0	18
1	0	0	19
1	0	0	19
1	0	0	19
1	0	0	19
1	0	0	19
1	0	0	19
1	0	0	19
1	0	0	19
1	0	0	19
1	0	0	19
1	0	0	18
1	0	0	20
1	0	0	20
1	0	0	20
1	0	0	20
1	0	0	20
1	0	0	20
1	0	0	20
1	0	0	20
1	0	0	20
1	0	0	20
1	0	0	18
1	0	0	18
1	0	0	18
1	0	0	21
1	0	0	21
1	0	0	21
1	0	0	21
1	0	0	21
1	0	0	21
1	0	0	21
1	0	0	21
1	0	0	21
1	0	0	21
1	0	0	18
1	0	0	18
1	0	0	22
1	0	0	22
1	0	0	22
1	0	0	22
1	0	0	22
1	0	0	22
1	0	0	22
1	0	0	22
1	0	0	22
1	0	0	22
1	0	0	23
1	0	0	23
1	0	0	23
1	0	0	23
1	0	0	23
1	0	0	23
1	0	0	23
1	0	0	23
1	0	0	23
1	0	0	23
1	0	0	18
1	0	0	18
1	0	0	1
1	0	0	1
1	0	0	1
1	0	0	24
1	0	0	24
1	0	0	24
1	0	0	24
1	0	0	24
1	0	0	24
1	0	0	24
1	0	0	24
1	0	0	24
1	0	0	24
1	0	0	25
1	0	0	25
1	0	0	25
1	0	0	25
1	0	0	25
1	0	0	25
1	0	0	25
1	0	0	25
1	0	0	25
1	0	0	25
1	0	0	26
1	0	0	26
1	0	0	26
1	0	0	26
1	0	0	26
1	0	0	26
1	0	0	26
1	0	0	26
1	0	0	26
1	0	0	26
1	0	0	27
1	0	0	27
1	0	0	28
1	0	0	28
1	0	0	28
1	0	0	28
1	0	0	28
1	0	0	28
1	0	0	28
1	0	0	29
1	0	0	29
1	0	0	29
1	0	0	29
1	0	0	29
1	0	0	29
1	0	0	29
1	0	0	29
1	0	0	29
1	0	0	29
1	0	0	28
1	0	0	28
1	0	0	28
1	0	0	30
1	0	0	30
1	0	0	30
1	0	0	30
1	0	0	30
1	0	0	30
1	0	0	30
1	0	0	31
1	0	0	31
1	0	0	31
1	0	0	31
1	0	0	31
1	0	0	32
1	0	0	32
1	0	0	32
1	0	0	32
1	0	0	32
1	0	0	32
1	0	0	32
1	0	0	32
1	0	0	32
1	0	0	32
1	0	0	31
1	0	0	31
1	0	0	31
1	0	0	31
1	0	0	31
1	0	0	30
1	0	0	30
1	0	0	30
1	0	0	27
1	0	0	27
1	0	0	27
1	0	0	27
1	0	0	27
1	0	0	27
1	0	0	33
1	0	0	33
1	0	0	33
1	0	0	33
1	0	0	33
1	0	0	33
1	0	0	33
1	0	0	33
1	0	0	33
1	0	0	33
1	0	0	27
1	0	0	27
1	0	0	34
1	0	0	34
1	0	0	34
1	0	0	34
1	0	0	34
1	0	0	34
1	0	0	34
1	0	0	35
1	0	0	35
1	0	0	35
1	0	0	35
1	0	0	35
1	0	0	35
1	0	0	35
1	0	0	35
1	0	0	35
1	0	0	35
1	0	0	34
1	0	0	34
1	0	0	34
1	0	0	1
1	0	0	1
1	0	0	1
1	0	0	36
1	0	0	36
1	0	0	36
1	0	0	36
1	0	0	36
1	0	0	36
1	0	0	36
1	0	0	36
1	0	0	36
1	0	0	36
1	0	0	37
1	0	0	37
1	0	0	37
1	0	0	37
1	0	0	37
1	0	0	37
1	0	0	37
1	0	0	37
1	0	0	37
1	0	0	37
1	0	0	38
1	0	0	38
1	0	0	38
1	0	0	38
1	0	0	38
1	0	0	38
1	0	0	38
1	0	0	38
1	0	0	38
1	0	0	38
1	0	0	39
1	0	0	39
1	0	0	39
1	0	0	39
1	0	0	39
1	0	0	39
1	0	0	39
1	0	0	39
1	0	0	39
1	0	0	39
1	0	0	40
1	0	0	40
1	0	0	40
1	0	0	40
1	0	0	40
1	0	0	40
1	0	0	40
1	0	0	41
1	0	0	41
1	0	0	41
1	0	0	42
1	0	0	42
1	0	0	42
1	0	0	42
1	0	0	42
1	0	0	42
1	0	0	42
1	0	0	42
1	0	0	42
1	0	0	42
1	0	0	43
1	0	0	43
1	0	0	43
1	0	0	43
1	0	0	43
1	0	0	43
1	0	0	43
1	0	0	43
1	0	0	43
1	0	0	43
1	0	0	41
1	0	0	41
1	0	0	41
1	0	0	41
1	0	0	41
1	0	0	44
1	0	0	44
1	0	0	44
1	0	0	44
1	0	0	44
1	0	0	44
1	0	0	44
1	0	0	44
1	0	0	44
1	0	0	44
1	0	0	41
1	0	0	41
1	0	0	45
1	0	0	45
1	0	0	45
1	0	0	45
1	0	0	45
1	0	0	45
1	0	0	45
1	0	0	45
1	0	0	45
1	0	0	45
1	0	0	46
1	0	0	46
1	0	0	46
1	0	0	46
1	0	0	46
1	0	0	46
1	0	0	47
1	0	0	47
1	0	0	47
1	0	0	47
1	0	0	47
1	0	0	47
1	0	0	47
1	0	0	47
1	0	0	47
1	0	0	47
1	0	0	48
1	0	0	48
1	0	0	48
1	0	0	48
1	0	0	48
1	0	0	48
1	0	0	48
1	0	0	48
1	0	0	48
1	0	0	48
1	0	0	49
1	0	0	49
1	0	0	49
1	0	0	49
1	0	0	49
1	0	0	49
1	0	0	49
1	0	0	50
1	0	0	50
1	0	0	50
1	0	0	50
1	0	0	50
1	0	0	50
1	0	0	50
1	0	0	50
1	0	0	50
1	0	0	50
1	0	0	49
1	0	0	49
1	0	0	49
1	0	0	46
1	0	0	51
1	0	0	51
1	0	0	51
1	0	0	51
1	0	0	51
1	0	0	51
1	0	0	51
1	0	0	51
1	0	0	51
1	0	0	51
1	0	0	46
1	0	0	52
1	0	0	52
1	0	0	52
1	0	0	52
1	0	0	52
1	0	0	52
1	0	0	52
1	0	0	52
1	0	0	52
1	0	0	53
1	0	0	53
1	0	0	53
1	0	0	53
1	0	0	53
1	0	0	53
1	0	0	53
1	0	0	53
1	0	0	53
1	0	0	53
1	0	0	52
1	0	0	54
1	0	0	54
1	0	0	54
1	0	0	54
1	0	0	54
1	0	0	54
1	0	0	54
1	0	0	54
1	0	0	54
1	0	0	54
1	0	0	55
1	0	0	55
1	0	0	55
1	0	0	55
1	0	0	55
1	0	0	55
1	0	0	55
1	0	0	55
1	0	0	55
1	0	0	55
1	0	0	46
1	0	0	46
1	0	0	40
1	0	0	40
1	0	0	40
1	0	0	1
1	0	0	1
1	0	0	1
0.1	3	2	2
0.1	6	5	2
0.1	8	7	2
0.1	11	10	3
0.1	554	9	3
0.1	14	13	3
0.1	556	12	3
0.1	15	557	3
0.1	558	555	3
0.1	18	17	3
0.1	560	16	3
0.1	561	559	3
0.1	19	562	2
0.1	563	553	2
0.1	564	552	2
0.1	565	4	2
0.1	21	20	4
0.1	23	22	4
0.1	26	25	4
0.1	28	27	4
0.1	570	569	4
0.1	571	24	4
0.1	572	568	4
0.1	29	573	4
0.1	574	567	4
0.1	31	30	5
0.1	34	33	5
0.1	577	32	5
0.1	36	35	5
0.1	38	37	5
0.1	39	580	5
0.1	581	579	5
0.1	582	578	5
0.1	583	576	5
0.1	42	41	6
0.1	44	43	6
0.1	586	585	6
0.1	587	40	6
0.1	47	46	6
0.1	48	589	6
0.1	590	45	6
0.1	49	591	6
0.1	592	588	6
0.1	593	584	9
0.1	53	52	7
0.1	595	51	7
0.1	59	58	7
0.1	597	57	7
0.1	598	56	7
0.1	599	55	7
0.1	600	54	7
0.1	601	596	7
0.1	602	50	7
0.1	62	61	8
0.1	604	60	8
0.1	64	63	8
0.1	66	65	8
0.1	68	67	8
0.1	69	608	8
0.1	609	607	8
0.1	610	606	8
0.1	611	605	8
0.1	72	71	10
0.1	73	613	10
0.1	77	76	10
0.1	78	615	10
0.1	616	75	10
0.1	617	74	10
0.1	80	79	10
0.1	619	618	10
0.1	620	614	10
0.1	621	70	9
0.1	81	622	9
0.1	623	612	9
0.1	85	84	11
0.1	625	83	11
0.1	87	86	11
0.1	88	627	11
0.1	92	91	11
0.1	629	90	11
0.1	630	89	11
0.1	631	628	11
0.1	632	626	11
0.1	633	82	9
0.1	634	624	9
0.1	635	603	9
0.1	636	594	9
0.1	94	93	9
0.1	97	96	9
0.1	639	95	9
0.1	98	640	9
0.1	102	101	12
0.1	103	642	12
0.1	643	100	12
0.1	644	99	12
0.1	106	105	12
0.1	108	107	12
0.1	647	646	12
0.1	648	104	12
0.1	649	645	12
0.1	111	110	13
0.1	651	109	13
0.1	112	652	13
0.1	115	114	13
0.1	654	113	13
0.1	655	653	13
0.1	118	117	13
0.1	657	116	13
0.1	658	656	13
0.1	119	659	14
0.1	120	660	14
0.1	124	123	14
0.1	662	122	14
0.1	663	121	14
0.1	126	125	14
0.1	665	664	14
0.1	666	661	14
0.1	128	127	14
0.1	668	667	14
0.1	669	650	14
0.1	131	130	15
0.1	133	132	15
0.1	135	134	15
0.1	673	672	15
0.1	674	671	15
0.1	139	138	16
0.1	140	676	16
0.1	677	137	16
0.1	143	142	16
0.1	679	141	16
0.1	145	144	16
0.1	146	681	16
0.1	682	680	16
0.1	683	678	16
0.1	684	136	15
0.1	148	147	15
0.1	686	685	15
0.1	687	675	15
0.1	688	129	15
0.1	689	670	15
0.1	149	690	9
0.1	691	641	9
0.1	692	638	9
0.1	693	637	9
0.1	694	575	2
0.1	151	150	2
0.1	696	695	2
0.1	697	566	2
0.1	698	551	2
0.1	155	154	17
0.1	700	153	17
0.1	701	152	17
0.1	158	157	17
0.1	703	156	17
0.1	159	704	17
0.1	166	165	19
0.1	170	169	19
0.1	707	168	19
0.1	171	708	19
0.1	709	167	19
0.1	173	172	19
0.1	711	710	19
0.1	712	706	19
0.1	713	164	19
0.1	714	163	18
0.1	174	715	18
0.1	716	162	18
0.1	176	175	20
0.1	177	718	20
0.1	179	178	20
0.1	180	720	20
0.1	184	183	20
0.1	722	182	20
0.1	723	181	20
0.1	724	721	20
0.1	725	719	20
0.1	186	185	18
0.1	727	726	18
0.1	728	717	18
0.1	187	729	18
0.1	189	188	21
0.1	191	190	21
0.1	732	731	21
0.1	194	193	21
0.1	734	192	21
0.1	197	196	21
0.1	736	195	21
0.1	737	735	21
0.1	738	733	21
0.1	198	739	18
0.1	201	200	22
0.1	202	741	22
0.1	205	204	22
0.1	743	203	22
0.1	744	742	22
0.1	207	206	22
0.1	209	208	22
0.1	747	746	22
0.1	748	745	22
0.1	212	211	23
0.1	214	213	23
0.1	751	750	23
0.1	216	215	23
0.1	217	753	23
0.1	219	218	23
0.1	755	754	23
0.1	756	752	23
0.1	757	210	23
0.1	758	749	18
0.1	759	199	18
0.1	760	740	18
0.1	221	220	18
0.1	762	761	18
0.1	763	730	18
0.1	764	161	17
0.1	765	160	17
0.1	766	705	17
0.1	767	702	17
0.1	222	768	1
0.1	769	699	1
0.1	770	1	1
0.1	224	223	1
0.1	772	771	1
0.1	228	227	24
0.1	774	226	24
0.1	232	231	24
0.1	776	230	24
0.1	233	777	24
0.1	778	229	24
0.1	236	235	25
0.1	238	237	25
0.1	240	239	25
0.1	242	241	25
0.1	783	782	25
0.1	784	781	25
0.1	243	785	25
0.1	244	786	25
0.1	787	780	25
0.1	788	234	24
0.1	789	779	24
0.1	790	775	24
0.1	791	225	24
0.1	246	245	26
0.1	249	248	26
0.1	250	794	26
0.1	252	251	26
0.1	253	796	26
0.1	797	795	26
0.1	254	798	26
0.1	799	247	26
0.1	800	793	26
0.1	258	257	28
0.1	262	261	28
0.1	263	803	28
0.1	804	260	28
0.1	267	266	29
0.1	806	265	29
0.1	271	270	29
0.1	808	269	29
0.1	273	272	29
0.1	810	809	29
0.1	811	268	29
0.1	812	807	29
0.1	813	264	29
0.1	274	814	28
0.1	815	805	28
0.1	276	275	28
0.1	817	816	28
0.1	818	259	28
0.1	278	277	30
0.1	281	280	30
0.1	821	279	30
0.1	283	282	30
0.1	285	284	31
0.1	287	286	31
0.1	288	825	31
0.1	826	824	31
0.1	291	290	32
0.1	828	289	32
0.1	294	293	32
0.1	296	295	32
0.1	298	297	32
0.1	832	831	32
0.1	833	830	32
0.1	834	292	32
0.1	835	829	32
0.1	301	300	31
0.1	837	299	31
0.1	303	302	31
0.1	839	838	31
0.1	840	836	31
0.1	841	827	31
0.1	842	823	30
0.1	843	822	30
0.1	306	305	30
0.1	845	304	30
0.1	846	844	30
0.1	847	820	30
0.1	848	819	28
0.1	849	802	28
0.1	850	256	27
0.1	851	255	27
0.1	308	307	27
0.1	309	853	27
0.1	315	314	33
0.1	316	855	33
0.1	856	313	33
0.1	320	319	33
0.1	858	318	33
0.1	322	321	33
0.1	860	859	33
0.1	861	317	33
0.1	862	857	33
0.1	863	312	27
0.1	864	311	27
0.1	324	323	27
0.1	866	865	27
0.1	867	310	27
0.1	868	854	27
0.1	869	852	27
0.1	325	870	34
0.1	871	801	34
0.1	327	326	34
0.1	330	329	34
0.1	331	874	34
0.1	875	328	34
0.1	876	873	34
0.1	877	872	34
0.1	335	334	35
0.1	338	337	35
0.1	880	336	35
0.1	881	879	35
0.1	339	882	35
0.1	340	883	35
0.1	341	884	35
0.1	885	333	35
0.1	886	332	35
0.1	887	878	34
0.1	343	342	34
0.1	889	888	34
0.1	344	890	34
0.1	891	792	24
0.1	347	346	1
0.1	893	345	1
0.1	894	892	1
0.1	350	349	36
0.1	896	348	36
0.1	353	352	36
0.1	898	351	36
0.1	899	897	36
0.1	356	355	36
0.1	357	901	36
0.1	902	354	36
0.1	903	900	36
0.1	360	359	37
0.1	905	358	37
0.1	362	361	37
0.1	365	364	37
0.1	367	366	37
0.1	909	908	37
0.1	910	363	37
0.1	911	907	37
0.1	912	906	37
0.1	371	370	38
0.1	914	369	38
0.1	373	372	38
0.1	916	915	38
0.1	374	917	38
0.1	376	375	38
0.1	919	918	38
0.1	377	920	38
0.1	921	368	38
0.1	383	382	39
0.1	923	381	39
0.1	924	380	39
0.1	925	379	39
0.1	926	378	39
0.1	387	386	39
0.1	928	385	39
0.1	929	384	39
0.1	930	927	39
0.1	931	922	39
0.1	932	913	36
0.1	933	904	36
0.1	391	390	40
0.1	935	389	40
0.1	936	388	40
0.1	937	934	40
0.1	394	393	40
0.1	939	392	40
0.1	397	396	41
0.1	941	395	41
0.1	399	398	42
0.1	400	943	42
0.1	402	401	42
0.1	403	945	42
0.1	407	406	42
0.1	947	405	42
0.1	948	404	42
0.1	949	946	42
0.1	950	944	42
0.1	951	942	41
0.1	410	409	43
0.1	412	411	43
0.1	954	953	43
0.1	417	416	43
0.1	956	415	43
0.1	957	414	43
0.1	958	413	43
0.1	959	955	43
0.1	960	408	43
0.1	420	419	41
0.1	962	418	41
0.1	963	961	41
0.1	422	421	41
0.1	427	426	44
0.1	966	425	44
0.1	967	424	44
0.1	968	423	44
0.1	429	428	44
0.1	970	969	44
0.1	432	431	44
0.1	972	430	44
0.1	973	971	44
0.1	434	433	41
0.1	975	974	41
0.1	976	965	41
0.1	977	964	41
0.1	436	435	45
0.1	439	438	45
0.1	441	440	45
0.1	444	443	45
0.1	982	442	45
0.1	983	981	45
0.1	984	980	45
0.1	985	437	45
0.1	986	979	45
0.1	987	978	41
0.1	988	952	41
0.1	446	445	46
0.1	448	447	46
0.1	452	451	47
0.1	454	453	47
0.1	456	455	47
0.1	459	458	47
0.1	460	995	47
0.1	996	457	47
0.1	997	994	47
0.1	998	993	47
0.1	999	992	47
0.1	1000	450	46
0.1	463	462	48
0.1	464	1002	48
0.1	1003	461	48
0.1	466	465	48
0.1	468	467	48
0.1	469	1006	48
0.1	470	1007	48
0.1	1008	1005	48
0.1	1009	1004	48
0.1	473	472	49
0.1	1011	471	49
0.1	476	475	49
0.1	1013	474	49
0.1	481	480	50
0.1	483	482	50
0.1	485	484	50
0.1	1017	1016	50
0.1	1018	1015	50
0.1	486	1019	50
0.1	1020	479	50
0.1	487	1021	50
0.1	1022	478	50
0.1	1023	477	49
0.1	1024	1014	49
0.1	489	488	49
0.1	490	1026	49
0.1	1027	1025	49
0.1	1028	1012	49
0.1	494	493	51
0.1	1030	492	51
0.1	495	1031	51
0.1	496	1032	51
0.1	499	498	51
0.1	1034	497	51
0.1	501	500	51
0.1	1036	1035	51
0.1	1037	1033	51
0.1	1038	491	46
0.1	1039	1029	46
0.1	1040	1010	46
0.1	1041	1001	46
0.1	1042	449	46
0.1	1043	991	46
0.1	1044	990	46
0.1	1045	989	46
0.1	505	504	52
0.1	508	507	52
0.1	511	510	52
0.1	1049	509	52
0.1	513	512	53
0.1	515	514	53
0.1	1052	1051	53
0.1	517	516	53
0.1	519	518	53
0.1	521	520	53
0.1	1056	1055	53
0.1	1057	1054	53
0.1	1058	1053	53
0.1	1059	1050	52
0.1	1060	1048	52
0.1	1061	506	52
0.1	1062	1047	52
0.1	1063	503	52
0.1	522	1064	52
0.1	525	524	54
0.1	1066	523	54
0.1	528	527	54
0.1	1068	526	54
0.1	1069	1067	54
0.1	530	529	54
0.1	532	531	54
0.1	1072	1071	54
0.1	1073	1070	54
0.1	535	534	55
0.1	536	1075	55
0.1	1076	533	55
0.1	539	538	55
0.1	1078	537	55
0.1	542	541	55
0.1	1080	540	55
0.1	1081	1079	55
0.1	1082	1077	55
0.1	543	1083	46
0.1	1084	1074	46
0.1	1085	1065	46
0.1	1086	502	46
0.1	1087	1046	46
0.1	544	1088	46
0.1	545	1089	40
0.1	547	546	40
0.1	1091	1090	40
0.1	1092	940	40
0.1	1093	938	40
0.1	548	1094	1
0.1	550	549	1
0.1	1096	1095	1
0.1	1097	895	1
0.1	1098	773	1
