1	0	0	1
1	0	0	1
1	0	0	1
1	0	0	1
1	0	0	1
1	0	0	1
1	0	0	1
1	0	0	1
1	0	0	1
1	0	0	1
1	0	0	2
1	0	0	2
1	0	0	2
1	0	0	2
1	0	0	2
1	0	0	2
1	0	0	2
1	0	0	2
1	0	0	2
1	0	0	2
1	0	0	3
1	0	0	3
1	0	0	3
1	0	0	3
1	0	0	3
1	0	0	3
1	0	0	3
1	0	0	3
1	0	0	3
1	0	0	3
1	0	0	4
1	0	0	4
1	0	0	4
1	0	0	4
1	0	0	4
1	0	0	4
1	0	0	4
1	0	0	4
1	0	0	4
1	0	0	4
1	0	0	5
1	0	0	5
1	0	0	5
1	0	0	5
1	0	0	5
1	0	0	5
1	0	0	5
1	0	0	5
1	0	0	5
1	0	0	5
1	0	0	6
1	0	0	6
1	0	0	7
1	0	0	7
1	0	0	7
1	0	0	7
1	0	0	7
1	0	0	8
1	0	0	8
1	0	0	8
1	0	0	8
1	0	0	8
1	0	0	8
1	0	0	8
1	0	0	8
1	0	0	8
1	0	0	8
1	0	0	7
1	0	0	7
1	0	0	7
1	0	0	7
1	0	0	7
1	0	0	6
1	0	0	6
1	0	0	9
1	0	0	9
1	0	0	9
1	0	0	9
1	0	0	9
1	0	0	10
1	0	0	10
1	0	0	10
1	0	0	10
1	0	0	10
1	0	0	11
1	0	0	11
1	0	0	12
1	0	0	12
1	0	0	12
1	0	0	12
1	0	0	12
1	0	0	12
1	0	0	12
1	0	0	12
1	0	0	12
1	0	0	12
1	0	0	11
1	0	0	11
1	0	0	11
1	0	0	11
1	0	0	11
1	0	0	11
1	0	0	11
1	0	0	11
1	0	0	10
1	0	0	10
1	0	0	10
1	0	0	10
1	0	0	10
1	0	0	9
1	0	0	9
1	0	0	9
1	0	0	9
1	0	0	9
1	0	0	6
1	0	0	13
1	0	0	13
1	0	0	13
1	0	0	13
1	0	0	13
1	0	0	13
1	0	0	13
1	0	0	13
1	0	0	13
1	0	0	13
1	0	0	14
1	0	0	14
1	0	0	14
1	0	0	14
1	0	0	14
1	0	0	14
1	0	0	14
1	0	0	14
1	0	0	14
1	0	0	14
1	0	0	6
1	0	0	6
1	0	0	15
1	0	0	15
1	0	0	15
1	0	0	15
1	0	0	15
1	0	0	15
1	0	0	15
1	0	0	15
1	0	0	15
1	0	0	15
1	0	0	16
1	0	0	16
1	0	0	16
1	0	0	16
1	0	0	16
1	0	0	16
1	0	0	16
1	0	0	16
1	0	0	16
1	0	0	16
1	0	0	17
1	0	0	17
1	0	0	17
1	0	0	17
1	0	0	17
1	0	0	17
1	0	0	17
1	0	0	17
1	0	0	17
1	0	0	17
1	0	0	18
1	0	0	18
1	0	0	18
1	0	0	18
1	0	0	18
1	0	0	18
1	0	0	18
1	0	0	18
1	0	0	18
1	0	0	18
1	0	0	19
1	0	0	19
1	0	0	19
1	0	0	19
1	0	0	19
1	0	0	19
1	0	0	19
1	0	0	19
1	0	0	19
1	0	0	19
1	0	0	20
1	0	0	20
1	0	0	20
1	0	0	20
1	0	0	20
1	0	0	20
1	0	0	20
1	0	0	20
1	0	0	20
1	0	0	20
1	0	0	6
1	0	0	6
1	0	0	6
1	0	0	21
1	0	0	21
1	0	0	21
1	0	0	21
1	0	0	21
1	0	0	21
1	0	0	21
1	0	0	21
1	0	0	21
1	0	0	21
1	0	0	22
1	0	0	22
1	0	0	22
1	0	0	22
1	0	0	22
1	0	0	22
1	0	0	22
1	0	0	22
1	0	0	22
1	0	0	22
1	0	0	23
1	0	0	23
1	0	0	23
1	0	0	23
1	0	0	23
1	0	0	23
1	0	0	23
1	0	0	23
1	0	0	23
1	0	0	23
1	0	0	24
1	0	0	24
1	0	0	24
1	0	0	24
1	0	0	24
1	0	0	24
1	0	0	24
1	0	0	24
1	0	0	24
1	0	0	24
1	0	0	25
1	0	0	25
1	0	0	25
1	0	0	25
1	0	0	25
1	0	0	25
1	0	0	25
1	0	0	25
1	0	0	25
1	0	0	25
1	0	0	26
1	0	0	26
1	0	0	27
1	0	0	28
1	0	0	28
1	0	0	28
1	0	0	28
1	0	0	28
1	0	0	28
1	0	0	28
1	0	0	28
1	0	0	28
1	0	0	28
1	0	0	27
1	0	0	27
1	0	0	27
1	0	0	27
1	0	0	27
1	0	0	27
1	0	0	27
1	0	0	27
1	0	0	27
1	0	0	26
1	0	0	29
1	0	0	29
1	0	0	29
1	0	0	29
1	0	0	29
1	0	0	29
1	0	0	29
1	0	0	29
1	0	0	29
1	0	0	29
1	0	0	26
1	0	0	26
1	0	0	26
1	0	0	26
1	0	0	26
1	0	0	26
1	0	0	30
1	0	0	30
1	0	0	30
1	0	0	30
1	0	0	30
1	0	0	30
1	0	0	30
1	0	0	30
1	0	0	30
1	0	0	30
1	0	0	26
1	0	0	31
1	0	0	31
1	0	0	31
1	0	0	31
1	0	0	31
1	0	0	31
1	0	0	31
1	0	0	31
1	0	0	31
1	0	0	31
0.1	5	4	1
0.1	311	3	1
0.1	312	2	1
0.1	8	7	1
0.1	314	6	1
0.1	10	9	1
0.1	316	315	1
0.1	317	313	1
0.1	318	1	1
0.1	12	11	2
0.1	15	14	2
0.1	17	16	2
0.1	322	321	2
0.1	323	13	2
0.1	324	320	2
0.1	20	19	2
0.1	326	18	2
0.1	25	24	3
0.1	328	23	3
0.1	329	22	3
0.1	27	26	3
0.1	29	28	3
0.1	30	332	3
0.1	333	331	3
0.1	334	330	3
0.1	335	21	3
0.1	336	327	2
0.1	337	325	2
0.1	35	34	4
0.1	339	33	4
0.1	38	37	4
0.1	40	39	4
0.1	342	341	4
0.1	343	36	4
0.1	344	340	4
0.1	345	32	4
0.1	346	31	4
0.1	347	338	4
0.1	44	43	5
0.1	349	42	5
0.1	49	48	5
0.1	351	47	5
0.1	352	46	5
0.1	353	45	5
0.1	50	354	5
0.1	355	350	5
0.1	356	41	5
0.1	357	348	5
0.1	358	319	1
0.1	54	53	7
0.1	56	55	7
0.1	60	59	8
0.1	362	58	8
0.1	62	61	8
0.1	63	364	8
0.1	365	363	8
0.1	65	64	8
0.1	66	367	8
0.1	368	366	8
0.1	67	369	8
0.1	68	370	7
0.1	371	57	7
0.1	372	361	7
0.1	373	360	7
0.1	71	70	7
0.1	375	69	7
0.1	72	376	7
0.1	377	374	7
0.1	378	52	6
0.1	379	51	6
0.1	74	73	6
0.1	77	76	9
0.1	382	75	9
0.1	79	78	9
0.1	384	383	9
0.1	81	80	10
0.1	84	83	10
0.1	387	82	10
0.1	388	386	10
0.1	88	87	12
0.1	92	91	12
0.1	391	90	12
0.1	95	94	12
0.1	393	93	12
0.1	394	392	12
0.1	395	89	12
0.1	96	396	12
0.1	397	390	12
0.1	398	86	11
0.1	100	99	11
0.1	400	98	11
0.1	401	97	11
0.1	103	102	11
0.1	403	101	11
0.1	404	402	11
0.1	405	399	11
0.1	104	406	11
0.1	407	85	11
0.1	106	105	10
0.1	109	108	10
0.1	410	107	10
0.1	411	409	10
0.1	412	408	10
0.1	413	389	10
0.1	111	110	9
0.1	112	415	9
0.1	114	113	9
0.1	417	416	9
0.1	418	414	9
0.1	419	385	9
0.1	420	381	6
0.1	119	118	13
0.1	422	117	13
0.1	423	116	13
0.1	122	121	13
0.1	425	120	13
0.1	125	124	13
0.1	427	123	13
0.1	428	426	13
0.1	429	424	13
0.1	430	115	6
0.1	431	421	6
0.1	432	380	6
0.1	129	128	14
0.1	434	127	14
0.1	133	132	14
0.1	134	436	14
0.1	437	131	14
0.1	438	130	14
0.1	439	435	14
0.1	440	126	14
0.1	135	441	14
0.1	137	136	6
0.1	443	442	6
0.1	444	433	6
0.1	140	139	15
0.1	141	446	15
0.1	447	138	15
0.1	146	145	15
0.1	449	144	15
0.1	147	450	15
0.1	451	143	15
0.1	452	142	15
0.1	453	448	15
0.1	454	445	6
0.1	149	148	16
0.1	151	150	16
0.1	457	456	16
0.1	152	458	16
0.1	155	154	16
0.1	157	156	16
0.1	461	460	16
0.1	160	159	17
0.1	162	161	17
0.1	164	163	17
0.1	465	464	17
0.1	466	463	17
0.1	165	467	17
0.1	167	166	17
0.1	469	468	17
0.1	470	158	17
0.1	471	462	16
0.1	472	153	16
0.1	473	459	16
0.1	474	455	6
0.1	475	359	6
0.1	171	170	18
0.1	477	169	18
0.1	175	174	18
0.1	479	173	18
0.1	480	172	18
0.1	176	481	18
0.1	482	478	18
0.1	180	179	19
0.1	181	484	19
0.1	182	485	19
0.1	183	486	19
0.1	487	178	19
0.1	187	186	19
0.1	489	185	19
0.1	490	184	19
0.1	491	488	19
0.1	492	177	18
0.1	493	483	18
0.1	494	168	18
0.1	191	190	20
0.1	496	189	20
0.1	497	188	20
0.1	195	194	20
0.1	499	193	20
0.1	197	196	20
0.1	501	500	20
0.1	502	192	20
0.1	503	498	20
0.1	200	199	6
0.1	203	202	21
0.1	205	204	21
0.1	207	206	21
0.1	208	508	21
0.1	509	507	21
0.1	510	506	21
0.1	511	201	21
0.1	209	512	21
0.1	210	513	21
0.1	514	505	6
0.1	515	198	6
0.1	213	212	22
0.1	517	211	22
0.1	215	214	22
0.1	519	518	22
0.1	217	216	22
0.1	219	218	22
0.1	522	521	22
0.1	223	222	23
0.1	225	224	23
0.1	525	524	23
0.1	526	221	23
0.1	229	228	23
0.1	230	528	23
0.1	529	227	23
0.1	530	226	23
0.1	531	527	23
0.1	532	220	22
0.1	232	231	24
0.1	236	235	24
0.1	535	234	24
0.1	536	233	24
0.1	537	534	24
0.1	238	237	24
0.1	539	538	24
0.1	240	239	24
0.1	541	540	24
0.1	542	533	22
0.1	543	523	22
0.1	242	241	25
0.1	245	244	25
0.1	246	546	25
0.1	247	547	25
0.1	548	243	25
0.1	250	249	25
0.1	550	248	25
0.1	551	549	25
0.1	552	545	25
0.1	553	544	22
0.1	554	520	22
0.1	555	516	6
0.1	556	504	6
0.1	557	495	6
0.1	255	254	28
0.1	257	256	28
0.1	259	258	28
0.1	260	561	28
0.1	562	560	28
0.1	563	559	28
0.1	263	262	28
0.1	565	261	28
0.1	566	564	28
0.1	268	267	27
0.1	568	266	27
0.1	569	265	27
0.1	270	269	27
0.1	571	570	27
0.1	572	264	27
0.1	272	271	27
0.1	574	573	27
0.1	575	567	27
0.1	576	253	27
0.1	577	252	26
0.1	578	251	26
0.1	277	276	29
0.1	580	275	29
0.1	281	280	29
0.1	582	279	29
0.1	283	282	29
0.1	584	583	29
0.1	585	278	29
0.1	586	581	29
0.1	587	274	29
0.1	588	273	26
0.1	285	284	26
0.1	288	287	26
0.1	591	286	26
0.1	592	590	26
0.1	593	589	26
0.1	594	579	26
0.1	289	595	26
0.1	292	291	30
0.1	293	597	30
0.1	598	290	30
0.1	294	599	30
0.1	297	296	30
0.1	601	295	30
0.1	602	600	30
0.1	299	298	30
0.1	604	603	30
0.1	605	596	26
0.1	300	606	26
0.1	607	558	6
0.1	304	303	31
0.1	609	302	31
0.1	306	305	31
0.1	310	309	31
0.1	612	308	31
0.1	613	307	31
0.1	614	611	31
0.1	615	610	31
0.1	616	301	31
0.1	617	608	6
0.1	618	476	6
