1	0	0	1
1	0	0	1
1	0	0	2
1	0	0	3
1	0	0	3
1	0	0	3
1	0	0	3
1	0	0	3
1	0	0	3
1	0	0	4
1	0	0	4
1	0	0	4
1	0	0	4
1	0	0	4
1	0	0	4
1	0	0	4
1	0	0	4
1	0	0	4
1	0	0	4
1	0	0	3
1	0	0	3
1	0	0	3
1	0	0	3
1	0	0	2
1	0	0	5
1	0	0	5
1	0	0	5
1	0	0	5
1	0	0	5
1	0	0	5
1	0	0	5
1	0	0	5
1	0	0	5
1	0	0	5
1	0	0	6
1	0	0	7
1	0	0	7
1	0	0	7
1	0	0	7
1	0	0	7
1	0	0	7
1	0	0	7
1	0	0	7
1	0	0	7
1	0	0	7
1	0	0	6
1	0	0	6
1	0	0	6
1	0	0	6
1	0	0	6
1	0	0	6
1	0	0	6
1	0	0	6
1	0	0	6
1	0	0	8
1	0	0	8
1	0	0	8
1	0	0	8
1	0	0	8
1	0	0	8
1	0	0	8
1	0	0	8
1	0	0	8
1	0	0	8
1	0	0	2
1	0	0	2
1	0	0	2
1	0	0	9
1	0	0	9
1	0	0	9
1	0	0	9
1	0	0	9
1	0	0	9
1	0	0	2
1	0	0	9
1	0	0	9
1	0	0	9
1	0	0	9
1	0	0	10
1	0	0	10
1	0	0	10
1	0	0	10
1	0	0	10
1	0	0	10
1	0	0	10
1	0	0	10
1	0	0	10
1	0	0	10
1	0	0	2
1	0	0	2
1	0	0	2
1	0	0	2
1	0	0	11
1	0	0	11
1	0	0	11
1	0	0	11
1	0	0	11
1	0	0	11
1	0	0	11
1	0	0	11
1	0	0	11
1	0	0	11
1	0	0	1
1	0	0	1
1	0	0	1
1	0	0	1
1	0	0	1
1	0	0	12
1	0	0	12
1	0	0	12
1	0	0	12
1	0	0	12
1	0	0	12
1	0	0	12
1	0	0	12
1	0	0	12
1	0	0	12
1	0	0	13
1	0	0	13
1	0	0	13
1	0	0	13
1	0	0	13
1	0	0	13
1	0	0	13
1	0	0	13
1	0	0	13
1	0	0	13
1	0	0	14
1	0	0	14
1	0	0	14
1	0	0	14
1	0	0	14
1	0	0	14
1	0	0	14
1	0	0	15
1	0	0	15
1	0	0	15
1	0	0	15
1	0	0	15
1	0	0	15
1	0	0	15
1	0	0	15
1	0	0	15
1	0	0	15
1	0	0	16
1	0	0	17
1	0	0	17
1	0	0	17
1	0	0	17
1	0	0	17
1	0	0	17
1	0	0	17
1	0	0	17
1	0	0	17
1	0	0	17
1	0	0	18
1	0	0	18
1	0	0	18
1	0	0	18
1	0	0	18
1	0	0	18
1	0	0	18
1	0	0	18
1	0	0	18
1	0	0	18
1	0	0	19
1	0	0	19
1	0	0	19
1	0	0	19
1	0	0	19
1	0	0	19
1	0	0	19
1	0	0	19
1	0	0	19
1	0	0	19
1	0	0	16
1	0	0	16
1	0	0	20
1	0	0	20
1	0	0	20
1	0	0	20
1	0	0	20
1	0	0	20
1	0	0	20
1	0	0	20
1	0	0	20
1	0	0	20
1	0	0	16
1	0	0	16
1	0	0	16
1	0	0	16
1	0	0	21
1	0	0	21
1	0	0	21
1	0	0	21
1	0	0	21
1	0	0	21
1	0	0	21
1	0	0	21
1	0	0	21
1	0	0	21
1	0	0	16
1	0	0	16
1	0	0	16
1	0	0	14
1	0	0	22
1	0	0	22
1	0	0	22
1	0	0	22
1	0	0	22
1	0	0	22
1	0	0	22
1	0	0	22
1	0	0	22
1	0	0	22
1	0	0	14
1	0	0	14
1	0	0	23
1	0	0	23
1	0	0	23
1	0	0	23
1	0	0	1
1	0	0	1
1	0	0	23
1	0	0	23
1	0	0	23
1	0	0	23
1	0	0	23
1	0	0	23
1	0	0	1
0.1	5	4	3
0.1	7	6	3
0.1	232	231	3
0.1	12	11	4
0.1	14	13	4
0.1	15	235	4
0.1	236	234	4
0.1	18	17	4
0.1	19	238	4
0.1	239	16	4
0.1	240	237	4
0.1	241	10	4
0.1	242	9	3
0.1	243	8	3
0.1	21	20	3
0.1	23	22	3
0.1	246	245	3
0.1	247	244	3
0.1	248	233	3
0.1	249	3	2
0.1	27	26	5
0.1	29	28	5
0.1	30	252	5
0.1	253	251	5
0.1	254	25	5
0.1	31	255	5
0.1	33	32	5
0.1	34	257	5
0.1	258	256	5
0.1	39	38	7
0.1	260	37	7
0.1	261	36	7
0.1	41	40	7
0.1	263	262	7
0.1	43	42	7
0.1	45	44	7
0.1	266	265	7
0.1	267	264	7
0.1	47	46	6
0.1	50	49	6
0.1	270	48	6
0.1	271	269	6
0.1	272	268	6
0.1	51	273	6
0.1	53	52	6
0.1	54	275	6
0.1	276	274	6
0.1	277	35	6
0.1	278	259	2
0.1	279	24	2
0.1	56	55	8
0.1	59	58	8
0.1	282	57	8
0.1	60	283	8
0.1	64	63	8
0.1	285	62	8
0.1	286	61	8
0.1	287	284	8
0.1	288	281	8
0.1	65	289	2
0.1	290	280	2
0.1	291	250	2
0.1	67	66	2
0.1	69	68	9
0.1	71	70	9
0.1	295	294	9
0.1	73	72	9
0.1	297	296	9
0.1	78	77	9
0.1	299	76	9
0.1	300	75	9
0.1	301	74	2
0.1	302	298	2
0.1	303	293	2
0.1	82	81	10
0.1	305	80	10
0.1	83	306	10
0.1	307	79	10
0.1	87	86	10
0.1	309	85	10
0.1	310	84	10
0.1	88	311	10
0.1	312	308	10
0.1	313	304	2
0.1	314	292	2
0.1	90	89	2
0.1	92	91	2
0.1	94	93	11
0.1	97	96	11
0.1	319	95	11
0.1	99	98	11
0.1	321	320	11
0.1	322	318	11
0.1	102	101	11
0.1	324	100	11
0.1	325	323	11
0.1	326	317	2
0.1	327	316	2
0.1	328	315	2
0.1	329	2	1
0.1	103	330	1
0.1	331	1	1
0.1	104	332	1
0.1	106	105	1
0.1	107	334	1
0.1	109	108	12
0.1	111	110	12
0.1	114	113	12
0.1	338	112	12
0.1	339	337	12
0.1	117	116	12
0.1	341	115	12
0.1	342	340	12
0.1	343	336	12
0.1	120	119	13
0.1	345	118	13
0.1	124	123	13
0.1	347	122	13
0.1	348	121	13
0.1	349	346	13
0.1	127	126	13
0.1	351	125	13
0.1	352	350	13
0.1	129	128	14
0.1	354	353	14
0.1	355	344	14
0.1	131	130	14
0.1	134	133	14
0.1	136	135	15
0.1	137	359	15
0.1	139	138	15
0.1	140	361	15
0.1	362	360	15
0.1	144	143	15
0.1	364	142	15
0.1	365	141	15
0.1	366	363	15
0.1	151	150	17
0.1	368	149	17
0.1	369	148	17
0.1	153	152	17
0.1	371	370	17
0.1	155	154	17
0.1	373	372	17
0.1	374	147	17
0.1	375	146	17
0.1	158	157	18
0.1	159	377	18
0.1	160	378	18
0.1	379	156	18
0.1	161	380	18
0.1	163	162	18
0.1	165	164	18
0.1	169	168	19
0.1	384	167	19
0.1	172	171	19
0.1	386	170	19
0.1	174	173	19
0.1	175	388	19
0.1	389	387	19
0.1	390	385	19
0.1	391	166	19
0.1	392	383	18
0.1	393	382	18
0.1	394	381	18
0.1	395	376	16
0.1	177	176	16
0.1	397	396	16
0.1	398	145	16
0.1	179	178	20
0.1	183	182	20
0.1	401	181	20
0.1	184	402	20
0.1	187	186	20
0.1	404	185	20
0.1	405	403	20
0.1	406	180	20
0.1	407	400	20
0.1	188	408	16
0.1	190	189	16
0.1	410	409	16
0.1	191	411	16
0.1	193	192	21
0.1	194	413	21
0.1	196	195	21
0.1	197	415	21
0.1	200	199	21
0.1	417	198	21
0.1	418	416	21
0.1	419	414	21
0.1	201	420	21
0.1	202	421	16
0.1	204	203	16
0.1	423	422	16
0.1	424	412	16
0.1	425	399	16
0.1	426	367	14
0.1	427	358	14
0.1	428	132	14
0.1	208	207	22
0.1	430	206	22
0.1	210	209	22
0.1	212	211	22
0.1	213	433	22
0.1	214	434	22
0.1	435	432	22
0.1	215	436	22
0.1	437	431	22
0.1	216	438	14
0.1	439	205	14
0.1	440	429	14
0.1	441	357	14
0.1	217	442	14
0.1	443	356	14
0.1	444	335	1
0.1	219	218	23
0.1	221	220	23
0.1	447	446	23
0.1	223	222	1
0.1	449	448	23
0.1	224	450	23
0.1	227	226	23
0.1	228	452	23
0.1	229	453	23
0.1	454	225	23
0.1	455	451	23
0.1	230	456	1
0.1	457	445	1
0.1	458	333	1
