1	0	0	1
1	0	0	1
1	0	0	1
1	0	0	1
1	0	0	1
1	0	0	1
1	0	0	1
1	0	0	1
1	0	0	1
1	0	0	1
1	0	0	1
1	0	0	1
1	0	0	1
1	0	0	1
1	0	0	1
1	0	0	2
1	0	0	2
1	0	0	2
1	0	0	2
1	0	0	2
1	0	0	2
1	0	0	2
1	0	0	2
1	0	0	2
1	0	0	2
1	0	0	2
1	0	0	2
1	0	0	2
1	0	0	2
1	0	0	2
1	0	0	2
1	0	0	2
1	0	0	2
1	0	0	2
1	0	0	2
1	0	0	3
1	0	0	3
1	0	0	3
1	0	0	3
1	0	0	3
1	0	0	3
1	0	0	3
1	0	0	3
1	0	0	3
1	0	0	3
1	0	0	3
1	0	0	3
1	0	0	3
1	0	0	3
1	0	0	3
1	0	0	3
1	0	0	3
1	0	0	3
1	0	0	3
1	0	0	3
1	0	0	1
1	0	0	1
1	0	0	1
1	0	0	1
1	0	0	4
1	0	0	4
1	0	0	4
1	0	0	4
1	0	0	4
1	0	0	4
1	0	0	4
1	0	0	4
1	0	0	4
1	0	0	4
1	0	0	4
1	0	0	4
1	0	0	4
1	0	0	4
1	0	0	4
1	0	0	4
1	0	0	4
1	0	0	4
1	0	0	4
1	0	0	4
1	0	0	5
1	0	0	5
1	0	0	5
1	0	0	5
1	0	0	5
1	0	0	5
1	0	0	5
1	0	0	5
1	0	0	5
1	0	0	5
1	0	0	5
1	0	0	5
1	0	0	5
1	0	0	5
1	0	0	5
1	0	0	5
1	0	0	5
1	0	0	5
1	0	0	5
1	0	0	5
1	0	0	1
1	0	0	6
1	0	0	6
1	0	0	6
1	0	0	6
1	0	0	6
1	0	0	6
1	0	0	6
1	0	0	6
1	0	0	7
1	0	0	7
1	0	0	8
1	0	0	8
1	0	0	8
1	0	0	8
1	0	0	8
1	0	0	8
1	0	0	8
1	0	0	8
1	0	0	8
1	0	0	8
1	0	0	8
1	0	0	8
1	0	0	8
1	0	0	8
1	0	0	8
1	0	0	8
1	0	0	8
1	0	0	8
1	0	0	8
1	0	0	8
1	0	0	7
1	0	0	7
1	0	0	7
1	0	0	7
1	0	0	7
1	0	0	7
1	0	0	7
1	0	0	7
1	0	0	7
1	0	0	7
1	0	0	7
1	0	0	7
1	0	0	7
1	0	0	7
1	0	0	7
1	0	0	7
1	0	0	7
1	0	0	7
1	0	0	9
1	0	0	9
1	0	0	9
1	0	0	9
1	0	0	10
1	0	0	10
1	0	0	10
1	0	0	10
1	0	0	10
1	0	0	10
1	0	0	10
1	0	0	10
1	0	0	10
1	0	0	10
1	0	0	10
1	0	0	10
1	0	0	10
1	0	0	10
1	0	0	10
1	0	0	10
1	0	0	10
1	0	0	10
1	0	0	10
1	0	0	10
1	0	0	9
1	0	0	9
1	0	0	9
1	0	0	9
1	0	0	11
1	0	0	11
1	0	0	11
1	0	0	11
1	0	0	11
1	0	0	11
1	0	0	11
1	0	0	11
1	0	0	11
1	0	0	11
1	0	0	11
1	0	0	11
1	0	0	11
1	0	0	11
1	0	0	11
1	0	0	11
1	0	0	11
1	0	0	11
1	0	0	11
1	0	0	11
1	0	0	12
1	0	0	12
1	0	0	12
1	0	0	12
1	0	0	12
1	0	0	12
1	0	0	12
1	0	0	12
1	0	0	12
1	0	0	12
1	0	0	12
1	0	0	12
1	0	0	12
1	0	0	12
1	0	0	12
1	0	0	12
1	0	0	12
1	0	0	12
1	0	0	12
1	0	0	12
1	0	0	9
1	0	0	9
1	0	0	9
1	0	0	9
1	0	0	9
1	0	0	9
1	0	0	9
1	0	0	9
1	0	0	9
1	0	0	9
1	0	0	9
1	0	0	9
1	0	0	13
1	0	0	13
1	0	0	13
1	0	0	13
1	0	0	13
1	0	0	13
1	0	0	13
1	0	0	13
1	0	0	13
1	0	0	13
1	0	0	13
1	0	0	13
1	0	0	13
1	0	0	13
1	0	0	13
1	0	0	13
1	0	0	13
1	0	0	13
1	0	0	13
1	0	0	13
1	0	0	6
1	0	0	6
1	0	0	6
1	0	0	6
1	0	0	6
1	0	0	6
1	0	0	6
1	0	0	6
1	0	0	6
1	0	0	6
1	0	0	6
1	0	0	6
1	0	0	14
1	0	0	14
1	0	0	14
1	0	0	14
1	0	0	14
1	0	0	14
1	0	0	14
1	0	0	14
1	0	0	14
1	0	0	14
1	0	0	14
1	0	0	14
1	0	0	14
1	0	0	14
1	0	0	14
1	0	0	14
1	0	0	14
1	0	0	14
1	0	0	14
1	0	0	14
1	0	0	15
1	0	0	15
1	0	0	15
1	0	0	15
1	0	0	15
1	0	0	15
1	0	0	15
1	0	0	15
1	0	0	15
1	0	0	15
1	0	0	15
1	0	0	15
1	0	0	15
1	0	0	15
1	0	0	15
1	0	0	15
1	0	0	15
1	0	0	15
1	0	0	15
1	0	0	15
0.1	2	1	1
0.1	4	3	1
0.1	6	5	1
0.1	303	302	1
0.1	8	7	1
0.1	10	9	1
0.1	306	305	1
0.1	307	304	1
0.1	12	11	1
0.1	309	308	1
0.1	18	17	2
0.1	19	311	2
0.1	22	21	2
0.1	313	20	2
0.1	314	312	2
0.1	23	315	2
0.1	316	16	2
0.1	26	25	2
0.1	318	24	2
0.1	29	28	2
0.1	30	320	2
0.1	321	27	2
0.1	32	31	2
0.1	35	34	2
0.1	324	33	2
0.1	325	323	2
0.1	326	322	2
0.1	327	319	2
0.1	328	317	2
0.1	38	37	3
0.1	39	330	3
0.1	331	36	3
0.1	41	40	3
0.1	42	333	3
0.1	44	43	3
0.1	49	48	3
0.1	336	47	3
0.1	337	46	3
0.1	338	45	3
0.1	339	335	3
0.1	51	50	3
0.1	52	341	3
0.1	54	53	3
0.1	343	342	3
0.1	55	344	3
0.1	345	340	3
0.1	346	334	3
0.1	347	332	3
0.1	348	329	1
0.1	349	15	1
0.1	350	14	1
0.1	351	13	1
0.1	58	57	1
0.1	353	56	1
0.1	59	354	1
0.1	355	352	1
0.1	356	310	1
0.1	357	301	1
0.1	61	60	4
0.1	62	359	4
0.1	65	64	4
0.1	361	63	4
0.1	68	67	4
0.1	363	66	4
0.1	364	362	4
0.1	365	360	4
0.1	71	70	4
0.1	72	367	4
0.1	368	69	4
0.1	73	369	4
0.1	74	370	4
0.1	371	366	4
0.1	76	75	4
0.1	78	77	4
0.1	374	373	4
0.1	79	375	4
0.1	376	372	4
0.1	82	81	5
0.1	84	83	5
0.1	379	378	5
0.1	86	85	5
0.1	381	380	5
0.1	87	382	5
0.1	383	80	5
0.1	90	89	5
0.1	385	88	5
0.1	93	92	5
0.1	387	91	5
0.1	95	94	5
0.1	389	388	5
0.1	390	386	5
0.1	391	384	5
0.1	98	97	5
0.1	393	96	5
0.1	99	394	5
0.1	395	392	5
0.1	396	377	5
0.1	397	358	1
0.1	103	102	6
0.1	399	101	6
0.1	104	400	6
0.1	106	105	6
0.1	402	401	6
0.1	110	109	7
0.1	113	112	8
0.1	116	115	8
0.1	119	118	8
0.1	407	117	8
0.1	408	406	8
0.1	409	114	8
0.1	410	405	8
0.1	411	111	8
0.1	121	120	8
0.1	124	123	8
0.1	414	122	8
0.1	127	126	8
0.1	416	125	8
0.1	417	415	8
0.1	418	413	8
0.1	419	412	8
0.1	130	129	8
0.1	421	128	8
0.1	422	420	8
0.1	132	131	7
0.1	134	133	7
0.1	136	135	7
0.1	426	425	7
0.1	140	139	7
0.1	428	138	7
0.1	429	137	7
0.1	430	427	7
0.1	431	424	7
0.1	145	144	7
0.1	433	143	7
0.1	147	146	7
0.1	435	434	7
0.1	436	142	7
0.1	437	141	7
0.1	148	438	7
0.1	439	432	7
0.1	440	423	7
0.1	441	404	7
0.1	152	151	9
0.1	443	150	9
0.1	444	149	9
0.1	445	442	9
0.1	154	153	10
0.1	157	156	10
0.1	448	155	10
0.1	159	158	10
0.1	161	160	10
0.1	451	450	10
0.1	452	449	10
0.1	162	453	10
0.1	454	447	10
0.1	167	166	10
0.1	456	165	10
0.1	457	164	10
0.1	458	163	10
0.1	170	169	10
0.1	460	168	10
0.1	171	461	10
0.1	172	462	10
0.1	463	459	10
0.1	464	455	10
0.1	174	173	9
0.1	176	175	9
0.1	467	466	9
0.1	178	177	11
0.1	181	180	11
0.1	182	470	11
0.1	471	179	11
0.1	183	472	11
0.1	473	469	11
0.1	184	474	11
0.1	187	186	11
0.1	189	188	11
0.1	477	476	11
0.1	190	478	11
0.1	192	191	11
0.1	193	480	11
0.1	194	481	11
0.1	195	482	11
0.1	483	479	11
0.1	484	185	11
0.1	196	485	11
0.1	486	475	11
0.1	487	468	9
0.1	198	197	12
0.1	201	200	12
0.1	490	199	12
0.1	491	489	12
0.1	202	492	12
0.1	205	204	12
0.1	494	203	12
0.1	207	206	12
0.1	208	496	12
0.1	209	497	12
0.1	211	210	12
0.1	212	499	12
0.1	500	498	12
0.1	216	215	12
0.1	502	214	12
0.1	503	213	12
0.1	504	501	12
0.1	505	495	12
0.1	506	493	12
0.1	219	218	9
0.1	220	508	9
0.1	509	217	9
0.1	510	507	9
0.1	511	488	9
0.1	223	222	9
0.1	513	221	9
0.1	514	512	9
0.1	225	224	9
0.1	516	515	9
0.1	226	517	9
0.1	518	465	9
0.1	228	227	9
0.1	230	229	13
0.1	233	232	13
0.1	235	234	13
0.1	237	236	13
0.1	524	523	13
0.1	525	522	13
0.1	238	526	13
0.1	527	231	13
0.1	242	241	13
0.1	529	240	13
0.1	246	245	13
0.1	248	247	13
0.1	532	531	13
0.1	533	244	13
0.1	534	243	13
0.1	535	530	13
0.1	536	239	13
0.1	537	528	13
0.1	538	521	13
0.1	539	520	9
0.1	540	519	9
0.1	541	446	9
0.1	542	108	6
0.1	543	107	6
0.1	250	249	6
0.1	251	545	6
0.1	546	544	6
0.1	254	253	6
0.1	548	252	6
0.1	549	547	6
0.1	550	403	6
0.1	256	255	6
0.1	259	258	6
0.1	553	257	6
0.1	554	552	6
0.1	260	555	6
0.1	262	261	14
0.1	264	263	14
0.1	268	267	14
0.1	559	266	14
0.1	560	265	14
0.1	271	270	14
0.1	562	269	14
0.1	272	563	14
0.1	564	561	14
0.1	565	558	14
0.1	274	273	14
0.1	280	279	14
0.1	568	278	14
0.1	569	277	14
0.1	570	276	14
0.1	571	275	14
0.1	572	567	14
0.1	573	566	14
0.1	574	557	14
0.1	575	556	6
0.1	576	551	6
0.1	282	281	15
0.1	285	284	15
0.1	288	287	15
0.1	289	580	15
0.1	581	286	15
0.1	582	579	15
0.1	583	283	15
0.1	292	291	15
0.1	585	290	15
0.1	296	295	15
0.1	587	294	15
0.1	297	588	15
0.1	589	293	15
0.1	300	299	15
0.1	591	298	15
0.1	592	590	15
0.1	593	586	15
0.1	594	584	15
0.1	595	578	15
0.1	596	577	15
0.1	597	100	1
0.1	598	398	1
