1	0	0	1
1	0	0	1
1	0	0	1
1	0	0	1
1	0	0	1
1	0	0	1
1	0	0	1
1	0	0	1
1	0	0	1
1	0	0	1
1	0	0	2
1	0	0	2
1	0	0	2
1	0	0	2
1	0	0	2
1	0	0	2
1	0	0	2
1	0	0	2
1	0	0	2
1	0	0	3
1	0	0	3
1	0	0	3
1	0	0	3
1	0	0	3
1	0	0	4
1	0	0	5
1	0	0	5
1	0	0	5
1	0	0	5
1	0	0	5
1	0	0	5
1	0	0	5
1	0	0	5
1	0	0	5
1	0	0	5
1	0	0	6
1	0	0	6
1	0	0	6
1	0	0	6
1	0	0	6
1	0	0	6
1	0	0	6
1	0	0	6
1	0	0	6
1	0	0	7
1	0	0	7
1	0	0	7
1	0	0	7
1	0	0	8
1	0	0	8
1	0	0	8
1	0	0	9
1	0	0	10
1	0	0	10
1	0	0	10
1	0	0	10
1	0	0	11
1	0	0	11
1	0	0	11
1	0	0	11
1	0	0	11
1	0	0	11
1	0	0	11
1	0	0	11
1	0	0	10
1	0	0	10
1	0	0	10
1	0	0	10
1	0	0	10
1	0	0	4
1	0	0	4
1	0	0	4
1	0	0	4
1	0	0	4
1	0	0	4
1	0	0	4
1	0	0	4
1	0	0	4
1	0	0	12
1	0	0	12
1	0	0	12
1	0	0	12
1	0	0	12
1	0	0	13
1	0	0	13
1	0	0	14
1	0	0	14
1	0	0	14
1	0	0	14
1	0	0	14
1	0	0	14
1	0	0	15
1	0	0	15
1	0	0	15
1	0	0	15
1	0	0	15
1	0	0	15
1	0	0	15
1	0	0	15
1	0	0	15
1	0	0	15
1	0	0	11
1	0	0	9
1	0	0	3
1	0	0	3
1	0	0	3
1	0	0	3
1	0	0	3
1	0	0	11
1	0	0	9
1	0	0	6
1	0	0	8
1	0	0	8
1	0	0	8
1	0	0	8
1	0	0	7
1	0	0	7
1	0	0	7
1	0	0	7
1	0	0	7
1	0	0	7
1	0	0	16
1	0	0	16
1	0	0	16
1	0	0	16
1	0	0	16
1	0	0	16
1	0	0	16
1	0	0	16
1	0	0	16
1	0	0	16
1	0	0	17
1	0	0	17
1	0	0	17
1	0	0	17
1	0	0	17
1	0	0	17
1	0	0	17
1	0	0	17
1	0	0	17
1	0	0	17
1	0	0	18
1	0	0	18
1	0	0	18
1	0	0	18
1	0	0	18
1	0	0	18
1	0	0	18
1	0	0	18
1	0	0	18
1	0	0	18
1	0	0	2
1	0	0	8
1	0	0	8
1	0	0	8
1	0	0	19
1	0	0	20
1	0	0	20
1	0	0	20
1	0	0	20
1	0	0	20
1	0	0	20
1	0	0	20
1	0	0	20
1	0	0	20
1	0	0	21
1	0	0	21
1	0	0	21
1	0	0	21
1	0	0	21
1	0	0	21
1	0	0	21
1	0	0	21
1	0	0	21
1	0	0	21
1	0	0	20
1	0	0	22
1	0	0	22
1	0	0	22
1	0	0	22
1	0	0	22
1	0	0	22
1	0	0	22
1	0	0	22
1	0	0	22
1	0	0	22
1	0	0	23
1	0	0	23
1	0	0	23
1	0	0	23
1	0	0	23
1	0	0	23
1	0	0	23
1	0	0	23
1	0	0	23
1	0	0	23
1	0	0	24
1	0	0	24
1	0	0	24
1	0	0	24
1	0	0	24
1	0	0	24
1	0	0	24
1	0	0	24
1	0	0	24
1	0	0	24
1	0	0	25
1	0	0	26
1	0	0	26
1	0	0	26
1	0	0	26
1	0	0	26
1	0	0	26
1	0	0	26
1	0	0	26
1	0	0	26
1	0	0	26
1	0	0	25
1	0	0	25
1	0	0	27
1	0	0	27
1	0	0	27
1	0	0	27
1	0	0	27
1	0	0	27
1	0	0	27
1	0	0	27
1	0	0	27
1	0	0	27
1	0	0	25
1	0	0	25
1	0	0	28
1	0	0	28
1	0	0	28
1	0	0	28
1	0	0	28
1	0	0	28
1	0	0	28
1	0	0	28
1	0	0	28
1	0	0	28
1	0	0	25
1	0	0	25
1	0	0	25
1	0	0	25
1	0	0	25
1	0	0	29
1	0	0	29
1	0	0	29
1	0	0	29
1	0	0	29
1	0	0	29
1	0	0	29
1	0	0	29
1	0	0	29
1	0	0	29
1	0	0	30
1	0	0	30
1	0	0	30
1	0	0	30
1	0	0	30
1	0	0	30
1	0	0	30
1	0	0	30
1	0	0	30
1	0	0	30
1	0	0	19
1	0	0	19
1	0	0	19
1	0	0	19
1	0	0	12
1	0	0	12
1	0	0	12
1	0	0	12
1	0	0	12
1	0	0	31
1	0	0	31
1	0	0	31
1	0	0	31
1	0	0	31
1	0	0	31
1	0	0	31
1	0	0	31
1	0	0	31
1	0	0	31
1	0	0	32
1	0	0	32
1	0	0	32
1	0	0	32
1	0	0	32
1	0	0	32
1	0	0	32
1	0	0	32
1	0	0	32
1	0	0	32
1	0	0	33
1	0	0	33
1	0	0	33
1	0	0	33
1	0	0	33
1	0	0	33
1	0	0	33
1	0	0	33
1	0	0	33
1	0	0	33
1	0	0	19
1	0	0	19
1	0	0	34
1	0	0	34
1	0	0	34
1	0	0	34
1	0	0	34
1	0	0	34
1	0	0	34
1	0	0	34
1	0	0	34
1	0	0	34
1	0	0	9
1	0	0	9
1	0	0	9
1	0	0	9
1	0	0	9
1	0	0	9
1	0	0	9
1	0	0	10
1	0	0	13
1	0	0	13
1	0	0	13
1	0	0	13
1	0	0	13
1	0	0	13
1	0	0	13
1	0	0	13
1	0	0	19
1	0	0	19
1	0	0	35
1	0	0	35
1	0	0	35
1	0	0	35
1	0	0	35
1	0	0	35
1	0	0	35
1	0	0	35
1	0	0	35
1	0	0	35
1	0	0	36
1	0	0	36
1	0	0	36
1	0	0	36
1	0	0	36
1	0	0	36
1	0	0	36
1	0	0	36
1	0	0	36
1	0	0	36
1	0	0	37
1	0	0	37
1	0	0	37
1	0	0	37
1	0	0	37
1	0	0	37
1	0	0	37
1	0	0	37
1	0	0	37
1	0	0	37
1	0	0	38
1	0	0	38
1	0	0	38
1	0	0	38
1	0	0	38
1	0	0	38
1	0	0	38
1	0	0	38
1	0	0	38
1	0	0	38
1	0	0	39
1	0	0	39
1	0	0	39
1	0	0	39
1	0	0	39
1	0	0	39
1	0	0	39
1	0	0	39
1	0	0	39
1	0	0	39
1	0	0	40
1	0	0	40
1	0	0	40
1	0	0	40
1	0	0	40
1	0	0	40
1	0	0	40
1	0	0	40
1	0	0	40
1	0	0	40
1	0	0	41
1	0	0	41
1	0	0	41
1	0	0	41
1	0	0	41
1	0	0	41
1	0	0	41
1	0	0	41
1	0	0	41
1	0	0	41
1	0	0	19
1	0	0	42
1	0	0	42
1	0	0	42
1	0	0	42
1	0	0	42
1	0	0	42
1	0	0	42
1	0	0	42
1	0	0	42
1	0	0	42
1	0	0	14
1	0	0	14
1	0	0	14
1	0	0	14
0.1	2	1	1
0.1	6	5	1
0.1	422	4	1
0.1	7	423	1
0.1	424	3	1
0.1	9	8	1
0.1	426	425	1
0.1	10	427	1
0.1	428	421	1
0.1	15	14	2
0.1	430	13	2
0.1	17	16	2
0.1	432	431	2
0.1	433	12	2
0.1	434	11	2
0.1	18	435	2
0.1	19	436	2
0.1	437	429	2
0.1	21	20	3
0.1	24	23	3
0.1	440	22	3
0.1	441	439	3
0.1	25	442	5
0.1	28	27	5
0.1	444	26	5
0.1	30	29	5
0.1	31	446	5
0.1	34	33	5
0.1	35	448	5
0.1	449	32	5
0.1	450	447	5
0.1	451	445	5
0.1	38	37	6
0.1	40	39	6
0.1	454	453	6
0.1	455	36	6
0.1	43	42	6
0.1	457	41	6
0.1	458	456	6
0.1	44	459	6
0.1	460	452	5
0.1	461	443	5
0.1	462	438	2
0.1	46	45	7
0.1	48	47	7
0.1	465	464	7
0.1	50	49	8
0.1	51	467	8
0.1	54	53	10
0.1	56	55	10
0.1	470	469	10
0.1	471	52	10
0.1	472	468	10
0.1	58	57	11
0.1	60	59	11
0.1	63	62	11
0.1	64	476	11
0.1	477	61	11
0.1	478	475	11
0.1	479	474	11
0.1	480	473	10
0.1	66	65	10
0.1	69	68	10
0.1	483	67	10
0.1	484	482	10
0.1	73	72	4
0.1	486	71	4
0.1	487	70	4
0.1	75	74	4
0.1	78	77	4
0.1	490	76	4
0.1	491	489	4
0.1	492	488	4
0.1	80	79	12
0.1	81	494	12
0.1	82	495	12
0.1	83	496	12
0.1	85	84	13
0.1	498	497	13
0.1	88	87	14
0.1	91	90	14
0.1	501	89	14
0.1	502	500	14
0.1	503	86	14
0.1	504	499	13
0.1	505	493	13
0.1	93	92	15
0.1	95	94	15
0.1	97	96	15
0.1	509	508	15
0.1	510	507	15
0.1	99	98	15
0.1	512	511	15
0.1	101	100	15
0.1	514	513	15
0.1	102	515	15
0.1	105	104	3
0.1	108	107	3
0.1	518	106	3
0.1	519	517	3
0.1	109	520	9
0.1	521	103	9
0.1	111	110	9
0.1	113	112	8
0.1	115	114	8
0.1	525	524	8
0.1	526	523	9
0.1	527	522	9
0.1	528	516	15
0.1	529	506	13
0.1	530	485	10
0.1	531	481	10
0.1	532	466	7
0.1	117	116	7
0.1	534	533	7
0.1	119	118	7
0.1	536	535	7
0.1	121	120	7
0.1	538	537	7
0.1	539	463	7
0.1	124	123	16
0.1	541	122	16
0.1	125	542	16
0.1	129	128	16
0.1	544	127	16
0.1	545	126	16
0.1	131	130	16
0.1	547	546	16
0.1	548	543	16
0.1	133	132	17
0.1	136	135	17
0.1	137	551	17
0.1	552	134	17
0.1	553	550	17
0.1	141	140	17
0.1	555	139	17
0.1	556	138	17
0.1	557	554	17
0.1	144	143	18
0.1	147	146	18
0.1	148	560	18
0.1	561	145	18
0.1	562	559	18
0.1	149	563	18
0.1	151	150	18
0.1	565	564	18
0.1	566	142	18
0.1	567	558	17
0.1	568	549	19
0.1	155	154	8
0.1	570	153	8
0.1	571	152	2
0.1	572	569	19
0.1	158	157	20
0.1	161	160	20
0.1	164	163	20
0.1	576	162	20
0.1	577	575	20
0.1	578	159	20
0.1	579	574	20
0.1	167	166	21
0.1	169	168	21
0.1	582	581	21
0.1	172	171	21
0.1	175	174	21
0.1	585	173	21
0.1	586	584	21
0.1	587	170	21
0.1	588	583	21
0.1	589	165	20
0.1	176	590	20
0.1	591	580	20
0.1	178	177	22
0.1	181	180	22
0.1	183	182	22
0.1	595	594	22
0.1	184	596	22
0.1	597	179	22
0.1	598	593	22
0.1	186	185	22
0.1	600	599	22
0.1	188	187	23
0.1	190	189	23
0.1	192	191	23
0.1	604	603	23
0.1	605	602	23
0.1	194	193	23
0.1	607	606	23
0.1	196	195	23
0.1	609	608	23
0.1	199	198	24
0.1	202	201	24
0.1	612	200	24
0.1	613	611	24
0.1	203	614	24
0.1	615	197	24
0.1	206	205	24
0.1	617	204	24
0.1	618	616	24
0.1	619	610	24
0.1	620	601	24
0.1	209	208	26
0.1	212	211	26
0.1	623	210	26
0.1	624	622	26
0.1	216	215	26
0.1	626	214	26
0.1	627	213	26
0.1	217	628	26
0.1	629	625	26
0.1	630	207	25
0.1	219	218	25
0.1	222	221	27
0.1	225	224	27
0.1	227	226	27
0.1	635	634	27
0.1	636	223	27
0.1	229	228	27
0.1	638	637	27
0.1	639	633	27
0.1	640	220	27
0.1	231	230	25
0.1	234	233	28
0.1	236	235	28
0.1	644	643	28
0.1	645	232	28
0.1	239	238	28
0.1	241	240	28
0.1	648	647	28
0.1	649	237	28
0.1	650	646	28
0.1	651	642	25
0.1	652	641	25
0.1	244	243	25
0.1	654	242	25
0.1	246	245	25
0.1	250	249	29
0.1	657	248	29
0.1	658	247	29
0.1	252	251	29
0.1	660	659	29
0.1	254	253	29
0.1	662	661	29
0.1	256	255	29
0.1	664	663	29
0.1	258	257	30
0.1	259	666	30
0.1	263	262	30
0.1	264	668	30
0.1	669	261	30
0.1	670	260	30
0.1	265	671	30
0.1	266	672	30
0.1	673	667	30
0.1	674	665	29
0.1	675	656	25
0.1	676	655	25
0.1	677	653	25
0.1	678	632	25
0.1	679	631	25
0.1	680	621	25
0.1	681	592	25
0.1	268	267	19
0.1	683	682	19
0.1	684	156	19
0.1	270	269	19
0.1	686	685	19
0.1	272	271	12
0.1	275	274	12
0.1	689	273	12
0.1	690	688	12
0.1	278	277	31
0.1	280	279	31
0.1	281	693	31
0.1	283	282	31
0.1	695	694	31
0.1	285	284	31
0.1	697	696	31
0.1	698	692	31
0.1	699	276	31
0.1	287	286	32
0.1	290	289	32
0.1	292	291	32
0.1	703	702	32
0.1	704	288	32
0.1	294	293	32
0.1	706	705	32
0.1	295	707	32
0.1	708	701	32
0.1	298	297	33
0.1	710	296	33
0.1	301	300	33
0.1	712	299	33
0.1	713	711	33
0.1	305	304	33
0.1	715	303	33
0.1	716	302	33
0.1	717	714	33
0.1	718	709	32
0.1	719	700	12
0.1	720	691	12
0.1	307	306	19
0.1	309	308	34
0.1	311	310	34
0.1	314	313	34
0.1	725	312	34
0.1	316	315	34
0.1	727	726	34
0.1	317	728	34
0.1	729	724	34
0.1	730	723	34
0.1	731	722	19
0.1	732	721	19
0.1	733	687	19
0.1	319	318	9
0.1	320	735	9
0.1	321	736	9
0.1	323	322	9
0.1	324	738	9
0.1	739	737	9
0.1	740	734	19
0.1	741	573	19
0.1	327	326	13
0.1	329	328	13
0.1	332	331	13
0.1	333	745	13
0.1	746	330	13
0.1	747	744	13
0.1	748	743	13
0.1	749	325	10
0.1	335	334	19
0.1	337	336	35
0.1	338	752	35
0.1	340	339	35
0.1	342	341	35
0.1	755	754	35
0.1	756	753	35
0.1	344	343	35
0.1	758	757	35
0.1	345	759	35
0.1	348	347	36
0.1	351	350	36
0.1	353	352	36
0.1	763	762	36
0.1	764	349	36
0.1	355	354	36
0.1	766	765	36
0.1	767	761	36
0.1	768	346	36
0.1	358	357	37
0.1	770	356	37
0.1	362	361	37
0.1	772	360	37
0.1	364	363	37
0.1	365	774	37
0.1	775	773	37
0.1	776	359	37
0.1	777	771	37
0.1	778	769	35
0.1	779	760	35
0.1	368	367	38
0.1	369	781	38
0.1	782	366	38
0.1	371	370	38
0.1	372	784	38
0.1	785	783	38
0.1	374	373	38
0.1	375	787	38
0.1	788	786	38
0.1	377	376	39
0.1	379	378	39
0.1	791	790	39
0.1	381	380	39
0.1	793	792	39
0.1	382	794	39
0.1	385	384	39
0.1	796	383	39
0.1	797	795	39
0.1	798	789	39
0.1	388	387	40
0.1	389	800	40
0.1	391	390	40
0.1	802	801	40
0.1	393	392	40
0.1	394	804	40
0.1	805	803	40
0.1	806	386	40
0.1	395	807	40
0.1	399	398	41
0.1	809	397	41
0.1	810	396	41
0.1	401	400	41
0.1	403	402	41
0.1	813	812	41
0.1	405	404	41
0.1	815	814	41
0.1	816	811	41
0.1	817	808	41
0.1	818	799	39
0.1	819	780	35
0.1	820	751	19
0.1	410	409	42
0.1	822	408	42
0.1	823	407	42
0.1	412	411	42
0.1	415	414	42
0.1	826	413	42
0.1	416	827	42
0.1	828	825	42
0.1	829	824	42
0.1	830	406	19
0.1	831	821	19
0.1	418	417	14
0.1	420	419	14
0.1	834	833	14
0.1	835	832	19
0.1	836	750	19
0.1	837	742	19
0.1	838	540	7
