1	0	0	1
1	0	0	2
1	0	0	2
1	0	0	2
1	0	0	2
1	0	0	2
1	0	0	2
1	0	0	2
1	0	0	2
1	0	0	2
1	0	0	2
1	0	0	3
1	0	0	3
1	0	0	3
1	0	0	3
1	0	0	3
1	0	0	3
1	0	0	3
1	0	0	3
1	0	0	3
1	0	0	3
1	0	0	1
1	0	0	1
1	0	0	1
1	0	0	1
1	0	0	1
1	0	0	1
1	0	0	1
1	0	0	1
1	0	0	1
1	0	0	4
1	0	0	5
1	0	0	5
1	0	0	5
1	0	0	5
1	0	0	5
1	0	0	5
1	0	0	5
1	0	0	5
1	0	0	5
1	0	0	5
1	0	0	4
1	0	0	4
1	0	0	4
1	0	0	4
1	0	0	4
1	0	0	4
1	0	0	4
1	0	0	4
1	0	0	6
1	0	0	6
1	0	0	6
1	0	0	6
1	0	0	6
1	0	0	6
1	0	0	6
1	0	0	6
1	0	0	6
1	0	0	6
1	0	0	7
1	0	0	7
1	0	0	7
1	0	0	7
1	0	0	7
1	0	0	7
1	0	0	7
1	0	0	7
1	0	0	7
1	0	0	7
1	0	0	8
1	0	0	8
1	0	0	8
1	0	0	8
1	0	0	8
1	0	0	8
1	0	0	8
1	0	0	8
1	0	0	8
1	0	0	8
1	0	0	9
1	0	0	9
1	0	0	9
1	0	0	9
1	0	0	9
1	0	0	9
1	0	0	9
1	0	0	10
1	0	0	10
1	0	0	10
1	0	0	10
1	0	0	10
1	0	0	10
1	0	0	10
1	0	0	10
1	0	0	10
1	0	0	10
1	0	0	9
1	0	0	9
1	0	0	9
1	0	0	11
1	0	0	11
1	0	0	11
1	0	0	12
1	0	0	12
1	0	0	12
1	0	0	12
1	0	0	12
1	0	0	12
1	0	0	12
1	0	0	12
1	0	0	12
1	0	0	12
1	0	0	11
1	0	0	11
1	0	0	11
1	0	0	11
1	0	0	11
1	0	0	11
1	0	0	11
1	0	0	4
1	0	0	13
1	0	0	14
1	0	0	14
1	0	0	14
1	0	0	14
1	0	0	14
1	0	0	14
1	0	0	14
1	0	0	14
1	0	0	13
1	0	0	13
1	0	0	13
1	0	0	13
1	0	0	13
1	0	0	13
1	0	0	13
1	0	0	14
1	0	0	14
1	0	0	13
1	0	0	13
1	0	0	15
1	0	0	15
1	0	0	15
1	0	0	15
1	0	0	15
1	0	0	15
1	0	0	15
1	0	0	15
1	0	0	15
1	0	0	15
1	0	0	16
1	0	0	16
1	0	0	16
1	0	0	16
1	0	0	16
1	0	0	16
1	0	0	16
1	0	0	16
1	0	0	16
1	0	0	16
1	0	0	17
1	0	0	17
1	0	0	18
1	0	0	18
1	0	0	18
1	0	0	18
1	0	0	18
1	0	0	18
1	0	0	18
1	0	0	18
1	0	0	18
1	0	0	18
1	0	0	17
1	0	0	17
1	0	0	17
1	0	0	17
1	0	0	17
1	0	0	19
1	0	0	19
1	0	0	19
1	0	0	19
1	0	0	19
1	0	0	19
1	0	0	19
1	0	0	19
1	0	0	19
1	0	0	19
1	0	0	20
1	0	0	20
1	0	0	20
1	0	0	20
1	0	0	20
1	0	0	20
1	0	0	20
1	0	0	20
1	0	0	20
1	0	0	20
1	0	0	21
1	0	0	21
1	0	0	21
1	0	0	21
1	0	0	21
1	0	0	21
1	0	0	21
1	0	0	21
1	0	0	21
1	0	0	21
1	0	0	22
1	0	0	22
1	0	0	22
1	0	0	22
1	0	0	22
1	0	0	22
1	0	0	22
1	0	0	22
1	0	0	22
1	0	0	23
1	0	0	23
1	0	0	23
1	0	0	23
1	0	0	23
1	0	0	23
1	0	0	23
1	0	0	22
1	0	0	23
1	0	0	23
1	0	0	23
1	0	0	24
1	0	0	24
1	0	0	24
1	0	0	24
1	0	0	24
1	0	0	24
1	0	0	24
1	0	0	24
1	0	0	24
1	0	0	24
1	0	0	25
1	0	0	25
1	0	0	25
1	0	0	25
1	0	0	25
1	0	0	25
1	0	0	25
1	0	0	25
1	0	0	25
1	0	0	25
1	0	0	26
1	0	0	26
1	0	0	26
1	0	0	26
1	0	0	26
1	0	0	26
1	0	0	26
1	0	0	26
1	0	0	26
1	0	0	26
1	0	0	27
1	0	0	27
1	0	0	27
1	0	0	27
1	0	0	27
1	0	0	27
1	0	0	27
1	0	0	27
1	0	0	27
1	0	0	27
1	0	0	28
1	0	0	28
1	0	0	28
1	0	0	28
1	0	0	28
1	0	0	28
1	0	0	28
1	0	0	28
1	0	0	28
1	0	0	28
1	0	0	29
1	0	0	29
1	0	0	29
1	0	0	29
1	0	0	29
1	0	0	29
1	0	0	29
1	0	0	29
1	0	0	29
1	0	0	29
1	0	0	17
1	0	0	30
1	0	0	30
1	0	0	30
1	0	0	30
1	0	0	30
1	0	0	30
1	0	0	30
1	0	0	30
1	0	0	30
1	0	0	30
1	0	0	31
1	0	0	31
1	0	0	31
1	0	0	31
1	0	0	31
1	0	0	31
1	0	0	31
1	0	0	31
1	0	0	31
1	0	0	31
1	0	0	32
1	0	0	32
1	0	0	32
1	0	0	32
1	0	0	32
1	0	0	32
1	0	0	32
1	0	0	32
1	0	0	32
1	0	0	33
1	0	0	33
1	0	0	33
1	0	0	33
1	0	0	33
1	0	0	33
1	0	0	33
1	0	0	33
1	0	0	33
1	0	0	33
1	0	0	32
1	0	0	34
1	0	0	34
1	0	0	34
1	0	0	34
1	0	0	34
1	0	0	34
1	0	0	34
1	0	0	34
1	0	0	34
1	0	0	34
1	0	0	35
1	0	0	35
1	0	0	35
1	0	0	35
1	0	0	35
1	0	0	35
1	0	0	35
1	0	0	35
1	0	0	35
1	0	0	35
1	0	0	36
1	0	0	36
1	0	0	36
1	0	0	36
1	0	0	36
1	0	0	36
1	0	0	36
1	0	0	36
1	0	0	36
1	0	0	36
1	0	0	17
1	0	0	17
1	0	0	37
1	0	0	37
1	0	0	37
1	0	0	38
1	0	0	38
1	0	0	38
1	0	0	38
1	0	0	38
1	0	0	38
1	0	0	38
1	0	0	38
1	0	0	38
1	0	0	38
1	0	0	39
1	0	0	39
1	0	0	39
1	0	0	39
1	0	0	39
1	0	0	39
1	0	0	39
1	0	0	39
1	0	0	39
1	0	0	39
1	0	0	40
1	0	0	40
1	0	0	40
1	0	0	40
1	0	0	40
1	0	0	40
1	0	0	40
1	0	0	40
1	0	0	40
1	0	0	40
1	0	0	41
1	0	0	41
1	0	0	41
1	0	0	41
1	0	0	41
1	0	0	41
1	0	0	41
1	0	0	41
1	0	0	41
1	0	0	41
1	0	0	37
1	0	0	37
1	0	0	42
1	0	0	42
1	0	0	42
1	0	0	42
1	0	0	42
1	0	0	42
1	0	0	42
1	0	0	42
1	0	0	42
1	0	0	42
1	0	0	37
1	0	0	37
1	0	0	37
1	0	0	37
1	0	0	37
1	0	0	43
1	0	0	43
1	0	0	43
1	0	0	43
1	0	0	44
1	0	0	44
1	0	0	44
1	0	0	44
1	0	0	44
1	0	0	44
1	0	0	44
1	0	0	45
1	0	0	45
1	0	0	45
1	0	0	45
1	0	0	45
1	0	0	45
1	0	0	45
1	0	0	45
1	0	0	45
1	0	0	45
1	0	0	46
1	0	0	46
1	0	0	46
1	0	0	46
1	0	0	46
1	0	0	46
1	0	0	46
1	0	0	46
1	0	0	46
1	0	0	47
1	0	0	48
1	0	0	48
1	0	0	48
1	0	0	48
1	0	0	48
1	0	0	48
1	0	0	48
1	0	0	48
1	0	0	48
1	0	0	48
1	0	0	47
1	0	0	47
1	0	0	47
1	0	0	47
1	0	0	47
1	0	0	47
1	0	0	47
1	0	0	47
1	0	0	47
1	0	0	46
1	0	0	49
1	0	0	49
1	0	0	49
1	0	0	49
1	0	0	49
1	0	0	49
1	0	0	49
1	0	0	49
1	0	0	49
1	0	0	49
1	0	0	50
1	0	0	50
1	0	0	50
1	0	0	50
1	0	0	50
1	0	0	50
1	0	0	50
1	0	0	50
1	0	0	50
1	0	0	50
1	0	0	51
1	0	0	51
1	0	0	51
1	0	0	51
1	0	0	51
1	0	0	51
1	0	0	51
1	0	0	51
1	0	0	51
1	0	0	51
1	0	0	52
1	0	0	52
1	0	0	52
1	0	0	52
1	0	0	52
1	0	0	52
1	0	0	52
1	0	0	52
1	0	0	52
1	0	0	52
1	0	0	53
1	0	0	53
1	0	0	53
1	0	0	53
1	0	0	53
1	0	0	53
1	0	0	53
1	0	0	53
1	0	0	53
1	0	0	53
1	0	0	44
1	0	0	44
1	0	0	44
1	0	0	43
1	0	0	54
1	0	0	54
1	0	0	54
1	0	0	54
1	0	0	54
1	0	0	54
1	0	0	54
1	0	0	54
1	0	0	54
1	0	0	54
1	0	0	55
1	0	0	55
1	0	0	55
1	0	0	55
1	0	0	55
1	0	0	55
1	0	0	55
1	0	0	55
1	0	0	55
1	0	0	55
1	0	0	43
1	0	0	43
1	0	0	43
1	0	0	43
1	0	0	43
0.1	5	4	2
0.1	6	551	2
0.1	552	3	2
0.1	553	2	2
0.1	8	7	2
0.1	9	555	2
0.1	556	554	2
0.1	11	10	2
0.1	558	557	2
0.1	559	1	1
0.1	14	13	3
0.1	15	561	3
0.1	562	12	3
0.1	20	19	3
0.1	564	18	3
0.1	21	565	3
0.1	566	17	3
0.1	567	16	3
0.1	568	563	3
0.1	23	22	1
0.1	24	570	1
0.1	26	25	1
0.1	572	571	1
0.1	28	27	1
0.1	29	574	1
0.1	575	573	1
0.1	30	576	1
0.1	577	569	1
0.1	578	560	1
0.1	33	32	5
0.1	34	580	5
0.1	36	35	5
0.1	38	37	5
0.1	39	583	5
0.1	40	584	5
0.1	585	582	5
0.1	41	586	5
0.1	587	581	5
0.1	42	588	4
0.1	589	31	4
0.1	46	45	4
0.1	591	44	4
0.1	592	43	4
0.1	593	590	4
0.1	594	579	4
0.1	47	595	4
0.1	49	48	4
0.1	51	50	6
0.1	53	52	6
0.1	56	55	6
0.1	600	54	6
0.1	601	599	6
0.1	602	598	6
0.1	58	57	6
0.1	62	61	7
0.1	605	60	7
0.1	65	64	7
0.1	607	63	7
0.1	68	67	7
0.1	609	66	7
0.1	69	610	7
0.1	611	608	7
0.1	612	606	7
0.1	71	70	8
0.1	75	74	8
0.1	615	73	8
0.1	616	72	8
0.1	79	78	8
0.1	618	77	8
0.1	619	76	8
0.1	620	617	8
0.1	621	614	8
0.1	622	613	9
0.1	81	80	9
0.1	84	83	9
0.1	85	625	9
0.1	626	82	9
0.1	627	624	9
0.1	90	89	10
0.1	94	93	10
0.1	630	92	10
0.1	95	631	10
0.1	96	632	10
0.1	633	91	10
0.1	634	629	10
0.1	635	88	10
0.1	636	87	10
0.1	98	97	9
0.1	99	638	9
0.1	639	637	9
0.1	640	86	9
0.1	641	628	9
0.1	642	623	9
0.1	643	59	6
0.1	644	604	6
0.1	645	603	6
0.1	102	101	11
0.1	647	100	11
0.1	104	103	12
0.1	106	105	12
0.1	108	107	12
0.1	110	109	12
0.1	652	651	12
0.1	653	650	12
0.1	654	649	12
0.1	112	111	12
0.1	656	655	12
0.1	657	648	11
0.1	115	114	11
0.1	659	113	11
0.1	119	118	11
0.1	661	117	11
0.1	662	116	11
0.1	663	660	11
0.1	664	658	11
0.1	665	646	6
0.1	666	597	4
0.1	124	123	14
0.1	127	126	14
0.1	669	125	14
0.1	128	670	14
0.1	671	668	14
0.1	129	672	14
0.1	673	122	14
0.1	132	131	13
0.1	675	130	13
0.1	136	135	13
0.1	677	134	13
0.1	678	133	13
0.1	679	676	13
0.1	138	137	14
0.1	681	680	13
0.1	682	674	13
0.1	683	121	13
0.1	140	139	13
0.1	685	684	13
0.1	142	141	15
0.1	687	686	15
0.1	145	144	15
0.1	689	143	15
0.1	690	688	15
0.1	147	146	15
0.1	692	691	15
0.1	150	149	15
0.1	694	148	15
0.1	695	693	15
0.1	696	120	4
0.1	697	667	4
0.1	698	596	4
0.1	154	153	16
0.1	156	155	16
0.1	701	700	16
0.1	702	152	16
0.1	158	157	16
0.1	704	703	16
0.1	160	159	16
0.1	706	705	16
0.1	707	151	16
0.1	162	161	17
0.1	168	167	18
0.1	710	166	18
0.1	711	165	18
0.1	712	164	18
0.1	171	170	18
0.1	714	169	18
0.1	715	713	18
0.1	172	716	18
0.1	717	163	18
0.1	173	718	17
0.1	719	709	17
0.1	176	175	17
0.1	721	174	17
0.1	177	722	17
0.1	723	720	17
0.1	724	708	17
0.1	181	180	19
0.1	726	179	19
0.1	184	183	19
0.1	187	186	19
0.1	729	185	19
0.1	730	728	19
0.1	731	182	19
0.1	732	727	19
0.1	733	178	19
0.1	189	188	20
0.1	190	735	20
0.1	194	193	20
0.1	737	192	20
0.1	738	191	20
0.1	197	196	20
0.1	740	195	20
0.1	741	739	20
0.1	742	736	20
0.1	743	734	19
0.1	201	200	21
0.1	745	199	21
0.1	202	746	21
0.1	747	198	21
0.1	204	203	21
0.1	205	749	21
0.1	207	206	21
0.1	751	750	21
0.1	752	748	21
0.1	753	744	19
0.1	211	210	22
0.1	755	209	22
0.1	212	756	22
0.1	757	208	22
0.1	215	214	22
0.1	759	213	22
0.1	216	760	22
0.1	761	758	22
0.1	218	217	23
0.1	220	219	23
0.1	764	763	23
0.1	222	221	23
0.1	223	766	23
0.1	767	765	23
0.1	227	226	23
0.1	769	225	23
0.1	770	224	22
0.1	229	228	24
0.1	232	231	24
0.1	773	230	24
0.1	234	233	24
0.1	236	235	24
0.1	237	776	24
0.1	777	775	24
0.1	778	774	24
0.1	779	772	24
0.1	242	241	25
0.1	781	240	25
0.1	782	239	25
0.1	244	243	25
0.1	784	783	25
0.1	785	238	25
0.1	247	246	25
0.1	787	245	25
0.1	788	786	25
0.1	789	780	25
0.1	249	248	26
0.1	251	250	26
0.1	252	792	26
0.1	793	791	26
0.1	256	255	26
0.1	795	254	26
0.1	257	796	26
0.1	797	253	26
0.1	798	794	26
0.1	262	261	27
0.1	263	800	27
0.1	264	801	27
0.1	802	260	27
0.1	803	259	27
0.1	266	265	27
0.1	267	805	27
0.1	806	804	27
0.1	270	269	28
0.1	272	271	28
0.1	809	808	28
0.1	274	273	28
0.1	275	811	28
0.1	812	810	28
0.1	813	268	28
0.1	277	276	28
0.1	815	814	28
0.1	816	807	27
0.1	817	258	27
0.1	818	799	26
0.1	819	790	26
0.1	279	278	29
0.1	281	280	29
0.1	283	282	29
0.1	285	284	29
0.1	824	823	29
0.1	825	822	29
0.1	826	821	29
0.1	287	286	29
0.1	828	827	29
0.1	829	820	22
0.1	830	771	22
0.1	831	768	22
0.1	832	762	22
0.1	833	754	19
0.1	291	290	30
0.1	294	293	30
0.1	836	292	30
0.1	837	835	30
0.1	296	295	30
0.1	298	297	30
0.1	840	839	30
0.1	841	838	30
0.1	842	289	30
0.1	843	288	17
0.1	301	300	31
0.1	302	845	31
0.1	846	299	31
0.1	304	303	31
0.1	306	305	31
0.1	308	307	31
0.1	850	849	31
0.1	851	848	31
0.1	852	847	31
0.1	310	309	32
0.1	313	312	32
0.1	855	311	32
0.1	315	314	32
0.1	316	857	32
0.1	317	858	32
0.1	859	856	32
0.1	860	854	32
0.1	322	321	33
0.1	862	320	33
0.1	863	319	33
0.1	864	318	33
0.1	327	326	33
0.1	866	325	33
0.1	867	324	33
0.1	868	323	33
0.1	869	865	33
0.1	870	861	32
0.1	871	853	32
0.1	331	330	34
0.1	873	329	34
0.1	333	332	34
0.1	875	874	34
0.1	336	335	34
0.1	877	334	34
0.1	338	337	34
0.1	879	878	34
0.1	880	876	34
0.1	881	328	32
0.1	341	340	35
0.1	883	339	35
0.1	344	343	35
0.1	885	342	35
0.1	346	345	35
0.1	347	887	35
0.1	348	888	35
0.1	889	886	35
0.1	890	884	35
0.1	891	882	32
0.1	892	872	32
0.1	893	844	17
0.1	352	351	36
0.1	355	354	36
0.1	896	353	36
0.1	897	895	36
0.1	898	350	36
0.1	357	356	36
0.1	358	900	36
0.1	901	899	36
0.1	902	349	36
0.1	360	359	17
0.1	362	361	37
0.1	363	905	37
0.1	367	366	38
0.1	370	369	38
0.1	908	368	38
0.1	909	907	38
0.1	371	910	38
0.1	911	365	38
0.1	912	364	38
0.1	373	372	38
0.1	376	375	39
0.1	377	915	39
0.1	916	374	39
0.1	380	379	39
0.1	383	382	39
0.1	919	381	39
0.1	920	918	39
0.1	921	378	39
0.1	922	917	39
0.1	923	914	38
0.1	924	913	38
0.1	925	906	37
0.1	386	385	40
0.1	927	384	40
0.1	388	387	40
0.1	390	389	40
0.1	392	391	40
0.1	393	931	40
0.1	932	930	40
0.1	933	929	40
0.1	934	928	40
0.1	396	395	41
0.1	398	397	41
0.1	937	936	41
0.1	938	394	41
0.1	401	400	41
0.1	403	402	41
0.1	941	940	41
0.1	942	399	41
0.1	943	939	41
0.1	944	935	37
0.1	405	404	37
0.1	407	406	42
0.1	409	408	42
0.1	948	947	42
0.1	412	411	42
0.1	414	413	42
0.1	415	951	42
0.1	952	950	42
0.1	953	410	42
0.1	954	949	42
0.1	955	946	37
0.1	417	416	37
0.1	419	418	37
0.1	958	957	37
0.1	420	959	37
0.1	960	956	37
0.1	961	945	37
0.1	962	926	37
0.1	963	904	17
0.1	964	903	17
0.1	965	894	17
0.1	966	834	17
0.1	967	725	17
0.1	968	699	17
0.1	422	421	43
0.1	423	970	43
0.1	427	426	44
0.1	972	425	44
0.1	428	973	44
0.1	429	974	44
0.1	431	430	44
0.1	976	975	44
0.1	436	435	45
0.1	978	434	45
0.1	979	433	45
0.1	438	437	45
0.1	439	981	45
0.1	440	982	45
0.1	441	983	45
0.1	984	980	45
0.1	985	432	45
0.1	445	444	46
0.1	987	443	46
0.1	988	442	46
0.1	989	986	46
0.1	448	447	46
0.1	991	446	46
0.1	450	449	46
0.1	453	452	48
0.1	456	455	48
0.1	995	454	48
0.1	459	458	48
0.1	997	457	48
0.1	461	460	48
0.1	999	998	48
0.1	1000	996	48
0.1	1001	994	48
0.1	1002	451	47
0.1	463	462	47
0.1	466	465	47
0.1	469	468	47
0.1	1006	467	47
0.1	1007	1005	47
0.1	1008	464	47
0.1	470	1009	47
0.1	1010	1004	47
0.1	1011	1003	47
0.1	1012	993	46
0.1	1013	992	46
0.1	471	1014	46
0.1	1015	990	46
0.1	474	473	49
0.1	1017	472	49
0.1	477	476	49
0.1	1019	475	49
0.1	479	478	49
0.1	481	480	49
0.1	1022	1021	49
0.1	1023	1020	49
0.1	1024	1018	49
0.1	484	483	50
0.1	486	485	50
0.1	1027	1026	50
0.1	1028	482	50
0.1	1029	1025	50
0.1	488	487	50
0.1	490	489	50
0.1	491	1032	50
0.1	1033	1031	50
0.1	493	492	51
0.1	495	494	51
0.1	498	497	51
0.1	500	499	51
0.1	501	1038	51
0.1	1039	1037	51
0.1	1040	496	51
0.1	1041	1036	51
0.1	1042	1035	51
0.1	1043	1034	50
0.1	1044	1030	50
0.1	504	503	52
0.1	1046	502	52
0.1	507	506	52
0.1	1048	505	52
0.1	509	508	52
0.1	511	510	52
0.1	1051	1050	52
0.1	1052	1049	52
0.1	1053	1047	52
0.1	1054	1045	50
0.1	513	512	53
0.1	515	514	53
0.1	516	1057	53
0.1	1058	1056	53
0.1	519	518	53
0.1	1060	517	53
0.1	1061	1059	53
0.1	521	520	53
0.1	1063	1062	53
0.1	1064	1055	53
0.1	1065	1016	53
0.1	524	523	44
0.1	1067	522	44
0.1	1068	1066	44
0.1	1069	977	44
0.1	1070	424	43
0.1	528	527	54
0.1	1072	526	54
0.1	530	529	54
0.1	1074	1073	54
0.1	531	1075	54
0.1	534	533	54
0.1	535	1077	54
0.1	1078	532	54
0.1	1079	1076	54
0.1	539	538	55
0.1	1081	537	55
0.1	1082	536	55
0.1	541	540	55
0.1	543	542	55
0.1	545	544	55
0.1	1086	1085	55
0.1	1087	1084	55
0.1	1088	1083	55
0.1	1089	1080	55
0.1	546	1090	43
0.1	548	547	43
0.1	549	1092	43
0.1	1093	1091	43
0.1	1094	525	43
0.1	550	1095	43
0.1	1096	1071	43
0.1	1097	971	43
0.1	1098	969	43
