1	0	0	1
1	0	0	1
1	0	0	1
1	0	0	1
1	0	0	1
1	0	0	1
1	0	0	1
1	0	0	1
1	0	0	1
1	0	0	2
1	0	0	2
1	0	0	2
1	0	0	2
1	0	0	2
1	0	0	2
1	0	0	2
1	0	0	2
1	0	0	2
1	0	0	2
1	0	0	1
1	0	0	3
1	0	0	4
1	0	0	5
1	0	0	5
1	0	0	5
1	0	0	5
1	0	0	5
1	0	0	5
1	0	0	5
1	0	0	5
1	0	0	5
1	0	0	5
1	0	0	6
1	0	0	6
1	0	0	6
1	0	0	6
1	0	0	6
1	0	0	6
1	0	0	6
1	0	0	6
1	0	0	6
1	0	0	6
1	0	0	7
1	0	0	7
1	0	0	7
1	0	0	7
1	0	0	7
1	0	0	7
1	0	0	7
1	0	0	7
1	0	0	7
1	0	0	7
1	0	0	8
1	0	0	8
1	0	0	8
1	0	0	8
1	0	0	9
1	0	0	9
1	0	0	9
1	0	0	9
1	0	0	9
1	0	0	9
1	0	0	9
1	0	0	9
1	0	0	9
1	0	0	9
1	0	0	8
1	0	0	8
1	0	0	10
1	0	0	10
1	0	0	10
1	0	0	10
1	0	0	10
1	0	0	10
1	0	0	10
1	0	0	10
1	0	0	10
1	0	0	10
1	0	0	8
1	0	0	8
1	0	0	8
1	0	0	8
1	0	0	11
1	0	0	11
1	0	0	11
1	0	0	11
1	0	0	11
1	0	0	11
1	0	0	11
1	0	0	11
1	0	0	11
1	0	0	11
1	0	0	4
1	0	0	4
1	0	0	4
1	0	0	4
1	0	0	4
1	0	0	4
1	0	0	4
1	0	0	4
1	0	0	4
1	0	0	12
1	0	0	12
1	0	0	12
1	0	0	12
1	0	0	12
1	0	0	12
1	0	0	12
1	0	0	12
1	0	0	12
1	0	0	12
1	0	0	3
1	0	0	3
1	0	0	3
1	0	0	3
1	0	0	3
1	0	0	3
1	0	0	13
1	0	0	13
1	0	0	13
1	0	0	13
1	0	0	13
1	0	0	13
1	0	0	13
1	0	0	13
1	0	0	13
1	0	0	13
1	0	0	14
1	0	0	14
1	0	0	14
1	0	0	14
1	0	0	14
1	0	0	14
1	0	0	14
1	0	0	14
1	0	0	14
1	0	0	14
1	0	0	15
1	0	0	15
1	0	0	15
1	0	0	15
1	0	0	15
1	0	0	15
1	0	0	15
1	0	0	15
1	0	0	16
1	0	0	16
1	0	0	16
1	0	0	16
1	0	0	16
1	0	0	16
1	0	0	16
1	0	0	16
1	0	0	16
1	0	0	16
1	0	0	15
1	0	0	15
1	0	0	17
1	0	0	17
1	0	0	17
1	0	0	17
1	0	0	17
1	0	0	17
1	0	0	17
1	0	0	17
1	0	0	17
1	0	0	17
1	0	0	18
1	0	0	18
1	0	0	19
1	0	0	19
1	0	0	19
1	0	0	19
1	0	0	19
1	0	0	19
1	0	0	19
1	0	0	19
1	0	0	19
1	0	0	19
1	0	0	18
1	0	0	18
1	0	0	18
1	0	0	18
1	0	0	18
1	0	0	18
1	0	0	18
1	0	0	18
1	0	0	20
1	0	0	20
1	0	0	20
1	0	0	20
1	0	0	20
1	0	0	20
1	0	0	20
1	0	0	20
1	0	0	20
1	0	0	20
1	0	0	21
1	0	0	21
1	0	0	21
1	0	0	21
1	0	0	21
1	0	0	21
1	0	0	21
1	0	0	21
1	0	0	21
1	0	0	21
1	0	0	22
1	0	0	22
1	0	0	22
1	0	0	22
1	0	0	22
1	0	0	22
1	0	0	22
1	0	0	22
1	0	0	22
1	0	0	22
1	0	0	23
1	0	0	23
1	0	0	23
1	0	0	23
1	0	0	23
1	0	0	23
1	0	0	23
1	0	0	23
1	0	0	23
1	0	0	23
1	0	0	24
1	0	0	24
1	0	0	24
1	0	0	24
1	0	0	24
1	0	0	24
1	0	0	24
1	0	0	24
1	0	0	24
1	0	0	24
1	0	0	25
1	0	0	25
1	0	0	25
1	0	0	25
1	0	0	25
1	0	0	25
1	0	0	26
1	0	0	26
1	0	0	26
1	0	0	26
1	0	0	26
1	0	0	26
1	0	0	26
1	0	0	26
1	0	0	26
1	0	0	26
1	0	0	27
1	0	0	27
1	0	0	27
1	0	0	27
1	0	0	27
1	0	0	27
1	0	0	27
1	0	0	27
1	0	0	27
1	0	0	27
1	0	0	25
1	0	0	25
1	0	0	25
1	0	0	25
1	0	0	28
1	0	0	29
1	0	0	29
1	0	0	29
1	0	0	29
1	0	0	29
1	0	0	29
1	0	0	29
1	0	0	29
1	0	0	29
1	0	0	29
1	0	0	28
1	0	0	28
1	0	0	28
1	0	0	28
1	0	0	28
1	0	0	28
1	0	0	28
1	0	0	28
1	0	0	28
1	0	0	3
1	0	0	3
1	0	0	3
0.1	3	2	1
0.1	291	1	1
0.1	5	4	1
0.1	7	6	1
0.1	294	293	1
0.1	9	8	1
0.1	11	10	2
0.1	13	12	2
0.1	298	297	2
0.1	16	15	2
0.1	19	18	2
0.1	301	17	2
0.1	302	300	2
0.1	303	14	2
0.1	304	299	2
0.1	20	305	1
0.1	306	296	1
0.1	307	295	1
0.1	308	292	1
0.1	26	25	5
0.1	29	28	5
0.1	311	27	5
0.1	312	310	5
0.1	31	30	5
0.1	314	313	5
0.1	315	24	5
0.1	34	33	6
0.1	36	35	6
0.1	318	317	6
0.1	37	319	6
0.1	39	38	6
0.1	40	321	6
0.1	42	41	6
0.1	323	322	6
0.1	324	320	6
0.1	325	32	5
0.1	326	316	5
0.1	327	23	5
0.1	44	43	7
0.1	45	329	7
0.1	49	48	7
0.1	331	47	7
0.1	52	51	7
0.1	333	50	7
0.1	334	332	7
0.1	335	46	7
0.1	336	330	7
0.1	54	53	8
0.1	55	338	8
0.1	58	57	9
0.1	59	340	9
0.1	62	61	9
0.1	342	60	9
0.1	63	343	9
0.1	65	64	9
0.1	66	345	9
0.1	346	344	9
0.1	347	341	9
0.1	68	67	8
0.1	349	348	8
0.1	350	56	8
0.1	71	70	10
0.1	73	72	10
0.1	353	352	10
0.1	354	69	10
0.1	75	74	10
0.1	356	355	10
0.1	77	76	10
0.1	78	358	10
0.1	359	357	10
0.1	81	80	8
0.1	361	79	8
0.1	362	360	8
0.1	363	351	8
0.1	84	83	11
0.1	85	365	11
0.1	87	86	11
0.1	90	89	11
0.1	368	88	11
0.1	369	367	11
0.1	92	91	11
0.1	371	370	11
0.1	372	366	11
0.1	373	82	8
0.1	374	364	8
0.1	375	339	8
0.1	376	337	4
0.1	377	328	4
0.1	95	94	4
0.1	379	93	4
0.1	98	97	4
0.1	381	96	4
0.1	382	380	4
0.1	99	383	4
0.1	384	378	4
0.1	100	385	4
0.1	386	22	4
0.1	104	103	12
0.1	388	102	12
0.1	106	105	12
0.1	110	109	12
0.1	111	391	12
0.1	392	108	12
0.1	393	107	12
0.1	394	390	12
0.1	395	389	12
0.1	396	101	4
0.1	397	387	4
0.1	113	112	3
0.1	116	115	3
0.1	400	114	3
0.1	117	401	3
0.1	402	399	3
0.1	403	398	3
0.1	404	21	3
0.1	405	309	3
0.1	123	122	13
0.1	407	121	13
0.1	408	120	13
0.1	409	119	13
0.1	410	118	13
0.1	126	125	13
0.1	412	124	13
0.1	127	413	13
0.1	414	411	13
0.1	128	415	14
0.1	129	416	14
0.1	132	131	14
0.1	418	130	14
0.1	419	417	14
0.1	134	133	14
0.1	136	135	14
0.1	137	422	14
0.1	423	421	14
0.1	141	140	15
0.1	142	425	15
0.1	426	139	15
0.1	143	427	15
0.1	428	138	15
0.1	145	144	15
0.1	148	147	16
0.1	149	431	16
0.1	152	151	16
0.1	433	150	16
0.1	154	153	16
0.1	435	434	16
0.1	155	436	16
0.1	437	432	16
0.1	438	146	16
0.1	439	430	15
0.1	157	156	15
0.1	441	440	15
0.1	442	429	15
0.1	159	158	17
0.1	161	160	17
0.1	162	445	17
0.1	163	446	17
0.1	164	447	17
0.1	448	444	17
0.1	167	166	17
0.1	450	165	17
0.1	451	449	17
0.1	169	168	18
0.1	171	170	19
0.1	174	173	19
0.1	175	455	19
0.1	176	456	19
0.1	457	172	19
0.1	458	454	19
0.1	178	177	19
0.1	179	460	19
0.1	461	459	19
0.1	462	453	18
0.1	181	180	18
0.1	182	464	18
0.1	465	463	18
0.1	185	184	18
0.1	467	183	18
0.1	187	186	18
0.1	469	468	18
0.1	189	188	20
0.1	191	190	20
0.1	192	472	20
0.1	193	473	20
0.1	474	471	20
0.1	195	194	20
0.1	197	196	20
0.1	477	476	20
0.1	478	475	20
0.1	479	470	18
0.1	480	466	18
0.1	201	200	21
0.1	482	199	21
0.1	202	483	21
0.1	205	204	21
0.1	485	203	21
0.1	207	206	21
0.1	487	486	21
0.1	488	484	21
0.1	489	198	21
0.1	490	481	18
0.1	491	452	18
0.1	492	443	18
0.1	493	424	14
0.1	494	420	14
0.1	210	209	22
0.1	211	496	22
0.1	213	212	22
0.1	214	498	22
0.1	499	497	22
0.1	500	208	22
0.1	217	216	22
0.1	502	215	22
0.1	503	501	22
0.1	504	495	14
0.1	221	220	23
0.1	506	219	23
0.1	507	218	23
0.1	223	222	23
0.1	226	225	23
0.1	227	510	23
0.1	511	224	23
0.1	512	509	23
0.1	513	508	23
0.1	229	228	24
0.1	231	230	24
0.1	233	232	24
0.1	517	516	24
0.1	235	234	24
0.1	237	236	24
0.1	520	519	24
0.1	521	518	24
0.1	522	515	24
0.1	523	514	23
0.1	524	505	23
0.1	239	238	25
0.1	241	240	25
0.1	527	526	25
0.1	245	244	26
0.1	248	247	26
0.1	530	246	26
0.1	251	250	26
0.1	253	252	26
0.1	533	532	26
0.1	534	249	26
0.1	535	531	26
0.1	536	529	26
0.1	255	254	27
0.1	258	257	27
0.1	261	260	27
0.1	540	259	27
0.1	541	539	27
0.1	542	256	27
0.1	543	538	27
0.1	263	262	27
0.1	545	544	27
0.1	546	537	26
0.1	547	243	25
0.1	548	242	25
0.1	267	266	25
0.1	550	265	25
0.1	551	264	25
0.1	552	549	25
0.1	553	528	25
0.1	270	269	29
0.1	272	271	29
0.1	273	556	29
0.1	275	274	29
0.1	277	276	29
0.1	278	559	29
0.1	560	558	29
0.1	561	557	29
0.1	562	555	29
0.1	279	563	28
0.1	280	564	28
0.1	284	283	28
0.1	286	285	28
0.1	567	566	28
0.1	568	282	28
0.1	569	281	28
0.1	287	570	28
0.1	571	565	28
0.1	572	268	28
0.1	573	554	28
0.1	289	288	3
0.1	575	574	3
0.1	290	576	3
0.1	577	525	3
0.1	578	406	3
