1	0	0	1
1	0	0	1
1	0	0	1
1	0	0	2
1	0	0	2
1	0	0	2
1	0	0	2
1	0	0	2
1	0	0	2
1	0	0	2
1	0	0	2
1	0	0	2
1	0	0	2
1	0	0	1
1	0	0	1
1	0	0	1
1	0	0	1
1	0	0	1
1	0	0	1
1	0	0	3
1	0	0	3
1	0	0	4
1	0	0	4
1	0	0	4
1	0	0	4
1	0	0	4
1	0	0	4
1	0	0	4
1	0	0	4
1	0	0	4
1	0	0	4
1	0	0	3
1	0	0	3
1	0	0	3
1	0	0	3
1	0	0	3
1	0	0	3
1	0	0	3
1	0	0	3
1	0	0	1
1	0	0	5
1	0	0	5
1	0	0	5
1	0	0	5
1	0	0	5
1	0	0	6
1	0	0	6
1	0	0	6
1	0	0	6
1	0	0	6
1	0	0	6
1	0	0	6
1	0	0	6
1	0	0	6
1	0	0	6
1	0	0	5
1	0	0	5
1	0	0	7
1	0	0	7
1	0	0	7
1	0	0	7
1	0	0	7
1	0	0	7
1	0	0	7
1	0	0	7
1	0	0	7
1	0	0	7
1	0	0	8
1	0	0	8
1	0	0	8
1	0	0	8
1	0	0	8
1	0	0	8
1	0	0	8
1	0	0	8
1	0	0	8
1	0	0	8
1	0	0	5
1	0	0	5
1	0	0	9
1	0	0	9
1	0	0	9
1	0	0	9
1	0	0	9
1	0	0	9
1	0	0	9
1	0	0	10
1	0	0	10
1	0	0	10
1	0	0	10
1	0	0	10
1	0	0	11
1	0	0	11
1	0	0	11
1	0	0	11
1	0	0	11
1	0	0	11
1	0	0	11
1	0	0	11
1	0	0	11
1	0	0	11
1	0	0	10
1	0	0	10
1	0	0	10
1	0	0	10
1	0	0	10
1	0	0	12
1	0	0	12
1	0	0	12
1	0	0	12
1	0	0	12
1	0	0	12
1	0	0	12
1	0	0	12
1	0	0	12
1	0	0	12
1	0	0	13
1	0	0	13
1	0	0	13
1	0	0	13
1	0	0	13
1	0	0	13
1	0	0	13
1	0	0	13
1	0	0	13
1	0	0	13
1	0	0	9
1	0	0	9
1	0	0	9
1	0	0	14
1	0	0	14
1	0	0	14
1	0	0	14
1	0	0	14
1	0	0	14
1	0	0	14
1	0	0	14
1	0	0	14
1	0	0	14
1	0	0	15
1	0	0	15
1	0	0	16
1	0	0	16
1	0	0	16
1	0	0	16
1	0	0	16
1	0	0	16
1	0	0	16
1	0	0	16
1	0	0	16
1	0	0	16
1	0	0	15
1	0	0	15
1	0	0	15
1	0	0	15
1	0	0	15
1	0	0	15
1	0	0	15
1	0	0	15
1	0	0	17
1	0	0	17
1	0	0	17
1	0	0	18
1	0	0	18
1	0	0	18
1	0	0	18
1	0	0	18
1	0	0	18
1	0	0	18
1	0	0	18
1	0	0	18
1	0	0	18
1	0	0	17
1	0	0	17
1	0	0	17
1	0	0	19
1	0	0	19
1	0	0	19
1	0	0	19
1	0	0	19
1	0	0	19
1	0	0	19
1	0	0	19
1	0	0	19
1	0	0	19
1	0	0	17
1	0	0	17
1	0	0	17
1	0	0	17
1	0	0	5
1	0	0	20
1	0	0	20
1	0	0	21
1	0	0	22
1	0	0	22
1	0	0	22
1	0	0	22
1	0	0	22
1	0	0	22
1	0	0	22
1	0	0	22
1	0	0	22
1	0	0	22
1	0	0	21
1	0	0	21
1	0	0	21
1	0	0	21
1	0	0	23
1	0	0	23
1	0	0	23
1	0	0	23
1	0	0	23
1	0	0	23
1	0	0	23
1	0	0	23
1	0	0	23
1	0	0	24
1	0	0	24
1	0	0	24
1	0	0	24
1	0	0	24
1	0	0	24
1	0	0	24
1	0	0	24
1	0	0	24
1	0	0	24
1	0	0	23
1	0	0	25
1	0	0	26
1	0	0	26
1	0	0	26
1	0	0	26
1	0	0	26
1	0	0	27
1	0	0	27
1	0	0	27
1	0	0	27
1	0	0	27
1	0	0	27
1	0	0	27
1	0	0	27
1	0	0	27
1	0	0	27
1	0	0	26
1	0	0	26
1	0	0	26
1	0	0	26
1	0	0	26
1	0	0	25
1	0	0	25
1	0	0	28
1	0	0	28
1	0	0	28
1	0	0	28
1	0	0	28
1	0	0	28
1	0	0	28
1	0	0	28
1	0	0	28
1	0	0	28
1	0	0	29
1	0	0	29
1	0	0	29
1	0	0	29
1	0	0	29
1	0	0	29
1	0	0	29
1	0	0	29
1	0	0	29
1	0	0	29
1	0	0	25
1	0	0	25
1	0	0	25
1	0	0	25
1	0	0	25
1	0	0	25
1	0	0	25
1	0	0	21
1	0	0	21
1	0	0	21
1	0	0	21
1	0	0	21
1	0	0	20
1	0	0	20
1	0	0	30
1	0	0	30
1	0	0	30
1	0	0	30
1	0	0	30
1	0	0	30
1	0	0	30
1	0	0	30
1	0	0	30
1	0	0	30
1	0	0	20
1	0	0	20
1	0	0	20
1	0	0	20
1	0	0	20
1	0	0	20
0.1	2	1	1
0.1	3	301	1
0.1	7	6	2
0.1	303	5	2
0.1	9	8	2
0.1	10	305	2
0.1	11	306	2
0.1	307	304	2
0.1	13	12	2
0.1	309	308	2
0.1	310	4	2
0.1	14	311	1
0.1	312	302	1
0.1	16	15	1
0.1	18	17	1
0.1	315	314	1
0.1	316	313	1
0.1	19	317	1
0.1	21	20	3
0.1	24	23	4
0.1	26	25	4
0.1	321	320	4
0.1	322	22	4
0.1	30	29	4
0.1	324	28	4
0.1	31	325	4
0.1	326	27	4
0.1	327	323	4
0.1	34	33	3
0.1	36	35	3
0.1	330	329	3
0.1	331	32	3
0.1	39	38	3
0.1	333	37	3
0.1	334	332	3
0.1	335	328	3
0.1	336	319	3
0.1	40	337	1
0.1	338	318	1
0.1	44	43	5
0.1	340	42	5
0.1	341	41	5
0.1	49	48	6
0.1	343	47	6
0.1	51	50	6
0.1	55	54	6
0.1	346	53	6
0.1	347	52	6
0.1	348	345	6
0.1	349	344	6
0.1	350	46	6
0.1	351	45	5
0.1	352	342	5
0.1	353	339	5
0.1	56	354	5
0.1	60	59	7
0.1	356	58	7
0.1	62	61	7
0.1	64	63	7
0.1	66	65	7
0.1	67	360	7
0.1	361	359	7
0.1	362	358	7
0.1	363	357	7
0.1	70	69	8
0.1	365	68	8
0.1	73	72	8
0.1	75	74	8
0.1	368	367	8
0.1	369	71	8
0.1	370	366	8
0.1	77	76	8
0.1	372	371	8
0.1	373	364	5
0.1	374	57	5
0.1	375	355	5
0.1	84	83	9
0.1	377	82	9
0.1	378	81	9
0.1	85	379	9
0.1	88	87	10
0.1	90	89	10
0.1	91	382	10
0.1	383	381	10
0.1	96	95	11
0.1	385	94	11
0.1	386	93	11
0.1	387	92	11
0.1	98	97	11
0.1	101	100	11
0.1	390	99	11
0.1	391	389	11
0.1	392	388	11
0.1	103	102	10
0.1	104	394	10
0.1	395	393	10
0.1	106	105	10
0.1	109	108	12
0.1	398	107	12
0.1	110	399	12
0.1	113	112	12
0.1	401	111	12
0.1	115	114	12
0.1	116	403	12
0.1	404	402	12
0.1	405	400	12
0.1	406	397	10
0.1	407	396	10
0.1	408	384	10
0.1	118	117	13
0.1	122	121	13
0.1	411	120	13
0.1	124	123	13
0.1	413	412	13
0.1	414	119	13
0.1	415	410	13
0.1	126	125	13
0.1	417	416	13
0.1	418	409	13
0.1	419	86	9
0.1	420	380	9
0.1	128	127	9
0.1	129	422	9
0.1	423	421	9
0.1	424	80	9
0.1	132	131	14
0.1	133	426	14
0.1	427	130	14
0.1	136	135	14
0.1	429	134	14
0.1	430	428	14
0.1	137	431	14
0.1	139	138	14
0.1	433	432	14
0.1	434	425	14
0.1	144	143	16
0.1	436	142	16
0.1	148	147	16
0.1	151	150	16
0.1	439	149	16
0.1	440	438	16
0.1	441	146	16
0.1	442	145	16
0.1	443	437	16
0.1	444	141	15
0.1	445	140	15
0.1	156	155	15
0.1	447	154	15
0.1	448	153	15
0.1	449	152	15
0.1	158	157	15
0.1	159	451	15
0.1	452	450	15
0.1	453	446	15
0.1	454	435	15
0.1	161	160	17
0.1	164	163	18
0.1	166	165	18
0.1	458	457	18
0.1	171	170	18
0.1	460	169	18
0.1	461	168	18
0.1	172	462	18
0.1	463	167	18
0.1	464	459	18
0.1	174	173	17
0.1	466	465	17
0.1	467	162	17
0.1	468	456	17
0.1	178	177	19
0.1	470	176	19
0.1	179	471	19
0.1	182	181	19
0.1	184	183	19
0.1	474	473	19
0.1	475	180	19
0.1	185	476	19
0.1	477	472	19
0.1	186	478	17
0.1	188	187	17
0.1	480	479	17
0.1	189	481	17
0.1	482	175	17
0.1	483	469	17
0.1	484	455	15
0.1	190	485	5
0.1	486	79	5
0.1	487	78	5
0.1	192	191	20
0.1	195	194	22
0.1	201	200	22
0.1	202	491	22
0.1	492	199	22
0.1	203	493	22
0.1	494	198	22
0.1	495	197	22
0.1	496	196	22
0.1	497	490	22
0.1	207	206	21
0.1	499	205	21
0.1	500	204	21
0.1	501	498	21
0.1	502	193	21
0.1	211	210	23
0.1	213	212	23
0.1	214	505	23
0.1	506	504	23
0.1	507	209	23
0.1	508	208	23
0.1	216	215	23
0.1	221	220	24
0.1	511	219	24
0.1	223	222	24
0.1	513	512	24
0.1	514	218	24
0.1	225	224	24
0.1	226	516	24
0.1	517	515	24
0.1	518	217	24
0.1	519	510	23
0.1	227	520	23
0.1	521	509	23
0.1	232	231	26
0.1	523	230	26
0.1	233	524	26
0.1	525	229	26
0.1	237	236	27
0.1	238	527	27
0.1	239	528	27
0.1	529	235	27
0.1	240	530	27
0.1	241	531	27
0.1	243	242	27
0.1	533	532	27
0.1	534	234	27
0.1	246	245	26
0.1	247	536	26
0.1	537	244	26
0.1	248	538	26
0.1	539	535	26
0.1	540	526	26
0.1	541	228	25
0.1	249	542	25
0.1	252	251	28
0.1	254	253	28
0.1	545	544	28
0.1	257	256	28
0.1	547	255	28
0.1	548	546	28
0.1	260	259	28
0.1	550	258	28
0.1	551	549	28
0.1	263	262	29
0.1	553	261	29
0.1	554	552	29
0.1	267	266	29
0.1	556	265	29
0.1	270	269	29
0.1	558	268	29
0.1	559	557	29
0.1	560	264	29
0.1	561	555	29
0.1	562	250	25
0.1	272	271	25
0.1	564	563	25
0.1	274	273	25
0.1	277	276	25
0.1	567	275	25
0.1	568	566	25
0.1	569	565	25
0.1	570	543	25
0.1	280	279	21
0.1	572	278	21
0.1	573	571	21
0.1	574	522	21
0.1	575	503	21
0.1	282	281	21
0.1	577	576	21
0.1	284	283	20
0.1	290	289	30
0.1	580	288	30
0.1	581	287	30
0.1	291	582	30
0.1	583	286	30
0.1	294	293	30
0.1	585	292	30
0.1	586	584	30
0.1	587	285	30
0.1	296	295	20
0.1	589	588	20
0.1	299	298	20
0.1	591	297	20
0.1	300	592	20
0.1	593	590	20
0.1	594	579	20
0.1	595	578	20
0.1	596	489	20
0.1	597	488	5
0.1	598	376	5
