1	0	0	1
1	0	0	2
1	0	0	2
1	0	0	2
1	0	0	2
1	0	0	2
1	0	0	3
1	0	0	3
1	0	0	3
1	0	0	3
1	0	0	3
1	0	0	1
1	0	0	1
1	0	0	1
1	0	0	1
1	0	0	4
1	0	0	4
1	0	0	4
1	0	0	4
1	0	0	4
1	0	0	5
1	0	0	5
1	0	0	5
1	0	0	6
1	0	0	6
1	0	0	6
1	0	0	6
1	0	0	6
1	0	0	7
1	0	0	7
1	0	0	7
1	0	0	7
1	0	0	7
1	0	0	8
1	0	0	8
1	0	0	8
1	0	0	8
1	0	0	8
1	0	0	9
1	0	0	9
1	0	0	9
1	0	0	9
1	0	0	9
1	0	0	10
1	0	0	10
1	0	0	10
1	0	0	10
1	0	0	10
1	0	0	11
1	0	0	12
1	0	0	12
1	0	0	12
1	0	0	12
1	0	0	12
1	0	0	13
1	0	0	13
1	0	0	13
1	0	0	13
1	0	0	13
1	0	0	14
1	0	0	14
1	0	0	14
1	0	0	14
1	0	0	14
1	0	0	11
1	0	0	11
1	0	0	11
1	0	0	11
1	0	0	15
1	0	0	16
1	0	0	16
1	0	0	16
1	0	0	16
1	0	0	16
1	0	0	15
1	0	0	15
1	0	0	15
1	0	0	15
1	0	0	17
1	0	0	17
1	0	0	17
1	0	0	17
1	0	0	17
1	0	0	18
1	0	0	18
1	0	0	18
1	0	0	18
1	0	0	18
1	0	0	19
1	0	0	19
1	0	0	19
1	0	0	19
1	0	0	19
1	0	0	5
1	0	0	5
1	0	0	20
1	0	0	20
1	0	0	20
1	0	0	20
1	0	0	21
1	0	0	21
1	0	0	21
1	0	0	21
1	0	0	21
1	0	0	20
1	0	0	22
1	0	0	23
1	0	0	24
1	0	0	24
1	0	0	24
1	0	0	24
1	0	0	24
1	0	0	25
1	0	0	25
1	0	0	25
1	0	0	25
1	0	0	25
1	0	0	23
1	0	0	23
1	0	0	23
1	0	0	26
1	0	0	26
1	0	0	26
1	0	0	26
1	0	0	26
1	0	0	27
1	0	0	27
1	0	0	27
1	0	0	27
1	0	0	27
1	0	0	28
1	0	0	28
1	0	0	28
1	0	0	28
1	0	0	28
1	0	0	23
1	0	0	29
1	0	0	29
1	0	0	29
1	0	0	29
1	0	0	30
1	0	0	30
1	0	0	30
1	0	0	30
1	0	0	30
1	0	0	31
1	0	0	31
1	0	0	31
1	0	0	31
1	0	0	31
1	0	0	32
1	0	0	32
1	0	0	32
1	0	0	32
1	0	0	32
1	0	0	29
1	0	0	33
1	0	0	33
1	0	0	33
1	0	0	33
1	0	0	33
1	0	0	34
1	0	0	35
1	0	0	35
1	0	0	35
1	0	0	35
1	0	0	35
1	0	0	36
1	0	0	36
1	0	0	36
1	0	0	36
1	0	0	36
1	0	0	37
1	0	0	37
1	0	0	37
1	0	0	37
1	0	0	37
1	0	0	38
1	0	0	38
1	0	0	38
1	0	0	38
1	0	0	38
1	0	0	34
1	0	0	34
1	0	0	34
1	0	0	34
1	0	0	39
1	0	0	39
1	0	0	39
1	0	0	39
1	0	0	39
1	0	0	40
1	0	0	40
1	0	0	40
1	0	0	40
1	0	0	41
1	0	0	41
1	0	0	41
1	0	0	41
1	0	0	41
1	0	0	40
1	0	0	42
1	0	0	42
1	0	0	42
1	0	0	42
1	0	0	42
1	0	0	43
1	0	0	43
1	0	0	43
1	0	0	43
1	0	0	43
1	0	0	44
1	0	0	44
1	0	0	44
1	0	0	44
1	0	0	44
1	0	0	45
1	0	0	45
1	0	0	45
1	0	0	45
1	0	0	45
1	0	0	46
1	0	0	46
1	0	0	46
1	0	0	46
1	0	0	46
1	0	0	47
1	0	0	47
1	0	0	47
1	0	0	47
1	0	0	47
1	0	0	48
1	0	0	48
1	0	0	48
1	0	0	48
1	0	0	48
1	0	0	22
1	0	0	49
1	0	0	49
1	0	0	49
1	0	0	49
1	0	0	49
1	0	0	22
1	0	0	22
1	0	0	22
1	0	0	50
1	0	0	50
1	0	0	50
1	0	0	50
1	0	0	50
1	0	0	51
1	0	0	51
1	0	0	51
1	0	0	51
1	0	0	52
1	0	0	53
1	0	0	53
1	0	0	53
1	0	0	53
1	0	0	53
1	0	0	52
1	0	0	52
1	0	0	52
1	0	0	52
1	0	0	51
1	0	0	54
1	0	0	54
1	0	0	54
1	0	0	54
1	0	0	54
1	0	0	55
1	0	0	55
1	0	0	56
1	0	0	56
1	0	0	56
1	0	0	56
1	0	0	56
1	0	0	55
1	0	0	55
1	0	0	55
1	0	0	57
1	0	0	57
1	0	0	58
1	0	0	58
1	0	0	58
1	0	0	58
1	0	0	58
1	0	0	59
1	0	0	59
1	0	0	59
1	0	0	59
1	0	0	59
1	0	0	60
1	0	0	60
1	0	0	60
1	0	0	60
1	0	0	60
1	0	0	57
1	0	0	61
1	0	0	61
1	0	0	61
1	0	0	61
1	0	0	61
1	0	0	62
1	0	0	62
1	0	0	62
1	0	0	62
1	0	0	62
1	0	0	63
1	0	0	63
1	0	0	63
1	0	0	63
1	0	0	63
1	0	0	57
1	0	0	57
0.1	4	3	2
0.1	316	2	2
0.1	6	5	2
0.1	318	317	2
0.1	319	1	1
0.1	9	8	3
0.1	10	321	3
0.1	322	7	3
0.1	323	320	3
0.1	11	324	3
0.1	14	13	1
0.1	326	12	1
0.1	15	327	1
0.1	328	325	22
0.1	17	16	4
0.1	19	18	4
0.1	20	331	4
0.1	332	330	4
0.1	23	22	5
0.1	334	21	5
0.1	27	26	6
0.1	336	25	6
0.1	337	24	6
0.1	30	29	7
0.1	32	31	7
0.1	36	35	8
0.1	341	34	8
0.1	38	37	8
0.1	343	342	8
0.1	344	33	7
0.1	345	340	7
0.1	346	339	7
0.1	347	28	6
0.1	348	338	6
0.1	40	39	9
0.1	42	41	9
0.1	43	351	9
0.1	352	350	9
0.1	46	45	10
0.1	47	354	10
0.1	355	44	10
0.1	48	356	10
0.1	357	353	10
0.1	358	349	6
0.1	49	359	11
0.1	54	53	12
0.1	361	52	12
0.1	362	51	12
0.1	363	50	12
0.1	57	56	13
0.1	365	55	13
0.1	58	366	13
0.1	367	364	13
0.1	62	61	14
0.1	369	60	14
0.1	64	63	14
0.1	371	370	14
0.1	372	59	13
0.1	373	368	13
0.1	68	67	11
0.1	375	66	11
0.1	376	65	11
0.1	377	374	11
0.1	73	72	16
0.1	379	71	16
0.1	74	380	16
0.1	381	70	16
0.1	382	69	15
0.1	76	75	15
0.1	78	77	15
0.1	385	384	15
0.1	81	80	17
0.1	83	82	17
0.1	388	387	17
0.1	389	79	17
0.1	85	84	18
0.1	88	87	18
0.1	392	86	18
0.1	393	391	18
0.1	394	390	18
0.1	395	386	15
0.1	396	383	15
0.1	397	378	11
0.1	398	360	11
0.1	91	90	19
0.1	400	89	19
0.1	93	92	19
0.1	402	401	19
0.1	403	399	11
0.1	404	335	5
0.1	94	405	5
0.1	95	406	5
0.1	98	97	20
0.1	408	96	20
0.1	104	103	21
0.1	410	102	21
0.1	411	101	21
0.1	412	100	21
0.1	105	413	20
0.1	414	99	20
0.1	415	409	20
0.1	416	407	4
0.1	417	333	4
0.1	418	329	22
0.1	111	110	24
0.1	420	109	24
0.1	112	421	24
0.1	422	108	24
0.1	113	423	25
0.1	117	116	25
0.1	425	115	25
0.1	426	114	25
0.1	427	424	25
0.1	118	428	23
0.1	120	119	23
0.1	122	121	26
0.1	125	124	26
0.1	432	123	26
0.1	433	431	26
0.1	434	430	23
0.1	435	429	23
0.1	436	107	23
0.1	437	106	22
0.1	130	129	27
0.1	439	128	27
0.1	440	127	27
0.1	441	126	27
0.1	442	438	22
0.1	443	419	22
0.1	132	131	28
0.1	135	134	28
0.1	446	133	28
0.1	447	445	28
0.1	138	137	29
0.1	140	139	29
0.1	450	449	29
0.1	144	143	30
0.1	145	452	30
0.1	453	142	30
0.1	454	141	30
0.1	148	147	31
0.1	456	146	31
0.1	150	149	31
0.1	458	457	31
0.1	152	151	32
0.1	460	459	32
0.1	155	154	32
0.1	462	153	32
0.1	463	461	32
0.1	464	455	30
0.1	465	451	29
0.1	156	466	29
0.1	159	158	33
0.1	468	157	33
0.1	161	160	33
0.1	470	469	33
0.1	162	471	34
0.1	164	163	35
0.1	165	473	35
0.1	167	166	35
0.1	475	474	35
0.1	170	169	36
0.1	477	168	36
0.1	172	171	36
0.1	479	478	36
0.1	480	476	36
0.1	175	174	37
0.1	176	482	37
0.1	483	173	37
0.1	177	484	37
0.1	178	485	38
0.1	180	179	38
0.1	182	181	38
0.1	488	487	38
0.1	489	486	38
0.1	184	183	34
0.1	186	185	34
0.1	492	491	34
0.1	493	490	34
0.1	189	188	39
0.1	190	495	39
0.1	496	187	39
0.1	191	497	39
0.1	193	192	40
0.1	195	194	40
0.1	500	499	40
0.1	199	198	41
0.1	200	502	41
0.1	503	197	41
0.1	504	196	41
0.1	201	505	40
0.1	506	501	40
0.1	507	498	34
0.1	508	494	34
0.1	509	481	34
0.1	510	472	34
0.1	511	467	34
0.1	204	203	42
0.1	205	513	42
0.1	514	202	42
0.1	208	207	43
0.1	210	209	43
0.1	214	213	44
0.1	518	212	44
0.1	216	215	44
0.1	520	519	44
0.1	521	211	43
0.1	522	517	43
0.1	523	516	43
0.1	524	206	42
0.1	525	515	42
0.1	218	217	45
0.1	220	219	45
0.1	221	528	45
0.1	529	527	45
0.1	226	225	46
0.1	531	224	46
0.1	532	223	46
0.1	533	222	46
0.1	534	530	42
0.1	535	526	42
0.1	536	512	42
0.1	230	229	47
0.1	231	538	47
0.1	539	228	47
0.1	540	227	47
0.1	541	537	47
0.1	542	136	23
0.1	543	448	28
0.1	233	232	48
0.1	236	235	48
0.1	546	234	48
0.1	547	545	48
0.1	239	238	49
0.1	241	240	49
0.1	550	549	49
0.1	242	551	49
0.1	552	237	22
0.1	244	243	22
0.1	248	247	50
0.1	250	249	50
0.1	556	555	50
0.1	557	246	50
0.1	252	251	51
0.1	253	559	51
0.1	560	558	51
0.1	259	258	53
0.1	260	562	53
0.1	563	257	53
0.1	564	256	53
0.1	261	565	52
0.1	566	255	52
0.1	263	262	52
0.1	264	568	52
0.1	569	567	52
0.1	570	254	51
0.1	265	571	51
0.1	572	561	51
0.1	573	245	22
0.1	268	267	54
0.1	270	269	54
0.1	576	575	54
0.1	577	266	54
0.1	272	271	55
0.1	275	274	56
0.1	277	276	56
0.1	581	580	56
0.1	582	273	56
0.1	279	278	55
0.1	280	584	55
0.1	585	583	55
0.1	586	579	55
0.1	282	281	57
0.1	588	587	57
0.1	285	284	58
0.1	286	590	58
0.1	290	289	59
0.1	592	288	59
0.1	292	291	59
0.1	594	593	59
0.1	296	295	60
0.1	596	294	60
0.1	297	597	60
0.1	598	293	60
0.1	599	595	58
0.1	600	287	58
0.1	601	591	58
0.1	602	283	58
0.1	298	603	57
0.1	604	589	57
0.1	302	301	61
0.1	606	300	61
0.1	303	607	61
0.1	608	299	61
0.1	307	306	62
0.1	308	610	62
0.1	611	305	62
0.1	612	304	62
0.1	613	609	57
0.1	614	605	57
0.1	615	578	57
0.1	311	310	63
0.1	617	309	63
0.1	313	312	63
0.1	619	618	63
0.1	315	314	57
0.1	621	620	57
0.1	622	616	57
0.1	623	574	22
0.1	624	554	22
0.1	625	553	22
0.1	626	548	22
0.1	627	544	22
0.1	628	444	22
