1	0	0	1
1	0	0	1
1	0	0	1
1	0	0	1
1	0	0	1
1	0	0	1
1	0	0	1
1	0	0	1
1	0	0	1
1	0	0	1
1	0	0	1
1	0	0	1
1	0	0	1
1	0	0	1
1	0	0	1
1	0	0	1
1	0	0	2
1	0	0	2
1	0	0	2
1	0	0	2
1	0	0	2
1	0	0	2
1	0	0	2
1	0	0	2
1	0	0	2
1	0	0	2
1	0	0	2
1	0	0	2
1	0	0	2
1	0	0	2
1	0	0	2
1	0	0	2
1	0	0	2
1	0	0	2
1	0	0	2
1	0	0	2
1	0	0	1
1	0	0	1
1	0	0	1
1	0	0	1
1	0	0	3
1	0	0	3
1	0	0	3
1	0	0	3
1	0	0	3
1	0	0	3
1	0	0	3
1	0	0	3
1	0	0	3
1	0	0	4
1	0	0	4
1	0	0	4
1	0	0	5
1	0	0	5
1	0	0	5
1	0	0	5
1	0	0	5
1	0	0	5
1	0	0	5
1	0	0	5
1	0	0	5
1	0	0	5
1	0	0	5
1	0	0	5
1	0	0	5
1	0	0	5
1	0	0	5
1	0	0	5
1	0	0	5
1	0	0	5
1	0	0	5
1	0	0	5
1	0	0	4
1	0	0	4
1	0	0	4
1	0	0	4
1	0	0	4
1	0	0	4
1	0	0	4
1	0	0	4
1	0	0	4
1	0	0	4
1	0	0	4
1	0	0	4
1	0	0	4
1	0	0	4
1	0	0	4
1	0	0	4
1	0	0	4
1	0	0	6
1	0	0	6
1	0	0	6
1	0	0	6
1	0	0	6
1	0	0	6
1	0	0	6
1	0	0	6
1	0	0	7
1	0	0	7
1	0	0	7
1	0	0	7
1	0	0	7
1	0	0	7
1	0	0	7
1	0	0	7
1	0	0	7
1	0	0	7
1	0	0	8
1	0	0	8
1	0	0	8
1	0	0	8
1	0	0	8
1	0	0	8
1	0	0	8
1	0	0	8
1	0	0	8
1	0	0	8
1	0	0	8
1	0	0	8
1	0	0	8
1	0	0	8
1	0	0	8
1	0	0	8
1	0	0	8
1	0	0	8
1	0	0	8
1	0	0	8
1	0	0	7
1	0	0	7
1	0	0	7
1	0	0	7
1	0	0	7
1	0	0	7
1	0	0	7
1	0	0	7
1	0	0	7
1	0	0	7
1	0	0	6
1	0	0	6
1	0	0	6
1	0	0	6
1	0	0	6
1	0	0	6
1	0	0	6
1	0	0	6
1	0	0	6
1	0	0	6
1	0	0	6
1	0	0	6
1	0	0	3
1	0	0	3
1	0	0	3
1	0	0	3
1	0	0	3
1	0	0	3
1	0	0	3
1	0	0	3
1	0	0	3
1	0	0	3
1	0	0	3
1	0	0	9
1	0	0	9
1	0	0	9
1	0	0	9
1	0	0	9
1	0	0	9
1	0	0	9
1	0	0	9
1	0	0	9
1	0	0	9
1	0	0	9
1	0	0	9
1	0	0	9
1	0	0	9
1	0	0	9
1	0	0	9
1	0	0	9
1	0	0	9
1	0	0	9
1	0	0	9
1	0	0	10
1	0	0	10
1	0	0	10
1	0	0	10
1	0	0	10
1	0	0	10
1	0	0	10
1	0	0	10
1	0	0	10
1	0	0	10
1	0	0	10
1	0	0	10
1	0	0	10
1	0	0	10
1	0	0	10
1	0	0	10
1	0	0	11
1	0	0	11
1	0	0	11
1	0	0	11
1	0	0	11
1	0	0	11
1	0	0	11
1	0	0	11
1	0	0	11
1	0	0	11
1	0	0	11
1	0	0	11
1	0	0	11
1	0	0	11
1	0	0	11
1	0	0	11
1	0	0	11
1	0	0	11
1	0	0	11
1	0	0	11
1	0	0	12
1	0	0	12
1	0	0	12
1	0	0	12
1	0	0	13
1	0	0	13
1	0	0	13
1	0	0	13
1	0	0	13
1	0	0	13
1	0	0	13
1	0	0	13
1	0	0	13
1	0	0	13
1	0	0	13
1	0	0	13
1	0	0	13
1	0	0	13
1	0	0	13
1	0	0	13
1	0	0	13
1	0	0	13
1	0	0	13
1	0	0	13
1	0	0	14
1	0	0	14
1	0	0	15
1	0	0	15
1	0	0	15
1	0	0	15
1	0	0	15
1	0	0	15
1	0	0	15
1	0	0	15
1	0	0	15
1	0	0	15
1	0	0	15
1	0	0	15
1	0	0	15
1	0	0	15
1	0	0	15
1	0	0	15
1	0	0	15
1	0	0	15
1	0	0	15
1	0	0	15
1	0	0	16
1	0	0	16
1	0	0	16
1	0	0	16
1	0	0	16
1	0	0	16
1	0	0	16
1	0	0	16
1	0	0	16
1	0	0	16
1	0	0	16
1	0	0	16
1	0	0	16
1	0	0	16
1	0	0	16
1	0	0	16
1	0	0	16
1	0	0	16
1	0	0	16
1	0	0	16
1	0	0	14
1	0	0	14
1	0	0	14
1	0	0	14
1	0	0	14
1	0	0	14
1	0	0	14
1	0	0	14
1	0	0	14
1	0	0	14
1	0	0	14
1	0	0	14
1	0	0	14
1	0	0	14
1	0	0	14
1	0	0	14
1	0	0	14
1	0	0	14
1	0	0	17
1	0	0	17
1	0	0	18
1	0	0	18
1	0	0	18
1	0	0	18
1	0	0	18
1	0	0	18
1	0	0	18
1	0	0	18
1	0	0	18
1	0	0	18
1	0	0	18
1	0	0	18
1	0	0	18
1	0	0	18
1	0	0	18
1	0	0	18
1	0	0	18
1	0	0	18
1	0	0	18
1	0	0	18
1	0	0	17
1	0	0	17
1	0	0	17
1	0	0	17
1	0	0	17
1	0	0	17
1	0	0	17
1	0	0	17
1	0	0	17
1	0	0	17
1	0	0	17
1	0	0	17
1	0	0	17
1	0	0	17
1	0	0	17
1	0	0	17
1	0	0	17
1	0	0	19
1	0	0	19
1	0	0	19
1	0	0	19
1	0	0	19
1	0	0	19
1	0	0	19
1	0	0	19
1	0	0	19
1	0	0	19
1	0	0	19
1	0	0	19
1	0	0	19
1	0	0	19
1	0	0	19
1	0	0	19
1	0	0	19
1	0	0	19
1	0	0	19
1	0	0	19
1	0	0	17
1	0	0	20
1	0	0	20
1	0	0	12
1	0	0	12
1	0	0	21
1	0	0	21
1	0	0	21
1	0	0	21
1	0	0	21
1	0	0	21
1	0	0	21
1	0	0	21
1	0	0	21
1	0	0	21
1	0	0	21
1	0	0	21
1	0	0	21
1	0	0	21
1	0	0	21
1	0	0	21
1	0	0	21
1	0	0	21
1	0	0	21
1	0	0	21
1	0	0	22
1	0	0	22
1	0	0	22
1	0	0	22
1	0	0	22
1	0	0	22
1	0	0	22
1	0	0	22
1	0	0	22
1	0	0	22
1	0	0	22
1	0	0	22
1	0	0	22
1	0	0	22
1	0	0	22
1	0	0	22
1	0	0	22
1	0	0	22
1	0	0	22
1	0	0	22
1	0	0	23
1	0	0	23
1	0	0	23
1	0	0	23
1	0	0	23
1	0	0	23
1	0	0	23
1	0	0	23
1	0	0	23
1	0	0	23
1	0	0	23
1	0	0	23
1	0	0	23
1	0	0	23
1	0	0	23
1	0	0	23
1	0	0	23
1	0	0	23
1	0	0	23
1	0	0	23
1	0	0	12
1	0	0	12
1	0	0	24
1	0	0	24
1	0	0	24
1	0	0	24
1	0	0	24
1	0	0	24
1	0	0	24
1	0	0	24
1	0	0	24
1	0	0	24
1	0	0	24
1	0	0	24
1	0	0	24
1	0	0	24
1	0	0	24
1	0	0	24
1	0	0	24
1	0	0	24
1	0	0	24
1	0	0	24
1	0	0	12
1	0	0	12
1	0	0	12
1	0	0	12
1	0	0	12
1	0	0	12
1	0	0	12
1	0	0	25
1	0	0	25
1	0	0	25
1	0	0	25
1	0	0	25
1	0	0	25
1	0	0	25
1	0	0	25
1	0	0	25
1	0	0	25
1	0	0	25
1	0	0	25
1	0	0	25
1	0	0	25
1	0	0	25
1	0	0	25
1	0	0	25
1	0	0	25
1	0	0	25
1	0	0	25
1	0	0	26
1	0	0	26
1	0	0	26
1	0	0	26
1	0	0	26
1	0	0	26
1	0	0	26
1	0	0	26
1	0	0	26
1	0	0	26
1	0	0	26
1	0	0	26
1	0	0	26
1	0	0	26
1	0	0	26
1	0	0	26
1	0	0	26
1	0	0	26
1	0	0	26
1	0	0	26
1	0	0	27
1	0	0	27
1	0	0	27
1	0	0	27
1	0	0	27
1	0	0	27
1	0	0	27
1	0	0	27
1	0	0	27
1	0	0	27
1	0	0	27
1	0	0	27
1	0	0	27
1	0	0	27
1	0	0	27
1	0	0	27
1	0	0	27
1	0	0	27
1	0	0	27
1	0	0	27
1	0	0	12
1	0	0	28
1	0	0	28
1	0	0	28
1	0	0	28
1	0	0	28
1	0	0	28
1	0	0	28
1	0	0	28
1	0	0	28
1	0	0	28
1	0	0	28
1	0	0	28
1	0	0	28
1	0	0	28
1	0	0	28
1	0	0	28
1	0	0	28
1	0	0	28
1	0	0	28
1	0	0	28
1	0	0	29
1	0	0	29
1	0	0	29
1	0	0	29
1	0	0	29
1	0	0	29
1	0	0	29
1	0	0	29
1	0	0	29
1	0	0	29
1	0	0	29
1	0	0	29
1	0	0	29
1	0	0	29
1	0	0	29
1	0	0	29
1	0	0	30
1	0	0	30
1	0	0	30
1	0	0	30
1	0	0	30
1	0	0	30
1	0	0	30
1	0	0	30
1	0	0	30
1	0	0	30
1	0	0	30
1	0	0	30
1	0	0	30
1	0	0	30
1	0	0	30
1	0	0	30
1	0	0	30
1	0	0	30
1	0	0	30
1	0	0	30
1	0	0	29
1	0	0	29
1	0	0	29
1	0	0	29
1	0	0	12
1	0	0	12
1	0	0	12
1	0	0	12
1	0	0	20
1	0	0	20
1	0	0	20
1	0	0	20
1	0	0	20
1	0	0	20
1	0	0	20
1	0	0	20
1	0	0	20
1	0	0	20
1	0	0	20
1	0	0	20
1	0	0	20
1	0	0	20
1	0	0	20
1	0	0	20
1	0	0	20
1	0	0	20
1	0	0	10
1	0	0	10
1	0	0	10
1	0	0	10
1	0	0	31
1	0	0	31
1	0	0	31
1	0	0	31
1	0	0	31
1	0	0	32
1	0	0	32
1	0	0	32
1	0	0	32
1	0	0	32
1	0	0	32
1	0	0	32
1	0	0	32
1	0	0	32
1	0	0	32
1	0	0	32
1	0	0	32
1	0	0	32
1	0	0	32
1	0	0	32
1	0	0	32
1	0	0	32
1	0	0	32
1	0	0	32
1	0	0	32
1	0	0	31
1	0	0	31
1	0	0	31
1	0	0	31
1	0	0	31
1	0	0	31
1	0	0	31
1	0	0	33
1	0	0	33
1	0	0	33
1	0	0	33
1	0	0	33
1	0	0	33
1	0	0	33
1	0	0	33
1	0	0	33
1	0	0	33
1	0	0	33
1	0	0	33
1	0	0	33
1	0	0	33
1	0	0	33
1	0	0	33
1	0	0	33
1	0	0	33
1	0	0	33
1	0	0	33
1	0	0	31
1	0	0	31
1	0	0	31
1	0	0	31
1	0	0	31
1	0	0	34
1	0	0	34
1	0	0	34
1	0	0	34
1	0	0	34
1	0	0	34
1	0	0	34
1	0	0	34
1	0	0	34
1	0	0	34
1	0	0	34
1	0	0	34
1	0	0	34
1	0	0	34
1	0	0	35
1	0	0	35
1	0	0	35
1	0	0	35
1	0	0	35
1	0	0	35
1	0	0	35
1	0	0	35
1	0	0	35
1	0	0	35
1	0	0	35
1	0	0	35
1	0	0	35
1	0	0	35
1	0	0	35
1	0	0	35
1	0	0	35
1	0	0	35
1	0	0	35
1	0	0	35
1	0	0	34
1	0	0	34
1	0	0	34
1	0	0	34
1	0	0	34
1	0	0	34
1	0	0	31
1	0	0	31
1	0	0	31
1	0	0	36
1	0	0	36
1	0	0	36
1	0	0	36
1	0	0	36
1	0	0	36
1	0	0	36
1	0	0	36
1	0	0	36
1	0	0	37
1	0	0	37
1	0	0	37
1	0	0	37
1	0	0	37
1	0	0	37
1	0	0	37
1	0	0	37
1	0	0	37
1	0	0	37
1	0	0	37
1	0	0	37
1	0	0	37
1	0	0	37
1	0	0	37
1	0	0	37
1	0	0	37
1	0	0	37
1	0	0	37
1	0	0	37
1	0	0	38
1	0	0	38
1	0	0	38
1	0	0	38
1	0	0	38
1	0	0	38
1	0	0	38
1	0	0	38
1	0	0	38
1	0	0	38
1	0	0	38
1	0	0	38
1	0	0	38
1	0	0	38
1	0	0	38
1	0	0	38
1	0	0	38
1	0	0	38
1	0	0	38
1	0	0	38
1	0	0	39
1	0	0	39
1	0	0	39
1	0	0	40
1	0	0	40
1	0	0	40
1	0	0	40
1	0	0	40
1	0	0	40
1	0	0	40
1	0	0	40
1	0	0	40
1	0	0	40
1	0	0	40
1	0	0	40
1	0	0	40
1	0	0	40
1	0	0	40
1	0	0	40
1	0	0	40
1	0	0	40
1	0	0	40
1	0	0	40
1	0	0	41
1	0	0	41
1	0	0	41
1	0	0	41
1	0	0	41
1	0	0	41
1	0	0	41
1	0	0	41
1	0	0	42
1	0	0	42
1	0	0	42
1	0	0	42
1	0	0	42
1	0	0	42
1	0	0	42
1	0	0	42
1	0	0	42
1	0	0	42
1	0	0	42
1	0	0	42
1	0	0	42
1	0	0	42
1	0	0	42
1	0	0	42
1	0	0	42
1	0	0	42
1	0	0	42
1	0	0	42
1	0	0	41
1	0	0	41
1	0	0	41
1	0	0	41
1	0	0	41
1	0	0	41
1	0	0	41
1	0	0	41
1	0	0	41
1	0	0	41
1	0	0	41
1	0	0	41
1	0	0	43
1	0	0	43
1	0	0	43
1	0	0	43
1	0	0	43
1	0	0	43
1	0	0	44
1	0	0	44
1	0	0	44
1	0	0	44
1	0	0	44
1	0	0	44
1	0	0	44
1	0	0	44
1	0	0	44
1	0	0	44
1	0	0	44
1	0	0	45
1	0	0	45
1	0	0	45
1	0	0	45
1	0	0	45
1	0	0	45
1	0	0	45
1	0	0	45
1	0	0	45
1	0	0	45
1	0	0	45
1	0	0	45
1	0	0	45
1	0	0	45
1	0	0	45
1	0	0	45
1	0	0	45
1	0	0	45
1	0	0	45
1	0	0	45
1	0	0	44
1	0	0	44
1	0	0	44
1	0	0	44
1	0	0	44
1	0	0	44
1	0	0	44
1	0	0	44
1	0	0	44
1	0	0	43
1	0	0	43
1	0	0	43
1	0	0	43
1	0	0	43
1	0	0	46
1	0	0	46
1	0	0	46
1	0	0	46
1	0	0	46
1	0	0	46
1	0	0	46
1	0	0	46
1	0	0	46
1	0	0	46
1	0	0	46
1	0	0	46
1	0	0	46
1	0	0	46
1	0	0	46
1	0	0	46
1	0	0	46
1	0	0	46
1	0	0	46
1	0	0	46
1	0	0	39
1	0	0	39
1	0	0	39
1	0	0	39
1	0	0	39
1	0	0	39
1	0	0	39
1	0	0	39
1	0	0	39
1	0	0	39
1	0	0	39
1	0	0	43
1	0	0	43
1	0	0	43
1	0	0	43
1	0	0	43
1	0	0	43
1	0	0	47
1	0	0	47
1	0	0	47
1	0	0	47
1	0	0	47
1	0	0	43
1	0	0	47
1	0	0	47
1	0	0	47
1	0	0	47
1	0	0	47
1	0	0	47
1	0	0	47
1	0	0	47
1	0	0	47
1	0	0	47
1	0	0	47
1	0	0	47
1	0	0	47
1	0	0	47
1	0	0	47
1	0	0	43
1	0	0	43
1	0	0	48
1	0	0	48
1	0	0	48
1	0	0	48
1	0	0	48
1	0	0	48
1	0	0	48
1	0	0	48
1	0	0	48
1	0	0	48
1	0	0	48
1	0	0	48
1	0	0	48
1	0	0	48
1	0	0	48
1	0	0	48
1	0	0	48
1	0	0	48
1	0	0	48
1	0	0	48
1	0	0	49
1	0	0	49
1	0	0	49
1	0	0	50
1	0	0	50
1	0	0	50
1	0	0	50
1	0	0	50
1	0	0	50
1	0	0	50
1	0	0	50
1	0	0	50
1	0	0	50
1	0	0	50
1	0	0	50
1	0	0	50
1	0	0	50
1	0	0	50
1	0	0	50
1	0	0	50
1	0	0	50
1	0	0	50
1	0	0	50
1	0	0	49
1	0	0	49
1	0	0	49
1	0	0	49
1	0	0	49
1	0	0	49
1	0	0	49
1	0	0	49
1	0	0	49
1	0	0	49
1	0	0	49
1	0	0	49
1	0	0	49
1	0	0	49
1	0	0	49
1	0	0	49
1	0	0	49
1	0	0	39
1	0	0	39
1	0	0	39
1	0	0	39
1	0	0	39
1	0	0	39
1	0	0	51
1	0	0	51
1	0	0	51
1	0	0	51
1	0	0	51
1	0	0	51
1	0	0	51
1	0	0	51
1	0	0	51
1	0	0	51
1	0	0	51
1	0	0	51
1	0	0	51
1	0	0	51
1	0	0	51
1	0	0	51
1	0	0	51
1	0	0	51
1	0	0	51
1	0	0	51
1	0	0	52
1	0	0	52
1	0	0	52
1	0	0	52
1	0	0	52
1	0	0	52
1	0	0	52
1	0	0	52
1	0	0	52
1	0	0	52
1	0	0	52
1	0	0	52
1	0	0	52
1	0	0	52
1	0	0	52
1	0	0	52
1	0	0	52
1	0	0	52
1	0	0	52
1	0	0	52
1	0	0	53
1	0	0	53
1	0	0	53
1	0	0	53
1	0	0	53
1	0	0	53
1	0	0	53
1	0	0	53
1	0	0	53
1	0	0	53
1	0	0	53
1	0	0	53
1	0	0	53
1	0	0	53
1	0	0	53
1	0	0	53
1	0	0	54
1	0	0	54
1	0	0	54
1	0	0	54
1	0	0	54
1	0	0	54
1	0	0	54
1	0	0	54
1	0	0	54
1	0	0	54
1	0	0	54
1	0	0	54
1	0	0	54
1	0	0	54
1	0	0	54
1	0	0	54
1	0	0	54
1	0	0	54
1	0	0	54
1	0	0	54
1	0	0	53
1	0	0	53
1	0	0	53
1	0	0	53
1	0	0	55
1	0	0	55
1	0	0	55
1	0	0	55
1	0	0	55
1	0	0	55
1	0	0	55
1	0	0	55
1	0	0	55
1	0	0	55
1	0	0	55
1	0	0	55
1	0	0	55
1	0	0	55
1	0	0	55
1	0	0	55
1	0	0	55
1	0	0	55
1	0	0	55
1	0	0	55
1	0	0	56
1	0	0	56
1	0	0	56
1	0	0	56
1	0	0	56
1	0	0	56
1	0	0	56
1	0	0	36
1	0	0	36
1	0	0	36
1	0	0	36
1	0	0	36
1	0	0	36
1	0	0	36
1	0	0	56
1	0	0	56
1	0	0	56
1	0	0	56
1	0	0	56
1	0	0	56
1	0	0	57
1	0	0	57
1	0	0	57
1	0	0	57
1	0	0	57
1	0	0	57
1	0	0	57
1	0	0	57
1	0	0	57
1	0	0	57
1	0	0	57
1	0	0	57
1	0	0	57
1	0	0	57
1	0	0	57
1	0	0	57
1	0	0	57
1	0	0	57
1	0	0	57
1	0	0	57
1	0	0	58
1	0	0	58
1	0	0	58
1	0	0	58
1	0	0	58
1	0	0	58
1	0	0	58
1	0	0	58
1	0	0	58
1	0	0	58
1	0	0	58
1	0	0	58
1	0	0	58
1	0	0	58
1	0	0	58
1	0	0	58
1	0	0	58
1	0	0	58
1	0	0	58
1	0	0	58
1	0	0	56
1	0	0	56
1	0	0	59
1	0	0	59
1	0	0	59
1	0	0	59
1	0	0	59
1	0	0	59
1	0	0	59
1	0	0	59
1	0	0	59
1	0	0	59
1	0	0	59
1	0	0	59
1	0	0	59
1	0	0	59
1	0	0	59
1	0	0	59
1	0	0	59
1	0	0	59
1	0	0	59
1	0	0	59
1	0	0	56
1	0	0	56
1	0	0	56
1	0	0	56
1	0	0	56
1	0	0	36
1	0	0	36
1	0	0	60
1	0	0	60
1	0	0	60
1	0	0	60
1	0	0	60
1	0	0	60
1	0	0	60
1	0	0	60
1	0	0	60
1	0	0	60
1	0	0	60
1	0	0	60
1	0	0	60
1	0	0	60
1	0	0	60
1	0	0	60
1	0	0	60
1	0	0	60
1	0	0	60
1	0	0	60
1	0	0	36
1	0	0	36
0.1	4	3	1
0.1	1201	2	1
0.1	5	1202	1
0.1	7	6	1
0.1	8	1204	1
0.1	11	10	1
0.1	1206	9	1
0.1	1207	1205	1
0.1	1208	1203	1
0.1	1209	1	1
0.1	15	14	1
0.1	16	1211	1
0.1	1212	13	1
0.1	1213	12	1
0.1	18	17	2
0.1	20	19	2
0.1	22	21	2
0.1	1217	1216	2
0.1	1218	1215	2
0.1	24	23	2
0.1	1220	1219	2
0.1	28	27	2
0.1	1222	26	2
0.1	32	31	2
0.1	1224	30	2
0.1	1225	29	2
0.1	1226	1223	2
0.1	34	33	2
0.1	36	35	2
0.1	1229	1228	2
0.1	1230	1227	2
0.1	1231	25	2
0.1	1232	1221	2
0.1	37	1233	1
0.1	38	1234	1
0.1	39	1235	1
0.1	40	1236	1
0.1	1237	1214	1
0.1	1238	1210	1
0.1	42	41	3
0.1	44	43	3
0.1	46	45	3
0.1	1242	1241	3
0.1	1243	1240	3
0.1	49	48	3
0.1	1245	47	3
0.1	52	51	4
0.1	56	55	5
0.1	1248	54	5
0.1	1249	53	5
0.1	58	57	5
0.1	62	61	5
0.1	1252	60	5
0.1	64	63	5
0.1	1254	1253	5
0.1	1255	59	5
0.1	66	65	5
0.1	68	67	5
0.1	1258	1257	5
0.1	69	1259	5
0.1	1260	1256	5
0.1	72	71	5
0.1	1262	70	5
0.1	1263	1261	5
0.1	1264	1251	5
0.1	1265	1250	5
0.1	1266	1247	4
0.1	1267	50	4
0.1	74	73	4
0.1	75	1269	4
0.1	76	1270	4
0.1	79	78	4
0.1	80	1272	4
0.1	1273	77	4
0.1	83	82	4
0.1	1275	81	4
0.1	86	85	4
0.1	1277	84	4
0.1	89	88	4
0.1	1279	87	4
0.1	1280	1278	4
0.1	1281	1276	4
0.1	1282	1274	4
0.1	1283	1271	4
0.1	1284	1268	4
0.1	91	90	6
0.1	93	92	6
0.1	1287	1286	6
0.1	97	96	6
0.1	1289	95	6
0.1	1290	94	6
0.1	100	99	7
0.1	101	1292	7
0.1	1293	98	7
0.1	103	102	7
0.1	104	1295	7
0.1	1296	1294	7
0.1	106	105	7
0.1	107	1298	7
0.1	110	109	8
0.1	115	114	8
0.1	1301	113	8
0.1	1302	112	8
0.1	118	117	8
0.1	120	119	8
0.1	1305	1304	8
0.1	122	121	8
0.1	126	125	8
0.1	1308	124	8
0.1	127	1309	8
0.1	1310	123	8
0.1	1311	1307	8
0.1	1312	1306	8
0.1	1313	116	8
0.1	1314	1303	8
0.1	1315	111	8
0.1	1316	1300	8
0.1	1317	108	8
0.1	1318	1299	7
0.1	130	129	7
0.1	1320	128	7
0.1	132	131	7
0.1	1322	1321	7
0.1	134	133	7
0.1	1324	1323	7
0.1	1325	1319	7
0.1	137	136	7
0.1	1327	135	7
0.1	1328	1326	7
0.1	1329	1297	7
0.1	139	138	6
0.1	142	141	6
0.1	1332	140	6
0.1	146	145	6
0.1	1334	144	6
0.1	1335	143	6
0.1	149	148	6
0.1	1337	147	6
0.1	1338	1336	6
0.1	1339	1333	6
0.1	1340	1331	6
0.1	1341	1330	6
0.1	1342	1291	6
0.1	1343	1288	6
0.1	1344	1285	6
0.1	1345	1246	3
0.1	151	150	3
0.1	153	152	3
0.1	158	157	3
0.1	1349	156	3
0.1	1350	155	3
0.1	1351	154	3
0.1	1352	1348	3
0.1	159	1353	3
0.1	160	1354	3
0.1	1355	1347	3
0.1	1356	1346	3
0.1	1357	1244	3
0.1	162	161	9
0.1	166	165	9
0.1	1360	164	9
0.1	1361	163	9
0.1	1362	1359	9
0.1	171	170	9
0.1	172	1364	9
0.1	176	175	9
0.1	1366	174	9
0.1	1367	173	9
0.1	179	178	9
0.1	1369	177	9
0.1	1370	1368	9
0.1	1371	1365	9
0.1	1372	169	9
0.1	1373	168	9
0.1	180	1374	9
0.1	1375	167	9
0.1	1376	1363	9
0.1	1377	1358	10
0.1	184	183	10
0.1	186	185	10
0.1	1380	1379	10
0.1	187	1381	10
0.1	1382	182	10
0.1	1383	181	10
0.1	190	189	10
0.1	191	1385	10
0.1	193	192	10
0.1	1387	1386	10
0.1	1388	188	10
0.1	195	194	10
0.1	1390	1389	10
0.1	1391	1384	10
0.1	198	197	11
0.1	201	200	11
0.1	1394	199	11
0.1	203	202	11
0.1	1396	1395	11
0.1	1397	1393	11
0.1	208	207	11
0.1	1399	206	11
0.1	1400	205	11
0.1	1401	204	11
0.1	210	209	11
0.1	211	1403	11
0.1	1404	1402	11
0.1	213	212	11
0.1	216	215	11
0.1	1407	214	11
0.1	1408	1406	11
0.1	1409	1405	11
0.1	220	219	12
0.1	1411	218	12
0.1	1412	217	12
0.1	222	221	13
0.1	223	1414	13
0.1	227	226	13
0.1	1416	225	13
0.1	228	1417	13
0.1	230	229	13
0.1	1419	1418	13
0.1	233	232	13
0.1	1421	231	13
0.1	235	234	13
0.1	237	236	13
0.1	1424	1423	13
0.1	240	239	13
0.1	1426	238	13
0.1	1427	1425	13
0.1	1428	1422	13
0.1	1429	1420	13
0.1	1430	224	13
0.1	1431	1415	13
0.1	242	241	14
0.1	244	243	15
0.1	246	245	15
0.1	248	247	15
0.1	1436	1435	15
0.1	250	249	15
0.1	1438	1437	15
0.1	252	251	15
0.1	253	1440	15
0.1	1441	1439	15
0.1	1442	1434	15
0.1	256	255	15
0.1	1444	254	15
0.1	258	257	15
0.1	259	1446	15
0.1	260	1447	15
0.1	1448	1445	15
0.1	261	1449	15
0.1	262	1450	15
0.1	1451	1443	15
0.1	264	263	16
0.1	270	269	16
0.1	1454	268	16
0.1	1455	267	16
0.1	1456	266	16
0.1	1457	265	16
0.1	273	272	16
0.1	1459	271	16
0.1	275	274	16
0.1	276	1461	16
0.1	1462	1460	16
0.1	278	277	16
0.1	1464	1463	16
0.1	1465	1458	16
0.1	1466	1453	16
0.1	1467	1452	16
0.1	280	279	16
0.1	281	1469	16
0.1	282	1470	16
0.1	1471	1468	16
0.1	284	283	14
0.1	286	285	14
0.1	287	1474	14
0.1	288	1475	14
0.1	1476	1473	14
0.1	291	290	14
0.1	1478	289	14
0.1	293	292	14
0.1	294	1480	14
0.1	295	1481	14
0.1	1482	1479	14
0.1	296	1483	14
0.1	298	297	14
0.1	300	299	14
0.1	1486	1485	14
0.1	1487	1484	14
0.1	1488	1477	14
0.1	1489	1472	14
0.1	1490	1433	14
0.1	302	301	17
0.1	1492	1491	17
0.1	305	304	18
0.1	306	1494	18
0.1	1495	303	18
0.1	308	307	18
0.1	313	312	18
0.1	1498	311	18
0.1	314	1499	18
0.1	315	1500	18
0.1	317	316	18
0.1	321	320	18
0.1	1503	319	18
0.1	1504	318	18
0.1	322	1505	18
0.1	1506	1502	18
0.1	1507	1501	18
0.1	1508	310	18
0.1	1509	309	18
0.1	1510	1497	18
0.1	1511	1496	18
0.1	324	323	17
0.1	325	1513	17
0.1	326	1514	17
0.1	1515	1512	17
0.1	1516	1493	17
0.1	331	330	17
0.1	1518	329	17
0.1	1519	328	17
0.1	335	334	17
0.1	337	336	17
0.1	338	1522	17
0.1	1523	1521	17
0.1	1524	333	17
0.1	1525	332	17
0.1	1526	1520	17
0.1	339	1527	17
0.1	1528	327	17
0.1	342	341	19
0.1	343	1530	19
0.1	346	345	19
0.1	348	347	19
0.1	349	1533	19
0.1	353	352	19
0.1	354	1535	19
0.1	1536	351	19
0.1	1537	350	19
0.1	356	355	19
0.1	357	1539	19
0.1	1540	1538	19
0.1	358	1541	19
0.1	1542	1534	19
0.1	1543	1532	19
0.1	1544	344	19
0.1	1545	1531	19
0.1	1546	340	19
0.1	359	1547	19
0.1	1548	1529	17
0.1	1549	1517	17
0.1	1550	1432	17
0.1	360	1551	17
0.1	362	361	20
0.1	368	367	21
0.1	371	370	21
0.1	1555	369	21
0.1	372	1556	21
0.1	1557	1554	21
0.1	1558	366	21
0.1	374	373	21
0.1	1560	1559	21
0.1	1561	365	21
0.1	376	375	21
0.1	377	1563	21
0.1	380	379	21
0.1	1565	378	21
0.1	382	381	21
0.1	1567	1566	21
0.1	383	1568	21
0.1	1569	1564	21
0.1	384	1570	21
0.1	387	386	22
0.1	1572	385	22
0.1	389	388	22
0.1	393	392	22
0.1	1575	391	22
0.1	1576	390	22
0.1	396	395	22
0.1	1578	394	22
0.1	1579	1577	22
0.1	1580	1574	22
0.1	398	397	22
0.1	1582	1581	22
0.1	1583	1573	22
0.1	402	401	22
0.1	1585	400	22
0.1	1586	399	22
0.1	403	1587	22
0.1	408	407	23
0.1	1589	406	23
0.1	411	410	23
0.1	412	1591	23
0.1	1592	409	23
0.1	1593	1590	23
0.1	413	1594	23
0.1	1595	405	23
0.1	416	415	23
0.1	1597	414	23
0.1	418	417	23
0.1	419	1599	23
0.1	1600	1598	23
0.1	1601	1596	23
0.1	422	421	23
0.1	423	1603	23
0.1	424	1604	23
0.1	1605	420	23
0.1	1606	1602	23
0.1	1607	404	22
0.1	1608	1588	22
0.1	1609	1584	22
0.1	1610	1571	21
0.1	1611	1562	21
0.1	425	1612	12
0.1	426	1613	12
0.1	1614	364	12
0.1	1615	363	12
0.1	428	427	24
0.1	429	1617	24
0.1	431	430	24
0.1	1619	1618	24
0.1	435	434	24
0.1	1621	433	24
0.1	1622	432	24
0.1	437	436	24
0.1	1624	1623	24
0.1	1625	1620	24
0.1	441	440	24
0.1	1627	439	24
0.1	443	442	24
0.1	1629	1628	24
0.1	1630	438	24
0.1	444	1631	24
0.1	445	1632	24
0.1	446	1633	24
0.1	1634	1626	24
0.1	1635	1616	12
0.1	450	449	12
0.1	451	1637	12
0.1	452	1638	12
0.1	1639	448	12
0.1	1640	447	12
0.1	453	1641	12
0.1	1642	1636	12
0.1	455	454	25
0.1	456	1644	25
0.1	459	458	25
0.1	1646	457	25
0.1	463	462	25
0.1	1648	461	25
0.1	1649	460	25
0.1	465	464	25
0.1	468	467	25
0.1	470	469	25
0.1	1653	1652	25
0.1	1654	466	25
0.1	1655	1651	25
0.1	1656	1650	25
0.1	472	471	25
0.1	1658	1657	25
0.1	473	1659	25
0.1	1660	1647	25
0.1	1661	1645	25
0.1	475	474	26
0.1	479	478	26
0.1	480	1664	26
0.1	1665	477	26
0.1	1666	476	26
0.1	483	482	26
0.1	1668	481	26
0.1	1669	1667	26
0.1	1670	1663	26
0.1	486	485	26
0.1	489	488	26
0.1	1673	487	26
0.1	1674	1672	26
0.1	490	1675	26
0.1	492	491	26
0.1	493	1677	26
0.1	1678	1676	26
0.1	1679	484	26
0.1	496	495	27
0.1	497	1681	27
0.1	1682	494	27
0.1	500	499	27
0.1	1684	498	27
0.1	501	1685	27
0.1	504	503	27
0.1	505	1687	27
0.1	508	507	27
0.1	510	509	27
0.1	1690	1689	27
0.1	511	1691	27
0.1	512	1692	27
0.1	513	1693	27
0.1	1694	506	27
0.1	1695	1688	27
0.1	1696	502	27
0.1	1697	1686	27
0.1	1698	1683	27
0.1	1699	1680	26
0.1	1700	1671	26
0.1	1701	1662	25
0.1	516	515	28
0.1	518	517	28
0.1	519	1704	28
0.1	520	1705	28
0.1	1706	1703	28
0.1	522	521	28
0.1	525	524	28
0.1	526	1709	28
0.1	1710	523	28
0.1	1711	1708	28
0.1	528	527	28
0.1	530	529	28
0.1	1714	1713	28
0.1	1715	1712	28
0.1	534	533	28
0.1	1717	532	28
0.1	1718	531	28
0.1	1719	1716	28
0.1	1720	1707	28
0.1	538	537	29
0.1	1722	536	29
0.1	1723	535	29
0.1	540	539	29
0.1	1725	1724	29
0.1	543	542	29
0.1	1727	541	29
0.1	545	544	29
0.1	1729	1728	29
0.1	547	546	29
0.1	550	549	29
0.1	1732	548	29
0.1	1733	1731	29
0.1	1734	1730	29
0.1	1735	1726	29
0.1	554	553	30
0.1	1737	552	30
0.1	1738	551	30
0.1	556	555	30
0.1	558	557	30
0.1	562	561	30
0.1	564	563	30
0.1	567	566	30
0.1	1744	565	30
0.1	1745	1743	30
0.1	1746	1742	30
0.1	1747	560	30
0.1	1748	559	30
0.1	570	569	30
0.1	1750	568	30
0.1	1751	1749	30
0.1	1752	1741	30
0.1	1753	1740	30
0.1	1754	1739	30
0.1	573	572	29
0.1	574	1756	29
0.1	1757	571	29
0.1	1758	1755	29
0.1	1759	1736	29
0.1	1760	1721	12
0.1	576	575	12
0.1	1762	1761	12
0.1	578	577	12
0.1	1764	1763	12
0.1	1765	514	12
0.1	1766	1702	12
0.1	582	581	20
0.1	583	1768	20
0.1	1769	580	20
0.1	1770	579	20
0.1	585	584	20
0.1	586	1772	20
0.1	588	587	20
0.1	1774	1773	20
0.1	590	589	20
0.1	593	592	20
0.1	1777	591	20
0.1	596	595	20
0.1	1779	594	20
0.1	1780	1778	20
0.1	1781	1776	20
0.1	1782	1775	20
0.1	1783	1771	20
0.1	1784	1767	12
0.1	1785	1643	12
0.1	1786	1553	12
0.1	1787	1552	12
0.1	1788	1413	12
0.1	1789	1410	11
0.1	1790	1398	11
0.1	598	597	10
0.1	1792	1791	10
0.1	599	1793	10
0.1	1794	196	10
0.1	1795	1392	10
0.1	1796	1378	10
0.1	603	602	31
0.1	1798	601	31
0.1	605	604	31
0.1	608	607	32
0.1	611	610	32
0.1	1802	609	32
0.1	1803	1801	32
0.1	1804	606	32
0.1	617	616	32
0.1	1806	615	32
0.1	1807	614	32
0.1	1808	613	32
0.1	618	1809	32
0.1	1810	612	32
0.1	619	1811	32
0.1	621	620	32
0.1	623	622	32
0.1	625	624	32
0.1	1815	1814	32
0.1	1816	1813	32
0.1	1817	1812	32
0.1	1818	1805	32
0.1	1819	1800	31
0.1	1820	1799	31
0.1	627	626	31
0.1	629	628	31
0.1	1823	1822	31
0.1	634	633	33
0.1	638	637	33
0.1	1826	636	33
0.1	641	640	33
0.1	1828	639	33
0.1	643	642	33
0.1	1830	1829	33
0.1	1831	1827	33
0.1	1832	635	33
0.1	647	646	33
0.1	1834	645	33
0.1	651	650	33
0.1	652	1836	33
0.1	1837	649	33
0.1	1838	648	33
0.1	1839	1835	33
0.1	1840	644	33
0.1	1841	1833	33
0.1	1842	1825	33
0.1	1843	632	31
0.1	1844	631	31
0.1	1845	630	31
0.1	1846	1824	31
0.1	655	654	31
0.1	1848	653	31
0.1	657	656	31
0.1	659	658	34
0.1	661	660	34
0.1	662	1852	34
0.1	667	666	34
0.1	668	1854	34
0.1	1855	665	34
0.1	1856	664	34
0.1	1857	663	34
0.1	1858	1853	34
0.1	1859	1851	34
0.1	671	670	34
0.1	1861	669	34
0.1	673	672	35
0.1	675	674	35
0.1	1864	1863	35
0.1	678	677	35
0.1	1866	676	35
0.1	679	1867	35
0.1	681	680	35
0.1	684	683	35
0.1	1870	682	35
0.1	1871	1869	35
0.1	1872	1868	35
0.1	1873	1865	35
0.1	686	685	35
0.1	690	689	35
0.1	691	1876	35
0.1	1877	688	35
0.1	1878	687	35
0.1	1879	1875	35
0.1	1880	1874	35
0.1	694	693	34
0.1	696	695	34
0.1	697	1883	34
0.1	1884	1882	34
0.1	1885	692	34
0.1	1886	1881	34
0.1	1887	1862	34
0.1	1888	1860	34
0.1	699	698	31
0.1	1890	1889	31
0.1	1891	1850	31
0.1	700	1892	31
0.1	1893	1849	31
0.1	1894	1847	31
0.1	1895	1821	31
0.1	1896	600	10
0.1	1897	1797	10
0.1	703	702	36
0.1	705	704	36
0.1	707	706	36
0.1	1901	1900	36
0.1	1902	1899	36
0.1	709	708	36
0.1	1904	1903	36
0.1	1905	701	36
0.1	1906	1898	36
0.1	1907	1239	36
0.1	712	711	37
0.1	1909	710	37
0.1	714	713	37
0.1	715	1911	37
0.1	1912	1910	37
0.1	719	718	37
0.1	1914	717	37
0.1	1915	716	37
0.1	1916	1913	37
0.1	725	724	37
0.1	1918	723	37
0.1	1919	722	37
0.1	726	1920	37
0.1	1921	721	37
0.1	727	1922	37
0.1	1923	720	37
0.1	1924	1917	37
0.1	729	728	37
0.1	731	730	38
0.1	733	732	38
0.1	1928	1927	38
0.1	736	735	38
0.1	737	1930	38
0.1	1931	734	38
0.1	741	740	38
0.1	1933	739	38
0.1	1934	738	38
0.1	1935	1932	38
0.1	1936	1929	38
0.1	745	744	38
0.1	1938	743	38
0.1	1939	742	38
0.1	747	746	38
0.1	749	748	38
0.1	1942	1941	38
0.1	1943	1940	38
0.1	1944	1937	38
0.1	1945	1926	37
0.1	1946	1925	37
0.1	752	751	39
0.1	1948	750	39
0.1	756	755	40
0.1	1950	754	40
0.1	1951	753	40
0.1	758	757	40
0.1	1953	1952	40
0.1	760	759	40
0.1	762	761	40
0.1	764	763	40
0.1	1957	1956	40
0.1	766	765	40
0.1	768	767	40
0.1	1960	1959	40
0.1	770	769	40
0.1	772	771	40
0.1	1963	1962	40
0.1	1964	1961	40
0.1	1965	1958	40
0.1	1966	1955	40
0.1	1967	1954	40
0.1	775	774	41
0.1	1969	773	41
0.1	1970	1968	41
0.1	778	777	41
0.1	1972	776	41
0.1	779	1973	41
0.1	782	781	42
0.1	783	1975	42
0.1	787	786	42
0.1	1977	785	42
0.1	1978	784	42
0.1	790	789	42
0.1	1980	788	42
0.1	1981	1979	42
0.1	795	794	42
0.1	1983	793	42
0.1	797	796	42
0.1	1985	1984	42
0.1	1986	792	42
0.1	800	799	42
0.1	1988	798	42
0.1	1989	1987	42
0.1	1990	791	42
0.1	1991	1982	42
0.1	1992	1976	42
0.1	1993	780	41
0.1	802	801	41
0.1	803	1995	41
0.1	1996	1994	41
0.1	806	805	41
0.1	807	1998	41
0.1	1999	804	41
0.1	810	809	41
0.1	811	2001	41
0.1	2002	808	41
0.1	812	2003	41
0.1	2004	2000	41
0.1	2005	1997	41
0.1	2006	1974	41
0.1	2007	1971	41
0.1	814	813	43
0.1	816	815	43
0.1	817	2010	43
0.1	818	2011	43
0.1	2012	2009	43
0.1	2013	2008	43
0.1	822	821	44
0.1	2015	820	44
0.1	824	823	44
0.1	826	825	44
0.1	2018	2017	44
0.1	2019	2016	44
0.1	2020	819	44
0.1	828	827	44
0.1	832	831	45
0.1	2023	830	45
0.1	834	833	45
0.1	835	2025	45
0.1	836	2026	45
0.1	2027	2024	45
0.1	839	838	45
0.1	840	2029	45
0.1	2030	837	45
0.1	2031	2028	45
0.1	843	842	45
0.1	2033	841	45
0.1	845	844	45
0.1	2035	2034	45
0.1	848	847	45
0.1	849	2037	45
0.1	2038	846	45
0.1	2039	2036	45
0.1	2040	2032	45
0.1	852	851	44
0.1	853	2042	44
0.1	854	2043	44
0.1	856	855	44
0.1	857	2045	44
0.1	2046	2044	44
0.1	858	2047	44
0.1	2048	850	44
0.1	2049	2041	44
0.1	2050	829	44
0.1	2051	2022	44
0.1	2052	2021	44
0.1	860	859	43
0.1	2054	2053	43
0.1	2055	2014	43
0.1	862	861	43
0.1	863	2057	43
0.1	867	866	46
0.1	2059	865	46
0.1	869	868	46
0.1	872	871	46
0.1	2062	870	46
0.1	2063	2061	46
0.1	2064	2060	46
0.1	875	874	46
0.1	2066	873	46
0.1	2067	2065	46
0.1	2068	864	46
0.1	877	876	46
0.1	879	878	46
0.1	883	882	46
0.1	2072	881	46
0.1	2073	880	46
0.1	2074	2071	46
0.1	2075	2070	46
0.1	2076	2069	46
0.1	2077	2058	43
0.1	2078	2056	43
0.1	885	884	39
0.1	2080	2079	39
0.1	893	892	39
0.1	2082	891	39
0.1	894	2083	39
0.1	2084	890	39
0.1	2085	889	39
0.1	2086	888	39
0.1	2087	887	39
0.1	2088	886	39
0.1	2089	2081	39
0.1	897	896	43
0.1	2091	895	43
0.1	898	2092	43
0.1	900	899	43
0.1	903	902	47
0.1	905	904	47
0.1	2096	2095	47
0.1	2097	901	47
0.1	908	907	47
0.1	910	909	47
0.1	913	912	47
0.1	915	914	47
0.1	917	916	47
0.1	2103	2102	47
0.1	918	2104	47
0.1	2105	2101	47
0.1	2106	911	47
0.1	919	2107	47
0.1	921	920	47
0.1	2109	2108	47
0.1	2110	2100	47
0.1	2111	2099	47
0.1	2112	906	43
0.1	923	922	43
0.1	2114	2113	43
0.1	2115	2098	43
0.1	2116	2094	43
0.1	926	925	48
0.1	2118	924	48
0.1	931	930	48
0.1	2120	929	48
0.1	933	932	48
0.1	934	2122	48
0.1	2123	2121	48
0.1	2124	928	48
0.1	2125	927	48
0.1	2126	2119	48
0.1	937	936	48
0.1	2128	935	48
0.1	2129	2127	48
0.1	940	939	48
0.1	942	941	48
0.1	2132	2131	48
0.1	2133	938	48
0.1	943	2134	48
0.1	2135	2130	48
0.1	2136	2117	43
0.1	2137	2093	43
0.1	946	945	49
0.1	950	949	50
0.1	2140	948	50
0.1	2141	947	50
0.1	953	952	50
0.1	2143	951	50
0.1	2144	2142	50
0.1	957	956	50
0.1	2146	955	50
0.1	960	959	50
0.1	2148	958	50
0.1	2149	2147	50
0.1	962	961	50
0.1	2151	2150	50
0.1	964	963	50
0.1	966	965	50
0.1	2154	2153	50
0.1	2155	2152	50
0.1	2156	954	50
0.1	2157	2145	50
0.1	968	967	49
0.1	2159	2158	49
0.1	2160	2139	49
0.1	969	2161	49
0.1	2162	944	49
0.1	971	970	49
0.1	974	973	49
0.1	2165	972	49
0.1	975	2166	49
0.1	977	976	49
0.1	979	978	49
0.1	2169	2168	49
0.1	981	980	49
0.1	983	982	49
0.1	2172	2171	49
0.1	2173	2170	49
0.1	2174	2167	49
0.1	2175	2164	49
0.1	2176	2163	49
0.1	2177	2138	39
0.1	2178	2090	39
0.1	2179	1949	39
0.1	985	984	39
0.1	988	987	39
0.1	2182	986	39
0.1	989	2183	39
0.1	2184	2181	39
0.1	992	991	51
0.1	2186	990	51
0.1	995	994	51
0.1	2188	993	51
0.1	2189	2187	51
0.1	998	997	51
0.1	999	2191	51
0.1	1001	1000	51
0.1	2193	2192	51
0.1	2194	996	51
0.1	2195	2190	51
0.1	1004	1003	51
0.1	2197	1002	51
0.1	1006	1005	51
0.1	2199	2198	51
0.1	2200	2196	51
0.1	1009	1008	51
0.1	2202	1007	51
0.1	1014	1013	52
0.1	2204	1012	52
0.1	1015	2205	52
0.1	2206	1011	52
0.1	2207	1010	52
0.1	1017	1016	52
0.1	1020	1019	52
0.1	2210	1018	52
0.1	1022	1021	52
0.1	1023	2212	52
0.1	2213	2211	52
0.1	2214	2209	52
0.1	1026	1025	52
0.1	2216	1024	52
0.1	1028	1027	52
0.1	1029	2218	52
0.1	2219	2217	52
0.1	2220	2215	52
0.1	2221	2208	52
0.1	1031	1030	53
0.1	1032	2223	53
0.1	1034	1033	53
0.1	1036	1035	53
0.1	2226	2225	53
0.1	1039	1038	53
0.1	2228	1037	53
0.1	1041	1040	53
0.1	2230	2229	53
0.1	1042	2231	53
0.1	1044	1043	53
0.1	2233	2232	53
0.1	2234	2227	53
0.1	2235	2224	53
0.1	1045	2236	53
0.1	1048	1047	54
0.1	1049	2238	54
0.1	2239	1046	54
0.1	1052	1051	54
0.1	2241	1050	54
0.1	1055	1054	54
0.1	1056	2243	54
0.1	2244	1053	54
0.1	1057	2245	54
0.1	1058	2246	54
0.1	2247	2242	54
0.1	2248	2240	54
0.1	1060	1059	54
0.1	1062	1061	54
0.1	1065	1064	54
0.1	2252	1063	54
0.1	2253	2251	54
0.1	2254	2250	54
0.1	2255	2249	54
0.1	1067	1066	53
0.1	2257	2256	53
0.1	1069	1068	53
0.1	2259	2258	53
0.1	2260	2237	53
0.1	2261	2222	51
0.1	2262	2203	51
0.1	2263	2201	51
0.1	2264	2185	39
0.1	2265	2180	39
0.1	2266	1947	37
0.1	1072	1071	55
0.1	1073	2268	55
0.1	2269	1070	55
0.1	1075	1074	55
0.1	2271	2270	55
0.1	1077	1076	55
0.1	1079	1078	55
0.1	2274	2273	55
0.1	1081	1080	55
0.1	1084	1083	55
0.1	2277	1082	55
0.1	2278	2276	55
0.1	1085	2279	55
0.1	2280	2275	55
0.1	1087	1086	55
0.1	2282	2281	55
0.1	1089	1088	55
0.1	2284	2283	55
0.1	1092	1091	56
0.1	1094	1093	56
0.1	2287	2286	56
0.1	2288	1090	56
0.1	1096	1095	56
0.1	2290	2289	56
0.1	2291	2285	36
0.1	1100	1099	36
0.1	1103	1102	36
0.1	2294	1101	36
0.1	2295	2293	36
0.1	2296	1098	36
0.1	2297	1097	36
0.1	2298	2292	36
0.1	2299	2272	36
0.1	1105	1104	56
0.1	1112	1111	57
0.1	2302	1110	57
0.1	1114	1113	57
0.1	2304	2303	57
0.1	1118	1117	57
0.1	1119	2306	57
0.1	1120	2307	57
0.1	1122	1121	57
0.1	2309	2308	57
0.1	2310	1116	57
0.1	1127	1126	57
0.1	2312	1125	57
0.1	2313	1124	57
0.1	1129	1128	57
0.1	2315	2314	57
0.1	2316	1123	57
0.1	2317	2311	57
0.1	2318	1115	57
0.1	2319	2305	57
0.1	2320	1109	56
0.1	2321	1108	56
0.1	1131	1130	58
0.1	1132	2323	58
0.1	1134	1133	58
0.1	1137	1136	58
0.1	1139	1138	58
0.1	1140	2327	58
0.1	2328	2326	58
0.1	2329	1135	58
0.1	1142	1141	58
0.1	1144	1143	58
0.1	1146	1145	58
0.1	2333	2332	58
0.1	2334	2331	58
0.1	1149	1148	58
0.1	2336	1147	58
0.1	2337	2335	58
0.1	2338	2330	58
0.1	2339	2325	58
0.1	2340	2324	58
0.1	2341	2322	56
0.1	2342	1107	56
0.1	1150	2343	56
0.1	2344	1106	56
0.1	1151	2345	56
0.1	2346	2301	56
0.1	1154	1153	59
0.1	1155	2348	59
0.1	1158	1157	59
0.1	2350	1156	59
0.1	1160	1159	59
0.1	2352	2351	59
0.1	1161	2353	59
0.1	2354	2349	59
0.1	2355	1152	59
0.1	1163	1162	59
0.1	1166	1165	59
0.1	2358	1164	59
0.1	1168	1167	59
0.1	1171	1170	59
0.1	2361	1169	59
0.1	2362	2360	59
0.1	2363	2359	59
0.1	2364	2357	59
0.1	2365	2356	59
0.1	1174	1173	56
0.1	2367	1172	56
0.1	2368	2366	56
0.1	1176	1175	56
0.1	2370	2369	56
0.1	2371	2347	56
0.1	2372	2300	36
0.1	1178	1177	36
0.1	1181	1180	60
0.1	2375	1179	60
0.1	1183	1182	60
0.1	1184	2377	60
0.1	2378	2376	60
0.1	1186	1185	60
0.1	1190	1189	60
0.1	2381	1188	60
0.1	2382	1187	60
0.1	2383	2380	60
0.1	2384	2379	60
0.1	1193	1192	60
0.1	1197	1196	60
0.1	1198	2387	60
0.1	2388	1195	60
0.1	2389	1194	60
0.1	2390	2386	60
0.1	2391	1191	60
0.1	2392	2385	60
0.1	2393	2374	36
0.1	1200	1199	36
0.1	2395	2394	36
0.1	2396	2373	36
0.1	2397	2267	36
0.1	2398	1908	36
