1	0	0	1
1	0	0	1
1	0	0	2
1	0	0	3
1	0	0	3
1	0	0	3
1	0	0	3
1	0	0	3
1	0	0	3
1	0	0	3
1	0	0	3
1	0	0	3
1	0	0	3
1	0	0	4
1	0	0	4
1	0	0	4
1	0	0	4
1	0	0	4
1	0	0	4
1	0	0	4
1	0	0	4
1	0	0	4
1	0	0	4
1	0	0	2
1	0	0	2
1	0	0	2
1	0	0	2
1	0	0	2
1	0	0	2
1	0	0	2
1	0	0	5
1	0	0	5
1	0	0	5
1	0	0	5
1	0	0	5
1	0	0	5
1	0	0	5
1	0	0	5
1	0	0	5
1	0	0	5
1	0	0	6
1	0	0	6
1	0	0	6
1	0	0	6
1	0	0	6
1	0	0	6
1	0	0	6
1	0	0	6
1	0	0	6
1	0	0	6
1	0	0	2
1	0	0	7
1	0	0	7
1	0	0	7
1	0	0	7
1	0	0	7
1	0	0	7
1	0	0	7
1	0	0	7
1	0	0	7
1	0	0	7
1	0	0	2
1	0	0	1
1	0	0	1
1	0	0	1
1	0	0	8
1	0	0	8
1	0	0	8
1	0	0	8
1	0	0	8
1	0	0	8
1	0	0	8
1	0	0	8
1	0	0	8
1	0	0	8
1	0	0	1
1	0	0	1
1	0	0	1
1	0	0	1
1	0	0	9
1	0	0	9
1	0	0	9
1	0	0	9
1	0	0	10
1	0	0	10
1	0	0	10
1	0	0	10
1	0	0	10
1	0	0	11
1	0	0	11
1	0	0	11
1	0	0	11
1	0	0	11
1	0	0	11
1	0	0	11
1	0	0	11
1	0	0	11
1	0	0	11
1	0	0	10
1	0	0	10
1	0	0	10
1	0	0	10
1	0	0	10
1	0	0	12
1	0	0	12
1	0	0	12
1	0	0	12
1	0	0	12
1	0	0	12
1	0	0	12
1	0	0	12
1	0	0	12
1	0	0	12
1	0	0	13
1	0	0	13
1	0	0	13
1	0	0	13
1	0	0	13
1	0	0	14
1	0	0	14
1	0	0	14
1	0	0	14
1	0	0	14
1	0	0	14
1	0	0	14
1	0	0	14
1	0	0	14
1	0	0	14
1	0	0	15
1	0	0	15
1	0	0	15
1	0	0	15
1	0	0	15
1	0	0	15
1	0	0	15
1	0	0	15
1	0	0	15
1	0	0	15
1	0	0	16
1	0	0	16
1	0	0	16
1	0	0	16
1	0	0	16
1	0	0	16
1	0	0	16
1	0	0	16
1	0	0	17
1	0	0	17
1	0	0	17
1	0	0	17
1	0	0	16
1	0	0	16
1	0	0	17
1	0	0	17
1	0	0	17
1	0	0	17
1	0	0	17
1	0	0	17
1	0	0	13
1	0	0	13
1	0	0	13
1	0	0	13
1	0	0	13
1	0	0	18
1	0	0	18
1	0	0	18
1	0	0	18
1	0	0	18
1	0	0	18
1	0	0	18
1	0	0	18
1	0	0	18
1	0	0	18
1	0	0	9
1	0	0	9
1	0	0	9
1	0	0	9
1	0	0	9
1	0	0	9
1	0	0	19
1	0	0	19
1	0	0	19
1	0	0	20
1	0	0	20
1	0	0	20
1	0	0	21
1	0	0	21
1	0	0	21
1	0	0	21
1	0	0	21
1	0	0	21
1	0	0	21
1	0	0	21
1	0	0	21
1	0	0	21
1	0	0	20
1	0	0	20
1	0	0	22
1	0	0	22
1	0	0	22
1	0	0	22
1	0	0	22
1	0	0	22
1	0	0	22
1	0	0	22
1	0	0	22
1	0	0	22
1	0	0	23
1	0	0	23
1	0	0	23
1	0	0	23
1	0	0	23
1	0	0	23
1	0	0	23
1	0	0	23
1	0	0	23
1	0	0	23
1	0	0	1
1	0	0	20
1	0	0	20
1	0	0	24
1	0	0	24
1	0	0	24
1	0	0	24
1	0	0	24
1	0	0	24
1	0	0	24
1	0	0	24
1	0	0	24
1	0	0	24
1	0	0	20
1	0	0	25
1	0	0	25
1	0	0	25
1	0	0	25
1	0	0	25
1	0	0	25
1	0	0	25
1	0	0	25
1	0	0	25
1	0	0	25
1	0	0	26
1	0	0	26
1	0	0	26
1	0	0	26
1	0	0	26
1	0	0	26
1	0	0	26
1	0	0	26
1	0	0	26
1	0	0	26
1	0	0	20
1	0	0	20
1	0	0	27
1	0	0	27
1	0	0	27
1	0	0	27
1	0	0	27
1	0	0	27
1	0	0	27
1	0	0	27
1	0	0	27
1	0	0	27
1	0	0	19
1	0	0	19
1	0	0	19
1	0	0	19
1	0	0	19
1	0	0	19
1	0	0	19
1	0	0	28
1	0	0	28
1	0	0	28
1	0	0	28
1	0	0	28
1	0	0	28
1	0	0	28
1	0	0	28
1	0	0	28
1	0	0	28
1	0	0	29
1	0	0	29
1	0	0	29
1	0	0	29
1	0	0	29
1	0	0	29
1	0	0	29
1	0	0	29
1	0	0	29
1	0	0	29
0.1	8	7	3
0.1	291	6	3
0.1	292	5	3
0.1	293	4	3
0.1	9	294	3
0.1	11	10	3
0.1	12	296	3
0.1	13	297	3
0.1	298	295	3
0.1	299	3	2
0.1	17	16	4
0.1	18	301	4
0.1	302	15	4
0.1	20	19	4
0.1	23	22	4
0.1	305	21	4
0.1	306	304	4
0.1	307	303	4
0.1	308	14	4
0.1	25	24	2
0.1	27	26	2
0.1	311	310	2
0.1	312	309	2
0.1	29	28	2
0.1	32	31	5
0.1	34	33	5
0.1	37	36	5
0.1	317	35	5
0.1	318	316	5
0.1	38	319	5
0.1	40	39	5
0.1	321	320	5
0.1	322	315	5
0.1	43	42	6
0.1	324	41	6
0.1	44	325	6
0.1	50	49	6
0.1	327	48	6
0.1	328	47	6
0.1	329	46	6
0.1	330	45	6
0.1	331	326	6
0.1	332	323	2
0.1	333	30	2
0.1	51	334	2
0.1	53	52	7
0.1	55	54	7
0.1	337	336	7
0.1	57	56	7
0.1	59	58	7
0.1	61	60	7
0.1	341	340	7
0.1	342	339	7
0.1	343	338	7
0.1	344	335	2
0.1	62	345	2
0.1	346	314	2
0.1	347	313	2
0.1	348	300	2
0.1	349	2	1
0.1	350	1	1
0.1	65	64	1
0.1	352	63	1
0.1	67	66	8
0.1	69	68	8
0.1	70	355	8
0.1	71	356	8
0.1	72	357	8
0.1	75	74	8
0.1	359	73	8
0.1	360	358	8
0.1	361	354	8
0.1	77	76	1
0.1	363	362	1
0.1	364	353	1
0.1	79	78	1
0.1	366	365	1
0.1	367	351	1
0.1	81	80	9
0.1	83	82	9
0.1	85	84	10
0.1	86	371	10
0.1	87	372	10
0.1	88	373	10
0.1	90	89	11
0.1	94	93	11
0.1	376	92	11
0.1	96	95	11
0.1	98	97	11
0.1	379	378	11
0.1	380	377	11
0.1	381	91	11
0.1	382	375	11
0.1	99	383	10
0.1	102	101	10
0.1	385	100	10
0.1	386	384	10
0.1	387	374	10
0.1	103	388	10
0.1	107	106	12
0.1	390	105	12
0.1	391	104	12
0.1	109	108	12
0.1	110	393	12
0.1	111	394	12
0.1	112	395	12
0.1	396	392	12
0.1	113	397	12
0.1	114	398	13
0.1	399	389	13
0.1	117	116	13
0.1	401	115	13
0.1	122	121	14
0.1	403	120	14
0.1	124	123	14
0.1	405	404	14
0.1	406	119	14
0.1	125	407	14
0.1	127	126	14
0.1	128	409	14
0.1	410	408	14
0.1	411	118	13
0.1	412	402	13
0.1	130	129	15
0.1	132	131	15
0.1	136	135	15
0.1	416	134	15
0.1	137	417	15
0.1	138	418	15
0.1	419	133	15
0.1	420	415	15
0.1	421	414	15
0.1	140	139	16
0.1	142	141	16
0.1	143	424	16
0.1	145	144	16
0.1	149	148	17
0.1	150	427	17
0.1	428	147	17
0.1	429	146	16
0.1	430	426	16
0.1	154	153	17
0.1	156	155	17
0.1	158	157	17
0.1	434	433	17
0.1	435	432	17
0.1	436	152	16
0.1	437	151	16
0.1	438	431	16
0.1	439	425	16
0.1	440	423	16
0.1	441	422	15
0.1	161	160	13
0.1	163	162	13
0.1	444	443	13
0.1	445	159	13
0.1	446	442	13
0.1	447	413	13
0.1	165	164	18
0.1	168	167	18
0.1	450	166	18
0.1	173	172	18
0.1	452	171	18
0.1	453	170	18
0.1	454	169	18
0.1	455	451	18
0.1	456	449	18
0.1	457	448	13
0.1	458	400	13
0.1	176	175	9
0.1	460	174	9
0.1	177	461	9
0.1	178	462	9
0.1	463	459	9
0.1	464	370	9
0.1	465	369	9
0.1	179	466	9
0.1	467	368	9
0.1	181	180	19
0.1	182	469	19
0.1	185	184	20
0.1	187	186	21
0.1	189	188	21
0.1	190	473	21
0.1	474	472	21
0.1	193	192	21
0.1	476	191	21
0.1	195	194	21
0.1	478	477	21
0.1	479	475	21
0.1	197	196	20
0.1	481	480	20
0.1	200	199	22
0.1	483	198	22
0.1	203	202	22
0.1	485	201	22
0.1	486	484	22
0.1	205	204	22
0.1	207	206	22
0.1	489	488	22
0.1	490	487	22
0.1	491	482	20
0.1	492	471	20
0.1	493	183	20
0.1	209	208	23
0.1	211	210	23
0.1	212	496	23
0.1	497	495	23
0.1	217	216	23
0.1	499	215	23
0.1	500	214	23
0.1	501	213	23
0.1	502	498	23
0.1	503	494	20
0.1	220	219	20
0.1	224	223	24
0.1	226	225	24
0.1	227	507	24
0.1	230	229	24
0.1	509	228	24
0.1	510	508	24
0.1	511	506	24
0.1	512	222	24
0.1	513	221	24
0.1	514	505	20
0.1	234	233	25
0.1	516	232	25
0.1	237	236	25
0.1	518	235	25
0.1	238	519	25
0.1	240	239	25
0.1	521	520	25
0.1	241	522	25
0.1	523	517	25
0.1	243	242	26
0.1	244	525	26
0.1	247	246	26
0.1	527	245	26
0.1	528	526	26
0.1	249	248	26
0.1	251	250	26
0.1	531	530	26
0.1	532	529	26
0.1	533	524	26
0.1	534	231	20
0.1	253	252	20
0.1	536	535	20
0.1	537	515	20
0.1	256	255	27
0.1	257	539	27
0.1	259	258	27
0.1	541	540	27
0.1	260	542	27
0.1	262	261	27
0.1	263	544	27
0.1	545	543	27
0.1	546	254	27
0.1	547	538	20
0.1	548	218	20
0.1	549	504	20
0.1	550	470	19
0.1	266	265	19
0.1	269	268	19
0.1	553	267	19
0.1	554	552	19
0.1	555	264	19
0.1	556	551	19
0.1	270	557	19
0.1	272	271	28
0.1	275	274	28
0.1	560	273	28
0.1	561	559	28
0.1	278	277	28
0.1	563	276	28
0.1	280	279	28
0.1	565	564	28
0.1	566	562	28
0.1	567	558	19
0.1	282	281	29
0.1	285	284	29
0.1	570	283	29
0.1	289	288	29
0.1	572	287	29
0.1	573	286	29
0.1	574	571	29
0.1	290	575	29
0.1	576	569	29
0.1	577	568	29
0.1	578	468	29
