1	0	0	1
1	0	0	2
1	0	0	3
1	0	0	3
1	0	0	3
1	0	0	3
1	0	0	3
1	0	0	3
1	0	0	3
1	0	0	3
1	0	0	3
1	0	0	3
1	0	0	2
1	0	0	4
1	0	0	4
1	0	0	4
1	0	0	4
1	0	0	4
1	0	0	4
1	0	0	4
1	0	0	4
1	0	0	4
1	0	0	4
1	0	0	5
1	0	0	5
1	0	0	5
1	0	0	5
1	0	0	5
1	0	0	5
1	0	0	5
1	0	0	5
1	0	0	5
1	0	0	5
1	0	0	2
1	0	0	2
1	0	0	2
1	0	0	2
1	0	0	2
1	0	0	2
1	0	0	2
1	0	0	2
1	0	0	6
1	0	0	6
1	0	0	6
1	0	0	6
1	0	0	6
1	0	0	6
1	0	0	6
1	0	0	6
1	0	0	6
1	0	0	6
1	0	0	7
1	0	0	7
1	0	0	8
1	0	0	8
1	0	0	8
1	0	0	8
1	0	0	8
1	0	0	8
1	0	0	8
1	0	0	8
1	0	0	8
1	0	0	8
1	0	0	7
1	0	0	7
1	0	0	7
1	0	0	7
1	0	0	7
1	0	0	7
1	0	0	7
1	0	0	7
1	0	0	1
1	0	0	1
1	0	0	1
1	0	0	1
1	0	0	9
1	0	0	9
1	0	0	9
1	0	0	9
1	0	0	9
1	0	0	9
1	0	0	9
1	0	0	9
1	0	0	9
1	0	0	9
1	0	0	1
1	0	0	1
1	0	0	1
1	0	0	1
1	0	0	1
0.1	5	4	3
0.1	91	3	3
0.1	9	8	3
0.1	93	7	3
0.1	94	6	3
0.1	95	92	3
0.1	11	10	3
0.1	12	97	3
0.1	98	96	3
0.1	99	2	2
0.1	16	15	4
0.1	17	101	4
0.1	18	102	4
0.1	22	21	4
0.1	104	20	4
0.1	105	19	4
0.1	23	106	4
0.1	107	103	4
0.1	108	14	4
0.1	109	13	2
0.1	110	100	2
0.1	28	27	5
0.1	29	112	5
0.1	31	30	5
0.1	32	114	5
0.1	115	113	5
0.1	116	26	5
0.1	33	117	5
0.1	118	25	5
0.1	119	24	5
0.1	35	34	2
0.1	37	36	2
0.1	39	38	2
0.1	40	123	2
0.1	41	124	2
0.1	125	122	2
0.1	126	121	2
0.1	44	43	6
0.1	45	128	6
0.1	129	42	6
0.1	49	48	6
0.1	131	47	6
0.1	50	132	6
0.1	133	46	6
0.1	134	130	6
0.1	135	127	6
0.1	51	136	6
0.1	137	120	1
0.1	138	111	1
0.1	55	54	8
0.1	60	59	8
0.1	141	58	8
0.1	142	57	8
0.1	143	56	8
0.1	62	61	8
0.1	63	145	8
0.1	146	144	8
0.1	147	140	8
0.1	64	148	7
0.1	67	66	7
0.1	71	70	7
0.1	151	69	7
0.1	152	68	7
0.1	153	150	7
0.1	154	65	7
0.1	155	149	7
0.1	156	53	7
0.1	157	52	7
0.1	72	158	1
0.1	159	139	1
0.1	160	1	1
0.1	75	74	1
0.1	77	76	9
0.1	80	79	9
0.1	81	164	9
0.1	83	82	9
0.1	166	165	9
0.1	85	84	9
0.1	168	167	9
0.1	169	78	9
0.1	170	163	9
0.1	171	162	1
0.1	87	86	1
0.1	88	173	1
0.1	90	89	1
0.1	175	174	1
0.1	176	172	1
0.1	177	73	1
0.1	178	161	1
