1	0	0	1
1	0	0	1
1	0	0	1
1	0	0	1
1	0	0	1
1	0	0	1
1	0	0	1
1	0	0	1
1	0	0	2
1	0	0	2
1	0	0	2
1	0	0	2
1	0	0	2
1	0	0	2
1	0	0	2
1	0	0	2
1	0	0	2
1	0	0	2
1	0	0	3
1	0	0	3
1	0	0	3
1	0	0	3
1	0	0	3
1	0	0	3
1	0	0	3
1	0	0	3
1	0	0	3
1	0	0	3
1	0	0	4
1	0	0	4
1	0	0	4
1	0	0	4
1	0	0	4
1	0	0	4
1	0	0	4
1	0	0	4
1	0	0	4
1	0	0	4
1	0	0	5
1	0	0	5
1	0	0	5
1	0	0	5
1	0	0	5
1	0	0	5
1	0	0	5
1	0	0	5
1	0	0	5
1	0	0	5
1	0	0	6
1	0	0	6
1	0	0	6
1	0	0	6
1	0	0	6
1	0	0	6
1	0	0	6
1	0	0	6
1	0	0	6
1	0	0	6
1	0	0	1
1	0	0	1
1	0	0	7
1	0	0	7
1	0	0	7
1	0	0	7
1	0	0	7
1	0	0	7
1	0	0	7
1	0	0	7
1	0	0	7
1	0	0	7
1	0	0	8
1	0	0	8
1	0	0	8
1	0	0	8
1	0	0	8
1	0	0	8
1	0	0	9
1	0	0	9
1	0	0	9
1	0	0	9
1	0	0	9
1	0	0	9
1	0	0	9
1	0	0	9
1	0	0	9
1	0	0	9
1	0	0	8
1	0	0	8
1	0	0	8
1	0	0	8
1	0	0	10
1	0	0	10
1	0	0	10
1	0	0	10
1	0	0	10
1	0	0	10
1	0	0	10
1	0	0	11
1	0	0	11
1	0	0	11
1	0	0	11
1	0	0	11
1	0	0	11
1	0	0	12
1	0	0	12
1	0	0	12
1	0	0	12
1	0	0	12
1	0	0	12
1	0	0	12
1	0	0	12
1	0	0	12
1	0	0	12
1	0	0	11
1	0	0	11
1	0	0	11
1	0	0	11
1	0	0	13
1	0	0	13
1	0	0	13
1	0	0	13
1	0	0	13
1	0	0	13
1	0	0	13
1	0	0	13
1	0	0	13
1	0	0	13
1	0	0	14
1	0	0	14
1	0	0	14
1	0	0	14
1	0	0	14
1	0	0	14
1	0	0	14
1	0	0	14
1	0	0	14
1	0	0	14
1	0	0	10
1	0	0	15
1	0	0	15
1	0	0	15
1	0	0	15
1	0	0	15
1	0	0	15
1	0	0	15
1	0	0	15
1	0	0	16
1	0	0	16
1	0	0	16
1	0	0	16
1	0	0	16
1	0	0	17
1	0	0	17
1	0	0	17
1	0	0	17
1	0	0	17
1	0	0	17
1	0	0	17
1	0	0	17
1	0	0	17
1	0	0	17
1	0	0	16
1	0	0	16
1	0	0	16
1	0	0	16
1	0	0	15
1	0	0	15
1	0	0	16
1	0	0	10
1	0	0	10
1	0	0	18
1	0	0	18
1	0	0	18
1	0	0	18
1	0	0	18
1	0	0	18
1	0	0	18
1	0	0	18
1	0	0	18
1	0	0	18
1	0	0	19
1	0	0	20
1	0	0	20
1	0	0	20
1	0	0	20
1	0	0	20
1	0	0	20
1	0	0	20
1	0	0	20
1	0	0	20
1	0	0	20
1	0	0	21
1	0	0	21
1	0	0	21
1	0	0	21
1	0	0	21
1	0	0	21
1	0	0	21
1	0	0	21
1	0	0	21
1	0	0	21
1	0	0	19
1	0	0	19
1	0	0	19
1	0	0	19
1	0	0	19
1	0	0	19
1	0	0	22
1	0	0	22
1	0	0	22
1	0	0	22
1	0	0	22
1	0	0	22
1	0	0	22
1	0	0	22
1	0	0	22
1	0	0	22
1	0	0	23
1	0	0	24
1	0	0	24
1	0	0	24
1	0	0	24
1	0	0	24
1	0	0	24
1	0	0	24
1	0	0	24
1	0	0	24
1	0	0	25
1	0	0	25
1	0	0	25
1	0	0	25
1	0	0	25
1	0	0	25
1	0	0	25
1	0	0	25
1	0	0	25
1	0	0	25
1	0	0	26
1	0	0	26
1	0	0	26
1	0	0	26
1	0	0	26
1	0	0	26
1	0	0	26
1	0	0	26
1	0	0	26
1	0	0	26
1	0	0	24
1	0	0	27
1	0	0	27
1	0	0	27
1	0	0	27
1	0	0	27
1	0	0	27
1	0	0	27
1	0	0	27
1	0	0	27
1	0	0	27
1	0	0	23
1	0	0	23
1	0	0	23
1	0	0	23
1	0	0	23
1	0	0	23
1	0	0	23
1	0	0	23
1	0	0	23
1	0	0	28
1	0	0	28
1	0	0	28
1	0	0	28
1	0	0	28
1	0	0	28
1	0	0	28
1	0	0	28
1	0	0	28
1	0	0	28
1	0	0	19
1	0	0	19
1	0	0	19
1	0	0	29
1	0	0	30
1	0	0	30
1	0	0	30
1	0	0	30
1	0	0	30
1	0	0	30
1	0	0	30
1	0	0	31
1	0	0	31
1	0	0	31
1	0	0	31
1	0	0	31
1	0	0	31
1	0	0	31
1	0	0	31
1	0	0	31
1	0	0	31
1	0	0	30
1	0	0	30
1	0	0	30
1	0	0	29
1	0	0	29
1	0	0	29
1	0	0	29
1	0	0	29
1	0	0	29
1	0	0	29
1	0	0	29
1	0	0	29
0.1	4	3	1
0.1	311	2	1
0.1	312	1	1
0.1	5	313	1
0.1	7	6	1
0.1	8	315	1
0.1	12	11	2
0.1	16	15	2
0.1	318	14	2
0.1	17	319	2
0.1	18	320	2
0.1	321	13	2
0.1	322	317	2
0.1	323	10	2
0.1	324	9	2
0.1	20	19	3
0.1	21	326	3
0.1	23	22	3
0.1	25	24	3
0.1	26	329	3
0.1	27	330	3
0.1	331	328	3
0.1	332	327	3
0.1	28	333	3
0.1	31	30	4
0.1	335	29	4
0.1	33	32	4
0.1	34	337	4
0.1	338	336	4
0.1	36	35	4
0.1	38	37	4
0.1	341	340	4
0.1	342	339	4
0.1	343	334	4
0.1	40	39	5
0.1	44	43	5
0.1	346	42	5
0.1	46	45	5
0.1	348	347	5
0.1	48	47	5
0.1	350	349	5
0.1	351	41	5
0.1	352	345	5
0.1	50	49	6
0.1	52	51	6
0.1	55	54	6
0.1	356	53	6
0.1	357	355	6
0.1	58	57	6
0.1	359	56	6
0.1	360	358	6
0.1	361	354	6
0.1	362	353	5
0.1	363	344	2
0.1	364	325	2
0.1	60	59	1
0.1	63	62	7
0.1	65	64	7
0.1	66	368	7
0.1	68	67	7
0.1	70	69	7
0.1	371	370	7
0.1	372	369	7
0.1	373	367	7
0.1	374	61	7
0.1	375	366	1
0.1	376	365	1
0.1	377	316	1
0.1	378	314	1
0.1	74	73	8
0.1	380	72	8
0.1	78	77	9
0.1	83	82	9
0.1	86	85	9
0.1	384	84	9
0.1	385	383	9
0.1	386	81	9
0.1	387	80	9
0.1	388	79	9
0.1	389	382	9
0.1	88	87	8
0.1	90	89	8
0.1	392	391	8
0.1	393	390	8
0.1	394	76	8
0.1	395	75	8
0.1	396	381	8
0.1	397	71	8
0.1	398	379	8
0.1	93	92	10
0.1	400	91	10
0.1	94	401	10
0.1	402	399	10
0.1	96	95	10
0.1	99	98	11
0.1	101	100	11
0.1	406	405	11
0.1	105	104	12
0.1	107	106	12
0.1	110	109	12
0.1	410	108	12
0.1	112	111	12
0.1	412	411	12
0.1	113	413	12
0.1	414	409	12
0.1	415	408	12
0.1	416	103	11
0.1	417	102	11
0.1	418	407	11
0.1	115	114	11
0.1	117	116	11
0.1	122	121	13
0.1	422	120	13
0.1	423	119	13
0.1	424	118	13
0.1	124	123	13
0.1	426	425	13
0.1	127	126	13
0.1	428	125	13
0.1	429	427	13
0.1	430	421	11
0.1	431	420	11
0.1	432	419	11
0.1	129	128	14
0.1	130	434	14
0.1	132	131	14
0.1	436	435	14
0.1	134	133	14
0.1	137	136	14
0.1	439	135	14
0.1	440	438	14
0.1	441	437	14
0.1	442	433	10
0.1	443	97	10
0.1	138	444	10
0.1	445	404	10
0.1	143	142	15
0.1	145	144	15
0.1	146	448	15
0.1	449	447	15
0.1	450	141	15
0.1	451	140	15
0.1	452	139	15
0.1	148	147	16
0.1	150	149	16
0.1	151	455	16
0.1	456	454	16
0.1	155	154	17
0.1	157	156	17
0.1	158	459	17
0.1	161	160	17
0.1	461	159	17
0.1	462	460	17
0.1	463	458	17
0.1	464	153	17
0.1	465	152	17
0.1	164	163	16
0.1	467	162	16
0.1	165	468	16
0.1	469	466	16
0.1	470	457	16
0.1	167	166	15
0.1	168	472	16
0.1	473	471	16
0.1	474	453	15
0.1	170	169	10
0.1	476	475	10
0.1	477	446	10
0.1	478	403	10
0.1	172	171	18
0.1	175	174	18
0.1	481	173	18
0.1	482	480	18
0.1	178	177	18
0.1	484	176	18
0.1	485	483	18
0.1	180	179	18
0.1	184	183	20
0.1	186	185	20
0.1	489	488	20
0.1	188	187	20
0.1	491	490	20
0.1	190	189	20
0.1	193	192	21
0.1	194	494	21
0.1	196	195	21
0.1	198	197	21
0.1	497	496	21
0.1	498	495	21
0.1	201	200	21
0.1	500	199	21
0.1	501	499	21
0.1	502	191	20
0.1	503	493	20
0.1	504	492	20
0.1	505	182	20
0.1	205	204	19
0.1	207	206	19
0.1	508	507	19
0.1	210	209	22
0.1	510	208	22
0.1	213	212	22
0.1	512	211	22
0.1	214	513	22
0.1	215	514	22
0.1	515	511	22
0.1	217	216	22
0.1	517	516	22
0.1	223	222	24
0.1	519	221	24
0.1	520	220	24
0.1	521	219	24
0.1	226	225	24
0.1	523	224	24
0.1	524	522	24
0.1	231	230	25
0.1	526	229	25
0.1	527	228	25
0.1	233	232	25
0.1	235	234	25
0.1	530	529	25
0.1	237	236	25
0.1	532	531	25
0.1	239	238	26
0.1	243	242	26
0.1	245	244	26
0.1	536	535	26
0.1	247	246	26
0.1	538	537	26
0.1	539	241	26
0.1	540	240	26
0.1	541	534	26
0.1	542	533	25
0.1	543	528	25
0.1	248	544	24
0.1	545	227	24
0.1	546	525	24
0.1	547	218	23
0.1	252	251	27
0.1	549	250	27
0.1	254	253	27
0.1	258	257	27
0.1	552	256	27
0.1	553	255	27
0.1	554	551	27
0.1	555	550	27
0.1	556	249	27
0.1	557	548	23
0.1	260	259	23
0.1	263	262	23
0.1	560	261	23
0.1	561	559	23
0.1	562	558	23
0.1	265	264	23
0.1	267	266	23
0.1	565	564	23
0.1	566	563	23
0.1	567	518	19
0.1	269	268	28
0.1	271	270	28
0.1	570	569	28
0.1	273	272	28
0.1	572	571	28
0.1	275	274	28
0.1	276	574	28
0.1	277	575	28
0.1	576	573	28
0.1	577	568	19
0.1	578	509	19
0.1	579	203	19
0.1	580	202	19
0.1	278	581	19
0.1	582	506	19
0.1	583	181	19
0.1	280	279	19
0.1	585	584	19
0.1	586	487	18
0.1	587	486	18
0.1	284	283	30
0.1	589	282	30
0.1	287	286	30
0.1	290	289	31
0.1	292	291	31
0.1	293	593	31
0.1	294	594	31
0.1	595	592	31
0.1	295	596	31
0.1	296	597	31
0.1	298	297	31
0.1	599	598	31
0.1	600	288	30
0.1	601	591	30
0.1	602	285	30
0.1	299	603	30
0.1	604	590	30
0.1	301	300	30
0.1	606	605	30
0.1	607	281	29
0.1	305	304	29
0.1	609	303	29
0.1	610	302	29
0.1	307	306	29
0.1	612	611	29
0.1	310	309	29
0.1	614	308	29
0.1	615	613	29
0.1	616	608	29
0.1	617	588	29
0.1	618	479	29
