1	0	0	1
1	0	0	2
1	0	0	3
1	0	0	3
1	0	0	3
1	0	0	4
1	0	0	4
1	0	0	4
1	0	0	4
1	0	0	4
1	0	0	4
1	0	0	4
1	0	0	5
1	0	0	5
1	0	0	5
1	0	0	5
1	0	0	5
1	0	0	5
1	0	0	5
1	0	0	5
1	0	0	5
1	0	0	5
1	0	0	4
1	0	0	4
1	0	0	4
1	0	0	6
1	0	0	6
1	0	0	6
1	0	0	6
1	0	0	6
1	0	0	6
1	0	0	6
1	0	0	6
1	0	0	6
1	0	0	6
1	0	0	3
1	0	0	7
1	0	0	7
1	0	0	7
1	0	0	7
1	0	0	7
1	0	0	7
1	0	0	7
1	0	0	7
1	0	0	7
1	0	0	7
1	0	0	3
1	0	0	3
1	0	0	3
1	0	0	3
1	0	0	3
1	0	0	3
1	0	0	2
1	0	0	8
1	0	0	8
1	0	0	8
1	0	0	8
1	0	0	8
1	0	0	8
1	0	0	8
1	0	0	8
1	0	0	8
1	0	0	8
1	0	0	9
1	0	0	9
1	0	0	9
1	0	0	9
1	0	0	9
1	0	0	9
1	0	0	9
1	0	0	9
1	0	0	9
1	0	0	9
1	0	0	10
1	0	0	11
1	0	0	11
1	0	0	11
1	0	0	11
1	0	0	11
1	0	0	11
1	0	0	11
1	0	0	11
1	0	0	11
1	0	0	11
1	0	0	10
1	0	0	10
1	0	0	10
1	0	0	10
1	0	0	10
1	0	0	10
1	0	0	10
1	0	0	10
1	0	0	10
1	0	0	12
1	0	0	12
1	0	0	12
1	0	0	12
1	0	0	12
1	0	0	12
1	0	0	12
1	0	0	12
1	0	0	12
1	0	0	12
1	0	0	13
1	0	0	13
1	0	0	13
1	0	0	13
1	0	0	13
1	0	0	13
1	0	0	13
1	0	0	13
1	0	0	13
1	0	0	13
1	0	0	2
1	0	0	14
1	0	0	14
1	0	0	2
1	0	0	15
1	0	0	15
1	0	0	15
1	0	0	15
1	0	0	16
1	0	0	16
1	0	0	16
1	0	0	17
1	0	0	17
1	0	0	17
1	0	0	17
1	0	0	17
1	0	0	18
1	0	0	18
1	0	0	18
1	0	0	17
1	0	0	18
1	0	0	18
1	0	0	18
1	0	0	18
1	0	0	18
1	0	0	18
1	0	0	18
1	0	0	19
1	0	0	19
1	0	0	19
1	0	0	19
1	0	0	19
1	0	0	19
1	0	0	19
1	0	0	19
1	0	0	19
1	0	0	19
1	0	0	17
1	0	0	17
1	0	0	20
1	0	0	20
1	0	0	20
1	0	0	20
1	0	0	20
1	0	0	20
1	0	0	20
1	0	0	20
1	0	0	20
1	0	0	20
1	0	0	16
1	0	0	16
1	0	0	21
1	0	0	21
1	0	0	21
1	0	0	21
1	0	0	16
1	0	0	21
1	0	0	21
1	0	0	21
1	0	0	21
1	0	0	21
1	0	0	21
1	0	0	16
1	0	0	16
1	0	0	16
1	0	0	16
1	0	0	17
1	0	0	17
1	0	0	15
1	0	0	15
1	0	0	15
1	0	0	15
1	0	0	15
1	0	0	15
1	0	0	14
1	0	0	14
1	0	0	14
1	0	0	14
1	0	0	14
1	0	0	14
1	0	0	14
1	0	0	14
1	0	0	2
1	0	0	2
1	0	0	2
1	0	0	22
1	0	0	22
1	0	0	22
1	0	0	22
1	0	0	22
1	0	0	23
1	0	0	23
1	0	0	23
1	0	0	22
1	0	0	22
1	0	0	22
1	0	0	22
1	0	0	24
1	0	0	24
1	0	0	25
1	0	0	26
1	0	0	26
1	0	0	26
1	0	0	26
1	0	0	26
1	0	0	26
1	0	0	26
1	0	0	26
1	0	0	25
1	0	0	25
1	0	0	25
1	0	0	25
1	0	0	25
1	0	0	25
1	0	0	26
1	0	0	26
1	0	0	25
1	0	0	25
1	0	0	25
1	0	0	24
1	0	0	24
1	0	0	24
1	0	0	24
1	0	0	24
1	0	0	24
1	0	0	24
1	0	0	24
1	0	0	22
1	0	0	1
1	0	0	1
1	0	0	1
1	0	0	27
1	0	0	27
1	0	0	27
1	0	0	27
1	0	0	1
1	0	0	28
1	0	0	23
1	0	0	23
1	0	0	28
1	0	0	28
1	0	0	28
1	0	0	28
1	0	0	28
1	0	0	28
1	0	0	23
1	0	0	23
1	0	0	28
1	0	0	28
1	0	0	28
1	0	0	1
1	0	0	1
1	0	0	1
1	0	0	1
1	0	0	27
1	0	0	27
1	0	0	27
1	0	0	27
1	0	0	2
1	0	0	2
1	0	0	29
1	0	0	30
1	0	0	30
1	0	0	30
1	0	0	30
1	0	0	30
1	0	0	30
1	0	0	30
1	0	0	30
1	0	0	30
1	0	0	30
1	0	0	29
1	0	0	29
1	0	0	29
1	0	0	29
1	0	0	29
1	0	0	29
1	0	0	29
1	0	0	29
1	0	0	31
1	0	0	32
1	0	0	32
1	0	0	32
1	0	0	32
1	0	0	32
1	0	0	32
1	0	0	32
1	0	0	32
1	0	0	32
1	0	0	32
1	0	0	31
1	0	0	33
1	0	0	33
1	0	0	33
1	0	0	33
1	0	0	33
1	0	0	33
1	0	0	33
1	0	0	33
1	0	0	33
1	0	0	33
1	0	0	34
1	0	0	34
1	0	0	34
1	0	0	34
1	0	0	34
1	0	0	34
1	0	0	34
1	0	0	34
1	0	0	34
1	0	0	34
1	0	0	35
1	0	0	35
1	0	0	35
1	0	0	35
1	0	0	35
1	0	0	35
1	0	0	35
1	0	0	35
1	0	0	35
1	0	0	35
1	0	0	29
1	0	0	31
1	0	0	31
1	0	0	31
1	0	0	36
1	0	0	36
1	0	0	36
1	0	0	36
1	0	0	36
1	0	0	36
1	0	0	36
1	0	0	36
1	0	0	36
1	0	0	36
1	0	0	31
1	0	0	31
1	0	0	31
1	0	0	37
1	0	0	37
1	0	0	37
1	0	0	37
1	0	0	37
1	0	0	37
1	0	0	37
1	0	0	37
1	0	0	37
1	0	0	37
1	0	0	31
1	0	0	31
1	0	0	38
1	0	0	38
1	0	0	38
1	0	0	38
1	0	0	38
1	0	0	38
1	0	0	38
1	0	0	38
1	0	0	38
1	0	0	38
1	0	0	2
1	0	0	27
1	0	0	27
1	0	0	39
1	0	0	39
1	0	0	40
1	0	0	40
1	0	0	40
1	0	0	40
1	0	0	41
1	0	0	41
1	0	0	41
1	0	0	41
1	0	0	41
1	0	0	41
1	0	0	41
1	0	0	41
1	0	0	41
1	0	0	41
1	0	0	40
1	0	0	40
1	0	0	40
1	0	0	40
1	0	0	40
1	0	0	40
1	0	0	39
1	0	0	42
1	0	0	42
1	0	0	42
1	0	0	43
1	0	0	43
1	0	0	43
1	0	0	43
1	0	0	43
1	0	0	43
1	0	0	43
1	0	0	43
1	0	0	43
1	0	0	43
1	0	0	42
1	0	0	42
1	0	0	42
1	0	0	42
1	0	0	42
1	0	0	42
1	0	0	42
1	0	0	39
1	0	0	39
1	0	0	39
1	0	0	39
1	0	0	39
1	0	0	39
1	0	0	39
1	0	0	1
1	0	0	44
1	0	0	44
1	0	0	44
1	0	0	44
1	0	0	44
1	0	0	44
1	0	0	44
1	0	0	44
1	0	0	44
1	0	0	23
1	0	0	23
1	0	0	23
1	0	0	44
0.1	10	9	4
0.1	441	8	4
0.1	11	442	4
0.1	443	7	4
0.1	14	13	5
0.1	17	16	5
0.1	446	15	5
0.1	19	18	5
0.1	22	21	5
0.1	449	20	5
0.1	450	448	5
0.1	451	447	5
0.1	452	445	5
0.1	24	23	4
0.1	454	453	4
0.1	455	12	4
0.1	25	456	4
0.1	457	444	4
0.1	458	6	4
0.1	459	5	3
0.1	27	26	6
0.1	31	30	6
0.1	462	29	6
0.1	463	28	6
0.1	33	32	6
0.1	34	465	6
0.1	466	464	6
0.1	35	467	6
0.1	468	461	6
0.1	469	460	3
0.1	470	4	3
0.1	39	38	7
0.1	43	42	7
0.1	44	473	7
0.1	45	474	7
0.1	475	41	7
0.1	476	40	7
0.1	477	472	7
0.1	46	478	7
0.1	479	37	7
0.1	480	36	3
0.1	481	471	3
0.1	47	482	3
0.1	49	48	3
0.1	484	483	3
0.1	50	485	3
0.1	51	486	3
0.1	52	487	3
0.1	488	3	3
0.1	58	57	8
0.1	490	56	8
0.1	59	491	8
0.1	60	492	8
0.1	493	55	8
0.1	62	61	8
0.1	495	494	8
0.1	63	496	8
0.1	497	54	8
0.1	66	65	9
0.1	68	67	9
0.1	500	499	9
0.1	70	69	9
0.1	502	501	9
0.1	72	71	9
0.1	73	504	9
0.1	505	503	9
0.1	506	64	9
0.1	507	498	8
0.1	77	76	11
0.1	509	75	11
0.1	79	78	11
0.1	82	81	11
0.1	84	83	11
0.1	513	512	11
0.1	514	80	11
0.1	515	511	11
0.1	516	510	11
0.1	517	74	10
0.1	85	518	10
0.1	86	519	10
0.1	88	87	10
0.1	90	89	10
0.1	91	522	10
0.1	95	94	12
0.1	98	97	12
0.1	525	96	12
0.1	526	524	12
0.1	100	99	12
0.1	102	101	12
0.1	103	529	12
0.1	530	528	12
0.1	531	527	12
0.1	532	93	10
0.1	533	92	10
0.1	534	523	10
0.1	535	521	10
0.1	536	520	10
0.1	105	104	13
0.1	108	107	13
0.1	109	539	13
0.1	540	106	13
0.1	541	538	13
0.1	111	110	13
0.1	112	543	13
0.1	544	542	13
0.1	113	545	13
0.1	546	537	13
0.1	547	508	8
0.1	114	548	2
0.1	549	53	2
0.1	116	115	14
0.1	119	118	15
0.1	121	120	15
0.1	123	122	16
0.1	128	127	17
0.1	129	555	17
0.1	556	126	17
0.1	557	125	17
0.1	132	131	18
0.1	135	134	18
0.1	137	136	18
0.1	561	560	18
0.1	562	133	18
0.1	563	559	18
0.1	138	564	18
0.1	140	139	18
0.1	566	565	18
0.1	567	130	18
0.1	144	143	19
0.1	147	146	19
0.1	570	145	19
0.1	571	569	19
0.1	572	142	19
0.1	149	148	19
0.1	574	573	19
0.1	150	575	19
0.1	576	141	19
0.1	577	568	18
0.1	152	151	17
0.1	579	578	17
0.1	580	558	17
0.1	581	124	16
0.1	582	554	16
0.1	156	155	20
0.1	584	154	20
0.1	158	157	20
0.1	159	586	20
0.1	587	585	20
0.1	162	161	20
0.1	589	160	20
0.1	590	588	20
0.1	591	153	20
0.1	164	163	16
0.1	168	167	21
0.1	594	166	21
0.1	595	165	21
0.1	596	593	16
0.1	173	172	21
0.1	598	171	21
0.1	174	599	21
0.1	175	600	21
0.1	601	170	21
0.1	176	602	16
0.1	178	177	16
0.1	604	603	16
0.1	605	169	16
0.1	179	606	16
0.1	607	597	16
0.1	608	592	16
0.1	181	180	17
0.1	610	609	16
0.1	611	583	16
0.1	612	553	15
0.1	183	182	15
0.1	614	613	15
0.1	185	184	15
0.1	186	616	15
0.1	617	615	15
0.1	187	618	15
0.1	619	552	15
0.1	189	188	14
0.1	191	190	14
0.1	193	192	14
0.1	623	622	14
0.1	195	194	14
0.1	625	624	14
0.1	626	621	14
0.1	627	620	15
0.1	628	117	2
0.1	629	551	2
0.1	630	550	2
0.1	631	489	2
0.1	198	197	2
0.1	633	196	2
0.1	634	632	2
0.1	635	2	2
0.1	636	1	1
0.1	201	200	22
0.1	638	199	22
0.1	206	205	23
0.1	640	204	23
0.1	207	641	22
0.1	208	642	22
0.1	643	203	22
0.1	644	202	22
0.1	209	645	22
0.1	215	214	26
0.1	216	647	26
0.1	217	648	26
0.1	218	649	26
0.1	221	220	26
0.1	651	219	26
0.1	652	650	26
0.1	222	653	25
0.1	225	224	25
0.1	227	226	25
0.1	656	655	25
0.1	657	223	25
0.1	658	654	25
0.1	229	228	26
0.1	660	659	25
0.1	230	661	25
0.1	232	231	25
0.1	663	662	25
0.1	664	213	25
0.1	233	665	24
0.1	666	212	24
0.1	667	211	24
0.1	235	234	24
0.1	669	668	24
0.1	238	237	24
0.1	239	671	24
0.1	672	236	24
0.1	240	673	24
0.1	674	670	24
0.1	675	210	22
0.1	241	676	22
0.1	677	646	22
0.1	678	639	22
0.1	244	243	1
0.1	680	242	1
0.1	681	679	1
0.1	248	247	27
0.1	683	246	27
0.1	684	245	27
0.1	252	251	23
0.1	254	253	28
0.1	687	686	28
0.1	256	255	28
0.1	257	689	28
0.1	690	688	28
0.1	691	250	28
0.1	260	259	23
0.1	261	693	28
0.1	694	258	28
0.1	263	262	28
0.1	696	695	28
0.1	697	692	28
0.1	264	698	1
0.1	699	249	1
0.1	266	265	1
0.1	267	701	1
0.1	702	700	1
0.1	270	269	27
0.1	279	278	30
0.1	705	277	30
0.1	706	276	30
0.1	281	280	30
0.1	283	282	30
0.1	709	708	30
0.1	710	707	30
0.1	711	275	30
0.1	284	712	30
0.1	285	713	29
0.1	714	274	29
0.1	288	287	29
0.1	716	286	29
0.1	292	291	29
0.1	718	290	29
0.1	719	289	29
0.1	295	294	32
0.1	297	296	32
0.1	722	721	32
0.1	301	300	32
0.1	724	299	32
0.1	725	298	32
0.1	726	723	32
0.1	303	302	32
0.1	728	727	32
0.1	308	307	33
0.1	730	306	33
0.1	309	731	33
0.1	732	305	33
0.1	311	310	33
0.1	313	312	33
0.1	735	734	33
0.1	314	736	33
0.1	737	733	33
0.1	318	317	34
0.1	739	316	34
0.1	319	740	34
0.1	322	321	34
0.1	742	320	34
0.1	743	741	34
0.1	324	323	34
0.1	745	744	34
0.1	746	315	34
0.1	747	738	35
0.1	329	328	35
0.1	330	749	35
0.1	750	327	35
0.1	751	326	35
0.1	752	325	35
0.1	753	748	35
0.1	334	333	35
0.1	755	332	35
0.1	756	331	35
0.1	757	754	35
0.1	336	335	31
0.1	759	758	31
0.1	342	341	36
0.1	761	340	36
0.1	344	343	36
0.1	763	762	36
0.1	346	345	36
0.1	348	347	36
0.1	766	765	36
0.1	767	764	36
0.1	768	339	36
0.1	769	338	31
0.1	350	349	31
0.1	351	771	31
0.1	772	770	31
0.1	773	337	31
0.1	354	353	37
0.1	775	352	37
0.1	356	355	37
0.1	777	776	37
0.1	358	357	37
0.1	359	779	37
0.1	780	778	37
0.1	361	360	37
0.1	782	781	37
0.1	362	783	31
0.1	363	784	31
0.1	785	774	31
0.1	786	760	31
0.1	787	304	31
0.1	788	729	31
0.1	789	293	31
0.1	790	720	29
0.1	368	367	38
0.1	792	366	38
0.1	370	369	38
0.1	372	371	38
0.1	795	794	38
0.1	796	793	38
0.1	797	365	38
0.1	798	364	38
0.1	373	799	38
0.1	800	791	29
0.1	801	717	29
0.1	802	715	29
0.1	374	803	2
0.1	804	273	2
0.1	805	272	2
0.1	375	806	27
0.1	376	807	27
0.1	808	271	27
0.1	809	704	27
0.1	810	268	27
0.1	811	703	27
0.1	812	685	27
0.1	813	682	1
0.1	382	381	40
0.1	815	380	40
0.1	386	385	41
0.1	817	384	41
0.1	818	383	41
0.1	390	389	41
0.1	820	388	41
0.1	391	821	41
0.1	392	822	41
0.1	823	387	41
0.1	824	819	41
0.1	825	816	40
0.1	826	379	40
0.1	396	395	40
0.1	828	394	40
0.1	829	393	40
0.1	830	827	40
0.1	398	397	40
0.1	832	831	40
0.1	833	378	39
0.1	834	377	39
0.1	405	404	43
0.1	836	403	43
0.1	408	407	43
0.1	409	838	43
0.1	410	839	43
0.1	840	406	43
0.1	841	837	43
0.1	411	842	43
0.1	412	843	43
0.1	844	402	42
0.1	414	413	42
0.1	846	845	42
0.1	847	401	42
0.1	417	416	42
0.1	849	415	42
0.1	419	418	42
0.1	851	850	42
0.1	852	848	42
0.1	853	400	42
0.1	421	420	39
0.1	422	855	39
0.1	423	856	39
0.1	424	857	39
0.1	858	854	39
0.1	859	399	39
0.1	426	425	39
0.1	861	860	39
0.1	862	835	39
0.1	427	863	1
0.1	429	428	44
0.1	430	865	44
0.1	432	431	44
0.1	867	866	44
0.1	433	868	44
0.1	436	435	44
0.1	870	434	44
0.1	439	438	23
0.1	872	437	23
0.1	440	873	44
0.1	874	871	44
0.1	875	869	44
0.1	876	864	1
0.1	877	814	1
0.1	878	637	1
