1	0	0	1
1	0	0	1
1	0	0	1
1	0	0	1
1	0	0	1
1	0	0	1
1	0	0	1
1	0	0	1
1	0	0	1
1	0	0	1
1	0	0	2
1	0	0	2
1	0	0	2
1	0	0	2
1	0	0	2
1	0	0	2
1	0	0	2
1	0	0	2
1	0	0	2
1	0	0	2
1	0	0	3
1	0	0	3
1	0	0	3
1	0	0	3
1	0	0	3
1	0	0	3
1	0	0	3
1	0	0	3
1	0	0	3
1	0	0	3
1	0	0	4
1	0	0	4
1	0	0	4
1	0	0	4
1	0	0	4
1	0	0	4
1	0	0	4
1	0	0	4
1	0	0	4
1	0	0	4
1	0	0	5
1	0	0	5
1	0	0	5
1	0	0	5
1	0	0	5
1	0	0	6
1	0	0	6
1	0	0	6
1	0	0	6
1	0	0	6
1	0	0	6
1	0	0	6
1	0	0	6
1	0	0	6
1	0	0	6
1	0	0	5
1	0	0	5
1	0	0	5
1	0	0	5
1	0	0	5
1	0	0	7
1	0	0	7
1	0	0	7
1	0	0	7
1	0	0	7
1	0	0	7
1	0	0	7
1	0	0	7
1	0	0	7
1	0	0	7
1	0	0	8
1	0	0	8
1	0	0	8
1	0	0	8
1	0	0	8
1	0	0	8
1	0	0	8
1	0	0	8
1	0	0	8
1	0	0	8
1	0	0	9
1	0	0	9
1	0	0	9
1	0	0	9
1	0	0	9
1	0	0	9
1	0	0	9
1	0	0	9
1	0	0	9
1	0	0	9
1	0	0	10
1	0	0	10
1	0	0	10
1	0	0	10
1	0	0	10
1	0	0	10
1	0	0	10
1	0	0	10
1	0	0	10
1	0	0	10
1	0	0	11
1	0	0	11
1	0	0	11
1	0	0	11
1	0	0	11
1	0	0	11
1	0	0	11
1	0	0	11
1	0	0	11
1	0	0	11
1	0	0	12
1	0	0	12
1	0	0	12
1	0	0	12
1	0	0	12
1	0	0	12
1	0	0	12
1	0	0	12
1	0	0	12
1	0	0	12
1	0	0	13
1	0	0	13
1	0	0	14
1	0	0	14
1	0	0	14
1	0	0	14
1	0	0	14
1	0	0	14
1	0	0	14
1	0	0	14
1	0	0	14
1	0	0	14
1	0	0	13
1	0	0	13
1	0	0	15
1	0	0	15
1	0	0	15
1	0	0	15
1	0	0	15
1	0	0	15
1	0	0	15
1	0	0	15
1	0	0	15
1	0	0	15
1	0	0	16
1	0	0	16
1	0	0	16
1	0	0	16
1	0	0	16
1	0	0	16
1	0	0	16
1	0	0	16
1	0	0	16
1	0	0	16
1	0	0	17
1	0	0	17
1	0	0	17
1	0	0	17
1	0	0	17
1	0	0	17
1	0	0	17
1	0	0	17
1	0	0	17
1	0	0	17
1	0	0	13
1	0	0	13
1	0	0	13
1	0	0	13
1	0	0	18
1	0	0	18
1	0	0	18
1	0	0	18
1	0	0	18
1	0	0	18
1	0	0	18
1	0	0	18
1	0	0	18
1	0	0	18
1	0	0	13
1	0	0	19
1	0	0	19
1	0	0	19
1	0	0	19
1	0	0	19
1	0	0	19
1	0	0	19
1	0	0	19
1	0	0	19
1	0	0	19
1	0	0	13
1	0	0	20
1	0	0	21
1	0	0	21
1	0	0	21
1	0	0	21
1	0	0	21
1	0	0	21
1	0	0	21
1	0	0	21
1	0	0	21
1	0	0	21
1	0	0	22
1	0	0	22
1	0	0	22
1	0	0	22
1	0	0	22
1	0	0	22
1	0	0	22
1	0	0	22
1	0	0	22
1	0	0	22
1	0	0	20
1	0	0	20
1	0	0	20
1	0	0	20
1	0	0	23
1	0	0	23
1	0	0	23
1	0	0	23
1	0	0	23
1	0	0	23
1	0	0	23
1	0	0	23
1	0	0	23
1	0	0	23
1	0	0	24
1	0	0	24
1	0	0	24
1	0	0	24
1	0	0	25
1	0	0	25
1	0	0	25
1	0	0	25
1	0	0	25
1	0	0	25
1	0	0	25
1	0	0	25
1	0	0	25
1	0	0	25
1	0	0	24
1	0	0	26
1	0	0	26
1	0	0	26
1	0	0	26
1	0	0	26
1	0	0	26
1	0	0	26
1	0	0	26
1	0	0	26
1	0	0	26
1	0	0	27
1	0	0	27
1	0	0	27
1	0	0	27
1	0	0	27
1	0	0	27
1	0	0	27
1	0	0	27
1	0	0	27
1	0	0	27
1	0	0	24
1	0	0	24
1	0	0	24
1	0	0	24
1	0	0	24
1	0	0	28
1	0	0	28
1	0	0	28
1	0	0	28
1	0	0	28
1	0	0	28
1	0	0	28
1	0	0	28
1	0	0	28
1	0	0	28
1	0	0	20
1	0	0	20
1	0	0	20
1	0	0	29
1	0	0	29
1	0	0	30
1	0	0	30
1	0	0	30
1	0	0	30
1	0	0	30
1	0	0	30
1	0	0	30
1	0	0	30
1	0	0	30
1	0	0	31
1	0	0	31
1	0	0	31
1	0	0	31
1	0	0	31
1	0	0	31
1	0	0	31
1	0	0	31
1	0	0	31
1	0	0	31
1	0	0	32
1	0	0	32
1	0	0	32
1	0	0	32
1	0	0	32
1	0	0	32
1	0	0	32
1	0	0	32
1	0	0	32
1	0	0	32
1	0	0	29
1	0	0	29
1	0	0	29
1	0	0	29
1	0	0	30
1	0	0	29
1	0	0	29
1	0	0	29
1	0	0	33
1	0	0	34
1	0	0	34
1	0	0	34
1	0	0	34
1	0	0	33
1	0	0	33
1	0	0	33
1	0	0	33
1	0	0	33
1	0	0	33
1	0	0	34
1	0	0	33
1	0	0	33
1	0	0	33
1	0	0	34
1	0	0	34
1	0	0	34
1	0	0	34
1	0	0	34
1	0	0	29
1	0	0	35
1	0	0	35
1	0	0	35
1	0	0	35
1	0	0	35
1	0	0	35
1	0	0	35
1	0	0	35
1	0	0	35
1	0	0	35
1	0	0	36
1	0	0	36
1	0	0	37
1	0	0	37
1	0	0	37
1	0	0	37
1	0	0	37
1	0	0	37
1	0	0	37
1	0	0	37
1	0	0	37
1	0	0	37
1	0	0	36
1	0	0	36
1	0	0	36
1	0	0	36
1	0	0	36
1	0	0	36
1	0	0	36
1	0	0	36
1	0	0	38
1	0	0	38
1	0	0	38
1	0	0	38
1	0	0	38
1	0	0	38
1	0	0	38
1	0	0	38
1	0	0	38
1	0	0	38
1	0	0	39
1	0	0	39
1	0	0	39
1	0	0	39
1	0	0	40
1	0	0	40
1	0	0	40
1	0	0	40
1	0	0	40
1	0	0	40
1	0	0	40
1	0	0	40
1	0	0	40
1	0	0	40
1	0	0	39
1	0	0	39
1	0	0	39
1	0	0	39
1	0	0	39
1	0	0	39
1	0	0	41
1	0	0	41
1	0	0	41
1	0	0	41
1	0	0	41
1	0	0	41
1	0	0	41
1	0	0	41
1	0	0	41
1	0	0	41
1	0	0	42
1	0	0	42
1	0	0	42
1	0	0	42
1	0	0	42
1	0	0	42
1	0	0	42
1	0	0	42
1	0	0	42
1	0	0	42
1	0	0	43
1	0	0	43
1	0	0	43
1	0	0	43
1	0	0	43
1	0	0	43
1	0	0	43
1	0	0	43
1	0	0	43
1	0	0	43
1	0	0	44
1	0	0	44
1	0	0	44
1	0	0	44
1	0	0	44
1	0	0	44
1	0	0	44
1	0	0	44
1	0	0	44
1	0	0	44
1	0	0	20
1	0	0	20
1	0	0	45
1	0	0	45
1	0	0	45
1	0	0	45
1	0	0	45
1	0	0	45
1	0	0	45
1	0	0	45
1	0	0	45
1	0	0	45
1	0	0	46
1	0	0	46
1	0	0	46
1	0	0	46
1	0	0	46
1	0	0	46
1	0	0	46
1	0	0	46
1	0	0	46
1	0	0	46
0.1	7	6	1
0.1	461	5	1
0.1	462	4	1
0.1	463	3	1
0.1	464	2	1
0.1	465	1	1
0.1	10	9	1
0.1	467	8	1
0.1	468	466	1
0.1	14	13	2
0.1	470	12	2
0.1	471	11	2
0.1	17	16	2
0.1	19	18	2
0.1	474	473	2
0.1	20	475	2
0.1	476	15	2
0.1	477	472	2
0.1	478	469	2
0.1	23	22	3
0.1	26	25	3
0.1	481	24	3
0.1	482	480	3
0.1	483	21	3
0.1	27	484	3
0.1	30	29	3
0.1	486	28	3
0.1	487	485	3
0.1	488	479	3
0.1	32	31	4
0.1	33	490	4
0.1	34	491	4
0.1	36	35	4
0.1	39	38	4
0.1	494	37	4
0.1	40	495	4
0.1	496	493	4
0.1	497	492	4
0.1	498	489	3
0.1	45	44	5
0.1	500	43	5
0.1	47	46	6
0.1	49	48	6
0.1	51	50	6
0.1	504	503	6
0.1	505	502	6
0.1	55	54	6
0.1	507	53	6
0.1	508	52	6
0.1	509	506	6
0.1	510	501	5
0.1	511	42	5
0.1	512	41	5
0.1	57	56	5
0.1	59	58	5
0.1	515	514	5
0.1	63	62	7
0.1	517	61	7
0.1	65	64	7
0.1	68	67	7
0.1	520	66	7
0.1	521	519	7
0.1	522	518	7
0.1	70	69	7
0.1	524	523	7
0.1	525	60	5
0.1	526	516	5
0.1	527	513	5
0.1	72	71	8
0.1	76	75	8
0.1	77	530	8
0.1	531	74	8
0.1	532	73	8
0.1	533	529	8
0.1	79	78	8
0.1	80	535	8
0.1	536	534	8
0.1	537	528	5
0.1	538	499	9
0.1	82	81	9
0.1	83	540	9
0.1	84	541	9
0.1	87	86	9
0.1	543	85	9
0.1	544	542	9
0.1	90	89	9
0.1	546	88	9
0.1	547	545	9
0.1	92	91	10
0.1	95	94	10
0.1	96	550	10
0.1	551	93	10
0.1	552	549	10
0.1	97	553	10
0.1	100	99	10
0.1	555	98	10
0.1	556	554	10
0.1	103	102	11
0.1	104	558	11
0.1	559	101	11
0.1	108	107	11
0.1	561	106	11
0.1	562	105	11
0.1	563	560	11
0.1	110	109	11
0.1	565	564	11
0.1	113	112	12
0.1	567	111	12
0.1	116	115	12
0.1	118	117	12
0.1	570	569	12
0.1	571	114	12
0.1	572	568	12
0.1	120	119	12
0.1	574	573	12
0.1	575	566	12
0.1	576	557	10
0.1	577	548	9
0.1	125	124	14
0.1	579	123	14
0.1	126	580	14
0.1	130	129	14
0.1	131	582	14
0.1	132	583	14
0.1	584	128	14
0.1	585	127	14
0.1	586	581	14
0.1	133	587	13
0.1	588	122	13
0.1	137	136	15
0.1	590	135	15
0.1	139	138	15
0.1	141	140	15
0.1	593	592	15
0.1	594	591	15
0.1	143	142	15
0.1	144	596	15
0.1	597	595	15
0.1	148	147	16
0.1	599	146	16
0.1	149	600	16
0.1	601	145	16
0.1	152	151	16
0.1	153	603	16
0.1	604	150	16
0.1	154	605	16
0.1	606	602	16
0.1	607	598	13
0.1	608	134	13
0.1	609	589	13
0.1	610	121	13
0.1	157	156	17
0.1	160	159	17
0.1	161	613	17
0.1	614	158	17
0.1	615	612	17
0.1	164	163	17
0.1	617	162	17
0.1	618	616	17
0.1	619	155	17
0.1	166	165	13
0.1	621	620	13
0.1	171	170	18
0.1	623	169	18
0.1	175	174	18
0.1	625	173	18
0.1	626	172	18
0.1	627	624	18
0.1	178	177	18
0.1	629	176	18
0.1	630	628	18
0.1	631	168	13
0.1	632	167	13
0.1	183	182	19
0.1	185	184	19
0.1	635	634	19
0.1	187	186	19
0.1	637	636	19
0.1	638	181	19
0.1	189	188	19
0.1	640	639	19
0.1	641	180	19
0.1	642	179	13
0.1	643	633	13
0.1	644	622	13
0.1	645	611	13
0.1	190	646	13
0.1	647	578	9
0.1	648	539	9
0.1	193	192	21
0.1	195	194	21
0.1	197	196	21
0.1	201	200	21
0.1	653	199	21
0.1	654	198	21
0.1	655	652	21
0.1	656	651	21
0.1	657	650	21
0.1	204	203	22
0.1	207	206	22
0.1	660	205	22
0.1	661	659	22
0.1	210	209	22
0.1	211	663	22
0.1	664	208	22
0.1	665	662	22
0.1	666	202	22
0.1	667	658	22
0.1	668	191	20
0.1	214	213	20
0.1	215	670	20
0.1	671	212	20
0.1	672	669	20
0.1	673	649	20
0.1	217	216	23
0.1	218	675	23
0.1	222	221	23
0.1	677	220	23
0.1	223	678	23
0.1	679	219	23
0.1	224	680	23
0.1	681	676	23
0.1	225	682	23
0.1	228	227	24
0.1	232	231	25
0.1	685	230	25
0.1	235	234	25
0.1	237	236	25
0.1	688	687	25
0.1	689	233	25
0.1	239	238	25
0.1	691	690	25
0.1	692	686	25
0.1	693	229	24
0.1	694	684	24
0.1	695	226	24
0.1	243	242	26
0.1	697	241	26
0.1	246	245	26
0.1	699	244	26
0.1	249	248	26
0.1	701	247	26
0.1	702	700	26
0.1	703	698	26
0.1	250	704	26
0.1	253	252	27
0.1	706	251	27
0.1	256	255	27
0.1	257	708	27
0.1	259	258	27
0.1	260	710	27
0.1	711	709	27
0.1	712	254	27
0.1	713	707	27
0.1	714	705	26
0.1	715	240	24
0.1	264	263	24
0.1	717	262	24
0.1	718	261	24
0.1	265	719	24
0.1	720	716	24
0.1	721	696	24
0.1	267	266	28
0.1	269	268	28
0.1	724	723	28
0.1	271	270	28
0.1	275	274	28
0.1	727	273	28
0.1	728	272	28
0.1	729	726	28
0.1	730	725	28
0.1	731	722	24
0.1	276	732	20
0.1	733	683	20
0.1	280	279	29
0.1	283	282	30
0.1	287	286	30
0.1	737	285	30
0.1	738	284	30
0.1	739	736	30
0.1	740	281	30
0.1	289	288	30
0.1	742	741	30
0.1	291	290	31
0.1	294	293	31
0.1	745	292	31
0.1	296	295	31
0.1	297	747	31
0.1	748	746	31
0.1	749	744	31
0.1	299	298	31
0.1	751	750	31
0.1	301	300	32
0.1	302	753	32
0.1	304	303	32
0.1	755	754	32
0.1	307	306	32
0.1	757	305	32
0.1	309	308	32
0.1	759	758	32
0.1	760	756	32
0.1	761	752	32
0.1	311	310	29
0.1	763	762	29
0.1	313	312	29
0.1	765	764	29
0.1	317	316	29
0.1	767	315	29
0.1	768	314	29
0.1	769	766	29
0.1	770	743	29
0.1	771	735	29
0.1	320	319	34
0.1	773	318	34
0.1	322	321	34
0.1	326	325	33
0.1	776	324	33
0.1	328	327	33
0.1	778	777	33
0.1	779	323	33
0.1	780	775	34
0.1	332	331	33
0.1	782	330	33
0.1	783	329	34
0.1	335	334	34
0.1	336	785	34
0.1	337	786	34
0.1	787	333	34
0.1	788	784	34
0.1	789	781	34
0.1	790	774	34
0.1	338	791	29
0.1	792	772	29
0.1	342	341	35
0.1	794	340	35
0.1	795	339	35
0.1	344	343	35
0.1	346	345	35
0.1	348	347	35
0.1	799	798	35
0.1	800	797	35
0.1	801	796	35
0.1	802	793	20
0.1	350	349	36
0.1	352	351	37
0.1	354	353	37
0.1	355	806	37
0.1	807	805	37
0.1	808	804	37
0.1	358	357	37
0.1	810	356	37
0.1	811	809	37
0.1	360	359	37
0.1	362	361	36
0.1	366	365	36
0.1	815	364	36
0.1	816	363	36
0.1	368	367	36
0.1	818	817	36
0.1	819	814	36
0.1	820	813	37
0.1	821	812	37
0.1	370	369	38
0.1	373	372	38
0.1	824	371	38
0.1	825	823	38
0.1	374	826	38
0.1	376	375	38
0.1	828	827	38
0.1	377	829	38
0.1	378	830	38
0.1	380	379	39
0.1	381	832	39
0.1	833	831	39
0.1	384	383	40
0.1	385	835	40
0.1	386	836	40
0.1	388	387	40
0.1	390	389	40
0.1	392	391	40
0.1	840	839	40
0.1	841	838	40
0.1	842	837	40
0.1	843	382	39
0.1	844	834	39
0.1	395	394	39
0.1	846	393	39
0.1	398	397	39
0.1	848	396	39
0.1	849	847	39
0.1	850	845	39
0.1	851	822	41
0.1	401	400	41
0.1	853	399	41
0.1	402	854	41
0.1	406	405	41
0.1	856	404	41
0.1	857	403	41
0.1	858	855	41
0.1	408	407	41
0.1	860	859	41
0.1	861	852	41
0.1	411	410	42
0.1	414	413	42
0.1	864	412	42
0.1	865	863	42
0.1	866	409	42
0.1	418	417	42
0.1	868	416	42
0.1	869	415	42
0.1	870	867	42
0.1	423	422	43
0.1	872	421	43
0.1	424	873	43
0.1	874	420	43
0.1	875	419	43
0.1	427	426	43
0.1	877	425	43
0.1	428	878	43
0.1	879	876	43
0.1	880	871	42
0.1	881	862	20
0.1	882	803	20
0.1	883	278	20
0.1	884	277	20
0.1	885	734	20
0.1	432	431	44
0.1	433	887	44
0.1	888	430	44
0.1	889	429	44
0.1	435	434	44
0.1	891	890	44
0.1	438	437	44
0.1	893	436	44
0.1	894	892	44
0.1	439	895	20
0.1	442	441	45
0.1	444	443	45
0.1	446	445	45
0.1	447	899	45
0.1	449	448	45
0.1	901	900	45
0.1	450	902	45
0.1	903	898	45
0.1	904	897	45
0.1	452	451	46
0.1	456	455	46
0.1	907	454	46
0.1	459	458	46
0.1	909	457	46
0.1	460	910	46
0.1	911	908	46
0.1	912	453	46
0.1	913	906	46
0.1	914	905	20
0.1	915	440	20
0.1	916	896	20
0.1	917	886	20
0.1	918	674	20
