1	0	0	1
1	0	0	1
1	0	0	2
1	0	0	2
1	0	0	2
1	0	0	2
1	0	0	2
1	0	0	2
1	0	0	2
1	0	0	2
1	0	0	2
1	0	0	2
1	0	0	2
1	0	0	2
1	0	0	2
1	0	0	3
1	0	0	3
1	0	0	3
1	0	0	3
1	0	0	3
1	0	0	3
1	0	0	3
1	0	0	3
1	0	0	3
1	0	0	3
1	0	0	3
1	0	0	3
1	0	0	3
1	0	0	3
1	0	0	3
1	0	0	3
1	0	0	3
1	0	0	3
1	0	0	3
1	0	0	3
1	0	0	2
1	0	0	2
1	0	0	2
1	0	0	2
1	0	0	2
1	0	0	2
1	0	0	2
1	0	0	4
1	0	0	4
1	0	0	4
1	0	0	4
1	0	0	4
1	0	0	4
1	0	0	4
1	0	0	4
1	0	0	4
1	0	0	4
1	0	0	4
1	0	0	4
1	0	0	4
1	0	0	4
1	0	0	4
1	0	0	4
1	0	0	4
1	0	0	4
1	0	0	4
1	0	0	4
1	0	0	1
1	0	0	1
1	0	0	1
1	0	0	1
1	0	0	1
1	0	0	1
1	0	0	1
1	0	0	1
1	0	0	1
1	0	0	1
1	0	0	1
1	0	0	1
1	0	0	1
1	0	0	1
1	0	0	1
1	0	0	1
1	0	0	1
1	0	0	1
1	0	0	5
1	0	0	5
1	0	0	5
1	0	0	5
1	0	0	5
1	0	0	5
1	0	0	5
1	0	0	5
1	0	0	5
1	0	0	5
1	0	0	5
1	0	0	5
1	0	0	5
1	0	0	5
1	0	0	5
1	0	0	5
1	0	0	5
1	0	0	5
1	0	0	5
1	0	0	5
1	0	0	6
1	0	0	6
1	0	0	6
1	0	0	6
1	0	0	6
1	0	0	6
1	0	0	6
1	0	0	6
1	0	0	6
1	0	0	6
1	0	0	6
1	0	0	6
1	0	0	6
1	0	0	7
1	0	0	8
1	0	0	8
1	0	0	8
1	0	0	8
1	0	0	8
1	0	0	8
1	0	0	8
1	0	0	8
1	0	0	8
1	0	0	8
1	0	0	8
1	0	0	8
1	0	0	8
1	0	0	8
1	0	0	8
1	0	0	8
1	0	0	8
1	0	0	8
1	0	0	8
1	0	0	8
1	0	0	7
1	0	0	7
1	0	0	7
1	0	0	7
1	0	0	7
1	0	0	7
1	0	0	7
1	0	0	7
1	0	0	7
1	0	0	7
1	0	0	7
1	0	0	7
1	0	0	7
1	0	0	7
1	0	0	7
1	0	0	7
1	0	0	7
1	0	0	7
1	0	0	7
1	0	0	6
1	0	0	6
1	0	0	9
1	0	0	9
1	0	0	9
1	0	0	9
1	0	0	9
1	0	0	9
1	0	0	9
1	0	0	9
1	0	0	9
1	0	0	9
1	0	0	9
1	0	0	9
1	0	0	9
1	0	0	9
1	0	0	9
1	0	0	9
1	0	0	9
1	0	0	9
1	0	0	9
1	0	0	9
1	0	0	6
1	0	0	6
1	0	0	6
1	0	0	6
1	0	0	6
1	0	0	10
1	0	0	10
1	0	0	10
1	0	0	10
1	0	0	10
1	0	0	10
1	0	0	10
1	0	0	10
1	0	0	10
1	0	0	10
1	0	0	10
1	0	0	10
1	0	0	10
1	0	0	10
1	0	0	10
1	0	0	10
1	0	0	10
1	0	0	10
1	0	0	10
1	0	0	10
1	0	0	11
1	0	0	11
1	0	0	12
1	0	0	12
1	0	0	12
1	0	0	12
1	0	0	12
1	0	0	12
1	0	0	12
1	0	0	12
1	0	0	12
1	0	0	12
1	0	0	12
1	0	0	12
1	0	0	12
1	0	0	12
1	0	0	12
1	0	0	12
1	0	0	12
1	0	0	12
1	0	0	12
1	0	0	12
1	0	0	11
1	0	0	11
1	0	0	11
1	0	0	11
1	0	0	11
1	0	0	11
1	0	0	11
1	0	0	11
1	0	0	11
1	0	0	11
1	0	0	13
1	0	0	13
1	0	0	13
1	0	0	13
1	0	0	13
1	0	0	13
1	0	0	13
1	0	0	13
1	0	0	13
1	0	0	13
1	0	0	13
1	0	0	13
1	0	0	13
1	0	0	13
1	0	0	13
1	0	0	13
1	0	0	13
1	0	0	13
1	0	0	13
1	0	0	13
1	0	0	11
1	0	0	11
1	0	0	11
1	0	0	11
1	0	0	11
1	0	0	11
1	0	0	11
1	0	0	11
1	0	0	14
1	0	0	14
1	0	0	14
1	0	0	14
1	0	0	14
1	0	0	14
1	0	0	14
1	0	0	14
1	0	0	14
1	0	0	14
1	0	0	14
1	0	0	14
1	0	0	14
1	0	0	14
1	0	0	14
1	0	0	14
1	0	0	14
1	0	0	14
1	0	0	14
1	0	0	14
0.1	2	1	1
0.1	4	3	2
0.1	7	6	2
0.1	8	283	2
0.1	284	5	2
0.1	285	282	2
0.1	10	9	2
0.1	13	12	2
0.1	288	11	2
0.1	289	287	2
0.1	290	286	2
0.1	18	17	3
0.1	19	292	3
0.1	293	16	3
0.1	21	20	3
0.1	24	23	3
0.1	296	22	3
0.1	27	26	3
0.1	298	25	3
0.1	28	299	3
0.1	300	297	3
0.1	30	29	3
0.1	302	301	3
0.1	303	295	3
0.1	31	304	3
0.1	305	294	3
0.1	35	34	3
0.1	307	33	3
0.1	308	32	3
0.1	309	306	3
0.1	310	15	2
0.1	36	311	2
0.1	38	37	2
0.1	39	313	2
0.1	314	312	2
0.1	315	14	2
0.1	42	41	2
0.1	44	43	4
0.1	47	46	4
0.1	319	45	4
0.1	50	49	4
0.1	321	48	4
0.1	52	51	4
0.1	323	322	4
0.1	53	324	4
0.1	55	54	4
0.1	57	56	4
0.1	327	326	4
0.1	61	60	4
0.1	329	59	4
0.1	330	58	4
0.1	62	331	4
0.1	332	328	4
0.1	333	325	4
0.1	334	320	4
0.1	335	318	4
0.1	336	317	2
0.1	337	40	2
0.1	338	316	2
0.1	339	291	2
0.1	340	281	1
0.1	65	64	1
0.1	342	63	1
0.1	67	66	1
0.1	68	344	1
0.1	345	343	1
0.1	70	69	1
0.1	74	73	1
0.1	76	75	1
0.1	349	348	1
0.1	350	72	1
0.1	351	71	1
0.1	78	77	1
0.1	353	352	1
0.1	354	347	1
0.1	355	346	1
0.1	79	356	1
0.1	357	341	1
0.1	83	82	5
0.1	84	359	5
0.1	360	81	5
0.1	85	361	5
0.1	87	86	5
0.1	89	88	5
0.1	364	363	5
0.1	365	362	5
0.1	91	90	5
0.1	95	94	5
0.1	368	93	5
0.1	97	96	5
0.1	370	369	5
0.1	371	92	5
0.1	372	367	5
0.1	373	366	5
0.1	100	99	5
0.1	375	98	5
0.1	376	374	5
0.1	105	104	6
0.1	378	103	6
0.1	110	109	6
0.1	380	108	6
0.1	111	381	6
0.1	382	107	6
0.1	112	383	6
0.1	384	106	6
0.1	113	385	6
0.1	386	379	6
0.1	387	102	6
0.1	388	101	6
0.1	116	115	8
0.1	117	390	8
0.1	120	119	8
0.1	392	118	8
0.1	122	121	8
0.1	394	393	8
0.1	125	124	8
0.1	396	123	8
0.1	128	127	8
0.1	129	398	8
0.1	399	126	8
0.1	400	397	8
0.1	132	131	8
0.1	402	130	8
0.1	133	403	8
0.1	134	404	8
0.1	405	401	8
0.1	406	395	8
0.1	407	391	8
0.1	136	135	7
0.1	139	138	7
0.1	141	140	7
0.1	411	410	7
0.1	412	137	7
0.1	413	409	7
0.1	143	142	7
0.1	415	414	7
0.1	416	408	7
0.1	145	144	7
0.1	148	147	7
0.1	419	146	7
0.1	149	420	7
0.1	153	152	7
0.1	422	151	7
0.1	423	150	7
0.1	424	421	7
0.1	425	418	7
0.1	426	417	7
0.1	427	114	7
0.1	155	154	6
0.1	159	158	9
0.1	430	157	9
0.1	431	156	9
0.1	161	160	9
0.1	433	432	9
0.1	164	163	9
0.1	435	162	9
0.1	165	436	9
0.1	166	437	9
0.1	168	167	9
0.1	439	438	9
0.1	171	170	9
0.1	172	441	9
0.1	442	169	9
0.1	443	440	9
0.1	444	434	9
0.1	174	173	9
0.1	175	446	9
0.1	447	445	9
0.1	448	429	6
0.1	177	176	6
0.1	180	179	6
0.1	451	178	6
0.1	452	450	6
0.1	453	449	6
0.1	454	428	6
0.1	455	389	6
0.1	456	377	5
0.1	182	181	10
0.1	185	184	10
0.1	459	183	10
0.1	460	458	10
0.1	187	186	10
0.1	188	462	10
0.1	463	461	10
0.1	193	192	10
0.1	465	191	10
0.1	466	190	10
0.1	467	189	10
0.1	195	194	10
0.1	469	468	10
0.1	199	198	10
0.1	200	471	10
0.1	472	197	10
0.1	473	196	10
0.1	474	470	10
0.1	475	464	10
0.1	476	457	1
0.1	477	80	1
0.1	478	358	1
0.1	202	201	11
0.1	204	203	12
0.1	209	208	12
0.1	482	207	12
0.1	483	206	12
0.1	210	484	12
0.1	485	205	12
0.1	212	211	12
0.1	214	213	12
0.1	217	216	12
0.1	489	215	12
0.1	490	488	12
0.1	491	487	12
0.1	222	221	12
0.1	493	220	12
0.1	494	219	12
0.1	495	218	12
0.1	496	492	12
0.1	497	486	12
0.1	498	481	12
0.1	499	480	11
0.1	223	500	11
0.1	225	224	11
0.1	226	502	11
0.1	229	228	11
0.1	504	227	11
0.1	505	503	11
0.1	232	231	11
0.1	507	230	11
0.1	508	506	11
0.1	234	233	13
0.1	236	235	13
0.1	511	510	13
0.1	238	237	13
0.1	240	239	13
0.1	246	245	13
0.1	515	244	13
0.1	516	243	13
0.1	517	242	13
0.1	518	241	13
0.1	519	514	13
0.1	247	520	13
0.1	521	513	13
0.1	250	249	13
0.1	523	248	13
0.1	524	522	13
0.1	525	512	13
0.1	252	251	13
0.1	527	526	13
0.1	254	253	11
0.1	256	255	11
0.1	530	529	11
0.1	258	257	11
0.1	532	531	11
0.1	260	259	11
0.1	534	533	11
0.1	535	528	11
0.1	536	509	11
0.1	537	501	11
0.1	262	261	14
0.1	264	263	14
0.1	266	265	14
0.1	268	267	14
0.1	542	541	14
0.1	270	269	14
0.1	544	543	14
0.1	272	271	14
0.1	273	546	14
0.1	276	275	14
0.1	548	274	14
0.1	549	547	14
0.1	278	277	14
0.1	551	550	14
0.1	552	545	14
0.1	553	540	14
0.1	280	279	14
0.1	555	554	14
0.1	556	539	14
0.1	557	538	14
0.1	558	479	14
