1	0	0	1
1	0	0	1
1	0	0	2
1	0	0	2
1	0	0	2
1	0	0	3
1	0	0	3
1	0	0	3
1	0	0	4
1	0	0	4
1	0	0	5
1	0	0	5
1	0	0	5
1	0	0	5
1	0	0	5
1	0	0	5
1	0	0	5
1	0	0	6
1	0	0	6
1	0	0	6
1	0	0	6
1	0	0	6
1	0	0	6
1	0	0	6
1	0	0	6
1	0	0	6
1	0	0	6
1	0	0	5
1	0	0	5
1	0	0	5
1	0	0	4
1	0	0	4
1	0	0	4
1	0	0	4
1	0	0	7
1	0	0	7
1	0	0	7
1	0	0	7
1	0	0	7
1	0	0	7
1	0	0	7
1	0	0	7
1	0	0	7
1	0	0	7
1	0	0	8
1	0	0	8
1	0	0	8
1	0	0	8
1	0	0	8
1	0	0	8
1	0	0	8
1	0	0	8
1	0	0	8
1	0	0	8
1	0	0	4
1	0	0	9
1	0	0	9
1	0	0	9
1	0	0	9
1	0	0	9
1	0	0	9
1	0	0	9
1	0	0	9
1	0	0	9
1	0	0	9
1	0	0	4
1	0	0	4
1	0	0	4
1	0	0	3
1	0	0	3
1	0	0	3
1	0	0	3
1	0	0	3
1	0	0	3
1	0	0	3
1	0	0	2
1	0	0	2
1	0	0	2
1	0	0	2
1	0	0	2
1	0	0	2
1	0	0	2
1	0	0	1
1	0	0	1
1	0	0	1
1	0	0	1
1	0	0	1
1	0	0	1
1	0	0	1
1	0	0	1
1	0	0	10
1	0	0	11
1	0	0	11
1	0	0	11
1	0	0	10
1	0	0	10
1	0	0	10
1	0	0	10
1	0	0	10
1	0	0	10
1	0	0	10
1	0	0	10
1	0	0	10
1	0	0	11
1	0	0	11
1	0	0	11
1	0	0	11
1	0	0	11
1	0	0	11
1	0	0	11
1	0	0	12
1	0	0	12
1	0	0	12
1	0	0	12
1	0	0	12
1	0	0	12
1	0	0	12
1	0	0	12
1	0	0	12
1	0	0	12
1	0	0	13
1	0	0	13
1	0	0	14
1	0	0	14
1	0	0	14
1	0	0	14
1	0	0	14
1	0	0	14
1	0	0	14
1	0	0	14
1	0	0	14
1	0	0	14
1	0	0	15
1	0	0	15
1	0	0	16
1	0	0	16
1	0	0	16
1	0	0	16
1	0	0	16
1	0	0	16
1	0	0	16
1	0	0	16
1	0	0	16
1	0	0	16
1	0	0	15
1	0	0	15
1	0	0	15
1	0	0	15
1	0	0	15
1	0	0	15
1	0	0	17
1	0	0	18
1	0	0	18
1	0	0	18
1	0	0	18
1	0	0	18
1	0	0	18
1	0	0	18
1	0	0	18
1	0	0	18
1	0	0	18
1	0	0	17
1	0	0	17
1	0	0	17
1	0	0	17
1	0	0	17
1	0	0	17
1	0	0	17
1	0	0	17
1	0	0	17
1	0	0	19
1	0	0	19
1	0	0	19
1	0	0	20
1	0	0	20
1	0	0	20
1	0	0	20
1	0	0	20
1	0	0	20
1	0	0	20
1	0	0	20
1	0	0	20
1	0	0	20
1	0	0	19
1	0	0	19
1	0	0	21
1	0	0	21
1	0	0	21
1	0	0	21
1	0	0	21
1	0	0	21
1	0	0	21
1	0	0	21
1	0	0	21
1	0	0	21
1	0	0	19
1	0	0	19
1	0	0	19
1	0	0	19
1	0	0	19
1	0	0	22
1	0	0	22
1	0	0	22
1	0	0	22
1	0	0	22
1	0	0	22
1	0	0	22
1	0	0	22
1	0	0	22
1	0	0	22
1	0	0	15
1	0	0	15
1	0	0	13
1	0	0	13
1	0	0	13
1	0	0	13
1	0	0	13
1	0	0	13
1	0	0	13
1	0	0	13
0.1	2	1	1
0.1	5	4	2
0.1	8	7	3
0.1	223	6	3
0.1	10	9	4
0.1	11	225	5
0.1	13	12	5
0.1	16	15	5
0.1	228	14	5
0.1	229	227	5
0.1	17	230	5
0.1	231	226	5
0.1	232	224	5
0.1	20	19	6
0.1	21	234	6
0.1	235	18	6
0.1	25	24	6
0.1	27	26	6
0.1	238	237	6
0.1	239	23	6
0.1	240	22	6
0.1	241	236	6
0.1	30	29	5
0.1	243	28	5
0.1	244	242	5
0.1	245	233	5
0.1	32	31	4
0.1	33	247	4
0.1	36	35	7
0.1	38	37	7
0.1	40	39	7
0.1	42	41	7
0.1	252	251	7
0.1	44	43	7
0.1	254	253	7
0.1	255	250	7
0.1	256	249	7
0.1	257	34	4
0.1	258	248	4
0.1	46	45	8
0.1	48	47	8
0.1	50	49	8
0.1	262	261	8
0.1	52	51	8
0.1	264	263	8
0.1	54	53	8
0.1	266	265	8
0.1	267	260	8
0.1	268	259	4
0.1	57	56	9
0.1	60	59	9
0.1	62	61	9
0.1	63	272	9
0.1	273	271	9
0.1	274	58	9
0.1	65	64	9
0.1	276	275	9
0.1	277	270	9
0.1	67	66	4
0.1	279	278	4
0.1	280	55	4
0.1	68	281	4
0.1	282	269	4
0.1	283	246	2
0.1	284	222	2
0.1	285	3	2
0.1	71	70	3
0.1	287	69	3
0.1	72	288	3
0.1	74	73	3
0.1	290	289	3
0.1	75	291	3
0.1	292	286	2
0.1	77	76	2
0.1	79	78	2
0.1	81	80	2
0.1	296	295	2
0.1	297	294	2
0.1	82	298	2
0.1	299	293	2
0.1	83	300	1
0.1	84	301	1
0.1	85	302	1
0.1	87	86	1
0.1	88	304	1
0.1	305	303	1
0.1	90	89	1
0.1	307	306	1
0.1	308	221	1
0.1	97	96	10
0.1	310	95	10
0.1	98	311	10
0.1	100	99	10
0.1	101	313	10
0.1	103	102	10
0.1	315	314	10
0.1	316	312	10
0.1	104	317	11
0.1	318	94	11
0.1	105	319	11
0.1	106	320	11
0.1	108	107	11
0.1	110	109	11
0.1	323	322	11
0.1	324	321	11
0.1	325	93	11
0.1	113	112	12
0.1	116	115	12
0.1	328	114	12
0.1	329	327	12
0.1	330	111	12
0.1	118	117	12
0.1	119	332	12
0.1	333	331	12
0.1	120	334	12
0.1	335	326	11
0.1	336	92	11
0.1	337	91	10
0.1	125	124	14
0.1	127	126	14
0.1	129	128	14
0.1	341	340	14
0.1	130	342	14
0.1	132	131	14
0.1	344	343	14
0.1	345	339	14
0.1	346	123	14
0.1	133	347	15
0.1	136	135	16
0.1	137	349	16
0.1	139	138	16
0.1	141	140	16
0.1	143	142	16
0.1	144	353	16
0.1	354	352	16
0.1	355	351	16
0.1	356	350	16
0.1	146	145	15
0.1	358	357	15
0.1	153	152	18
0.1	155	154	18
0.1	361	360	18
0.1	160	159	18
0.1	363	158	18
0.1	364	157	18
0.1	365	156	18
0.1	161	366	18
0.1	367	362	18
0.1	368	151	17
0.1	163	162	17
0.1	166	165	17
0.1	371	164	17
0.1	167	372	17
0.1	170	169	17
0.1	374	168	17
0.1	375	373	17
0.1	376	370	17
0.1	377	369	17
0.1	378	150	15
0.1	379	149	15
0.1	172	171	19
0.1	176	175	20
0.1	177	382	20
0.1	178	383	20
0.1	179	384	20
0.1	181	180	20
0.1	386	385	20
0.1	183	182	20
0.1	388	387	20
0.1	389	174	20
0.1	184	390	19
0.1	189	188	21
0.1	392	187	21
0.1	192	191	21
0.1	394	190	21
0.1	395	393	21
0.1	194	193	21
0.1	397	396	21
0.1	195	398	21
0.1	399	186	21
0.1	400	185	19
0.1	196	401	19
0.1	197	402	19
0.1	403	391	19
0.1	404	173	19
0.1	200	199	19
0.1	406	198	19
0.1	204	203	22
0.1	207	206	22
0.1	409	205	22
0.1	410	408	22
0.1	209	208	22
0.1	210	412	22
0.1	413	411	22
0.1	414	202	22
0.1	415	201	22
0.1	416	407	19
0.1	417	405	19
0.1	418	381	19
0.1	419	380	15
0.1	420	148	15
0.1	212	211	15
0.1	422	421	15
0.1	423	147	15
0.1	424	359	15
0.1	425	134	15
0.1	426	348	15
0.1	216	215	13
0.1	428	214	13
0.1	429	213	13
0.1	430	427	13
0.1	217	431	13
0.1	432	122	13
0.1	219	218	13
0.1	434	433	13
0.1	220	435	13
0.1	436	121	13
0.1	437	338	10
0.1	438	309	1
