1	0	0	1
1	0	0	1
1	0	0	1
1	0	0	1
1	0	0	1
1	0	0	1
1	0	0	1
1	0	0	1
1	0	0	1
1	0	0	1
1	0	0	2
1	0	0	2
1	0	0	2
1	0	0	2
1	0	0	2
1	0	0	2
1	0	0	2
1	0	0	2
1	0	0	2
1	0	0	2
1	0	0	3
1	0	0	3
1	0	0	3
1	0	0	3
1	0	0	3
1	0	0	3
1	0	0	3
1	0	0	3
1	0	0	3
1	0	0	3
1	0	0	4
1	0	0	4
1	0	0	4
1	0	0	5
1	0	0	5
1	0	0	5
1	0	0	5
1	0	0	5
1	0	0	5
1	0	0	5
1	0	0	5
1	0	0	5
1	0	0	5
1	0	0	6
1	0	0	4
1	0	0	4
1	0	0	6
1	0	0	6
1	0	0	6
1	0	0	6
1	0	0	6
1	0	0	6
1	0	0	6
1	0	0	6
1	0	0	6
1	0	0	7
1	0	0	7
1	0	0	7
1	0	0	7
1	0	0	7
1	0	0	7
1	0	0	7
1	0	0	7
1	0	0	7
1	0	0	7
1	0	0	8
1	0	0	8
1	0	0	8
1	0	0	8
1	0	0	8
1	0	0	8
1	0	0	8
1	0	0	8
1	0	0	8
1	0	0	8
1	0	0	9
1	0	0	9
1	0	0	9
1	0	0	9
1	0	0	9
1	0	0	9
1	0	0	9
1	0	0	9
1	0	0	9
1	0	0	9
1	0	0	4
1	0	0	4
1	0	0	4
1	0	0	4
1	0	0	4
1	0	0	10
1	0	0	10
1	0	0	10
1	0	0	10
1	0	0	10
1	0	0	10
1	0	0	10
1	0	0	10
1	0	0	10
1	0	0	10
1	0	0	11
1	0	0	11
1	0	0	12
1	0	0	13
1	0	0	13
1	0	0	13
1	0	0	13
1	0	0	13
1	0	0	13
1	0	0	13
1	0	0	13
1	0	0	13
1	0	0	13
1	0	0	12
1	0	0	12
1	0	0	12
1	0	0	12
1	0	0	12
1	0	0	12
1	0	0	12
1	0	0	12
1	0	0	12
1	0	0	11
1	0	0	11
1	0	0	11
1	0	0	14
1	0	0	14
1	0	0	14
1	0	0	14
1	0	0	14
1	0	0	14
1	0	0	14
1	0	0	14
1	0	0	14
1	0	0	14
1	0	0	11
1	0	0	11
1	0	0	11
1	0	0	11
1	0	0	15
1	0	0	15
1	0	0	15
1	0	0	15
1	0	0	15
1	0	0	15
1	0	0	15
1	0	0	15
1	0	0	15
1	0	0	15
1	0	0	16
1	0	0	16
1	0	0	16
1	0	0	16
1	0	0	16
1	0	0	16
1	0	0	16
1	0	0	16
1	0	0	17
1	0	0	17
1	0	0	17
1	0	0	17
1	0	0	17
1	0	0	17
1	0	0	17
1	0	0	17
1	0	0	17
1	0	0	17
1	0	0	16
1	0	0	16
1	0	0	11
1	0	0	18
1	0	0	18
1	0	0	18
1	0	0	18
1	0	0	18
1	0	0	18
1	0	0	18
1	0	0	19
1	0	0	19
1	0	0	19
1	0	0	19
1	0	0	19
1	0	0	19
1	0	0	19
1	0	0	19
1	0	0	20
1	0	0	20
1	0	0	20
1	0	0	20
1	0	0	20
1	0	0	20
1	0	0	20
1	0	0	21
1	0	0	21
1	0	0	21
1	0	0	21
1	0	0	21
1	0	0	21
1	0	0	21
1	0	0	21
1	0	0	21
1	0	0	21
1	0	0	20
1	0	0	20
1	0	0	20
1	0	0	19
1	0	0	22
1	0	0	22
1	0	0	22
1	0	0	22
1	0	0	22
1	0	0	22
1	0	0	22
1	0	0	22
1	0	0	22
1	0	0	22
1	0	0	19
1	0	0	23
1	0	0	24
1	0	0	24
1	0	0	24
1	0	0	24
1	0	0	24
1	0	0	24
1	0	0	24
1	0	0	24
1	0	0	24
1	0	0	24
1	0	0	23
1	0	0	23
1	0	0	25
1	0	0	26
1	0	0	26
1	0	0	26
1	0	0	26
1	0	0	26
1	0	0	26
1	0	0	26
1	0	0	26
1	0	0	26
1	0	0	26
1	0	0	27
1	0	0	27
1	0	0	27
1	0	0	27
1	0	0	27
1	0	0	27
1	0	0	27
1	0	0	27
1	0	0	27
1	0	0	27
1	0	0	28
1	0	0	28
1	0	0	28
1	0	0	28
1	0	0	28
1	0	0	28
1	0	0	29
1	0	0	29
1	0	0	29
1	0	0	29
1	0	0	29
1	0	0	29
1	0	0	29
1	0	0	29
1	0	0	29
1	0	0	29
1	0	0	28
1	0	0	28
1	0	0	28
1	0	0	28
1	0	0	30
1	0	0	30
1	0	0	30
1	0	0	30
1	0	0	30
1	0	0	30
1	0	0	30
1	0	0	30
1	0	0	30
1	0	0	30
1	0	0	31
1	0	0	31
1	0	0	31
1	0	0	31
1	0	0	31
1	0	0	31
1	0	0	32
1	0	0	32
1	0	0	32
1	0	0	32
1	0	0	32
1	0	0	32
1	0	0	32
1	0	0	32
1	0	0	32
1	0	0	32
1	0	0	31
1	0	0	31
1	0	0	31
1	0	0	31
1	0	0	33
1	0	0	33
1	0	0	33
1	0	0	33
1	0	0	33
1	0	0	33
1	0	0	33
1	0	0	33
1	0	0	33
1	0	0	33
1	0	0	25
1	0	0	25
1	0	0	25
1	0	0	25
1	0	0	25
1	0	0	25
1	0	0	25
1	0	0	25
1	0	0	25
1	0	0	34
1	0	0	34
1	0	0	34
1	0	0	34
1	0	0	34
1	0	0	34
1	0	0	34
1	0	0	34
1	0	0	34
1	0	0	34
1	0	0	23
1	0	0	23
1	0	0	23
1	0	0	23
1	0	0	23
1	0	0	23
1	0	0	23
1	0	0	35
1	0	0	35
1	0	0	35
1	0	0	35
1	0	0	35
1	0	0	35
1	0	0	35
1	0	0	35
1	0	0	35
1	0	0	35
1	0	0	36
1	0	0	36
1	0	0	37
1	0	0	37
1	0	0	37
1	0	0	37
1	0	0	37
1	0	0	37
1	0	0	37
1	0	0	37
1	0	0	37
1	0	0	37
1	0	0	36
1	0	0	36
1	0	0	36
1	0	0	36
1	0	0	36
1	0	0	36
1	0	0	36
1	0	0	36
1	0	0	38
1	0	0	38
1	0	0	38
1	0	0	38
1	0	0	38
1	0	0	38
1	0	0	38
1	0	0	38
1	0	0	38
1	0	0	38
1	0	0	39
1	0	0	39
1	0	0	39
1	0	0	39
1	0	0	39
1	0	0	39
1	0	0	40
1	0	0	40
1	0	0	40
1	0	0	40
1	0	0	40
1	0	0	40
1	0	0	40
1	0	0	40
1	0	0	40
1	0	0	40
1	0	0	39
1	0	0	39
1	0	0	39
1	0	0	39
1	0	0	41
1	0	0	41
1	0	0	41
1	0	0	41
1	0	0	41
1	0	0	42
1	0	0	42
1	0	0	42
1	0	0	42
1	0	0	42
1	0	0	42
1	0	0	42
1	0	0	42
1	0	0	42
1	0	0	42
1	0	0	43
1	0	0	43
1	0	0	43
1	0	0	43
1	0	0	43
1	0	0	44
1	0	0	44
1	0	0	44
1	0	0	44
1	0	0	44
1	0	0	44
1	0	0	44
1	0	0	44
1	0	0	44
1	0	0	44
1	0	0	43
1	0	0	43
1	0	0	43
1	0	0	43
1	0	0	43
1	0	0	45
1	0	0	45
1	0	0	46
1	0	0	46
1	0	0	46
1	0	0	46
1	0	0	46
1	0	0	46
1	0	0	46
1	0	0	46
1	0	0	46
1	0	0	46
1	0	0	45
1	0	0	45
1	0	0	45
1	0	0	45
1	0	0	45
1	0	0	45
1	0	0	45
1	0	0	45
1	0	0	47
1	0	0	47
1	0	0	47
1	0	0	47
1	0	0	47
1	0	0	47
1	0	0	47
1	0	0	47
1	0	0	47
1	0	0	47
1	0	0	41
1	0	0	41
1	0	0	41
1	0	0	41
1	0	0	41
1	0	0	48
1	0	0	48
1	0	0	48
1	0	0	48
1	0	0	48
1	0	0	48
1	0	0	48
1	0	0	48
1	0	0	48
1	0	0	48
1	0	0	18
1	0	0	49
1	0	0	49
1	0	0	49
1	0	0	49
1	0	0	49
1	0	0	49
1	0	0	49
1	0	0	49
1	0	0	49
1	0	0	49
1	0	0	50
1	0	0	50
1	0	0	50
1	0	0	50
1	0	0	50
1	0	0	50
1	0	0	50
1	0	0	50
1	0	0	50
1	0	0	50
1	0	0	51
1	0	0	51
1	0	0	51
1	0	0	51
1	0	0	51
1	0	0	51
1	0	0	52
1	0	0	52
1	0	0	52
1	0	0	52
1	0	0	52
1	0	0	52
1	0	0	52
1	0	0	52
1	0	0	52
1	0	0	52
1	0	0	51
1	0	0	51
1	0	0	51
1	0	0	51
1	0	0	53
1	0	0	53
1	0	0	53
1	0	0	53
1	0	0	54
1	0	0	54
1	0	0	54
1	0	0	54
1	0	0	54
1	0	0	54
1	0	0	54
1	0	0	54
1	0	0	54
1	0	0	54
1	0	0	55
1	0	0	55
1	0	0	55
1	0	0	55
1	0	0	55
1	0	0	55
1	0	0	55
1	0	0	55
1	0	0	55
1	0	0	55
1	0	0	53
1	0	0	53
1	0	0	53
1	0	0	53
1	0	0	53
1	0	0	53
1	0	0	56
1	0	0	56
1	0	0	56
1	0	0	56
1	0	0	56
1	0	0	56
1	0	0	56
1	0	0	56
1	0	0	56
1	0	0	56
1	0	0	18
1	0	0	18
1	0	0	57
1	0	0	58
1	0	0	58
1	0	0	58
1	0	0	58
1	0	0	58
1	0	0	58
1	0	0	58
1	0	0	58
1	0	0	58
1	0	0	58
1	0	0	57
1	0	0	57
1	0	0	57
1	0	0	57
1	0	0	57
1	0	0	57
1	0	0	57
1	0	0	57
1	0	0	57
1	0	0	59
1	0	0	59
1	0	0	59
1	0	0	60
1	0	0	60
1	0	0	60
1	0	0	60
1	0	0	60
1	0	0	60
1	0	0	60
1	0	0	60
1	0	0	60
1	0	0	60
1	0	0	61
1	0	0	61
1	0	0	61
1	0	0	61
1	0	0	61
1	0	0	61
1	0	0	61
1	0	0	61
1	0	0	61
1	0	0	61
1	0	0	59
1	0	0	62
1	0	0	62
1	0	0	62
1	0	0	62
1	0	0	62
1	0	0	62
1	0	0	62
1	0	0	62
1	0	0	62
1	0	0	62
1	0	0	59
1	0	0	59
1	0	0	59
1	0	0	59
1	0	0	59
1	0	0	59
1	0	0	63
1	0	0	63
1	0	0	63
1	0	0	63
1	0	0	63
1	0	0	63
1	0	0	63
1	0	0	63
1	0	0	63
1	0	0	63
1	0	0	64
1	0	0	64
1	0	0	64
1	0	0	64
1	0	0	64
1	0	0	64
1	0	0	64
1	0	0	64
1	0	0	64
1	0	0	64
0.1	3	2	1
0.1	641	1	1
0.1	5	4	1
0.1	8	7	1
0.1	644	6	1
0.1	10	9	1
0.1	646	645	1
0.1	647	643	1
0.1	648	642	1
0.1	12	11	2
0.1	14	13	2
0.1	651	650	2
0.1	16	15	2
0.1	653	652	2
0.1	18	17	2
0.1	20	19	2
0.1	23	22	3
0.1	25	24	3
0.1	27	26	3
0.1	28	659	3
0.1	660	658	3
0.1	661	657	3
0.1	30	29	3
0.1	663	662	3
0.1	664	21	3
0.1	665	656	2
0.1	666	655	2
0.1	667	654	2
0.1	32	31	4
0.1	33	669	4
0.1	38	37	5
0.1	671	36	5
0.1	672	35	5
0.1	40	39	5
0.1	43	42	5
0.1	675	41	5
0.1	676	674	5
0.1	677	673	5
0.1	678	34	5
0.1	679	670	4
0.1	46	45	4
0.1	681	44	4
0.1	49	48	6
0.1	51	50	6
0.1	684	683	6
0.1	685	47	6
0.1	53	52	6
0.1	54	687	6
0.1	55	688	6
0.1	689	686	6
0.1	690	682	4
0.1	691	680	4
0.1	58	57	7
0.1	693	56	7
0.1	61	60	7
0.1	695	59	7
0.1	696	694	7
0.1	64	63	7
0.1	698	62	7
0.1	65	699	7
0.1	700	697	7
0.1	67	66	8
0.1	68	702	8
0.1	70	69	8
0.1	72	71	8
0.1	705	704	8
0.1	74	73	8
0.1	75	707	8
0.1	708	706	8
0.1	709	703	8
0.1	77	76	9
0.1	82	81	9
0.1	83	712	9
0.1	84	713	9
0.1	714	80	9
0.1	715	79	9
0.1	85	716	9
0.1	717	78	9
0.1	718	711	9
0.1	719	710	9
0.1	86	720	4
0.1	721	701	4
0.1	722	692	4
0.1	90	89	4
0.1	724	88	4
0.1	725	87	4
0.1	92	91	10
0.1	94	93	10
0.1	97	96	10
0.1	729	95	10
0.1	730	728	10
0.1	731	727	10
0.1	99	98	10
0.1	100	733	10
0.1	734	732	10
0.1	107	106	13
0.1	109	108	13
0.1	737	736	13
0.1	112	111	13
0.1	739	110	13
0.1	740	738	13
0.1	741	105	13
0.1	742	104	13
0.1	113	743	13
0.1	115	114	12
0.1	745	744	12
0.1	117	116	12
0.1	747	746	12
0.1	748	103	12
0.1	121	120	12
0.1	122	750	12
0.1	751	119	12
0.1	752	118	12
0.1	753	749	12
0.1	754	102	11
0.1	755	101	11
0.1	125	124	11
0.1	127	126	14
0.1	129	128	14
0.1	759	758	14
0.1	131	130	14
0.1	133	132	14
0.1	762	761	14
0.1	134	763	14
0.1	135	764	14
0.1	765	760	14
0.1	137	136	11
0.1	138	767	11
0.1	768	766	11
0.1	769	757	11
0.1	770	123	11
0.1	771	756	11
0.1	139	772	11
0.1	143	142	15
0.1	774	141	15
0.1	146	145	15
0.1	147	776	15
0.1	148	777	15
0.1	778	144	15
0.1	149	779	15
0.1	780	775	15
0.1	781	140	15
0.1	153	152	16
0.1	783	151	16
0.1	155	154	16
0.1	156	785	16
0.1	786	784	16
0.1	787	150	16
0.1	160	159	17
0.1	162	161	17
0.1	163	790	17
0.1	791	789	17
0.1	792	158	17
0.1	167	166	17
0.1	794	165	17
0.1	795	164	17
0.1	796	793	17
0.1	169	168	16
0.1	798	797	16
0.1	799	157	16
0.1	800	788	16
0.1	801	782	16
0.1	802	773	11
0.1	170	803	11
0.1	804	735	4
0.1	805	726	4
0.1	806	723	4
0.1	807	668	2
0.1	808	649	2
0.1	171	809	18
0.1	173	172	18
0.1	811	810	18
0.1	174	812	18
0.1	176	175	18
0.1	177	814	18
0.1	179	178	19
0.1	183	182	19
0.1	184	817	19
0.1	185	818	19
0.1	819	181	19
0.1	820	180	19
0.1	189	188	20
0.1	190	822	20
0.1	192	191	20
0.1	824	823	20
0.1	825	187	20
0.1	826	186	20
0.1	197	196	21
0.1	828	195	21
0.1	198	829	21
0.1	830	194	21
0.1	831	193	21
0.1	200	199	21
0.1	202	201	21
0.1	834	833	21
0.1	835	832	21
0.1	204	203	20
0.1	205	837	20
0.1	838	836	20
0.1	839	827	20
0.1	840	821	19
0.1	841	816	19
0.1	209	208	22
0.1	210	843	22
0.1	213	212	22
0.1	845	211	22
0.1	846	844	22
0.1	847	207	22
0.1	214	848	22
0.1	216	215	22
0.1	850	849	22
0.1	851	206	19
0.1	217	852	19
0.1	853	842	19
0.1	225	224	24
0.1	855	223	24
0.1	856	222	24
0.1	227	226	24
0.1	858	857	24
0.1	859	221	24
0.1	860	220	24
0.1	228	861	24
0.1	862	219	24
0.1	863	218	23
0.1	230	229	23
0.1	865	864	23
0.1	234	233	26
0.1	867	232	26
0.1	237	236	26
0.1	869	235	26
0.1	240	239	26
0.1	241	871	26
0.1	872	238	26
0.1	873	870	26
0.1	245	244	27
0.1	247	246	27
0.1	250	249	27
0.1	877	248	27
0.1	878	876	27
0.1	879	875	27
0.1	251	880	27
0.1	881	243	27
0.1	882	242	27
0.1	252	883	28
0.1	884	874	26
0.1	885	868	26
0.1	264	263	29
0.1	266	265	29
0.1	267	888	29
0.1	889	887	29
0.1	890	262	29
0.1	891	261	29
0.1	892	260	29
0.1	893	259	29
0.1	894	258	29
0.1	895	257	28
0.1	268	896	28
0.1	897	256	28
0.1	898	255	28
0.1	270	269	28
0.1	271	900	28
0.1	901	899	28
0.1	902	254	28
0.1	903	253	28
0.1	904	886	25
0.1	274	273	30
0.1	906	272	30
0.1	276	275	30
0.1	908	907	30
0.1	277	909	30
0.1	279	278	30
0.1	911	910	30
0.1	281	280	30
0.1	913	912	30
0.1	283	282	31
0.1	915	914	31
0.1	284	916	31
0.1	287	286	31
0.1	918	285	31
0.1	291	290	32
0.1	920	289	32
0.1	921	288	32
0.1	294	293	32
0.1	923	292	32
0.1	297	296	32
0.1	925	295	32
0.1	926	924	32
0.1	927	922	32
0.1	928	919	31
0.1	929	917	31
0.1	299	298	31
0.1	931	930	31
0.1	301	300	31
0.1	305	304	33
0.1	306	934	33
0.1	309	308	33
0.1	936	307	33
0.1	937	935	33
0.1	310	938	33
0.1	311	939	33
0.1	940	303	33
0.1	941	302	33
0.1	942	933	31
0.1	943	932	31
0.1	944	905	25
0.1	945	231	25
0.1	313	312	25
0.1	315	314	25
0.1	948	947	25
0.1	949	946	25
0.1	317	316	25
0.1	320	319	25
0.1	952	318	25
0.1	953	951	25
0.1	326	325	34
0.1	955	324	34
0.1	327	956	34
0.1	957	323	34
0.1	958	322	34
0.1	959	321	34
0.1	329	328	34
0.1	961	960	34
0.1	330	962	34
0.1	963	954	25
0.1	964	950	25
0.1	334	333	23
0.1	335	966	23
0.1	967	332	23
0.1	968	331	23
0.1	337	336	23
0.1	341	340	35
0.1	971	339	35
0.1	972	338	35
0.1	344	343	35
0.1	974	342	35
0.1	347	346	35
0.1	976	345	35
0.1	977	975	35
0.1	978	973	35
0.1	979	970	23
0.1	349	348	36
0.1	351	350	37
0.1	356	355	37
0.1	983	354	37
0.1	358	357	37
0.1	359	985	37
0.1	986	984	37
0.1	987	353	37
0.1	988	352	37
0.1	989	982	37
0.1	361	360	36
0.1	362	991	36
0.1	992	990	36
0.1	993	981	36
0.1	364	363	36
0.1	367	366	36
0.1	996	365	36
0.1	997	995	36
0.1	998	994	36
0.1	370	369	38
0.1	1000	368	38
0.1	372	371	38
0.1	1002	1001	38
0.1	374	373	38
0.1	377	376	38
0.1	1005	375	38
0.1	1006	1004	38
0.1	1007	1003	38
0.1	382	381	39
0.1	383	1009	39
0.1	1010	380	39
0.1	1011	379	39
0.1	1012	378	39
0.1	386	385	40
0.1	1014	384	40
0.1	388	387	40
0.1	390	389	40
0.1	1017	1016	40
0.1	393	392	40
0.1	1019	391	40
0.1	1020	1018	40
0.1	1021	1015	40
0.1	397	396	39
0.1	1023	395	39
0.1	1024	394	39
0.1	1025	1022	39
0.1	1026	1013	39
0.1	1027	1008	23
0.1	1028	999	23
0.1	1029	980	23
0.1	1030	969	23
0.1	1031	965	23
0.1	1032	866	23
0.1	1033	854	19
0.1	1034	815	18
0.1	1035	813	18
0.1	399	398	41
0.1	405	404	42
0.1	408	407	42
0.1	1039	406	42
0.1	1040	1038	42
0.1	1041	403	42
0.1	410	409	42
0.1	412	411	42
0.1	1044	1043	42
0.1	415	414	43
0.1	1046	413	43
0.1	416	1047	43
0.1	419	418	44
0.1	421	420	44
0.1	1050	1049	44
0.1	425	424	44
0.1	1052	423	44
0.1	1053	422	44
0.1	427	426	44
0.1	1055	1054	44
0.1	1056	1051	44
0.1	1057	417	43
0.1	431	430	43
0.1	1059	429	43
0.1	432	1060	43
0.1	1061	428	43
0.1	1062	1058	43
0.1	1063	1048	43
0.1	1064	1045	42
0.1	1065	1042	42
0.1	1066	402	41
0.1	1067	401	41
0.1	1068	400	41
0.1	1069	1037	41
0.1	437	436	46
0.1	1071	435	46
0.1	439	438	46
0.1	442	441	46
0.1	444	443	46
0.1	1075	1074	46
0.1	1076	440	46
0.1	1077	1073	46
0.1	1078	1072	46
0.1	1079	434	45
0.1	447	446	45
0.1	448	1081	45
0.1	1082	445	45
0.1	450	449	45
0.1	451	1084	45
0.1	452	1085	45
0.1	1086	1083	45
0.1	1087	1080	45
0.1	1088	433	45
0.1	456	455	47
0.1	458	457	47
0.1	1091	1090	47
0.1	1092	454	47
0.1	1093	453	47
0.1	460	459	47
0.1	462	461	47
0.1	1096	1095	47
0.1	1097	1094	47
0.1	1098	1089	45
0.1	1099	1070	41
0.1	464	463	41
0.1	1101	1100	41
0.1	466	465	41
0.1	1103	1102	41
0.1	467	1104	41
0.1	471	470	48
0.1	472	1106	48
0.1	1107	469	48
0.1	477	476	48
0.1	1109	475	48
0.1	1110	474	48
0.1	1111	473	48
0.1	1112	1108	48
0.1	1113	468	48
0.1	1114	1105	41
0.1	480	479	49
0.1	482	481	49
0.1	484	483	49
0.1	486	485	49
0.1	487	1119	49
0.1	1120	1118	49
0.1	1121	1117	49
0.1	488	1122	49
0.1	1123	1116	49
0.1	490	489	50
0.1	494	493	50
0.1	1126	492	50
0.1	496	495	50
0.1	498	497	50
0.1	1129	1128	50
0.1	1130	1127	50
0.1	1131	491	50
0.1	1132	1125	50
0.1	502	501	51
0.1	1134	500	51
0.1	1135	499	51
0.1	503	1136	51
0.1	507	506	52
0.1	1138	505	52
0.1	509	508	52
0.1	1140	1139	52
0.1	511	510	52
0.1	513	512	52
0.1	1143	1142	52
0.1	514	1144	52
0.1	1145	1141	52
0.1	517	516	51
0.1	518	1147	51
0.1	1148	515	51
0.1	1149	1146	51
0.1	1150	504	51
0.1	1151	1137	51
0.1	520	519	53
0.1	526	525	54
0.1	530	529	54
0.1	1155	528	54
0.1	1156	527	54
0.1	1157	1154	54
0.1	1158	524	54
0.1	1159	523	54
0.1	532	531	54
0.1	1161	1160	54
0.1	534	533	55
0.1	536	535	55
0.1	1164	1163	55
0.1	539	538	55
0.1	1166	537	55
0.1	540	1167	55
0.1	542	541	55
0.1	1169	1168	55
0.1	1170	1165	55
0.1	1171	1162	54
0.1	543	1172	53
0.1	1173	522	53
0.1	546	545	53
0.1	1175	544	53
0.1	1176	1174	53
0.1	1177	521	53
0.1	548	547	53
0.1	1179	1178	53
0.1	1180	1153	53
0.1	549	1181	56
0.1	550	1182	56
0.1	554	553	56
0.1	1184	552	56
0.1	556	555	56
0.1	557	1186	56
0.1	1187	1185	56
0.1	1188	551	56
0.1	558	1189	56
0.1	1190	1183	56
0.1	1191	1152	56
0.1	1192	1133	49
0.1	1193	1124	49
0.1	1194	478	18
0.1	560	559	18
0.1	565	564	58
0.1	1197	563	58
0.1	567	566	58
0.1	568	1199	58
0.1	1200	1198	58
0.1	1201	562	58
0.1	569	1202	58
0.1	571	570	58
0.1	1204	1203	58
0.1	1205	561	57
0.1	573	572	57
0.1	574	1207	57
0.1	576	575	57
0.1	579	578	57
0.1	1210	577	57
0.1	1211	1209	57
0.1	580	1212	57
0.1	1213	1208	57
0.1	1214	1206	57
0.1	582	581	59
0.1	585	584	60
0.1	586	1217	60
0.1	589	588	60
0.1	1219	587	60
0.1	591	590	60
0.1	1221	1220	60
0.1	592	1222	60
0.1	593	1223	60
0.1	1224	1218	60
0.1	595	594	61
0.1	597	596	61
0.1	1227	1226	61
0.1	600	599	61
0.1	1229	598	61
0.1	602	601	61
0.1	603	1231	61
0.1	1232	1230	61
0.1	1233	1228	61
0.1	1234	1225	60
0.1	604	1235	59
0.1	1236	583	59
0.1	1237	1216	59
0.1	606	605	62
0.1	611	610	62
0.1	1240	609	62
0.1	1241	608	62
0.1	1242	607	62
0.1	613	612	62
0.1	614	1244	62
0.1	1245	1243	62
0.1	1246	1239	62
0.1	618	617	59
0.1	1248	616	59
0.1	620	619	59
0.1	1250	1249	59
0.1	1251	615	59
0.1	1252	1247	59
0.1	1253	1238	59
0.1	622	621	63
0.1	623	1255	63
0.1	1256	1254	63
0.1	1257	1215	63
0.1	628	627	63
0.1	1259	626	63
0.1	630	629	63
0.1	1261	1260	63
0.1	1262	625	63
0.1	1263	624	63
0.1	1264	1258	63
0.1	632	631	64
0.1	634	633	64
0.1	636	635	64
0.1	1268	1267	64
0.1	639	638	64
0.1	1270	637	64
0.1	640	1271	64
0.1	1272	1269	64
0.1	1273	1266	64
0.1	1274	1265	63
0.1	1275	1196	18
0.1	1276	1195	18
0.1	1277	1115	18
0.1	1278	1036	18
