1	0	0	1
1	0	0	1
1	0	0	1
1	0	0	1
1	0	0	1
1	0	0	1
1	0	0	2
1	0	0	2
1	0	0	2
1	0	0	2
1	0	0	2
1	0	0	2
1	0	0	2
1	0	0	2
1	0	0	2
1	0	0	2
1	0	0	2
1	0	0	2
1	0	0	2
1	0	0	2
1	0	0	3
1	0	0	3
1	0	0	3
1	0	0	3
1	0	0	3
1	0	0	3
1	0	0	3
1	0	0	3
1	0	0	3
1	0	0	3
1	0	0	3
1	0	0	3
1	0	0	3
1	0	0	4
1	0	0	4
1	0	0	4
1	0	0	4
1	0	0	4
1	0	0	4
1	0	0	4
1	0	0	4
1	0	0	4
1	0	0	4
1	0	0	4
1	0	0	4
1	0	0	4
1	0	0	4
1	0	0	5
1	0	0	5
1	0	0	5
1	0	0	5
1	0	0	5
1	0	0	5
1	0	0	5
1	0	0	5
1	0	0	5
1	0	0	5
1	0	0	5
1	0	0	5
1	0	0	5
1	0	0	5
1	0	0	5
1	0	0	5
1	0	0	5
1	0	0	5
1	0	0	5
1	0	0	5
1	0	0	4
1	0	0	6
1	0	0	6
1	0	0	6
1	0	0	6
1	0	0	6
1	0	0	6
1	0	0	6
1	0	0	6
1	0	0	6
1	0	0	6
1	0	0	6
1	0	0	6
1	0	0	6
1	0	0	6
1	0	0	6
1	0	0	6
1	0	0	6
1	0	0	6
1	0	0	6
1	0	0	6
1	0	0	4
1	0	0	4
1	0	0	4
1	0	0	4
1	0	0	4
1	0	0	3
1	0	0	3
1	0	0	3
1	0	0	3
1	0	0	3
1	0	0	3
1	0	0	7
1	0	0	7
1	0	0	7
1	0	0	7
1	0	0	7
1	0	0	7
1	0	0	7
1	0	0	7
1	0	0	7
1	0	0	7
1	0	0	7
1	0	0	7
1	0	0	7
1	0	0	8
1	0	0	8
1	0	0	8
1	0	0	8
1	0	0	8
1	0	0	8
1	0	0	8
1	0	0	8
1	0	0	8
1	0	0	8
1	0	0	8
1	0	0	8
1	0	0	8
1	0	0	8
1	0	0	8
1	0	0	8
1	0	0	8
1	0	0	8
1	0	0	8
1	0	0	8
1	0	0	7
1	0	0	7
1	0	0	9
1	0	0	9
1	0	0	9
1	0	0	9
1	0	0	9
1	0	0	9
1	0	0	9
1	0	0	9
1	0	0	9
1	0	0	9
1	0	0	9
1	0	0	9
1	0	0	9
1	0	0	9
1	0	0	9
1	0	0	9
1	0	0	9
1	0	0	9
1	0	0	9
1	0	0	9
1	0	0	7
1	0	0	7
1	0	0	10
1	0	0	10
1	0	0	10
1	0	0	10
1	0	0	10
1	0	0	10
1	0	0	10
1	0	0	10
1	0	0	10
1	0	0	10
1	0	0	10
1	0	0	10
1	0	0	10
1	0	0	10
1	0	0	10
1	0	0	10
1	0	0	10
1	0	0	10
1	0	0	10
1	0	0	10
1	0	0	7
1	0	0	7
1	0	0	7
1	0	0	3
1	0	0	2
1	0	0	2
1	0	0	2
1	0	0	2
1	0	0	2
1	0	0	2
1	0	0	1
1	0	0	1
1	0	0	1
1	0	0	1
1	0	0	1
1	0	0	11
1	0	0	11
1	0	0	11
1	0	0	11
1	0	0	11
1	0	0	11
1	0	0	11
1	0	0	11
1	0	0	11
1	0	0	11
1	0	0	11
1	0	0	11
1	0	0	11
1	0	0	11
1	0	0	11
1	0	0	11
1	0	0	11
1	0	0	11
1	0	0	11
1	0	0	11
1	0	0	1
1	0	0	1
1	0	0	1
1	0	0	1
1	0	0	12
1	0	0	12
1	0	0	12
1	0	0	12
1	0	0	12
1	0	0	12
1	0	0	12
1	0	0	12
1	0	0	12
1	0	0	12
1	0	0	12
1	0	0	12
1	0	0	12
1	0	0	12
1	0	0	12
1	0	0	12
1	0	0	12
1	0	0	12
1	0	0	12
1	0	0	12
1	0	0	1
1	0	0	1
1	0	0	1
1	0	0	1
1	0	0	1
0.1	4	3	1
0.1	241	2	1
0.1	8	7	2
0.1	10	9	2
0.1	244	243	2
0.1	13	12	2
0.1	15	14	2
0.1	17	16	2
0.1	248	247	2
0.1	249	246	2
0.1	19	18	2
0.1	23	22	3
0.1	252	21	3
0.1	26	25	3
0.1	254	24	3
0.1	255	253	3
0.1	29	28	3
0.1	257	27	3
0.1	258	256	3
0.1	31	30	3
0.1	33	32	3
0.1	35	34	4
0.1	38	37	4
0.1	263	36	4
0.1	41	40	4
0.1	265	39	4
0.1	45	44	4
0.1	267	43	4
0.1	268	42	4
0.1	47	46	4
0.1	49	48	5
0.1	50	271	5
0.1	53	52	5
0.1	273	51	5
0.1	274	272	5
0.1	54	275	5
0.1	55	276	5
0.1	58	57	5
0.1	278	56	5
0.1	60	59	5
0.1	280	279	5
0.1	281	277	5
0.1	64	63	5
0.1	283	62	5
0.1	284	61	5
0.1	66	65	5
0.1	286	285	5
0.1	287	282	5
0.1	67	288	5
0.1	68	289	4
0.1	290	270	4
0.1	291	269	4
0.1	292	266	4
0.1	293	264	4
0.1	294	262	4
0.1	71	70	6
0.1	296	69	6
0.1	75	74	6
0.1	298	73	6
0.1	77	76	6
0.1	80	79	6
0.1	301	78	6
0.1	302	300	6
0.1	303	299	6
0.1	82	81	6
0.1	85	84	6
0.1	306	83	6
0.1	87	86	6
0.1	308	307	6
0.1	88	309	6
0.1	310	305	6
0.1	311	304	6
0.1	312	72	6
0.1	313	297	6
0.1	91	90	4
0.1	93	92	4
0.1	316	315	4
0.1	317	89	4
0.1	318	314	4
0.1	319	295	4
0.1	95	94	3
0.1	321	320	3
0.1	322	261	3
0.1	102	101	7
0.1	324	100	7
0.1	103	325	7
0.1	105	104	7
0.1	107	106	7
0.1	109	108	7
0.1	111	110	7
0.1	112	330	7
0.1	331	329	7
0.1	114	113	8
0.1	116	115	8
0.1	117	334	8
0.1	120	119	8
0.1	123	122	8
0.1	126	125	8
0.1	129	128	8
0.1	339	127	8
0.1	340	338	8
0.1	341	124	8
0.1	342	337	8
0.1	343	121	8
0.1	344	336	8
0.1	345	118	8
0.1	346	335	8
0.1	132	131	8
0.1	348	130	8
0.1	349	347	8
0.1	350	333	8
0.1	351	332	7
0.1	352	328	7
0.1	353	327	7
0.1	354	326	7
0.1	137	136	9
0.1	139	138	9
0.1	140	357	9
0.1	358	356	9
0.1	141	359	9
0.1	360	135	9
0.1	144	143	9
0.1	145	362	9
0.1	363	142	9
0.1	149	148	9
0.1	365	147	9
0.1	366	146	9
0.1	367	364	9
0.1	368	361	9
0.1	152	151	9
0.1	153	370	9
0.1	371	150	9
0.1	154	372	9
0.1	373	369	9
0.1	374	134	7
0.1	375	133	7
0.1	158	157	10
0.1	160	159	10
0.1	161	378	10
0.1	162	379	10
0.1	165	164	10
0.1	381	163	10
0.1	168	167	10
0.1	170	169	10
0.1	384	383	10
0.1	171	385	10
0.1	174	173	10
0.1	387	172	10
0.1	388	386	10
0.1	389	166	10
0.1	176	175	10
0.1	391	390	10
0.1	392	382	10
0.1	393	380	10
0.1	394	377	10
0.1	395	156	7
0.1	396	155	7
0.1	397	376	7
0.1	398	355	7
0.1	179	178	7
0.1	400	177	7
0.1	401	399	7
0.1	402	99	3
0.1	403	98	3
0.1	404	97	3
0.1	405	96	3
0.1	180	406	3
0.1	407	323	3
0.1	408	260	3
0.1	409	259	3
0.1	182	181	2
0.1	411	410	2
0.1	412	20	2
0.1	413	251	2
0.1	414	250	2
0.1	415	11	2
0.1	185	184	2
0.1	186	417	2
0.1	418	183	2
0.1	419	416	2
0.1	420	245	2
0.1	421	6	1
0.1	422	5	1
0.1	423	242	1
0.1	424	1	1
0.1	190	189	1
0.1	426	188	1
0.1	193	192	11
0.1	196	195	11
0.1	429	194	11
0.1	197	430	11
0.1	199	198	11
0.1	432	431	11
0.1	202	201	11
0.1	434	200	11
0.1	204	203	11
0.1	206	205	11
0.1	437	436	11
0.1	209	208	11
0.1	439	207	11
0.1	211	210	11
0.1	441	440	11
0.1	442	438	11
0.1	443	435	11
0.1	444	433	11
0.1	445	428	11
0.1	213	212	1
0.1	447	446	1
0.1	448	191	1
0.1	449	427	1
0.1	215	214	1
0.1	451	450	1
0.1	452	187	1
0.1	218	217	12
0.1	454	216	12
0.1	221	220	12
0.1	456	219	12
0.1	223	222	12
0.1	458	457	12
0.1	226	225	12
0.1	460	224	12
0.1	228	227	12
0.1	462	461	12
0.1	463	459	12
0.1	229	464	12
0.1	230	465	12
0.1	234	233	12
0.1	235	467	12
0.1	468	232	12
0.1	469	231	12
0.1	240	239	1
0.1	471	238	1
0.1	472	237	1
0.1	473	236	1
0.1	474	470	12
0.1	475	466	12
0.1	476	455	12
0.1	477	453	1
0.1	478	425	1
