1	0	0	1
1	0	0	1
1	0	0	2
1	0	0	2
1	0	0	2
1	0	0	2
1	0	0	2
1	0	0	2
1	0	0	2
1	0	0	3
1	0	0	3
1	0	0	3
1	0	0	3
1	0	0	3
1	0	0	3
1	0	0	3
1	0	0	3
1	0	0	3
1	0	0	3
1	0	0	3
1	0	0	3
1	0	0	3
1	0	0	3
1	0	0	3
1	0	0	3
1	0	0	3
1	0	0	3
1	0	0	3
1	0	0	3
1	0	0	2
1	0	0	2
1	0	0	2
1	0	0	2
1	0	0	2
1	0	0	2
1	0	0	4
1	0	0	4
1	0	0	4
1	0	0	4
1	0	0	4
1	0	0	4
1	0	0	4
1	0	0	4
1	0	0	4
1	0	0	4
1	0	0	4
1	0	0	4
1	0	0	4
1	0	0	4
1	0	0	4
1	0	0	4
1	0	0	4
1	0	0	4
1	0	0	4
1	0	0	4
1	0	0	2
1	0	0	2
1	0	0	2
1	0	0	2
1	0	0	2
1	0	0	2
1	0	0	2
1	0	0	5
1	0	0	5
1	0	0	5
1	0	0	5
1	0	0	5
1	0	0	5
1	0	0	5
1	0	0	5
1	0	0	5
1	0	0	5
1	0	0	5
1	0	0	5
1	0	0	5
1	0	0	5
1	0	0	5
1	0	0	5
1	0	0	5
1	0	0	5
1	0	0	5
1	0	0	5
1	0	0	1
1	0	0	1
1	0	0	6
1	0	0	6
1	0	0	6
1	0	0	6
1	0	0	6
1	0	0	6
1	0	0	6
1	0	0	6
1	0	0	6
1	0	0	6
1	0	0	6
1	0	0	6
1	0	0	6
1	0	0	6
1	0	0	6
1	0	0	6
1	0	0	6
1	0	0	6
1	0	0	6
1	0	0	6
1	0	0	1
1	0	0	1
1	0	0	1
1	0	0	1
1	0	0	7
1	0	0	7
1	0	0	7
1	0	0	7
1	0	0	7
1	0	0	7
1	0	0	7
1	0	0	7
1	0	0	7
1	0	0	7
1	0	0	7
1	0	0	7
1	0	0	7
1	0	0	7
1	0	0	7
1	0	0	7
1	0	0	7
1	0	0	7
1	0	0	7
1	0	0	7
1	0	0	1
1	0	0	8
1	0	0	8
1	0	0	8
1	0	0	8
1	0	0	8
1	0	0	8
1	0	0	8
1	0	0	8
1	0	0	8
1	0	0	8
1	0	0	8
1	0	0	8
1	0	0	8
1	0	0	8
1	0	0	8
1	0	0	8
1	0	0	8
1	0	0	8
1	0	0	8
1	0	0	8
1	0	0	9
1	0	0	9
1	0	0	10
1	0	0	10
1	0	0	10
1	0	0	10
1	0	0	10
1	0	0	10
1	0	0	10
1	0	0	10
1	0	0	10
1	0	0	10
1	0	0	10
1	0	0	10
1	0	0	10
1	0	0	10
1	0	0	10
1	0	0	10
1	0	0	10
1	0	0	10
1	0	0	10
1	0	0	10
1	0	0	9
1	0	0	9
1	0	0	9
1	0	0	11
1	0	0	11
1	0	0	11
1	0	0	11
1	0	0	11
1	0	0	11
1	0	0	11
1	0	0	11
1	0	0	11
1	0	0	11
1	0	0	11
1	0	0	11
1	0	0	11
1	0	0	11
1	0	0	11
1	0	0	11
1	0	0	11
1	0	0	11
1	0	0	11
1	0	0	11
1	0	0	9
1	0	0	9
1	0	0	9
1	0	0	9
1	0	0	9
1	0	0	9
1	0	0	9
1	0	0	12
1	0	0	12
1	0	0	13
1	0	0	13
1	0	0	13
1	0	0	13
1	0	0	13
1	0	0	13
1	0	0	13
1	0	0	13
1	0	0	13
1	0	0	13
1	0	0	13
1	0	0	13
1	0	0	13
1	0	0	13
1	0	0	13
1	0	0	13
1	0	0	13
1	0	0	13
1	0	0	13
1	0	0	13
1	0	0	14
1	0	0	14
1	0	0	14
1	0	0	14
1	0	0	14
1	0	0	14
1	0	0	14
1	0	0	14
1	0	0	14
1	0	0	14
1	0	0	14
1	0	0	14
1	0	0	14
1	0	0	14
1	0	0	14
1	0	0	14
1	0	0	14
1	0	0	14
1	0	0	14
1	0	0	14
1	0	0	15
1	0	0	15
1	0	0	15
1	0	0	15
1	0	0	15
1	0	0	15
1	0	0	16
1	0	0	16
1	0	0	16
1	0	0	16
1	0	0	16
1	0	0	16
1	0	0	16
1	0	0	16
1	0	0	16
1	0	0	16
1	0	0	16
1	0	0	16
1	0	0	16
1	0	0	16
1	0	0	16
1	0	0	16
1	0	0	16
1	0	0	16
1	0	0	16
1	0	0	16
1	0	0	15
1	0	0	15
1	0	0	15
1	0	0	15
1	0	0	15
1	0	0	15
1	0	0	17
1	0	0	17
1	0	0	17
1	0	0	17
1	0	0	17
1	0	0	17
1	0	0	17
1	0	0	17
1	0	0	17
1	0	0	17
1	0	0	17
1	0	0	17
1	0	0	17
1	0	0	17
1	0	0	17
1	0	0	17
1	0	0	17
1	0	0	17
1	0	0	17
1	0	0	17
1	0	0	15
1	0	0	15
1	0	0	15
1	0	0	15
1	0	0	15
1	0	0	15
1	0	0	15
1	0	0	15
1	0	0	12
1	0	0	12
1	0	0	12
1	0	0	12
1	0	0	12
1	0	0	12
1	0	0	12
1	0	0	12
1	0	0	12
1	0	0	12
1	0	0	12
1	0	0	12
1	0	0	12
1	0	0	12
1	0	0	12
1	0	0	12
1	0	0	12
1	0	0	12
1	0	0	18
1	0	0	18
1	0	0	18
1	0	0	18
1	0	0	18
1	0	0	18
1	0	0	18
1	0	0	18
1	0	0	18
1	0	0	18
1	0	0	18
1	0	0	18
1	0	0	18
1	0	0	18
1	0	0	18
1	0	0	18
1	0	0	18
1	0	0	18
1	0	0	18
1	0	0	18
1	0	0	19
1	0	0	19
1	0	0	19
1	0	0	19
1	0	0	19
1	0	0	19
1	0	0	19
1	0	0	19
1	0	0	19
1	0	0	19
1	0	0	19
1	0	0	19
1	0	0	19
1	0	0	19
1	0	0	19
1	0	0	19
1	0	0	19
1	0	0	19
1	0	0	19
1	0	0	19
1	0	0	20
1	0	0	20
1	0	0	20
1	0	0	20
1	0	0	20
1	0	0	20
1	0	0	20
1	0	0	20
1	0	0	20
1	0	0	20
1	0	0	20
1	0	0	20
1	0	0	20
1	0	0	20
1	0	0	20
1	0	0	20
1	0	0	20
1	0	0	20
1	0	0	20
1	0	0	20
1	0	0	9
1	0	0	21
1	0	0	21
1	0	0	21
1	0	0	21
1	0	0	21
1	0	0	21
1	0	0	21
1	0	0	21
1	0	0	21
1	0	0	21
1	0	0	21
1	0	0	21
1	0	0	21
1	0	0	21
1	0	0	21
1	0	0	21
1	0	0	21
1	0	0	21
1	0	0	21
1	0	0	21
1	0	0	9
1	0	0	9
1	0	0	9
1	0	0	22
1	0	0	22
1	0	0	22
1	0	0	22
1	0	0	22
1	0	0	22
1	0	0	22
1	0	0	22
1	0	0	22
1	0	0	22
1	0	0	22
1	0	0	22
1	0	0	22
1	0	0	22
1	0	0	22
1	0	0	22
1	0	0	22
1	0	0	22
1	0	0	22
1	0	0	22
1	0	0	23
1	0	0	23
1	0	0	23
1	0	0	23
1	0	0	23
1	0	0	23
1	0	0	23
1	0	0	23
1	0	0	23
1	0	0	23
1	0	0	24
1	0	0	24
1	0	0	24
1	0	0	24
1	0	0	24
1	0	0	24
1	0	0	24
1	0	0	24
1	0	0	24
1	0	0	24
1	0	0	24
1	0	0	24
1	0	0	24
1	0	0	24
1	0	0	24
1	0	0	24
1	0	0	24
1	0	0	24
1	0	0	24
1	0	0	24
1	0	0	25
1	0	0	25
1	0	0	25
1	0	0	25
1	0	0	25
1	0	0	25
1	0	0	25
1	0	0	25
1	0	0	25
1	0	0	25
1	0	0	25
1	0	0	25
1	0	0	25
1	0	0	25
1	0	0	25
1	0	0	25
1	0	0	25
1	0	0	25
1	0	0	25
1	0	0	25
1	0	0	23
1	0	0	23
1	0	0	23
1	0	0	23
1	0	0	23
1	0	0	23
1	0	0	23
1	0	0	23
1	0	0	23
1	0	0	23
1	0	0	26
1	0	0	26
1	0	0	26
1	0	0	26
1	0	0	26
1	0	0	26
1	0	0	26
1	0	0	26
1	0	0	26
1	0	0	26
1	0	0	26
1	0	0	26
1	0	0	26
1	0	0	26
1	0	0	26
1	0	0	26
1	0	0	26
1	0	0	26
1	0	0	26
1	0	0	26
1	0	0	27
1	0	0	27
1	0	0	27
1	0	0	27
1	0	0	27
1	0	0	27
1	0	0	27
1	0	0	27
1	0	0	27
1	0	0	27
1	0	0	27
1	0	0	27
1	0	0	27
1	0	0	27
1	0	0	27
1	0	0	27
1	0	0	27
1	0	0	27
1	0	0	27
1	0	0	27
1	0	0	9
1	0	0	9
1	0	0	9
1	0	0	28
1	0	0	28
1	0	0	28
1	0	0	28
1	0	0	28
1	0	0	28
1	0	0	28
1	0	0	28
1	0	0	28
1	0	0	28
1	0	0	28
1	0	0	28
1	0	0	28
1	0	0	28
1	0	0	28
1	0	0	28
1	0	0	28
1	0	0	28
1	0	0	28
1	0	0	28
1	0	0	9
1	0	0	29
1	0	0	29
1	0	0	29
1	0	0	29
1	0	0	29
1	0	0	29
1	0	0	29
1	0	0	29
1	0	0	29
1	0	0	29
1	0	0	30
1	0	0	30
1	0	0	30
1	0	0	30
1	0	0	30
1	0	0	30
1	0	0	30
1	0	0	30
1	0	0	30
1	0	0	30
1	0	0	30
1	0	0	30
1	0	0	30
1	0	0	30
1	0	0	30
1	0	0	30
1	0	0	30
1	0	0	30
1	0	0	30
1	0	0	30
1	0	0	29
1	0	0	29
1	0	0	29
1	0	0	29
1	0	0	29
1	0	0	29
1	0	0	29
1	0	0	29
1	0	0	29
1	0	0	29
1	0	0	1
1	0	0	1
1	0	0	1
1	0	0	31
1	0	0	31
1	0	0	31
1	0	0	31
1	0	0	31
1	0	0	31
1	0	0	31
1	0	0	31
1	0	0	31
1	0	0	31
1	0	0	31
1	0	0	31
1	0	0	31
1	0	0	31
1	0	0	31
1	0	0	31
1	0	0	31
1	0	0	31
1	0	0	31
1	0	0	32
1	0	0	32
1	0	0	32
1	0	0	32
1	0	0	32
1	0	0	32
1	0	0	32
1	0	0	32
1	0	0	32
1	0	0	32
1	0	0	32
1	0	0	32
1	0	0	32
1	0	0	32
1	0	0	32
1	0	0	32
1	0	0	32
1	0	0	32
1	0	0	32
1	0	0	32
1	0	0	31
1	0	0	1
1	0	0	1
1	0	0	1
1	0	0	1
1	0	0	33
1	0	0	33
1	0	0	33
1	0	0	33
1	0	0	33
1	0	0	33
1	0	0	33
1	0	0	33
1	0	0	33
1	0	0	33
1	0	0	33
1	0	0	33
1	0	0	33
1	0	0	33
1	0	0	33
1	0	0	33
1	0	0	33
1	0	0	33
1	0	0	33
1	0	0	33
1	0	0	34
1	0	0	34
1	0	0	34
1	0	0	34
1	0	0	34
1	0	0	34
1	0	0	34
1	0	0	35
1	0	0	35
1	0	0	35
1	0	0	35
1	0	0	35
1	0	0	35
1	0	0	35
1	0	0	35
1	0	0	35
1	0	0	35
1	0	0	35
1	0	0	35
1	0	0	35
1	0	0	35
1	0	0	35
1	0	0	35
1	0	0	35
1	0	0	35
1	0	0	35
1	0	0	35
1	0	0	34
1	0	0	34
1	0	0	34
1	0	0	34
1	0	0	34
1	0	0	36
1	0	0	36
1	0	0	36
1	0	0	36
1	0	0	36
1	0	0	36
1	0	0	36
1	0	0	36
1	0	0	36
1	0	0	36
1	0	0	36
1	0	0	36
1	0	0	36
1	0	0	36
1	0	0	36
1	0	0	36
1	0	0	36
1	0	0	36
1	0	0	36
1	0	0	36
1	0	0	34
1	0	0	34
1	0	0	34
1	0	0	34
1	0	0	34
1	0	0	37
1	0	0	37
1	0	0	37
1	0	0	37
1	0	0	37
1	0	0	37
1	0	0	37
1	0	0	37
1	0	0	37
1	0	0	37
1	0	0	37
1	0	0	37
1	0	0	37
1	0	0	37
1	0	0	37
1	0	0	37
1	0	0	37
1	0	0	37
1	0	0	37
1	0	0	37
1	0	0	34
1	0	0	38
1	0	0	38
1	0	0	38
1	0	0	38
1	0	0	38
1	0	0	38
1	0	0	38
1	0	0	38
1	0	0	38
1	0	0	38
1	0	0	38
1	0	0	38
1	0	0	38
1	0	0	38
1	0	0	38
1	0	0	38
1	0	0	38
1	0	0	38
1	0	0	38
1	0	0	38
1	0	0	34
1	0	0	34
1	0	0	1
1	0	0	39
1	0	0	39
1	0	0	40
1	0	0	40
1	0	0	40
1	0	0	40
1	0	0	40
1	0	0	40
1	0	0	40
1	0	0	40
1	0	0	40
1	0	0	40
1	0	0	40
1	0	0	40
1	0	0	40
1	0	0	40
1	0	0	40
1	0	0	40
1	0	0	40
1	0	0	40
1	0	0	40
1	0	0	40
1	0	0	41
1	0	0	41
1	0	0	41
1	0	0	41
1	0	0	41
1	0	0	41
1	0	0	41
1	0	0	41
1	0	0	41
1	0	0	41
1	0	0	41
1	0	0	41
1	0	0	41
1	0	0	41
1	0	0	41
1	0	0	41
1	0	0	41
1	0	0	41
1	0	0	41
1	0	0	41
1	0	0	39
1	0	0	39
1	0	0	39
1	0	0	39
1	0	0	39
1	0	0	39
1	0	0	39
1	0	0	39
1	0	0	39
1	0	0	39
1	0	0	39
1	0	0	39
1	0	0	39
1	0	0	39
1	0	0	39
1	0	0	39
1	0	0	39
1	0	0	39
1	0	0	1
1	0	0	1
1	0	0	42
1	0	0	43
1	0	0	43
1	0	0	43
1	0	0	43
1	0	0	43
1	0	0	43
1	0	0	43
1	0	0	43
1	0	0	43
1	0	0	43
1	0	0	43
1	0	0	43
1	0	0	43
1	0	0	43
1	0	0	43
1	0	0	43
1	0	0	43
1	0	0	43
1	0	0	43
1	0	0	43
1	0	0	42
1	0	0	44
1	0	0	44
1	0	0	44
1	0	0	44
1	0	0	44
1	0	0	44
1	0	0	44
1	0	0	44
1	0	0	44
1	0	0	44
1	0	0	44
1	0	0	44
1	0	0	44
1	0	0	44
1	0	0	44
1	0	0	44
1	0	0	44
1	0	0	44
1	0	0	44
1	0	0	44
1	0	0	42
1	0	0	42
1	0	0	42
1	0	0	42
1	0	0	42
1	0	0	42
1	0	0	42
1	0	0	42
1	0	0	42
1	0	0	42
1	0	0	42
1	0	0	42
1	0	0	42
1	0	0	42
1	0	0	42
1	0	0	42
1	0	0	42
1	0	0	42
1	0	0	1
1	0	0	45
1	0	0	45
1	0	0	45
1	0	0	45
1	0	0	45
1	0	0	45
1	0	0	45
1	0	0	45
1	0	0	45
1	0	0	45
1	0	0	45
1	0	0	45
1	0	0	45
1	0	0	45
1	0	0	45
1	0	0	45
1	0	0	45
1	0	0	45
1	0	0	45
1	0	0	45
1	0	0	46
1	0	0	46
1	0	0	46
1	0	0	46
1	0	0	46
1	0	0	46
1	0	0	46
1	0	0	46
1	0	0	46
1	0	0	46
1	0	0	46
1	0	0	46
1	0	0	46
1	0	0	46
1	0	0	46
1	0	0	46
1	0	0	46
1	0	0	46
1	0	0	46
1	0	0	46
1	0	0	47
1	0	0	47
1	0	0	47
1	0	0	47
1	0	0	47
1	0	0	47
1	0	0	47
1	0	0	48
1	0	0	48
1	0	0	48
1	0	0	48
1	0	0	48
1	0	0	48
1	0	0	48
1	0	0	48
1	0	0	48
1	0	0	48
1	0	0	48
1	0	0	48
1	0	0	48
1	0	0	48
1	0	0	48
1	0	0	48
1	0	0	48
1	0	0	48
1	0	0	48
1	0	0	48
1	0	0	49
1	0	0	49
1	0	0	49
1	0	0	49
1	0	0	49
1	0	0	49
1	0	0	49
1	0	0	49
1	0	0	49
1	0	0	49
1	0	0	49
1	0	0	49
1	0	0	49
1	0	0	49
1	0	0	49
1	0	0	49
1	0	0	49
1	0	0	49
1	0	0	49
1	0	0	49
1	0	0	50
1	0	0	50
1	0	0	50
1	0	0	50
1	0	0	50
1	0	0	50
1	0	0	50
1	0	0	50
1	0	0	51
1	0	0	51
1	0	0	51
1	0	0	51
1	0	0	51
1	0	0	51
1	0	0	51
1	0	0	51
1	0	0	51
1	0	0	51
1	0	0	51
1	0	0	51
1	0	0	51
1	0	0	51
1	0	0	51
1	0	0	51
1	0	0	51
1	0	0	51
1	0	0	51
1	0	0	51
1	0	0	50
1	0	0	50
1	0	0	50
1	0	0	50
1	0	0	50
1	0	0	50
1	0	0	50
1	0	0	50
1	0	0	50
1	0	0	52
1	0	0	52
1	0	0	52
1	0	0	52
1	0	0	52
1	0	0	52
1	0	0	52
1	0	0	52
1	0	0	52
1	0	0	52
1	0	0	52
1	0	0	52
1	0	0	52
1	0	0	52
1	0	0	52
1	0	0	52
1	0	0	52
1	0	0	52
1	0	0	52
1	0	0	52
1	0	0	50
1	0	0	50
1	0	0	50
1	0	0	53
1	0	0	53
1	0	0	53
1	0	0	53
1	0	0	53
1	0	0	53
1	0	0	53
1	0	0	53
1	0	0	54
1	0	0	54
1	0	0	54
1	0	0	54
1	0	0	54
1	0	0	54
1	0	0	54
1	0	0	54
1	0	0	54
1	0	0	54
1	0	0	54
1	0	0	54
1	0	0	54
1	0	0	54
1	0	0	54
1	0	0	54
1	0	0	54
1	0	0	54
1	0	0	54
1	0	0	54
1	0	0	53
1	0	0	53
1	0	0	53
1	0	0	53
1	0	0	53
1	0	0	53
1	0	0	53
1	0	0	53
1	0	0	53
1	0	0	53
1	0	0	53
1	0	0	53
1	0	0	55
1	0	0	55
1	0	0	55
1	0	0	56
1	0	0	56
1	0	0	56
1	0	0	56
1	0	0	56
1	0	0	56
1	0	0	56
1	0	0	56
1	0	0	56
1	0	0	56
1	0	0	56
1	0	0	56
1	0	0	56
1	0	0	56
1	0	0	56
1	0	0	56
1	0	0	56
1	0	0	56
1	0	0	56
1	0	0	56
1	0	0	55
1	0	0	55
1	0	0	55
1	0	0	55
1	0	0	55
1	0	0	55
1	0	0	55
1	0	0	55
1	0	0	55
1	0	0	55
1	0	0	55
1	0	0	55
1	0	0	55
1	0	0	55
1	0	0	55
1	0	0	55
1	0	0	55
1	0	0	57
1	0	0	57
1	0	0	57
1	0	0	58
1	0	0	58
1	0	0	58
1	0	0	58
1	0	0	58
1	0	0	58
1	0	0	58
1	0	0	58
1	0	0	58
1	0	0	58
1	0	0	58
1	0	0	58
1	0	0	58
1	0	0	58
1	0	0	58
1	0	0	58
1	0	0	58
1	0	0	58
1	0	0	58
1	0	0	58
1	0	0	57
1	0	0	57
1	0	0	57
1	0	0	57
1	0	0	57
1	0	0	57
1	0	0	57
1	0	0	57
1	0	0	57
1	0	0	57
1	0	0	57
1	0	0	57
1	0	0	57
1	0	0	57
1	0	0	57
1	0	0	57
1	0	0	57
1	0	0	47
1	0	0	47
1	0	0	47
1	0	0	59
1	0	0	59
1	0	0	59
1	0	0	59
1	0	0	59
1	0	0	59
1	0	0	59
1	0	0	59
1	0	0	59
1	0	0	59
1	0	0	59
1	0	0	59
1	0	0	59
1	0	0	59
1	0	0	59
1	0	0	59
1	0	0	59
1	0	0	59
1	0	0	59
1	0	0	59
1	0	0	47
1	0	0	47
1	0	0	47
1	0	0	47
1	0	0	47
1	0	0	47
1	0	0	47
1	0	0	47
1	0	0	47
1	0	0	47
0.1	2	1	1
0.1	4	3	2
0.1	6	5	2
0.1	8	7	2
0.1	1184	1183	2
0.1	12	11	3
0.1	1186	10	3
0.1	14	13	3
0.1	16	15	3
0.1	17	1189	3
0.1	1190	1188	3
0.1	18	1191	3
0.1	1192	1187	3
0.1	22	21	3
0.1	1194	20	3
0.1	24	23	3
0.1	25	1196	3
0.1	1197	1195	3
0.1	1198	19	3
0.1	27	26	3
0.1	28	1200	3
0.1	29	1201	3
0.1	1202	1199	3
0.1	1203	1193	3
0.1	1204	9	2
0.1	32	31	2
0.1	1206	30	2
0.1	33	1207	2
0.1	37	36	4
0.1	40	39	4
0.1	41	1210	4
0.1	42	1211	4
0.1	1212	38	4
0.1	1213	1209	4
0.1	44	43	4
0.1	48	47	4
0.1	1216	46	4
0.1	1217	45	4
0.1	1218	1215	4
0.1	1219	1214	4
0.1	49	1220	4
0.1	55	54	4
0.1	1222	53	4
0.1	1223	52	4
0.1	1224	51	4
0.1	1225	50	4
0.1	1226	1221	4
0.1	1227	35	2
0.1	1228	34	2
0.1	56	1229	2
0.1	1230	1208	2
0.1	1231	1205	2
0.1	1232	1185	2
0.1	1233	1182	2
0.1	59	58	2
0.1	1235	57	2
0.1	60	1236	2
0.1	62	61	2
0.1	1238	1237	2
0.1	1239	1234	2
0.1	1240	1181	1
0.1	65	64	5
0.1	67	66	5
0.1	1243	1242	5
0.1	1244	63	5
0.1	71	70	5
0.1	1246	69	5
0.1	73	72	5
0.1	1248	1247	5
0.1	1249	68	5
0.1	1250	1245	5
0.1	75	74	5
0.1	76	1252	5
0.1	81	80	5
0.1	82	1254	5
0.1	1255	79	5
0.1	1256	78	5
0.1	1257	77	5
0.1	1258	1253	5
0.1	83	1259	5
0.1	1260	1251	5
0.1	1261	1241	1
0.1	86	85	6
0.1	89	88	6
0.1	93	92	6
0.1	1265	91	6
0.1	1266	90	6
0.1	1267	1264	6
0.1	1268	87	6
0.1	1269	1263	6
0.1	97	96	6
0.1	100	99	6
0.1	101	1272	6
0.1	103	102	6
0.1	1274	1273	6
0.1	104	1275	6
0.1	1276	98	6
0.1	1277	1271	6
0.1	1278	95	6
0.1	1279	94	6
0.1	1280	1270	6
0.1	1281	84	1
0.1	105	1282	1
0.1	1283	1262	1
0.1	107	106	1
0.1	112	111	7
0.1	1286	110	7
0.1	1287	109	7
0.1	113	1288	7
0.1	115	114	7
0.1	117	116	7
0.1	120	119	7
0.1	1292	118	7
0.1	1293	1291	7
0.1	1294	1290	7
0.1	122	121	7
0.1	125	124	7
0.1	1297	123	7
0.1	128	127	7
0.1	1299	126	7
0.1	1300	1298	7
0.1	1301	1296	7
0.1	1302	1295	7
0.1	1303	1289	7
0.1	1304	108	1
0.1	129	1305	1
0.1	131	130	8
0.1	136	135	8
0.1	1308	134	8
0.1	1309	133	8
0.1	1310	132	8
0.1	1311	1307	8
0.1	140	139	8
0.1	141	1313	8
0.1	143	142	8
0.1	145	144	8
0.1	1316	1315	8
0.1	1317	1314	8
0.1	149	148	8
0.1	1319	147	8
0.1	1320	146	8
0.1	1321	1318	8
0.1	1322	138	8
0.1	1323	137	8
0.1	1324	1312	8
0.1	1325	1306	1
0.1	154	153	10
0.1	156	155	10
0.1	159	158	10
0.1	162	161	10
0.1	1330	160	10
0.1	1331	1329	10
0.1	1332	157	10
0.1	164	163	10
0.1	166	165	10
0.1	1335	1334	10
0.1	171	170	10
0.1	1337	169	10
0.1	1338	168	10
0.1	1339	167	10
0.1	1340	1336	10
0.1	1341	1333	10
0.1	1342	1328	10
0.1	1343	1327	10
0.1	1344	152	10
0.1	1345	151	9
0.1	1346	150	9
0.1	173	172	9
0.1	174	1348	9
0.1	178	177	11
0.1	180	179	11
0.1	1351	1350	11
0.1	1352	176	11
0.1	1353	175	11
0.1	182	181	11
0.1	184	183	11
0.1	1356	1355	11
0.1	187	186	11
0.1	189	188	11
0.1	190	1359	11
0.1	1360	1358	11
0.1	1361	185	11
0.1	1362	1357	11
0.1	192	191	11
0.1	194	193	11
0.1	1365	1364	11
0.1	1366	1363	11
0.1	1367	1354	11
0.1	1368	1349	9
0.1	195	1369	9
0.1	200	199	9
0.1	1371	198	9
0.1	1372	197	9
0.1	1373	196	9
0.1	203	202	12
0.1	208	207	13
0.1	1376	206	13
0.1	1377	205	13
0.1	1378	204	13
0.1	210	209	13
0.1	211	1380	13
0.1	1381	1379	13
0.1	213	212	13
0.1	216	215	13
0.1	217	1384	13
0.1	218	1385	13
0.1	219	1386	13
0.1	221	220	13
0.1	222	1388	13
0.1	223	1389	13
0.1	1390	1387	13
0.1	1391	214	13
0.1	1392	1383	13
0.1	1393	1382	13
0.1	225	224	14
0.1	227	226	14
0.1	1396	1395	14
0.1	230	229	14
0.1	1398	228	14
0.1	231	1399	14
0.1	234	233	14
0.1	1401	232	14
0.1	235	1402	14
0.1	238	237	14
0.1	239	1404	14
0.1	1405	236	14
0.1	1406	1403	14
0.1	240	1407	14
0.1	243	242	14
0.1	1409	241	14
0.1	1410	1408	14
0.1	1411	1400	14
0.1	1412	1397	14
0.1	245	244	15
0.1	247	246	15
0.1	249	248	15
0.1	1416	1415	15
0.1	251	250	16
0.1	255	254	16
0.1	1419	253	16
0.1	1420	252	16
0.1	257	256	16
0.1	1422	1421	16
0.1	260	259	16
0.1	1424	258	16
0.1	262	261	16
0.1	263	1426	16
0.1	264	1427	16
0.1	1428	1425	16
0.1	1429	1423	16
0.1	1430	1418	16
0.1	267	266	16
0.1	269	268	16
0.1	1433	1432	16
0.1	1434	265	16
0.1	1435	1431	16
0.1	1436	1417	15
0.1	271	270	15
0.1	272	1438	15
0.1	274	273	15
0.1	278	277	17
0.1	1441	276	17
0.1	280	279	17
0.1	283	282	17
0.1	1444	281	17
0.1	286	285	17
0.1	289	288	17
0.1	1447	287	17
0.1	1448	1446	17
0.1	1449	284	17
0.1	1450	1445	17
0.1	291	290	17
0.1	292	1452	17
0.1	1453	1451	17
0.1	1454	1443	17
0.1	295	294	17
0.1	1456	293	17
0.1	1457	1455	17
0.1	1458	1442	17
0.1	1459	275	15
0.1	297	296	15
0.1	1461	1460	15
0.1	300	299	15
0.1	302	301	15
0.1	1464	1463	15
0.1	1465	298	15
0.1	1466	1462	15
0.1	1467	1440	15
0.1	303	1468	15
0.1	1469	1439	15
0.1	1470	1437	15
0.1	1471	1414	15
0.1	1472	1413	14
0.1	1473	1394	13
0.1	1474	1375	12
0.1	306	305	12
0.1	308	307	12
0.1	310	309	12
0.1	1478	1477	12
0.1	1479	1476	12
0.1	311	1480	12
0.1	1481	304	12
0.1	313	312	12
0.1	314	1483	12
0.1	1484	1482	12
0.1	317	316	12
0.1	318	1486	12
0.1	320	319	12
0.1	1488	1487	12
0.1	321	1489	12
0.1	1490	315	12
0.1	324	323	18
0.1	1492	322	18
0.1	329	328	18
0.1	1494	327	18
0.1	330	1495	18
0.1	331	1496	18
0.1	335	334	18
0.1	1498	333	18
0.1	337	336	18
0.1	1500	1499	18
0.1	1501	332	18
0.1	1502	1497	18
0.1	1503	326	18
0.1	1504	325	18
0.1	339	338	18
0.1	341	340	18
0.1	1507	1506	18
0.1	1508	1505	18
0.1	1509	1493	18
0.1	343	342	19
0.1	344	1511	19
0.1	347	346	19
0.1	1513	345	19
0.1	349	348	19
0.1	351	350	19
0.1	352	1516	19
0.1	1517	1515	19
0.1	1518	1514	19
0.1	1519	1512	19
0.1	354	353	19
0.1	357	356	19
0.1	1522	355	19
0.1	1523	1521	19
0.1	359	358	19
0.1	360	1525	19
0.1	361	1526	19
0.1	1527	1524	19
0.1	1528	1520	19
0.1	1529	1510	12
0.1	1530	1491	12
0.1	364	363	20
0.1	1532	362	20
0.1	365	1533	20
0.1	367	366	20
0.1	369	368	20
0.1	1536	1535	20
0.1	1537	1534	20
0.1	371	370	20
0.1	373	372	20
0.1	1540	1539	20
0.1	375	374	20
0.1	378	377	20
0.1	1543	376	20
0.1	1544	1542	20
0.1	381	380	20
0.1	1546	379	20
0.1	1547	1545	20
0.1	1548	1541	20
0.1	1549	1538	20
0.1	1550	1531	12
0.1	1551	1485	12
0.1	1552	1475	12
0.1	1553	201	9
0.1	385	384	21
0.1	1555	383	21
0.1	387	386	21
0.1	391	390	21
0.1	1558	389	21
0.1	1559	388	21
0.1	394	393	21
0.1	1561	392	21
0.1	1562	1560	21
0.1	400	399	21
0.1	1564	398	21
0.1	1565	397	21
0.1	402	401	21
0.1	1567	1566	21
0.1	1568	396	21
0.1	1569	395	21
0.1	1570	1563	21
0.1	1571	1557	21
0.1	1572	1556	21
0.1	1573	382	9
0.1	1574	1554	9
0.1	1575	1374	9
0.1	1576	1370	9
0.1	1577	1347	9
0.1	404	403	9
0.1	408	407	22
0.1	1580	406	22
0.1	411	410	22
0.1	1582	409	22
0.1	415	414	22
0.1	1584	413	22
0.1	1585	412	22
0.1	417	416	22
0.1	1587	1586	22
0.1	419	418	22
0.1	1589	1588	22
0.1	1590	1583	22
0.1	1591	1581	22
0.1	422	421	22
0.1	423	1593	22
0.1	1594	420	22
0.1	425	424	22
0.1	1596	1595	22
0.1	1597	1592	22
0.1	1598	405	9
0.1	428	427	23
0.1	1600	426	23
0.1	429	1601	23
0.1	431	430	23
0.1	432	1603	23
0.1	435	434	23
0.1	1605	433	23
0.1	439	438	24
0.1	1607	437	24
0.1	1608	436	24
0.1	442	441	24
0.1	1610	440	24
0.1	446	445	24
0.1	1612	444	24
0.1	1613	443	24
0.1	1614	1611	24
0.1	450	449	24
0.1	451	1616	24
0.1	1617	448	24
0.1	452	1618	24
0.1	1619	447	24
0.1	1620	1615	24
0.1	1621	1609	24
0.1	454	453	24
0.1	455	1623	24
0.1	1624	1622	24
0.1	458	457	25
0.1	1626	456	25
0.1	461	460	25
0.1	1628	459	25
0.1	462	1629	25
0.1	465	464	25
0.1	468	467	25
0.1	470	469	25
0.1	1633	1632	25
0.1	1634	466	25
0.1	472	471	25
0.1	473	1636	25
0.1	1637	1635	25
0.1	1638	1631	25
0.1	1639	463	25
0.1	1640	1630	25
0.1	1641	1627	25
0.1	1642	1625	24
0.1	1643	1606	23
0.1	475	474	25
0.1	1645	1644	23
0.1	1646	1604	23
0.1	478	477	23
0.1	1648	476	23
0.1	480	479	23
0.1	482	481	23
0.1	485	484	23
0.1	1652	483	23
0.1	488	487	26
0.1	491	490	26
0.1	1655	489	26
0.1	1656	1654	26
0.1	493	492	26
0.1	1658	1657	26
0.1	1659	486	26
0.1	494	1660	26
0.1	496	495	26
0.1	497	1662	26
0.1	500	499	26
0.1	1664	498	26
0.1	501	1665	26
0.1	1666	1663	26
0.1	504	503	26
0.1	505	1668	26
0.1	1669	502	26
0.1	1670	1667	26
0.1	1671	1661	26
0.1	1672	1653	23
0.1	1673	1651	23
0.1	1674	1650	23
0.1	1675	1649	23
0.1	1676	1647	23
0.1	1677	1602	23
0.1	1678	1599	9
0.1	1679	1579	9
0.1	1680	1578	9
0.1	508	507	27
0.1	1682	506	27
0.1	512	511	27
0.1	1684	510	27
0.1	1685	509	27
0.1	516	515	27
0.1	1687	514	27
0.1	1688	513	27
0.1	1689	1686	27
0.1	1690	1683	27
0.1	518	517	27
0.1	520	519	27
0.1	524	523	27
0.1	1694	522	27
0.1	1695	521	27
0.1	525	1696	27
0.1	1697	1693	27
0.1	1698	1692	27
0.1	1699	1691	27
0.1	526	1700	9
0.1	532	531	28
0.1	1702	530	28
0.1	1703	529	28
0.1	535	534	28
0.1	1705	533	28
0.1	536	1706	28
0.1	1707	1704	28
0.1	538	537	28
0.1	540	539	28
0.1	541	1710	28
0.1	545	544	28
0.1	1712	543	28
0.1	547	546	28
0.1	1714	1713	28
0.1	548	1715	28
0.1	1716	542	28
0.1	1717	1711	28
0.1	1718	1709	28
0.1	1719	1708	28
0.1	1720	528	9
0.1	1721	527	9
0.1	552	551	29
0.1	554	553	29
0.1	1724	1723	29
0.1	1725	550	29
0.1	557	556	29
0.1	1727	555	29
0.1	562	561	30
0.1	564	563	30
0.1	566	565	30
0.1	569	568	30
0.1	1732	567	30
0.1	1733	1731	30
0.1	571	570	30
0.1	572	1735	30
0.1	1736	1734	30
0.1	1737	1730	30
0.1	1738	1729	30
0.1	1739	560	30
0.1	575	574	30
0.1	1741	573	30
0.1	579	578	30
0.1	1743	577	30
0.1	1744	576	30
0.1	1745	1742	30
0.1	1746	1740	30
0.1	580	1747	29
0.1	581	1748	29
0.1	1749	559	29
0.1	582	1750	29
0.1	1751	558	29
0.1	1752	1728	29
0.1	1753	1726	29
0.1	585	584	29
0.1	1755	583	29
0.1	587	586	29
0.1	1757	1756	29
0.1	589	588	29
0.1	1759	1758	29
0.1	1760	1754	29
0.1	1761	549	9
0.1	1762	1722	9
0.1	1763	1701	9
0.1	1764	1681	9
0.1	590	1765	1
0.1	592	591	1
0.1	596	595	31
0.1	1768	594	31
0.1	597	1769	31
0.1	1770	593	31
0.1	600	599	31
0.1	1772	598	31
0.1	601	1773	31
0.1	1774	1771	31
0.1	602	1775	31
0.1	604	603	31
0.1	607	606	31
0.1	609	608	31
0.1	611	610	31
0.1	1780	1779	31
0.1	1781	1778	31
0.1	1782	605	31
0.1	1783	1777	31
0.1	614	613	32
0.1	616	615	32
0.1	1786	1785	32
0.1	1787	612	32
0.1	620	619	32
0.1	1789	618	32
0.1	622	621	32
0.1	1791	1790	32
0.1	1792	617	32
0.1	625	624	32
0.1	626	1794	32
0.1	1795	623	32
0.1	629	628	32
0.1	1797	627	32
0.1	631	630	32
0.1	1799	1798	32
0.1	1800	1796	32
0.1	1801	1793	32
0.1	1802	1788	32
0.1	632	1803	31
0.1	1804	1784	31
0.1	1805	1776	31
0.1	1806	1767	1
0.1	1807	1766	1
0.1	633	1808	1
0.1	634	1809	1
0.1	1810	1326	1
0.1	638	637	33
0.1	639	1812	33
0.1	642	641	33
0.1	1814	640	33
0.1	1815	1813	33
0.1	644	643	33
0.1	647	646	33
0.1	1818	645	33
0.1	1819	1817	33
0.1	650	649	33
0.1	651	1821	33
0.1	652	1822	33
0.1	1823	648	33
0.1	653	1824	33
0.1	655	654	33
0.1	1826	1825	33
0.1	656	1827	33
0.1	1828	1820	33
0.1	1829	1816	33
0.1	1830	636	1
0.1	1831	635	1
0.1	1832	1811	1
0.1	1833	1285	1
0.1	1834	1284	1
0.1	660	659	34
0.1	1836	658	34
0.1	1837	657	34
0.1	668	667	35
0.1	1839	666	35
0.1	1840	665	35
0.1	670	669	35
0.1	671	1842	35
0.1	673	672	35
0.1	677	676	35
0.1	1845	675	35
0.1	1846	674	35
0.1	679	678	35
0.1	680	1848	35
0.1	681	1849	35
0.1	1850	1847	35
0.1	1851	1844	35
0.1	1852	1843	35
0.1	1853	1841	35
0.1	683	682	35
0.1	1855	1854	35
0.1	1856	664	35
0.1	1857	663	34
0.1	1858	662	34
0.1	686	685	34
0.1	1860	684	34
0.1	688	687	34
0.1	694	693	36
0.1	1863	692	36
0.1	697	696	36
0.1	1865	695	36
0.1	1866	1864	36
0.1	698	1867	36
0.1	1868	691	36
0.1	700	699	36
0.1	702	701	36
0.1	704	703	36
0.1	1872	1871	36
0.1	1873	1870	36
0.1	1874	1869	36
0.1	706	705	36
0.1	1876	1875	36
0.1	708	707	36
0.1	1878	1877	36
0.1	1879	690	36
0.1	1880	689	36
0.1	1881	1862	34
0.1	1882	1861	34
0.1	1883	1859	34
0.1	1884	661	34
0.1	711	710	34
0.1	713	712	34
0.1	717	716	37
0.1	1888	715	37
0.1	1889	714	37
0.1	719	718	37
0.1	723	722	37
0.1	725	724	37
0.1	1893	1892	37
0.1	1894	721	37
0.1	726	1895	37
0.1	1896	720	37
0.1	727	1897	37
0.1	1898	1891	37
0.1	729	728	37
0.1	731	730	37
0.1	1901	1900	37
0.1	733	732	37
0.1	1903	1902	37
0.1	1904	1899	37
0.1	1905	1890	37
0.1	734	1906	34
0.1	736	735	38
0.1	738	737	38
0.1	741	740	38
0.1	1910	739	38
0.1	1911	1909	38
0.1	743	742	38
0.1	1913	1912	38
0.1	747	746	38
0.1	749	748	38
0.1	1916	1915	38
0.1	1917	745	38
0.1	1918	744	38
0.1	1919	1914	38
0.1	751	750	38
0.1	752	1921	38
0.1	1922	1920	38
0.1	754	753	38
0.1	1924	1923	38
0.1	1925	1908	38
0.1	1926	1907	34
0.1	1927	1887	34
0.1	1928	1886	34
0.1	1929	709	34
0.1	1930	1885	34
0.1	1931	1838	34
0.1	755	1932	34
0.1	757	756	34
0.1	759	758	39
0.1	761	760	40
0.1	764	763	40
0.1	765	1937	40
0.1	766	1938	40
0.1	767	1939	40
0.1	1940	762	40
0.1	1941	1936	40
0.1	771	770	40
0.1	1943	769	40
0.1	773	772	40
0.1	1945	1944	40
0.1	1946	768	40
0.1	775	774	40
0.1	779	778	40
0.1	1949	777	40
0.1	1950	776	40
0.1	1951	1948	40
0.1	1952	1947	40
0.1	1953	1942	40
0.1	784	783	41
0.1	1955	782	41
0.1	785	1956	41
0.1	786	1957	41
0.1	1958	781	41
0.1	1959	780	41
0.1	789	788	41
0.1	1961	787	41
0.1	793	792	41
0.1	794	1963	41
0.1	1964	791	41
0.1	1965	790	41
0.1	795	1966	41
0.1	1967	1962	41
0.1	797	796	41
0.1	799	798	41
0.1	1970	1969	41
0.1	1971	1968	41
0.1	1972	1960	41
0.1	1973	1954	41
0.1	1974	1935	39
0.1	802	801	39
0.1	1976	800	39
0.1	1977	1975	39
0.1	803	1978	39
0.1	808	807	39
0.1	1980	806	39
0.1	1981	805	39
0.1	1982	804	39
0.1	810	809	39
0.1	812	811	39
0.1	813	1985	39
0.1	1986	1984	39
0.1	1987	1983	39
0.1	816	815	39
0.1	1989	814	39
0.1	1990	1988	39
0.1	817	1991	39
0.1	1992	1979	39
0.1	1993	1934	34
0.1	1994	1933	34
0.1	823	822	43
0.1	1996	821	43
0.1	827	826	43
0.1	828	1998	43
0.1	1999	825	43
0.1	829	2000	43
0.1	2001	824	43
0.1	833	832	43
0.1	2003	831	43
0.1	2004	830	43
0.1	834	2005	43
0.1	838	837	43
0.1	2007	836	43
0.1	2008	835	43
0.1	2009	2006	43
0.1	840	839	43
0.1	2011	2010	43
0.1	2012	2002	43
0.1	2013	1997	43
0.1	2014	820	42
0.1	845	844	44
0.1	849	848	44
0.1	2017	847	44
0.1	852	851	44
0.1	2019	850	44
0.1	2020	2018	44
0.1	2021	846	44
0.1	853	2022	44
0.1	855	854	44
0.1	857	856	44
0.1	2025	2024	44
0.1	2026	2023	44
0.1	858	2027	44
0.1	859	2028	44
0.1	2029	2016	44
0.1	2030	843	44
0.1	860	2031	44
0.1	861	2032	44
0.1	2033	842	44
0.1	2034	841	42
0.1	2035	2015	42
0.1	865	864	42
0.1	866	2037	42
0.1	2038	863	42
0.1	2039	862	42
0.1	867	2040	42
0.1	871	870	42
0.1	2042	869	42
0.1	2043	868	42
0.1	872	2044	42
0.1	2045	2041	42
0.1	874	873	42
0.1	2047	2046	42
0.1	877	876	42
0.1	2049	875	42
0.1	879	878	42
0.1	2051	2050	42
0.1	2052	2048	42
0.1	2053	2036	42
0.1	2054	819	1
0.1	2055	818	1
0.1	884	883	45
0.1	2057	882	45
0.1	2058	881	45
0.1	887	886	45
0.1	889	888	45
0.1	2061	2060	45
0.1	2062	885	45
0.1	892	891	45
0.1	893	2064	45
0.1	895	894	45
0.1	897	896	45
0.1	2067	2066	45
0.1	2068	2065	45
0.1	2069	890	45
0.1	899	898	45
0.1	900	2071	45
0.1	2072	2070	45
0.1	2073	2063	45
0.1	2074	2059	45
0.1	2075	880	1
0.1	904	903	46
0.1	2077	902	46
0.1	2078	901	46
0.1	905	2079	46
0.1	907	906	46
0.1	910	909	46
0.1	2082	908	46
0.1	2083	2081	46
0.1	912	911	46
0.1	2085	2084	46
0.1	914	913	46
0.1	916	915	46
0.1	918	917	46
0.1	2089	2088	46
0.1	2090	2087	46
0.1	2091	2086	46
0.1	2092	2080	46
0.1	919	2093	46
0.1	920	2094	46
0.1	2095	2076	1
0.1	2096	2056	1
0.1	2097	1995	1
0.1	922	921	47
0.1	925	924	47
0.1	2100	923	47
0.1	927	926	47
0.1	929	928	48
0.1	931	930	48
0.1	2104	2103	48
0.1	933	932	48
0.1	935	934	48
0.1	937	936	48
0.1	2108	2107	48
0.1	939	938	48
0.1	942	941	48
0.1	2111	940	48
0.1	2112	2110	48
0.1	2113	2109	48
0.1	945	944	48
0.1	946	2115	48
0.1	2116	943	48
0.1	2117	2114	48
0.1	2118	2106	48
0.1	2119	2105	48
0.1	947	2120	48
0.1	955	954	49
0.1	2122	953	49
0.1	2123	952	49
0.1	2124	951	49
0.1	2125	950	49
0.1	2126	949	49
0.1	958	957	49
0.1	2128	956	49
0.1	960	959	49
0.1	2130	2129	49
0.1	2131	2127	49
0.1	962	961	49
0.1	963	2133	49
0.1	966	965	49
0.1	2135	964	49
0.1	2136	2134	49
0.1	967	2137	49
0.1	2138	2132	49
0.1	2139	948	49
0.1	970	969	50
0.1	972	971	50
0.1	2142	2141	50
0.1	973	2143	50
0.1	975	974	50
0.1	2145	2144	50
0.1	2146	968	50
0.1	2147	2140	50
0.1	2148	2121	50
0.1	978	977	51
0.1	981	980	51
0.1	984	983	51
0.1	2152	982	51
0.1	2153	2151	51
0.1	2154	979	51
0.1	2155	2150	51
0.1	986	985	51
0.1	988	987	51
0.1	992	991	51
0.1	2159	990	51
0.1	2160	989	51
0.1	2161	2158	51
0.1	2162	2157	51
0.1	2163	2156	51
0.1	2164	976	51
0.1	994	993	51
0.1	995	2166	51
0.1	996	2167	50
0.1	2168	2165	50
0.1	998	997	50
0.1	1000	999	50
0.1	2171	2170	50
0.1	2172	2169	50
0.1	1002	1001	50
0.1	1003	2174	50
0.1	1004	2175	50
0.1	2176	2173	50
0.1	1008	1007	52
0.1	1010	1009	52
0.1	1012	1011	52
0.1	2180	2179	52
0.1	1014	1013	52
0.1	2182	2181	52
0.1	2183	2178	52
0.1	2184	1006	52
0.1	2185	1005	52
0.1	1018	1017	52
0.1	2187	1016	52
0.1	2188	1015	52
0.1	1019	2189	52
0.1	2190	2186	52
0.1	2191	2177	50
0.1	1023	1022	52
0.1	2193	1021	52
0.1	2194	1020	52
0.1	1024	2195	52
0.1	1026	1025	50
0.1	1027	2197	50
0.1	2198	2196	50
0.1	2199	2192	50
0.1	2200	2149	50
0.1	1031	1030	53
0.1	2202	1029	53
0.1	1033	1032	53
0.1	2204	2203	53
0.1	1038	1037	54
0.1	2206	1036	54
0.1	1039	2207	54
0.1	1041	1040	54
0.1	1043	1042	54
0.1	1045	1044	54
0.1	1047	1046	54
0.1	2212	2211	54
0.1	2213	2210	54
0.1	2214	2209	54
0.1	2215	2208	54
0.1	1049	1048	54
0.1	1052	1051	54
0.1	2218	1050	54
0.1	2219	2217	54
0.1	1055	1054	54
0.1	2221	1053	54
0.1	2222	2220	54
0.1	2223	2216	54
0.1	1056	2224	53
0.1	1058	1057	53
0.1	2226	2225	53
0.1	2227	1035	53
0.1	1059	2228	53
0.1	1061	1060	53
0.1	2230	2229	53
0.1	1063	1062	53
0.1	1066	1065	53
0.1	2233	1064	53
0.1	2234	2232	53
0.1	2235	2231	53
0.1	2236	1034	53
0.1	2237	2205	53
0.1	2238	1028	53
0.1	1067	2239	53
0.1	1073	1072	56
0.1	2241	1071	56
0.1	1075	1074	56
0.1	2243	2242	56
0.1	1077	1076	56
0.1	1081	1080	56
0.1	2246	1079	56
0.1	2247	1078	56
0.1	2248	2245	56
0.1	1082	2249	56
0.1	1085	1084	56
0.1	1086	2251	56
0.1	2252	1083	56
0.1	1090	1089	56
0.1	2254	1088	56
0.1	2255	1087	56
0.1	2256	2253	56
0.1	2257	2250	56
0.1	2258	2244	56
0.1	1091	2259	55
0.1	2260	1070	55
0.1	2261	1069	55
0.1	2262	1068	55
0.1	1094	1093	55
0.1	2264	1092	55
0.1	1095	2265	55
0.1	1097	1096	55
0.1	1099	1098	55
0.1	1101	1100	55
0.1	1103	1102	55
0.1	1105	1104	55
0.1	2271	2270	55
0.1	1107	1106	55
0.1	2273	2272	55
0.1	2274	2269	55
0.1	2275	2268	55
0.1	2276	2267	55
0.1	2277	2266	55
0.1	2278	2263	55
0.1	2279	2240	55
0.1	2280	2201	50
0.1	1109	1108	57
0.1	1110	2282	57
0.1	1112	1111	58
0.1	1118	1117	58
0.1	2285	1116	58
0.1	2286	1115	58
0.1	2287	1114	58
0.1	2288	1113	58
0.1	2289	2284	58
0.1	1120	1119	58
0.1	1121	2291	58
0.1	2292	2290	58
0.1	1123	1122	58
0.1	1125	1124	58
0.1	1127	1126	58
0.1	2296	2295	58
0.1	2297	2294	58
0.1	1128	2298	58
0.1	1130	1129	58
0.1	2300	2299	58
0.1	2301	2293	58
0.1	2302	2283	57
0.1	1131	2303	57
0.1	1132	2304	57
0.1	1135	1134	57
0.1	2306	1133	57
0.1	1137	1136	57
0.1	2308	2307	57
0.1	1138	2309	57
0.1	1141	1140	57
0.1	2311	1139	57
0.1	1144	1143	57
0.1	2313	1142	57
0.1	1145	2314	57
0.1	1147	1146	57
0.1	2316	2315	57
0.1	2317	2312	57
0.1	2318	2310	57
0.1	2319	2305	57
0.1	2320	2281	47
0.1	1152	1151	59
0.1	1154	1153	59
0.1	2323	2322	59
0.1	1159	1158	59
0.1	2325	1157	59
0.1	2326	1156	59
0.1	2327	1155	59
0.1	1161	1160	59
0.1	1163	1162	59
0.1	1166	1165	59
0.1	2331	1164	59
0.1	1168	1167	59
0.1	1170	1169	59
0.1	2334	2333	59
0.1	2335	2332	59
0.1	2336	2330	59
0.1	2337	2329	59
0.1	2338	2328	59
0.1	2339	2324	59
0.1	1172	1171	47
0.1	2341	2340	47
0.1	2342	1150	47
0.1	2343	1149	47
0.1	1173	2344	47
0.1	2345	1148	47
0.1	2346	2321	47
0.1	2347	2102	47
0.1	1177	1176	47
0.1	1179	1178	47
0.1	2350	2349	47
0.1	2351	1175	47
0.1	2352	1174	47
0.1	2353	2348	47
0.1	2354	2101	47
0.1	1180	2355	47
0.1	2356	2099	47
0.1	2357	2098	1
0.1	2358	1835	1
