1	0	0	1
1	0	0	1
1	0	0	2
1	0	0	2
1	0	0	2
1	0	0	2
1	0	0	2
1	0	0	2
1	0	0	2
1	0	0	3
1	0	0	3
1	0	0	3
1	0	0	3
1	0	0	3
1	0	0	3
1	0	0	3
1	0	0	3
1	0	0	3
1	0	0	3
1	0	0	3
1	0	0	3
1	0	0	3
1	0	0	3
1	0	0	3
1	0	0	3
1	0	0	3
1	0	0	3
1	0	0	3
1	0	0	3
1	0	0	4
1	0	0	4
1	0	0	4
1	0	0	4
1	0	0	4
1	0	0	4
1	0	0	4
1	0	0	4
1	0	0	4
1	0	0	4
1	0	0	4
1	0	0	4
1	0	0	4
1	0	0	4
1	0	0	4
1	0	0	4
1	0	0	4
1	0	0	5
1	0	0	5
1	0	0	5
1	0	0	5
1	0	0	5
1	0	0	5
1	0	0	5
1	0	0	5
1	0	0	5
1	0	0	6
1	0	0	7
1	0	0	7
1	0	0	8
1	0	0	8
1	0	0	8
1	0	0	8
1	0	0	8
1	0	0	8
1	0	0	8
1	0	0	8
1	0	0	8
1	0	0	8
1	0	0	8
1	0	0	8
1	0	0	8
1	0	0	8
1	0	0	8
1	0	0	8
1	0	0	9
1	0	0	9
1	0	0	9
1	0	0	9
1	0	0	9
1	0	0	9
1	0	0	9
1	0	0	9
1	0	0	9
1	0	0	9
1	0	0	9
1	0	0	9
1	0	0	9
1	0	0	9
1	0	0	9
1	0	0	9
1	0	0	4
1	0	0	4
1	0	0	6
1	0	0	6
1	0	0	6
1	0	0	6
1	0	0	6
1	0	0	6
1	0	0	6
1	0	0	6
1	0	0	6
1	0	0	5
1	0	0	10
1	0	0	10
1	0	0	10
1	0	0	10
1	0	0	10
1	0	0	10
1	0	0	10
1	0	0	10
1	0	0	10
1	0	0	10
1	0	0	10
1	0	0	10
1	0	0	10
1	0	0	10
1	0	0	10
1	0	0	10
1	0	0	6
1	0	0	6
1	0	0	6
1	0	0	6
1	0	0	6
1	0	0	6
1	0	0	6
1	0	0	6
1	0	0	6
1	0	0	6
1	0	0	7
1	0	0	7
1	0	0	7
1	0	0	7
1	0	0	7
1	0	0	7
1	0	0	7
1	0	0	7
1	0	0	7
1	0	0	7
1	0	0	4
1	0	0	1
1	0	0	1
1	0	0	1
1	0	0	1
1	0	0	1
1	0	0	1
1	0	0	1
1	0	0	1
1	0	0	1
1	0	0	1
1	0	0	1
1	0	0	1
1	0	0	1
1	0	0	1
1	0	0	1
1	0	0	1
1	0	0	1
1	0	0	1
1	0	0	8
1	0	0	8
1	0	0	8
1	0	0	8
1	0	0	2
1	0	0	11
1	0	0	11
1	0	0	11
1	0	0	11
1	0	0	11
1	0	0	11
1	0	0	11
1	0	0	11
1	0	0	11
1	0	0	11
1	0	0	11
1	0	0	11
1	0	0	11
1	0	0	11
1	0	0	11
1	0	0	11
1	0	0	11
1	0	0	11
1	0	0	7
1	0	0	7
1	0	0	7
1	0	0	7
1	0	0	7
1	0	0	7
1	0	0	7
1	0	0	7
1	0	0	12
1	0	0	12
1	0	0	12
1	0	0	12
1	0	0	12
1	0	0	12
1	0	0	12
1	0	0	12
1	0	0	12
1	0	0	12
1	0	0	12
1	0	0	12
1	0	0	12
1	0	0	12
1	0	0	12
1	0	0	12
1	0	0	12
1	0	0	12
1	0	0	12
1	0	0	12
1	0	0	13
1	0	0	13
1	0	0	13
1	0	0	13
1	0	0	13
1	0	0	13
1	0	0	13
1	0	0	13
1	0	0	13
1	0	0	13
1	0	0	13
1	0	0	14
1	0	0	14
1	0	0	14
1	0	0	14
1	0	0	14
1	0	0	14
1	0	0	14
1	0	0	14
1	0	0	14
1	0	0	14
1	0	0	14
1	0	0	14
1	0	0	14
1	0	0	14
1	0	0	14
1	0	0	14
1	0	0	14
1	0	0	14
1	0	0	14
1	0	0	14
1	0	0	13
1	0	0	13
1	0	0	15
1	0	0	15
1	0	0	15
1	0	0	15
1	0	0	15
1	0	0	15
1	0	0	15
1	0	0	15
1	0	0	15
1	0	0	15
1	0	0	15
1	0	0	15
1	0	0	15
1	0	0	15
1	0	0	15
1	0	0	15
1	0	0	15
1	0	0	15
1	0	0	15
1	0	0	15
1	0	0	16
1	0	0	16
1	0	0	16
1	0	0	16
1	0	0	16
1	0	0	16
1	0	0	16
1	0	0	16
1	0	0	16
1	0	0	16
1	0	0	16
1	0	0	16
1	0	0	16
1	0	0	16
1	0	0	16
1	0	0	16
1	0	0	16
1	0	0	16
1	0	0	16
1	0	0	16
1	0	0	17
1	0	0	17
1	0	0	17
1	0	0	17
1	0	0	17
1	0	0	17
1	0	0	17
1	0	0	17
1	0	0	17
1	0	0	17
1	0	0	17
1	0	0	17
1	0	0	17
1	0	0	17
1	0	0	17
1	0	0	17
1	0	0	17
1	0	0	17
1	0	0	17
1	0	0	17
1	0	0	13
1	0	0	18
1	0	0	18
1	0	0	18
1	0	0	18
1	0	0	18
1	0	0	18
1	0	0	18
1	0	0	18
1	0	0	18
1	0	0	18
1	0	0	18
1	0	0	18
1	0	0	18
1	0	0	18
1	0	0	18
1	0	0	18
1	0	0	18
1	0	0	18
1	0	0	18
1	0	0	18
1	0	0	19
1	0	0	19
1	0	0	19
1	0	0	19
1	0	0	19
1	0	0	19
1	0	0	19
1	0	0	19
1	0	0	19
1	0	0	19
1	0	0	19
1	0	0	19
1	0	0	19
1	0	0	19
1	0	0	19
1	0	0	19
1	0	0	19
1	0	0	19
1	0	0	19
1	0	0	19
1	0	0	20
1	0	0	20
1	0	0	20
1	0	0	20
1	0	0	20
1	0	0	20
1	0	0	20
1	0	0	20
1	0	0	20
1	0	0	20
1	0	0	20
1	0	0	20
1	0	0	20
1	0	0	20
1	0	0	20
1	0	0	20
1	0	0	21
1	0	0	21
1	0	0	21
1	0	0	21
1	0	0	21
1	0	0	21
1	0	0	21
1	0	0	21
1	0	0	21
1	0	0	21
1	0	0	21
1	0	0	21
1	0	0	21
1	0	0	21
1	0	0	21
1	0	0	21
1	0	0	21
1	0	0	21
1	0	0	21
1	0	0	21
1	0	0	20
1	0	0	22
1	0	0	22
1	0	0	22
1	0	0	22
1	0	0	22
1	0	0	22
1	0	0	22
1	0	0	22
1	0	0	22
1	0	0	22
1	0	0	22
1	0	0	22
1	0	0	22
1	0	0	22
1	0	0	22
1	0	0	22
1	0	0	22
1	0	0	22
1	0	0	22
1	0	0	22
1	0	0	23
1	0	0	23
1	0	0	23
1	0	0	23
1	0	0	23
1	0	0	23
1	0	0	23
1	0	0	23
1	0	0	23
1	0	0	23
1	0	0	23
1	0	0	23
1	0	0	23
1	0	0	23
1	0	0	23
1	0	0	23
1	0	0	23
1	0	0	23
1	0	0	23
1	0	0	23
1	0	0	20
1	0	0	20
1	0	0	20
1	0	0	13
1	0	0	13
1	0	0	24
1	0	0	24
1	0	0	24
1	0	0	24
1	0	0	24
1	0	0	24
1	0	0	24
1	0	0	24
1	0	0	24
1	0	0	24
1	0	0	24
1	0	0	24
1	0	0	24
1	0	0	24
1	0	0	24
1	0	0	24
1	0	0	24
1	0	0	24
1	0	0	24
1	0	0	24
1	0	0	13
1	0	0	25
1	0	0	25
1	0	0	25
1	0	0	25
1	0	0	25
1	0	0	25
1	0	0	25
1	0	0	25
1	0	0	25
1	0	0	25
1	0	0	25
1	0	0	25
1	0	0	25
1	0	0	25
1	0	0	25
1	0	0	25
1	0	0	25
1	0	0	25
1	0	0	25
1	0	0	25
1	0	0	26
1	0	0	26
1	0	0	26
1	0	0	26
1	0	0	26
1	0	0	26
1	0	0	26
1	0	0	26
1	0	0	26
1	0	0	26
1	0	0	26
1	0	0	26
1	0	0	26
1	0	0	26
1	0	0	26
1	0	0	26
1	0	0	26
1	0	0	26
1	0	0	26
1	0	0	26
1	0	0	13
1	0	0	13
1	0	0	13
1	0	0	27
1	0	0	27
1	0	0	27
1	0	0	9
1	0	0	9
1	0	0	9
1	0	0	9
1	0	0	27
1	0	0	27
1	0	0	5
1	0	0	5
1	0	0	5
1	0	0	5
1	0	0	5
1	0	0	5
1	0	0	5
1	0	0	5
1	0	0	5
1	0	0	5
1	0	0	27
1	0	0	27
1	0	0	27
1	0	0	27
1	0	0	28
1	0	0	28
1	0	0	28
1	0	0	28
1	0	0	28
1	0	0	28
1	0	0	28
1	0	0	28
1	0	0	28
1	0	0	28
1	0	0	28
1	0	0	28
1	0	0	28
1	0	0	28
1	0	0	28
1	0	0	28
1	0	0	28
1	0	0	28
1	0	0	28
1	0	0	28
1	0	0	27
1	0	0	27
1	0	0	27
1	0	0	27
1	0	0	27
1	0	0	27
1	0	0	27
1	0	0	27
1	0	0	27
1	0	0	29
1	0	0	29
1	0	0	29
1	0	0	29
1	0	0	29
1	0	0	29
1	0	0	29
1	0	0	29
1	0	0	29
1	0	0	29
1	0	0	29
1	0	0	29
1	0	0	29
1	0	0	29
1	0	0	29
1	0	0	29
1	0	0	29
1	0	0	29
1	0	0	29
1	0	0	29
1	0	0	27
1	0	0	27
1	0	0	30
1	0	0	30
1	0	0	2
1	0	0	2
1	0	0	2
1	0	0	2
1	0	0	2
1	0	0	2
1	0	0	2
1	0	0	2
1	0	0	2
1	0	0	2
1	0	0	2
1	0	0	2
1	0	0	31
1	0	0	31
1	0	0	31
1	0	0	31
1	0	0	31
1	0	0	31
1	0	0	31
1	0	0	31
1	0	0	31
1	0	0	31
1	0	0	31
1	0	0	31
1	0	0	31
1	0	0	31
1	0	0	31
1	0	0	31
1	0	0	31
1	0	0	31
1	0	0	31
1	0	0	31
1	0	0	30
1	0	0	30
1	0	0	30
1	0	0	30
1	0	0	30
1	0	0	30
1	0	0	30
1	0	0	30
1	0	0	30
1	0	0	11
1	0	0	11
1	0	0	10
1	0	0	32
1	0	0	32
1	0	0	32
1	0	0	32
1	0	0	32
1	0	0	33
1	0	0	33
1	0	0	33
1	0	0	33
1	0	0	33
1	0	0	33
1	0	0	33
1	0	0	33
1	0	0	33
1	0	0	33
1	0	0	33
1	0	0	33
1	0	0	33
1	0	0	33
1	0	0	33
1	0	0	33
1	0	0	33
1	0	0	33
1	0	0	33
1	0	0	33
1	0	0	32
1	0	0	32
1	0	0	32
1	0	0	32
1	0	0	34
1	0	0	34
1	0	0	34
1	0	0	34
1	0	0	34
1	0	0	34
1	0	0	34
1	0	0	34
1	0	0	34
1	0	0	34
1	0	0	34
1	0	0	34
1	0	0	34
1	0	0	34
1	0	0	34
1	0	0	34
1	0	0	34
1	0	0	34
1	0	0	34
1	0	0	34
1	0	0	32
1	0	0	30
1	0	0	30
1	0	0	30
1	0	0	10
1	0	0	10
1	0	0	10
1	0	0	30
1	0	0	30
1	0	0	30
1	0	0	30
1	0	0	30
1	0	0	30
1	0	0	32
1	0	0	32
1	0	0	35
1	0	0	35
1	0	0	35
1	0	0	35
1	0	0	35
1	0	0	35
1	0	0	35
1	0	0	35
1	0	0	35
1	0	0	35
1	0	0	35
1	0	0	35
1	0	0	35
1	0	0	35
1	0	0	35
1	0	0	35
1	0	0	35
1	0	0	35
1	0	0	35
1	0	0	35
1	0	0	32
1	0	0	32
1	0	0	36
1	0	0	36
1	0	0	36
1	0	0	36
1	0	0	36
1	0	0	36
1	0	0	36
1	0	0	36
1	0	0	36
1	0	0	36
1	0	0	36
1	0	0	36
1	0	0	36
1	0	0	36
1	0	0	36
1	0	0	36
1	0	0	36
1	0	0	36
1	0	0	36
1	0	0	36
1	0	0	32
1	0	0	32
1	0	0	32
1	0	0	32
1	0	0	37
1	0	0	37
1	0	0	37
1	0	0	37
1	0	0	37
1	0	0	37
1	0	0	37
1	0	0	37
1	0	0	37
1	0	0	37
1	0	0	37
1	0	0	37
1	0	0	37
1	0	0	37
1	0	0	37
1	0	0	37
1	0	0	37
1	0	0	37
1	0	0	37
1	0	0	37
1	0	0	38
1	0	0	38
1	0	0	38
1	0	0	38
1	0	0	38
1	0	0	38
1	0	0	38
1	0	0	38
1	0	0	38
1	0	0	38
1	0	0	38
1	0	0	38
1	0	0	38
1	0	0	38
1	0	0	38
1	0	0	38
1	0	0	38
1	0	0	38
1	0	0	38
1	0	0	38
1	0	0	39
1	0	0	39
1	0	0	39
1	0	0	39
1	0	0	39
1	0	0	39
1	0	0	39
1	0	0	39
1	0	0	39
1	0	0	39
1	0	0	39
1	0	0	39
1	0	0	39
1	0	0	39
1	0	0	39
1	0	0	39
1	0	0	39
1	0	0	39
1	0	0	39
1	0	0	39
1	0	0	32
1	0	0	32
1	0	0	40
1	0	0	40
1	0	0	40
1	0	0	40
1	0	0	40
1	0	0	40
1	0	0	40
1	0	0	40
1	0	0	40
1	0	0	40
1	0	0	40
1	0	0	40
1	0	0	40
1	0	0	40
1	0	0	40
1	0	0	40
1	0	0	40
1	0	0	40
1	0	0	40
1	0	0	40
0.1	2	1	1
0.1	4	3	2
0.1	7	6	2
0.1	803	5	2
0.1	804	802	2
0.1	9	8	2
0.1	806	805	2
0.1	807	801	2
0.1	12	11	3
0.1	13	809	3
0.1	16	15	3
0.1	811	14	3
0.1	18	17	3
0.1	813	812	3
0.1	814	810	3
0.1	815	10	3
0.1	20	19	3
0.1	21	817	3
0.1	818	816	3
0.1	26	25	3
0.1	820	24	3
0.1	821	23	3
0.1	28	27	3
0.1	29	823	3
0.1	824	822	3
0.1	825	22	3
0.1	826	819	3
0.1	31	30	4
0.1	33	32	4
0.1	829	828	4
0.1	35	34	4
0.1	36	831	4
0.1	832	830	4
0.1	38	37	4
0.1	39	834	4
0.1	835	833	4
0.1	41	40	4
0.1	43	42	4
0.1	46	45	4
0.1	839	44	4
0.1	840	838	4
0.1	841	837	4
0.1	842	836	4
0.1	843	827	3
0.1	844	808	2
0.1	49	48	5
0.1	50	846	5
0.1	847	47	5
0.1	55	54	5
0.1	849	53	5
0.1	850	52	5
0.1	851	51	5
0.1	852	848	5
0.1	58	57	7
0.1	62	61	8
0.1	855	60	8
0.1	856	59	8
0.1	63	857	8
0.1	67	66	8
0.1	859	65	8
0.1	71	70	8
0.1	861	69	8
0.1	73	72	8
0.1	863	862	8
0.1	864	68	8
0.1	865	860	8
0.1	866	64	8
0.1	74	867	8
0.1	868	858	8
0.1	869	854	7
0.1	870	56	7
0.1	77	76	9
0.1	872	75	9
0.1	81	80	9
0.1	874	79	9
0.1	875	78	9
0.1	876	873	9
0.1	83	82	9
0.1	85	84	9
0.1	879	878	9
0.1	880	877	9
0.1	88	87	9
0.1	90	89	9
0.1	883	882	9
0.1	884	86	9
0.1	885	881	9
0.1	886	871	7
0.1	887	853	7
0.1	888	845	7
0.1	92	91	4
0.1	95	94	6
0.1	891	93	6
0.1	97	96	6
0.1	100	99	6
0.1	101	894	6
0.1	895	98	6
0.1	896	893	6
0.1	897	892	6
0.1	898	890	6
0.1	102	899	6
0.1	105	104	10
0.1	901	103	10
0.1	107	106	10
0.1	903	902	10
0.1	108	904	10
0.1	110	109	10
0.1	113	112	10
0.1	114	907	10
0.1	908	111	10
0.1	909	906	10
0.1	910	905	10
0.1	118	117	10
0.1	912	116	10
0.1	913	115	10
0.1	914	911	10
0.1	119	915	6
0.1	121	120	6
0.1	123	122	6
0.1	126	125	6
0.1	919	124	6
0.1	128	127	6
0.1	921	920	6
0.1	922	918	6
0.1	923	917	6
0.1	924	916	6
0.1	925	900	6
0.1	132	131	7
0.1	927	130	7
0.1	135	134	7
0.1	929	133	7
0.1	930	928	7
0.1	931	129	7
0.1	137	136	7
0.1	933	932	7
0.1	138	934	7
0.1	139	935	7
0.1	141	140	1
0.1	143	142	1
0.1	144	938	1
0.1	939	937	1
0.1	147	146	1
0.1	150	149	1
0.1	942	148	1
0.1	151	943	1
0.1	944	941	1
0.1	945	145	1
0.1	154	153	1
0.1	947	152	1
0.1	155	948	1
0.1	157	156	1
0.1	950	949	1
0.1	951	946	1
0.1	952	940	1
0.1	953	936	7
0.1	954	926	7
0.1	159	158	8
0.1	160	956	8
0.1	161	957	8
0.1	162	958	2
0.1	166	165	11
0.1	169	168	11
0.1	961	167	11
0.1	170	962	11
0.1	963	960	11
0.1	964	164	11
0.1	965	163	11
0.1	173	172	11
0.1	174	967	11
0.1	968	171	11
0.1	969	966	11
0.1	176	175	11
0.1	179	178	11
0.1	180	972	11
0.1	973	177	11
0.1	974	971	11
0.1	975	970	11
0.1	976	959	11
0.1	182	181	7
0.1	183	978	7
0.1	185	184	7
0.1	188	187	7
0.1	981	186	7
0.1	982	980	7
0.1	983	979	7
0.1	984	977	7
0.1	985	955	7
0.1	986	889	7
0.1	190	189	12
0.1	195	194	12
0.1	989	193	12
0.1	990	192	12
0.1	991	191	12
0.1	992	988	12
0.1	197	196	12
0.1	199	198	12
0.1	995	994	12
0.1	204	203	12
0.1	997	202	12
0.1	998	201	12
0.1	207	206	12
0.1	1000	205	12
0.1	1001	999	12
0.1	1002	200	12
0.1	1003	996	12
0.1	1004	993	12
0.1	208	1005	12
0.1	210	209	13
0.1	1007	1006	13
0.1	212	211	13
0.1	214	213	13
0.1	1010	1009	13
0.1	1011	1008	13
0.1	216	215	13
0.1	1013	1012	13
0.1	219	218	13
0.1	1015	217	13
0.1	1016	1014	13
0.1	223	222	14
0.1	1018	221	14
0.1	1019	220	14
0.1	226	225	14
0.1	230	229	14
0.1	231	1022	14
0.1	1023	228	14
0.1	1024	227	14
0.1	233	232	14
0.1	1026	1025	14
0.1	1027	1021	14
0.1	236	235	14
0.1	238	237	14
0.1	239	1030	14
0.1	1031	1029	14
0.1	1032	234	14
0.1	1033	1028	14
0.1	1034	224	14
0.1	1035	1020	14
0.1	241	240	13
0.1	1037	1036	13
0.1	247	246	15
0.1	1039	245	15
0.1	1040	244	15
0.1	249	248	15
0.1	1042	1041	15
0.1	1043	243	15
0.1	1044	242	15
0.1	251	250	15
0.1	253	252	15
0.1	1047	1046	15
0.1	254	1048	15
0.1	256	255	15
0.1	1050	1049	15
0.1	259	258	15
0.1	1052	257	15
0.1	261	260	15
0.1	1054	1053	15
0.1	1055	1051	15
0.1	1056	1045	15
0.1	1057	1038	13
0.1	263	262	16
0.1	266	265	16
0.1	1060	264	16
0.1	1061	1059	16
0.1	268	267	16
0.1	269	1063	16
0.1	271	270	16
0.1	1065	1064	16
0.1	273	272	16
0.1	1067	1066	16
0.1	1068	1062	16
0.1	277	276	16
0.1	1070	275	16
0.1	279	278	16
0.1	280	1072	16
0.1	281	1073	16
0.1	1074	1071	16
0.1	1075	274	16
0.1	1076	1069	16
0.1	1077	1058	13
0.1	1078	1017	13
0.1	284	283	17
0.1	1080	282	17
0.1	288	287	17
0.1	1082	286	17
0.1	291	290	17
0.1	1084	289	17
0.1	294	293	17
0.1	1086	292	17
0.1	1087	1085	17
0.1	296	295	17
0.1	298	297	17
0.1	1090	1089	17
0.1	301	300	17
0.1	1092	299	17
0.1	1093	1091	17
0.1	1094	1088	17
0.1	1095	1083	17
0.1	1096	285	17
0.1	1097	1081	17
0.1	304	303	18
0.1	306	305	18
0.1	1100	1099	18
0.1	309	308	18
0.1	1102	307	18
0.1	311	310	18
0.1	1104	1103	18
0.1	314	313	18
0.1	1106	312	18
0.1	317	316	18
0.1	318	1108	18
0.1	1109	315	18
0.1	1110	1107	18
0.1	320	319	18
0.1	1112	1111	18
0.1	1113	1105	18
0.1	322	321	18
0.1	1115	1114	18
0.1	1116	1101	18
0.1	324	323	19
0.1	325	1118	19
0.1	327	326	19
0.1	329	328	19
0.1	1121	1120	19
0.1	331	330	19
0.1	333	332	19
0.1	335	334	19
0.1	1125	1124	19
0.1	336	1126	19
0.1	1127	1123	19
0.1	338	337	19
0.1	341	340	19
0.1	1130	339	19
0.1	1131	1129	19
0.1	342	1132	19
0.1	1133	1128	19
0.1	1134	1122	19
0.1	1135	1119	19
0.1	344	343	20
0.1	346	345	20
0.1	1138	1137	20
0.1	348	347	20
0.1	349	1140	20
0.1	1141	1139	20
0.1	1142	1136	20
0.1	351	350	20
0.1	352	1144	20
0.1	355	354	20
0.1	1146	353	20
0.1	356	1147	20
0.1	358	357	20
0.1	361	360	21
0.1	363	362	21
0.1	365	364	21
0.1	366	1152	21
0.1	1153	1151	21
0.1	369	368	21
0.1	1155	367	21
0.1	371	370	21
0.1	1157	1156	21
0.1	1158	1154	21
0.1	1159	1150	21
0.1	1160	359	21
0.1	373	372	21
0.1	375	374	21
0.1	1163	1162	21
0.1	378	377	21
0.1	1165	376	21
0.1	1166	1164	21
0.1	1167	1161	21
0.1	1168	1149	20
0.1	1169	1148	20
0.1	1170	1145	20
0.1	382	381	22
0.1	386	385	22
0.1	1173	384	22
0.1	387	1174	22
0.1	1175	383	22
0.1	1176	1172	22
0.1	1177	380	22
0.1	389	388	22
0.1	1179	1178	22
0.1	391	390	22
0.1	393	392	22
0.1	1182	1181	22
0.1	1183	1180	22
0.1	396	395	22
0.1	1185	394	22
0.1	399	398	22
0.1	1187	397	22
0.1	1188	1186	22
0.1	1189	1184	22
0.1	402	401	23
0.1	403	1191	23
0.1	405	404	23
0.1	1193	1192	23
0.1	1194	400	23
0.1	407	406	23
0.1	408	1196	23
0.1	1197	1195	23
0.1	411	410	23
0.1	1199	409	23
0.1	414	413	23
0.1	1201	412	23
0.1	1202	1200	23
0.1	416	415	23
0.1	419	418	23
0.1	1205	417	23
0.1	1206	1204	23
0.1	1207	1203	23
0.1	1208	1198	23
0.1	1209	1190	23
0.1	1210	379	20
0.1	421	420	20
0.1	422	1212	20
0.1	1213	1211	20
0.1	1214	1171	20
0.1	1215	1143	20
0.1	1216	1117	20
0.1	1217	302	13
0.1	1218	1098	13
0.1	427	426	24
0.1	1220	425	24
0.1	428	1221	24
0.1	430	429	24
0.1	1223	1222	24
0.1	432	431	24
0.1	434	433	24
0.1	1226	1225	24
0.1	436	435	24
0.1	438	437	24
0.1	440	439	24
0.1	442	441	24
0.1	444	443	24
0.1	1232	1231	24
0.1	1233	1230	24
0.1	1234	1229	24
0.1	1235	1228	24
0.1	1236	1227	24
0.1	1237	1224	24
0.1	1238	424	13
0.1	1239	423	13
0.1	447	446	25
0.1	449	448	25
0.1	453	452	25
0.1	1243	451	25
0.1	455	454	25
0.1	456	1245	25
0.1	1246	1244	25
0.1	458	457	25
0.1	1248	1247	25
0.1	1249	450	25
0.1	1250	1242	25
0.1	461	460	25
0.1	463	462	25
0.1	1253	1252	25
0.1	1254	459	25
0.1	464	1255	25
0.1	465	1256	25
0.1	1257	1251	25
0.1	1258	1241	25
0.1	467	466	26
0.1	469	468	26
0.1	1261	1260	26
0.1	470	1262	26
0.1	472	471	26
0.1	1264	1263	26
0.1	474	473	26
0.1	475	1266	26
0.1	1267	1265	26
0.1	476	1268	26
0.1	478	477	26
0.1	481	480	26
0.1	1271	479	26
0.1	483	482	26
0.1	1273	1272	26
0.1	1274	1270	26
0.1	1275	1269	26
0.1	485	484	26
0.1	1277	1276	26
0.1	1278	1259	13
0.1	486	1279	13
0.1	1280	445	13
0.1	488	487	13
0.1	1282	1281	13
0.1	1283	1240	13
0.1	1284	1219	13
0.1	1285	1079	13
0.1	1286	987	30
0.1	491	490	27
0.1	1288	489	27
0.1	493	492	9
0.1	495	494	9
0.1	1291	1290	9
0.1	496	1292	27
0.1	497	1293	27
0.1	1294	1289	27
0.1	499	498	5
0.1	502	501	5
0.1	1297	500	5
0.1	1298	1296	5
0.1	506	505	5
0.1	1300	504	5
0.1	507	1301	5
0.1	1302	503	5
0.1	1303	1299	5
0.1	508	1304	27
0.1	1305	1295	27
0.1	511	510	27
0.1	1307	509	27
0.1	515	514	28
0.1	1309	513	28
0.1	1310	512	28
0.1	519	518	28
0.1	1312	517	28
0.1	1313	516	28
0.1	520	1314	28
0.1	522	521	28
0.1	523	1316	28
0.1	525	524	28
0.1	526	1318	28
0.1	1319	1317	28
0.1	1320	1315	28
0.1	528	527	28
0.1	529	1322	28
0.1	530	1323	28
0.1	531	1324	28
0.1	1325	1321	28
0.1	1326	1311	28
0.1	532	1327	27
0.1	533	1328	27
0.1	536	535	27
0.1	1330	534	27
0.1	1331	1329	27
0.1	539	538	27
0.1	540	1333	27
0.1	1334	537	27
0.1	542	541	29
0.1	544	543	29
0.1	1337	1336	29
0.1	545	1338	29
0.1	547	546	29
0.1	553	552	29
0.1	1341	551	29
0.1	1342	550	29
0.1	1343	549	29
0.1	1344	548	29
0.1	1345	1340	29
0.1	556	555	29
0.1	557	1347	29
0.1	1348	554	29
0.1	559	558	29
0.1	1350	1349	29
0.1	560	1351	29
0.1	1352	1346	29
0.1	1353	1339	29
0.1	561	1354	27
0.1	562	1355	27
0.1	1356	1335	27
0.1	1357	1332	27
0.1	1358	1308	27
0.1	1359	1306	27
0.1	566	565	2
0.1	568	567	2
0.1	570	569	2
0.1	571	1363	2
0.1	1364	1362	2
0.1	1365	1361	2
0.1	576	575	2
0.1	1367	574	2
0.1	1368	573	2
0.1	1369	572	2
0.1	1370	1366	2
0.1	578	577	31
0.1	580	579	31
0.1	1373	1372	31
0.1	582	581	31
0.1	584	583	31
0.1	1376	1375	31
0.1	1377	1374	31
0.1	585	1378	31
0.1	1379	1371	31
0.1	587	586	31
0.1	590	589	31
0.1	1382	588	31
0.1	592	591	31
0.1	594	593	31
0.1	1385	1384	31
0.1	596	595	31
0.1	1387	1386	31
0.1	1388	1383	31
0.1	1389	1381	31
0.1	1390	1380	31
0.1	1391	564	30
0.1	1392	563	30
0.1	1393	1360	30
0.1	598	597	30
0.1	600	599	30
0.1	1396	1395	30
0.1	602	601	30
0.1	603	1398	30
0.1	1399	1397	30
0.1	605	604	30
0.1	1401	1400	30
0.1	607	606	11
0.1	611	610	32
0.1	1404	609	32
0.1	1405	608	32
0.1	1406	1403	32
0.1	613	612	32
0.1	616	615	33
0.1	1409	614	33
0.1	619	618	33
0.1	1411	617	33
0.1	621	620	33
0.1	622	1413	33
0.1	1414	1412	33
0.1	624	623	33
0.1	1416	1415	33
0.1	626	625	33
0.1	1418	1417	33
0.1	627	1419	33
0.1	628	1420	33
0.1	632	631	33
0.1	1422	630	33
0.1	633	1423	33
0.1	1424	629	33
0.1	1425	1421	33
0.1	1426	1410	33
0.1	635	634	32
0.1	1428	1427	32
0.1	641	640	34
0.1	1430	639	34
0.1	1431	638	34
0.1	645	644	34
0.1	1433	643	34
0.1	647	646	34
0.1	1435	1434	34
0.1	1436	642	34
0.1	651	650	34
0.1	1438	649	34
0.1	1439	648	34
0.1	653	652	34
0.1	655	654	34
0.1	1442	1441	34
0.1	1443	1440	34
0.1	657	656	34
0.1	1445	1444	34
0.1	1446	1437	34
0.1	1447	1432	34
0.1	658	1448	32
0.1	1449	637	32
0.1	1450	636	32
0.1	1451	1429	32
0.1	1452	1408	32
0.1	1453	1407	32
0.1	659	1454	30
0.1	1455	1402	30
0.1	661	660	30
0.1	663	662	10
0.1	664	1458	10
0.1	665	1459	30
0.1	666	1460	30
0.1	1461	1457	30
0.1	1462	1456	30
0.1	670	669	30
0.1	1464	668	30
0.1	1465	667	30
0.1	1466	1463	30
0.1	1467	1394	30
0.1	672	671	32
0.1	674	673	35
0.1	676	675	35
0.1	678	677	35
0.1	680	679	35
0.1	681	1473	35
0.1	682	1474	35
0.1	1475	1472	35
0.1	687	686	35
0.1	689	688	35
0.1	691	690	35
0.1	692	1479	35
0.1	1480	1478	35
0.1	1481	1477	35
0.1	1482	685	35
0.1	1483	684	35
0.1	1484	683	35
0.1	1485	1476	35
0.1	1486	1471	35
0.1	1487	1470	35
0.1	1488	1469	32
0.1	698	697	36
0.1	1490	696	36
0.1	1491	695	36
0.1	700	699	36
0.1	702	701	36
0.1	1494	1493	36
0.1	704	703	36
0.1	705	1496	36
0.1	1497	1495	36
0.1	706	1498	36
0.1	1499	1492	36
0.1	710	709	36
0.1	1501	708	36
0.1	1502	707	36
0.1	1503	1500	36
0.1	713	712	36
0.1	1505	711	36
0.1	1506	1504	36
0.1	714	1507	36
0.1	715	1508	32
0.1	1509	694	32
0.1	717	716	32
0.1	1511	1510	32
0.1	720	719	37
0.1	721	1513	37
0.1	723	722	37
0.1	1515	1514	37
0.1	726	725	37
0.1	1517	724	37
0.1	729	728	37
0.1	1519	727	37
0.1	1520	1518	37
0.1	731	730	37
0.1	733	732	37
0.1	1523	1522	37
0.1	735	734	37
0.1	1525	1524	37
0.1	1526	1521	37
0.1	738	737	37
0.1	1528	736	37
0.1	1529	1527	37
0.1	742	741	38
0.1	1531	740	38
0.1	743	1532	38
0.1	1533	739	38
0.1	746	745	38
0.1	1535	744	38
0.1	748	747	38
0.1	750	749	38
0.1	1538	1537	38
0.1	751	1539	38
0.1	752	1540	38
0.1	753	1541	38
0.1	756	755	38
0.1	1543	754	38
0.1	757	1544	38
0.1	758	1545	38
0.1	1546	1542	38
0.1	1547	1536	38
0.1	1548	1534	38
0.1	1549	1530	37
0.1	1550	1516	37
0.1	761	760	39
0.1	1552	759	39
0.1	763	762	39
0.1	765	764	39
0.1	767	766	39
0.1	1556	1555	39
0.1	1557	1554	39
0.1	769	768	39
0.1	770	1559	39
0.1	1560	1558	39
0.1	772	771	39
0.1	775	774	39
0.1	1563	773	39
0.1	1564	1562	39
0.1	778	777	39
0.1	1566	776	39
0.1	1567	1565	39
0.1	1568	1561	39
0.1	1569	1553	39
0.1	1570	1551	32
0.1	1571	718	32
0.1	1572	1512	32
0.1	1573	693	32
0.1	779	1574	32
0.1	780	1575	32
0.1	1576	1489	32
0.1	782	781	40
0.1	784	783	40
0.1	786	785	40
0.1	790	789	40
0.1	791	1581	40
0.1	1582	788	40
0.1	1583	787	40
0.1	1584	1580	40
0.1	1585	1579	40
0.1	793	792	40
0.1	794	1587	40
0.1	1588	1586	40
0.1	795	1589	40
0.1	1590	1578	40
0.1	799	798	40
0.1	1592	797	40
0.1	1593	796	40
0.1	800	1594	40
0.1	1595	1591	40
0.1	1596	1577	32
0.1	1597	1468	30
0.1	1598	1287	30
