1	0	0	1
1	0	0	2
1	0	0	3
1	0	0	4
1	0	0	4
1	0	0	4
1	0	0	4
1	0	0	4
1	0	0	4
1	0	0	4
1	0	0	4
1	0	0	4
1	0	0	4
1	0	0	2
1	0	0	2
1	0	0	2
1	0	0	3
1	0	0	3
1	0	0	3
1	0	0	3
1	0	0	3
1	0	0	3
1	0	0	3
1	0	0	3
1	0	0	3
1	0	0	5
1	0	0	5
1	0	0	5
1	0	0	5
1	0	0	5
1	0	0	5
1	0	0	5
1	0	0	5
1	0	0	5
1	0	0	5
1	0	0	2
1	0	0	2
1	0	0	2
1	0	0	2
1	0	0	2
1	0	0	2
1	0	0	6
1	0	0	6
1	0	0	6
1	0	0	6
1	0	0	6
1	0	0	6
1	0	0	1
1	0	0	6
1	0	0	6
1	0	0	6
1	0	0	6
1	0	0	1
1	0	0	1
1	0	0	7
1	0	0	7
1	0	0	7
1	0	0	8
1	0	0	8
1	0	0	9
1	0	0	9
1	0	0	9
1	0	0	9
1	0	0	9
1	0	0	9
1	0	0	9
1	0	0	9
1	0	0	9
1	0	0	9
1	0	0	8
1	0	0	8
1	0	0	8
1	0	0	8
1	0	0	8
1	0	0	8
1	0	0	8
1	0	0	8
1	0	0	10
1	0	0	10
1	0	0	10
1	0	0	10
1	0	0	11
1	0	0	11
1	0	0	11
1	0	0	11
1	0	0	11
1	0	0	11
1	0	0	12
1	0	0	12
1	0	0	12
1	0	0	12
1	0	0	12
1	0	0	12
1	0	0	12
1	0	0	12
1	0	0	12
1	0	0	12
1	0	0	11
1	0	0	11
1	0	0	11
1	0	0	11
1	0	0	10
1	0	0	10
1	0	0	10
1	0	0	10
1	0	0	10
1	0	0	10
1	0	0	13
1	0	0	13
1	0	0	13
1	0	0	13
1	0	0	13
1	0	0	13
1	0	0	13
1	0	0	13
1	0	0	13
1	0	0	13
1	0	0	7
1	0	0	7
1	0	0	7
1	0	0	7
1	0	0	7
1	0	0	7
1	0	0	7
1	0	0	1
1	0	0	1
1	0	0	14
1	0	0	14
1	0	0	14
1	0	0	14
1	0	0	14
1	0	0	14
1	0	0	14
1	0	0	14
1	0	0	14
1	0	0	14
1	0	0	1
1	0	0	1
1	0	0	1
1	0	0	1
0.1	5	4	4
0.1	7	6	4
0.1	142	141	4
0.1	10	9	4
0.1	144	8	4
0.1	13	12	4
0.1	146	11	4
0.1	147	145	4
0.1	148	143	4
0.1	149	3	2
0.1	150	2	2
0.1	16	15	2
0.1	152	14	2
0.1	18	17	3
0.1	154	153	2
0.1	155	151	2
0.1	20	19	3
0.1	24	23	3
0.1	158	22	3
0.1	159	21	3
0.1	27	26	5
0.1	28	161	5
0.1	29	162	5
0.1	33	32	5
0.1	164	31	5
0.1	34	165	5
0.1	166	30	5
0.1	167	163	5
0.1	35	168	5
0.1	169	25	3
0.1	170	160	3
0.1	171	157	3
0.1	37	36	2
0.1	173	172	2
0.1	174	156	2
0.1	41	40	2
0.1	176	39	2
0.1	177	38	2
0.1	47	46	6
0.1	179	45	6
0.1	180	44	6
0.1	181	43	6
0.1	182	42	6
0.1	183	178	2
0.1	184	175	2
0.1	48	185	1
0.1	186	1	1
0.1	51	50	6
0.1	188	49	6
0.1	52	189	6
0.1	54	53	1
0.1	191	190	1
0.1	192	187	1
0.1	59	58	8
0.1	62	61	9
0.1	63	195	9
0.1	65	64	9
0.1	67	66	9
0.1	198	197	9
0.1	199	196	9
0.1	69	68	9
0.1	201	200	9
0.1	202	60	9
0.1	71	70	8
0.1	73	72	8
0.1	74	205	8
0.1	206	204	8
0.1	77	76	8
0.1	208	75	8
0.1	209	207	8
0.1	210	203	8
0.1	211	194	8
0.1	80	79	10
0.1	81	213	10
0.1	214	78	10
0.1	86	85	11
0.1	216	84	11
0.1	217	83	11
0.1	87	218	11
0.1	219	82	11
0.1	90	89	12
0.1	91	221	12
0.1	92	222	12
0.1	93	223	12
0.1	224	88	12
0.1	96	95	12
0.1	97	226	12
0.1	227	94	12
0.1	228	225	12
0.1	229	220	11
0.1	99	98	11
0.1	231	230	11
0.1	100	232	11
0.1	101	233	11
0.1	103	102	10
0.1	235	234	10
0.1	104	236	10
0.1	107	106	10
0.1	238	105	10
0.1	239	237	10
0.1	240	215	10
0.1	241	212	7
0.1	242	57	7
0.1	243	56	7
0.1	244	55	7
0.1	111	110	13
0.1	246	109	13
0.1	113	112	13
0.1	248	247	13
0.1	115	114	13
0.1	117	116	13
0.1	251	250	13
0.1	252	249	13
0.1	253	108	13
0.1	254	245	7
0.1	121	120	7
0.1	124	123	7
0.1	257	122	7
0.1	258	256	7
0.1	259	119	7
0.1	260	118	7
0.1	261	255	7
0.1	126	125	1
0.1	263	262	1
0.1	128	127	14
0.1	129	265	14
0.1	132	131	14
0.1	133	267	14
0.1	134	268	14
0.1	269	130	14
0.1	135	270	14
0.1	136	271	14
0.1	272	266	14
0.1	273	264	1
0.1	137	274	1
0.1	140	139	1
0.1	276	138	1
0.1	277	275	1
0.1	278	193	1
