1	0	0	1
1	0	0	2
1	0	0	2
1	0	0	1
1	0	0	1
1	0	0	3
1	0	0	3
1	0	0	3
1	0	0	1
1	0	0	4
1	0	0	4
1	0	0	4
1	0	0	4
1	0	0	4
1	0	0	4
1	0	0	4
1	0	0	5
1	0	0	5
1	0	0	1
1	0	0	1
1	0	0	1
1	0	0	1
1	0	0	1
1	0	0	6
1	0	0	6
1	0	0	7
1	0	0	7
1	0	0	7
1	0	0	7
1	0	0	7
1	0	0	7
1	0	0	7
1	0	0	7
1	0	0	7
1	0	0	7
1	0	0	6
1	0	0	8
1	0	0	8
1	0	0	8
1	0	0	2
1	0	0	2
1	0	0	2
1	0	0	8
1	0	0	8
1	0	0	8
1	0	0	8
1	0	0	8
1	0	0	8
1	0	0	8
1	0	0	9
1	0	0	9
1	0	0	9
1	0	0	9
1	0	0	9
1	0	0	9
1	0	0	9
1	0	0	9
1	0	0	9
1	0	0	9
1	0	0	4
1	0	0	4
1	0	0	6
1	0	0	6
1	0	0	10
1	0	0	10
1	0	0	10
1	0	0	10
1	0	0	10
1	0	0	10
1	0	0	10
1	0	0	10
1	0	0	10
1	0	0	10
1	0	0	11
1	0	0	11
1	0	0	11
1	0	0	11
1	0	0	11
1	0	0	11
1	0	0	11
1	0	0	11
1	0	0	11
1	0	0	11
1	0	0	12
1	0	0	12
1	0	0	12
1	0	0	12
1	0	0	12
1	0	0	12
1	0	0	12
1	0	0	12
1	0	0	12
1	0	0	12
1	0	0	13
1	0	0	13
1	0	0	13
1	0	0	13
1	0	0	13
1	0	0	13
1	0	0	13
1	0	0	13
1	0	0	13
1	0	0	13
1	0	0	14
1	0	0	14
1	0	0	14
1	0	0	14
1	0	0	14
1	0	0	14
1	0	0	14
1	0	0	14
1	0	0	14
1	0	0	14
1	0	0	15
1	0	0	15
1	0	0	15
1	0	0	15
1	0	0	15
1	0	0	15
1	0	0	15
1	0	0	15
1	0	0	15
1	0	0	15
1	0	0	6
1	0	0	6
1	0	0	6
1	0	0	6
1	0	0	6
1	0	0	16
1	0	0	16
1	0	0	16
1	0	0	3
1	0	0	3
1	0	0	3
1	0	0	3
1	0	0	3
1	0	0	3
1	0	0	3
1	0	0	5
1	0	0	5
1	0	0	5
1	0	0	5
1	0	0	5
1	0	0	5
1	0	0	5
1	0	0	5
1	0	0	16
1	0	0	16
1	0	0	16
1	0	0	16
1	0	0	16
1	0	0	16
1	0	0	1
1	0	0	2
1	0	0	2
1	0	0	2
1	0	0	4
1	0	0	16
1	0	0	2
1	0	0	2
0.1	3	2	2
0.1	4	161	1
0.1	162	1	1
0.1	8	7	3
0.1	164	6	3
0.1	9	165	1
0.1	166	5	1
0.1	11	10	4
0.1	12	168	4
0.1	15	14	4
0.1	170	13	4
0.1	16	171	4
0.1	172	169	4
0.1	18	17	5
0.1	174	173	5
0.1	19	175	1
0.1	20	176	1
0.1	177	167	1
0.1	178	163	1
0.1	23	22	1
0.1	180	21	1
0.1	25	24	6
0.1	27	26	7
0.1	31	30	7
0.1	184	29	7
0.1	32	185	7
0.1	186	28	7
0.1	35	34	7
0.1	188	33	7
0.1	189	187	7
0.1	190	183	7
0.1	36	191	6
0.1	192	182	6
0.1	39	38	8
0.1	194	37	8
0.1	41	40	2
0.1	42	196	2
0.1	197	195	8
0.1	198	193	8
0.1	44	43	8
0.1	46	45	8
0.1	201	200	8
0.1	48	47	8
0.1	49	203	8
0.1	204	202	8
0.1	205	199	8
0.1	51	50	9
0.1	55	54	9
0.1	57	56	9
0.1	209	208	9
0.1	210	53	9
0.1	59	58	9
0.1	212	211	9
0.1	213	52	9
0.1	214	207	9
0.1	215	206	9
0.1	216	181	1
0.1	217	179	1
0.1	61	60	4
0.1	65	64	10
0.1	70	69	10
0.1	221	68	10
0.1	222	67	10
0.1	223	66	10
0.1	224	220	10
0.1	71	225	10
0.1	73	72	10
0.1	227	226	10
0.1	76	75	11
0.1	229	74	11
0.1	79	78	11
0.1	231	77	11
0.1	232	230	11
0.1	82	81	11
0.1	83	234	11
0.1	235	80	11
0.1	236	233	11
0.1	237	228	6
0.1	85	84	12
0.1	88	87	12
0.1	240	86	12
0.1	93	92	12
0.1	242	91	12
0.1	243	90	12
0.1	244	89	12
0.1	245	241	12
0.1	246	239	12
0.1	98	97	13
0.1	248	96	13
0.1	99	249	13
0.1	250	95	13
0.1	251	94	13
0.1	101	100	13
0.1	103	102	13
0.1	254	253	13
0.1	255	252	13
0.1	106	105	14
0.1	257	104	14
0.1	107	258	14
0.1	108	259	14
0.1	260	256	14
0.1	110	109	14
0.1	262	261	14
0.1	111	263	14
0.1	113	112	14
0.1	265	264	14
0.1	116	115	15
0.1	117	267	15
0.1	118	268	15
0.1	120	119	15
0.1	121	270	15
0.1	123	122	15
0.1	272	271	15
0.1	273	269	15
0.1	274	114	15
0.1	275	266	15
0.1	276	247	12
0.1	124	277	6
0.1	278	238	6
0.1	126	125	6
0.1	280	279	6
0.1	128	127	6
0.1	282	281	6
0.1	283	63	6
0.1	284	62	6
0.1	285	219	6
0.1	131	130	16
0.1	287	129	16
0.1	134	133	3
0.1	289	132	3
0.1	135	290	3
0.1	138	137	3
0.1	292	136	3
0.1	293	291	3
0.1	294	288	16
0.1	142	141	5
0.1	296	140	5
0.1	297	139	5
0.1	145	144	5
0.1	299	143	5
0.1	146	300	5
0.1	301	298	5
0.1	302	295	16
0.1	303	286	16
0.1	150	149	16
0.1	151	305	16
0.1	152	306	16
0.1	307	148	16
0.1	308	147	16
0.1	153	309	16
0.1	156	155	2
0.1	311	154	2
0.1	157	312	4
0.1	160	159	2
0.1	314	158	16
0.1	315	313	16
0.1	316	310	16
0.1	317	304	16
0.1	318	218	1
