1	0	0	1
1	0	0	2
1	0	0	2
1	0	0	2
1	0	0	2
1	0	0	2
1	0	0	2
1	0	0	2
1	0	0	2
1	0	0	2
1	0	0	2
1	0	0	3
1	0	0	3
1	0	0	3
1	0	0	3
1	0	0	3
1	0	0	3
1	0	0	3
1	0	0	3
1	0	0	3
1	0	0	3
1	0	0	1
1	0	0	1
1	0	0	1
1	0	0	1
1	0	0	1
1	0	0	1
1	0	0	1
1	0	0	1
1	0	0	1
1	0	0	4
1	0	0	4
1	0	0	4
1	0	0	4
1	0	0	5
1	0	0	5
1	0	0	5
1	0	0	5
1	0	0	5
1	0	0	5
1	0	0	5
1	0	0	5
1	0	0	5
1	0	0	5
1	0	0	4
1	0	0	4
1	0	0	6
1	0	0	6
1	0	0	6
1	0	0	6
1	0	0	6
1	0	0	6
1	0	0	6
1	0	0	6
1	0	0	6
1	0	0	6
1	0	0	7
1	0	0	7
1	0	0	7
1	0	0	7
1	0	0	7
1	0	0	7
1	0	0	7
1	0	0	7
1	0	0	7
1	0	0	7
1	0	0	8
1	0	0	8
1	0	0	8
1	0	0	8
1	0	0	8
1	0	0	8
1	0	0	8
1	0	0	8
1	0	0	8
1	0	0	8
1	0	0	4
1	0	0	4
1	0	0	4
1	0	0	9
1	0	0	9
1	0	0	9
1	0	0	9
1	0	0	9
1	0	0	9
1	0	0	9
1	0	0	9
1	0	0	9
1	0	0	9
1	0	0	4
1	0	0	10
1	0	0	10
1	0	0	10
1	0	0	10
1	0	0	10
1	0	0	10
1	0	0	10
1	0	0	10
1	0	0	10
1	0	0	10
1	0	0	11
1	0	0	11
1	0	0	11
1	0	0	11
1	0	0	11
1	0	0	11
1	0	0	11
1	0	0	11
1	0	0	11
1	0	0	11
1	0	0	12
1	0	0	12
1	0	0	12
1	0	0	12
1	0	0	12
1	0	0	12
1	0	0	12
1	0	0	12
1	0	0	12
1	0	0	12
1	0	0	13
1	0	0	13
1	0	0	13
1	0	0	13
1	0	0	13
1	0	0	13
1	0	0	13
1	0	0	13
1	0	0	13
1	0	0	13
1	0	0	14
1	0	0	14
1	0	0	14
1	0	0	15
1	0	0	15
1	0	0	15
1	0	0	15
1	0	0	15
1	0	0	15
1	0	0	15
1	0	0	15
1	0	0	15
1	0	0	15
1	0	0	14
1	0	0	14
1	0	0	14
1	0	0	14
1	0	0	14
1	0	0	14
1	0	0	14
1	0	0	16
1	0	0	16
1	0	0	16
1	0	0	16
1	0	0	16
1	0	0	16
1	0	0	16
1	0	0	17
1	0	0	17
1	0	0	17
1	0	0	17
1	0	0	17
1	0	0	17
1	0	0	17
1	0	0	17
1	0	0	17
1	0	0	17
1	0	0	18
1	0	0	18
1	0	0	18
1	0	0	18
1	0	0	18
1	0	0	18
1	0	0	18
1	0	0	18
1	0	0	18
1	0	0	18
1	0	0	16
1	0	0	16
1	0	0	16
1	0	0	19
1	0	0	19
1	0	0	19
1	0	0	19
1	0	0	19
1	0	0	19
1	0	0	19
1	0	0	19
1	0	0	19
1	0	0	19
1	0	0	20
1	0	0	20
1	0	0	20
1	0	0	20
1	0	0	20
1	0	0	20
1	0	0	20
1	0	0	20
1	0	0	20
1	0	0	20
1	0	0	21
1	0	0	22
1	0	0	22
1	0	0	22
1	0	0	22
1	0	0	22
1	0	0	22
1	0	0	22
1	0	0	22
1	0	0	22
1	0	0	22
1	0	0	23
1	0	0	23
1	0	0	23
1	0	0	23
1	0	0	23
1	0	0	23
1	0	0	23
1	0	0	23
1	0	0	23
1	0	0	23
1	0	0	24
1	0	0	24
1	0	0	24
1	0	0	24
1	0	0	24
1	0	0	24
1	0	0	24
1	0	0	24
1	0	0	24
1	0	0	24
1	0	0	25
1	0	0	25
1	0	0	25
1	0	0	25
1	0	0	26
1	0	0	26
1	0	0	26
1	0	0	26
1	0	0	26
1	0	0	26
1	0	0	26
1	0	0	27
1	0	0	27
1	0	0	27
1	0	0	27
1	0	0	27
1	0	0	27
1	0	0	27
1	0	0	27
1	0	0	27
1	0	0	27
1	0	0	26
1	0	0	26
1	0	0	26
1	0	0	28
1	0	0	28
1	0	0	28
1	0	0	28
1	0	0	29
1	0	0	29
1	0	0	29
1	0	0	29
1	0	0	29
1	0	0	29
1	0	0	29
1	0	0	29
1	0	0	29
1	0	0	29
1	0	0	28
1	0	0	28
1	0	0	28
1	0	0	28
1	0	0	28
1	0	0	28
1	0	0	30
1	0	0	30
1	0	0	30
1	0	0	30
1	0	0	30
1	0	0	30
1	0	0	30
1	0	0	30
1	0	0	30
1	0	0	30
1	0	0	31
1	0	0	31
1	0	0	31
1	0	0	31
1	0	0	31
1	0	0	31
1	0	0	31
1	0	0	31
1	0	0	31
1	0	0	32
1	0	0	32
1	0	0	32
1	0	0	32
1	0	0	32
1	0	0	32
1	0	0	32
1	0	0	32
1	0	0	32
1	0	0	32
1	0	0	31
1	0	0	25
1	0	0	25
1	0	0	25
1	0	0	25
1	0	0	25
1	0	0	25
1	0	0	33
1	0	0	33
1	0	0	33
1	0	0	34
1	0	0	34
1	0	0	34
1	0	0	34
1	0	0	34
1	0	0	34
1	0	0	34
1	0	0	34
1	0	0	34
1	0	0	34
1	0	0	35
1	0	0	35
1	0	0	35
1	0	0	35
1	0	0	35
1	0	0	35
1	0	0	36
1	0	0	36
1	0	0	36
1	0	0	36
1	0	0	36
1	0	0	36
1	0	0	36
1	0	0	36
1	0	0	36
1	0	0	36
1	0	0	35
1	0	0	35
1	0	0	35
1	0	0	35
1	0	0	33
1	0	0	37
1	0	0	37
1	0	0	37
1	0	0	37
1	0	0	37
1	0	0	37
1	0	0	37
1	0	0	37
1	0	0	37
1	0	0	37
1	0	0	33
1	0	0	33
1	0	0	33
1	0	0	38
1	0	0	38
1	0	0	38
1	0	0	38
1	0	0	38
1	0	0	38
1	0	0	38
1	0	0	38
1	0	0	38
1	0	0	38
1	0	0	39
1	0	0	39
1	0	0	39
1	0	0	39
1	0	0	39
1	0	0	39
1	0	0	33
1	0	0	33
1	0	0	33
1	0	0	39
1	0	0	39
1	0	0	39
1	0	0	39
1	0	0	21
1	0	0	40
1	0	0	40
1	0	0	40
1	0	0	40
1	0	0	40
1	0	0	40
1	0	0	40
1	0	0	40
1	0	0	40
1	0	0	40
1	0	0	41
1	0	0	41
1	0	0	41
1	0	0	41
1	0	0	41
1	0	0	41
1	0	0	41
1	0	0	41
1	0	0	41
1	0	0	41
1	0	0	21
1	0	0	42
1	0	0	42
1	0	0	42
1	0	0	42
1	0	0	42
1	0	0	42
1	0	0	42
1	0	0	42
1	0	0	42
1	0	0	42
1	0	0	21
1	0	0	21
1	0	0	21
1	0	0	21
1	0	0	21
1	0	0	21
1	0	0	21
1	0	0	43
1	0	0	43
1	0	0	43
1	0	0	43
1	0	0	43
1	0	0	43
1	0	0	43
1	0	0	43
1	0	0	43
1	0	0	43
1	0	0	44
1	0	0	44
1	0	0	44
1	0	0	44
1	0	0	44
1	0	0	44
1	0	0	44
1	0	0	44
1	0	0	44
1	0	0	44
1	0	0	45
1	0	0	45
1	0	0	45
1	0	0	46
1	0	0	46
1	0	0	46
1	0	0	46
1	0	0	47
1	0	0	47
1	0	0	47
1	0	0	47
1	0	0	47
1	0	0	47
1	0	0	47
1	0	0	47
1	0	0	47
1	0	0	48
1	0	0	48
1	0	0	48
1	0	0	48
1	0	0	48
1	0	0	48
1	0	0	48
1	0	0	48
1	0	0	48
1	0	0	48
1	0	0	47
1	0	0	46
1	0	0	46
1	0	0	46
1	0	0	46
1	0	0	46
1	0	0	46
1	0	0	45
1	0	0	49
1	0	0	49
1	0	0	49
1	0	0	49
1	0	0	49
1	0	0	49
1	0	0	49
1	0	0	49
1	0	0	49
1	0	0	49
1	0	0	50
1	0	0	50
1	0	0	50
1	0	0	50
1	0	0	50
1	0	0	50
1	0	0	51
1	0	0	51
1	0	0	51
1	0	0	51
1	0	0	51
1	0	0	51
1	0	0	51
1	0	0	51
1	0	0	51
1	0	0	51
1	0	0	50
1	0	0	50
1	0	0	50
1	0	0	50
1	0	0	52
1	0	0	52
1	0	0	52
1	0	0	52
1	0	0	52
1	0	0	52
1	0	0	52
1	0	0	52
1	0	0	52
1	0	0	53
1	0	0	53
1	0	0	53
1	0	0	53
1	0	0	53
1	0	0	53
1	0	0	53
1	0	0	53
1	0	0	53
1	0	0	53
1	0	0	52
1	0	0	54
1	0	0	54
1	0	0	54
1	0	0	54
1	0	0	54
1	0	0	54
1	0	0	54
1	0	0	54
1	0	0	54
1	0	0	54
1	0	0	55
1	0	0	55
1	0	0	55
1	0	0	55
1	0	0	55
1	0	0	55
1	0	0	55
1	0	0	55
1	0	0	55
1	0	0	55
1	0	0	56
1	0	0	56
1	0	0	56
1	0	0	56
1	0	0	56
1	0	0	56
1	0	0	56
1	0	0	56
1	0	0	56
1	0	0	56
1	0	0	57
1	0	0	57
1	0	0	57
1	0	0	57
1	0	0	58
1	0	0	58
1	0	0	58
1	0	0	58
1	0	0	58
1	0	0	58
1	0	0	58
1	0	0	58
1	0	0	58
1	0	0	58
1	0	0	57
1	0	0	57
1	0	0	57
1	0	0	57
1	0	0	57
1	0	0	57
1	0	0	59
1	0	0	59
1	0	0	59
1	0	0	59
1	0	0	59
1	0	0	60
1	0	0	60
1	0	0	60
1	0	0	60
1	0	0	60
1	0	0	60
1	0	0	60
1	0	0	60
1	0	0	60
1	0	0	60
1	0	0	61
1	0	0	61
1	0	0	61
1	0	0	61
1	0	0	61
1	0	0	61
1	0	0	61
1	0	0	61
1	0	0	61
1	0	0	61
1	0	0	62
1	0	0	62
1	0	0	62
1	0	0	62
1	0	0	62
1	0	0	63
1	0	0	63
1	0	0	63
1	0	0	63
1	0	0	63
1	0	0	63
1	0	0	63
1	0	0	63
1	0	0	63
1	0	0	63
1	0	0	62
1	0	0	62
1	0	0	62
1	0	0	62
1	0	0	62
1	0	0	59
1	0	0	59
1	0	0	59
1	0	0	59
1	0	0	59
1	0	0	64
1	0	0	64
1	0	0	64
1	0	0	64
1	0	0	64
1	0	0	64
1	0	0	64
1	0	0	64
1	0	0	64
1	0	0	64
1	0	0	65
1	0	0	65
1	0	0	65
1	0	0	65
1	0	0	65
1	0	0	65
1	0	0	65
1	0	0	65
1	0	0	65
1	0	0	65
1	0	0	45
1	0	0	45
1	0	0	45
1	0	0	45
1	0	0	45
1	0	0	45
1	0	0	66
1	0	0	66
1	0	0	66
1	0	0	66
1	0	0	66
1	0	0	66
1	0	0	66
1	0	0	66
1	0	0	66
1	0	0	66
1	0	0	67
1	0	0	67
1	0	0	67
1	0	0	67
1	0	0	67
1	0	0	67
1	0	0	67
1	0	0	67
1	0	0	67
1	0	0	67
1	0	0	68
1	0	0	69
1	0	0	69
1	0	0	69
1	0	0	69
1	0	0	69
1	0	0	69
1	0	0	69
1	0	0	70
1	0	0	70
1	0	0	70
1	0	0	70
1	0	0	70
1	0	0	70
1	0	0	70
1	0	0	70
1	0	0	70
1	0	0	70
1	0	0	69
1	0	0	69
1	0	0	69
1	0	0	68
1	0	0	68
1	0	0	68
1	0	0	71
1	0	0	71
1	0	0	71
1	0	0	71
1	0	0	71
1	0	0	71
1	0	0	71
1	0	0	71
1	0	0	71
1	0	0	71
1	0	0	72
1	0	0	72
1	0	0	72
1	0	0	72
1	0	0	72
1	0	0	72
1	0	0	72
1	0	0	72
1	0	0	72
1	0	0	72
1	0	0	68
1	0	0	68
1	0	0	68
1	0	0	68
1	0	0	68
1	0	0	68
0.1	3	2	2
0.1	6	5	2
0.1	722	4	2
0.1	11	10	2
0.1	724	9	2
0.1	725	8	2
0.1	726	7	2
0.1	727	723	2
0.1	728	721	2
0.1	14	13	3
0.1	730	12	3
0.1	18	17	3
0.1	19	732	3
0.1	733	16	3
0.1	734	15	3
0.1	735	731	3
0.1	21	20	3
0.1	737	736	3
0.1	738	729	1
0.1	23	22	1
0.1	25	24	1
0.1	27	26	1
0.1	742	741	1
0.1	28	743	1
0.1	30	29	1
0.1	745	744	1
0.1	746	740	1
0.1	747	739	1
0.1	748	1	1
0.1	33	32	4
0.1	34	750	4
0.1	36	35	5
0.1	38	37	5
0.1	39	753	5
0.1	40	754	5
0.1	755	752	5
0.1	42	41	5
0.1	44	43	5
0.1	758	757	5
0.1	759	756	5
0.1	46	45	4
0.1	761	760	4
0.1	762	751	4
0.1	50	49	6
0.1	764	48	6
0.1	765	47	6
0.1	53	52	6
0.1	767	51	6
0.1	54	768	6
0.1	56	55	6
0.1	770	769	6
0.1	771	766	6
0.1	60	59	7
0.1	773	58	7
0.1	61	774	7
0.1	63	62	7
0.1	776	775	7
0.1	777	57	7
0.1	65	64	7
0.1	66	779	7
0.1	780	778	7
0.1	781	772	6
0.1	69	68	8
0.1	71	70	8
0.1	72	784	8
0.1	75	74	8
0.1	76	786	8
0.1	787	73	8
0.1	788	785	8
0.1	789	783	8
0.1	790	67	8
0.1	791	782	8
0.1	78	77	4
0.1	793	792	4
0.1	82	81	9
0.1	83	795	9
0.1	85	84	9
0.1	87	86	9
0.1	88	798	9
0.1	799	797	9
0.1	800	796	9
0.1	89	801	9
0.1	802	80	9
0.1	803	79	4
0.1	804	794	4
0.1	95	94	10
0.1	96	806	10
0.1	807	93	10
0.1	808	92	10
0.1	809	91	10
0.1	99	98	10
0.1	100	811	10
0.1	812	97	10
0.1	813	810	10
0.1	814	90	4
0.1	815	805	4
0.1	816	763	4
0.1	817	31	4
0.1	103	102	11
0.1	104	819	11
0.1	820	101	11
0.1	105	821	11
0.1	107	106	11
0.1	110	109	11
0.1	824	108	11
0.1	825	823	11
0.1	826	822	11
0.1	112	111	12
0.1	113	828	12
0.1	116	115	12
0.1	830	114	12
0.1	119	118	12
0.1	832	117	12
0.1	833	831	12
0.1	120	834	12
0.1	835	829	12
0.1	836	827	21
0.1	837	818	21
0.1	838	749	21
0.1	123	122	13
0.1	840	121	13
0.1	125	124	13
0.1	842	841	13
0.1	130	129	13
0.1	844	128	13
0.1	845	127	13
0.1	846	126	13
0.1	847	843	13
0.1	132	131	14
0.1	140	139	15
0.1	142	141	15
0.1	851	850	15
0.1	852	138	15
0.1	143	853	15
0.1	854	137	15
0.1	855	136	15
0.1	856	135	15
0.1	857	134	15
0.1	146	145	14
0.1	859	144	14
0.1	860	858	14
0.1	861	133	14
0.1	149	148	14
0.1	150	863	14
0.1	864	147	14
0.1	865	862	14
0.1	866	849	14
0.1	152	151	16
0.1	155	154	16
0.1	157	156	16
0.1	870	869	16
0.1	871	153	16
0.1	160	159	17
0.1	161	873	17
0.1	874	158	17
0.1	164	163	17
0.1	876	162	17
0.1	167	166	17
0.1	169	168	18
0.1	171	170	18
0.1	173	172	18
0.1	881	880	18
0.1	174	882	18
0.1	175	883	18
0.1	177	176	18
0.1	885	884	18
0.1	886	879	18
0.1	887	878	17
0.1	888	165	17
0.1	889	877	17
0.1	890	875	17
0.1	178	891	16
0.1	180	179	16
0.1	893	892	16
0.1	894	872	16
0.1	895	868	16
0.1	185	184	19
0.1	897	183	19
0.1	898	182	19
0.1	187	186	19
0.1	900	899	19
0.1	190	189	19
0.1	902	188	19
0.1	903	901	19
0.1	904	181	19
0.1	905	896	16
0.1	193	192	20
0.1	195	194	20
0.1	199	198	20
0.1	909	197	20
0.1	910	196	20
0.1	911	908	20
0.1	912	907	20
0.1	200	913	20
0.1	914	191	20
0.1	915	906	14
0.1	916	867	14
0.1	917	848	21
0.1	203	202	22
0.1	205	204	22
0.1	210	209	22
0.1	921	208	22
0.1	922	207	22
0.1	923	206	22
0.1	924	920	22
0.1	925	919	22
0.1	213	212	23
0.1	215	214	23
0.1	928	927	23
0.1	216	929	23
0.1	219	218	23
0.1	931	217	23
0.1	221	220	23
0.1	933	932	23
0.1	934	930	23
0.1	935	211	22
0.1	936	926	22
0.1	937	201	21
0.1	225	224	24
0.1	227	226	24
0.1	940	939	24
0.1	230	229	24
0.1	231	942	24
0.1	943	228	24
0.1	944	941	24
0.1	945	223	24
0.1	946	222	24
0.1	237	236	26
0.1	241	240	26
0.1	949	239	26
0.1	244	243	27
0.1	246	245	27
0.1	248	247	27
0.1	953	952	27
0.1	954	951	27
0.1	250	249	27
0.1	252	251	27
0.1	957	956	27
0.1	958	955	27
0.1	959	242	26
0.1	254	253	26
0.1	961	960	26
0.1	962	950	26
0.1	963	238	26
0.1	964	948	26
0.1	257	256	28
0.1	262	261	29
0.1	967	260	29
0.1	265	264	29
0.1	969	263	29
0.1	970	968	29
0.1	267	266	29
0.1	268	972	29
0.1	973	971	29
0.1	269	974	29
0.1	270	975	28
0.1	976	259	28
0.1	274	273	28
0.1	978	272	28
0.1	275	979	28
0.1	980	271	28
0.1	981	977	28
0.1	982	258	28
0.1	983	966	28
0.1	277	276	30
0.1	281	280	30
0.1	986	279	30
0.1	987	278	30
0.1	285	284	30
0.1	989	283	30
0.1	990	282	30
0.1	991	988	30
0.1	992	985	30
0.1	993	984	28
0.1	994	255	26
0.1	289	288	31
0.1	996	287	31
0.1	997	286	31
0.1	292	291	31
0.1	294	293	31
0.1	1000	999	31
0.1	1001	290	31
0.1	297	296	32
0.1	298	1003	32
0.1	1004	295	32
0.1	301	300	32
0.1	1006	299	32
0.1	303	302	32
0.1	304	1008	32
0.1	1009	1007	32
0.1	1010	1005	32
0.1	305	1011	31
0.1	1012	1002	31
0.1	1013	998	31
0.1	1014	995	26
0.1	1015	965	26
0.1	1016	235	25
0.1	1017	234	25
0.1	307	306	25
0.1	1019	1018	25
0.1	1020	233	25
0.1	309	308	25
0.1	311	310	25
0.1	1023	1022	25
0.1	1024	1021	25
0.1	1025	232	25
0.1	1026	947	24
0.1	1027	938	21
0.1	1028	918	21
0.1	317	316	34
0.1	319	318	34
0.1	321	320	34
0.1	324	323	34
0.1	1033	322	34
0.1	1034	1032	34
0.1	1035	1031	34
0.1	1036	1030	34
0.1	1037	315	34
0.1	1038	314	33
0.1	1039	313	33
0.1	326	325	35
0.1	330	329	35
0.1	334	333	36
0.1	337	336	36
0.1	1044	335	36
0.1	338	1045	36
0.1	340	339	36
0.1	1047	1046	36
0.1	1048	1043	36
0.1	1049	332	36
0.1	1050	331	36
0.1	1051	1042	35
0.1	1052	328	35
0.1	341	1053	35
0.1	342	1054	35
0.1	1055	327	35
0.1	1056	1041	35
0.1	344	343	35
0.1	1058	1057	35
0.1	1059	1040	33
0.1	1060	312	33
0.1	347	346	37
0.1	349	348	37
0.1	1063	1062	37
0.1	351	350	37
0.1	355	354	37
0.1	1066	353	37
0.1	1067	352	37
0.1	1068	1065	37
0.1	1069	1064	37
0.1	1070	345	33
0.1	357	356	33
0.1	360	359	38
0.1	361	1073	38
0.1	364	363	38
0.1	368	367	38
0.1	1076	366	38
0.1	1077	365	38
0.1	1078	1075	38
0.1	1079	362	38
0.1	1080	1074	38
0.1	1081	358	33
0.1	1082	1072	33
0.1	1083	1071	33
0.1	1084	1061	33
0.1	370	369	39
0.1	371	1086	39
0.1	373	372	39
0.1	374	1088	39
0.1	1089	1087	39
0.1	377	376	33
0.1	1091	375	33
0.1	1092	1090	39
0.1	380	379	39
0.1	1094	378	39
0.1	381	1095	39
0.1	1096	1093	39
0.1	1097	1085	21
0.1	1098	1029	21
0.1	1099	839	21
0.1	384	383	40
0.1	385	1101	40
0.1	389	388	40
0.1	390	1103	40
0.1	1104	387	40
0.1	1105	386	40
0.1	391	1106	40
0.1	392	1107	40
0.1	1108	1102	40
0.1	394	393	41
0.1	398	397	41
0.1	1111	396	41
0.1	1112	395	41
0.1	1113	1110	41
0.1	400	399	41
0.1	401	1115	41
0.1	402	1116	41
0.1	1117	1114	41
0.1	1118	1109	40
0.1	1119	382	21
0.1	403	1120	21
0.1	405	404	42
0.1	407	406	42
0.1	409	408	42
0.1	410	1124	42
0.1	1125	1123	42
0.1	411	1126	42
0.1	1127	1122	42
0.1	413	412	42
0.1	1129	1128	42
0.1	1130	1121	21
0.1	414	1131	21
0.1	416	415	21
0.1	418	417	21
0.1	1134	1133	21
0.1	420	419	21
0.1	1136	1135	21
0.1	1137	1132	21
0.1	424	423	43
0.1	1139	422	43
0.1	1140	421	43
0.1	425	1141	43
0.1	429	428	43
0.1	1143	427	43
0.1	1144	426	43
0.1	1145	1142	43
0.1	433	432	44
0.1	1147	431	44
0.1	435	434	44
0.1	1149	1148	44
0.1	437	436	44
0.1	1151	1150	44
0.1	440	439	44
0.1	1153	438	44
0.1	1154	1152	44
0.1	1155	430	43
0.1	1156	1146	43
0.1	443	442	45
0.1	446	445	46
0.1	1159	444	46
0.1	449	448	47
0.1	451	450	47
0.1	452	1162	47
0.1	455	454	47
0.1	1164	453	47
0.1	1165	1163	47
0.1	458	457	48
0.1	461	460	48
0.1	1168	459	48
0.1	1169	1167	48
0.1	464	463	48
0.1	1171	462	48
0.1	466	465	48
0.1	1173	1172	48
0.1	1174	1170	48
0.1	1175	456	47
0.1	1176	1166	47
0.1	467	1177	47
0.1	1178	1161	47
0.1	468	1179	46
0.1	1180	447	46
0.1	470	469	46
0.1	472	471	46
0.1	1183	1182	46
0.1	473	1184	46
0.1	1185	1181	46
0.1	1186	1160	46
0.1	1187	1158	45
0.1	474	1188	45
0.1	1189	441	45
0.1	476	475	49
0.1	479	478	49
0.1	1192	477	49
0.1	482	481	49
0.1	1194	480	49
0.1	1195	1193	49
0.1	1196	1191	49
0.1	484	483	49
0.1	1198	1197	49
0.1	486	485	50
0.1	487	1200	50
0.1	489	488	50
0.1	492	491	51
0.1	494	493	51
0.1	496	495	51
0.1	498	497	51
0.1	1206	1205	51
0.1	1207	1204	51
0.1	500	499	51
0.1	1209	1208	51
0.1	1210	1203	51
0.1	1211	490	50
0.1	1212	1202	50
0.1	1213	1201	50
0.1	502	501	50
0.1	504	503	50
0.1	1216	1215	50
0.1	507	506	52
0.1	1218	505	52
0.1	509	508	52
0.1	513	512	52
0.1	1221	511	52
0.1	1222	510	52
0.1	518	517	53
0.1	1224	516	53
0.1	1225	515	53
0.1	520	519	53
0.1	522	521	53
0.1	1228	1227	53
0.1	523	1229	53
0.1	1230	1226	53
0.1	1231	514	53
0.1	1232	1223	52
0.1	524	1233	52
0.1	1234	1220	52
0.1	1235	1219	52
0.1	526	525	54
0.1	528	527	54
0.1	529	1238	54
0.1	531	530	54
0.1	534	533	54
0.1	1241	532	54
0.1	1242	1240	54
0.1	1243	1239	54
0.1	1244	1237	54
0.1	1245	1236	50
0.1	1246	1217	50
0.1	538	537	55
0.1	1248	536	55
0.1	1249	535	55
0.1	543	542	55
0.1	1251	541	55
0.1	1252	540	55
0.1	544	1253	55
0.1	1254	539	55
0.1	1255	1250	55
0.1	547	546	56
0.1	1257	545	56
0.1	551	550	56
0.1	1259	549	56
0.1	1260	548	56
0.1	1261	1258	56
0.1	554	553	56
0.1	1263	552	56
0.1	1264	1262	56
0.1	556	555	57
0.1	560	559	58
0.1	562	561	58
0.1	1268	1267	58
0.1	564	563	58
0.1	1270	1269	58
0.1	566	565	58
0.1	568	567	58
0.1	1273	1272	58
0.1	1274	1271	58
0.1	1275	558	57
0.1	1276	557	57
0.1	571	570	57
0.1	1278	569	57
0.1	572	1279	57
0.1	573	1280	57
0.1	1281	1277	57
0.1	574	1282	57
0.1	1283	1266	57
0.1	1284	1265	57
0.1	1285	1256	55
0.1	576	575	59
0.1	578	577	59
0.1	1288	1287	59
0.1	579	1289	59
0.1	583	582	60
0.1	585	584	60
0.1	586	1292	60
0.1	1293	1291	60
0.1	1294	581	60
0.1	588	587	60
0.1	589	1296	60
0.1	1297	1295	60
0.1	1298	580	60
0.1	591	590	61
0.1	594	593	61
0.1	1301	592	61
0.1	596	595	61
0.1	597	1303	61
0.1	599	598	61
0.1	1305	1304	61
0.1	1306	1302	61
0.1	1307	1300	61
0.1	604	603	62
0.1	1309	602	62
0.1	607	606	63
0.1	609	608	63
0.1	1312	1311	63
0.1	1313	605	63
0.1	611	610	63
0.1	612	1315	63
0.1	1316	1314	63
0.1	614	613	63
0.1	1318	1317	63
0.1	616	615	62
0.1	1320	1319	62
0.1	619	618	62
0.1	1322	617	62
0.1	1323	1321	62
0.1	1324	1310	62
0.1	1325	601	62
0.1	1326	600	62
0.1	1327	1308	61
0.1	621	620	59
0.1	623	622	59
0.1	624	1330	59
0.1	1331	1329	59
0.1	1332	1328	59
0.1	1333	1299	59
0.1	1334	1290	59
0.1	1335	1286	55
0.1	1336	1247	50
0.1	1337	1214	50
0.1	1338	1199	50
0.1	627	626	64
0.1	1340	625	64
0.1	629	628	64
0.1	631	630	64
0.1	1343	1342	64
0.1	1344	1341	64
0.1	633	632	64
0.1	634	1346	64
0.1	1347	1345	64
0.1	636	635	65
0.1	641	640	65
0.1	1350	639	65
0.1	1351	638	65
0.1	1352	637	65
0.1	644	643	65
0.1	1354	642	65
0.1	1355	1353	65
0.1	1356	1349	65
0.1	1357	1348	50
0.1	1358	1339	50
0.1	1359	1190	45
0.1	646	645	45
0.1	647	1361	45
0.1	648	1362	45
0.1	650	649	45
0.1	1364	1363	45
0.1	1365	1360	45
0.1	1366	1157	43
0.1	1367	1138	21
0.1	653	652	66
0.1	1369	651	66
0.1	655	654	66
0.1	657	656	66
0.1	658	1372	66
0.1	1373	1371	66
0.1	1374	1370	66
0.1	660	659	66
0.1	1376	1375	66
0.1	665	664	67
0.1	1378	663	67
0.1	1379	662	67
0.1	667	666	67
0.1	668	1381	67
0.1	1382	1380	67
0.1	669	1383	67
0.1	670	1384	67
0.1	1385	661	67
0.1	1386	1377	66
0.1	1387	1368	21
0.1	675	674	69
0.1	676	1389	69
0.1	1390	673	69
0.1	1391	672	69
0.1	678	677	69
0.1	1393	1392	69
0.1	681	680	70
0.1	1395	679	70
0.1	685	684	70
0.1	1397	683	70
0.1	1398	682	70
0.1	688	687	70
0.1	1400	686	70
0.1	1401	1399	70
0.1	1402	1396	70
0.1	691	690	69
0.1	1404	689	69
0.1	1405	1403	69
0.1	1406	1394	69
0.1	1407	671	68
0.1	693	692	68
0.1	694	1409	68
0.1	698	697	71
0.1	699	1411	71
0.1	703	702	71
0.1	1413	701	71
0.1	704	1414	71
0.1	1415	700	71
0.1	1416	1412	71
0.1	1417	696	71
0.1	1418	695	71
0.1	1419	1410	68
0.1	707	706	72
0.1	709	708	72
0.1	1422	1421	72
0.1	713	712	72
0.1	1424	711	72
0.1	714	1425	72
0.1	1426	710	72
0.1	1427	1423	72
0.1	1428	705	72
0.1	715	1429	68
0.1	716	1430	68
0.1	718	717	68
0.1	720	719	68
0.1	1433	1432	68
0.1	1434	1431	68
0.1	1435	1420	68
0.1	1436	1408	68
0.1	1437	1388	21
0.1	1438	1100	21
