1	0	0	1
1	0	0	1
1	0	0	1
1	0	0	1
1	0	0	1
1	0	0	1
1	0	0	1
1	0	0	1
1	0	0	1
1	0	0	1
1	0	0	1
1	0	0	1
1	0	0	1
1	0	0	1
1	0	0	1
1	0	0	1
1	0	0	1
1	0	0	1
1	0	0	2
1	0	0	2
1	0	0	2
1	0	0	2
1	0	0	2
1	0	0	2
1	0	0	2
1	0	0	2
1	0	0	2
1	0	0	2
1	0	0	2
1	0	0	2
1	0	0	2
1	0	0	2
1	0	0	2
1	0	0	2
1	0	0	2
1	0	0	2
1	0	0	2
1	0	0	2
1	0	0	1
1	0	0	1
1	0	0	3
1	0	0	3
1	0	0	3
1	0	0	3
1	0	0	3
1	0	0	3
1	0	0	3
1	0	0	3
1	0	0	3
1	0	0	3
1	0	0	3
1	0	0	3
1	0	0	4
1	0	0	4
1	0	0	4
1	0	0	4
1	0	0	4
1	0	0	4
1	0	0	4
1	0	0	4
1	0	0	4
1	0	0	4
1	0	0	4
1	0	0	4
1	0	0	4
1	0	0	4
1	0	0	4
1	0	0	4
1	0	0	4
1	0	0	4
1	0	0	4
1	0	0	4
1	0	0	5
1	0	0	5
1	0	0	5
1	0	0	5
1	0	0	5
1	0	0	5
1	0	0	5
1	0	0	5
1	0	0	5
1	0	0	5
1	0	0	5
1	0	0	5
1	0	0	5
1	0	0	5
1	0	0	5
1	0	0	5
1	0	0	5
1	0	0	5
1	0	0	5
1	0	0	5
1	0	0	6
1	0	0	6
1	0	0	6
1	0	0	6
1	0	0	6
1	0	0	6
1	0	0	6
1	0	0	6
1	0	0	6
1	0	0	6
1	0	0	6
1	0	0	6
1	0	0	6
1	0	0	6
1	0	0	6
1	0	0	6
1	0	0	6
1	0	0	6
1	0	0	6
1	0	0	6
1	0	0	3
1	0	0	3
1	0	0	3
1	0	0	3
1	0	0	3
1	0	0	3
1	0	0	3
1	0	0	3
1	0	0	7
1	0	0	7
1	0	0	7
1	0	0	7
1	0	0	7
1	0	0	7
1	0	0	7
1	0	0	7
1	0	0	7
1	0	0	7
1	0	0	7
1	0	0	7
1	0	0	7
1	0	0	7
1	0	0	7
1	0	0	7
1	0	0	7
1	0	0	7
1	0	0	7
1	0	0	7
1	0	0	8
1	0	0	8
1	0	0	8
1	0	0	8
1	0	0	8
1	0	0	8
1	0	0	8
1	0	0	8
1	0	0	8
1	0	0	8
1	0	0	8
1	0	0	8
1	0	0	8
1	0	0	8
1	0	0	8
1	0	0	8
1	0	0	8
1	0	0	8
1	0	0	8
1	0	0	8
1	0	0	9
1	0	0	9
1	0	0	9
1	0	0	9
1	0	0	9
1	0	0	9
1	0	0	9
1	0	0	9
1	0	0	9
1	0	0	9
1	0	0	9
1	0	0	9
1	0	0	10
1	0	0	10
1	0	0	10
1	0	0	10
1	0	0	10
1	0	0	10
1	0	0	10
1	0	0	10
1	0	0	10
1	0	0	10
1	0	0	10
1	0	0	10
1	0	0	10
1	0	0	10
1	0	0	10
1	0	0	10
1	0	0	10
1	0	0	10
1	0	0	10
1	0	0	10
1	0	0	11
1	0	0	11
1	0	0	11
1	0	0	11
1	0	0	11
1	0	0	11
1	0	0	11
1	0	0	11
1	0	0	11
1	0	0	11
1	0	0	11
1	0	0	11
1	0	0	11
1	0	0	11
1	0	0	11
1	0	0	11
1	0	0	11
1	0	0	11
1	0	0	11
1	0	0	11
1	0	0	12
1	0	0	12
1	0	0	12
1	0	0	12
1	0	0	12
1	0	0	12
1	0	0	12
1	0	0	12
1	0	0	12
1	0	0	12
1	0	0	12
1	0	0	12
1	0	0	12
1	0	0	12
1	0	0	12
1	0	0	12
1	0	0	12
1	0	0	12
1	0	0	12
1	0	0	12
1	0	0	9
1	0	0	9
1	0	0	9
1	0	0	9
1	0	0	9
1	0	0	9
1	0	0	9
1	0	0	9
1	0	0	13
1	0	0	13
1	0	0	13
1	0	0	13
1	0	0	13
1	0	0	13
1	0	0	13
1	0	0	13
1	0	0	13
1	0	0	14
1	0	0	14
1	0	0	14
1	0	0	14
1	0	0	14
1	0	0	14
1	0	0	14
1	0	0	14
1	0	0	14
1	0	0	14
1	0	0	14
1	0	0	14
1	0	0	14
1	0	0	14
1	0	0	14
1	0	0	14
1	0	0	14
1	0	0	14
1	0	0	14
1	0	0	14
1	0	0	15
1	0	0	15
1	0	0	15
1	0	0	15
1	0	0	15
1	0	0	15
1	0	0	15
1	0	0	15
1	0	0	15
1	0	0	15
1	0	0	15
1	0	0	15
1	0	0	15
1	0	0	15
1	0	0	15
1	0	0	16
1	0	0	16
1	0	0	16
1	0	0	16
1	0	0	16
1	0	0	16
1	0	0	16
1	0	0	16
1	0	0	16
1	0	0	16
1	0	0	16
1	0	0	16
1	0	0	16
1	0	0	16
1	0	0	16
1	0	0	16
1	0	0	16
1	0	0	16
1	0	0	16
1	0	0	16
1	0	0	15
1	0	0	15
1	0	0	15
1	0	0	15
1	0	0	15
1	0	0	17
1	0	0	17
1	0	0	17
1	0	0	17
1	0	0	17
1	0	0	17
1	0	0	17
1	0	0	17
1	0	0	17
1	0	0	17
1	0	0	17
1	0	0	17
1	0	0	17
1	0	0	17
1	0	0	17
1	0	0	17
1	0	0	17
1	0	0	17
1	0	0	17
1	0	0	17
1	0	0	18
1	0	0	18
1	0	0	18
1	0	0	18
1	0	0	18
1	0	0	18
1	0	0	18
1	0	0	18
1	0	0	18
1	0	0	18
1	0	0	18
1	0	0	18
1	0	0	18
1	0	0	18
1	0	0	18
1	0	0	18
1	0	0	18
1	0	0	18
1	0	0	18
1	0	0	18
1	0	0	19
1	0	0	19
1	0	0	19
1	0	0	19
1	0	0	19
1	0	0	19
1	0	0	19
1	0	0	19
1	0	0	19
1	0	0	19
1	0	0	19
1	0	0	19
1	0	0	19
1	0	0	19
1	0	0	19
1	0	0	19
1	0	0	19
1	0	0	19
1	0	0	19
1	0	0	19
1	0	0	20
1	0	0	20
1	0	0	20
1	0	0	20
1	0	0	20
1	0	0	20
1	0	0	21
1	0	0	21
1	0	0	21
1	0	0	21
1	0	0	21
1	0	0	21
1	0	0	21
1	0	0	21
1	0	0	22
1	0	0	22
1	0	0	22
1	0	0	22
1	0	0	22
1	0	0	22
1	0	0	22
1	0	0	22
1	0	0	22
1	0	0	22
1	0	0	22
1	0	0	22
1	0	0	22
1	0	0	22
1	0	0	22
1	0	0	22
1	0	0	22
1	0	0	22
1	0	0	22
1	0	0	22
1	0	0	21
1	0	0	21
1	0	0	21
1	0	0	21
1	0	0	21
1	0	0	21
1	0	0	21
1	0	0	21
1	0	0	21
1	0	0	21
1	0	0	21
1	0	0	21
1	0	0	23
1	0	0	23
1	0	0	23
1	0	0	23
1	0	0	23
1	0	0	23
1	0	0	23
1	0	0	24
1	0	0	24
1	0	0	24
1	0	0	24
1	0	0	24
1	0	0	24
1	0	0	25
1	0	0	25
1	0	0	25
1	0	0	25
1	0	0	25
1	0	0	25
1	0	0	26
1	0	0	26
1	0	0	26
1	0	0	26
1	0	0	26
1	0	0	26
1	0	0	26
1	0	0	26
1	0	0	26
1	0	0	26
1	0	0	26
1	0	0	26
1	0	0	26
1	0	0	26
1	0	0	26
1	0	0	26
1	0	0	26
1	0	0	26
1	0	0	26
1	0	0	26
1	0	0	25
1	0	0	25
1	0	0	25
1	0	0	25
1	0	0	25
1	0	0	25
1	0	0	25
1	0	0	25
1	0	0	25
1	0	0	25
1	0	0	25
1	0	0	25
1	0	0	25
1	0	0	25
1	0	0	24
1	0	0	24
1	0	0	24
1	0	0	24
1	0	0	24
1	0	0	24
1	0	0	24
1	0	0	24
1	0	0	24
1	0	0	24
1	0	0	24
1	0	0	24
1	0	0	24
1	0	0	24
1	0	0	23
1	0	0	23
1	0	0	23
1	0	0	23
1	0	0	23
1	0	0	23
1	0	0	23
1	0	0	23
1	0	0	23
1	0	0	23
1	0	0	23
1	0	0	23
1	0	0	23
1	0	0	27
1	0	0	27
1	0	0	27
1	0	0	27
1	0	0	27
1	0	0	27
1	0	0	27
1	0	0	27
1	0	0	27
1	0	0	27
1	0	0	27
1	0	0	27
1	0	0	27
1	0	0	27
1	0	0	27
1	0	0	27
1	0	0	27
1	0	0	27
1	0	0	27
1	0	0	27
1	0	0	28
1	0	0	28
1	0	0	28
1	0	0	28
1	0	0	28
1	0	0	28
1	0	0	28
1	0	0	28
1	0	0	28
1	0	0	28
1	0	0	28
1	0	0	28
1	0	0	28
1	0	0	28
1	0	0	28
1	0	0	28
1	0	0	28
1	0	0	28
1	0	0	28
1	0	0	28
1	0	0	20
1	0	0	20
1	0	0	20
1	0	0	20
1	0	0	20
1	0	0	20
1	0	0	20
1	0	0	29
1	0	0	29
1	0	0	29
1	0	0	29
1	0	0	29
1	0	0	29
1	0	0	29
1	0	0	29
1	0	0	29
1	0	0	29
1	0	0	29
1	0	0	29
1	0	0	29
1	0	0	29
1	0	0	29
1	0	0	29
1	0	0	29
1	0	0	29
1	0	0	29
1	0	0	29
1	0	0	20
1	0	0	20
1	0	0	20
1	0	0	20
1	0	0	20
1	0	0	20
1	0	0	20
1	0	0	13
1	0	0	13
1	0	0	13
1	0	0	13
1	0	0	30
1	0	0	30
1	0	0	30
1	0	0	30
1	0	0	30
1	0	0	30
1	0	0	30
1	0	0	30
1	0	0	30
1	0	0	30
1	0	0	30
1	0	0	30
1	0	0	30
1	0	0	30
1	0	0	30
1	0	0	30
1	0	0	30
1	0	0	30
1	0	0	30
1	0	0	30
1	0	0	13
1	0	0	13
1	0	0	13
1	0	0	13
1	0	0	31
1	0	0	31
1	0	0	31
1	0	0	31
1	0	0	31
1	0	0	31
1	0	0	31
1	0	0	31
1	0	0	31
1	0	0	31
1	0	0	31
1	0	0	31
1	0	0	31
1	0	0	31
1	0	0	31
1	0	0	31
1	0	0	31
1	0	0	32
1	0	0	32
1	0	0	32
1	0	0	32
1	0	0	32
1	0	0	32
1	0	0	32
1	0	0	32
1	0	0	32
1	0	0	32
1	0	0	32
1	0	0	32
1	0	0	32
1	0	0	32
1	0	0	32
1	0	0	32
1	0	0	32
1	0	0	32
1	0	0	32
1	0	0	32
1	0	0	33
1	0	0	33
1	0	0	33
1	0	0	33
1	0	0	33
1	0	0	33
1	0	0	33
1	0	0	33
1	0	0	33
1	0	0	33
1	0	0	33
1	0	0	33
1	0	0	33
1	0	0	33
1	0	0	33
1	0	0	33
1	0	0	33
1	0	0	33
1	0	0	33
1	0	0	33
1	0	0	31
1	0	0	31
1	0	0	31
1	0	0	13
1	0	0	13
1	0	0	13
0.1	4	3	1
0.1	661	2	1
0.1	5	662	1
0.1	663	1	1
0.1	8	7	1
0.1	10	9	1
0.1	666	665	1
0.1	667	6	1
0.1	12	11	1
0.1	15	14	1
0.1	670	13	1
0.1	18	17	1
0.1	672	16	1
0.1	673	671	1
0.1	674	669	1
0.1	21	20	2
0.1	23	22	2
0.1	677	676	2
0.1	678	19	2
0.1	25	24	2
0.1	27	26	2
0.1	681	680	2
0.1	32	31	2
0.1	683	30	2
0.1	684	29	2
0.1	34	33	2
0.1	686	685	2
0.1	36	35	2
0.1	688	687	2
0.1	37	689	2
0.1	690	28	2
0.1	691	682	2
0.1	692	679	2
0.1	38	693	2
0.1	40	39	1
0.1	695	694	1
0.1	696	675	1
0.1	697	668	1
0.1	42	41	3
0.1	44	43	3
0.1	48	47	3
0.1	701	46	3
0.1	702	45	3
0.1	49	703	3
0.1	50	704	3
0.1	705	700	3
0.1	52	51	3
0.1	56	55	4
0.1	708	54	4
0.1	58	57	4
0.1	59	710	4
0.1	711	709	4
0.1	61	60	4
0.1	63	62	4
0.1	66	65	4
0.1	715	64	4
0.1	716	714	4
0.1	68	67	4
0.1	718	717	4
0.1	72	71	4
0.1	720	70	4
0.1	721	69	4
0.1	722	719	4
0.1	723	713	4
0.1	724	712	4
0.1	725	53	4
0.1	77	76	5
0.1	727	75	5
0.1	728	74	5
0.1	79	78	5
0.1	730	729	5
0.1	731	73	5
0.1	81	80	5
0.1	83	82	5
0.1	734	733	5
0.1	86	85	5
0.1	736	84	5
0.1	89	88	5
0.1	738	87	5
0.1	739	737	5
0.1	740	735	5
0.1	741	732	5
0.1	742	726	5
0.1	91	90	5
0.1	92	744	5
0.1	102	101	6
0.1	746	100	6
0.1	747	99	6
0.1	748	98	6
0.1	749	97	6
0.1	103	750	6
0.1	751	96	6
0.1	752	95	6
0.1	753	94	6
0.1	105	104	6
0.1	106	755	6
0.1	110	109	6
0.1	112	111	6
0.1	758	757	6
0.1	759	108	6
0.1	760	107	6
0.1	761	756	6
0.1	762	754	6
0.1	763	93	6
0.1	764	745	5
0.1	765	743	5
0.1	114	113	3
0.1	115	767	3
0.1	768	766	3
0.1	769	707	3
0.1	770	706	3
0.1	116	771	3
0.1	772	699	3
0.1	120	119	3
0.1	774	118	3
0.1	775	117	3
0.1	124	123	7
0.1	777	122	7
0.1	778	121	7
0.1	126	125	7
0.1	128	127	7
0.1	781	780	7
0.1	782	779	7
0.1	131	130	7
0.1	784	129	7
0.1	785	783	7
0.1	134	133	7
0.1	787	132	7
0.1	137	136	7
0.1	138	789	7
0.1	140	139	7
0.1	791	790	7
0.1	792	135	7
0.1	793	788	7
0.1	794	786	7
0.1	795	776	3
0.1	142	141	8
0.1	144	143	8
0.1	147	146	8
0.1	799	145	8
0.1	800	798	8
0.1	150	149	8
0.1	151	802	8
0.1	803	148	8
0.1	152	804	8
0.1	155	154	8
0.1	806	153	8
0.1	807	805	8
0.1	157	156	8
0.1	809	808	8
0.1	810	801	8
0.1	811	797	8
0.1	159	158	8
0.1	160	813	8
0.1	814	812	8
0.1	815	796	3
0.1	816	773	3
0.1	817	698	1
0.1	818	664	1
0.1	162	161	9
0.1	164	163	9
0.1	166	165	9
0.1	167	822	9
0.1	823	821	9
0.1	824	820	9
0.1	169	168	9
0.1	171	170	9
0.1	827	826	9
0.1	172	828	9
0.1	829	825	9
0.1	176	175	10
0.1	831	174	10
0.1	178	177	10
0.1	179	833	10
0.1	181	180	10
0.1	182	835	10
0.1	183	836	10
0.1	837	834	10
0.1	838	832	10
0.1	189	188	10
0.1	840	187	10
0.1	841	186	10
0.1	842	185	10
0.1	190	843	10
0.1	844	184	10
0.1	845	839	10
0.1	192	191	10
0.1	847	846	10
0.1	848	173	10
0.1	195	194	11
0.1	197	196	11
0.1	198	851	11
0.1	852	850	11
0.1	853	193	11
0.1	200	199	11
0.1	201	855	11
0.1	202	856	11
0.1	203	857	11
0.1	858	854	11
0.1	206	205	11
0.1	208	207	11
0.1	861	860	11
0.1	862	204	11
0.1	210	209	11
0.1	212	211	11
0.1	865	864	11
0.1	866	863	11
0.1	867	859	11
0.1	214	213	12
0.1	219	218	12
0.1	870	217	12
0.1	222	221	12
0.1	224	223	12
0.1	873	872	12
0.1	874	220	12
0.1	875	871	12
0.1	876	216	12
0.1	877	215	12
0.1	225	878	12
0.1	228	227	12
0.1	880	226	12
0.1	229	881	12
0.1	882	879	12
0.1	883	869	12
0.1	232	231	12
0.1	885	230	12
0.1	886	884	12
0.1	887	868	11
0.1	888	849	11
0.1	238	237	9
0.1	890	236	9
0.1	891	235	9
0.1	892	234	9
0.1	893	233	9
0.1	894	889	9
0.1	240	239	9
0.1	896	895	9
0.1	897	830	9
0.1	898	819	1
0.1	244	243	13
0.1	900	242	13
0.1	246	245	13
0.1	248	247	13
0.1	249	903	13
0.1	904	902	13
0.1	905	901	13
0.1	906	241	13
0.1	252	251	14
0.1	908	250	14
0.1	256	255	14
0.1	910	254	14
0.1	911	253	14
0.1	257	912	14
0.1	913	909	14
0.1	259	258	14
0.1	915	914	14
0.1	262	261	14
0.1	264	263	14
0.1	918	917	14
0.1	268	267	14
0.1	269	920	14
0.1	921	266	14
0.1	922	265	14
0.1	923	919	14
0.1	924	260	14
0.1	925	916	14
0.1	272	271	15
0.1	273	927	15
0.1	928	270	15
0.1	276	275	15
0.1	930	274	15
0.1	278	277	15
0.1	280	279	15
0.1	282	281	15
0.1	934	933	15
0.1	284	283	15
0.1	287	286	16
0.1	290	289	16
0.1	938	288	16
0.1	939	937	16
0.1	940	285	16
0.1	292	291	16
0.1	942	941	16
0.1	294	293	16
0.1	296	295	16
0.1	945	944	16
0.1	298	297	16
0.1	300	299	16
0.1	301	948	16
0.1	949	947	16
0.1	950	946	16
0.1	951	943	16
0.1	304	303	16
0.1	953	302	16
0.1	954	952	16
0.1	955	936	15
0.1	956	935	15
0.1	307	306	15
0.1	309	308	15
0.1	959	958	15
0.1	960	305	15
0.1	961	957	15
0.1	962	932	15
0.1	963	931	15
0.1	964	929	15
0.1	313	312	17
0.1	314	966	17
0.1	967	311	17
0.1	968	310	17
0.1	316	315	17
0.1	317	970	17
0.1	320	319	17
0.1	972	318	17
0.1	973	971	17
0.1	324	323	17
0.1	975	322	17
0.1	325	976	17
0.1	327	326	17
0.1	978	977	17
0.1	979	321	17
0.1	329	328	17
0.1	981	980	17
0.1	982	974	17
0.1	983	969	17
0.1	333	332	18
0.1	985	331	18
0.1	986	330	18
0.1	335	334	18
0.1	337	336	18
0.1	989	988	18
0.1	340	339	18
0.1	991	338	18
0.1	341	992	18
0.1	993	990	18
0.1	994	987	18
0.1	346	345	18
0.1	996	344	18
0.1	347	997	18
0.1	348	998	18
0.1	349	999	18
0.1	1000	343	18
0.1	1001	342	18
0.1	1002	995	18
0.1	1003	984	17
0.1	352	351	19
0.1	1005	350	19
0.1	354	353	19
0.1	356	355	19
0.1	359	358	19
0.1	1009	357	19
0.1	362	361	19
0.1	363	1011	19
0.1	364	1012	19
0.1	1013	360	19
0.1	366	365	19
0.1	1015	1014	19
0.1	369	368	19
0.1	1017	367	19
0.1	1018	1016	19
0.1	1019	1010	19
0.1	1020	1008	19
0.1	1021	1007	19
0.1	1022	1006	19
0.1	371	370	20
0.1	374	373	20
0.1	375	1025	20
0.1	1026	372	20
0.1	1027	1024	20
0.1	377	376	21
0.1	381	380	21
0.1	382	1030	21
0.1	1031	379	21
0.1	1032	378	21
0.1	387	386	22
0.1	1034	385	22
0.1	1035	384	22
0.1	389	388	22
0.1	392	391	22
0.1	1038	390	22
0.1	393	1039	22
0.1	396	395	22
0.1	1041	394	22
0.1	1042	1040	22
0.1	1043	1037	22
0.1	1044	1036	22
0.1	398	397	22
0.1	400	399	22
0.1	1047	1046	22
0.1	402	401	22
0.1	403	1049	22
0.1	1050	1048	22
0.1	1051	1045	22
0.1	1052	383	21
0.1	405	404	21
0.1	409	408	21
0.1	1055	407	21
0.1	1056	406	21
0.1	411	410	21
0.1	1058	1057	21
0.1	1059	1054	21
0.1	412	1060	21
0.1	1061	1053	21
0.1	1062	1033	21
0.1	414	413	21
0.1	415	1064	21
0.1	418	417	23
0.1	419	1066	23
0.1	1067	416	23
0.1	421	420	23
0.1	422	1069	23
0.1	1070	1068	23
0.1	424	423	24
0.1	426	425	24
0.1	1073	1072	24
0.1	430	429	25
0.1	431	1075	25
0.1	434	433	25
0.1	1077	432	25
0.1	1078	1076	25
0.1	436	435	26
0.1	439	438	26
0.1	444	443	26
0.1	1082	442	26
0.1	1083	441	26
0.1	1084	440	26
0.1	1085	1081	26
0.1	1086	437	26
0.1	1087	1080	26
0.1	446	445	26
0.1	447	1089	26
0.1	449	448	26
0.1	1091	1090	26
0.1	1092	1088	26
0.1	450	1093	26
0.1	454	453	26
0.1	1095	452	26
0.1	1096	451	26
0.1	1097	1094	26
0.1	457	456	25
0.1	1099	455	25
0.1	460	459	25
0.1	1101	458	25
0.1	463	462	25
0.1	1103	461	25
0.1	1104	1102	25
0.1	1105	1100	25
0.1	464	1106	25
0.1	467	466	25
0.1	1108	465	25
0.1	1109	1107	25
0.1	468	1110	25
0.1	1111	1098	25
0.1	1112	1079	25
0.1	1113	428	24
0.1	1114	427	24
0.1	1115	1074	24
0.1	470	469	24
0.1	472	471	24
0.1	1118	1117	24
0.1	475	474	24
0.1	1120	473	24
0.1	477	476	24
0.1	1122	1121	24
0.1	479	478	24
0.1	480	1124	24
0.1	1125	1123	24
0.1	1126	1119	24
0.1	482	481	24
0.1	1128	1127	24
0.1	1129	1116	24
0.1	484	483	23
0.1	487	486	23
0.1	488	1132	23
0.1	489	1133	23
0.1	490	1134	23
0.1	493	492	23
0.1	1136	491	23
0.1	495	494	23
0.1	1138	1137	23
0.1	1139	1135	23
0.1	1140	485	23
0.1	1141	1131	23
0.1	1142	1130	23
0.1	1143	1071	23
0.1	1144	1065	21
0.1	1145	1063	21
0.1	1146	1029	21
0.1	498	497	27
0.1	501	500	27
0.1	1149	499	27
0.1	1150	1148	27
0.1	502	1151	27
0.1	504	503	27
0.1	506	505	27
0.1	1154	1153	27
0.1	508	507	27
0.1	1156	1155	27
0.1	513	512	27
0.1	1158	511	27
0.1	1159	510	27
0.1	1160	509	27
0.1	515	514	27
0.1	1162	1161	27
0.1	1163	1157	27
0.1	1164	1152	27
0.1	1165	496	27
0.1	518	517	28
0.1	519	1167	28
0.1	1168	516	28
0.1	524	523	28
0.1	525	1170	28
0.1	1171	522	28
0.1	1172	521	28
0.1	1173	520	28
0.1	1174	1169	28
0.1	527	526	28
0.1	528	1176	28
0.1	1177	1175	28
0.1	533	532	28
0.1	1179	531	28
0.1	1180	530	28
0.1	1181	529	28
0.1	535	534	28
0.1	1183	1182	28
0.1	1184	1178	28
0.1	1185	1166	28
0.1	1186	1147	20
0.1	537	536	20
0.1	539	538	20
0.1	1189	1188	20
0.1	541	540	20
0.1	1191	1190	20
0.1	1192	1187	20
0.1	1193	1028	20
0.1	545	544	29
0.1	1195	543	29
0.1	547	546	29
0.1	548	1197	29
0.1	549	1198	29
0.1	552	551	29
0.1	1200	550	29
0.1	1201	1199	29
0.1	554	553	29
0.1	556	555	29
0.1	1204	1203	29
0.1	559	558	29
0.1	560	1206	29
0.1	1207	557	29
0.1	1208	1205	29
0.1	562	561	29
0.1	1210	1209	29
0.1	1211	1202	29
0.1	1212	1196	29
0.1	1213	542	20
0.1	1214	1194	20
0.1	1215	1023	20
0.1	1216	1004	13
0.1	1217	965	13
0.1	1218	926	13
0.1	1219	907	13
0.1	565	564	20
0.1	1221	563	20
0.1	568	567	20
0.1	569	1223	20
0.1	1224	566	20
0.1	1225	1222	20
0.1	571	570	13
0.1	573	572	13
0.1	1228	1227	13
0.1	575	574	30
0.1	577	576	30
0.1	578	1231	30
0.1	1232	1230	30
0.1	580	579	30
0.1	581	1234	30
0.1	1235	1233	30
0.1	583	582	30
0.1	586	585	30
0.1	587	1238	30
0.1	588	1239	30
0.1	1240	584	30
0.1	592	591	30
0.1	1242	590	30
0.1	1243	589	30
0.1	1244	1241	30
0.1	1245	1237	30
0.1	593	1246	30
0.1	1247	1236	30
0.1	1248	1229	13
0.1	1249	1226	13
0.1	1250	1220	13
0.1	596	595	13
0.1	1252	594	13
0.1	1253	1251	13
0.1	599	598	31
0.1	600	1255	31
0.1	602	601	31
0.1	605	604	31
0.1	1258	603	31
0.1	1259	1257	31
0.1	1260	1256	31
0.1	606	1261	31
0.1	609	608	31
0.1	1263	607	31
0.1	611	610	31
0.1	612	1265	31
0.1	614	613	31
0.1	1267	1266	31
0.1	1268	1264	31
0.1	1269	1262	31
0.1	616	615	32
0.1	617	1271	32
0.1	620	619	32
0.1	623	622	32
0.1	1274	621	32
0.1	625	624	32
0.1	1276	1275	32
0.1	627	626	32
0.1	628	1278	32
0.1	1279	1277	32
0.1	1280	1273	32
0.1	1281	618	32
0.1	631	630	32
0.1	1283	629	32
0.1	634	633	32
0.1	1285	632	32
0.1	1286	1284	32
0.1	1287	1282	32
0.1	636	635	33
0.1	638	637	33
0.1	1290	1289	33
0.1	642	641	33
0.1	645	644	33
0.1	1293	643	33
0.1	648	647	33
0.1	1295	646	33
0.1	1296	1294	33
0.1	1297	1292	33
0.1	649	1298	33
0.1	650	1299	33
0.1	1300	640	33
0.1	1301	639	33
0.1	1302	1291	33
0.1	654	653	33
0.1	1304	652	33
0.1	1305	651	33
0.1	1306	1303	33
0.1	1307	1288	32
0.1	1308	1272	32
0.1	657	656	31
0.1	1310	655	31
0.1	1311	1309	31
0.1	1312	1270	31
0.1	658	1313	13
0.1	1314	597	13
0.1	660	659	13
0.1	1316	1315	13
0.1	1317	1254	13
0.1	1318	899	13
