1	0	0	1
1	0	0	1
1	0	0	1
1	0	0	1
1	0	0	1
1	0	0	1
1	0	0	1
1	0	0	1
1	0	0	1
1	0	0	1
1	0	0	1
1	0	0	1
1	0	0	1
1	0	0	1
1	0	0	1
1	0	0	1
1	0	0	1
1	0	0	1
1	0	0	1
1	0	0	2
1	0	0	2
1	0	0	2
1	0	0	2
1	0	0	2
1	0	0	2
1	0	0	2
1	0	0	2
1	0	0	2
1	0	0	2
1	0	0	2
1	0	0	2
1	0	0	2
1	0	0	2
1	0	0	2
1	0	0	2
1	0	0	2
1	0	0	2
1	0	0	2
1	0	0	2
1	0	0	3
1	0	0	4
1	0	0	4
1	0	0	4
1	0	0	5
1	0	0	5
1	0	0	5
1	0	0	5
1	0	0	5
1	0	0	5
1	0	0	5
1	0	0	5
1	0	0	5
1	0	0	5
1	0	0	5
1	0	0	5
1	0	0	5
1	0	0	5
1	0	0	5
1	0	0	5
1	0	0	5
1	0	0	5
1	0	0	5
1	0	0	5
1	0	0	4
1	0	0	6
1	0	0	6
1	0	0	6
1	0	0	6
1	0	0	6
1	0	0	6
1	0	0	6
1	0	0	6
1	0	0	6
1	0	0	6
1	0	0	6
1	0	0	6
1	0	0	6
1	0	0	6
1	0	0	6
1	0	0	6
1	0	0	6
1	0	0	6
1	0	0	6
1	0	0	7
1	0	0	7
1	0	0	7
1	0	0	7
1	0	0	7
1	0	0	7
1	0	0	7
1	0	0	7
1	0	0	7
1	0	0	7
1	0	0	7
1	0	0	7
1	0	0	7
1	0	0	7
1	0	0	7
1	0	0	7
1	0	0	7
1	0	0	7
1	0	0	7
1	0	0	7
1	0	0	8
1	0	0	8
1	0	0	8
1	0	0	8
1	0	0	8
1	0	0	8
1	0	0	8
1	0	0	8
1	0	0	8
1	0	0	8
1	0	0	8
1	0	0	8
1	0	0	8
1	0	0	8
1	0	0	8
1	0	0	8
1	0	0	8
1	0	0	8
1	0	0	8
1	0	0	8
1	0	0	9
1	0	0	9
1	0	0	9
1	0	0	9
1	0	0	9
1	0	0	9
1	0	0	9
1	0	0	9
1	0	0	9
1	0	0	9
1	0	0	9
1	0	0	9
1	0	0	9
1	0	0	9
1	0	0	9
1	0	0	9
1	0	0	9
1	0	0	9
1	0	0	9
1	0	0	9
1	0	0	6
1	0	0	10
1	0	0	10
1	0	0	10
1	0	0	10
1	0	0	10
1	0	0	10
1	0	0	10
1	0	0	10
1	0	0	10
1	0	0	10
1	0	0	10
1	0	0	10
1	0	0	10
1	0	0	10
1	0	0	10
1	0	0	10
1	0	0	10
1	0	0	10
1	0	0	10
1	0	0	10
1	0	0	4
1	0	0	4
1	0	0	11
1	0	0	11
1	0	0	11
1	0	0	11
1	0	0	11
1	0	0	11
1	0	0	11
1	0	0	11
1	0	0	11
1	0	0	11
1	0	0	11
1	0	0	11
1	0	0	11
1	0	0	11
1	0	0	11
1	0	0	11
1	0	0	11
1	0	0	11
1	0	0	11
1	0	0	11
1	0	0	4
1	0	0	4
1	0	0	12
1	0	0	12
1	0	0	12
1	0	0	12
1	0	0	12
1	0	0	12
1	0	0	12
1	0	0	12
1	0	0	12
1	0	0	12
1	0	0	12
1	0	0	12
1	0	0	12
1	0	0	12
1	0	0	12
1	0	0	12
1	0	0	12
1	0	0	12
1	0	0	12
1	0	0	12
1	0	0	4
1	0	0	13
1	0	0	13
1	0	0	13
1	0	0	13
1	0	0	13
1	0	0	13
1	0	0	13
1	0	0	13
1	0	0	13
1	0	0	13
1	0	0	13
1	0	0	13
1	0	0	13
1	0	0	13
1	0	0	13
1	0	0	13
1	0	0	13
1	0	0	13
1	0	0	13
1	0	0	13
1	0	0	4
1	0	0	4
1	0	0	4
1	0	0	4
1	0	0	4
1	0	0	14
1	0	0	14
1	0	0	14
1	0	0	14
1	0	0	14
1	0	0	14
1	0	0	14
1	0	0	14
1	0	0	14
1	0	0	14
1	0	0	14
1	0	0	14
1	0	0	14
1	0	0	14
1	0	0	14
1	0	0	14
1	0	0	14
1	0	0	14
1	0	0	14
1	0	0	14
1	0	0	15
1	0	0	15
1	0	0	15
1	0	0	15
1	0	0	15
1	0	0	15
1	0	0	15
1	0	0	15
1	0	0	15
1	0	0	15
1	0	0	15
1	0	0	15
1	0	0	15
1	0	0	15
1	0	0	15
1	0	0	15
1	0	0	15
1	0	0	15
1	0	0	15
1	0	0	15
1	0	0	16
1	0	0	16
1	0	0	16
1	0	0	16
1	0	0	16
1	0	0	16
1	0	0	16
1	0	0	16
1	0	0	16
1	0	0	16
1	0	0	16
1	0	0	16
1	0	0	16
1	0	0	16
1	0	0	16
1	0	0	16
1	0	0	16
1	0	0	16
1	0	0	16
1	0	0	16
1	0	0	17
1	0	0	17
1	0	0	17
1	0	0	17
1	0	0	17
1	0	0	17
1	0	0	17
1	0	0	17
1	0	0	17
1	0	0	17
1	0	0	17
1	0	0	17
1	0	0	17
1	0	0	17
1	0	0	17
1	0	0	17
1	0	0	17
1	0	0	17
1	0	0	17
1	0	0	17
1	0	0	18
1	0	0	18
1	0	0	18
1	0	0	18
1	0	0	18
1	0	0	18
1	0	0	18
1	0	0	18
1	0	0	18
1	0	0	18
1	0	0	18
1	0	0	18
1	0	0	18
1	0	0	18
1	0	0	18
1	0	0	18
1	0	0	18
1	0	0	18
1	0	0	18
1	0	0	18
1	0	0	19
1	0	0	19
1	0	0	19
1	0	0	19
1	0	0	19
1	0	0	19
1	0	0	20
1	0	0	20
1	0	0	20
1	0	0	20
1	0	0	20
1	0	0	20
1	0	0	20
1	0	0	20
1	0	0	20
1	0	0	20
1	0	0	20
1	0	0	20
1	0	0	20
1	0	0	20
1	0	0	20
1	0	0	20
1	0	0	20
1	0	0	20
1	0	0	20
1	0	0	20
1	0	0	19
1	0	0	19
1	0	0	21
1	0	0	21
1	0	0	21
1	0	0	21
1	0	0	21
1	0	0	21
1	0	0	21
1	0	0	21
1	0	0	21
1	0	0	21
1	0	0	21
1	0	0	21
1	0	0	21
1	0	0	21
1	0	0	21
1	0	0	21
1	0	0	21
1	0	0	21
1	0	0	21
1	0	0	21
1	0	0	19
1	0	0	19
1	0	0	22
1	0	0	22
1	0	0	22
1	0	0	22
1	0	0	22
1	0	0	22
1	0	0	22
1	0	0	22
1	0	0	22
1	0	0	22
1	0	0	22
1	0	0	22
1	0	0	22
1	0	0	22
1	0	0	22
1	0	0	22
1	0	0	22
1	0	0	22
1	0	0	22
1	0	0	22
1	0	0	19
1	0	0	19
1	0	0	19
1	0	0	23
1	0	0	23
1	0	0	23
1	0	0	23
1	0	0	23
1	0	0	23
1	0	0	23
1	0	0	23
1	0	0	23
1	0	0	23
1	0	0	23
1	0	0	23
1	0	0	23
1	0	0	23
1	0	0	23
1	0	0	23
1	0	0	23
1	0	0	23
1	0	0	23
1	0	0	23
1	0	0	19
1	0	0	19
1	0	0	19
1	0	0	19
1	0	0	19
1	0	0	19
1	0	0	19
1	0	0	24
1	0	0	24
1	0	0	24
1	0	0	24
1	0	0	24
1	0	0	24
1	0	0	24
1	0	0	24
1	0	0	24
1	0	0	24
1	0	0	24
1	0	0	24
1	0	0	24
1	0	0	24
1	0	0	24
1	0	0	24
1	0	0	24
1	0	0	24
1	0	0	24
1	0	0	24
1	0	0	25
1	0	0	25
1	0	0	25
1	0	0	25
1	0	0	25
1	0	0	25
1	0	0	25
1	0	0	25
1	0	0	25
1	0	0	25
1	0	0	25
1	0	0	25
1	0	0	25
1	0	0	25
1	0	0	25
1	0	0	25
1	0	0	25
1	0	0	25
1	0	0	25
1	0	0	25
1	0	0	26
1	0	0	26
1	0	0	26
1	0	0	26
1	0	0	26
1	0	0	26
1	0	0	26
1	0	0	26
1	0	0	26
1	0	0	26
1	0	0	26
1	0	0	26
1	0	0	26
1	0	0	26
1	0	0	26
1	0	0	26
1	0	0	26
1	0	0	26
1	0	0	26
1	0	0	26
1	0	0	27
1	0	0	27
1	0	0	27
1	0	0	27
1	0	0	27
1	0	0	27
1	0	0	27
1	0	0	27
1	0	0	27
1	0	0	27
1	0	0	27
1	0	0	27
1	0	0	27
1	0	0	27
1	0	0	27
1	0	0	27
1	0	0	27
1	0	0	27
1	0	0	27
1	0	0	27
1	0	0	4
1	0	0	28
1	0	0	28
1	0	0	28
1	0	0	28
1	0	0	28
1	0	0	28
1	0	0	28
1	0	0	28
1	0	0	28
1	0	0	28
1	0	0	28
1	0	0	28
1	0	0	28
1	0	0	28
1	0	0	28
1	0	0	28
1	0	0	28
1	0	0	28
1	0	0	28
1	0	0	28
1	0	0	1
1	0	0	29
1	0	0	29
1	0	0	29
1	0	0	29
1	0	0	30
1	0	0	30
1	0	0	30
1	0	0	30
1	0	0	30
1	0	0	30
1	0	0	30
1	0	0	30
1	0	0	30
1	0	0	30
1	0	0	30
1	0	0	30
1	0	0	30
1	0	0	30
1	0	0	30
1	0	0	30
1	0	0	30
1	0	0	30
1	0	0	30
1	0	0	30
1	0	0	29
1	0	0	29
1	0	0	29
1	0	0	29
1	0	0	29
1	0	0	29
1	0	0	29
1	0	0	29
1	0	0	29
1	0	0	29
1	0	0	29
1	0	0	29
1	0	0	29
1	0	0	29
1	0	0	29
1	0	0	29
1	0	0	4
1	0	0	31
1	0	0	31
1	0	0	31
1	0	0	31
1	0	0	31
1	0	0	31
1	0	0	31
1	0	0	31
1	0	0	31
1	0	0	31
1	0	0	31
1	0	0	31
1	0	0	31
1	0	0	31
1	0	0	31
1	0	0	31
1	0	0	31
1	0	0	31
1	0	0	31
1	0	0	31
1	0	0	32
1	0	0	32
1	0	0	32
1	0	0	32
1	0	0	32
1	0	0	32
1	0	0	32
1	0	0	32
1	0	0	32
1	0	0	32
1	0	0	32
1	0	0	32
1	0	0	32
1	0	0	32
1	0	0	32
1	0	0	32
1	0	0	32
1	0	0	32
1	0	0	32
1	0	0	32
1	0	0	4
1	0	0	33
1	0	0	33
1	0	0	33
1	0	0	33
1	0	0	33
1	0	0	33
1	0	0	33
1	0	0	33
1	0	0	33
1	0	0	33
1	0	0	33
1	0	0	33
1	0	0	33
1	0	0	33
1	0	0	33
1	0	0	33
1	0	0	33
1	0	0	33
1	0	0	33
1	0	0	33
1	0	0	34
1	0	0	34
1	0	0	34
1	0	0	34
1	0	0	34
1	0	0	34
1	0	0	34
1	0	0	34
1	0	0	34
1	0	0	34
1	0	0	34
1	0	0	34
1	0	0	34
1	0	0	34
1	0	0	34
1	0	0	34
1	0	0	34
1	0	0	34
1	0	0	34
1	0	0	34
1	0	0	35
1	0	0	35
1	0	0	35
1	0	0	35
1	0	0	35
1	0	0	35
1	0	0	35
1	0	0	35
1	0	0	35
1	0	0	35
1	0	0	35
1	0	0	35
1	0	0	35
1	0	0	35
1	0	0	35
1	0	0	35
1	0	0	35
1	0	0	35
1	0	0	35
1	0	0	35
1	0	0	36
1	0	0	36
1	0	0	36
1	0	0	36
1	0	0	36
1	0	0	36
1	0	0	36
1	0	0	36
1	0	0	36
1	0	0	36
1	0	0	36
1	0	0	36
1	0	0	36
1	0	0	36
1	0	0	36
1	0	0	36
1	0	0	36
1	0	0	36
1	0	0	36
1	0	0	36
1	0	0	4
1	0	0	4
1	0	0	37
1	0	0	37
1	0	0	37
1	0	0	37
1	0	0	37
1	0	0	37
1	0	0	37
1	0	0	37
1	0	0	37
1	0	0	37
1	0	0	37
1	0	0	37
1	0	0	37
1	0	0	37
1	0	0	37
1	0	0	37
1	0	0	37
1	0	0	37
1	0	0	37
1	0	0	37
1	0	0	38
1	0	0	38
1	0	0	38
1	0	0	38
1	0	0	38
1	0	0	38
1	0	0	38
1	0	0	38
1	0	0	38
1	0	0	38
1	0	0	38
1	0	0	38
1	0	0	38
1	0	0	38
1	0	0	38
1	0	0	38
1	0	0	38
1	0	0	38
1	0	0	38
1	0	0	38
1	0	0	39
1	0	0	39
1	0	0	39
1	0	0	39
1	0	0	39
1	0	0	39
1	0	0	39
1	0	0	39
1	0	0	39
1	0	0	39
1	0	0	39
1	0	0	39
1	0	0	39
1	0	0	39
1	0	0	39
1	0	0	39
1	0	0	39
1	0	0	39
1	0	0	39
1	0	0	39
1	0	0	40
1	0	0	40
1	0	0	40
1	0	0	40
1	0	0	40
1	0	0	40
1	0	0	40
1	0	0	40
1	0	0	40
1	0	0	40
1	0	0	40
1	0	0	40
1	0	0	40
1	0	0	40
1	0	0	40
1	0	0	40
1	0	0	40
1	0	0	40
1	0	0	40
1	0	0	40
1	0	0	41
1	0	0	41
1	0	0	41
1	0	0	41
1	0	0	41
1	0	0	41
1	0	0	41
1	0	0	41
1	0	0	41
1	0	0	41
1	0	0	41
1	0	0	41
1	0	0	41
1	0	0	41
1	0	0	41
1	0	0	41
1	0	0	41
1	0	0	41
1	0	0	41
1	0	0	41
1	0	0	42
1	0	0	42
1	0	0	42
1	0	0	42
1	0	0	42
1	0	0	42
1	0	0	42
1	0	0	42
1	0	0	42
1	0	0	42
1	0	0	42
1	0	0	42
1	0	0	42
1	0	0	42
1	0	0	42
1	0	0	42
1	0	0	42
1	0	0	42
1	0	0	42
1	0	0	42
1	0	0	4
1	0	0	43
1	0	0	43
1	0	0	43
1	0	0	43
1	0	0	43
1	0	0	43
1	0	0	43
1	0	0	43
1	0	0	43
1	0	0	43
1	0	0	43
1	0	0	43
1	0	0	43
1	0	0	43
1	0	0	43
1	0	0	43
1	0	0	43
1	0	0	43
1	0	0	43
1	0	0	43
1	0	0	44
1	0	0	44
1	0	0	44
1	0	0	44
1	0	0	45
1	0	0	46
1	0	0	46
1	0	0	46
1	0	0	46
1	0	0	46
1	0	0	46
1	0	0	46
1	0	0	46
1	0	0	46
1	0	0	46
1	0	0	46
1	0	0	46
1	0	0	46
1	0	0	46
1	0	0	46
1	0	0	46
1	0	0	46
1	0	0	46
1	0	0	46
1	0	0	46
1	0	0	47
1	0	0	47
1	0	0	47
1	0	0	47
1	0	0	47
1	0	0	47
1	0	0	47
1	0	0	47
1	0	0	47
1	0	0	47
1	0	0	47
1	0	0	47
1	0	0	47
1	0	0	47
1	0	0	47
1	0	0	47
1	0	0	47
1	0	0	47
1	0	0	47
1	0	0	47
1	0	0	45
1	0	0	45
1	0	0	45
1	0	0	48
1	0	0	48
1	0	0	48
1	0	0	48
1	0	0	48
1	0	0	48
1	0	0	48
1	0	0	48
1	0	0	48
1	0	0	48
1	0	0	48
1	0	0	48
1	0	0	48
1	0	0	48
1	0	0	48
1	0	0	48
1	0	0	48
1	0	0	48
1	0	0	48
1	0	0	48
1	0	0	45
1	0	0	45
1	0	0	45
1	0	0	45
1	0	0	45
1	0	0	45
1	0	0	49
1	0	0	49
1	0	0	49
1	0	0	49
1	0	0	49
1	0	0	49
1	0	0	49
1	0	0	49
1	0	0	49
1	0	0	49
1	0	0	49
1	0	0	49
1	0	0	49
1	0	0	49
1	0	0	49
1	0	0	49
1	0	0	49
1	0	0	49
1	0	0	49
1	0	0	49
1	0	0	50
1	0	0	50
1	0	0	50
1	0	0	50
1	0	0	50
1	0	0	50
1	0	0	50
1	0	0	50
1	0	0	50
1	0	0	50
1	0	0	50
1	0	0	50
1	0	0	50
1	0	0	50
1	0	0	50
1	0	0	50
1	0	0	50
1	0	0	50
1	0	0	50
1	0	0	50
1	0	0	45
1	0	0	45
1	0	0	51
1	0	0	51
1	0	0	51
1	0	0	51
1	0	0	51
1	0	0	51
1	0	0	51
1	0	0	51
1	0	0	51
1	0	0	51
1	0	0	51
1	0	0	51
1	0	0	51
1	0	0	51
1	0	0	51
1	0	0	51
1	0	0	51
1	0	0	51
1	0	0	51
1	0	0	51
1	0	0	52
1	0	0	52
1	0	0	52
1	0	0	52
1	0	0	52
1	0	0	52
1	0	0	52
1	0	0	52
1	0	0	52
1	0	0	52
1	0	0	52
1	0	0	52
1	0	0	52
1	0	0	52
1	0	0	52
1	0	0	52
1	0	0	52
1	0	0	52
1	0	0	52
1	0	0	52
1	0	0	45
1	0	0	45
1	0	0	45
1	0	0	53
1	0	0	53
1	0	0	53
1	0	0	53
1	0	0	53
1	0	0	53
1	0	0	53
1	0	0	53
1	0	0	53
1	0	0	53
1	0	0	53
1	0	0	53
1	0	0	53
1	0	0	53
1	0	0	53
1	0	0	53
1	0	0	53
1	0	0	53
1	0	0	53
1	0	0	53
1	0	0	54
1	0	0	54
1	0	0	54
1	0	0	54
1	0	0	54
1	0	0	54
1	0	0	54
1	0	0	54
1	0	0	54
1	0	0	54
1	0	0	54
1	0	0	54
1	0	0	54
1	0	0	54
1	0	0	54
1	0	0	54
1	0	0	54
1	0	0	54
1	0	0	54
1	0	0	54
1	0	0	45
1	0	0	45
1	0	0	45
1	0	0	45
1	0	0	45
1	0	0	55
1	0	0	55
1	0	0	55
1	0	0	55
1	0	0	55
1	0	0	55
1	0	0	55
1	0	0	55
1	0	0	55
1	0	0	55
1	0	0	55
1	0	0	55
1	0	0	55
1	0	0	55
1	0	0	55
1	0	0	55
1	0	0	55
1	0	0	55
1	0	0	55
1	0	0	55
1	0	0	3
1	0	0	44
1	0	0	44
1	0	0	3
1	0	0	3
1	0	0	3
1	0	0	56
1	0	0	56
1	0	0	56
1	0	0	56
1	0	0	56
1	0	0	56
1	0	0	56
1	0	0	56
1	0	0	56
1	0	0	56
1	0	0	56
1	0	0	56
1	0	0	56
1	0	0	56
1	0	0	56
1	0	0	56
1	0	0	56
1	0	0	56
1	0	0	56
1	0	0	56
1	0	0	3
1	0	0	3
1	0	0	3
1	0	0	3
1	0	0	3
1	0	0	3
1	0	0	3
1	0	0	3
1	0	0	3
1	0	0	3
1	0	0	3
1	0	0	3
1	0	0	3
1	0	0	3
1	0	0	3
1	0	0	44
1	0	0	44
1	0	0	44
1	0	0	44
1	0	0	44
1	0	0	44
1	0	0	44
1	0	0	57
1	0	0	57
1	0	0	57
1	0	0	57
1	0	0	57
1	0	0	57
1	0	0	57
1	0	0	57
1	0	0	57
1	0	0	57
1	0	0	57
1	0	0	57
1	0	0	57
1	0	0	57
1	0	0	57
1	0	0	57
1	0	0	57
1	0	0	57
1	0	0	57
1	0	0	57
1	0	0	44
1	0	0	44
1	0	0	44
1	0	0	44
1	0	0	44
1	0	0	44
1	0	0	44
0.1	4	3	1
0.1	1141	2	1
0.1	1142	1	1
0.1	8	7	1
0.1	1144	6	1
0.1	10	9	1
0.1	1146	1145	1
0.1	13	12	1
0.1	14	1148	1
0.1	1149	11	1
0.1	1150	1147	1
0.1	1151	5	1
0.1	1152	1143	1
0.1	17	16	1
0.1	1154	15	1
0.1	19	18	1
0.1	1156	1155	1
0.1	1157	1153	1
0.1	21	20	2
0.1	22	1159	2
0.1	24	23	2
0.1	26	25	2
0.1	1162	1161	2
0.1	29	28	2
0.1	30	1164	2
0.1	1165	27	2
0.1	1166	1163	2
0.1	1167	1160	2
0.1	1168	1158	2
0.1	33	32	2
0.1	36	35	2
0.1	1171	34	2
0.1	1172	1170	2
0.1	38	37	2
0.1	39	1174	2
0.1	1175	1173	2
0.1	1176	31	2
0.1	1177	1169	2
0.1	43	42	4
0.1	1179	41	4
0.1	45	44	5
0.1	48	47	5
0.1	1182	46	5
0.1	1183	1181	5
0.1	49	1184	5
0.1	52	51	5
0.1	53	1186	5
0.1	55	54	5
0.1	57	56	5
0.1	59	58	5
0.1	1190	1189	5
0.1	1191	1188	5
0.1	61	60	5
0.1	62	1193	5
0.1	63	1194	5
0.1	1195	1192	5
0.1	1196	1187	5
0.1	1197	50	5
0.1	1198	1185	5
0.1	64	1199	4
0.1	1200	1180	4
0.1	67	66	6
0.1	1202	65	6
0.1	69	68	6
0.1	71	70	6
0.1	1205	1204	6
0.1	1206	1203	6
0.1	73	72	6
0.1	76	75	6
0.1	1209	74	6
0.1	1210	1208	6
0.1	78	77	6
0.1	1212	1211	6
0.1	1213	1207	6
0.1	79	1214	6
0.1	81	80	6
0.1	87	86	7
0.1	1217	85	7
0.1	89	88	7
0.1	1219	1218	7
0.1	1220	84	7
0.1	92	91	7
0.1	94	93	7
0.1	98	97	7
0.1	101	100	7
0.1	103	102	7
0.1	1226	1225	7
0.1	1227	99	7
0.1	1228	1224	7
0.1	1229	96	7
0.1	1230	95	7
0.1	1231	1223	7
0.1	1232	1222	7
0.1	1233	90	7
0.1	1234	1221	7
0.1	1235	83	6
0.1	107	106	8
0.1	1237	105	8
0.1	109	108	8
0.1	111	110	8
0.1	1240	1239	8
0.1	113	112	8
0.1	114	1242	8
0.1	116	115	8
0.1	1244	1243	8
0.1	118	117	8
0.1	1246	1245	8
0.1	122	121	8
0.1	1248	120	8
0.1	1249	119	8
0.1	1250	1247	8
0.1	1251	1241	8
0.1	1252	1238	8
0.1	123	1253	8
0.1	1254	104	8
0.1	1255	1236	6
0.1	127	126	9
0.1	1257	125	9
0.1	128	1258	9
0.1	1259	124	9
0.1	130	129	9
0.1	132	131	9
0.1	1262	1261	9
0.1	1263	1260	9
0.1	136	135	9
0.1	1265	134	9
0.1	138	137	9
0.1	1267	1266	9
0.1	1268	133	9
0.1	140	139	9
0.1	143	142	9
0.1	1271	141	9
0.1	1272	1270	9
0.1	1273	1269	9
0.1	1274	1264	9
0.1	144	1275	6
0.1	1276	1256	6
0.1	1277	82	6
0.1	1278	1216	6
0.1	1279	1215	6
0.1	146	145	10
0.1	149	148	10
0.1	1282	147	10
0.1	151	150	10
0.1	1284	1283	10
0.1	1285	1281	10
0.1	153	152	10
0.1	1287	1286	10
0.1	156	155	10
0.1	157	1289	10
0.1	160	159	10
0.1	161	1291	10
0.1	1292	158	10
0.1	1293	1290	10
0.1	1294	154	10
0.1	163	162	10
0.1	164	1296	10
0.1	1297	1295	10
0.1	1298	1288	10
0.1	1299	1280	6
0.1	1300	1201	4
0.1	166	165	4
0.1	168	167	11
0.1	172	171	11
0.1	174	173	11
0.1	1305	1304	11
0.1	1306	170	11
0.1	175	1307	11
0.1	1308	169	11
0.1	1309	1303	11
0.1	178	177	11
0.1	179	1311	11
0.1	1312	176	11
0.1	181	180	11
0.1	183	182	11
0.1	184	1315	11
0.1	1316	1314	11
0.1	1317	1313	11
0.1	1318	1310	11
0.1	186	185	11
0.1	1320	1319	11
0.1	188	187	4
0.1	1322	1321	4
0.1	1323	1302	4
0.1	191	190	12
0.1	1325	189	12
0.1	192	1326	12
0.1	194	193	12
0.1	197	196	12
0.1	198	1329	12
0.1	1330	195	12
0.1	1331	1328	12
0.1	1332	1327	12
0.1	202	201	12
0.1	1334	200	12
0.1	203	1335	12
0.1	1336	199	12
0.1	207	206	12
0.1	1338	205	12
0.1	1339	204	12
0.1	1340	1337	12
0.1	1341	1333	12
0.1	208	1342	12
0.1	211	210	13
0.1	212	1344	13
0.1	213	1345	13
0.1	215	214	13
0.1	218	217	13
0.1	1348	216	13
0.1	1349	1347	13
0.1	220	219	13
0.1	1351	1350	13
0.1	1352	1346	13
0.1	222	221	13
0.1	224	223	13
0.1	1355	1354	13
0.1	226	225	13
0.1	229	228	13
0.1	1358	227	13
0.1	1359	1357	13
0.1	1360	1356	13
0.1	1361	1353	13
0.1	230	1362	4
0.1	1363	209	4
0.1	232	231	4
0.1	234	233	4
0.1	1366	1365	4
0.1	236	235	14
0.1	237	1368	14
0.1	239	238	14
0.1	240	1370	14
0.1	242	241	14
0.1	1372	1371	14
0.1	244	243	14
0.1	245	1374	14
0.1	249	248	14
0.1	1376	247	14
0.1	251	250	14
0.1	252	1378	14
0.1	1379	1377	14
0.1	254	253	14
0.1	1381	1380	14
0.1	1382	246	14
0.1	1383	1375	14
0.1	1384	1373	14
0.1	1385	1369	14
0.1	1386	1367	4
0.1	1387	1364	4
0.1	1388	1343	4
0.1	259	258	15
0.1	261	260	15
0.1	1391	1390	15
0.1	1392	257	15
0.1	1393	256	15
0.1	1394	255	15
0.1	263	262	15
0.1	264	1396	15
0.1	1397	1395	15
0.1	266	265	15
0.1	1399	1398	15
0.1	271	270	15
0.1	1401	269	15
0.1	1402	268	15
0.1	1403	267	15
0.1	274	273	15
0.1	1405	272	15
0.1	1406	1404	15
0.1	1407	1400	15
0.1	277	276	16
0.1	1409	275	16
0.1	281	280	16
0.1	1411	279	16
0.1	282	1412	16
0.1	285	284	16
0.1	286	1414	16
0.1	1415	283	16
0.1	288	287	16
0.1	292	291	16
0.1	293	1418	16
0.1	1419	290	16
0.1	1420	289	16
0.1	1421	1417	16
0.1	1422	1416	16
0.1	1423	1413	16
0.1	1424	278	16
0.1	294	1425	16
0.1	1426	1410	16
0.1	297	296	17
0.1	1428	295	17
0.1	299	298	17
0.1	1430	1429	17
0.1	301	300	17
0.1	304	303	17
0.1	308	307	17
0.1	1434	306	17
0.1	1435	305	17
0.1	1436	1433	17
0.1	1437	302	17
0.1	1438	1432	17
0.1	311	310	17
0.1	1440	309	17
0.1	314	313	17
0.1	1442	312	17
0.1	1443	1441	17
0.1	1444	1439	17
0.1	1445	1431	17
0.1	1446	1427	19
0.1	316	315	18
0.1	318	317	18
0.1	319	1449	18
0.1	321	320	18
0.1	324	323	18
0.1	325	1452	18
0.1	1453	322	18
0.1	1454	1451	18
0.1	1455	1450	18
0.1	1456	1448	18
0.1	330	329	18
0.1	331	1458	18
0.1	332	1459	18
0.1	1460	328	18
0.1	1461	327	18
0.1	1462	326	18
0.1	334	333	18
0.1	1464	1463	18
0.1	1465	1457	18
0.1	1466	1447	19
0.1	337	336	19
0.1	340	339	19
0.1	1469	338	19
0.1	1470	1468	19
0.1	1471	335	19
0.1	343	342	20
0.1	345	344	20
0.1	346	1474	20
0.1	1475	1473	20
0.1	349	348	20
0.1	1477	347	20
0.1	351	350	20
0.1	1479	1478	20
0.1	352	1480	20
0.1	354	353	20
0.1	1482	1481	20
0.1	1483	1476	20
0.1	356	355	20
0.1	360	359	20
0.1	1486	358	20
0.1	1487	357	20
0.1	1488	1485	20
0.1	1489	1484	20
0.1	1490	341	20
0.1	366	365	21
0.1	1492	364	21
0.1	1493	363	21
0.1	368	367	21
0.1	1495	1494	21
0.1	373	372	21
0.1	1497	371	21
0.1	375	374	21
0.1	1499	1498	21
0.1	1500	370	21
0.1	1501	369	21
0.1	380	379	21
0.1	1503	378	21
0.1	1504	377	21
0.1	382	381	21
0.1	1506	1505	21
0.1	1507	376	21
0.1	1508	1502	21
0.1	1509	1496	21
0.1	1510	362	19
0.1	1511	361	19
0.1	1512	1491	19
0.1	1513	1472	19
0.1	1514	1467	19
0.1	1515	1408	19
0.1	386	385	22
0.1	393	392	22
0.1	394	1518	22
0.1	1519	391	22
0.1	1520	390	22
0.1	1521	389	22
0.1	1522	388	22
0.1	1523	387	22
0.1	396	395	22
0.1	400	399	22
0.1	1526	398	22
0.1	402	401	22
0.1	403	1528	22
0.1	1529	1527	22
0.1	1530	397	22
0.1	1531	1525	22
0.1	404	1532	22
0.1	1533	1524	22
0.1	1534	1517	22
0.1	1535	384	19
0.1	406	405	19
0.1	1537	1536	19
0.1	1538	383	19
0.1	409	408	23
0.1	411	410	23
0.1	413	412	23
0.1	414	1542	23
0.1	415	1543	23
0.1	1544	1541	23
0.1	418	417	23
0.1	1546	416	23
0.1	1547	1545	23
0.1	1548	1540	23
0.1	420	419	23
0.1	422	421	23
0.1	1551	1550	23
0.1	427	426	23
0.1	1553	425	23
0.1	1554	424	23
0.1	1555	423	23
0.1	1556	1552	23
0.1	1557	1549	23
0.1	1558	407	19
0.1	1559	1539	19
0.1	430	429	19
0.1	431	1561	19
0.1	1562	428	19
0.1	1563	1560	19
0.1	1564	1516	19
0.1	434	433	19
0.1	1566	432	19
0.1	437	436	24
0.1	439	438	24
0.1	1569	1568	24
0.1	1570	435	24
0.1	443	442	24
0.1	1572	441	24
0.1	445	444	24
0.1	446	1574	24
0.1	1575	1573	24
0.1	1576	440	24
0.1	1577	1571	24
0.1	448	447	24
0.1	451	450	24
0.1	453	452	24
0.1	1581	1580	24
0.1	1582	449	24
0.1	454	1583	24
0.1	1584	1579	24
0.1	1585	1578	24
0.1	456	455	25
0.1	457	1587	25
0.1	459	458	25
0.1	462	461	25
0.1	1590	460	25
0.1	1591	1589	25
0.1	1592	1588	25
0.1	464	463	25
0.1	465	1594	25
0.1	467	466	25
0.1	469	468	25
0.1	1597	1596	25
0.1	1598	1595	25
0.1	1599	1593	25
0.1	474	473	25
0.1	1601	472	25
0.1	1602	471	25
0.1	1603	470	25
0.1	1604	1600	25
0.1	1605	1586	24
0.1	1606	1567	19
0.1	478	477	26
0.1	1608	476	26
0.1	481	480	26
0.1	1610	479	26
0.1	1611	1609	26
0.1	1612	475	26
0.1	483	482	26
0.1	484	1614	26
0.1	487	486	26
0.1	1616	485	26
0.1	1617	1615	26
0.1	489	488	26
0.1	490	1619	26
0.1	1620	1618	26
0.1	493	492	26
0.1	1622	491	26
0.1	494	1623	26
0.1	1624	1621	26
0.1	1625	1613	26
0.1	1626	1607	19
0.1	1627	1565	19
0.1	498	497	27
0.1	1629	496	27
0.1	1630	495	27
0.1	500	499	27
0.1	505	504	27
0.1	1633	503	27
0.1	1634	502	27
0.1	1635	501	27
0.1	507	506	27
0.1	1637	1636	27
0.1	509	508	27
0.1	510	1639	27
0.1	1640	1638	27
0.1	514	513	27
0.1	1642	512	27
0.1	1643	511	27
0.1	1644	1641	27
0.1	1645	1632	27
0.1	1646	1631	27
0.1	1647	1628	27
0.1	1648	1389	4
0.1	1649	1324	4
0.1	519	518	28
0.1	1651	517	28
0.1	520	1652	28
0.1	1653	516	28
0.1	524	523	28
0.1	527	526	28
0.1	529	528	28
0.1	1657	1656	28
0.1	1658	525	28
0.1	1659	1655	28
0.1	531	530	28
0.1	532	1661	28
0.1	534	533	28
0.1	1663	1662	28
0.1	1664	1660	28
0.1	1665	522	28
0.1	535	1666	28
0.1	1667	521	28
0.1	1668	1654	28
0.1	1669	515	4
0.1	1670	1650	4
0.1	1671	1301	4
0.1	1672	40	4
0.1	1673	1178	4
0.1	536	1674	4
0.1	538	537	29
0.1	540	539	29
0.1	542	541	30
0.1	543	1678	30
0.1	545	544	30
0.1	1680	1679	30
0.1	548	547	30
0.1	1682	546	30
0.1	550	549	30
0.1	552	551	30
0.1	1685	1684	30
0.1	1686	1683	30
0.1	553	1687	30
0.1	555	554	30
0.1	1689	1688	30
0.1	1690	1681	30
0.1	560	559	30
0.1	1692	558	30
0.1	1693	557	30
0.1	1694	556	30
0.1	1695	1691	30
0.1	561	1696	29
0.1	563	562	29
0.1	1698	1697	29
0.1	1699	1677	29
0.1	1700	1676	29
0.1	565	564	29
0.1	566	1702	29
0.1	569	568	29
0.1	1704	567	29
0.1	1705	1703	29
0.1	570	1706	29
0.1	1707	1701	29
0.1	572	571	29
0.1	573	1709	29
0.1	575	574	29
0.1	576	1711	29
0.1	1712	1710	29
0.1	1713	1708	29
0.1	579	578	31
0.1	580	1715	31
0.1	582	581	31
0.1	584	583	31
0.1	1718	1717	31
0.1	585	1719	31
0.1	1720	1716	31
0.1	589	588	31
0.1	590	1722	31
0.1	591	1723	31
0.1	1724	587	31
0.1	1725	586	31
0.1	1726	1721	31
0.1	594	593	31
0.1	1728	592	31
0.1	597	596	31
0.1	1730	595	31
0.1	1731	1729	31
0.1	1732	1727	31
0.1	1733	577	4
0.1	600	599	32
0.1	1735	598	32
0.1	601	1736	32
0.1	602	1737	32
0.1	604	603	32
0.1	605	1739	32
0.1	607	606	32
0.1	608	1741	32
0.1	1742	1740	32
0.1	610	609	32
0.1	612	611	32
0.1	1745	1744	32
0.1	1746	1743	32
0.1	1747	1738	32
0.1	614	613	32
0.1	1749	1748	32
0.1	617	616	32
0.1	1751	615	32
0.1	1752	1750	32
0.1	620	619	33
0.1	622	621	33
0.1	624	623	33
0.1	1756	1755	33
0.1	625	1757	33
0.1	1758	1754	33
0.1	629	628	33
0.1	1760	627	33
0.1	631	630	33
0.1	1762	1761	33
0.1	1763	626	33
0.1	1764	1759	33
0.1	633	632	33
0.1	635	634	33
0.1	636	1767	33
0.1	1768	1766	33
0.1	1769	1765	33
0.1	638	637	33
0.1	1771	1770	33
0.1	642	641	34
0.1	1773	640	34
0.1	645	644	34
0.1	647	646	34
0.1	648	1776	34
0.1	1777	1775	34
0.1	1778	643	34
0.1	1779	1774	34
0.1	1780	639	34
0.1	650	649	34
0.1	1782	1781	34
0.1	653	652	34
0.1	1784	651	34
0.1	655	654	34
0.1	1786	1785	34
0.1	657	656	34
0.1	1788	1787	34
0.1	658	1789	34
0.1	1790	1783	34
0.1	1791	1772	34
0.1	1792	618	4
0.1	1793	1753	4
0.1	1794	1734	4
0.1	660	659	35
0.1	664	663	35
0.1	1797	662	35
0.1	1798	661	35
0.1	665	1799	35
0.1	1800	1796	35
0.1	666	1801	35
0.1	668	667	35
0.1	670	669	35
0.1	1804	1803	35
0.1	672	671	35
0.1	1806	1805	35
0.1	674	673	35
0.1	676	675	35
0.1	1809	1808	35
0.1	678	677	35
0.1	1811	1810	35
0.1	1812	1807	35
0.1	1813	1802	35
0.1	682	681	36
0.1	1815	680	36
0.1	1816	679	36
0.1	685	684	36
0.1	1818	683	36
0.1	688	687	36
0.1	1820	686	36
0.1	692	691	36
0.1	1822	690	36
0.1	1823	689	36
0.1	1824	1821	36
0.1	1825	1819	36
0.1	1826	1817	36
0.1	694	693	36
0.1	695	1828	36
0.1	697	696	36
0.1	1830	1829	36
0.1	698	1831	36
0.1	1832	1827	36
0.1	700	699	4
0.1	703	702	37
0.1	704	1835	37
0.1	706	705	37
0.1	708	707	37
0.1	710	709	37
0.1	1839	1838	37
0.1	1840	1837	37
0.1	1841	1836	37
0.1	713	712	37
0.1	1843	711	37
0.1	715	714	37
0.1	1845	1844	37
0.1	719	718	37
0.1	720	1847	37
0.1	1848	717	37
0.1	1849	716	37
0.1	1850	1846	37
0.1	1851	1842	37
0.1	1852	701	37
0.1	1853	1834	4
0.1	1854	1833	4
0.1	1855	1814	4
0.1	725	724	38
0.1	1857	723	38
0.1	1858	722	38
0.1	1859	721	38
0.1	727	726	38
0.1	728	1861	38
0.1	729	1862	38
0.1	732	731	38
0.1	734	733	38
0.1	1865	1864	38
0.1	1866	730	38
0.1	736	735	38
0.1	1868	1867	38
0.1	740	739	38
0.1	1870	738	38
0.1	1871	737	38
0.1	1872	1869	38
0.1	1873	1863	38
0.1	1874	1860	38
0.1	742	741	39
0.1	746	745	39
0.1	1877	744	39
0.1	1878	743	39
0.1	1879	1876	39
0.1	749	748	39
0.1	752	751	39
0.1	1882	750	39
0.1	754	753	39
0.1	1884	1883	39
0.1	1885	1881	39
0.1	757	756	39
0.1	1887	755	39
0.1	759	758	39
0.1	1889	1888	39
0.1	760	1890	39
0.1	1891	1886	39
0.1	1892	747	39
0.1	1893	1880	39
0.1	1894	1875	38
0.1	762	761	40
0.1	767	766	40
0.1	1897	765	40
0.1	1898	764	40
0.1	768	1899	40
0.1	1900	763	40
0.1	1901	1896	40
0.1	774	773	40
0.1	775	1903	40
0.1	1904	772	40
0.1	777	776	40
0.1	1906	1905	40
0.1	1907	771	40
0.1	1908	770	40
0.1	1909	769	40
0.1	780	779	40
0.1	1911	778	40
0.1	1912	1910	40
0.1	1913	1902	40
0.1	783	782	41
0.1	1915	781	41
0.1	786	785	41
0.1	1917	784	41
0.1	1918	1916	41
0.1	787	1919	41
0.1	795	794	41
0.1	1921	793	41
0.1	1922	792	41
0.1	1923	791	41
0.1	1924	790	41
0.1	1925	789	41
0.1	1926	788	41
0.1	1927	1920	41
0.1	798	797	41
0.1	799	1929	41
0.1	800	1930	41
0.1	1931	796	41
0.1	1932	1928	41
0.1	1933	1914	38
0.1	1934	1895	38
0.1	1935	1856	4
0.1	803	802	42
0.1	804	1937	42
0.1	805	1938	42
0.1	1939	801	42
0.1	806	1940	42
0.1	808	807	42
0.1	810	809	42
0.1	814	813	42
0.1	1944	812	42
0.1	815	1945	42
0.1	1946	811	42
0.1	816	1947	42
0.1	819	818	42
0.1	1949	817	42
0.1	1950	1948	42
0.1	1951	1943	42
0.1	1952	1942	42
0.1	820	1953	42
0.1	1954	1941	42
0.1	824	823	43
0.1	1956	822	43
0.1	825	1957	43
0.1	828	827	43
0.1	830	829	43
0.1	832	831	43
0.1	1961	1960	43
0.1	1962	1959	43
0.1	1963	826	43
0.1	1964	1958	43
0.1	834	833	43
0.1	1966	1965	43
0.1	837	836	43
0.1	840	839	43
0.1	841	1969	43
0.1	1970	838	43
0.1	1971	1968	43
0.1	1972	835	43
0.1	1973	1967	43
0.1	1974	821	4
0.1	1975	1955	4
0.1	1976	1936	4
0.1	1977	1795	4
0.1	1978	1714	4
0.1	844	843	44
0.1	1980	842	44
0.1	850	849	46
0.1	852	851	46
0.1	1983	1982	46
0.1	853	1984	46
0.1	1985	848	46
0.1	855	854	46
0.1	856	1987	46
0.1	1988	1986	46
0.1	859	858	46
0.1	1990	857	46
0.1	1991	1989	46
0.1	1992	847	46
0.1	861	860	46
0.1	862	1994	46
0.1	866	865	46
0.1	1996	864	46
0.1	1997	863	46
0.1	1998	1995	46
0.1	1999	1993	46
0.1	870	869	47
0.1	2001	868	47
0.1	2002	867	47
0.1	872	871	47
0.1	2004	2003	47
0.1	873	2005	47
0.1	876	875	47
0.1	2007	874	47
0.1	879	878	47
0.1	882	881	47
0.1	2010	880	47
0.1	2011	2009	47
0.1	884	883	47
0.1	885	2013	47
0.1	886	2014	47
0.1	2015	2012	47
0.1	2016	877	47
0.1	2017	2008	47
0.1	2018	2006	47
0.1	2019	2000	47
0.1	2020	846	45
0.1	888	887	45
0.1	889	2022	45
0.1	893	892	48
0.1	2024	891	48
0.1	894	2025	48
0.1	896	895	48
0.1	2027	2026	48
0.1	898	897	48
0.1	901	900	48
0.1	2030	899	48
0.1	2031	2029	48
0.1	2032	2028	48
0.1	902	2033	48
0.1	904	903	48
0.1	905	2035	48
0.1	906	2036	48
0.1	909	908	48
0.1	2038	907	48
0.1	2039	2037	48
0.1	2040	2034	48
0.1	2041	890	48
0.1	911	910	45
0.1	2043	2042	45
0.1	912	2044	45
0.1	2045	2023	45
0.1	913	2046	45
0.1	915	914	45
0.1	918	917	49
0.1	2049	916	49
0.1	919	2050	49
0.1	924	923	49
0.1	2052	922	49
0.1	2053	921	49
0.1	925	2054	49
0.1	2055	920	49
0.1	928	927	49
0.1	2057	926	49
0.1	2058	2056	49
0.1	931	930	49
0.1	932	2060	49
0.1	2061	929	49
0.1	933	2062	49
0.1	935	934	49
0.1	2064	2063	49
0.1	2065	2059	49
0.1	2066	2051	49
0.1	939	938	50
0.1	2068	937	50
0.1	941	940	50
0.1	944	943	50
0.1	2071	942	50
0.1	946	945	50
0.1	949	948	50
0.1	2074	947	50
0.1	2075	2073	50
0.1	953	952	50
0.1	2077	951	50
0.1	2078	950	50
0.1	954	2079	50
0.1	955	2080	50
0.1	2081	2076	50
0.1	2082	2072	50
0.1	2083	2070	50
0.1	2084	2069	50
0.1	2085	936	50
0.1	2086	2067	50
0.1	956	2087	45
0.1	2088	2048	45
0.1	961	960	51
0.1	962	2090	51
0.1	2091	959	51
0.1	966	965	51
0.1	2093	964	51
0.1	2094	963	51
0.1	968	967	51
0.1	969	2096	51
0.1	2097	2095	51
0.1	972	971	51
0.1	974	973	51
0.1	2100	2099	51
0.1	2101	970	51
0.1	2102	2098	51
0.1	977	976	51
0.1	2104	975	51
0.1	2105	2103	51
0.1	2106	2092	51
0.1	2107	958	51
0.1	980	979	52
0.1	984	983	52
0.1	986	985	52
0.1	2111	2110	52
0.1	2112	982	52
0.1	2113	981	52
0.1	987	2114	52
0.1	2115	2109	52
0.1	989	988	52
0.1	993	992	52
0.1	994	2118	52
0.1	2119	991	52
0.1	2120	990	52
0.1	2121	2117	52
0.1	997	996	52
0.1	2123	995	52
0.1	2124	2122	52
0.1	2125	2116	52
0.1	2126	978	52
0.1	2127	2108	52
0.1	2128	957	45
0.1	2129	2089	45
0.1	2130	2047	45
0.1	2131	2021	45
0.1	999	998	45
0.1	2133	2132	45
0.1	1003	1002	53
0.1	2135	1001	53
0.1	1004	2136	53
0.1	1007	1006	53
0.1	1008	2138	53
0.1	1011	1010	53
0.1	2140	1009	53
0.1	2141	2139	53
0.1	2142	1005	53
0.1	2143	2137	53
0.1	1014	1013	53
0.1	2145	1012	53
0.1	1015	2146	53
0.1	1017	1016	53
0.1	2148	2147	53
0.1	1018	2149	53
0.1	1020	1019	53
0.1	2151	2150	53
0.1	2152	2144	53
0.1	1026	1025	54
0.1	2154	1024	54
0.1	2155	1023	54
0.1	1030	1029	54
0.1	2157	1028	54
0.1	2158	1027	54
0.1	1033	1032	54
0.1	2160	1031	54
0.1	2161	2159	54
0.1	1037	1036	54
0.1	2163	1035	54
0.1	1039	1038	54
0.1	2165	2164	54
0.1	1040	2166	54
0.1	2167	1034	54
0.1	2168	2162	54
0.1	2169	2156	54
0.1	2170	1022	54
0.1	2171	1021	54
0.1	2172	2153	45
0.1	2173	1000	45
0.1	2174	2134	45
0.1	1042	1041	45
0.1	1044	1043	45
0.1	1045	2177	45
0.1	2178	2176	45
0.1	2179	2175	45
0.1	1048	1047	55
0.1	2181	1046	55
0.1	1050	1049	55
0.1	1052	1051	55
0.1	2184	2183	55
0.1	1054	1053	55
0.1	1056	1055	55
0.1	2187	2186	55
0.1	1060	1059	55
0.1	1061	2189	55
0.1	2190	1058	55
0.1	2191	1057	55
0.1	1062	2192	55
0.1	1064	1063	55
0.1	1065	2194	55
0.1	2195	2193	55
0.1	2196	2188	55
0.1	2197	2185	55
0.1	2198	2182	55
0.1	2199	2180	45
0.1	2200	845	44
0.1	2201	1981	44
0.1	1068	1067	44
0.1	2203	1066	44
0.1	1071	1070	3
0.1	1074	1073	56
0.1	1076	1075	56
0.1	1078	1077	56
0.1	2208	2207	56
0.1	2209	2206	56
0.1	1081	1080	56
0.1	1082	2211	56
0.1	2212	1079	56
0.1	1084	1083	56
0.1	1086	1085	56
0.1	2215	2214	56
0.1	1089	1088	56
0.1	2217	1087	56
0.1	2218	2216	56
0.1	1091	1090	56
0.1	2220	2219	56
0.1	2221	2213	56
0.1	2222	2210	56
0.1	2223	1072	56
0.1	1093	1092	3
0.1	1095	1094	3
0.1	2226	2225	3
0.1	1097	1096	3
0.1	2228	2227	3
0.1	1098	2229	3
0.1	2230	2224	3
0.1	2231	2205	3
0.1	2232	1069	3
0.1	1100	1099	3
0.1	1101	2234	3
0.1	1104	1103	3
0.1	2236	1102	3
0.1	2237	2235	3
0.1	1105	2238	3
0.1	1106	2239	3
0.1	2240	2233	3
0.1	2241	2204	44
0.1	2242	2202	44
0.1	1108	1107	44
0.1	1111	1110	44
0.1	2245	1109	44
0.1	2246	2244	44
0.1	1116	1115	57
0.1	1118	1117	57
0.1	1119	2249	57
0.1	2250	2248	57
0.1	2251	1114	57
0.1	1121	1120	57
0.1	1124	1123	57
0.1	2254	1122	57
0.1	2255	2253	57
0.1	1127	1126	57
0.1	1128	2257	57
0.1	2258	1125	57
0.1	1130	1129	57
0.1	2260	2259	57
0.1	2261	2256	57
0.1	1132	1131	57
0.1	2263	2262	57
0.1	2264	2252	57
0.1	1133	2265	57
0.1	1134	2266	44
0.1	2267	1113	44
0.1	1137	1136	44
0.1	2269	1135	44
0.1	1139	1138	44
0.1	1140	2271	44
0.1	2272	2270	44
0.1	2273	2268	44
0.1	2274	1112	44
0.1	2275	2247	44
0.1	2276	2243	44
0.1	2277	1979	4
0.1	2278	1675	4
