1	0	0	1
1	0	0	1
1	0	0	1
1	0	0	1
1	0	0	2
1	0	0	3
1	0	0	3
1	0	0	3
1	0	0	3
1	0	0	3
1	0	0	3
1	0	0	3
1	0	0	3
1	0	0	3
1	0	0	3
1	0	0	2
1	0	0	2
1	0	0	2
1	0	0	2
1	0	0	2
1	0	0	2
1	0	0	2
1	0	0	4
1	0	0	4
1	0	0	4
1	0	0	4
1	0	0	4
1	0	0	4
1	0	0	4
1	0	0	4
1	0	0	4
1	0	0	4
1	0	0	5
1	0	0	5
1	0	0	5
1	0	0	5
1	0	0	5
1	0	0	5
1	0	0	5
1	0	0	5
1	0	0	5
1	0	0	5
1	0	0	2
1	0	0	2
1	0	0	1
1	0	0	1
1	0	0	1
1	0	0	1
1	0	0	1
1	0	0	6
1	0	0	6
1	0	0	6
1	0	0	6
1	0	0	6
1	0	0	6
1	0	0	6
1	0	0	6
1	0	0	6
1	0	0	6
1	0	0	7
1	0	0	7
1	0	0	7
1	0	0	7
1	0	0	7
1	0	0	7
1	0	0	7
1	0	0	7
1	0	0	7
1	0	0	7
1	0	0	1
1	0	0	8
1	0	0	8
1	0	0	8
1	0	0	9
1	0	0	9
1	0	0	9
1	0	0	10
1	0	0	10
1	0	0	10
1	0	0	10
1	0	0	10
1	0	0	10
1	0	0	10
1	0	0	10
1	0	0	10
1	0	0	10
1	0	0	11
1	0	0	11
1	0	0	11
1	0	0	11
1	0	0	11
1	0	0	11
1	0	0	11
1	0	0	11
1	0	0	11
1	0	0	11
1	0	0	12
1	0	0	12
1	0	0	12
1	0	0	13
1	0	0	13
1	0	0	13
1	0	0	13
1	0	0	13
1	0	0	13
1	0	0	13
1	0	0	13
1	0	0	13
1	0	0	13
1	0	0	12
1	0	0	12
1	0	0	12
1	0	0	12
1	0	0	12
1	0	0	12
1	0	0	12
1	0	0	14
1	0	0	14
1	0	0	14
1	0	0	14
1	0	0	14
1	0	0	14
1	0	0	14
1	0	0	14
1	0	0	14
1	0	0	14
1	0	0	15
1	0	0	15
1	0	0	15
1	0	0	15
1	0	0	15
1	0	0	15
1	0	0	15
1	0	0	15
1	0	0	15
1	0	0	15
1	0	0	16
1	0	0	17
1	0	0	17
1	0	0	17
1	0	0	17
1	0	0	17
1	0	0	18
1	0	0	18
1	0	0	18
1	0	0	18
1	0	0	18
1	0	0	18
1	0	0	18
1	0	0	18
1	0	0	18
1	0	0	18
1	0	0	17
1	0	0	17
1	0	0	17
1	0	0	17
1	0	0	17
1	0	0	16
1	0	0	16
1	0	0	16
1	0	0	16
1	0	0	16
1	0	0	16
1	0	0	16
1	0	0	16
1	0	0	16
1	0	0	19
1	0	0	19
1	0	0	19
1	0	0	19
1	0	0	19
1	0	0	19
1	0	0	19
1	0	0	19
1	0	0	19
1	0	0	19
1	0	0	20
1	0	0	20
1	0	0	20
1	0	0	20
1	0	0	20
1	0	0	20
1	0	0	20
1	0	0	21
1	0	0	21
1	0	0	21
1	0	0	21
1	0	0	21
1	0	0	21
1	0	0	21
1	0	0	21
1	0	0	21
1	0	0	21
1	0	0	20
1	0	0	20
1	0	0	20
1	0	0	9
1	0	0	9
1	0	0	9
1	0	0	9
1	0	0	9
1	0	0	9
1	0	0	9
1	0	0	8
1	0	0	8
1	0	0	8
1	0	0	8
1	0	0	8
1	0	0	8
1	0	0	8
1	0	0	22
1	0	0	22
1	0	0	22
1	0	0	23
1	0	0	23
1	0	0	23
1	0	0	23
1	0	0	23
1	0	0	23
1	0	0	23
1	0	0	23
1	0	0	23
1	0	0	23
1	0	0	22
1	0	0	22
1	0	0	22
1	0	0	22
1	0	0	22
1	0	0	22
1	0	0	22
1	0	0	24
1	0	0	24
1	0	0	24
1	0	0	24
1	0	0	24
1	0	0	24
1	0	0	24
1	0	0	24
1	0	0	24
1	0	0	24
1	0	0	25
1	0	0	25
1	0	0	25
1	0	0	25
1	0	0	25
1	0	0	25
1	0	0	25
1	0	0	25
1	0	0	25
1	0	0	25
1	0	0	26
1	0	0	26
1	0	0	26
1	0	0	26
1	0	0	27
1	0	0	27
1	0	0	27
1	0	0	27
1	0	0	27
1	0	0	27
1	0	0	27
1	0	0	27
1	0	0	27
1	0	0	27
1	0	0	26
1	0	0	26
1	0	0	26
1	0	0	26
1	0	0	26
1	0	0	28
1	0	0	28
1	0	0	28
1	0	0	28
1	0	0	28
1	0	0	28
1	0	0	28
1	0	0	28
1	0	0	28
1	0	0	28
1	0	0	29
1	0	0	29
1	0	0	29
1	0	0	29
1	0	0	29
1	0	0	29
1	0	0	29
1	0	0	29
1	0	0	29
1	0	0	29
1	0	0	30
1	0	0	30
1	0	0	30
1	0	0	30
1	0	0	30
1	0	0	30
1	0	0	31
1	0	0	31
1	0	0	31
1	0	0	31
1	0	0	31
1	0	0	31
1	0	0	31
1	0	0	31
1	0	0	31
1	0	0	31
1	0	0	30
1	0	0	30
1	0	0	32
1	0	0	32
1	0	0	32
1	0	0	32
1	0	0	32
1	0	0	32
1	0	0	32
1	0	0	32
1	0	0	32
1	0	0	32
1	0	0	30
1	0	0	30
1	0	0	26
1	0	0	33
1	0	0	33
1	0	0	33
1	0	0	34
1	0	0	34
1	0	0	34
1	0	0	34
1	0	0	35
1	0	0	36
1	0	0	36
1	0	0	36
1	0	0	36
1	0	0	36
1	0	0	36
1	0	0	36
1	0	0	36
1	0	0	36
1	0	0	36
1	0	0	35
1	0	0	35
1	0	0	37
1	0	0	37
1	0	0	37
1	0	0	37
1	0	0	37
1	0	0	37
1	0	0	37
1	0	0	37
1	0	0	37
1	0	0	37
1	0	0	35
1	0	0	35
1	0	0	35
1	0	0	35
1	0	0	35
1	0	0	35
1	0	0	35
1	0	0	38
1	0	0	38
1	0	0	38
1	0	0	38
1	0	0	38
1	0	0	38
1	0	0	38
1	0	0	38
1	0	0	38
1	0	0	38
1	0	0	39
1	0	0	39
1	0	0	39
1	0	0	39
1	0	0	39
1	0	0	39
1	0	0	39
1	0	0	39
1	0	0	39
1	0	0	39
1	0	0	34
1	0	0	34
1	0	0	34
1	0	0	34
1	0	0	34
1	0	0	34
1	0	0	33
1	0	0	40
1	0	0	40
1	0	0	40
1	0	0	40
1	0	0	40
1	0	0	40
1	0	0	40
1	0	0	40
1	0	0	40
1	0	0	40
1	0	0	33
1	0	0	33
1	0	0	33
1	0	0	33
1	0	0	33
1	0	0	33
0.1	4	3	1
0.1	401	2	1
0.1	402	1	1
0.1	8	7	3
0.1	404	6	3
0.1	12	11	3
0.1	406	10	3
0.1	13	407	3
0.1	408	9	3
0.1	15	14	3
0.1	410	409	3
0.1	411	405	3
0.1	412	5	2
0.1	18	17	2
0.1	414	16	2
0.1	20	19	2
0.1	416	415	2
0.1	22	21	2
0.1	418	417	2
0.1	25	24	4
0.1	29	28	4
0.1	421	27	4
0.1	422	26	4
0.1	423	420	4
0.1	32	31	4
0.1	425	30	4
0.1	426	424	4
0.1	427	23	4
0.1	34	33	5
0.1	37	36	5
0.1	38	430	5
0.1	431	35	5
0.1	432	429	5
0.1	42	41	5
0.1	434	40	5
0.1	435	39	5
0.1	436	433	5
0.1	43	437	2
0.1	44	438	2
0.1	439	428	2
0.1	440	419	2
0.1	441	413	2
0.1	47	46	1
0.1	443	45	1
0.1	48	444	1
0.1	445	442	1
0.1	51	50	6
0.1	53	52	6
0.1	56	55	6
0.1	449	54	6
0.1	450	448	6
0.1	58	57	6
0.1	452	451	6
0.1	59	453	6
0.1	454	447	6
0.1	63	62	7
0.1	456	61	7
0.1	457	60	7
0.1	66	65	7
0.1	459	64	7
0.1	68	67	7
0.1	69	461	7
0.1	462	460	7
0.1	463	458	7
0.1	464	455	1
0.1	70	465	1
0.1	466	49	1
0.1	467	446	1
0.1	468	403	1
0.1	72	71	8
0.1	73	470	8
0.1	75	74	9
0.1	80	79	10
0.1	473	78	10
0.1	81	474	10
0.1	84	83	10
0.1	476	82	10
0.1	477	475	10
0.1	478	77	10
0.1	86	85	10
0.1	480	479	10
0.1	89	88	11
0.1	91	90	11
0.1	483	482	11
0.1	95	94	11
0.1	485	93	11
0.1	96	486	11
0.1	487	92	11
0.1	488	484	11
0.1	489	87	11
0.1	99	98	12
0.1	102	101	13
0.1	492	100	13
0.1	103	493	13
0.1	106	105	13
0.1	107	495	13
0.1	496	104	13
0.1	109	108	13
0.1	498	497	13
0.1	499	494	13
0.1	500	491	12
0.1	501	97	12
0.1	113	112	12
0.1	503	111	12
0.1	504	110	12
0.1	505	502	12
0.1	116	115	12
0.1	507	114	12
0.1	508	506	12
0.1	509	490	11
0.1	510	481	14
0.1	119	118	14
0.1	121	120	14
0.1	123	122	14
0.1	124	514	14
0.1	515	513	14
0.1	516	512	14
0.1	517	117	14
0.1	126	125	14
0.1	129	128	15
0.1	130	520	15
0.1	133	132	15
0.1	134	522	15
0.1	523	131	15
0.1	136	135	15
0.1	525	524	15
0.1	526	521	15
0.1	527	127	15
0.1	528	519	14
0.1	529	518	14
0.1	530	511	14
0.1	137	531	16
0.1	141	140	17
0.1	144	143	18
0.1	147	146	18
0.1	535	145	18
0.1	149	148	18
0.1	537	536	18
0.1	152	151	18
0.1	539	150	18
0.1	540	538	18
0.1	541	534	18
0.1	542	142	17
0.1	543	533	17
0.1	544	139	17
0.1	545	138	17
0.1	154	153	17
0.1	157	156	17
0.1	548	155	17
0.1	549	547	17
0.1	550	546	17
0.1	551	532	16
0.1	160	159	16
0.1	162	161	16
0.1	554	553	16
0.1	555	158	16
0.1	556	552	16
0.1	165	164	16
0.1	166	558	16
0.1	559	163	16
0.1	560	557	16
0.1	172	171	19
0.1	562	170	19
0.1	174	173	19
0.1	564	563	19
0.1	565	169	19
0.1	176	175	19
0.1	567	566	19
0.1	568	168	19
0.1	569	167	19
0.1	178	177	20
0.1	180	179	20
0.1	572	571	20
0.1	183	182	20
0.1	574	181	20
0.1	185	184	21
0.1	188	187	21
0.1	189	577	21
0.1	578	186	21
0.1	579	576	21
0.1	191	190	21
0.1	193	192	21
0.1	582	581	21
0.1	583	580	21
0.1	584	575	20
0.1	585	573	20
0.1	195	194	20
0.1	196	587	20
0.1	588	586	20
0.1	589	570	19
0.1	590	561	9
0.1	199	198	9
0.1	592	197	9
0.1	593	591	9
0.1	594	76	9
0.1	201	200	9
0.1	596	595	9
0.1	597	472	9
0.1	203	202	9
0.1	599	598	9
0.1	600	471	8
0.1	205	204	8
0.1	207	206	8
0.1	208	603	8
0.1	604	602	8
0.1	210	209	8
0.1	606	605	8
0.1	215	214	23
0.1	218	217	23
0.1	609	216	23
0.1	221	220	23
0.1	223	222	23
0.1	612	611	23
0.1	613	219	23
0.1	614	610	23
0.1	615	608	23
0.1	224	616	22
0.1	617	213	22
0.1	226	225	22
0.1	228	227	22
0.1	230	229	22
0.1	621	620	22
0.1	622	619	22
0.1	623	618	22
0.1	624	212	22
0.1	625	211	22
0.1	626	607	8
0.1	627	601	8
0.1	628	469	1
0.1	233	232	24
0.1	235	234	24
0.1	236	631	24
0.1	632	630	24
0.1	239	238	24
0.1	634	237	24
0.1	635	633	24
0.1	636	231	24
0.1	240	637	24
0.1	243	242	25
0.1	244	639	25
0.1	246	245	25
0.1	641	640	25
0.1	642	241	25
0.1	249	248	25
0.1	644	247	25
0.1	645	643	25
0.1	250	646	25
0.1	252	251	26
0.1	256	255	27
0.1	260	259	27
0.1	650	258	27
0.1	651	257	27
0.1	652	649	27
0.1	262	261	27
0.1	264	263	27
0.1	655	654	27
0.1	656	653	27
0.1	657	254	26
0.1	658	253	26
0.1	267	266	26
0.1	660	265	26
0.1	661	659	26
0.1	662	648	26
0.1	269	268	26
0.1	273	272	28
0.1	665	271	28
0.1	276	275	28
0.1	667	274	28
0.1	277	668	28
0.1	669	666	28
0.1	279	278	28
0.1	671	670	28
0.1	672	270	28
0.1	281	280	29
0.1	283	282	29
0.1	675	674	29
0.1	286	285	29
0.1	677	284	29
0.1	678	676	29
0.1	287	679	29
0.1	289	288	29
0.1	681	680	29
0.1	290	682	30
0.1	291	683	30
0.1	293	292	30
0.1	685	684	30
0.1	295	294	30
0.1	298	297	31
0.1	688	296	31
0.1	300	299	31
0.1	303	302	31
0.1	691	301	31
0.1	692	690	31
0.1	305	304	31
0.1	694	693	31
0.1	695	689	31
0.1	307	306	30
0.1	310	309	32
0.1	312	311	32
0.1	699	698	32
0.1	314	313	32
0.1	701	700	32
0.1	702	308	32
0.1	317	316	32
0.1	704	315	32
0.1	705	703	32
0.1	318	706	30
0.1	319	707	30
0.1	708	697	30
0.1	709	696	30
0.1	710	687	30
0.1	711	686	30
0.1	320	712	26
0.1	323	322	33
0.1	714	321	33
0.1	325	324	34
0.1	327	326	34
0.1	717	716	34
0.1	330	329	36
0.1	334	333	36
0.1	335	720	36
0.1	721	332	36
0.1	722	331	36
0.1	723	719	36
0.1	338	337	36
0.1	725	336	36
0.1	726	724	36
0.1	339	727	35
0.1	728	328	35
0.1	344	343	37
0.1	730	342	37
0.1	731	341	37
0.1	347	346	37
0.1	733	345	37
0.1	349	348	37
0.1	735	734	37
0.1	350	736	37
0.1	737	732	37
0.1	738	340	35
0.1	739	729	35
0.1	352	351	35
0.1	741	740	35
0.1	354	353	35
0.1	743	742	35
0.1	356	355	35
0.1	357	745	35
0.1	746	744	35
0.1	360	359	38
0.1	748	358	38
0.1	362	361	38
0.1	364	363	38
0.1	366	365	38
0.1	752	751	38
0.1	367	753	38
0.1	754	750	38
0.1	755	749	38
0.1	369	368	39
0.1	371	370	39
0.1	758	757	39
0.1	373	372	39
0.1	375	374	39
0.1	377	376	39
0.1	762	761	39
0.1	763	760	39
0.1	764	759	39
0.1	765	756	38
0.1	766	747	35
0.1	767	718	34
0.1	380	379	34
0.1	769	378	34
0.1	383	382	34
0.1	771	381	34
0.1	772	770	34
0.1	773	768	34
0.1	774	715	33
0.1	384	775	33
0.1	387	386	40
0.1	388	777	40
0.1	391	390	40
0.1	779	389	40
0.1	780	778	40
0.1	781	385	40
0.1	394	393	40
0.1	783	392	40
0.1	784	782	40
0.1	396	395	33
0.1	398	397	33
0.1	400	399	33
0.1	788	787	33
0.1	789	786	33
0.1	790	785	33
0.1	791	776	33
0.1	792	713	26
0.1	793	673	26
0.1	794	664	26
0.1	795	663	26
0.1	796	647	25
0.1	797	638	25
0.1	798	629	1
