1	0	0	1
1	0	0	1
1	0	0	1
1	0	0	1
1	0	0	1
1	0	0	1
1	0	0	1
1	0	0	1
1	0	0	1
1	0	0	1
1	0	0	1
1	0	0	1
1	0	0	1
1	0	0	1
1	0	0	1
1	0	0	1
1	0	0	2
1	0	0	2
1	0	0	2
1	0	0	2
1	0	0	2
1	0	0	2
1	0	0	2
1	0	0	2
1	0	0	3
1	0	0	3
1	0	0	3
1	0	0	3
1	0	0	3
1	0	0	3
1	0	0	3
1	0	0	3
1	0	0	3
1	0	0	3
1	0	0	3
1	0	0	3
1	0	0	3
1	0	0	3
1	0	0	3
1	0	0	3
1	0	0	3
1	0	0	3
1	0	0	3
1	0	0	3
1	0	0	2
1	0	0	2
1	0	0	2
1	0	0	2
1	0	0	2
1	0	0	2
1	0	0	2
1	0	0	2
1	0	0	2
1	0	0	2
1	0	0	2
1	0	0	2
1	0	0	1
1	0	0	1
1	0	0	1
1	0	0	1
1	0	0	4
1	0	0	4
1	0	0	4
1	0	0	4
1	0	0	4
1	0	0	4
1	0	0	4
1	0	0	4
1	0	0	4
1	0	0	4
1	0	0	4
1	0	0	4
1	0	0	4
1	0	0	4
1	0	0	4
1	0	0	4
1	0	0	4
1	0	0	4
1	0	0	4
1	0	0	4
1	0	0	5
1	0	0	5
1	0	0	5
1	0	0	5
1	0	0	5
1	0	0	5
1	0	0	5
1	0	0	5
1	0	0	5
1	0	0	5
1	0	0	5
1	0	0	5
1	0	0	5
1	0	0	5
1	0	0	5
1	0	0	5
1	0	0	5
1	0	0	5
1	0	0	5
1	0	0	5
1	0	0	6
1	0	0	6
1	0	0	6
1	0	0	6
1	0	0	6
1	0	0	6
1	0	0	6
1	0	0	6
1	0	0	6
1	0	0	6
1	0	0	6
1	0	0	6
1	0	0	6
1	0	0	6
1	0	0	6
1	0	0	6
1	0	0	6
1	0	0	6
1	0	0	6
1	0	0	6
1	0	0	7
1	0	0	7
1	0	0	7
1	0	0	7
1	0	0	7
1	0	0	7
1	0	0	7
1	0	0	7
1	0	0	7
1	0	0	7
1	0	0	7
1	0	0	7
1	0	0	7
1	0	0	7
1	0	0	7
1	0	0	7
1	0	0	7
1	0	0	7
1	0	0	7
1	0	0	7
1	0	0	8
1	0	0	8
1	0	0	8
1	0	0	8
1	0	0	8
1	0	0	8
1	0	0	8
1	0	0	8
1	0	0	8
1	0	0	8
1	0	0	8
1	0	0	8
1	0	0	8
1	0	0	8
1	0	0	8
1	0	0	8
1	0	0	8
1	0	0	8
1	0	0	8
1	0	0	8
1	0	0	9
1	0	0	9
1	0	0	9
1	0	0	9
1	0	0	9
1	0	0	9
1	0	0	9
1	0	0	9
1	0	0	9
1	0	0	9
1	0	0	9
1	0	0	9
1	0	0	9
1	0	0	9
1	0	0	9
1	0	0	9
1	0	0	9
1	0	0	9
1	0	0	9
1	0	0	9
1	0	0	10
1	0	0	10
1	0	0	10
1	0	0	10
1	0	0	10
1	0	0	11
1	0	0	12
1	0	0	12
1	0	0	12
1	0	0	12
1	0	0	12
1	0	0	12
1	0	0	12
1	0	0	12
1	0	0	12
1	0	0	12
1	0	0	12
1	0	0	12
1	0	0	12
1	0	0	12
1	0	0	12
1	0	0	12
1	0	0	12
1	0	0	12
1	0	0	12
1	0	0	12
1	0	0	11
1	0	0	11
1	0	0	11
1	0	0	11
1	0	0	11
1	0	0	11
1	0	0	11
1	0	0	11
1	0	0	11
1	0	0	11
1	0	0	11
1	0	0	11
1	0	0	11
1	0	0	11
1	0	0	11
1	0	0	11
1	0	0	11
1	0	0	11
1	0	0	11
1	0	0	13
1	0	0	13
1	0	0	13
1	0	0	13
1	0	0	13
1	0	0	13
1	0	0	13
1	0	0	13
1	0	0	13
1	0	0	13
1	0	0	13
1	0	0	13
1	0	0	13
1	0	0	13
1	0	0	13
1	0	0	13
1	0	0	13
1	0	0	13
1	0	0	13
1	0	0	13
1	0	0	14
1	0	0	14
1	0	0	14
1	0	0	14
1	0	0	14
1	0	0	14
1	0	0	14
1	0	0	14
1	0	0	14
1	0	0	14
1	0	0	14
1	0	0	14
1	0	0	14
1	0	0	14
1	0	0	14
1	0	0	14
1	0	0	14
1	0	0	14
1	0	0	14
1	0	0	14
1	0	0	10
1	0	0	10
1	0	0	10
1	0	0	10
1	0	0	10
1	0	0	10
1	0	0	10
1	0	0	10
1	0	0	10
1	0	0	10
1	0	0	10
1	0	0	10
1	0	0	10
1	0	0	10
1	0	0	15
1	0	0	15
1	0	0	15
1	0	0	15
1	0	0	15
1	0	0	15
1	0	0	15
1	0	0	15
1	0	0	15
1	0	0	15
1	0	0	15
1	0	0	15
1	0	0	15
1	0	0	15
1	0	0	15
1	0	0	15
1	0	0	15
1	0	0	15
1	0	0	15
1	0	0	15
1	0	0	16
1	0	0	16
1	0	0	16
1	0	0	16
1	0	0	16
1	0	0	16
1	0	0	16
1	0	0	16
1	0	0	16
1	0	0	16
1	0	0	16
1	0	0	16
1	0	0	16
1	0	0	16
1	0	0	16
1	0	0	16
1	0	0	16
1	0	0	16
1	0	0	16
1	0	0	16
1	0	0	10
1	0	0	17
1	0	0	17
1	0	0	17
1	0	0	17
1	0	0	17
1	0	0	17
1	0	0	17
1	0	0	17
1	0	0	17
1	0	0	17
1	0	0	17
1	0	0	17
1	0	0	17
1	0	0	17
1	0	0	17
1	0	0	17
1	0	0	17
1	0	0	17
1	0	0	17
1	0	0	17
1	0	0	18
1	0	0	18
1	0	0	18
1	0	0	18
1	0	0	18
1	0	0	18
1	0	0	18
1	0	0	18
1	0	0	18
1	0	0	18
1	0	0	18
1	0	0	18
1	0	0	18
1	0	0	18
1	0	0	18
1	0	0	18
1	0	0	18
1	0	0	18
1	0	0	18
1	0	0	18
1	0	0	19
1	0	0	19
1	0	0	19
1	0	0	19
1	0	0	19
1	0	0	19
1	0	0	19
1	0	0	19
1	0	0	19
1	0	0	19
1	0	0	19
1	0	0	19
1	0	0	19
1	0	0	19
1	0	0	19
1	0	0	19
1	0	0	19
1	0	0	19
1	0	0	19
1	0	0	19
1	0	0	20
1	0	0	20
1	0	0	20
1	0	0	20
1	0	0	20
1	0	0	20
1	0	0	20
1	0	0	20
1	0	0	20
1	0	0	20
1	0	0	20
1	0	0	20
1	0	0	20
1	0	0	20
1	0	0	20
1	0	0	20
1	0	0	20
1	0	0	21
1	0	0	21
1	0	0	21
1	0	0	21
1	0	0	21
1	0	0	21
1	0	0	21
1	0	0	21
1	0	0	21
1	0	0	22
1	0	0	22
1	0	0	22
1	0	0	22
1	0	0	22
1	0	0	22
1	0	0	22
1	0	0	22
1	0	0	22
1	0	0	22
1	0	0	22
1	0	0	22
1	0	0	22
1	0	0	22
1	0	0	22
1	0	0	22
1	0	0	22
1	0	0	22
1	0	0	22
1	0	0	22
1	0	0	23
1	0	0	23
1	0	0	23
1	0	0	23
1	0	0	23
1	0	0	23
1	0	0	23
1	0	0	23
1	0	0	23
1	0	0	23
1	0	0	23
1	0	0	23
1	0	0	23
1	0	0	23
1	0	0	23
1	0	0	23
1	0	0	23
1	0	0	23
1	0	0	23
1	0	0	23
1	0	0	21
1	0	0	21
1	0	0	21
1	0	0	21
1	0	0	21
1	0	0	21
1	0	0	21
1	0	0	21
1	0	0	24
1	0	0	24
1	0	0	24
1	0	0	24
1	0	0	24
1	0	0	24
1	0	0	24
1	0	0	24
1	0	0	24
1	0	0	24
1	0	0	24
1	0	0	24
1	0	0	24
1	0	0	24
1	0	0	24
1	0	0	24
1	0	0	24
1	0	0	24
1	0	0	24
1	0	0	24
1	0	0	25
1	0	0	25
1	0	0	25
1	0	0	25
1	0	0	25
1	0	0	25
1	0	0	25
1	0	0	25
1	0	0	25
1	0	0	25
1	0	0	25
1	0	0	25
1	0	0	25
1	0	0	25
1	0	0	25
1	0	0	25
1	0	0	25
1	0	0	26
1	0	0	26
1	0	0	26
1	0	0	26
1	0	0	26
1	0	0	26
1	0	0	26
1	0	0	26
1	0	0	26
1	0	0	26
1	0	0	26
1	0	0	26
1	0	0	26
1	0	0	26
1	0	0	26
1	0	0	26
1	0	0	26
1	0	0	26
1	0	0	26
1	0	0	26
1	0	0	25
1	0	0	25
1	0	0	25
1	0	0	21
1	0	0	27
1	0	0	27
1	0	0	27
1	0	0	27
1	0	0	27
1	0	0	27
1	0	0	27
1	0	0	27
1	0	0	27
1	0	0	27
1	0	0	27
1	0	0	27
1	0	0	27
1	0	0	27
1	0	0	27
1	0	0	27
1	0	0	27
1	0	0	27
1	0	0	27
1	0	0	27
1	0	0	28
1	0	0	28
1	0	0	28
1	0	0	28
1	0	0	28
1	0	0	28
1	0	0	28
1	0	0	28
1	0	0	28
1	0	0	28
1	0	0	28
1	0	0	28
1	0	0	28
1	0	0	28
1	0	0	28
1	0	0	28
1	0	0	28
1	0	0	28
1	0	0	28
1	0	0	28
1	0	0	29
1	0	0	29
1	0	0	29
1	0	0	29
1	0	0	29
1	0	0	29
1	0	0	29
1	0	0	29
1	0	0	29
1	0	0	29
1	0	0	29
1	0	0	29
1	0	0	29
1	0	0	29
1	0	0	29
1	0	0	29
1	0	0	29
1	0	0	29
1	0	0	29
1	0	0	29
1	0	0	21
1	0	0	21
1	0	0	20
1	0	0	20
1	0	0	20
1	0	0	30
1	0	0	30
1	0	0	30
1	0	0	30
1	0	0	30
1	0	0	30
1	0	0	30
1	0	0	30
1	0	0	30
1	0	0	30
1	0	0	30
1	0	0	30
1	0	0	30
1	0	0	30
1	0	0	30
1	0	0	30
1	0	0	30
1	0	0	30
1	0	0	30
1	0	0	30
1	0	0	31
1	0	0	31
1	0	0	31
1	0	0	31
1	0	0	31
1	0	0	31
1	0	0	31
1	0	0	31
1	0	0	31
1	0	0	31
1	0	0	31
1	0	0	31
1	0	0	31
1	0	0	31
1	0	0	31
1	0	0	31
1	0	0	31
1	0	0	31
1	0	0	31
1	0	0	31
1	0	0	32
1	0	0	32
1	0	0	33
1	0	0	33
1	0	0	33
1	0	0	33
1	0	0	33
1	0	0	33
1	0	0	33
1	0	0	33
1	0	0	33
1	0	0	33
1	0	0	33
1	0	0	33
1	0	0	33
1	0	0	33
1	0	0	33
1	0	0	33
1	0	0	33
1	0	0	33
1	0	0	33
1	0	0	33
1	0	0	34
1	0	0	34
1	0	0	34
1	0	0	34
1	0	0	34
1	0	0	34
1	0	0	34
1	0	0	34
1	0	0	34
1	0	0	34
1	0	0	34
1	0	0	34
1	0	0	34
1	0	0	34
1	0	0	34
1	0	0	34
1	0	0	34
1	0	0	34
1	0	0	34
1	0	0	34
1	0	0	35
1	0	0	35
1	0	0	35
1	0	0	35
1	0	0	35
1	0	0	35
1	0	0	35
1	0	0	36
1	0	0	36
1	0	0	36
1	0	0	36
1	0	0	36
1	0	0	36
1	0	0	36
1	0	0	36
1	0	0	36
1	0	0	36
1	0	0	36
1	0	0	36
1	0	0	36
1	0	0	36
1	0	0	36
1	0	0	36
1	0	0	36
1	0	0	36
1	0	0	36
1	0	0	36
1	0	0	37
1	0	0	37
1	0	0	37
1	0	0	37
1	0	0	37
1	0	0	37
1	0	0	37
1	0	0	37
1	0	0	37
1	0	0	37
1	0	0	37
1	0	0	37
1	0	0	37
1	0	0	37
1	0	0	37
1	0	0	37
1	0	0	37
1	0	0	37
1	0	0	37
1	0	0	37
1	0	0	35
1	0	0	35
1	0	0	38
1	0	0	38
1	0	0	38
1	0	0	38
1	0	0	38
1	0	0	38
1	0	0	38
1	0	0	38
1	0	0	38
1	0	0	38
1	0	0	38
1	0	0	38
1	0	0	38
1	0	0	38
1	0	0	38
1	0	0	38
1	0	0	38
1	0	0	38
1	0	0	38
1	0	0	38
1	0	0	35
1	0	0	35
1	0	0	35
1	0	0	35
1	0	0	35
1	0	0	35
1	0	0	35
1	0	0	35
1	0	0	35
1	0	0	35
1	0	0	35
1	0	0	39
1	0	0	39
1	0	0	39
1	0	0	39
1	0	0	39
1	0	0	39
1	0	0	39
1	0	0	39
1	0	0	39
1	0	0	39
1	0	0	39
1	0	0	39
1	0	0	39
1	0	0	39
1	0	0	39
1	0	0	39
1	0	0	39
1	0	0	39
1	0	0	39
1	0	0	39
1	0	0	32
1	0	0	32
1	0	0	40
1	0	0	40
1	0	0	40
1	0	0	41
1	0	0	41
1	0	0	41
1	0	0	41
1	0	0	41
1	0	0	41
1	0	0	41
1	0	0	41
1	0	0	41
1	0	0	41
1	0	0	41
1	0	0	41
1	0	0	41
1	0	0	41
1	0	0	41
1	0	0	41
1	0	0	41
1	0	0	41
1	0	0	41
1	0	0	42
1	0	0	42
1	0	0	42
1	0	0	42
1	0	0	42
1	0	0	42
1	0	0	42
1	0	0	42
1	0	0	42
1	0	0	42
1	0	0	42
1	0	0	42
1	0	0	42
1	0	0	42
1	0	0	42
1	0	0	42
1	0	0	42
1	0	0	42
1	0	0	42
1	0	0	42
1	0	0	43
1	0	0	43
1	0	0	43
1	0	0	43
1	0	0	43
1	0	0	43
1	0	0	43
1	0	0	43
1	0	0	43
1	0	0	43
1	0	0	43
1	0	0	43
1	0	0	43
1	0	0	43
1	0	0	43
1	0	0	43
1	0	0	43
1	0	0	43
1	0	0	43
1	0	0	43
1	0	0	44
1	0	0	44
1	0	0	44
1	0	0	44
1	0	0	44
1	0	0	44
1	0	0	44
1	0	0	44
1	0	0	44
1	0	0	44
1	0	0	44
1	0	0	44
1	0	0	44
1	0	0	44
1	0	0	44
1	0	0	44
1	0	0	44
1	0	0	44
1	0	0	44
1	0	0	44
1	0	0	45
1	0	0	45
1	0	0	45
1	0	0	45
1	0	0	45
1	0	0	45
1	0	0	45
1	0	0	45
1	0	0	45
1	0	0	45
1	0	0	45
1	0	0	45
1	0	0	45
1	0	0	45
1	0	0	45
1	0	0	45
1	0	0	45
1	0	0	45
1	0	0	45
1	0	0	45
1	0	0	41
1	0	0	40
1	0	0	40
1	0	0	40
1	0	0	40
1	0	0	40
1	0	0	40
1	0	0	40
1	0	0	40
1	0	0	40
1	0	0	40
1	0	0	40
1	0	0	40
1	0	0	40
1	0	0	40
1	0	0	40
1	0	0	40
1	0	0	40
1	0	0	32
1	0	0	32
1	0	0	32
1	0	0	32
1	0	0	32
1	0	0	32
1	0	0	46
1	0	0	46
1	0	0	46
1	0	0	46
1	0	0	46
1	0	0	46
1	0	0	46
1	0	0	46
1	0	0	46
1	0	0	46
1	0	0	46
1	0	0	46
1	0	0	46
1	0	0	46
1	0	0	46
1	0	0	46
1	0	0	46
1	0	0	46
1	0	0	46
1	0	0	46
1	0	0	47
1	0	0	47
1	0	0	47
1	0	0	47
1	0	0	47
1	0	0	47
1	0	0	47
1	0	0	47
1	0	0	47
1	0	0	47
1	0	0	47
1	0	0	47
1	0	0	47
1	0	0	47
1	0	0	47
1	0	0	47
1	0	0	47
1	0	0	48
1	0	0	48
1	0	0	48
1	0	0	48
1	0	0	48
1	0	0	48
1	0	0	49
1	0	0	49
1	0	0	49
1	0	0	49
1	0	0	49
1	0	0	49
1	0	0	49
1	0	0	49
1	0	0	49
1	0	0	49
1	0	0	49
1	0	0	49
1	0	0	49
1	0	0	49
1	0	0	49
1	0	0	49
1	0	0	49
1	0	0	49
1	0	0	49
1	0	0	49
1	0	0	48
1	0	0	48
1	0	0	48
1	0	0	48
1	0	0	48
1	0	0	48
1	0	0	48
1	0	0	48
1	0	0	48
1	0	0	48
1	0	0	48
1	0	0	48
1	0	0	48
1	0	0	48
1	0	0	47
1	0	0	47
1	0	0	47
1	0	0	32
1	0	0	32
1	0	0	32
1	0	0	50
1	0	0	50
1	0	0	50
1	0	0	50
1	0	0	50
1	0	0	50
1	0	0	50
1	0	0	50
1	0	0	50
1	0	0	50
1	0	0	50
1	0	0	50
1	0	0	50
1	0	0	50
1	0	0	50
1	0	0	50
1	0	0	50
1	0	0	50
1	0	0	50
1	0	0	50
1	0	0	32
1	0	0	51
1	0	0	51
1	0	0	51
1	0	0	51
1	0	0	51
1	0	0	51
1	0	0	51
1	0	0	51
1	0	0	51
1	0	0	51
1	0	0	51
1	0	0	51
1	0	0	51
1	0	0	51
1	0	0	51
1	0	0	51
1	0	0	51
1	0	0	51
1	0	0	51
1	0	0	51
1	0	0	32
1	0	0	52
1	0	0	52
1	0	0	52
1	0	0	52
1	0	0	52
1	0	0	52
1	0	0	52
1	0	0	52
1	0	0	52
1	0	0	52
1	0	0	52
1	0	0	52
1	0	0	52
1	0	0	52
1	0	0	52
1	0	0	52
1	0	0	52
1	0	0	52
1	0	0	52
1	0	0	52
1	0	0	32
1	0	0	32
1	0	0	32
1	0	0	32
1	0	0	32
0.1	2	1	1
0.1	5	4	1
0.1	7	6	1
0.1	1043	1042	1
0.1	9	8	1
0.1	1045	1044	1
0.1	1046	3	1
0.1	1047	1041	1
0.1	12	11	1
0.1	1049	10	1
0.1	14	13	1
0.1	16	15	1
0.1	1052	1051	1
0.1	1053	1050	1
0.1	20	19	2
0.1	1055	18	2
0.1	23	22	2
0.1	1057	21	2
0.1	26	25	3
0.1	29	28	3
0.1	1060	27	3
0.1	30	1061	3
0.1	32	31	3
0.1	34	33	3
0.1	38	37	3
0.1	1065	36	3
0.1	1066	35	3
0.1	1067	1064	3
0.1	1068	1063	3
0.1	40	39	3
0.1	42	41	3
0.1	1071	1070	3
0.1	44	43	3
0.1	1073	1072	3
0.1	1074	1069	3
0.1	1075	1062	3
0.1	1076	1059	3
0.1	1077	24	2
0.1	1078	1058	2
0.1	1079	1056	2
0.1	1080	17	2
0.1	47	46	2
0.1	1082	45	2
0.1	1083	1081	2
0.1	49	48	2
0.1	51	50	2
0.1	1086	1085	2
0.1	54	53	2
0.1	1088	52	2
0.1	1089	1087	2
0.1	56	55	2
0.1	1091	1090	2
0.1	1092	1084	2
0.1	58	57	1
0.1	60	59	1
0.1	1095	1094	1
0.1	64	63	4
0.1	1097	62	4
0.1	1098	61	4
0.1	68	67	4
0.1	1100	66	4
0.1	1101	65	4
0.1	69	1102	4
0.1	71	70	4
0.1	73	72	4
0.1	74	1105	4
0.1	1106	1104	4
0.1	1107	1103	4
0.1	78	77	4
0.1	79	1109	4
0.1	80	1110	4
0.1	1111	76	4
0.1	1112	75	4
0.1	1113	1108	4
0.1	1114	1099	4
0.1	1115	1096	1
0.1	83	82	5
0.1	1117	81	5
0.1	85	84	5
0.1	1119	1118	5
0.1	88	87	5
0.1	1121	86	5
0.1	1122	1120	5
0.1	90	89	5
0.1	92	91	5
0.1	1125	1124	5
0.1	94	93	5
0.1	96	95	5
0.1	98	97	5
0.1	100	99	5
0.1	1130	1129	5
0.1	1131	1128	5
0.1	1132	1127	5
0.1	1133	1126	5
0.1	1134	1123	5
0.1	1135	1116	1
0.1	1136	1093	1
0.1	1137	1054	1
0.1	1138	1048	1
0.1	103	102	6
0.1	1140	101	6
0.1	106	105	6
0.1	1142	104	6
0.1	1143	1141	6
0.1	109	108	6
0.1	1145	107	6
0.1	110	1146	6
0.1	1147	1144	6
0.1	114	113	6
0.1	1149	112	6
0.1	1150	111	6
0.1	116	115	6
0.1	118	117	6
0.1	1153	1152	6
0.1	1154	1151	6
0.1	120	119	6
0.1	1156	1155	6
0.1	1157	1148	6
0.1	1158	1139	6
0.1	123	122	7
0.1	126	125	7
0.1	128	127	7
0.1	1162	1161	7
0.1	1163	124	7
0.1	131	130	7
0.1	1165	129	7
0.1	134	133	7
0.1	135	1167	7
0.1	136	1168	7
0.1	1169	132	7
0.1	140	139	7
0.1	1171	138	7
0.1	1172	137	7
0.1	1173	1170	7
0.1	1174	1166	7
0.1	1175	1164	7
0.1	1176	1160	7
0.1	1177	121	7
0.1	142	141	8
0.1	144	143	8
0.1	1180	1179	8
0.1	147	146	8
0.1	1182	145	8
0.1	150	149	8
0.1	1184	148	8
0.1	152	151	8
0.1	1186	1185	8
0.1	154	153	8
0.1	156	155	8
0.1	157	1189	8
0.1	1190	1188	8
0.1	160	159	8
0.1	1192	158	8
0.1	1193	1191	8
0.1	1194	1187	8
0.1	1195	1183	8
0.1	1196	1181	8
0.1	163	162	9
0.1	165	164	9
0.1	166	1199	9
0.1	1200	1198	9
0.1	1201	161	9
0.1	170	169	9
0.1	1203	168	9
0.1	172	171	9
0.1	173	1205	9
0.1	1206	1204	9
0.1	175	174	9
0.1	177	176	9
0.1	178	1209	9
0.1	1210	1208	9
0.1	1211	1207	9
0.1	180	179	9
0.1	1213	1212	9
0.1	1214	167	9
0.1	1215	1202	9
0.1	1216	1197	8
0.1	184	183	10
0.1	1218	182	10
0.1	190	189	12
0.1	1220	188	12
0.1	1221	187	12
0.1	193	192	12
0.1	194	1223	12
0.1	195	1224	12
0.1	1225	191	12
0.1	197	196	12
0.1	201	200	12
0.1	202	1228	12
0.1	1229	199	12
0.1	1230	198	12
0.1	1231	1227	12
0.1	1232	1226	12
0.1	204	203	12
0.1	206	205	12
0.1	1235	1234	12
0.1	1236	1233	12
0.1	1237	1222	12
0.1	208	207	11
0.1	211	210	11
0.1	1240	209	11
0.1	213	212	11
0.1	217	216	11
0.1	1243	215	11
0.1	1244	214	11
0.1	219	218	11
0.1	1246	1245	11
0.1	220	1247	11
0.1	1248	1242	11
0.1	223	222	11
0.1	1250	221	11
0.1	225	224	11
0.1	1252	1251	11
0.1	1253	1249	11
0.1	1254	1241	11
0.1	1255	1239	11
0.1	1256	1238	11
0.1	1257	186	11
0.1	1258	185	10
0.1	1259	1219	10
0.1	227	226	13
0.1	230	229	13
0.1	1262	228	13
0.1	1263	1261	13
0.1	233	232	13
0.1	1265	231	13
0.1	235	234	13
0.1	1267	1266	13
0.1	1268	1264	13
0.1	238	237	13
0.1	240	239	13
0.1	241	1271	13
0.1	245	244	13
0.1	1273	243	13
0.1	1274	242	13
0.1	1275	1272	13
0.1	1276	1270	13
0.1	250	249	14
0.1	251	1278	14
0.1	1279	248	14
0.1	1280	247	14
0.1	252	1281	14
0.1	1282	246	14
0.1	254	253	14
0.1	256	255	14
0.1	1285	1284	14
0.1	258	257	14
0.1	1287	1286	14
0.1	261	260	14
0.1	1289	259	14
0.1	264	263	14
0.1	1291	262	14
0.1	1292	1290	14
0.1	1293	1288	14
0.1	265	1294	14
0.1	1295	1283	14
0.1	1296	1277	13
0.1	1297	236	13
0.1	1298	1269	13
0.1	1299	1260	10
0.1	1300	181	10
0.1	267	266	10
0.1	1302	1301	10
0.1	1303	1217	10
0.1	270	269	10
0.1	271	1305	10
0.1	1306	268	10
0.1	273	272	10
0.1	276	275	10
0.1	1309	274	10
0.1	278	277	10
0.1	1311	1310	10
0.1	1312	1308	10
0.1	1313	1307	10
0.1	282	281	15
0.1	1315	280	15
0.1	285	284	15
0.1	286	1317	15
0.1	1318	283	15
0.1	288	287	15
0.1	290	289	15
0.1	293	292	15
0.1	1322	291	15
0.1	1323	1321	15
0.1	295	294	15
0.1	297	296	15
0.1	1326	1325	15
0.1	299	298	15
0.1	1328	1327	15
0.1	1329	1324	15
0.1	1330	1320	15
0.1	1331	1319	15
0.1	303	302	16
0.1	304	1333	16
0.1	305	1334	16
0.1	1335	301	16
0.1	1336	300	16
0.1	309	308	16
0.1	1338	307	16
0.1	1339	306	16
0.1	312	311	16
0.1	1341	310	16
0.1	314	313	16
0.1	316	315	16
0.1	1344	1343	16
0.1	1345	1342	16
0.1	317	1346	16
0.1	1347	1340	16
0.1	319	318	16
0.1	1349	1348	16
0.1	1350	1337	16
0.1	1351	1332	15
0.1	1352	1316	15
0.1	325	324	17
0.1	326	1354	17
0.1	1355	323	17
0.1	329	328	17
0.1	1357	327	17
0.1	332	331	17
0.1	1359	330	17
0.1	1360	1358	17
0.1	1361	1356	17
0.1	1362	322	17
0.1	1363	321	17
0.1	335	334	17
0.1	1365	333	17
0.1	338	337	17
0.1	340	339	17
0.1	1368	1367	17
0.1	1369	336	17
0.1	1370	1366	17
0.1	1371	1364	17
0.1	341	1372	18
0.1	343	342	18
0.1	345	344	18
0.1	347	346	18
0.1	348	1376	18
0.1	349	1377	18
0.1	350	1378	18
0.1	1379	1375	18
0.1	351	1380	18
0.1	1381	1374	18
0.1	355	354	18
0.1	1383	353	18
0.1	356	1384	18
0.1	360	359	18
0.1	1386	358	18
0.1	1387	357	18
0.1	1388	1385	18
0.1	1389	352	18
0.1	1390	1382	18
0.1	1391	1373	18
0.1	1392	320	10
0.1	1393	1353	10
0.1	1394	279	10
0.1	1395	1314	10
0.1	1396	1304	10
0.1	363	362	19
0.1	1398	361	19
0.1	365	364	19
0.1	366	1400	19
0.1	367	1401	19
0.1	368	1402	19
0.1	369	1403	19
0.1	371	370	19
0.1	1405	1404	19
0.1	374	373	19
0.1	1407	372	19
0.1	376	375	19
0.1	379	378	19
0.1	1410	377	19
0.1	380	1411	19
0.1	1412	1409	19
0.1	1413	1408	19
0.1	1414	1406	19
0.1	1415	1399	19
0.1	383	382	20
0.1	1417	381	20
0.1	386	385	20
0.1	387	1419	20
0.1	390	389	20
0.1	1421	388	20
0.1	1422	1420	20
0.1	1423	384	20
0.1	1424	1418	20
0.1	392	391	20
0.1	396	395	20
0.1	1427	394	20
0.1	397	1428	20
0.1	1429	393	20
0.1	399	398	21
0.1	400	1431	21
0.1	402	401	21
0.1	1433	1432	21
0.1	408	407	22
0.1	410	409	22
0.1	412	411	22
0.1	1437	1436	22
0.1	1438	1435	22
0.1	415	414	22
0.1	417	416	22
0.1	1441	1440	22
0.1	1442	413	22
0.1	418	1443	22
0.1	420	419	22
0.1	422	421	22
0.1	423	1446	22
0.1	1447	1445	22
0.1	424	1448	22
0.1	426	425	22
0.1	1450	1449	22
0.1	1451	1444	22
0.1	1452	1439	22
0.1	1453	406	21
0.1	1454	405	21
0.1	1455	404	21
0.1	1456	403	21
0.1	430	429	23
0.1	1458	428	23
0.1	432	431	23
0.1	1460	1459	23
0.1	1461	427	23
0.1	435	434	23
0.1	1463	433	23
0.1	437	436	23
0.1	438	1465	23
0.1	439	1466	23
0.1	441	440	23
0.1	443	442	23
0.1	444	1469	23
0.1	1470	1468	23
0.1	446	445	23
0.1	1472	1471	23
0.1	1473	1467	23
0.1	1474	1464	23
0.1	1475	1462	23
0.1	448	447	21
0.1	450	449	21
0.1	1478	1477	21
0.1	1479	1476	21
0.1	1480	1457	21
0.1	452	451	21
0.1	453	1482	21
0.1	456	455	24
0.1	458	457	24
0.1	1485	1484	24
0.1	460	459	24
0.1	463	462	24
0.1	465	464	24
0.1	1489	1488	24
0.1	1490	461	24
0.1	467	466	24
0.1	469	468	24
0.1	1493	1492	24
0.1	470	1494	24
0.1	1495	1491	24
0.1	473	472	24
0.1	1497	471	24
0.1	474	1498	24
0.1	1499	1496	24
0.1	1500	1487	24
0.1	1501	1486	24
0.1	1502	454	21
0.1	1503	1483	21
0.1	1504	1481	21
0.1	1505	1434	21
0.1	476	475	25
0.1	479	478	25
0.1	1508	477	25
0.1	483	482	25
0.1	1510	481	25
0.1	1511	480	25
0.1	484	1512	25
0.1	1513	1509	25
0.1	486	485	25
0.1	1515	1514	25
0.1	487	1516	25
0.1	489	488	25
0.1	490	1518	25
0.1	1519	1517	25
0.1	495	494	26
0.1	1521	493	26
0.1	498	497	26
0.1	1523	496	26
0.1	500	499	26
0.1	1525	1524	26
0.1	1526	1522	26
0.1	1527	492	26
0.1	504	503	26
0.1	1529	502	26
0.1	507	506	26
0.1	1531	505	26
0.1	1532	1530	26
0.1	509	508	26
0.1	511	510	26
0.1	1535	1534	26
0.1	1536	1533	26
0.1	1537	501	26
0.1	1538	1528	26
0.1	1539	491	25
0.1	513	512	25
0.1	1541	1540	25
0.1	514	1542	25
0.1	1543	1520	25
0.1	1544	1507	25
0.1	517	516	27
0.1	518	1546	27
0.1	520	519	27
0.1	524	523	27
0.1	1549	522	27
0.1	527	526	27
0.1	1551	525	27
0.1	1552	1550	27
0.1	531	530	27
0.1	1554	529	27
0.1	1555	528	27
0.1	1556	1553	27
0.1	1557	521	27
0.1	1558	1548	27
0.1	1559	1547	27
0.1	534	533	27
0.1	535	1561	27
0.1	1562	532	27
0.1	1563	1560	27
0.1	1564	515	21
0.1	537	536	28
0.1	538	1566	28
0.1	541	540	28
0.1	542	1568	28
0.1	1569	539	28
0.1	544	543	28
0.1	1571	1570	28
0.1	547	546	28
0.1	1573	545	28
0.1	1574	1572	28
0.1	1575	1567	28
0.1	553	552	28
0.1	1577	551	28
0.1	554	1578	28
0.1	1579	550	28
0.1	555	1580	28
0.1	1581	549	28
0.1	558	557	29
0.1	559	1583	29
0.1	560	1584	29
0.1	563	562	29
0.1	564	1586	29
0.1	1587	561	29
0.1	1588	1585	29
0.1	567	566	29
0.1	1590	565	29
0.1	568	1591	29
0.1	570	569	29
0.1	573	572	29
0.1	575	574	29
0.1	1595	1594	29
0.1	1596	571	29
0.1	1597	1593	29
0.1	1598	1592	29
0.1	1599	1589	29
0.1	1600	556	29
0.1	1601	1582	28
0.1	1602	548	28
0.1	1603	1576	28
0.1	577	576	21
0.1	1605	1604	21
0.1	1606	1565	21
0.1	1607	1545	21
0.1	1608	1506	21
0.1	578	1609	20
0.1	1610	1430	20
0.1	580	579	20
0.1	1612	1611	20
0.1	1613	1426	20
0.1	1614	1425	20
0.1	1615	1416	20
0.1	1616	1397	10
0.1	1617	1178	7
0.1	1618	1159	32
0.1	583	582	30
0.1	585	584	30
0.1	587	586	30
0.1	1622	1621	30
0.1	591	590	30
0.1	1624	589	30
0.1	592	1625	30
0.1	593	1626	30
0.1	1627	588	30
0.1	595	594	30
0.1	1629	1628	30
0.1	597	596	30
0.1	599	598	30
0.1	1632	1631	30
0.1	1633	1630	30
0.1	1634	1623	30
0.1	1635	1620	30
0.1	600	1636	30
0.1	1637	581	30
0.1	605	604	31
0.1	607	606	31
0.1	1640	1639	31
0.1	1641	603	31
0.1	609	608	31
0.1	1643	1642	31
0.1	1644	602	31
0.1	1645	601	31
0.1	611	610	31
0.1	1647	1646	31
0.1	614	613	31
0.1	616	615	31
0.1	1650	1649	31
0.1	1651	612	31
0.1	1652	1648	31
0.1	618	617	31
0.1	620	619	31
0.1	1655	1654	31
0.1	1656	1653	31
0.1	622	621	32
0.1	624	623	33
0.1	626	625	33
0.1	1660	1659	33
0.1	630	629	33
0.1	633	632	33
0.1	634	1663	33
0.1	1664	631	33
0.1	1665	1662	33
0.1	1666	628	33
0.1	1667	627	33
0.1	636	635	33
0.1	640	639	33
0.1	1670	638	33
0.1	1671	637	33
0.1	1672	1669	33
0.1	642	641	33
0.1	1674	1673	33
0.1	1675	1668	33
0.1	644	643	34
0.1	648	647	34
0.1	1678	646	34
0.1	1679	645	34
0.1	650	649	34
0.1	1681	1680	34
0.1	652	651	34
0.1	654	653	34
0.1	656	655	34
0.1	1685	1684	34
0.1	1686	1683	34
0.1	659	658	34
0.1	1688	657	34
0.1	1689	1687	34
0.1	1690	1682	34
0.1	662	661	34
0.1	1692	660	34
0.1	1693	1691	34
0.1	1694	1677	34
0.1	664	663	35
0.1	665	1696	35
0.1	668	667	35
0.1	1698	666	35
0.1	669	1699	35
0.1	1700	1697	35
0.1	1701	1695	35
0.1	672	671	36
0.1	675	674	36
0.1	1704	673	36
0.1	678	677	36
0.1	680	679	36
0.1	1707	1706	36
0.1	681	1708	36
0.1	1709	676	36
0.1	682	1710	36
0.1	1711	1705	36
0.1	1712	1703	36
0.1	1713	670	36
0.1	684	683	36
0.1	687	686	36
0.1	1716	685	36
0.1	689	688	36
0.1	1718	1717	36
0.1	1719	1715	36
0.1	1720	1714	36
0.1	691	690	37
0.1	693	692	37
0.1	1723	1722	37
0.1	694	1724	37
0.1	697	696	37
0.1	699	698	37
0.1	1727	1726	37
0.1	700	1728	37
0.1	701	1729	37
0.1	702	1730	37
0.1	704	703	37
0.1	706	705	37
0.1	1733	1732	37
0.1	1734	1731	37
0.1	708	707	37
0.1	1736	1735	37
0.1	1737	695	37
0.1	1738	1725	37
0.1	709	1739	37
0.1	711	710	35
0.1	1741	1740	35
0.1	713	712	38
0.1	715	714	38
0.1	719	718	38
0.1	1745	717	38
0.1	1746	716	38
0.1	1747	1744	38
0.1	720	1748	38
0.1	1749	1743	38
0.1	722	721	38
0.1	725	724	38
0.1	1752	723	38
0.1	727	726	38
0.1	728	1754	38
0.1	730	729	38
0.1	1756	1755	38
0.1	1757	1753	38
0.1	731	1758	38
0.1	1759	1751	38
0.1	1760	1750	38
0.1	733	732	35
0.1	737	736	35
0.1	1763	735	35
0.1	741	740	35
0.1	1765	739	35
0.1	1766	738	35
0.1	1767	1764	35
0.1	1768	734	35
0.1	742	1769	35
0.1	1770	1762	35
0.1	1771	1761	35
0.1	1772	1742	35
0.1	1773	1721	35
0.1	1774	1702	35
0.1	1775	1676	33
0.1	1776	1661	33
0.1	747	746	39
0.1	1778	745	39
0.1	1779	744	39
0.1	750	749	39
0.1	1781	748	39
0.1	1782	1780	39
0.1	1783	743	39
0.1	1784	1777	39
0.1	753	752	39
0.1	758	757	39
0.1	1787	756	39
0.1	1788	755	39
0.1	1789	754	39
0.1	1790	1786	39
0.1	1791	751	39
0.1	759	1792	39
0.1	762	761	39
0.1	1794	760	39
0.1	1795	1793	39
0.1	1796	1785	39
0.1	764	763	32
0.1	1798	1797	32
0.1	766	765	40
0.1	767	1800	40
0.1	772	771	41
0.1	1802	770	41
0.1	775	774	41
0.1	1804	773	41
0.1	777	776	41
0.1	779	778	41
0.1	780	1807	41
0.1	1808	1806	41
0.1	1809	1805	41
0.1	1810	1803	41
0.1	783	782	41
0.1	786	785	41
0.1	1813	784	41
0.1	1814	1812	41
0.1	1815	781	41
0.1	1816	1811	41
0.1	1817	769	41
0.1	1818	768	41
0.1	790	789	42
0.1	1820	788	42
0.1	791	1821	42
0.1	792	1822	42
0.1	1823	787	42
0.1	795	794	42
0.1	1825	793	42
0.1	799	798	42
0.1	1827	797	42
0.1	1828	796	42
0.1	1829	1826	42
0.1	801	800	42
0.1	1831	1830	42
0.1	1832	1824	42
0.1	803	802	42
0.1	804	1834	42
0.1	805	1835	42
0.1	809	808	43
0.1	1837	807	43
0.1	812	811	43
0.1	1839	810	43
0.1	814	813	43
0.1	1841	1840	43
0.1	1842	1838	43
0.1	817	816	43
0.1	1844	815	43
0.1	820	819	43
0.1	1846	818	43
0.1	822	821	43
0.1	824	823	43
0.1	1849	1848	43
0.1	1850	1847	43
0.1	1851	1845	43
0.1	826	825	43
0.1	1853	1852	43
0.1	1854	1843	43
0.1	1855	806	42
0.1	1856	1836	42
0.1	828	827	44
0.1	831	830	44
0.1	833	832	44
0.1	835	834	44
0.1	1861	1860	44
0.1	1862	1859	44
0.1	1863	829	44
0.1	1864	1858	44
0.1	837	836	44
0.1	839	838	44
0.1	1867	1866	44
0.1	841	840	44
0.1	1869	1868	44
0.1	1870	1865	44
0.1	843	842	44
0.1	846	845	44
0.1	1873	844	44
0.1	1874	1872	44
0.1	1875	1871	44
0.1	1876	1857	42
0.1	1877	1833	42
0.1	848	847	45
0.1	850	849	45
0.1	854	853	45
0.1	1881	852	45
0.1	1882	851	45
0.1	1883	1880	45
0.1	1884	1879	45
0.1	856	855	45
0.1	858	857	45
0.1	1887	1886	45
0.1	860	859	45
0.1	1889	1888	45
0.1	1890	1885	45
0.1	863	862	45
0.1	866	865	45
0.1	1893	864	45
0.1	1894	1892	45
0.1	1895	861	45
0.1	1896	1891	45
0.1	1897	1878	41
0.1	867	1898	41
0.1	1899	1819	41
0.1	871	870	40
0.1	872	1901	40
0.1	1902	869	40
0.1	1903	868	40
0.1	873	1904	40
0.1	875	874	40
0.1	876	1906	40
0.1	878	877	40
0.1	879	1908	40
0.1	882	881	40
0.1	1910	880	40
0.1	884	883	40
0.1	1912	1911	40
0.1	1913	1909	40
0.1	1914	1907	40
0.1	1915	1905	40
0.1	1916	1900	40
0.1	1917	1801	40
0.1	888	887	32
0.1	1919	886	32
0.1	1920	885	32
0.1	1921	1918	32
0.1	890	889	32
0.1	1923	1922	32
0.1	1924	1799	32
0.1	1925	1658	32
0.1	893	892	46
0.1	1927	891	46
0.1	895	894	46
0.1	897	896	46
0.1	1930	1929	46
0.1	898	1931	46
0.1	900	899	46
0.1	902	901	46
0.1	1934	1933	46
0.1	904	903	46
0.1	1936	1935	46
0.1	1937	1932	46
0.1	1938	1928	46
0.1	907	906	46
0.1	1940	905	46
0.1	909	908	46
0.1	1942	1941	46
0.1	910	1943	46
0.1	1944	1939	46
0.1	1945	1926	32
0.1	1946	1657	32
0.1	1947	1638	32
0.1	913	912	47
0.1	1949	911	47
0.1	918	917	47
0.1	1951	916	47
0.1	1952	915	47
0.1	919	1953	47
0.1	1954	914	47
0.1	1955	1950	47
0.1	921	920	47
0.1	1957	1956	47
0.1	923	922	47
0.1	924	1959	47
0.1	1960	1958	47
0.1	927	926	47
0.1	1962	925	47
0.1	932	931	48
0.1	1964	930	48
0.1	1965	929	48
0.1	933	1966	48
0.1	1967	928	48
0.1	936	935	49
0.1	1969	934	49
0.1	938	937	49
0.1	942	941	49
0.1	943	1972	49
0.1	1973	940	49
0.1	1974	939	49
0.1	1975	1971	49
0.1	945	944	49
0.1	946	1977	49
0.1	947	1978	49
0.1	950	949	49
0.1	1980	948	49
0.1	951	1981	49
0.1	1982	1979	49
0.1	953	952	49
0.1	1984	1983	49
0.1	1985	1976	49
0.1	1986	1970	49
0.1	955	954	48
0.1	959	958	48
0.1	960	1989	48
0.1	1990	957	48
0.1	1991	956	48
0.1	961	1992	48
0.1	964	963	48
0.1	1994	962	48
0.1	1995	1993	48
0.1	1996	1988	48
0.1	967	966	48
0.1	1998	965	48
0.1	1999	1997	48
0.1	2000	1987	48
0.1	2001	1968	48
0.1	968	2002	47
0.1	2003	1963	47
0.1	2004	1961	47
0.1	970	969	47
0.1	2006	2005	47
0.1	2007	1948	32
0.1	972	971	32
0.1	976	975	50
0.1	2010	974	50
0.1	978	977	50
0.1	2012	2011	50
0.1	980	979	50
0.1	2014	2013	50
0.1	983	982	50
0.1	984	2016	50
0.1	986	985	50
0.1	2018	2017	50
0.1	2019	981	50
0.1	2020	2015	50
0.1	988	987	50
0.1	990	989	50
0.1	2023	2022	50
0.1	992	991	50
0.1	993	2025	50
0.1	2026	2024	50
0.1	2027	2021	50
0.1	994	2028	32
0.1	2029	973	32
0.1	2030	2009	32
0.1	997	996	51
0.1	2032	995	51
0.1	999	998	51
0.1	1000	2034	51
0.1	1002	1001	51
0.1	2036	2035	51
0.1	1004	1003	51
0.1	1006	1005	51
0.1	1008	1007	51
0.1	2040	2039	51
0.1	1011	1010	51
0.1	2042	1009	51
0.1	2043	2041	51
0.1	1012	2044	51
0.1	2045	2038	51
0.1	2046	2037	51
0.1	1014	1013	51
0.1	2048	2047	51
0.1	2049	2033	51
0.1	1017	1016	52
0.1	1020	1019	52
0.1	2052	1018	52
0.1	1022	1021	52
0.1	1025	1024	52
0.1	2055	1023	52
0.1	1026	2056	52
0.1	1027	2057	52
0.1	2058	2054	52
0.1	1031	1030	52
0.1	2060	1029	52
0.1	2061	1028	52
0.1	1032	2062	52
0.1	2063	2059	52
0.1	1033	2064	52
0.1	1035	1034	52
0.1	2066	2065	52
0.1	2067	2053	52
0.1	2068	2051	52
0.1	1036	2069	32
0.1	1037	2070	32
0.1	2071	1015	32
0.1	1038	2072	32
0.1	2073	2050	32
0.1	2074	2031	32
0.1	1040	1039	32
0.1	2076	2075	32
0.1	2077	2008	32
0.1	2078	1619	32
