1	0	0	1
1	0	0	1
1	0	0	1
1	0	0	1
1	0	0	1
1	0	0	1
1	0	0	1
1	0	0	1
1	0	0	1
1	0	0	1
1	0	0	1
1	0	0	1
1	0	0	1
1	0	0	1
1	0	0	1
1	0	0	1
1	0	0	1
1	0	0	1
1	0	0	1
1	0	0	1
1	0	0	2
1	0	0	2
1	0	0	2
1	0	0	2
1	0	0	2
1	0	0	2
1	0	0	2
1	0	0	2
1	0	0	2
1	0	0	2
1	0	0	2
1	0	0	2
1	0	0	2
1	0	0	2
1	0	0	2
1	0	0	2
1	0	0	2
1	0	0	2
1	0	0	2
1	0	0	2
1	0	0	3
1	0	0	3
1	0	0	3
1	0	0	3
1	0	0	3
1	0	0	3
1	0	0	3
1	0	0	3
1	0	0	3
1	0	0	3
1	0	0	3
1	0	0	3
1	0	0	3
1	0	0	3
1	0	0	3
1	0	0	3
1	0	0	3
1	0	0	3
1	0	0	3
1	0	0	3
1	0	0	4
1	0	0	5
1	0	0	5
1	0	0	5
1	0	0	5
1	0	0	5
1	0	0	5
1	0	0	5
1	0	0	5
1	0	0	5
1	0	0	5
1	0	0	5
1	0	0	5
1	0	0	5
1	0	0	5
1	0	0	5
1	0	0	5
1	0	0	5
1	0	0	5
1	0	0	5
1	0	0	5
1	0	0	4
1	0	0	6
1	0	0	6
1	0	0	6
1	0	0	6
1	0	0	6
1	0	0	6
1	0	0	6
1	0	0	6
1	0	0	6
1	0	0	6
1	0	0	6
1	0	0	6
1	0	0	6
1	0	0	6
1	0	0	6
1	0	0	6
1	0	0	6
1	0	0	6
1	0	0	6
1	0	0	6
1	0	0	4
1	0	0	4
1	0	0	4
1	0	0	4
1	0	0	4
1	0	0	4
1	0	0	4
1	0	0	4
1	0	0	4
1	0	0	4
1	0	0	4
1	0	0	4
1	0	0	4
1	0	0	4
1	0	0	4
1	0	0	4
1	0	0	4
1	0	0	4
1	0	0	7
1	0	0	7
1	0	0	7
1	0	0	7
1	0	0	7
1	0	0	7
1	0	0	7
1	0	0	7
1	0	0	7
1	0	0	7
1	0	0	7
1	0	0	7
1	0	0	7
1	0	0	7
1	0	0	7
1	0	0	7
1	0	0	7
1	0	0	7
1	0	0	7
1	0	0	7
1	0	0	8
1	0	0	8
1	0	0	9
1	0	0	9
1	0	0	9
1	0	0	9
1	0	0	9
1	0	0	9
1	0	0	9
1	0	0	9
1	0	0	9
1	0	0	9
1	0	0	9
1	0	0	9
1	0	0	9
1	0	0	9
1	0	0	9
1	0	0	9
1	0	0	9
1	0	0	9
1	0	0	9
1	0	0	9
1	0	0	10
1	0	0	10
1	0	0	10
1	0	0	10
1	0	0	10
1	0	0	10
1	0	0	10
1	0	0	10
1	0	0	10
1	0	0	10
1	0	0	10
1	0	0	10
1	0	0	10
1	0	0	10
1	0	0	10
1	0	0	10
1	0	0	10
1	0	0	10
1	0	0	10
1	0	0	10
1	0	0	8
1	0	0	11
1	0	0	11
1	0	0	11
1	0	0	11
1	0	0	12
1	0	0	12
1	0	0	12
1	0	0	12
1	0	0	12
1	0	0	12
1	0	0	12
1	0	0	12
1	0	0	12
1	0	0	12
1	0	0	12
1	0	0	12
1	0	0	12
1	0	0	12
1	0	0	12
1	0	0	12
1	0	0	12
1	0	0	12
1	0	0	12
1	0	0	12
1	0	0	11
1	0	0	11
1	0	0	11
1	0	0	11
1	0	0	11
1	0	0	11
1	0	0	11
1	0	0	11
1	0	0	11
1	0	0	11
1	0	0	11
1	0	0	11
1	0	0	11
1	0	0	13
1	0	0	13
1	0	0	13
1	0	0	13
1	0	0	13
1	0	0	13
1	0	0	13
1	0	0	13
1	0	0	13
1	0	0	13
1	0	0	13
1	0	0	13
1	0	0	13
1	0	0	13
1	0	0	13
1	0	0	13
1	0	0	13
1	0	0	13
1	0	0	13
1	0	0	13
1	0	0	14
1	0	0	14
1	0	0	14
1	0	0	14
1	0	0	14
1	0	0	14
1	0	0	14
1	0	0	14
1	0	0	14
1	0	0	14
1	0	0	14
1	0	0	14
1	0	0	14
1	0	0	14
1	0	0	14
1	0	0	14
1	0	0	14
1	0	0	14
1	0	0	14
1	0	0	14
1	0	0	15
1	0	0	15
1	0	0	15
1	0	0	15
1	0	0	15
1	0	0	15
1	0	0	15
1	0	0	15
1	0	0	15
1	0	0	15
1	0	0	15
1	0	0	15
1	0	0	15
1	0	0	15
1	0	0	15
1	0	0	15
1	0	0	15
1	0	0	15
1	0	0	15
1	0	0	15
1	0	0	11
1	0	0	11
1	0	0	11
1	0	0	8
1	0	0	8
1	0	0	8
1	0	0	8
1	0	0	8
1	0	0	8
1	0	0	8
1	0	0	8
1	0	0	8
1	0	0	8
1	0	0	8
1	0	0	8
1	0	0	8
1	0	0	8
1	0	0	8
1	0	0	8
1	0	0	8
0.1	4	3	1
0.1	301	2	1
0.1	5	302	1
0.1	6	303	1
0.1	8	7	1
0.1	305	304	1
0.1	306	1	1
0.1	9	307	1
0.1	12	11	1
0.1	309	10	1
0.1	14	13	1
0.1	16	15	1
0.1	312	311	1
0.1	313	310	1
0.1	19	18	1
0.1	20	315	1
0.1	316	17	1
0.1	317	314	1
0.1	318	308	1
0.1	24	23	2
0.1	26	25	2
0.1	28	27	2
0.1	29	322	2
0.1	323	321	2
0.1	324	320	2
0.1	325	22	2
0.1	326	21	2
0.1	31	30	2
0.1	328	327	2
0.1	33	32	2
0.1	35	34	2
0.1	37	36	2
0.1	38	332	2
0.1	333	331	2
0.1	334	330	2
0.1	335	329	2
0.1	40	39	2
0.1	337	336	2
0.1	338	319	4
0.1	43	42	3
0.1	44	340	3
0.1	341	41	3
0.1	47	46	3
0.1	50	49	3
0.1	344	48	3
0.1	345	343	3
0.1	51	346	3
0.1	52	347	3
0.1	55	54	3
0.1	349	53	3
0.1	59	58	3
0.1	60	351	3
0.1	352	57	3
0.1	353	56	3
0.1	354	350	3
0.1	355	348	3
0.1	356	45	3
0.1	357	342	3
0.1	65	64	5
0.1	359	63	5
0.1	360	62	5
0.1	68	67	5
0.1	70	69	5
0.1	363	362	5
0.1	364	66	5
0.1	74	73	5
0.1	366	72	5
0.1	76	75	5
0.1	78	77	5
0.1	80	79	5
0.1	370	369	5
0.1	81	371	5
0.1	372	368	5
0.1	373	367	5
0.1	374	71	5
0.1	375	365	5
0.1	376	361	5
0.1	377	61	4
0.1	87	86	6
0.1	379	85	6
0.1	380	84	6
0.1	381	83	6
0.1	91	90	6
0.1	383	89	6
0.1	384	88	6
0.1	385	382	6
0.1	95	94	6
0.1	387	93	6
0.1	98	97	6
0.1	389	96	6
0.1	102	101	6
0.1	391	100	6
0.1	392	99	6
0.1	393	390	6
0.1	394	388	6
0.1	395	92	6
0.1	396	386	6
0.1	397	82	4
0.1	104	103	4
0.1	399	398	4
0.1	107	106	4
0.1	109	108	4
0.1	402	401	4
0.1	403	105	4
0.1	112	111	4
0.1	405	110	4
0.1	113	406	4
0.1	407	404	4
0.1	116	115	4
0.1	409	114	4
0.1	118	117	4
0.1	120	119	4
0.1	412	411	4
0.1	413	410	4
0.1	414	408	4
0.1	415	400	4
0.1	416	378	4
0.1	417	358	4
0.1	418	339	4
0.1	122	121	7
0.1	124	123	7
0.1	421	420	7
0.1	129	128	7
0.1	423	127	7
0.1	424	126	7
0.1	425	125	7
0.1	131	130	7
0.1	427	426	7
0.1	133	132	7
0.1	137	136	7
0.1	430	135	7
0.1	138	431	7
0.1	432	134	7
0.1	139	433	7
0.1	140	434	7
0.1	435	429	7
0.1	436	428	7
0.1	437	422	7
0.1	144	143	9
0.1	147	146	9
0.1	440	145	9
0.1	441	439	9
0.1	151	150	9
0.1	153	152	9
0.1	154	444	9
0.1	156	155	9
0.1	157	446	9
0.1	447	445	9
0.1	448	443	9
0.1	449	149	9
0.1	159	158	9
0.1	162	161	9
0.1	452	160	9
0.1	453	451	9
0.1	454	450	9
0.1	455	148	9
0.1	456	442	9
0.1	164	163	10
0.1	168	167	10
0.1	459	166	10
0.1	460	165	10
0.1	170	169	10
0.1	171	462	10
0.1	463	461	10
0.1	173	172	10
0.1	465	464	10
0.1	466	458	10
0.1	176	175	10
0.1	177	468	10
0.1	469	174	10
0.1	179	178	10
0.1	181	180	10
0.1	472	471	10
0.1	182	473	10
0.1	474	470	10
0.1	475	467	10
0.1	476	457	8
0.1	477	142	8
0.1	183	478	8
0.1	479	141	8
0.1	480	438	8
0.1	481	419	8
0.1	186	185	11
0.1	187	483	11
0.1	484	184	11
0.1	189	188	12
0.1	190	486	12
0.1	192	191	12
0.1	488	487	12
0.1	194	193	12
0.1	198	197	12
0.1	491	196	12
0.1	492	195	12
0.1	199	493	12
0.1	200	494	12
0.1	495	490	12
0.1	496	489	12
0.1	202	201	12
0.1	204	203	12
0.1	206	205	12
0.1	207	500	12
0.1	501	499	12
0.1	502	498	12
0.1	503	497	12
0.1	209	208	11
0.1	211	210	11
0.1	212	506	11
0.1	507	505	11
0.1	214	213	11
0.1	215	509	11
0.1	510	508	11
0.1	217	216	11
0.1	512	511	11
0.1	219	218	11
0.1	220	514	11
0.1	515	513	11
0.1	224	223	13
0.1	517	222	13
0.1	226	225	13
0.1	227	519	13
0.1	232	231	13
0.1	521	230	13
0.1	522	229	13
0.1	523	228	13
0.1	235	234	13
0.1	525	233	13
0.1	236	526	13
0.1	237	527	13
0.1	239	238	13
0.1	240	529	13
0.1	530	528	13
0.1	531	524	13
0.1	532	520	13
0.1	533	518	13
0.1	534	221	13
0.1	535	516	11
0.1	536	504	11
0.1	244	243	14
0.1	538	242	14
0.1	247	246	14
0.1	540	245	14
0.1	250	249	14
0.1	542	248	14
0.1	251	543	14
0.1	544	541	14
0.1	545	539	14
0.1	254	253	14
0.1	256	255	14
0.1	548	547	14
0.1	257	549	14
0.1	550	252	14
0.1	551	546	14
0.1	259	258	14
0.1	553	552	14
0.1	260	554	14
0.1	262	261	15
0.1	266	265	15
0.1	267	557	15
0.1	269	268	15
0.1	559	558	15
0.1	560	264	15
0.1	561	263	15
0.1	562	556	15
0.1	273	272	15
0.1	564	271	15
0.1	275	274	15
0.1	566	565	15
0.1	277	276	15
0.1	280	279	15
0.1	569	278	15
0.1	570	568	15
0.1	571	567	15
0.1	572	270	15
0.1	573	563	15
0.1	574	555	14
0.1	575	241	14
0.1	283	282	11
0.1	577	281	11
0.1	578	576	11
0.1	579	537	11
0.1	580	485	11
0.1	286	285	8
0.1	582	284	8
0.1	289	288	8
0.1	584	287	8
0.1	290	585	8
0.1	586	583	8
0.1	293	292	8
0.1	588	291	8
0.1	297	296	8
0.1	299	298	8
0.1	591	590	8
0.1	592	295	8
0.1	300	593	8
0.1	594	294	8
0.1	595	589	8
0.1	596	587	8
0.1	597	581	8
0.1	598	482	8
