1	0	0	1
1	0	0	2
1	0	0	2
1	0	0	2
1	0	0	3
1	0	0	3
1	0	0	4
1	0	0	4
1	0	0	5
1	0	0	5
1	0	0	5
1	0	0	5
1	0	0	5
1	0	0	5
1	0	0	5
1	0	0	5
1	0	0	5
1	0	0	5
1	0	0	5
1	0	0	5
1	0	0	5
1	0	0	5
1	0	0	5
1	0	0	6
1	0	0	6
1	0	0	6
1	0	0	6
1	0	0	6
1	0	0	6
1	0	0	6
1	0	0	6
1	0	0	6
1	0	0	6
1	0	0	6
1	0	0	6
1	0	0	6
1	0	0	6
1	0	0	6
1	0	0	6
1	0	0	6
1	0	0	6
1	0	0	6
1	0	0	6
1	0	0	7
1	0	0	7
1	0	0	7
1	0	0	7
1	0	0	7
1	0	0	7
1	0	0	7
1	0	0	7
1	0	0	7
1	0	0	7
1	0	0	7
1	0	0	7
1	0	0	7
1	0	0	8
1	0	0	8
1	0	0	8
1	0	0	8
1	0	0	8
1	0	0	8
1	0	0	8
1	0	0	8
1	0	0	8
1	0	0	8
1	0	0	8
1	0	0	8
1	0	0	8
1	0	0	8
1	0	0	8
1	0	0	8
1	0	0	8
1	0	0	8
1	0	0	8
1	0	0	8
1	0	0	7
1	0	0	7
1	0	0	7
1	0	0	7
1	0	0	7
1	0	0	9
1	0	0	9
1	0	0	9
1	0	0	9
1	0	0	9
1	0	0	9
1	0	0	9
1	0	0	9
1	0	0	9
1	0	0	9
1	0	0	9
1	0	0	9
1	0	0	9
1	0	0	9
1	0	0	9
1	0	0	9
1	0	0	9
1	0	0	9
1	0	0	9
1	0	0	9
1	0	0	10
1	0	0	10
1	0	0	10
1	0	0	10
1	0	0	10
1	0	0	10
1	0	0	11
1	0	0	11
1	0	0	11
1	0	0	11
1	0	0	11
1	0	0	11
1	0	0	11
1	0	0	11
1	0	0	12
1	0	0	12
1	0	0	12
1	0	0	12
1	0	0	12
1	0	0	12
1	0	0	12
1	0	0	12
1	0	0	12
1	0	0	12
1	0	0	12
1	0	0	12
1	0	0	12
1	0	0	12
1	0	0	12
1	0	0	12
1	0	0	12
1	0	0	12
1	0	0	12
1	0	0	12
1	0	0	11
1	0	0	11
1	0	0	11
1	0	0	11
1	0	0	11
1	0	0	11
1	0	0	11
1	0	0	13
1	0	0	13
1	0	0	13
1	0	0	13
1	0	0	13
1	0	0	13
1	0	0	13
1	0	0	13
1	0	0	13
1	0	0	13
1	0	0	13
1	0	0	13
1	0	0	13
1	0	0	13
1	0	0	13
1	0	0	13
1	0	0	13
1	0	0	13
1	0	0	13
1	0	0	13
1	0	0	11
1	0	0	11
1	0	0	11
1	0	0	11
1	0	0	11
1	0	0	10
1	0	0	10
1	0	0	10
1	0	0	10
1	0	0	14
1	0	0	14
1	0	0	14
1	0	0	14
1	0	0	14
1	0	0	14
1	0	0	14
1	0	0	14
1	0	0	14
1	0	0	14
1	0	0	14
1	0	0	14
1	0	0	14
1	0	0	14
1	0	0	14
1	0	0	14
1	0	0	14
1	0	0	14
1	0	0	14
1	0	0	14
1	0	0	10
1	0	0	15
1	0	0	15
1	0	0	15
1	0	0	15
1	0	0	15
1	0	0	15
1	0	0	15
1	0	0	15
1	0	0	15
1	0	0	15
1	0	0	15
1	0	0	15
1	0	0	15
1	0	0	15
1	0	0	15
1	0	0	15
1	0	0	15
1	0	0	15
1	0	0	15
1	0	0	15
1	0	0	10
1	0	0	16
1	0	0	16
1	0	0	16
1	0	0	16
1	0	0	16
1	0	0	16
1	0	0	16
1	0	0	16
1	0	0	16
1	0	0	16
1	0	0	16
1	0	0	16
1	0	0	16
1	0	0	16
1	0	0	16
1	0	0	16
1	0	0	16
1	0	0	16
1	0	0	16
1	0	0	16
1	0	0	17
1	0	0	17
1	0	0	17
1	0	0	17
1	0	0	17
1	0	0	17
1	0	0	17
1	0	0	17
1	0	0	17
1	0	0	17
1	0	0	17
1	0	0	17
1	0	0	17
1	0	0	17
1	0	0	17
1	0	0	17
1	0	0	17
1	0	0	17
1	0	0	17
1	0	0	17
1	0	0	10
1	0	0	18
1	0	0	18
1	0	0	18
1	0	0	19
1	0	0	19
1	0	0	19
1	0	0	19
1	0	0	19
1	0	0	19
1	0	0	19
1	0	0	19
1	0	0	19
1	0	0	19
1	0	0	19
1	0	0	19
1	0	0	19
1	0	0	19
1	0	0	19
1	0	0	19
1	0	0	19
1	0	0	19
1	0	0	19
1	0	0	19
1	0	0	20
1	0	0	21
1	0	0	21
1	0	0	21
1	0	0	21
1	0	0	21
1	0	0	21
1	0	0	21
1	0	0	21
1	0	0	21
1	0	0	21
1	0	0	21
1	0	0	21
1	0	0	21
1	0	0	21
1	0	0	21
1	0	0	21
1	0	0	21
1	0	0	21
1	0	0	21
1	0	0	21
1	0	0	20
1	0	0	20
1	0	0	20
1	0	0	20
1	0	0	22
1	0	0	22
1	0	0	22
1	0	0	22
1	0	0	22
1	0	0	22
1	0	0	22
1	0	0	22
1	0	0	22
1	0	0	22
1	0	0	22
1	0	0	22
1	0	0	22
1	0	0	22
1	0	0	22
1	0	0	22
1	0	0	22
1	0	0	22
1	0	0	22
1	0	0	22
1	0	0	20
1	0	0	20
1	0	0	20
1	0	0	20
1	0	0	23
1	0	0	23
1	0	0	23
1	0	0	23
1	0	0	23
1	0	0	23
1	0	0	23
1	0	0	23
1	0	0	23
1	0	0	23
1	0	0	23
1	0	0	23
1	0	0	23
1	0	0	23
1	0	0	23
1	0	0	23
1	0	0	23
1	0	0	23
1	0	0	23
1	0	0	23
1	0	0	24
1	0	0	24
1	0	0	25
1	0	0	25
1	0	0	25
1	0	0	25
1	0	0	25
1	0	0	25
1	0	0	25
1	0	0	25
1	0	0	25
1	0	0	25
1	0	0	25
1	0	0	25
1	0	0	25
1	0	0	25
1	0	0	25
1	0	0	25
1	0	0	25
1	0	0	25
1	0	0	25
1	0	0	25
1	0	0	24
1	0	0	24
1	0	0	24
1	0	0	24
1	0	0	24
1	0	0	24
1	0	0	26
1	0	0	26
1	0	0	26
1	0	0	26
1	0	0	26
1	0	0	27
1	0	0	27
1	0	0	27
1	0	0	27
1	0	0	27
1	0	0	27
1	0	0	27
1	0	0	27
1	0	0	27
1	0	0	27
1	0	0	27
1	0	0	27
1	0	0	27
1	0	0	27
1	0	0	27
1	0	0	27
1	0	0	27
1	0	0	27
1	0	0	27
1	0	0	27
1	0	0	26
1	0	0	26
1	0	0	26
1	0	0	26
1	0	0	26
1	0	0	26
1	0	0	26
1	0	0	26
1	0	0	26
1	0	0	26
1	0	0	26
1	0	0	26
1	0	0	26
1	0	0	26
1	0	0	26
1	0	0	24
1	0	0	24
1	0	0	24
1	0	0	24
1	0	0	24
1	0	0	24
1	0	0	24
1	0	0	24
1	0	0	24
1	0	0	28
1	0	0	28
1	0	0	28
1	0	0	28
1	0	0	28
1	0	0	28
1	0	0	28
1	0	0	28
1	0	0	28
1	0	0	28
1	0	0	28
1	0	0	28
1	0	0	28
1	0	0	28
1	0	0	28
1	0	0	28
1	0	0	28
1	0	0	28
1	0	0	28
1	0	0	28
1	0	0	24
1	0	0	24
1	0	0	24
1	0	0	20
1	0	0	29
1	0	0	29
1	0	0	29
1	0	0	29
1	0	0	29
1	0	0	29
1	0	0	29
1	0	0	29
1	0	0	29
1	0	0	29
1	0	0	29
1	0	0	29
1	0	0	29
1	0	0	29
1	0	0	29
1	0	0	29
1	0	0	29
1	0	0	29
1	0	0	29
1	0	0	29
1	0	0	30
1	0	0	30
1	0	0	30
1	0	0	30
1	0	0	30
1	0	0	30
1	0	0	30
1	0	0	30
1	0	0	30
1	0	0	30
1	0	0	30
1	0	0	30
1	0	0	30
1	0	0	30
1	0	0	30
1	0	0	30
1	0	0	30
1	0	0	30
1	0	0	30
1	0	0	30
1	0	0	31
1	0	0	31
1	0	0	31
1	0	0	31
1	0	0	31
1	0	0	31
1	0	0	31
1	0	0	31
1	0	0	31
1	0	0	31
1	0	0	31
1	0	0	31
1	0	0	31
1	0	0	31
1	0	0	31
1	0	0	31
1	0	0	31
1	0	0	31
1	0	0	31
1	0	0	31
1	0	0	20
1	0	0	20
1	0	0	20
1	0	0	20
1	0	0	20
1	0	0	20
1	0	0	20
1	0	0	20
1	0	0	20
1	0	0	32
1	0	0	32
1	0	0	32
1	0	0	32
1	0	0	32
1	0	0	32
1	0	0	32
1	0	0	32
1	0	0	32
1	0	0	32
1	0	0	32
1	0	0	32
1	0	0	32
1	0	0	32
1	0	0	32
1	0	0	32
1	0	0	32
1	0	0	32
1	0	0	32
1	0	0	32
1	0	0	20
1	0	0	33
1	0	0	33
1	0	0	33
1	0	0	33
1	0	0	33
1	0	0	33
1	0	0	33
1	0	0	33
1	0	0	33
1	0	0	33
1	0	0	33
1	0	0	33
1	0	0	33
1	0	0	33
1	0	0	33
1	0	0	33
1	0	0	33
1	0	0	33
1	0	0	33
1	0	0	33
1	0	0	34
1	0	0	34
1	0	0	34
1	0	0	34
1	0	0	34
1	0	0	34
1	0	0	34
1	0	0	34
1	0	0	34
1	0	0	34
1	0	0	34
1	0	0	34
1	0	0	34
1	0	0	34
1	0	0	34
1	0	0	34
1	0	0	34
1	0	0	34
1	0	0	34
1	0	0	34
1	0	0	18
1	0	0	18
1	0	0	18
1	0	0	18
1	0	0	35
1	0	0	35
1	0	0	35
1	0	0	35
1	0	0	35
1	0	0	35
1	0	0	35
1	0	0	35
1	0	0	35
1	0	0	35
1	0	0	35
1	0	0	35
1	0	0	35
1	0	0	35
1	0	0	35
1	0	0	35
1	0	0	35
1	0	0	35
1	0	0	35
1	0	0	35
1	0	0	36
1	0	0	36
1	0	0	36
1	0	0	36
1	0	0	36
1	0	0	36
1	0	0	36
1	0	0	36
1	0	0	36
1	0	0	36
1	0	0	36
1	0	0	36
1	0	0	36
1	0	0	36
1	0	0	36
1	0	0	36
1	0	0	36
1	0	0	36
1	0	0	36
1	0	0	36
1	0	0	18
1	0	0	18
1	0	0	18
1	0	0	37
1	0	0	37
1	0	0	37
1	0	0	37
1	0	0	37
1	0	0	37
1	0	0	37
1	0	0	37
1	0	0	37
1	0	0	37
1	0	0	37
1	0	0	37
1	0	0	37
1	0	0	37
1	0	0	37
1	0	0	37
1	0	0	37
1	0	0	37
1	0	0	37
1	0	0	37
1	0	0	38
1	0	0	38
1	0	0	38
1	0	0	38
1	0	0	38
1	0	0	38
1	0	0	38
1	0	0	38
1	0	0	38
1	0	0	38
1	0	0	38
1	0	0	38
1	0	0	38
1	0	0	38
1	0	0	38
1	0	0	38
1	0	0	38
1	0	0	38
1	0	0	38
1	0	0	38
1	0	0	18
1	0	0	18
1	0	0	18
1	0	0	18
1	0	0	39
1	0	0	39
1	0	0	39
1	0	0	39
1	0	0	39
1	0	0	39
1	0	0	39
1	0	0	39
1	0	0	39
1	0	0	39
1	0	0	39
1	0	0	18
1	0	0	18
1	0	0	18
1	0	0	18
1	0	0	39
1	0	0	39
1	0	0	39
1	0	0	39
1	0	0	39
1	0	0	39
1	0	0	39
1	0	0	39
1	0	0	39
1	0	0	40
1	0	0	40
1	0	0	40
1	0	0	40
1	0	0	40
1	0	0	40
1	0	0	40
1	0	0	40
1	0	0	40
1	0	0	40
1	0	0	40
1	0	0	40
1	0	0	40
1	0	0	40
1	0	0	40
1	0	0	40
1	0	0	40
1	0	0	40
1	0	0	40
1	0	0	40
1	0	0	18
1	0	0	41
1	0	0	41
1	0	0	41
1	0	0	41
1	0	0	41
1	0	0	41
1	0	0	41
1	0	0	41
1	0	0	41
1	0	0	41
1	0	0	41
1	0	0	41
1	0	0	41
1	0	0	41
1	0	0	41
1	0	0	41
1	0	0	41
1	0	0	41
1	0	0	41
1	0	0	41
1	0	0	42
1	0	0	42
1	0	0	42
1	0	0	42
1	0	0	42
1	0	0	42
1	0	0	42
1	0	0	42
1	0	0	42
1	0	0	42
1	0	0	42
1	0	0	42
1	0	0	42
1	0	0	42
1	0	0	42
1	0	0	42
1	0	0	42
1	0	0	42
1	0	0	42
1	0	0	42
1	0	0	18
1	0	0	10
1	0	0	10
1	0	0	10
1	0	0	43
1	0	0	43
1	0	0	43
1	0	0	43
1	0	0	43
1	0	0	44
1	0	0	44
1	0	0	44
1	0	0	44
1	0	0	45
1	0	0	45
1	0	0	45
1	0	0	45
1	0	0	45
1	0	0	45
1	0	0	45
1	0	0	45
1	0	0	45
1	0	0	44
1	0	0	46
1	0	0	47
1	0	0	47
1	0	0	47
1	0	0	47
1	0	0	47
1	0	0	47
1	0	0	47
1	0	0	47
1	0	0	47
1	0	0	47
1	0	0	47
1	0	0	47
1	0	0	47
1	0	0	47
1	0	0	47
1	0	0	47
1	0	0	47
1	0	0	47
1	0	0	47
1	0	0	47
1	0	0	46
1	0	0	46
1	0	0	46
1	0	0	46
1	0	0	46
1	0	0	45
1	0	0	45
1	0	0	45
1	0	0	45
1	0	0	45
1	0	0	45
1	0	0	45
1	0	0	45
1	0	0	45
1	0	0	45
1	0	0	45
1	0	0	4
1	0	0	4
1	0	0	4
1	0	0	4
1	0	0	46
1	0	0	46
1	0	0	48
1	0	0	48
1	0	0	48
1	0	0	48
1	0	0	48
1	0	0	48
1	0	0	48
1	0	0	48
1	0	0	48
1	0	0	48
1	0	0	48
1	0	0	48
1	0	0	48
1	0	0	48
1	0	0	48
1	0	0	48
1	0	0	48
1	0	0	48
1	0	0	48
1	0	0	48
1	0	0	46
1	0	0	46
1	0	0	46
1	0	0	49
1	0	0	49
1	0	0	49
1	0	0	49
1	0	0	49
1	0	0	49
1	0	0	49
1	0	0	49
1	0	0	49
1	0	0	49
1	0	0	49
1	0	0	49
1	0	0	49
1	0	0	49
1	0	0	49
1	0	0	49
1	0	0	49
1	0	0	49
1	0	0	49
1	0	0	49
1	0	0	46
1	0	0	46
1	0	0	46
1	0	0	50
1	0	0	50
1	0	0	50
1	0	0	50
1	0	0	50
1	0	0	50
1	0	0	50
1	0	0	50
1	0	0	50
1	0	0	50
1	0	0	50
1	0	0	50
1	0	0	50
1	0	0	50
1	0	0	50
1	0	0	50
1	0	0	50
1	0	0	50
1	0	0	50
1	0	0	50
1	0	0	46
1	0	0	46
1	0	0	46
1	0	0	46
1	0	0	46
1	0	0	46
1	0	0	51
1	0	0	51
1	0	0	51
1	0	0	51
1	0	0	52
1	0	0	51
1	0	0	51
1	0	0	51
1	0	0	51
1	0	0	51
1	0	0	43
1	0	0	43
1	0	0	43
1	0	0	43
1	0	0	43
1	0	0	43
1	0	0	43
1	0	0	43
1	0	0	43
1	0	0	43
1	0	0	43
1	0	0	52
1	0	0	52
1	0	0	52
1	0	0	53
1	0	0	53
1	0	0	53
1	0	0	53
1	0	0	53
1	0	0	53
1	0	0	53
1	0	0	53
1	0	0	53
1	0	0	53
1	0	0	53
1	0	0	53
1	0	0	53
1	0	0	53
1	0	0	53
1	0	0	53
1	0	0	53
1	0	0	53
1	0	0	53
1	0	0	5
1	0	0	5
1	0	0	5
1	0	0	5
1	0	0	5
1	0	0	51
1	0	0	51
1	0	0	51
1	0	0	51
1	0	0	51
1	0	0	51
1	0	0	51
1	0	0	51
1	0	0	51
1	0	0	51
1	0	0	51
1	0	0	54
1	0	0	54
1	0	0	4
1	0	0	4
1	0	0	4
1	0	0	4
1	0	0	4
1	0	0	4
1	0	0	4
1	0	0	4
1	0	0	4
1	0	0	4
1	0	0	4
1	0	0	4
1	0	0	4
1	0	0	4
1	0	0	1
1	0	0	2
1	0	0	2
1	0	0	2
1	0	0	2
1	0	0	2
1	0	0	2
1	0	0	2
1	0	0	2
1	0	0	54
1	0	0	54
1	0	0	54
1	0	0	54
1	0	0	54
1	0	0	54
1	0	0	54
1	0	0	54
1	0	0	54
1	0	0	54
1	0	0	54
1	0	0	54
1	0	0	54
1	0	0	54
1	0	0	54
1	0	0	54
1	0	0	54
1	0	0	54
1	0	0	55
1	0	0	55
1	0	0	56
1	0	0	56
1	0	0	56
1	0	0	56
1	0	0	57
1	0	0	57
1	0	0	57
1	0	0	57
1	0	0	57
1	0	0	57
1	0	0	57
1	0	0	57
1	0	0	57
1	0	0	57
1	0	0	57
1	0	0	57
1	0	0	57
1	0	0	57
1	0	0	57
1	0	0	57
1	0	0	57
1	0	0	57
1	0	0	57
1	0	0	57
1	0	0	58
1	0	0	58
1	0	0	58
1	0	0	58
1	0	0	58
1	0	0	58
1	0	0	58
1	0	0	58
1	0	0	58
1	0	0	58
1	0	0	58
1	0	0	58
1	0	0	58
1	0	0	58
1	0	0	58
1	0	0	58
1	0	0	58
1	0	0	58
1	0	0	58
1	0	0	58
1	0	0	59
1	0	0	59
1	0	0	59
1	0	0	59
1	0	0	59
1	0	0	59
1	0	0	59
1	0	0	59
1	0	0	59
1	0	0	59
1	0	0	59
1	0	0	59
1	0	0	59
1	0	0	59
1	0	0	59
1	0	0	59
1	0	0	59
1	0	0	59
1	0	0	59
1	0	0	59
1	0	0	56
1	0	0	60
1	0	0	60
1	0	0	60
1	0	0	60
1	0	0	60
1	0	0	60
1	0	0	60
1	0	0	60
1	0	0	60
1	0	0	60
1	0	0	60
1	0	0	60
1	0	0	60
1	0	0	60
1	0	0	60
1	0	0	60
1	0	0	60
1	0	0	60
1	0	0	60
1	0	0	60
1	0	0	61
1	0	0	61
1	0	0	61
1	0	0	61
1	0	0	61
1	0	0	61
1	0	0	61
1	0	0	61
1	0	0	61
1	0	0	61
1	0	0	61
1	0	0	61
1	0	0	61
1	0	0	61
1	0	0	61
1	0	0	61
1	0	0	61
1	0	0	61
1	0	0	61
1	0	0	61
1	0	0	62
1	0	0	62
1	0	0	62
1	0	0	62
1	0	0	62
1	0	0	62
1	0	0	62
1	0	0	62
1	0	0	62
1	0	0	62
1	0	0	62
1	0	0	62
1	0	0	62
1	0	0	62
1	0	0	62
1	0	0	62
1	0	0	62
1	0	0	62
1	0	0	62
1	0	0	62
1	0	0	63
1	0	0	63
1	0	0	63
1	0	0	63
1	0	0	63
1	0	0	63
1	0	0	63
1	0	0	63
1	0	0	63
1	0	0	63
1	0	0	63
1	0	0	63
1	0	0	63
1	0	0	63
1	0	0	63
1	0	0	63
1	0	0	63
1	0	0	63
1	0	0	63
1	0	0	63
1	0	0	56
1	0	0	56
1	0	0	56
1	0	0	56
1	0	0	56
1	0	0	56
1	0	0	56
1	0	0	56
1	0	0	64
1	0	0	64
1	0	0	64
1	0	0	64
1	0	0	64
1	0	0	64
1	0	0	64
1	0	0	64
1	0	0	64
1	0	0	64
1	0	0	64
1	0	0	64
1	0	0	64
1	0	0	64
1	0	0	64
1	0	0	64
1	0	0	64
1	0	0	64
1	0	0	64
1	0	0	64
1	0	0	56
1	0	0	56
1	0	0	56
1	0	0	56
1	0	0	56
1	0	0	56
1	0	0	56
1	0	0	55
1	0	0	55
1	0	0	55
1	0	0	55
1	0	0	55
1	0	0	55
1	0	0	55
1	0	0	55
1	0	0	55
1	0	0	55
1	0	0	55
1	0	0	55
1	0	0	55
1	0	0	55
1	0	0	55
1	0	0	55
1	0	0	55
1	0	0	55
1	0	0	65
1	0	0	44
1	0	0	44
1	0	0	66
1	0	0	66
1	0	0	66
1	0	0	66
1	0	0	66
1	0	0	66
1	0	0	66
1	0	0	66
1	0	0	66
1	0	0	66
1	0	0	66
1	0	0	66
1	0	0	66
1	0	0	66
1	0	0	66
1	0	0	66
1	0	0	66
1	0	0	66
1	0	0	66
1	0	0	66
1	0	0	44
1	0	0	44
1	0	0	44
1	0	0	44
1	0	0	67
1	0	0	67
1	0	0	67
1	0	0	67
1	0	0	67
1	0	0	67
1	0	0	67
1	0	0	67
1	0	0	67
1	0	0	67
1	0	0	67
1	0	0	67
1	0	0	67
1	0	0	67
1	0	0	67
1	0	0	67
1	0	0	67
1	0	0	67
1	0	0	67
1	0	0	67
1	0	0	44
1	0	0	44
1	0	0	44
1	0	0	44
1	0	0	44
1	0	0	44
1	0	0	44
1	0	0	44
1	0	0	44
1	0	0	53
1	0	0	65
1	0	0	65
1	0	0	65
1	0	0	65
1	0	0	65
1	0	0	65
1	0	0	65
1	0	0	65
1	0	0	65
1	0	0	65
1	0	0	65
1	0	0	65
1	0	0	65
1	0	0	65
1	0	0	65
1	0	0	65
1	0	0	65
1	0	0	65
1	0	0	65
1	0	0	7
1	0	0	7
1	0	0	1
1	0	0	1
1	0	0	1
1	0	0	1
1	0	0	1
1	0	0	1
1	0	0	1
1	0	0	1
1	0	0	68
1	0	0	68
1	0	0	68
1	0	0	68
1	0	0	68
1	0	0	68
1	0	0	68
1	0	0	68
1	0	0	68
1	0	0	68
1	0	0	68
1	0	0	68
1	0	0	68
1	0	0	68
1	0	0	68
1	0	0	68
1	0	0	68
1	0	0	68
1	0	0	68
1	0	0	68
1	0	0	43
1	0	0	43
1	0	0	43
1	0	0	43
1	0	0	3
1	0	0	3
1	0	0	3
1	0	0	3
1	0	0	3
1	0	0	3
1	0	0	3
1	0	0	3
1	0	0	3
1	0	0	3
1	0	0	3
1	0	0	1
1	0	0	1
1	0	0	1
1	0	0	1
1	0	0	1
1	0	0	1
1	0	0	1
1	0	0	1
1	0	0	1
1	0	0	1
1	0	0	3
1	0	0	3
1	0	0	3
1	0	0	3
1	0	0	3
1	0	0	3
1	0	0	3
1	0	0	2
1	0	0	2
1	0	0	2
1	0	0	2
1	0	0	2
1	0	0	2
1	0	0	2
1	0	0	2
1	0	0	2
1	0	0	10
1	0	0	10
1	0	0	10
1	0	0	10
1	0	0	52
1	0	0	52
1	0	0	52
1	0	0	52
1	0	0	52
1	0	0	52
1	0	0	52
1	0	0	52
1	0	0	52
1	0	0	52
1	0	0	52
1	0	0	52
1	0	0	52
1	0	0	52
1	0	0	52
1	0	0	52
0.1	4	3	2
0.1	1361	2	2
0.1	1362	1	2
0.1	6	5	3
0.1	8	7	4
0.1	10	9	5
0.1	14	13	5
0.1	1367	12	5
0.1	16	15	5
0.1	18	17	5
0.1	19	1370	5
0.1	1371	1369	5
0.1	23	22	5
0.1	1373	21	5
0.1	1374	20	5
0.1	1375	1372	5
0.1	1376	1368	5
0.1	1377	11	5
0.1	1378	1366	5
0.1	1379	1365	4
0.1	1380	1364	7
0.1	26	25	6
0.1	27	1382	6
0.1	1383	24	6
0.1	29	28	6
0.1	32	31	6
0.1	34	33	6
0.1	40	39	6
0.1	1388	38	6
0.1	1389	37	6
0.1	1390	36	6
0.1	1391	35	6
0.1	43	42	6
0.1	1393	41	6
0.1	1394	1392	6
0.1	1395	1387	6
0.1	1396	1386	6
0.1	1397	30	6
0.1	1398	1385	6
0.1	1399	1384	6
0.1	46	45	7
0.1	49	48	7
0.1	51	50	7
0.1	1403	1402	7
0.1	1404	47	7
0.1	1405	1401	7
0.1	1406	44	7
0.1	52	1407	7
0.1	1408	1400	7
0.1	54	53	7
0.1	58	57	8
0.1	61	60	8
0.1	1412	59	8
0.1	1413	1411	8
0.1	64	63	8
0.1	66	65	8
0.1	1416	1415	8
0.1	68	67	8
0.1	71	70	8
0.1	1419	69	8
0.1	1420	1418	8
0.1	1421	1417	8
0.1	1422	62	8
0.1	74	73	8
0.1	1424	72	8
0.1	76	75	8
0.1	1426	1425	8
0.1	1427	1423	8
0.1	1428	1414	8
0.1	1429	56	7
0.1	1430	55	7
0.1	1431	1410	7
0.1	78	77	7
0.1	81	80	7
0.1	83	82	9
0.1	86	85	9
0.1	87	1436	9
0.1	1437	84	9
0.1	88	1438	9
0.1	89	1439	9
0.1	1440	1435	9
0.1	91	90	9
0.1	92	1442	9
0.1	1443	1441	9
0.1	94	93	9
0.1	97	96	9
0.1	1446	95	9
0.1	1447	1445	9
0.1	101	100	9
0.1	1449	99	9
0.1	1450	98	9
0.1	1451	1448	9
0.1	1452	1444	9
0.1	1453	1434	7
0.1	1454	79	7
0.1	1455	1433	7
0.1	1456	1432	7
0.1	1457	1409	7
0.1	103	102	10
0.1	104	1459	10
0.1	107	106	10
0.1	1461	105	10
0.1	110	109	11
0.1	1463	108	11
0.1	113	112	11
0.1	1465	111	11
0.1	115	114	11
0.1	118	117	12
0.1	1468	116	12
0.1	120	119	12
0.1	1470	1469	12
0.1	122	121	12
0.1	1472	1471	12
0.1	124	123	12
0.1	1474	1473	12
0.1	126	125	12
0.1	127	1476	12
0.1	129	128	12
0.1	131	130	12
0.1	1479	1478	12
0.1	1480	1477	12
0.1	135	134	12
0.1	1482	133	12
0.1	1483	132	12
0.1	1484	1481	12
0.1	1485	1475	12
0.1	138	137	11
0.1	139	1487	11
0.1	1488	136	11
0.1	1489	1486	11
0.1	140	1490	11
0.1	1491	1467	11
0.1	1492	1466	11
0.1	1493	1464	11
0.1	144	143	13
0.1	146	145	13
0.1	148	147	13
0.1	1497	1496	13
0.1	150	149	13
0.1	151	1499	13
0.1	1500	1498	13
0.1	1501	1495	13
0.1	155	154	13
0.1	1503	153	13
0.1	1504	152	13
0.1	158	157	13
0.1	161	160	13
0.1	1507	159	13
0.1	1508	1506	13
0.1	1509	156	13
0.1	1510	1505	13
0.1	1511	1502	13
0.1	162	1512	13
0.1	1513	142	11
0.1	164	163	11
0.1	166	165	11
0.1	1516	1515	11
0.1	167	1517	11
0.1	1518	1514	11
0.1	1519	141	11
0.1	1520	1494	11
0.1	1521	1462	10
0.1	170	169	10
0.1	1523	168	10
0.1	173	172	14
0.1	175	174	14
0.1	176	1526	14
0.1	178	177	14
0.1	1528	1527	14
0.1	181	180	14
0.1	184	183	14
0.1	1531	182	14
0.1	1532	1530	14
0.1	185	1533	14
0.1	187	186	14
0.1	188	1535	14
0.1	1536	1534	14
0.1	1537	179	14
0.1	190	189	14
0.1	191	1539	14
0.1	1540	1538	14
0.1	1541	1529	14
0.1	1542	1525	14
0.1	192	1543	10
0.1	1544	171	10
0.1	195	194	15
0.1	1546	193	15
0.1	197	196	15
0.1	1548	1547	15
0.1	198	1549	15
0.1	200	199	15
0.1	204	203	15
0.1	1552	202	15
0.1	1553	201	15
0.1	207	206	15
0.1	210	209	15
0.1	1556	208	15
0.1	211	1557	15
0.1	1558	1555	15
0.1	1559	205	15
0.1	1560	1554	15
0.1	1561	1551	15
0.1	1562	1550	15
0.1	212	1563	15
0.1	215	214	16
0.1	216	1565	16
0.1	217	1566	16
0.1	220	219	16
0.1	1568	218	16
0.1	223	222	16
0.1	1570	221	16
0.1	224	1571	16
0.1	1572	1569	16
0.1	1573	1567	16
0.1	228	227	16
0.1	230	229	16
0.1	1576	1575	16
0.1	1577	226	16
0.1	1578	225	16
0.1	233	232	16
0.1	1580	231	16
0.1	1581	1579	16
0.1	1582	1574	16
0.1	1583	213	10
0.1	1584	1564	10
0.1	1585	1545	10
0.1	1586	1524	10
0.1	1587	1522	10
0.1	239	238	17
0.1	1589	237	17
0.1	1590	236	17
0.1	242	241	17
0.1	244	243	17
0.1	1593	1592	17
0.1	1594	240	17
0.1	247	246	17
0.1	1596	245	17
0.1	1597	1595	17
0.1	1598	1591	17
0.1	1599	235	17
0.1	251	250	17
0.1	253	252	17
0.1	1602	1601	17
0.1	1603	249	17
0.1	1604	248	17
0.1	1605	1600	17
0.1	1606	234	17
0.1	261	260	19
0.1	1608	259	19
0.1	1609	258	19
0.1	263	262	19
0.1	265	264	19
0.1	266	1612	19
0.1	268	267	19
0.1	269	1614	19
0.1	272	271	19
0.1	1616	270	19
0.1	1617	1615	19
0.1	277	276	19
0.1	1619	275	19
0.1	1620	274	19
0.1	1621	273	19
0.1	1622	1618	19
0.1	1623	1613	19
0.1	1624	1611	19
0.1	1625	1610	19
0.1	1626	257	18
0.1	1627	256	18
0.1	280	279	21
0.1	281	1629	21
0.1	282	1630	21
0.1	284	283	21
0.1	1632	1631	21
0.1	287	286	21
0.1	1634	285	21
0.1	291	290	21
0.1	1636	289	21
0.1	1637	288	21
0.1	294	293	21
0.1	295	1639	21
0.1	1640	292	21
0.1	1641	1638	21
0.1	298	297	21
0.1	1643	296	21
0.1	1644	1642	21
0.1	1645	1635	21
0.1	1646	1633	21
0.1	301	300	20
0.1	1648	299	20
0.1	1649	1647	20
0.1	302	1650	20
0.1	1651	278	20
0.1	304	303	22
0.1	305	1653	22
0.1	308	307	22
0.1	1655	306	22
0.1	311	310	22
0.1	1657	309	22
0.1	312	1658	22
0.1	314	313	22
0.1	316	315	22
0.1	318	317	22
0.1	319	1662	22
0.1	1663	1661	22
0.1	1664	1660	22
0.1	322	321	22
0.1	1666	320	22
0.1	1667	1665	22
0.1	1668	1659	22
0.1	1669	1656	22
0.1	1670	1654	22
0.1	324	323	20
0.1	1672	1671	20
0.1	329	328	23
0.1	1674	327	23
0.1	331	330	23
0.1	1676	1675	23
0.1	332	1677	23
0.1	334	333	23
0.1	336	335	23
0.1	337	1680	23
0.1	339	338	23
0.1	342	341	23
0.1	345	344	23
0.1	1684	343	23
0.1	1685	1683	23
0.1	1686	340	23
0.1	1687	1682	23
0.1	346	1688	23
0.1	1689	1681	23
0.1	1690	1679	23
0.1	1691	1678	23
0.1	1692	326	20
0.1	1693	325	20
0.1	1694	1673	20
0.1	351	350	25
0.1	1696	349	25
0.1	354	353	25
0.1	358	357	25
0.1	359	1699	25
0.1	1700	356	25
0.1	361	360	25
0.1	1702	1701	25
0.1	1703	355	25
0.1	1704	1698	25
0.1	363	362	25
0.1	364	1706	25
0.1	366	365	25
0.1	368	367	25
0.1	1709	1708	25
0.1	1710	1707	25
0.1	1711	1705	25
0.1	1712	352	25
0.1	1713	1697	25
0.1	369	1714	24
0.1	370	1715	24
0.1	1716	348	24
0.1	1717	347	24
0.1	372	371	24
0.1	378	377	26
0.1	1720	376	26
0.1	379	1721	26
0.1	1722	375	26
0.1	382	381	27
0.1	1724	380	27
0.1	386	385	27
0.1	1726	384	27
0.1	389	388	27
0.1	1728	387	27
0.1	1729	1727	27
0.1	1730	383	27
0.1	392	391	27
0.1	1732	390	27
0.1	1733	1731	27
0.1	394	393	27
0.1	396	395	27
0.1	398	397	27
0.1	1737	1736	27
0.1	399	1738	27
0.1	1739	1735	27
0.1	1740	1734	27
0.1	1741	1725	27
0.1	401	400	26
0.1	403	402	26
0.1	1744	1743	26
0.1	404	1745	26
0.1	407	406	26
0.1	408	1747	26
0.1	409	1748	26
0.1	1749	405	26
0.1	1750	1746	26
0.1	411	410	26
0.1	413	412	26
0.1	414	1753	26
0.1	1754	1752	26
0.1	1755	1751	26
0.1	1756	1742	26
0.1	1757	1723	26
0.1	1758	374	24
0.1	416	415	24
0.1	1760	1759	24
0.1	1761	373	24
0.1	1762	1719	24
0.1	1763	1718	24
0.1	418	417	24
0.1	422	421	24
0.1	1766	420	24
0.1	1767	419	24
0.1	423	1768	24
0.1	1769	1765	24
0.1	426	425	28
0.1	427	1771	28
0.1	428	1772	28
0.1	430	429	28
0.1	432	431	28
0.1	434	433	28
0.1	1776	1775	28
0.1	1777	1774	28
0.1	437	436	28
0.1	1779	435	28
0.1	438	1780	28
0.1	1781	1778	28
0.1	1782	1773	28
0.1	439	1783	28
0.1	441	440	28
0.1	442	1785	28
0.1	443	1786	28
0.1	1787	1784	28
0.1	1788	424	28
0.1	444	1789	24
0.1	446	445	24
0.1	1791	1790	24
0.1	1792	1770	24
0.1	1793	1764	24
0.1	449	448	29
0.1	450	1795	29
0.1	453	452	29
0.1	455	454	29
0.1	1798	1797	29
0.1	1799	451	29
0.1	1800	1796	29
0.1	457	456	29
0.1	459	458	29
0.1	1803	1802	29
0.1	464	463	29
0.1	1805	462	29
0.1	466	465	29
0.1	467	1807	29
0.1	1808	1806	29
0.1	1809	461	29
0.1	1810	460	29
0.1	1811	1804	29
0.1	1812	1801	29
0.1	1813	447	20
0.1	470	469	30
0.1	473	472	30
0.1	1816	471	30
0.1	1817	1815	30
0.1	475	474	30
0.1	1819	1818	30
0.1	1820	468	30
0.1	476	1821	30
0.1	478	477	30
0.1	481	480	30
0.1	1824	479	30
0.1	1825	1823	30
0.1	485	484	30
0.1	487	486	30
0.1	1828	1827	30
0.1	1829	483	30
0.1	1830	482	30
0.1	1831	1826	30
0.1	1832	1822	30
0.1	1833	1814	20
0.1	1834	1794	20
0.1	489	488	31
0.1	494	493	31
0.1	1837	492	31
0.1	495	1838	31
0.1	1839	491	31
0.1	1840	490	31
0.1	498	497	31
0.1	1842	496	31
0.1	500	499	31
0.1	501	1844	31
0.1	503	502	31
0.1	504	1846	31
0.1	1847	1845	31
0.1	506	505	31
0.1	507	1849	31
0.1	1850	1848	31
0.1	1851	1843	31
0.1	1852	1841	31
0.1	1853	1836	31
0.1	509	508	20
0.1	1855	1854	20
0.1	511	510	20
0.1	514	513	20
0.1	1858	512	20
0.1	1859	1857	20
0.1	516	515	20
0.1	518	517	32
0.1	520	519	32
0.1	1863	1862	32
0.1	522	521	32
0.1	524	523	32
0.1	526	525	32
0.1	1867	1866	32
0.1	1868	1865	32
0.1	528	527	32
0.1	529	1870	32
0.1	531	530	32
0.1	1872	1871	32
0.1	1873	1869	32
0.1	532	1874	32
0.1	533	1875	32
0.1	535	534	32
0.1	536	1877	32
0.1	1878	1876	32
0.1	1879	1864	32
0.1	1880	1861	20
0.1	1881	1860	20
0.1	1882	1856	20
0.1	1883	1835	20
0.1	537	1884	20
0.1	1885	1695	20
0.1	1886	1652	20
0.1	1887	1628	18
0.1	1888	255	18
0.1	539	538	33
0.1	542	541	33
0.1	544	543	33
0.1	1892	1891	33
0.1	1893	540	33
0.1	547	546	33
0.1	1895	545	33
0.1	550	549	33
0.1	1897	548	33
0.1	1898	1896	33
0.1	1899	1894	33
0.1	552	551	33
0.1	553	1901	33
0.1	555	554	33
0.1	1903	1902	33
0.1	557	556	33
0.1	1905	1904	33
0.1	1906	1900	33
0.1	1907	1890	33
0.1	561	560	34
0.1	1909	559	34
0.1	562	1910	34
0.1	563	1911	34
0.1	564	1912	34
0.1	1913	558	34
0.1	568	567	34
0.1	1915	566	34
0.1	569	1916	34
0.1	1917	565	34
0.1	570	1918	34
0.1	571	1919	34
0.1	1920	1914	34
0.1	573	572	34
0.1	575	574	34
0.1	1923	1922	34
0.1	577	576	34
0.1	1925	1924	34
0.1	1926	1921	34
0.1	578	1927	18
0.1	1928	1908	18
0.1	583	582	35
0.1	584	1930	35
0.1	586	585	35
0.1	588	587	35
0.1	589	1933	35
0.1	593	592	35
0.1	1935	591	35
0.1	1936	590	35
0.1	594	1937	35
0.1	1938	1934	35
0.1	1939	1932	35
0.1	1940	1931	35
0.1	598	597	35
0.1	1942	596	35
0.1	600	599	35
0.1	601	1944	35
0.1	1945	1943	35
0.1	1946	595	35
0.1	1947	1941	35
0.1	1948	581	18
0.1	1949	580	18
0.1	603	602	36
0.1	606	605	36
0.1	1952	604	36
0.1	1953	1951	36
0.1	610	609	36
0.1	1955	608	36
0.1	611	1956	36
0.1	613	612	36
0.1	1958	1957	36
0.1	1959	607	36
0.1	616	615	36
0.1	617	1961	36
0.1	620	619	36
0.1	1963	618	36
0.1	1964	1962	36
0.1	1965	614	36
0.1	1966	1960	36
0.1	621	1967	36
0.1	1968	1954	36
0.1	623	622	18
0.1	1970	1969	18
0.1	628	627	37
0.1	1972	626	37
0.1	630	629	37
0.1	631	1974	37
0.1	1975	1973	37
0.1	1976	625	37
0.1	633	632	37
0.1	634	1978	37
0.1	1979	1977	37
0.1	636	635	37
0.1	638	637	37
0.1	639	1982	37
0.1	640	1983	37
0.1	642	641	37
0.1	1985	1984	37
0.1	1986	1981	37
0.1	644	643	37
0.1	1988	1987	37
0.1	1989	1980	37
0.1	646	645	38
0.1	647	1991	38
0.1	649	648	38
0.1	650	1993	38
0.1	651	1994	38
0.1	653	652	38
0.1	1996	1995	38
0.1	656	655	38
0.1	658	657	38
0.1	1999	1998	38
0.1	2000	654	38
0.1	2001	1997	38
0.1	2002	1992	38
0.1	659	2003	38
0.1	660	2004	38
0.1	662	661	38
0.1	664	663	38
0.1	2007	2006	38
0.1	2008	2005	38
0.1	2009	1990	18
0.1	666	665	18
0.1	2011	2010	18
0.1	2012	624	18
0.1	668	667	18
0.1	2014	2013	18
0.1	670	669	39
0.1	672	671	39
0.1	675	674	39
0.1	2018	673	39
0.1	676	2019	39
0.1	2020	2017	39
0.1	2021	2016	39
0.1	678	677	39
0.1	679	2023	39
0.1	2024	2022	39
0.1	681	680	18
0.1	682	2026	18
0.1	2027	2025	18
0.1	683	2028	18
0.1	685	684	39
0.1	687	686	39
0.1	2031	2030	39
0.1	688	2032	39
0.1	689	2033	39
0.1	690	2034	39
0.1	692	691	39
0.1	2036	2035	39
0.1	694	693	40
0.1	697	696	40
0.1	2039	695	40
0.1	698	2040	40
0.1	701	700	40
0.1	2042	699	40
0.1	2043	2041	40
0.1	2044	2038	40
0.1	703	702	40
0.1	705	704	40
0.1	708	707	40
0.1	710	709	40
0.1	712	711	40
0.1	2050	2049	40
0.1	2051	2048	40
0.1	2052	706	40
0.1	2053	2047	40
0.1	2054	2046	40
0.1	2055	2045	40
0.1	2056	2037	39
0.1	715	714	41
0.1	717	716	41
0.1	2059	2058	41
0.1	720	719	41
0.1	722	721	41
0.1	723	2062	41
0.1	2063	2061	41
0.1	2064	718	41
0.1	2065	2060	41
0.1	726	725	41
0.1	728	727	41
0.1	2068	2067	41
0.1	2069	724	41
0.1	731	730	41
0.1	2071	729	41
0.1	2072	2070	41
0.1	733	732	41
0.1	2074	2073	41
0.1	2075	2066	41
0.1	735	734	42
0.1	738	737	42
0.1	2078	736	42
0.1	739	2079	42
0.1	2080	2077	42
0.1	743	742	42
0.1	2082	741	42
0.1	2083	740	42
0.1	745	744	42
0.1	2085	2084	42
0.1	2086	2081	42
0.1	748	747	42
0.1	749	2088	42
0.1	2089	746	42
0.1	752	751	42
0.1	753	2091	42
0.1	2092	750	42
0.1	2093	2090	42
0.1	2094	2087	42
0.1	2095	2076	42
0.1	2096	713	18
0.1	2097	2057	18
0.1	754	2098	18
0.1	2099	2029	18
0.1	2100	2015	18
0.1	2101	1971	18
0.1	2102	1950	18
0.1	2103	579	18
0.1	2104	1929	18
0.1	2105	1889	18
0.1	755	2106	10
0.1	757	756	10
0.1	2108	2107	10
0.1	2109	254	10
0.1	2110	1607	10
0.1	2111	1588	10
0.1	2112	1460	10
0.1	2113	1458	7
0.1	2114	1381	7
0.1	2115	1363	2
0.1	762	761	43
0.1	2117	760	43
0.1	2118	759	43
0.1	2119	758	43
0.1	765	764	44
0.1	766	2121	44
0.1	2122	763	44
0.1	769	768	45
0.1	2124	767	45
0.1	771	770	45
0.1	772	2126	45
0.1	774	773	45
0.1	775	2128	45
0.1	2129	2127	45
0.1	2130	2125	45
0.1	2131	2123	44
0.1	2132	2120	44
0.1	781	780	47
0.1	782	2134	47
0.1	784	783	47
0.1	786	785	47
0.1	2137	2136	47
0.1	2138	2135	47
0.1	2139	779	47
0.1	788	787	47
0.1	791	790	47
0.1	2142	789	47
0.1	2143	2141	47
0.1	2144	2140	47
0.1	793	792	47
0.1	2146	2145	47
0.1	795	794	47
0.1	2148	2147	47
0.1	797	796	47
0.1	2150	2149	47
0.1	2151	778	47
0.1	800	799	46
0.1	802	801	46
0.1	2154	2153	46
0.1	2155	798	46
0.1	2156	2152	46
0.1	2157	777	46
0.1	805	804	45
0.1	807	806	45
0.1	809	808	45
0.1	2161	2160	45
0.1	810	2162	45
0.1	2163	2159	45
0.1	813	812	45
0.1	2165	811	45
0.1	2166	2164	45
0.1	814	2167	45
0.1	2168	803	45
0.1	2169	2158	46
0.1	817	816	4
0.1	2171	815	4
0.1	821	820	48
0.1	824	823	48
0.1	2174	822	48
0.1	826	825	48
0.1	828	827	48
0.1	2177	2176	48
0.1	2178	2175	48
0.1	829	2179	48
0.1	2180	2173	48
0.1	831	830	48
0.1	832	2182	48
0.1	836	835	48
0.1	2184	834	48
0.1	2185	833	48
0.1	2186	2183	48
0.1	837	2187	48
0.1	838	2188	48
0.1	2189	2181	48
0.1	839	2190	48
0.1	2191	819	46
0.1	2192	818	46
0.1	841	840	46
0.1	846	845	49
0.1	2195	844	49
0.1	2196	843	49
0.1	848	847	49
0.1	850	849	49
0.1	2199	2198	49
0.1	852	851	49
0.1	2201	2200	49
0.1	856	855	49
0.1	857	2203	49
0.1	2204	854	49
0.1	2205	853	49
0.1	859	858	49
0.1	2207	2206	49
0.1	2208	2202	49
0.1	862	861	49
0.1	2210	860	49
0.1	2211	2209	49
0.1	2212	2197	49
0.1	2213	842	46
0.1	864	863	46
0.1	865	2215	46
0.1	867	866	50
0.1	870	869	50
0.1	2218	868	50
0.1	873	872	50
0.1	874	2220	50
0.1	876	875	50
0.1	2222	2221	50
0.1	2223	871	50
0.1	877	2224	50
0.1	2225	2219	50
0.1	879	878	50
0.1	881	880	50
0.1	2228	2227	50
0.1	882	2229	50
0.1	885	884	50
0.1	2231	883	50
0.1	2232	2230	50
0.1	2233	2226	50
0.1	2234	2217	50
0.1	2235	2216	46
0.1	2236	2214	46
0.1	2237	2194	46
0.1	2238	2193	46
0.1	2239	2172	46
0.1	2240	2170	46
0.1	888	887	46
0.1	890	889	46
0.1	2243	2242	46
0.1	2244	886	46
0.1	891	2245	46
0.1	895	894	51
0.1	2247	893	51
0.1	2248	892	51
0.1	899	898	51
0.1	2250	897	51
0.1	901	900	51
0.1	2252	2251	51
0.1	2253	896	51
0.1	2254	2249	51
0.1	906	905	43
0.1	908	907	43
0.1	2257	2256	43
0.1	2258	904	43
0.1	910	909	43
0.1	2260	2259	43
0.1	2261	903	43
0.1	912	911	43
0.1	2263	2262	43
0.1	2264	902	43
0.1	914	913	52
0.1	915	2266	52
0.1	2267	2265	51
0.1	2268	2255	51
0.1	2269	2246	46
0.1	2270	2241	46
0.1	918	917	53
0.1	921	920	53
0.1	2273	919	53
0.1	2274	2272	53
0.1	2275	916	53
0.1	924	923	53
0.1	2277	922	53
0.1	925	2278	53
0.1	2279	2276	53
0.1	928	927	53
0.1	2281	926	53
0.1	930	929	53
0.1	2283	2282	53
0.1	2284	2280	53
0.1	934	933	53
0.1	2286	932	53
0.1	2287	931	53
0.1	2288	2285	53
0.1	936	935	5
0.1	937	2290	5
0.1	939	938	5
0.1	2292	2291	5
0.1	943	942	51
0.1	2294	941	51
0.1	2295	940	51
0.1	944	2296	51
0.1	947	946	51
0.1	949	948	51
0.1	950	2299	51
0.1	2300	2298	51
0.1	2301	945	51
0.1	2302	2297	51
0.1	952	951	54
0.1	2304	2303	51
0.1	2305	2293	51
0.1	954	953	4
0.1	956	955	4
0.1	2308	2307	4
0.1	957	2309	4
0.1	961	960	4
0.1	2311	959	4
0.1	2312	958	4
0.1	962	2313	4
0.1	964	963	4
0.1	2315	2314	4
0.1	966	965	4
0.1	2317	2316	4
0.1	2318	2310	4
0.1	2319	2306	53
0.1	2320	2289	53
0.1	2321	2271	53
0.1	2322	776	44
0.1	2323	2133	44
0.1	970	969	2
0.1	2325	968	2
0.1	973	972	2
0.1	2327	971	2
0.1	2328	2326	2
0.1	974	2329	2
0.1	975	2330	2
0.1	2331	967	2
0.1	977	976	54
0.1	978	2333	54
0.1	981	980	54
0.1	982	2335	54
0.1	983	2336	54
0.1	985	984	54
0.1	2338	2337	54
0.1	987	986	54
0.1	990	989	54
0.1	2341	988	54
0.1	2342	2340	54
0.1	2343	2339	54
0.1	992	991	54
0.1	993	2345	54
0.1	2346	2344	54
0.1	2347	979	54
0.1	2348	2334	54
0.1	2349	2332	2
0.1	997	996	56
0.1	1004	1003	57
0.1	2352	1002	57
0.1	2353	1001	57
0.1	2354	1000	57
0.1	1007	1006	57
0.1	1008	2356	57
0.1	2357	1005	57
0.1	1010	1009	57
0.1	1012	1011	57
0.1	2360	2359	57
0.1	1014	1013	57
0.1	2362	2361	57
0.1	2363	2358	57
0.1	1018	1017	57
0.1	2365	1016	57
0.1	2366	1015	57
0.1	1019	2367	57
0.1	2368	2364	57
0.1	2369	2355	57
0.1	1021	1020	58
0.1	1023	1022	58
0.1	1024	2372	58
0.1	2373	2371	58
0.1	1026	1025	58
0.1	1028	1027	58
0.1	1030	1029	58
0.1	1033	1032	58
0.1	1036	1035	58
0.1	2379	1034	58
0.1	2380	2378	58
0.1	2381	1031	58
0.1	2382	2377	58
0.1	2383	2376	58
0.1	1039	1038	58
0.1	2385	1037	58
0.1	2386	2384	58
0.1	2387	2375	58
0.1	2388	2374	58
0.1	1042	1041	59
0.1	2390	1040	59
0.1	1045	1044	59
0.1	2392	1043	59
0.1	1047	1046	59
0.1	1048	2394	59
0.1	1049	2395	59
0.1	2396	2393	59
0.1	1052	1051	59
0.1	2398	1050	59
0.1	1053	2399	59
0.1	1055	1054	59
0.1	1056	2401	59
0.1	2402	2400	59
0.1	1059	1058	59
0.1	2404	1057	59
0.1	2405	2403	59
0.1	2406	2397	59
0.1	2407	2391	59
0.1	2408	2389	59
0.1	2409	2370	59
0.1	2410	999	56
0.1	2411	998	56
0.1	1060	2412	56
0.1	2413	2351	56
0.1	1062	1061	60
0.1	1063	2415	60
0.1	1065	1064	60
0.1	1067	1066	60
0.1	1070	1069	60
0.1	2419	1068	60
0.1	2420	2418	60
0.1	1072	1071	60
0.1	2422	2421	60
0.1	1074	1073	60
0.1	1075	2424	60
0.1	1078	1077	60
0.1	2426	1076	60
0.1	2427	2425	60
0.1	1080	1079	60
0.1	2429	2428	60
0.1	2430	2423	60
0.1	2431	2417	60
0.1	2432	2416	60
0.1	1082	1081	61
0.1	1086	1085	61
0.1	2435	1084	61
0.1	2436	1083	61
0.1	1087	2437	61
0.1	2438	2434	61
0.1	1090	1089	61
0.1	2440	1088	61
0.1	1092	1091	61
0.1	2442	2441	61
0.1	2443	2439	61
0.1	1095	1094	61
0.1	1096	2445	61
0.1	1098	1097	61
0.1	2447	2446	61
0.1	2448	1093	61
0.1	2449	2444	61
0.1	1100	1099	61
0.1	2451	2450	61
0.1	1104	1103	62
0.1	2453	1102	62
0.1	2454	1101	62
0.1	1105	2455	62
0.1	1107	1106	62
0.1	1109	1108	62
0.1	2458	2457	62
0.1	1112	1111	62
0.1	2460	1110	62
0.1	1114	1113	62
0.1	1116	1115	62
0.1	2463	2462	62
0.1	1118	1117	62
0.1	2465	2464	62
0.1	2466	2461	62
0.1	2467	2459	62
0.1	1119	2468	62
0.1	1120	2469	62
0.1	2470	2456	62
0.1	2471	2452	60
0.1	2472	2433	60
0.1	1122	1121	63
0.1	1127	1126	63
0.1	2475	1125	63
0.1	2476	1124	63
0.1	1132	1131	63
0.1	2478	1130	63
0.1	2479	1129	63
0.1	1135	1134	63
0.1	1136	2481	63
0.1	2482	1133	63
0.1	1138	1137	63
0.1	2484	2483	63
0.1	2485	2480	63
0.1	1139	2486	63
0.1	2487	1128	63
0.1	2488	2477	63
0.1	2489	1123	63
0.1	2490	2474	63
0.1	1140	2491	63
0.1	2492	2473	60
0.1	1143	1142	56
0.1	2494	1141	56
0.1	2495	2493	56
0.1	1145	1144	56
0.1	1147	1146	56
0.1	2498	2497	56
0.1	1151	1150	64
0.1	1153	1152	64
0.1	2501	2500	64
0.1	2502	1149	64
0.1	1156	1155	64
0.1	1159	1158	64
0.1	2505	1157	64
0.1	2506	2504	64
0.1	2507	1154	64
0.1	1160	2508	64
0.1	1161	2509	64
0.1	1165	1164	64
0.1	2511	1163	64
0.1	2512	1162	64
0.1	1166	2513	64
0.1	1168	1167	64
0.1	2515	2514	64
0.1	2516	2510	64
0.1	2517	2503	64
0.1	1169	2518	56
0.1	1170	2519	56
0.1	1172	1171	56
0.1	2521	2520	56
0.1	1174	1173	56
0.1	2523	2522	56
0.1	2524	1148	56
0.1	2525	2499	56
0.1	2526	2496	56
0.1	2527	2414	56
0.1	1175	2528	56
0.1	1177	1176	55
0.1	2530	2529	55
0.1	1180	1179	55
0.1	2532	1178	55
0.1	2533	2531	55
0.1	1181	2534	55
0.1	2535	995	55
0.1	2536	994	55
0.1	1186	1185	55
0.1	2538	1184	55
0.1	2539	1183	55
0.1	1188	1187	55
0.1	1189	2541	55
0.1	1190	2542	55
0.1	2543	2540	55
0.1	1193	1192	55
0.1	2545	1191	55
0.1	2546	2544	55
0.1	2547	1182	55
0.1	2548	2537	55
0.1	1198	1197	66
0.1	1199	2550	66
0.1	1201	1200	66
0.1	1203	1202	66
0.1	1205	1204	66
0.1	2554	2553	66
0.1	2555	2552	66
0.1	2556	2551	66
0.1	1208	1207	66
0.1	1209	2558	66
0.1	1212	1211	66
0.1	1213	2560	66
0.1	1214	2561	66
0.1	2562	1210	66
0.1	2563	2559	66
0.1	2564	1206	66
0.1	2565	2557	66
0.1	1216	1215	66
0.1	2567	2566	66
0.1	1217	2568	44
0.1	2569	1196	44
0.1	1222	1221	67
0.1	1225	1224	67
0.1	1227	1226	67
0.1	2573	2572	67
0.1	2574	1223	67
0.1	2575	2571	67
0.1	1230	1229	67
0.1	2577	1228	67
0.1	2578	2576	67
0.1	1234	1233	67
0.1	2580	1232	67
0.1	1235	2581	67
0.1	1237	1236	67
0.1	2583	2582	67
0.1	2584	1231	67
0.1	2585	2579	67
0.1	1240	1239	67
0.1	2587	1238	67
0.1	2588	2586	67
0.1	2589	1220	44
0.1	1241	2590	44
0.1	2591	1219	44
0.1	1245	1244	44
0.1	2593	1243	44
0.1	1247	1246	44
0.1	2595	2594	44
0.1	2596	1242	44
0.1	2597	2592	44
0.1	2598	1218	44
0.1	1249	1248	44
0.1	2600	2599	44
0.1	2601	2570	44
0.1	2602	1195	44
0.1	1251	1250	65
0.1	2604	2603	65
0.1	1254	1253	65
0.1	2606	1252	65
0.1	1257	1256	65
0.1	2608	1255	65
0.1	1258	2609	65
0.1	2610	2607	65
0.1	1261	1260	65
0.1	2612	1259	65
0.1	1264	1263	65
0.1	2614	1262	65
0.1	2615	2613	65
0.1	2616	2611	65
0.1	1266	1265	65
0.1	2618	2617	65
0.1	1269	1268	65
0.1	2620	1267	65
0.1	2621	2619	65
0.1	2622	2605	65
0.1	2623	1194	65
0.1	2624	2549	3
0.1	1271	1270	7
0.1	1273	1272	1
0.1	1275	1274	1
0.1	1277	1276	1
0.1	1278	2629	1
0.1	2630	2628	1
0.1	1279	2631	1
0.1	2632	2627	1
0.1	2633	2626	7
0.1	1283	1282	68
0.1	2635	1281	68
0.1	1284	2636	68
0.1	1286	1285	68
0.1	1288	1287	68
0.1	1289	2639	68
0.1	2640	2638	68
0.1	2641	2637	68
0.1	2642	1280	68
0.1	1291	1290	68
0.1	1292	2644	68
0.1	1294	1293	68
0.1	1297	1296	68
0.1	2647	1295	68
0.1	2648	2646	68
0.1	2649	2645	68
0.1	2650	2643	68
0.1	1298	2651	68
0.1	1299	2652	68
0.1	2653	2634	7
0.1	1302	1301	43
0.1	1303	2655	43
0.1	2656	1300	43
0.1	1305	1304	3
0.1	1309	1308	3
0.1	2659	1307	3
0.1	2660	1306	3
0.1	1313	1312	3
0.1	2662	1311	3
0.1	1314	2663	3
0.1	2664	1310	3
0.1	2665	2661	3
0.1	2666	2658	3
0.1	2667	2657	3
0.1	1316	1315	1
0.1	1318	1317	1
0.1	1320	1319	1
0.1	1321	2671	1
0.1	2672	2670	1
0.1	1323	1322	1
0.1	1324	2674	1
0.1	2675	2673	1
0.1	2676	2669	1
0.1	1327	1326	3
0.1	2678	1325	3
0.1	1331	1330	3
0.1	2680	1329	3
0.1	2681	1328	3
0.1	2682	2679	3
0.1	2683	2677	3
0.1	2684	2668	3
0.1	2685	2654	3
0.1	2686	2625	3
0.1	2687	2350	2
0.1	2688	2324	2
0.1	1337	1336	2
0.1	2690	1335	2
0.1	2691	1334	2
0.1	2692	1333	2
0.1	2693	1332	2
0.1	1339	1338	2
0.1	1340	2695	2
0.1	2696	2694	2
0.1	1344	1343	10
0.1	2698	1342	10
0.1	2699	1341	10
0.1	1346	1345	52
0.1	1348	1347	52
0.1	2702	2701	52
0.1	1351	1350	52
0.1	2704	1349	52
0.1	2705	2703	52
0.1	1354	1353	52
0.1	1356	1355	52
0.1	2708	2707	52
0.1	2709	1352	52
0.1	1360	1359	52
0.1	2711	1358	52
0.1	2712	1357	52
0.1	2713	2710	52
0.1	2714	2706	52
0.1	2715	2700	52
0.1	2716	2697	2
0.1	2717	2689	2
0.1	2718	2116	2
