1	0	0	1
1	0	0	1
1	0	0	1
1	0	0	1
1	0	0	1
1	0	0	1
1	0	0	2
1	0	0	2
1	0	0	2
1	0	0	2
1	0	0	2
1	0	0	2
1	0	0	2
1	0	0	3
1	0	0	4
1	0	0	4
1	0	0	4
1	0	0	4
1	0	0	4
1	0	0	4
1	0	0	4
1	0	0	4
1	0	0	4
1	0	0	4
1	0	0	3
1	0	0	3
1	0	0	3
1	0	0	5
1	0	0	3
1	0	0	3
1	0	0	3
1	0	0	3
1	0	0	3
1	0	0	3
1	0	0	5
1	0	0	5
1	0	0	5
1	0	0	5
1	0	0	5
1	0	0	5
1	0	0	5
1	0	0	5
1	0	0	2
1	0	0	5
1	0	0	2
1	0	0	2
1	0	0	1
1	0	0	1
1	0	0	1
1	0	0	1
1	0	0	6
1	0	0	6
1	0	0	6
1	0	0	6
1	0	0	6
1	0	0	7
1	0	0	7
1	0	0	7
1	0	0	7
1	0	0	7
1	0	0	7
1	0	0	7
1	0	0	7
1	0	0	7
1	0	0	7
1	0	0	8
1	0	0	8
1	0	0	8
1	0	0	8
1	0	0	8
1	0	0	8
1	0	0	8
1	0	0	8
1	0	0	8
1	0	0	8
1	0	0	6
1	0	0	9
1	0	0	9
1	0	0	9
1	0	0	9
1	0	0	9
1	0	0	9
1	0	0	9
1	0	0	9
1	0	0	9
1	0	0	10
1	0	0	10
1	0	0	10
1	0	0	10
1	0	0	10
1	0	0	10
1	0	0	10
1	0	0	10
1	0	0	10
1	0	0	11
1	0	0	10
1	0	0	11
1	0	0	12
1	0	0	12
1	0	0	12
1	0	0	12
1	0	0	12
1	0	0	12
1	0	0	12
1	0	0	12
1	0	0	12
1	0	0	13
1	0	0	13
1	0	0	13
1	0	0	13
1	0	0	13
1	0	0	13
1	0	0	13
1	0	0	13
1	0	0	13
1	0	0	13
1	0	0	12
1	0	0	14
1	0	0	14
1	0	0	14
1	0	0	14
1	0	0	14
1	0	0	14
1	0	0	14
1	0	0	14
1	0	0	14
1	0	0	14
1	0	0	11
1	0	0	11
1	0	0	11
1	0	0	15
1	0	0	15
1	0	0	15
1	0	0	15
1	0	0	15
1	0	0	15
1	0	0	15
1	0	0	15
1	0	0	15
1	0	0	15
1	0	0	16
1	0	0	16
1	0	0	16
1	0	0	16
1	0	0	16
1	0	0	16
1	0	0	16
1	0	0	16
1	0	0	16
1	0	0	16
1	0	0	11
1	0	0	11
1	0	0	11
1	0	0	17
1	0	0	17
1	0	0	17
1	0	0	17
1	0	0	17
1	0	0	17
1	0	0	17
1	0	0	17
1	0	0	17
1	0	0	17
1	0	0	11
1	0	0	18
1	0	0	18
1	0	0	18
1	0	0	18
1	0	0	18
1	0	0	18
1	0	0	18
1	0	0	18
1	0	0	18
1	0	0	18
1	0	0	11
1	0	0	19
1	0	0	19
1	0	0	19
1	0	0	19
1	0	0	19
1	0	0	19
1	0	0	19
1	0	0	19
1	0	0	19
1	0	0	19
1	0	0	9
1	0	0	6
1	0	0	6
1	0	0	6
1	0	0	6
1	0	0	20
1	0	0	20
1	0	0	20
1	0	0	20
1	0	0	20
1	0	0	21
1	0	0	21
1	0	0	21
1	0	0	21
1	0	0	21
1	0	0	21
1	0	0	21
1	0	0	22
1	0	0	22
1	0	0	22
1	0	0	22
1	0	0	22
1	0	0	22
1	0	0	22
1	0	0	22
1	0	0	22
1	0	0	22
1	0	0	23
1	0	0	23
1	0	0	23
1	0	0	23
1	0	0	23
1	0	0	23
1	0	0	23
1	0	0	23
1	0	0	23
1	0	0	23
1	0	0	24
1	0	0	24
1	0	0	24
1	0	0	24
1	0	0	24
1	0	0	24
1	0	0	24
1	0	0	24
1	0	0	24
1	0	0	24
1	0	0	21
1	0	0	21
1	0	0	21
1	0	0	20
1	0	0	20
1	0	0	20
1	0	0	20
1	0	0	20
1	0	0	25
1	0	0	25
1	0	0	25
1	0	0	25
1	0	0	25
1	0	0	25
1	0	0	25
1	0	0	25
1	0	0	25
1	0	0	25
1	0	0	26
1	0	0	26
1	0	0	26
1	0	0	26
1	0	0	26
1	0	0	26
1	0	0	27
1	0	0	27
1	0	0	27
1	0	0	27
1	0	0	27
1	0	0	27
1	0	0	27
1	0	0	27
1	0	0	27
1	0	0	27
1	0	0	28
1	0	0	28
1	0	0	28
1	0	0	28
1	0	0	28
1	0	0	28
1	0	0	28
1	0	0	28
1	0	0	29
1	0	0	29
1	0	0	29
1	0	0	29
1	0	0	29
1	0	0	29
1	0	0	29
1	0	0	30
1	0	0	30
1	0	0	29
1	0	0	29
1	0	0	29
1	0	0	28
1	0	0	28
1	0	0	31
1	0	0	31
1	0	0	31
1	0	0	31
1	0	0	31
1	0	0	31
1	0	0	31
1	0	0	31
1	0	0	31
1	0	0	31
1	0	0	30
1	0	0	30
1	0	0	30
1	0	0	30
1	0	0	30
1	0	0	30
1	0	0	30
1	0	0	30
1	0	0	26
1	0	0	26
1	0	0	32
1	0	0	32
1	0	0	32
1	0	0	32
1	0	0	32
1	0	0	32
1	0	0	32
1	0	0	32
1	0	0	32
1	0	0	32
1	0	0	33
1	0	0	33
1	0	0	33
1	0	0	33
1	0	0	33
1	0	0	33
1	0	0	33
1	0	0	33
1	0	0	33
1	0	0	33
1	0	0	26
1	0	0	26
0.1	3	2	1
0.1	5	4	1
0.1	9	8	2
0.1	333	7	2
0.1	11	10	2
0.1	335	334	2
0.1	13	12	2
0.1	16	15	4
0.1	19	18	4
0.1	20	339	4
0.1	340	17	4
0.1	22	21	4
0.1	24	23	4
0.1	343	342	4
0.1	344	341	4
0.1	345	338	4
0.1	346	14	3
0.1	27	26	3
0.1	348	25	3
0.1	349	347	3
0.1	32	31	3
0.1	351	30	3
0.1	352	29	3
0.1	353	28	3
0.1	34	33	3
0.1	355	354	3
0.1	356	350	3
0.1	38	37	5
0.1	39	358	5
0.1	41	40	5
0.1	42	360	5
0.1	361	359	5
0.1	362	36	5
0.1	363	35	5
0.1	364	357	2
0.1	43	365	2
0.1	44	366	2
0.1	367	337	2
0.1	368	336	2
0.1	46	45	2
0.1	370	369	2
0.1	371	6	1
0.1	372	332	1
0.1	47	373	1
0.1	374	331	1
0.1	375	1	1
0.1	49	48	1
0.1	50	377	1
0.1	378	376	1
0.1	53	52	6
0.1	380	51	6
0.1	57	56	7
0.1	58	382	7
0.1	60	59	7
0.1	384	383	7
0.1	62	61	7
0.1	386	385	7
0.1	65	64	7
0.1	388	63	7
0.1	389	387	7
0.1	390	55	6
0.1	391	54	6
0.1	392	381	6
0.1	69	68	8
0.1	71	70	8
0.1	72	395	8
0.1	396	394	8
0.1	397	67	8
0.1	398	66	8
0.1	74	73	8
0.1	75	400	8
0.1	401	399	8
0.1	76	402	6
0.1	79	78	9
0.1	81	80	9
0.1	405	404	9
0.1	84	83	9
0.1	407	82	9
0.1	408	406	9
0.1	409	77	9
0.1	87	86	10
0.1	88	411	10
0.1	91	90	10
0.1	92	413	10
0.1	414	89	10
0.1	94	93	10
0.1	416	415	10
0.1	417	412	10
0.1	96	95	10
0.1	419	418	10
0.1	97	420	11
0.1	100	99	12
0.1	101	422	12
0.1	423	98	12
0.1	103	102	12
0.1	105	104	12
0.1	106	426	12
0.1	427	425	12
0.1	428	424	12
0.1	109	108	13
0.1	111	110	13
0.1	431	430	13
0.1	112	432	13
0.1	433	107	13
0.1	113	434	13
0.1	116	115	13
0.1	436	114	13
0.1	437	435	13
0.1	121	120	14
0.1	439	119	14
0.1	440	118	14
0.1	124	123	14
0.1	442	122	14
0.1	443	441	14
0.1	127	126	14
0.1	445	125	14
0.1	446	444	14
0.1	447	117	12
0.1	448	438	12
0.1	449	429	12
0.1	450	421	11
0.1	129	128	11
0.1	132	131	15
0.1	134	133	15
0.1	136	135	15
0.1	140	139	15
0.1	456	138	15
0.1	457	137	15
0.1	458	455	15
0.1	459	454	15
0.1	460	453	15
0.1	143	142	16
0.1	462	141	16
0.1	147	146	16
0.1	464	145	16
0.1	465	144	16
0.1	150	149	16
0.1	467	148	16
0.1	468	466	16
0.1	469	463	16
0.1	151	470	11
0.1	471	461	11
0.1	152	472	11
0.1	473	130	11
0.1	157	156	17
0.1	475	155	17
0.1	476	154	17
0.1	159	158	17
0.1	162	161	17
0.1	479	160	17
0.1	163	480	17
0.1	481	478	17
0.1	482	477	17
0.1	483	153	11
0.1	164	484	11
0.1	485	474	11
0.1	169	168	18
0.1	487	167	18
0.1	488	166	18
0.1	489	165	18
0.1	171	170	18
0.1	173	172	18
0.1	174	492	18
0.1	493	491	18
0.1	494	490	18
0.1	179	178	19
0.1	180	496	19
0.1	497	177	19
0.1	498	176	19
0.1	181	499	19
0.1	185	184	19
0.1	501	183	19
0.1	502	182	19
0.1	503	500	19
0.1	504	175	11
0.1	505	495	11
0.1	506	486	11
0.1	507	452	11
0.1	508	451	11
0.1	186	509	9
0.1	510	85	9
0.1	511	410	9
0.1	189	188	6
0.1	513	187	6
0.1	514	512	6
0.1	515	403	6
0.1	190	516	6
0.1	517	393	6
0.1	518	379	1
0.1	193	192	20
0.1	520	191	20
0.1	198	197	21
0.1	200	199	21
0.1	523	522	21
0.1	201	524	21
0.1	525	196	21
0.1	204	203	22
0.1	207	206	22
0.1	209	208	22
0.1	529	528	22
0.1	530	205	22
0.1	531	527	22
0.1	211	210	22
0.1	212	533	22
0.1	534	532	22
0.1	214	213	23
0.1	217	216	23
0.1	537	215	23
0.1	219	218	23
0.1	220	539	23
0.1	221	540	23
0.1	541	538	23
0.1	222	542	23
0.1	543	536	23
0.1	223	544	24
0.1	224	545	24
0.1	225	546	24
0.1	229	228	24
0.1	548	227	24
0.1	549	226	24
0.1	231	230	24
0.1	232	551	24
0.1	552	550	24
0.1	553	547	24
0.1	233	554	21
0.1	555	535	21
0.1	556	202	21
0.1	234	557	21
0.1	558	526	21
0.1	235	559	21
0.1	560	195	20
0.1	561	194	20
0.1	237	236	20
0.1	239	238	20
0.1	240	564	20
0.1	565	563	20
0.1	566	562	20
0.1	567	521	20
0.1	242	241	25
0.1	245	244	25
0.1	570	243	25
0.1	248	247	25
0.1	572	246	25
0.1	573	571	25
0.1	574	569	25
0.1	250	249	25
0.1	576	575	25
0.1	577	568	20
0.1	251	578	26
0.1	253	252	26
0.1	256	255	26
0.1	581	254	26
0.1	582	580	26
0.1	583	579	26
0.1	259	258	27
0.1	260	585	27
0.1	263	262	27
0.1	264	587	27
0.1	588	261	27
0.1	589	586	27
0.1	265	590	27
0.1	266	591	27
0.1	592	257	27
0.1	268	267	28
0.1	270	269	28
0.1	595	594	28
0.1	273	272	28
0.1	597	271	28
0.1	276	275	29
0.1	279	278	29
0.1	600	277	29
0.1	601	599	29
0.1	281	280	29
0.1	603	602	29
0.1	283	282	30
0.1	286	285	29
0.1	606	284	29
0.1	607	605	29
0.1	608	604	29
0.1	287	609	28
0.1	610	274	28
0.1	288	611	28
0.1	612	598	28
0.1	613	596	28
0.1	614	593	28
0.1	290	289	31
0.1	294	293	31
0.1	617	292	31
0.1	618	291	31
0.1	296	295	31
0.1	620	619	31
0.1	298	297	31
0.1	622	621	31
0.1	623	616	31
0.1	624	615	31
0.1	300	299	30
0.1	302	301	30
0.1	305	304	30
0.1	306	628	30
0.1	629	303	30
0.1	630	627	30
0.1	631	626	30
0.1	632	625	30
0.1	633	584	26
0.1	310	309	32
0.1	314	313	32
0.1	636	312	32
0.1	316	315	32
0.1	638	637	32
0.1	639	311	32
0.1	318	317	32
0.1	641	640	32
0.1	642	635	32
0.1	643	308	26
0.1	320	319	33
0.1	324	323	33
0.1	646	322	33
0.1	647	321	33
0.1	648	645	33
0.1	326	325	33
0.1	650	649	33
0.1	328	327	33
0.1	652	651	33
0.1	329	653	26
0.1	330	654	26
0.1	655	644	26
0.1	656	307	26
0.1	657	634	26
0.1	658	519	1
