1	0	0	1
1	0	0	1
1	0	0	2
1	0	0	3
1	0	0	3
1	0	0	3
1	0	0	4
1	0	0	4
1	0	0	4
1	0	0	4
1	0	0	4
1	0	0	5
1	0	0	5
1	0	0	3
1	0	0	3
1	0	0	6
1	0	0	6
1	0	0	7
1	0	0	7
1	0	0	7
1	0	0	7
1	0	0	7
1	0	0	6
1	0	0	6
1	0	0	6
1	0	0	8
1	0	0	5
1	0	0	5
1	0	0	9
1	0	0	9
1	0	0	9
1	0	0	9
1	0	0	9
1	0	0	5
1	0	0	8
1	0	0	8
1	0	0	8
1	0	0	8
1	0	0	1
1	0	0	1
1	0	0	1
1	0	0	10
1	0	0	10
1	0	0	10
1	0	0	10
1	0	0	10
1	0	0	11
1	0	0	11
1	0	0	11
1	0	0	11
1	0	0	11
1	0	0	12
1	0	0	12
1	0	0	12
1	0	0	12
1	0	0	13
1	0	0	13
1	0	0	13
1	0	0	13
1	0	0	13
1	0	0	14
1	0	0	14
1	0	0	14
1	0	0	14
1	0	0	14
1	0	0	12
1	0	0	15
1	0	0	15
1	0	0	15
1	0	0	15
1	0	0	15
1	0	0	16
1	0	0	16
1	0	0	16
1	0	0	16
1	0	0	16
1	0	0	17
1	0	0	17
1	0	0	17
1	0	0	17
1	0	0	17
1	0	0	18
1	0	0	19
1	0	0	19
1	0	0	19
1	0	0	19
1	0	0	19
1	0	0	18
1	0	0	18
1	0	0	18
1	0	0	18
1	0	0	20
1	0	0	20
1	0	0	20
1	0	0	20
1	0	0	20
1	0	0	21
1	0	0	21
1	0	0	21
1	0	0	21
1	0	0	21
1	0	0	22
1	0	0	22
1	0	0	22
1	0	0	22
1	0	0	22
1	0	0	2
1	0	0	23
1	0	0	23
1	0	0	23
1	0	0	23
1	0	0	23
1	0	0	24
1	0	0	24
1	0	0	24
1	0	0	24
1	0	0	24
1	0	0	25
1	0	0	25
1	0	0	25
1	0	0	25
1	0	0	26
1	0	0	26
1	0	0	26
1	0	0	26
1	0	0	26
1	0	0	27
1	0	0	27
1	0	0	27
1	0	0	27
1	0	0	27
1	0	0	28
1	0	0	28
1	0	0	28
1	0	0	28
1	0	0	28
1	0	0	29
1	0	0	29
1	0	0	29
1	0	0	29
1	0	0	29
1	0	0	25
1	0	0	30
1	0	0	30
1	0	0	30
1	0	0	30
1	0	0	30
1	0	0	2
1	0	0	31
1	0	0	31
1	0	0	31
1	0	0	31
1	0	0	31
1	0	0	32
1	0	0	32
1	0	0	32
1	0	0	32
1	0	0	32
1	0	0	33
1	0	0	33
1	0	0	33
1	0	0	33
1	0	0	33
1	0	0	34
1	0	0	34
1	0	0	34
1	0	0	34
1	0	0	34
1	0	0	35
1	0	0	35
1	0	0	35
1	0	0	35
1	0	0	35
1	0	0	2
1	0	0	36
1	0	0	36
1	0	0	36
1	0	0	36
1	0	0	36
1	0	0	37
1	0	0	37
1	0	0	37
1	0	0	37
1	0	0	37
1	0	0	2
1	0	0	38
1	0	0	38
1	0	0	38
1	0	0	39
1	0	0	39
1	0	0	39
1	0	0	40
1	0	0	40
1	0	0	40
1	0	0	40
1	0	0	40
1	0	0	41
1	0	0	41
1	0	0	41
1	0	0	41
1	0	0	41
1	0	0	42
1	0	0	42
1	0	0	42
1	0	0	42
1	0	0	42
1	0	0	43
1	0	0	43
1	0	0	43
1	0	0	43
1	0	0	43
1	0	0	44
1	0	0	44
1	0	0	44
1	0	0	44
1	0	0	44
1	0	0	45
1	0	0	45
1	0	0	45
1	0	0	45
1	0	0	45
1	0	0	46
1	0	0	46
1	0	0	46
1	0	0	46
1	0	0	46
1	0	0	39
1	0	0	39
1	0	0	47
1	0	0	47
1	0	0	47
1	0	0	48
1	0	0	48
1	0	0	48
1	0	0	48
1	0	0	48
1	0	0	47
1	0	0	47
1	0	0	38
1	0	0	38
1	0	0	49
1	0	0	49
1	0	0	49
1	0	0	49
1	0	0	49
1	0	0	50
1	0	0	50
1	0	0	50
1	0	0	50
1	0	0	50
1	0	0	51
1	0	0	51
1	0	0	51
1	0	0	51
1	0	0	51
1	0	0	52
1	0	0	53
1	0	0	53
1	0	0	53
1	0	0	53
1	0	0	53
1	0	0	54
1	0	0	54
1	0	0	54
1	0	0	54
1	0	0	54
1	0	0	55
1	0	0	55
1	0	0	55
1	0	0	55
1	0	0	56
1	0	0	57
1	0	0	57
1	0	0	57
1	0	0	57
1	0	0	57
1	0	0	58
1	0	0	58
1	0	0	58
1	0	0	58
1	0	0	59
1	0	0	52
1	0	0	52
1	0	0	60
1	0	0	60
1	0	0	60
1	0	0	60
1	0	0	60
1	0	0	61
1	0	0	61
1	0	0	61
1	0	0	61
1	0	0	61
1	0	0	59
1	0	0	59
1	0	0	56
1	0	0	59
1	0	0	59
1	0	0	52
1	0	0	52
1	0	0	62
1	0	0	58
1	0	0	63
1	0	0	63
1	0	0	63
1	0	0	63
1	0	0	63
1	0	0	56
1	0	0	56
1	0	0	56
1	0	0	55
1	0	0	62
1	0	0	62
1	0	0	62
1	0	0	62
0.1	2	1	1
0.1	6	5	3
0.1	317	4	3
0.1	8	7	4
0.1	11	10	4
0.1	320	9	4
0.1	321	319	4
0.1	13	12	5
0.1	15	14	3
0.1	324	323	3
0.1	325	322	3
0.1	20	19	7
0.1	21	327	7
0.1	22	328	7
0.1	329	18	7
0.1	25	24	6
0.1	331	23	6
0.1	332	330	6
0.1	333	17	6
0.1	334	16	6
0.1	335	326	3
0.1	336	318	3
0.1	28	27	5
0.1	338	26	8
0.1	30	29	9
0.1	32	31	9
0.1	341	340	9
0.1	33	342	9
0.1	35	34	8
0.1	38	37	8
0.1	345	36	8
0.1	346	344	8
0.1	347	343	8
0.1	348	339	8
0.1	349	337	2
0.1	350	3	2
0.1	41	40	1
0.1	352	39	1
0.1	353	351	1
0.1	354	316	1
0.1	45	44	10
0.1	46	356	10
0.1	357	43	10
0.1	358	42	10
0.1	50	49	11
0.1	360	48	11
0.1	51	361	11
0.1	362	47	11
0.1	53	52	12
0.1	55	54	12
0.1	365	364	12
0.1	59	58	13
0.1	367	57	13
0.1	60	368	13
0.1	369	56	13
0.1	62	61	14
0.1	63	371	14
0.1	65	64	14
0.1	373	372	14
0.1	374	370	13
0.1	375	366	12
0.1	66	376	12
0.1	377	363	12
0.1	378	359	1
0.1	379	355	1
0.1	68	67	15
0.1	71	70	15
0.1	382	69	15
0.1	383	381	15
0.1	75	74	16
0.1	76	385	16
0.1	386	73	16
0.1	387	72	16
0.1	80	79	17
0.1	389	78	17
0.1	390	77	17
0.1	81	391	17
0.1	392	388	16
0.1	393	384	16
0.1	84	83	19
0.1	87	86	19
0.1	396	85	19
0.1	397	395	19
0.1	398	82	18
0.1	89	88	18
0.1	91	90	18
0.1	401	400	18
0.1	402	399	18
0.1	403	394	20
0.1	95	94	20
0.1	405	93	20
0.1	96	406	20
0.1	407	92	20
0.1	408	404	20
0.1	99	98	21
0.1	100	410	21
0.1	411	97	21
0.1	101	412	21
0.1	104	103	22
0.1	414	102	22
0.1	106	105	22
0.1	416	415	22
0.1	417	413	22
0.1	418	409	20
0.1	419	380	20
0.1	108	107	23
0.1	112	111	23
0.1	422	110	23
0.1	423	109	23
0.1	424	421	23
0.1	115	114	24
0.1	117	116	24
0.1	427	426	24
0.1	428	113	24
0.1	429	425	23
0.1	119	118	25
0.1	124	123	26
0.1	432	122	26
0.1	126	125	26
0.1	434	433	26
0.1	129	128	27
0.1	436	127	27
0.1	131	130	27
0.1	438	437	27
0.1	439	435	27
0.1	136	135	28
0.1	441	134	28
0.1	442	133	28
0.1	443	132	28
0.1	138	137	29
0.1	141	140	29
0.1	446	139	29
0.1	447	445	29
0.1	448	444	28
0.1	449	440	25
0.1	450	121	25
0.1	451	120	25
0.1	142	452	25
0.1	453	431	25
0.1	454	430	25
0.1	145	144	30
0.1	147	146	30
0.1	457	456	30
0.1	458	143	30
0.1	459	455	56
0.1	460	420	56
0.1	152	151	31
0.1	153	462	31
0.1	463	150	31
0.1	464	149	31
0.1	156	155	32
0.1	158	157	32
0.1	467	466	32
0.1	468	154	32
0.1	469	465	32
0.1	470	148	2
0.1	161	160	33
0.1	162	472	33
0.1	163	473	33
0.1	474	159	33
0.1	475	471	2
0.1	165	164	34
0.1	168	167	34
0.1	478	166	34
0.1	479	477	34
0.1	171	170	35
0.1	481	169	35
0.1	173	172	35
0.1	483	482	35
0.1	484	480	2
0.1	176	175	36
0.1	178	177	36
0.1	184	183	37
0.1	488	182	37
0.1	489	181	37
0.1	490	180	37
0.1	491	179	36
0.1	492	487	36
0.1	493	486	36
0.1	494	174	2
0.1	495	485	2
0.1	496	476	2
0.1	187	186	38
0.1	190	189	39
0.1	191	499	39
0.1	194	193	40
0.1	196	195	40
0.1	502	501	40
0.1	503	192	40
0.1	198	197	41
0.1	199	505	41
0.1	201	200	41
0.1	507	506	41
0.1	508	504	39
0.1	509	500	39
0.1	205	204	42
0.1	206	511	42
0.1	512	203	42
0.1	513	202	42
0.1	209	208	43
0.1	515	207	43
0.1	211	210	43
0.1	517	516	43
0.1	213	212	44
0.1	216	215	44
0.1	520	214	44
0.1	521	519	44
0.1	522	518	44
0.1	219	218	45
0.1	524	217	45
0.1	221	220	45
0.1	526	525	45
0.1	527	523	44
0.1	528	514	42
0.1	529	510	39
0.1	224	223	46
0.1	226	225	46
0.1	532	531	46
0.1	533	222	46
0.1	231	230	47
0.1	535	229	47
0.1	234	233	48
0.1	236	235	48
0.1	538	537	48
0.1	539	232	48
0.1	238	237	47
0.1	541	540	47
0.1	542	536	47
0.1	543	228	39
0.1	544	227	39
0.1	545	534	39
0.1	546	530	39
0.1	547	188	38
0.1	239	548	38
0.1	549	498	38
0.1	240	550	38
0.1	551	185	2
0.1	242	241	49
0.1	244	243	49
0.1	554	553	49
0.1	245	555	49
0.1	247	246	50
0.1	248	557	50
0.1	250	249	50
0.1	559	558	50
0.1	560	556	49
0.1	561	552	2
0.1	562	497	2
0.1	253	252	51
0.1	564	251	51
0.1	255	254	51
0.1	566	565	51
0.1	256	567	52
0.1	568	563	2
0.1	260	259	53
0.1	570	258	53
0.1	261	571	53
0.1	572	257	53
0.1	263	262	54
0.1	265	264	54
0.1	266	575	54
0.1	576	574	54
0.1	577	573	56
0.1	268	267	55
0.1	270	269	55
0.1	580	579	55
0.1	271	581	56
0.1	582	578	56
0.1	275	274	57
0.1	276	584	57
0.1	585	273	57
0.1	586	272	57
0.1	278	277	58
0.1	280	279	58
0.1	589	588	58
0.1	283	282	52
0.1	591	281	52
0.1	285	284	60
0.1	288	287	60
0.1	594	286	60
0.1	595	593	60
0.1	596	592	58
0.1	290	289	61
0.1	291	598	61
0.1	293	292	61
0.1	295	294	59
0.1	601	600	61
0.1	602	599	61
0.1	603	597	58
0.1	604	590	58
0.1	605	587	58
0.1	298	297	59
0.1	300	299	52
0.1	608	607	59
0.1	609	296	62
0.1	301	610	62
0.1	611	606	58
0.1	302	612	58
0.1	306	305	63
0.1	614	304	63
0.1	307	615	63
0.1	616	303	63
0.1	309	308	56
0.1	310	618	56
0.1	619	617	56
0.1	315	314	62
0.1	621	313	62
0.1	622	312	62
0.1	623	311	62
0.1	624	620	56
0.1	625	613	56
0.1	626	583	56
0.1	627	569	56
0.1	628	461	56
