1	0	0	1
1	0	0	1
1	0	0	1
1	0	0	1
1	0	0	1
1	0	0	1
1	0	0	2
1	0	0	2
1	0	0	2
1	0	0	2
1	0	0	2
1	0	0	2
1	0	0	2
1	0	0	2
1	0	0	2
1	0	0	2
1	0	0	2
1	0	0	2
1	0	0	2
1	0	0	2
1	0	0	2
1	0	0	2
1	0	0	2
1	0	0	2
1	0	0	2
1	0	0	2
1	0	0	3
1	0	0	3
1	0	0	3
1	0	0	3
1	0	0	3
1	0	0	3
1	0	0	3
1	0	0	3
1	0	0	4
1	0	0	4
1	0	0	4
1	0	0	4
1	0	0	5
1	0	0	5
1	0	0	5
1	0	0	5
1	0	0	5
1	0	0	5
1	0	0	5
1	0	0	5
1	0	0	5
1	0	0	5
1	0	0	5
1	0	0	5
1	0	0	5
1	0	0	5
1	0	0	5
1	0	0	5
1	0	0	5
1	0	0	5
1	0	0	5
1	0	0	5
1	0	0	4
1	0	0	4
1	0	0	4
1	0	0	4
1	0	0	4
1	0	0	4
1	0	0	4
1	0	0	4
1	0	0	4
1	0	0	4
1	0	0	4
1	0	0	4
1	0	0	4
1	0	0	4
1	0	0	4
1	0	0	4
1	0	0	3
1	0	0	3
1	0	0	3
1	0	0	3
1	0	0	3
1	0	0	3
1	0	0	3
1	0	0	3
1	0	0	3
1	0	0	6
1	0	0	6
1	0	0	6
1	0	0	6
1	0	0	6
1	0	0	6
1	0	0	6
1	0	0	6
1	0	0	6
1	0	0	6
1	0	0	6
1	0	0	6
1	0	0	6
1	0	0	6
1	0	0	6
1	0	0	6
1	0	0	6
1	0	0	6
1	0	0	6
1	0	0	6
1	0	0	3
1	0	0	3
1	0	0	3
1	0	0	7
1	0	0	7
1	0	0	7
1	0	0	7
1	0	0	7
1	0	0	7
1	0	0	7
1	0	0	7
1	0	0	7
1	0	0	7
1	0	0	7
1	0	0	7
1	0	0	7
1	0	0	7
1	0	0	7
1	0	0	7
1	0	0	7
1	0	0	7
1	0	0	7
1	0	0	7
1	0	0	1
1	0	0	1
1	0	0	1
1	0	0	1
1	0	0	1
1	0	0	1
1	0	0	1
1	0	0	1
1	0	0	1
1	0	0	1
1	0	0	8
1	0	0	8
1	0	0	8
1	0	0	8
1	0	0	8
1	0	0	8
1	0	0	8
1	0	0	8
1	0	0	8
1	0	0	8
1	0	0	8
1	0	0	8
1	0	0	8
1	0	0	8
1	0	0	8
1	0	0	8
1	0	0	8
1	0	0	8
1	0	0	8
1	0	0	8
1	0	0	9
1	0	0	9
1	0	0	9
1	0	0	9
1	0	0	9
1	0	0	9
1	0	0	9
1	0	0	9
1	0	0	9
1	0	0	9
1	0	0	9
1	0	0	9
1	0	0	9
1	0	0	9
1	0	0	9
1	0	0	9
1	0	0	9
1	0	0	9
1	0	0	9
1	0	0	9
1	0	0	10
1	0	0	10
1	0	0	10
1	0	0	10
1	0	0	10
1	0	0	10
1	0	0	10
1	0	0	10
1	0	0	10
1	0	0	10
1	0	0	10
1	0	0	10
1	0	0	10
1	0	0	10
1	0	0	10
1	0	0	10
1	0	0	10
1	0	0	10
1	0	0	10
1	0	0	10
1	0	0	11
1	0	0	11
1	0	0	11
1	0	0	11
1	0	0	11
1	0	0	11
1	0	0	11
1	0	0	11
1	0	0	11
1	0	0	12
1	0	0	12
1	0	0	12
1	0	0	12
1	0	0	12
1	0	0	12
1	0	0	12
1	0	0	12
1	0	0	12
1	0	0	12
1	0	0	12
1	0	0	12
1	0	0	12
1	0	0	12
1	0	0	12
1	0	0	12
1	0	0	12
1	0	0	12
1	0	0	12
1	0	0	12
1	0	0	11
1	0	0	11
1	0	0	11
1	0	0	11
1	0	0	11
1	0	0	11
1	0	0	11
1	0	0	11
1	0	0	11
1	0	0	11
1	0	0	11
1	0	0	13
1	0	0	13
1	0	0	13
1	0	0	13
1	0	0	13
1	0	0	13
1	0	0	13
1	0	0	13
1	0	0	13
1	0	0	13
1	0	0	13
1	0	0	13
1	0	0	13
1	0	0	13
1	0	0	13
1	0	0	13
1	0	0	13
1	0	0	13
1	0	0	13
1	0	0	13
1	0	0	14
1	0	0	14
1	0	0	14
1	0	0	14
1	0	0	14
1	0	0	14
1	0	0	14
1	0	0	14
1	0	0	14
1	0	0	14
1	0	0	15
1	0	0	15
1	0	0	15
1	0	0	15
1	0	0	15
1	0	0	15
1	0	0	15
1	0	0	15
1	0	0	15
1	0	0	15
1	0	0	15
1	0	0	15
1	0	0	15
1	0	0	15
1	0	0	15
1	0	0	15
1	0	0	15
1	0	0	15
1	0	0	15
1	0	0	15
1	0	0	14
1	0	0	14
1	0	0	14
1	0	0	14
1	0	0	14
1	0	0	14
1	0	0	14
1	0	0	14
1	0	0	14
1	0	0	14
1	0	0	16
1	0	0	16
1	0	0	16
1	0	0	16
1	0	0	16
1	0	0	16
1	0	0	16
1	0	0	16
1	0	0	16
1	0	0	16
1	0	0	16
1	0	0	16
1	0	0	16
1	0	0	16
1	0	0	16
1	0	0	16
1	0	0	16
1	0	0	16
1	0	0	16
1	0	0	16
1	0	0	17
1	0	0	17
1	0	0	17
1	0	0	17
1	0	0	17
1	0	0	17
1	0	0	17
1	0	0	17
1	0	0	17
1	0	0	17
1	0	0	17
1	0	0	17
1	0	0	17
1	0	0	17
1	0	0	17
1	0	0	18
1	0	0	18
1	0	0	18
1	0	0	18
1	0	0	18
1	0	0	18
1	0	0	18
1	0	0	18
1	0	0	18
1	0	0	18
1	0	0	18
1	0	0	18
1	0	0	18
1	0	0	18
1	0	0	18
1	0	0	18
1	0	0	18
1	0	0	18
1	0	0	18
1	0	0	18
1	0	0	19
1	0	0	19
1	0	0	19
1	0	0	19
1	0	0	19
1	0	0	19
1	0	0	19
1	0	0	19
1	0	0	19
1	0	0	19
1	0	0	20
1	0	0	20
1	0	0	20
1	0	0	20
1	0	0	20
1	0	0	20
1	0	0	20
1	0	0	20
1	0	0	20
1	0	0	20
1	0	0	20
1	0	0	20
1	0	0	20
1	0	0	20
1	0	0	20
1	0	0	20
1	0	0	20
1	0	0	20
1	0	0	20
1	0	0	20
1	0	0	19
1	0	0	19
1	0	0	19
1	0	0	19
1	0	0	19
1	0	0	19
1	0	0	19
1	0	0	19
1	0	0	19
1	0	0	19
1	0	0	21
1	0	0	21
1	0	0	21
1	0	0	21
1	0	0	22
1	0	0	22
1	0	0	22
1	0	0	22
1	0	0	22
1	0	0	22
1	0	0	22
1	0	0	22
1	0	0	22
1	0	0	22
1	0	0	22
1	0	0	22
1	0	0	22
1	0	0	22
1	0	0	22
1	0	0	22
1	0	0	22
1	0	0	22
1	0	0	22
1	0	0	22
1	0	0	23
1	0	0	23
1	0	0	23
1	0	0	23
1	0	0	23
1	0	0	23
1	0	0	23
1	0	0	23
1	0	0	23
1	0	0	23
1	0	0	23
1	0	0	23
1	0	0	23
1	0	0	23
1	0	0	23
1	0	0	23
1	0	0	23
1	0	0	23
1	0	0	23
1	0	0	23
1	0	0	24
1	0	0	24
1	0	0	24
1	0	0	24
1	0	0	24
1	0	0	24
1	0	0	24
1	0	0	24
1	0	0	24
1	0	0	24
1	0	0	24
1	0	0	24
1	0	0	24
1	0	0	24
1	0	0	24
1	0	0	24
1	0	0	24
1	0	0	24
1	0	0	24
1	0	0	24
1	0	0	21
1	0	0	21
1	0	0	21
1	0	0	21
1	0	0	21
1	0	0	21
1	0	0	21
1	0	0	21
1	0	0	21
1	0	0	21
1	0	0	21
1	0	0	21
1	0	0	21
1	0	0	21
1	0	0	21
1	0	0	21
1	0	0	25
1	0	0	25
1	0	0	25
1	0	0	25
1	0	0	25
1	0	0	25
1	0	0	25
1	0	0	25
1	0	0	25
1	0	0	25
1	0	0	25
1	0	0	25
1	0	0	25
1	0	0	25
1	0	0	25
1	0	0	25
1	0	0	25
1	0	0	25
1	0	0	25
1	0	0	25
1	0	0	17
1	0	0	17
1	0	0	17
1	0	0	17
1	0	0	17
1	0	0	1
1	0	0	1
1	0	0	1
1	0	0	1
1	0	0	26
1	0	0	26
1	0	0	26
1	0	0	26
1	0	0	26
1	0	0	26
1	0	0	26
1	0	0	26
1	0	0	26
1	0	0	26
1	0	0	26
1	0	0	26
1	0	0	26
1	0	0	26
1	0	0	26
1	0	0	26
1	0	0	26
1	0	0	26
1	0	0	26
1	0	0	26
1	0	0	27
1	0	0	27
1	0	0	28
1	0	0	28
1	0	0	28
1	0	0	28
1	0	0	28
1	0	0	28
1	0	0	28
1	0	0	28
1	0	0	28
1	0	0	28
1	0	0	28
1	0	0	28
1	0	0	28
1	0	0	28
1	0	0	28
1	0	0	28
1	0	0	28
1	0	0	28
1	0	0	28
1	0	0	28
1	0	0	27
1	0	0	27
1	0	0	29
1	0	0	29
1	0	0	29
1	0	0	29
1	0	0	29
1	0	0	29
1	0	0	29
1	0	0	29
1	0	0	29
1	0	0	29
1	0	0	29
1	0	0	29
1	0	0	29
1	0	0	29
1	0	0	29
1	0	0	29
1	0	0	29
1	0	0	29
1	0	0	29
1	0	0	29
1	0	0	27
1	0	0	27
1	0	0	27
1	0	0	27
1	0	0	27
1	0	0	27
1	0	0	27
1	0	0	30
1	0	0	30
1	0	0	30
1	0	0	30
1	0	0	30
1	0	0	30
1	0	0	30
1	0	0	30
1	0	0	30
1	0	0	30
1	0	0	30
1	0	0	30
1	0	0	30
1	0	0	30
1	0	0	30
1	0	0	30
1	0	0	30
1	0	0	30
1	0	0	30
1	0	0	30
1	0	0	27
1	0	0	27
1	0	0	27
1	0	0	31
1	0	0	31
1	0	0	31
1	0	0	31
1	0	0	31
1	0	0	31
1	0	0	31
1	0	0	31
1	0	0	31
1	0	0	31
1	0	0	31
1	0	0	31
1	0	0	31
1	0	0	31
1	0	0	31
1	0	0	31
1	0	0	31
1	0	0	31
1	0	0	31
1	0	0	31
1	0	0	27
1	0	0	27
1	0	0	27
1	0	0	27
1	0	0	27
1	0	0	27
1	0	0	32
1	0	0	32
1	0	0	32
1	0	0	32
1	0	0	32
1	0	0	32
1	0	0	32
1	0	0	32
1	0	0	32
1	0	0	32
1	0	0	32
1	0	0	32
1	0	0	32
1	0	0	32
1	0	0	32
1	0	0	32
1	0	0	32
1	0	0	32
1	0	0	32
1	0	0	32
1	0	0	33
1	0	0	34
1	0	0	34
1	0	0	34
1	0	0	34
1	0	0	34
1	0	0	34
1	0	0	34
1	0	0	34
1	0	0	34
1	0	0	34
1	0	0	34
1	0	0	34
1	0	0	34
1	0	0	34
1	0	0	34
1	0	0	34
1	0	0	34
1	0	0	34
1	0	0	34
1	0	0	34
1	0	0	33
1	0	0	35
1	0	0	35
1	0	0	35
1	0	0	35
1	0	0	35
1	0	0	35
1	0	0	35
1	0	0	35
1	0	0	35
1	0	0	35
1	0	0	35
1	0	0	35
1	0	0	35
1	0	0	35
1	0	0	35
1	0	0	35
1	0	0	35
1	0	0	35
1	0	0	35
1	0	0	35
1	0	0	36
1	0	0	36
1	0	0	36
1	0	0	36
1	0	0	36
1	0	0	36
1	0	0	36
1	0	0	36
1	0	0	36
1	0	0	36
1	0	0	36
1	0	0	36
1	0	0	36
1	0	0	36
1	0	0	36
1	0	0	36
1	0	0	36
1	0	0	36
1	0	0	36
1	0	0	36
1	0	0	33
1	0	0	33
1	0	0	33
1	0	0	33
1	0	0	33
1	0	0	33
1	0	0	33
1	0	0	33
1	0	0	33
1	0	0	33
1	0	0	37
1	0	0	37
1	0	0	37
1	0	0	37
1	0	0	37
1	0	0	37
1	0	0	37
1	0	0	37
1	0	0	37
1	0	0	37
1	0	0	37
1	0	0	37
1	0	0	37
1	0	0	37
1	0	0	37
1	0	0	37
1	0	0	37
1	0	0	37
1	0	0	37
1	0	0	37
1	0	0	38
1	0	0	38
1	0	0	38
1	0	0	38
1	0	0	38
1	0	0	38
1	0	0	38
1	0	0	38
1	0	0	38
1	0	0	38
1	0	0	38
1	0	0	38
1	0	0	38
1	0	0	38
1	0	0	38
1	0	0	38
1	0	0	38
1	0	0	38
1	0	0	38
1	0	0	38
1	0	0	33
1	0	0	33
1	0	0	33
1	0	0	33
1	0	0	33
1	0	0	33
1	0	0	33
1	0	0	33
1	0	0	39
1	0	0	39
1	0	0	39
1	0	0	39
1	0	0	39
1	0	0	39
1	0	0	39
1	0	0	39
1	0	0	39
1	0	0	39
1	0	0	39
1	0	0	39
1	0	0	39
1	0	0	39
1	0	0	39
1	0	0	39
1	0	0	39
1	0	0	39
1	0	0	39
1	0	0	39
1	0	0	40
1	0	0	40
1	0	0	40
1	0	0	40
1	0	0	40
1	0	0	40
1	0	0	40
1	0	0	40
1	0	0	40
1	0	0	40
1	0	0	40
1	0	0	40
1	0	0	40
1	0	0	40
1	0	0	40
1	0	0	40
1	0	0	40
1	0	0	40
1	0	0	40
1	0	0	40
1	0	0	41
1	0	0	41
1	0	0	41
1	0	0	41
1	0	0	41
1	0	0	41
1	0	0	41
1	0	0	41
1	0	0	41
1	0	0	41
1	0	0	41
1	0	0	41
1	0	0	41
1	0	0	41
1	0	0	41
1	0	0	41
1	0	0	41
1	0	0	41
1	0	0	41
1	0	0	41
1	0	0	42
1	0	0	42
1	0	0	42
1	0	0	42
1	0	0	42
1	0	0	42
1	0	0	42
1	0	0	42
1	0	0	42
1	0	0	42
1	0	0	42
1	0	0	42
1	0	0	42
1	0	0	42
1	0	0	42
1	0	0	42
1	0	0	42
1	0	0	42
1	0	0	42
1	0	0	42
1	0	0	43
1	0	0	44
1	0	0	44
1	0	0	44
1	0	0	44
1	0	0	44
1	0	0	44
1	0	0	44
1	0	0	44
1	0	0	44
1	0	0	44
1	0	0	44
1	0	0	44
1	0	0	44
1	0	0	44
1	0	0	44
1	0	0	44
1	0	0	44
1	0	0	44
1	0	0	44
1	0	0	44
1	0	0	43
1	0	0	43
1	0	0	43
1	0	0	43
1	0	0	43
1	0	0	45
1	0	0	45
1	0	0	45
1	0	0	45
1	0	0	45
1	0	0	45
1	0	0	45
1	0	0	45
1	0	0	45
1	0	0	45
1	0	0	45
1	0	0	45
1	0	0	46
1	0	0	46
1	0	0	46
1	0	0	46
1	0	0	46
1	0	0	46
1	0	0	46
1	0	0	46
1	0	0	46
1	0	0	46
1	0	0	46
1	0	0	46
1	0	0	46
1	0	0	46
1	0	0	46
1	0	0	46
1	0	0	46
1	0	0	46
1	0	0	46
1	0	0	46
1	0	0	45
1	0	0	45
1	0	0	45
1	0	0	45
1	0	0	45
1	0	0	45
1	0	0	45
1	0	0	45
1	0	0	43
1	0	0	43
1	0	0	43
1	0	0	43
1	0	0	47
1	0	0	47
1	0	0	47
1	0	0	47
1	0	0	47
1	0	0	47
1	0	0	47
1	0	0	47
1	0	0	47
1	0	0	47
1	0	0	47
1	0	0	47
1	0	0	47
1	0	0	47
1	0	0	47
1	0	0	47
1	0	0	47
1	0	0	47
1	0	0	47
1	0	0	47
1	0	0	48
1	0	0	48
1	0	0	48
1	0	0	48
1	0	0	48
1	0	0	48
1	0	0	48
1	0	0	48
1	0	0	48
1	0	0	48
1	0	0	48
1	0	0	48
1	0	0	48
1	0	0	48
1	0	0	48
1	0	0	48
1	0	0	48
1	0	0	48
1	0	0	48
1	0	0	48
1	0	0	43
1	0	0	43
1	0	0	43
1	0	0	43
1	0	0	43
1	0	0	43
1	0	0	43
1	0	0	43
1	0	0	43
1	0	0	43
1	0	0	49
1	0	0	49
1	0	0	49
1	0	0	49
1	0	0	49
1	0	0	49
1	0	0	49
1	0	0	49
1	0	0	49
1	0	0	49
1	0	0	49
1	0	0	49
1	0	0	49
1	0	0	49
1	0	0	49
1	0	0	49
1	0	0	49
1	0	0	49
1	0	0	49
1	0	0	49
1	0	0	50
1	0	0	50
1	0	0	50
1	0	0	50
1	0	0	51
1	0	0	51
1	0	0	51
1	0	0	51
1	0	0	51
1	0	0	51
1	0	0	51
1	0	0	51
1	0	0	51
1	0	0	51
1	0	0	51
1	0	0	51
1	0	0	51
1	0	0	51
1	0	0	51
1	0	0	51
1	0	0	52
1	0	0	52
1	0	0	52
1	0	0	52
1	0	0	52
1	0	0	52
1	0	0	52
1	0	0	52
1	0	0	52
1	0	0	52
1	0	0	53
1	0	0	53
1	0	0	53
1	0	0	53
1	0	0	53
1	0	0	53
1	0	0	53
1	0	0	53
1	0	0	53
1	0	0	53
1	0	0	53
1	0	0	53
1	0	0	53
1	0	0	53
1	0	0	53
1	0	0	53
1	0	0	53
1	0	0	53
1	0	0	53
1	0	0	53
1	0	0	52
1	0	0	52
1	0	0	52
1	0	0	52
1	0	0	52
1	0	0	52
1	0	0	52
1	0	0	52
1	0	0	52
1	0	0	52
1	0	0	51
1	0	0	51
1	0	0	51
1	0	0	51
1	0	0	50
1	0	0	50
1	0	0	50
1	0	0	50
1	0	0	50
1	0	0	50
1	0	0	50
1	0	0	50
1	0	0	50
1	0	0	50
1	0	0	50
1	0	0	50
1	0	0	50
1	0	0	50
1	0	0	50
1	0	0	50
0.1	2	1	1
0.1	4	3	1
0.1	1062	1061	1
0.1	6	5	1
0.1	8	7	2
0.1	13	12	2
0.1	1066	11	2
0.1	15	14	2
0.1	18	17	2
0.1	19	1069	2
0.1	1070	16	2
0.1	1071	1068	2
0.1	1072	1067	2
0.1	1073	10	2
0.1	1074	9	2
0.1	1075	1065	2
0.1	23	22	2
0.1	1077	21	2
0.1	26	25	2
0.1	1079	24	2
0.1	1080	1078	2
0.1	1081	20	2
0.1	31	30	3
0.1	1083	29	3
0.1	1084	28	3
0.1	34	33	3
0.1	1086	32	3
0.1	1087	1085	3
0.1	36	35	4
0.1	37	1089	4
0.1	40	39	5
0.1	42	41	5
0.1	45	44	5
0.1	1093	43	5
0.1	47	46	5
0.1	48	1095	5
0.1	1096	1094	5
0.1	1097	1092	5
0.1	50	49	5
0.1	53	52	5
0.1	1100	51	5
0.1	1101	1099	5
0.1	1102	1098	5
0.1	1103	1091	5
0.1	58	57	5
0.1	1105	56	5
0.1	1106	55	5
0.1	1107	54	5
0.1	1108	1104	5
0.1	59	1109	4
0.1	1110	38	4
0.1	62	61	4
0.1	63	1112	4
0.1	64	1113	4
0.1	1114	60	4
0.1	65	1115	4
0.1	1116	1111	4
0.1	68	67	4
0.1	1118	66	4
0.1	70	69	4
0.1	72	71	4
0.1	74	73	4
0.1	1122	1121	4
0.1	1123	1120	4
0.1	1124	1119	4
0.1	1125	1117	4
0.1	1126	1090	4
0.1	1127	1088	3
0.1	76	75	3
0.1	78	77	3
0.1	1130	1129	3
0.1	80	79	3
0.1	83	82	3
0.1	1133	81	3
0.1	1134	1132	3
0.1	1135	1131	3
0.1	87	86	6
0.1	88	1137	6
0.1	1138	85	6
0.1	89	1139	6
0.1	94	93	6
0.1	1141	92	6
0.1	98	97	6
0.1	1143	96	6
0.1	1144	95	6
0.1	99	1145	6
0.1	101	100	6
0.1	103	102	6
0.1	1148	1147	6
0.1	1149	1146	6
0.1	1150	1142	6
0.1	1151	91	6
0.1	1152	90	6
0.1	1153	1140	6
0.1	1154	84	6
0.1	105	104	3
0.1	1156	1155	3
0.1	106	1157	3
0.1	1158	1136	3
0.1	108	107	7
0.1	112	111	7
0.1	1161	110	7
0.1	1162	109	7
0.1	1163	1160	7
0.1	115	114	7
0.1	118	117	7
0.1	1166	116	7
0.1	119	1167	7
0.1	1168	1165	7
0.1	123	122	7
0.1	1170	121	7
0.1	1171	120	7
0.1	1172	1169	7
0.1	124	1173	7
0.1	125	1174	7
0.1	1175	113	7
0.1	126	1176	7
0.1	1177	1164	7
0.1	1178	1159	3
0.1	1179	1128	3
0.1	1180	27	3
0.1	1181	1082	2
0.1	1182	1076	2
0.1	1183	1064	1
0.1	1184	1063	1
0.1	128	127	1
0.1	130	129	1
0.1	1187	1186	1
0.1	1188	1185	1
0.1	133	132	1
0.1	1190	131	1
0.1	135	134	1
0.1	1192	1191	1
0.1	136	1193	1
0.1	1194	1189	1
0.1	139	138	8
0.1	1196	137	8
0.1	141	140	8
0.1	1198	1197	8
0.1	143	142	8
0.1	145	144	8
0.1	146	1201	8
0.1	148	147	8
0.1	149	1203	8
0.1	1204	1202	8
0.1	1205	1200	8
0.1	151	150	8
0.1	152	1207	8
0.1	1208	1206	8
0.1	1209	1199	8
0.1	155	154	8
0.1	1211	153	8
0.1	158	157	9
0.1	161	160	9
0.1	1214	159	9
0.1	165	164	9
0.1	166	1216	9
0.1	1217	163	9
0.1	1218	162	9
0.1	1219	1215	9
0.1	1220	1213	9
0.1	168	167	9
0.1	170	169	9
0.1	171	1223	9
0.1	175	174	9
0.1	176	1225	9
0.1	1226	173	9
0.1	1227	172	9
0.1	1228	1224	9
0.1	1229	1222	9
0.1	1230	1221	9
0.1	1231	156	8
0.1	1232	1212	8
0.1	178	177	10
0.1	180	179	10
0.1	181	1235	10
0.1	1236	1234	10
0.1	183	182	10
0.1	186	185	10
0.1	1239	184	10
0.1	1240	1238	10
0.1	189	188	10
0.1	1242	187	10
0.1	194	193	10
0.1	1244	192	10
0.1	1245	191	10
0.1	1246	190	10
0.1	1247	1243	10
0.1	1248	1241	10
0.1	196	195	10
0.1	1250	1249	10
0.1	1251	1237	10
0.1	199	198	11
0.1	201	200	11
0.1	1254	1253	11
0.1	1255	197	11
0.1	205	204	11
0.1	1257	203	11
0.1	1258	202	11
0.1	211	210	12
0.1	212	1260	12
0.1	1261	209	12
0.1	217	216	12
0.1	1263	215	12
0.1	1264	214	12
0.1	1265	213	12
0.1	219	218	12
0.1	1267	1266	12
0.1	1268	1262	12
0.1	1269	208	12
0.1	1270	207	12
0.1	1271	206	12
0.1	221	220	12
0.1	222	1273	12
0.1	224	223	12
0.1	225	1275	12
0.1	1276	1274	12
0.1	1277	1272	12
0.1	1278	1259	11
0.1	1279	1256	11
0.1	228	227	11
0.1	231	230	11
0.1	232	1282	11
0.1	1283	229	11
0.1	1284	1281	11
0.1	236	235	11
0.1	1286	234	11
0.1	1287	233	11
0.1	1288	1285	11
0.1	1289	226	11
0.1	1290	1280	11
0.1	1291	1252	8
0.1	1292	1233	8
0.1	1293	1210	8
0.1	240	239	13
0.1	242	241	13
0.1	243	1296	13
0.1	1297	1295	13
0.1	245	244	13
0.1	1299	1298	13
0.1	1300	238	13
0.1	1301	237	13
0.1	250	249	13
0.1	1303	248	13
0.1	1304	247	13
0.1	1305	246	13
0.1	254	253	13
0.1	256	255	13
0.1	1308	1307	13
0.1	1309	252	13
0.1	1310	251	13
0.1	1311	1306	13
0.1	1312	1302	13
0.1	1313	1294	13
0.1	258	257	14
0.1	260	259	14
0.1	262	261	14
0.1	1317	1316	14
0.1	264	263	14
0.1	265	1319	14
0.1	1320	1318	14
0.1	1321	1315	14
0.1	266	1322	14
0.1	268	267	15
0.1	269	1324	15
0.1	270	1325	15
0.1	271	1326	15
0.1	273	272	15
0.1	276	275	15
0.1	1329	274	15
0.1	278	277	15
0.1	281	280	15
0.1	1332	279	15
0.1	1333	1331	15
0.1	1334	1330	15
0.1	1335	1328	15
0.1	283	282	15
0.1	286	285	15
0.1	1338	284	15
0.1	1339	1337	15
0.1	1340	1336	15
0.1	1341	1327	15
0.1	288	287	14
0.1	289	1343	14
0.1	1344	1342	14
0.1	1345	1323	14
0.1	292	291	14
0.1	1347	290	14
0.1	294	293	14
0.1	1349	1348	14
0.1	295	1350	14
0.1	296	1351	14
0.1	1352	1346	14
0.1	1353	1314	14
0.1	298	297	16
0.1	299	1355	16
0.1	302	301	16
0.1	1357	300	16
0.1	1358	1356	16
0.1	306	305	16
0.1	307	1360	16
0.1	1361	304	16
0.1	1362	303	16
0.1	1363	1359	16
0.1	310	309	16
0.1	1365	308	16
0.1	311	1366	16
0.1	314	313	16
0.1	1368	312	16
0.1	316	315	16
0.1	1370	1369	16
0.1	1371	1367	16
0.1	1372	1364	16
0.1	1373	1354	14
0.1	318	317	17
0.1	320	319	17
0.1	321	1376	17
0.1	323	322	17
0.1	324	1378	17
0.1	1379	1377	17
0.1	1380	1375	17
0.1	327	326	17
0.1	328	1382	17
0.1	329	1383	17
0.1	1384	325	17
0.1	331	330	17
0.1	1386	1385	17
0.1	1387	1381	17
0.1	1388	1374	17
0.1	334	333	18
0.1	1390	332	18
0.1	336	335	18
0.1	338	337	18
0.1	340	339	18
0.1	341	1394	18
0.1	1395	1393	18
0.1	1396	1392	18
0.1	1397	1391	18
0.1	343	342	18
0.1	1399	1398	18
0.1	346	345	18
0.1	1401	344	18
0.1	349	348	18
0.1	350	1403	18
0.1	351	1404	18
0.1	1405	347	18
0.1	1406	1402	18
0.1	1407	1400	18
0.1	356	355	19
0.1	1409	354	19
0.1	358	357	19
0.1	361	360	19
0.1	1412	359	19
0.1	1413	1411	19
0.1	1414	1410	19
0.1	1415	353	19
0.1	1416	352	19
0.1	366	365	20
0.1	1418	364	20
0.1	1419	363	20
0.1	369	368	20
0.1	371	370	20
0.1	1422	1421	20
0.1	1423	367	20
0.1	1424	1420	20
0.1	1425	362	20
0.1	373	372	20
0.1	375	374	20
0.1	1428	1427	20
0.1	378	377	20
0.1	1430	376	20
0.1	380	379	20
0.1	381	1432	20
0.1	1433	1431	20
0.1	1434	1429	20
0.1	1435	1426	20
0.1	1436	1417	19
0.1	383	382	19
0.1	386	385	19
0.1	387	1439	19
0.1	1440	384	19
0.1	1441	1438	19
0.1	389	388	19
0.1	391	390	19
0.1	1444	1443	19
0.1	1445	1442	19
0.1	1446	1437	19
0.1	394	393	21
0.1	1448	392	21
0.1	397	396	22
0.1	403	402	22
0.1	1451	401	22
0.1	1452	400	22
0.1	1453	399	22
0.1	1454	398	22
0.1	1455	1450	22
0.1	405	404	22
0.1	408	407	22
0.1	1458	406	22
0.1	411	410	22
0.1	412	1460	22
0.1	414	413	22
0.1	1462	1461	22
0.1	1463	409	22
0.1	1464	1459	22
0.1	417	416	23
0.1	419	418	23
0.1	422	421	23
0.1	423	1468	23
0.1	1469	420	23
0.1	1470	1467	23
0.1	427	426	23
0.1	1472	425	23
0.1	1473	424	23
0.1	429	428	23
0.1	432	431	23
0.1	1476	430	23
0.1	1477	1475	23
0.1	1478	1474	23
0.1	434	433	23
0.1	435	1480	23
0.1	1481	1479	23
0.1	1482	1471	23
0.1	1483	1466	23
0.1	1484	415	22
0.1	1485	1465	22
0.1	1486	1457	22
0.1	1487	1456	22
0.1	1488	395	21
0.1	1489	1449	21
0.1	438	437	24
0.1	1491	436	24
0.1	440	439	24
0.1	444	443	24
0.1	1494	442	24
0.1	1495	441	24
0.1	1496	1493	24
0.1	447	446	24
0.1	449	448	24
0.1	1499	1498	24
0.1	452	451	24
0.1	1501	450	24
0.1	454	453	24
0.1	455	1503	24
0.1	1504	1502	24
0.1	1505	1500	24
0.1	1506	445	24
0.1	1507	1497	24
0.1	1508	1492	24
0.1	457	456	21
0.1	1510	1509	21
0.1	460	459	21
0.1	1512	458	21
0.1	1513	1511	21
0.1	1514	1490	21
0.1	1515	1447	21
0.1	462	461	21
0.1	464	463	21
0.1	467	466	21
0.1	1519	465	21
0.1	468	1520	21
0.1	470	469	21
0.1	1522	1521	21
0.1	1523	1518	21
0.1	1524	1517	21
0.1	471	1525	21
0.1	1526	1516	21
0.1	473	472	25
0.1	475	474	25
0.1	476	1529	25
0.1	478	477	25
0.1	1531	1530	25
0.1	480	479	25
0.1	481	1533	25
0.1	1534	1532	25
0.1	1535	1528	25
0.1	484	483	25
0.1	486	485	25
0.1	1538	1537	25
0.1	1539	482	25
0.1	487	1540	25
0.1	491	490	25
0.1	1542	489	25
0.1	1543	488	25
0.1	1544	1541	25
0.1	1545	1536	25
0.1	1546	1527	17
0.1	1547	1408	17
0.1	495	494	17
0.1	1549	493	17
0.1	1550	492	17
0.1	496	1551	17
0.1	1552	1548	17
0.1	1553	1389	17
0.1	498	497	1
0.1	500	499	1
0.1	502	501	26
0.1	503	1557	26
0.1	504	1558	26
0.1	508	507	26
0.1	509	1560	26
0.1	1561	506	26
0.1	1562	505	26
0.1	512	511	26
0.1	513	1564	26
0.1	1565	510	26
0.1	515	514	26
0.1	516	1567	26
0.1	1568	1566	26
0.1	1569	1563	26
0.1	1570	1559	26
0.1	518	517	26
0.1	520	519	26
0.1	1573	1572	26
0.1	1574	1571	26
0.1	1575	1556	1
0.1	1576	1555	1
0.1	1577	1554	1
0.1	1578	1195	1
0.1	522	521	27
0.1	525	524	28
0.1	527	526	28
0.1	528	1582	28
0.1	1583	1581	28
0.1	530	529	28
0.1	534	533	28
0.1	1586	532	28
0.1	1587	531	28
0.1	1588	1585	28
0.1	1589	1584	28
0.1	536	535	28
0.1	537	1591	28
0.1	539	538	28
0.1	541	540	28
0.1	542	1594	28
0.1	1595	1593	28
0.1	1596	1592	28
0.1	1597	1590	28
0.1	1598	523	28
0.1	1599	1580	27
0.1	547	546	29
0.1	1601	545	29
0.1	549	548	29
0.1	1603	1602	29
0.1	551	550	29
0.1	554	553	29
0.1	1606	552	29
0.1	557	556	29
0.1	561	560	29
0.1	1609	559	29
0.1	1610	558	29
0.1	1611	1608	29
0.1	564	563	29
0.1	1613	562	29
0.1	1614	1612	29
0.1	1615	555	29
0.1	1616	1607	29
0.1	1617	1605	29
0.1	1618	1604	29
0.1	1619	544	27
0.1	568	567	27
0.1	1621	566	27
0.1	1622	565	27
0.1	569	1623	27
0.1	575	574	30
0.1	1625	573	30
0.1	1626	572	30
0.1	576	1627	30
0.1	578	577	30
0.1	580	579	30
0.1	583	582	30
0.1	1631	581	30
0.1	1632	1630	30
0.1	587	586	30
0.1	1634	585	30
0.1	1635	584	30
0.1	590	589	30
0.1	591	1637	30
0.1	1638	588	30
0.1	1639	1636	30
0.1	1640	1633	30
0.1	1641	1629	30
0.1	1642	1628	30
0.1	1643	571	27
0.1	1644	570	27
0.1	1645	1624	27
0.1	596	595	31
0.1	600	599	31
0.1	1648	598	31
0.1	602	601	31
0.1	1650	1649	31
0.1	1651	597	31
0.1	604	603	31
0.1	606	605	31
0.1	609	608	31
0.1	1655	607	31
0.1	1656	1654	31
0.1	1657	1653	31
0.1	610	1658	31
0.1	1659	1652	31
0.1	1660	1647	31
0.1	613	612	31
0.1	1662	611	31
0.1	614	1663	31
0.1	1664	1661	31
0.1	1665	594	27
0.1	1666	593	27
0.1	616	615	27
0.1	617	1668	27
0.1	1669	1667	27
0.1	1670	592	27
0.1	620	619	27
0.1	1672	618	27
0.1	623	622	32
0.1	624	1674	32
0.1	627	626	32
0.1	1676	625	32
0.1	1677	1675	32
0.1	628	1678	32
0.1	1679	621	32
0.1	630	629	32
0.1	631	1681	32
0.1	633	632	32
0.1	1683	1682	32
0.1	637	636	32
0.1	1685	635	32
0.1	1686	634	32
0.1	640	639	32
0.1	1688	638	32
0.1	1689	1687	32
0.1	1690	1684	32
0.1	1691	1680	32
0.1	1692	1673	27
0.1	1693	1671	27
0.1	645	644	34
0.1	647	646	34
0.1	1696	1695	34
0.1	649	648	34
0.1	1698	1697	34
0.1	650	1699	34
0.1	1700	643	34
0.1	652	651	34
0.1	653	1702	34
0.1	656	655	34
0.1	1704	654	34
0.1	661	660	34
0.1	1706	659	34
0.1	1707	658	34
0.1	1708	657	34
0.1	1709	1705	34
0.1	1710	1703	34
0.1	1711	1701	34
0.1	1712	642	34
0.1	1713	641	33
0.1	664	663	35
0.1	666	665	35
0.1	667	1716	35
0.1	1717	1715	35
0.1	670	669	35
0.1	1719	668	35
0.1	1720	1718	35
0.1	674	673	35
0.1	1722	672	35
0.1	676	675	35
0.1	680	679	35
0.1	1725	678	35
0.1	682	681	35
0.1	1727	1726	35
0.1	1728	677	35
0.1	1729	1724	35
0.1	1730	1723	35
0.1	1731	671	35
0.1	1732	1721	35
0.1	1733	662	33
0.1	1734	1714	33
0.1	687	686	36
0.1	1736	685	36
0.1	688	1737	36
0.1	1738	684	36
0.1	1739	683	36
0.1	693	692	36
0.1	1741	691	36
0.1	694	1742	36
0.1	1743	690	36
0.1	1744	689	36
0.1	696	695	36
0.1	697	1746	36
0.1	1747	1745	36
0.1	700	699	36
0.1	702	701	36
0.1	1750	1749	36
0.1	1751	698	36
0.1	1752	1748	36
0.1	1753	1740	36
0.1	704	703	33
0.1	706	705	33
0.1	1756	1755	33
0.1	709	708	33
0.1	712	711	33
0.1	1759	710	33
0.1	1760	1758	33
0.1	1761	707	33
0.1	1762	1757	33
0.1	1763	1754	33
0.1	714	713	37
0.1	716	715	37
0.1	1766	1765	37
0.1	718	717	37
0.1	1768	1767	37
0.1	720	719	37
0.1	721	1770	37
0.1	724	723	37
0.1	726	725	37
0.1	728	727	37
0.1	1774	1773	37
0.1	1775	1772	37
0.1	729	1776	37
0.1	1777	722	37
0.1	731	730	37
0.1	732	1779	37
0.1	1780	1778	37
0.1	1781	1771	37
0.1	1782	1769	37
0.1	735	734	38
0.1	736	1784	38
0.1	1785	733	38
0.1	738	737	38
0.1	1787	1786	38
0.1	740	739	38
0.1	741	1789	38
0.1	744	743	38
0.1	1791	742	38
0.1	1792	1790	38
0.1	746	745	38
0.1	749	748	38
0.1	1795	747	38
0.1	751	750	38
0.1	1797	1796	38
0.1	1798	1794	38
0.1	1799	1793	38
0.1	1800	1788	38
0.1	752	1801	38
0.1	1802	1783	33
0.1	1803	1764	33
0.1	1804	1735	33
0.1	756	755	33
0.1	1806	754	33
0.1	758	757	33
0.1	760	759	33
0.1	763	762	39
0.1	1810	761	39
0.1	764	1811	39
0.1	767	766	39
0.1	1813	765	39
0.1	769	768	39
0.1	771	770	39
0.1	772	1816	39
0.1	1817	1815	39
0.1	773	1818	39
0.1	1819	1814	39
0.1	775	774	39
0.1	778	777	39
0.1	1822	776	39
0.1	780	779	39
0.1	1824	1823	39
0.1	1825	1821	39
0.1	1826	1820	39
0.1	1827	1812	39
0.1	1828	1809	33
0.1	1829	1808	33
0.1	1830	1807	33
0.1	1831	753	33
0.1	1832	1805	33
0.1	1833	1694	27
0.1	1834	1646	27
0.1	1835	1620	27
0.1	1836	543	27
0.1	783	782	40
0.1	784	1838	40
0.1	785	1839	40
0.1	1840	781	40
0.1	789	788	40
0.1	1842	787	40
0.1	790	1843	40
0.1	1844	786	40
0.1	792	791	40
0.1	795	794	40
0.1	1847	793	40
0.1	798	797	40
0.1	800	799	40
0.1	1850	1849	40
0.1	1851	796	40
0.1	1852	1848	40
0.1	1853	1846	40
0.1	1854	1845	40
0.1	1855	1841	40
0.1	802	801	41
0.1	805	804	41
0.1	807	806	41
0.1	808	1859	41
0.1	1860	1858	41
0.1	1861	803	41
0.1	810	809	41
0.1	811	1863	41
0.1	813	812	41
0.1	816	815	41
0.1	1866	814	41
0.1	1867	1865	41
0.1	819	818	41
0.1	1869	817	41
0.1	820	1870	41
0.1	1871	1868	41
0.1	1872	1864	41
0.1	1873	1862	41
0.1	1874	1857	41
0.1	823	822	42
0.1	1876	821	42
0.1	825	824	42
0.1	1878	1877	42
0.1	828	827	42
0.1	1880	826	42
0.1	830	829	42
0.1	1882	1881	42
0.1	833	832	42
0.1	836	835	42
0.1	1885	834	42
0.1	1886	1884	42
0.1	1887	831	42
0.1	838	837	42
0.1	840	839	42
0.1	1890	1889	42
0.1	1891	1888	42
0.1	1892	1883	42
0.1	1893	1879	42
0.1	844	843	44
0.1	846	845	44
0.1	1896	1895	44
0.1	1897	842	44
0.1	847	1898	44
0.1	852	851	44
0.1	1900	850	44
0.1	853	1901	44
0.1	1902	849	44
0.1	1903	848	44
0.1	857	856	44
0.1	1905	855	44
0.1	859	858	44
0.1	1907	1906	44
0.1	1908	854	44
0.1	1909	1904	44
0.1	1910	1899	44
0.1	861	860	44
0.1	1912	1911	44
0.1	862	1913	43
0.1	1914	841	43
0.1	865	864	43
0.1	866	1916	43
0.1	1917	863	43
0.1	870	869	45
0.1	1919	868	45
0.1	1920	867	45
0.1	872	871	45
0.1	873	1922	45
0.1	875	874	45
0.1	876	1924	45
0.1	1925	1923	45
0.1	878	877	45
0.1	881	880	46
0.1	1928	879	46
0.1	884	883	46
0.1	886	885	46
0.1	1931	1930	46
0.1	1932	882	46
0.1	887	1933	46
0.1	1934	1929	46
0.1	889	888	46
0.1	890	1936	46
0.1	891	1937	46
0.1	892	1938	46
0.1	895	894	46
0.1	1940	893	46
0.1	1941	1939	46
0.1	897	896	46
0.1	898	1943	46
0.1	1944	1942	46
0.1	1945	1935	46
0.1	1946	1927	45
0.1	900	899	45
0.1	902	901	45
0.1	1949	1948	45
0.1	906	905	45
0.1	1951	904	45
0.1	1952	903	45
0.1	1953	1950	45
0.1	1954	1947	45
0.1	1955	1926	45
0.1	1956	1921	45
0.1	1957	1918	43
0.1	908	907	43
0.1	909	1959	43
0.1	1960	1958	43
0.1	1961	1915	43
0.1	912	911	47
0.1	914	913	47
0.1	918	917	47
0.1	1965	916	47
0.1	1966	915	47
0.1	921	920	47
0.1	1968	919	47
0.1	1969	1967	47
0.1	924	923	47
0.1	925	1971	47
0.1	1972	922	47
0.1	930	929	47
0.1	1974	928	47
0.1	1975	927	47
0.1	1976	926	47
0.1	1977	1973	47
0.1	1978	1970	47
0.1	1979	1964	47
0.1	1980	1963	47
0.1	932	931	48
0.1	933	1982	48
0.1	936	935	48
0.1	1984	934	48
0.1	1985	1983	48
0.1	1986	1981	48
0.1	938	937	48
0.1	940	939	48
0.1	1989	1988	48
0.1	943	942	48
0.1	945	944	48
0.1	1992	1991	48
0.1	1993	941	48
0.1	946	1994	48
0.1	1995	1990	48
0.1	949	948	48
0.1	1997	947	48
0.1	950	1998	48
0.1	1999	1996	48
0.1	2000	1987	48
0.1	2001	910	43
0.1	2002	1962	43
0.1	951	2003	43
0.1	2004	1894	43
0.1	2005	1875	43
0.1	2006	1856	43
0.1	954	953	43
0.1	2008	952	43
0.1	956	955	43
0.1	2010	2009	43
0.1	959	958	43
0.1	2012	957	43
0.1	960	2013	43
0.1	2014	2011	43
0.1	2015	2007	43
0.1	2016	1837	27
0.1	2017	1600	27
0.1	964	963	49
0.1	2019	962	49
0.1	2020	961	49
0.1	966	965	49
0.1	968	967	49
0.1	971	970	49
0.1	2024	969	49
0.1	974	973	49
0.1	2026	972	49
0.1	2027	2025	49
0.1	2028	2023	49
0.1	2029	2022	49
0.1	976	975	49
0.1	977	2031	49
0.1	980	979	49
0.1	2033	978	49
0.1	2034	2032	49
0.1	2035	2030	49
0.1	2036	2021	49
0.1	2037	2018	49
0.1	983	982	50
0.1	984	2039	50
0.1	2040	981	50
0.1	990	989	51
0.1	2042	988	51
0.1	993	992	51
0.1	2044	991	51
0.1	2045	2043	51
0.1	995	994	51
0.1	997	996	51
0.1	2048	2047	51
0.1	2049	2046	51
0.1	2050	987	51
0.1	1000	999	51
0.1	2052	998	51
0.1	1002	1001	52
0.1	1007	1006	52
0.1	1010	1009	52
0.1	2056	1008	52
0.1	2057	2055	52
0.1	2058	1005	52
0.1	2059	1004	52
0.1	2060	1003	52
0.1	1012	1011	53
0.1	1013	2062	53
0.1	1016	1015	53
0.1	2064	1014	53
0.1	2065	2063	53
0.1	1018	1017	53
0.1	1020	1019	53
0.1	1021	2068	53
0.1	2069	2067	53
0.1	1023	1022	53
0.1	1026	1025	53
0.1	2072	1024	53
0.1	1029	1028	53
0.1	2074	1027	53
0.1	2075	2073	53
0.1	2076	2071	53
0.1	2077	2070	53
0.1	2078	2066	53
0.1	1030	2079	53
0.1	1032	1031	52
0.1	1033	2081	52
0.1	1035	1034	52
0.1	1037	1036	52
0.1	1038	2084	52
0.1	1039	2085	52
0.1	2086	2083	52
0.1	1040	2087	52
0.1	2088	2082	52
0.1	2089	2080	52
0.1	2090	2061	52
0.1	2091	2054	52
0.1	1042	1041	51
0.1	1044	1043	51
0.1	2094	2093	51
0.1	2095	2092	51
0.1	2096	2053	51
0.1	2097	2051	51
0.1	2098	986	51
0.1	2099	985	51
0.1	2100	2041	50
0.1	1047	1046	50
0.1	2102	1045	50
0.1	1049	1048	50
0.1	1051	1050	50
0.1	2105	2104	50
0.1	2106	2103	50
0.1	1054	1053	50
0.1	1058	1057	50
0.1	2109	1056	50
0.1	2110	1055	50
0.1	1060	1059	50
0.1	2112	2111	50
0.1	2113	2108	50
0.1	2114	1052	50
0.1	2115	2107	50
0.1	2116	2101	50
0.1	2117	2038	50
0.1	2118	1579	1
