1	0	0	1
1	0	0	1
1	0	0	2
1	0	0	3
1	0	0	3
1	0	0	3
1	0	0	3
1	0	0	3
1	0	0	3
1	0	0	3
1	0	0	3
1	0	0	3
1	0	0	3
1	0	0	4
1	0	0	4
1	0	0	4
1	0	0	4
1	0	0	4
1	0	0	4
1	0	0	4
1	0	0	4
1	0	0	4
1	0	0	4
1	0	0	5
1	0	0	5
1	0	0	5
1	0	0	5
1	0	0	5
1	0	0	5
1	0	0	5
1	0	0	5
1	0	0	5
1	0	0	5
1	0	0	2
1	0	0	2
1	0	0	2
1	0	0	2
1	0	0	6
1	0	0	6
1	0	0	6
1	0	0	6
1	0	0	6
1	0	0	6
1	0	0	6
1	0	0	6
1	0	0	6
1	0	0	6
1	0	0	2
1	0	0	2
1	0	0	7
1	0	0	7
1	0	0	7
1	0	0	7
1	0	0	7
1	0	0	7
1	0	0	7
1	0	0	7
1	0	0	7
1	0	0	7
1	0	0	2
1	0	0	2
1	0	0	2
1	0	0	8
1	0	0	8
1	0	0	8
1	0	0	8
1	0	0	8
1	0	0	8
1	0	0	8
1	0	0	8
1	0	0	8
1	0	0	8
1	0	0	1
1	0	0	9
1	0	0	9
1	0	0	9
1	0	0	9
1	0	0	9
1	0	0	9
1	0	0	9
1	0	0	1
1	0	0	1
1	0	0	1
1	0	0	1
1	0	0	1
1	0	0	1
1	0	0	1
1	0	0	10
1	0	0	10
1	0	0	10
1	0	0	10
1	0	0	10
1	0	0	10
1	0	0	10
1	0	0	10
1	0	0	10
1	0	0	10
1	0	0	9
1	0	0	9
1	0	0	9
1	0	0	11
1	0	0	11
1	0	0	11
1	0	0	11
1	0	0	11
1	0	0	11
1	0	0	11
1	0	0	11
1	0	0	11
1	0	0	11
1	0	0	12
1	0	0	12
1	0	0	12
1	0	0	12
1	0	0	12
1	0	0	12
1	0	0	13
1	0	0	13
1	0	0	13
1	0	0	13
1	0	0	13
1	0	0	14
1	0	0	14
1	0	0	14
1	0	0	14
1	0	0	14
1	0	0	14
1	0	0	15
1	0	0	15
1	0	0	15
1	0	0	15
1	0	0	15
1	0	0	15
1	0	0	15
1	0	0	15
1	0	0	15
1	0	0	15
1	0	0	16
1	0	0	16
1	0	0	16
1	0	0	17
1	0	0	17
1	0	0	17
1	0	0	17
1	0	0	17
1	0	0	17
1	0	0	17
1	0	0	17
1	0	0	17
1	0	0	17
1	0	0	18
1	0	0	18
1	0	0	18
1	0	0	18
1	0	0	18
1	0	0	18
1	0	0	18
1	0	0	18
1	0	0	18
1	0	0	18
1	0	0	19
1	0	0	19
1	0	0	19
1	0	0	19
1	0	0	19
1	0	0	19
1	0	0	19
1	0	0	19
1	0	0	19
1	0	0	19
1	0	0	16
1	0	0	20
1	0	0	20
1	0	0	20
1	0	0	20
1	0	0	20
1	0	0	20
1	0	0	20
1	0	0	20
1	0	0	20
1	0	0	20
1	0	0	16
1	0	0	16
1	0	0	16
1	0	0	16
1	0	0	21
1	0	0	21
1	0	0	21
1	0	0	21
1	0	0	21
1	0	0	21
1	0	0	21
1	0	0	21
1	0	0	21
1	0	0	21
1	0	0	22
1	0	0	22
1	0	0	22
1	0	0	22
1	0	0	22
1	0	0	22
1	0	0	22
1	0	0	22
1	0	0	22
1	0	0	22
1	0	0	23
1	0	0	23
1	0	0	23
1	0	0	23
1	0	0	23
1	0	0	23
1	0	0	23
1	0	0	23
1	0	0	23
1	0	0	23
1	0	0	24
1	0	0	24
1	0	0	24
1	0	0	24
1	0	0	24
1	0	0	24
1	0	0	24
1	0	0	24
1	0	0	24
1	0	0	24
1	0	0	25
1	0	0	25
1	0	0	25
1	0	0	25
1	0	0	25
1	0	0	25
1	0	0	25
1	0	0	25
1	0	0	25
1	0	0	25
1	0	0	26
1	0	0	26
1	0	0	26
1	0	0	26
1	0	0	26
1	0	0	26
1	0	0	26
1	0	0	26
1	0	0	26
1	0	0	26
1	0	0	27
1	0	0	27
1	0	0	27
1	0	0	27
1	0	0	27
1	0	0	27
1	0	0	27
1	0	0	27
1	0	0	27
1	0	0	27
1	0	0	28
1	0	0	28
1	0	0	28
1	0	0	28
1	0	0	28
1	0	0	28
1	0	0	28
1	0	0	28
1	0	0	28
1	0	0	28
1	0	0	16
1	0	0	16
1	0	0	14
1	0	0	29
1	0	0	29
1	0	0	29
1	0	0	29
1	0	0	29
1	0	0	29
1	0	0	29
1	0	0	29
1	0	0	29
1	0	0	29
1	0	0	14
1	0	0	14
1	0	0	14
1	0	0	30
1	0	0	30
1	0	0	30
1	0	0	30
1	0	0	30
1	0	0	30
1	0	0	30
1	0	0	30
1	0	0	30
1	0	0	30
1	0	0	13
1	0	0	13
1	0	0	13
1	0	0	13
1	0	0	13
1	0	0	12
1	0	0	31
1	0	0	31
1	0	0	31
1	0	0	31
1	0	0	31
1	0	0	31
1	0	0	31
1	0	0	31
1	0	0	31
1	0	0	31
1	0	0	12
1	0	0	12
1	0	0	12
0.1	5	4	3
0.1	7	6	3
0.1	9	8	3
0.1	313	312	3
0.1	12	11	3
0.1	315	10	3
0.1	13	316	3
0.1	317	314	3
0.1	16	15	4
0.1	319	14	4
0.1	17	320	4
0.1	20	19	4
0.1	322	18	4
0.1	323	321	4
0.1	23	22	4
0.1	325	21	4
0.1	326	324	4
0.1	327	318	3
0.1	328	311	3
0.1	329	3	2
0.1	27	26	5
0.1	28	331	5
0.1	30	29	5
0.1	31	333	5
0.1	32	334	5
0.1	33	335	5
0.1	336	332	5
0.1	337	25	5
0.1	338	24	5
0.1	34	339	2
0.1	340	330	2
0.1	39	38	6
0.1	42	41	6
0.1	343	40	6
0.1	44	43	6
0.1	345	344	6
0.1	346	342	6
0.1	46	45	6
0.1	47	348	6
0.1	349	347	6
0.1	48	350	2
0.1	351	37	2
0.1	352	36	2
0.1	353	35	2
0.1	49	354	2
0.1	355	341	2
0.1	52	51	7
0.1	55	54	7
0.1	57	56	7
0.1	359	358	7
0.1	360	53	7
0.1	361	357	7
0.1	362	50	7
0.1	59	58	7
0.1	364	363	7
0.1	61	60	2
0.1	64	63	8
0.1	69	68	8
0.1	368	67	8
0.1	369	66	8
0.1	71	70	8
0.1	371	370	8
0.1	72	372	8
0.1	373	65	8
0.1	374	367	8
0.1	375	62	2
0.1	376	366	2
0.1	377	365	2
0.1	378	356	2
0.1	379	2	1
0.1	380	1	1
0.1	73	381	1
0.1	75	74	9
0.1	79	78	9
0.1	80	384	9
0.1	385	77	9
0.1	82	81	1
0.1	84	83	1
0.1	388	387	1
0.1	85	389	1
0.1	87	86	1
0.1	90	89	10
0.1	95	94	10
0.1	393	93	10
0.1	394	92	10
0.1	395	91	10
0.1	396	392	10
0.1	97	96	10
0.1	398	397	10
0.1	399	88	10
0.1	400	391	1
0.1	401	390	1
0.1	98	402	9
0.1	100	99	9
0.1	404	403	9
0.1	405	386	9
0.1	406	76	9
0.1	407	383	9
0.1	408	382	11
0.1	101	409	11
0.1	103	102	11
0.1	104	411	11
0.1	106	105	11
0.1	413	412	11
0.1	414	410	11
0.1	109	108	11
0.1	110	416	11
0.1	114	113	12
0.1	418	112	12
0.1	419	111	12
0.1	119	118	13
0.1	421	117	13
0.1	121	120	13
0.1	423	422	13
0.1	124	123	14
0.1	425	122	14
0.1	127	126	14
0.1	427	125	14
0.1	428	426	14
0.1	129	128	15
0.1	134	133	15
0.1	431	132	15
0.1	432	131	15
0.1	137	136	15
0.1	434	135	15
0.1	435	433	15
0.1	436	130	15
0.1	437	430	15
0.1	140	139	16
0.1	142	141	17
0.1	143	440	17
0.1	145	144	17
0.1	148	147	17
0.1	443	146	17
0.1	150	149	17
0.1	445	444	17
0.1	446	442	17
0.1	447	441	17
0.1	448	439	16
0.1	449	138	16
0.1	153	152	18
0.1	451	151	18
0.1	157	156	18
0.1	453	155	18
0.1	159	158	18
0.1	160	455	18
0.1	456	454	18
0.1	457	154	18
0.1	458	452	18
0.1	163	162	19
0.1	166	165	19
0.1	461	164	19
0.1	168	167	19
0.1	169	463	19
0.1	464	462	19
0.1	170	465	19
0.1	466	460	19
0.1	467	161	19
0.1	173	172	20
0.1	175	174	20
0.1	470	469	20
0.1	179	178	20
0.1	472	177	20
0.1	181	180	20
0.1	474	473	20
0.1	475	176	20
0.1	476	471	20
0.1	477	171	16
0.1	184	183	16
0.1	479	182	16
0.1	480	478	16
0.1	481	468	16
0.1	189	188	21
0.1	483	187	21
0.1	484	186	21
0.1	191	190	21
0.1	193	192	21
0.1	487	486	21
0.1	488	485	21
0.1	195	194	21
0.1	490	489	21
0.1	491	185	16
0.1	198	197	22
0.1	200	199	22
0.1	494	493	22
0.1	203	202	22
0.1	496	201	22
0.1	204	497	22
0.1	205	498	22
0.1	499	495	22
0.1	500	196	22
0.1	210	209	23
0.1	502	208	23
0.1	503	207	23
0.1	504	206	23
0.1	212	211	23
0.1	215	214	23
0.1	507	213	23
0.1	508	506	23
0.1	509	505	23
0.1	510	501	23
0.1	511	492	16
0.1	512	482	16
0.1	217	216	24
0.1	218	514	24
0.1	220	219	24
0.1	221	516	24
0.1	223	222	24
0.1	518	517	24
0.1	519	515	24
0.1	225	224	24
0.1	521	520	24
0.1	230	229	25
0.1	523	228	25
0.1	524	227	25
0.1	234	233	25
0.1	235	526	25
0.1	527	232	25
0.1	528	231	25
0.1	529	525	25
0.1	530	226	25
0.1	239	238	26
0.1	242	241	26
0.1	533	240	26
0.1	534	532	26
0.1	245	244	26
0.1	536	243	26
0.1	537	535	26
0.1	538	237	26
0.1	539	236	26
0.1	248	247	27
0.1	541	246	27
0.1	251	250	27
0.1	543	249	27
0.1	254	253	27
0.1	545	252	27
0.1	255	546	27
0.1	547	544	27
0.1	548	542	27
0.1	256	549	28
0.1	550	540	28
0.1	258	257	28
0.1	259	552	28
0.1	260	553	28
0.1	263	262	28
0.1	555	261	28
0.1	556	554	28
0.1	265	264	28
0.1	558	557	28
0.1	559	551	28
0.1	560	531	28
0.1	267	266	16
0.1	562	561	16
0.1	563	522	16
0.1	564	513	16
0.1	565	459	16
0.1	566	450	16
0.1	271	270	29
0.1	568	269	29
0.1	276	275	29
0.1	570	274	29
0.1	277	571	29
0.1	278	572	29
0.1	573	273	29
0.1	574	272	29
0.1	575	569	29
0.1	576	268	14
0.1	577	567	14
0.1	279	578	14
0.1	280	579	14
0.1	284	283	30
0.1	581	282	30
0.1	287	286	30
0.1	583	285	30
0.1	289	288	30
0.1	585	584	30
0.1	586	582	30
0.1	291	290	30
0.1	588	587	30
0.1	589	281	14
0.1	590	580	14
0.1	591	438	14
0.1	592	429	14
0.1	292	593	13
0.1	294	293	13
0.1	595	594	13
0.1	296	295	13
0.1	597	596	13
0.1	598	424	13
0.1	297	599	12
0.1	600	116	12
0.1	601	115	12
0.1	602	420	12
0.1	299	298	31
0.1	302	301	31
0.1	605	300	31
0.1	303	606	31
0.1	305	304	31
0.1	608	607	31
0.1	307	306	31
0.1	610	609	31
0.1	611	604	31
0.1	309	308	12
0.1	613	612	12
0.1	614	603	12
0.1	310	615	12
0.1	616	417	11
0.1	617	107	11
0.1	618	415	11
