1	0	0	1
1	0	0	1
1	0	0	1
1	0	0	1
1	0	0	1
1	0	0	1
1	0	0	1
1	0	0	1
1	0	0	1
1	0	0	1
1	0	0	2
1	0	0	2
1	0	0	2
1	0	0	2
1	0	0	2
1	0	0	2
1	0	0	2
1	0	0	2
1	0	0	3
1	0	0	3
1	0	0	3
1	0	0	3
1	0	0	3
1	0	0	3
1	0	0	3
1	0	0	3
1	0	0	3
1	0	0	3
1	0	0	4
1	0	0	4
1	0	0	4
1	0	0	4
1	0	0	4
1	0	0	4
1	0	0	4
1	0	0	4
1	0	0	4
1	0	0	4
1	0	0	2
1	0	0	5
1	0	0	5
1	0	0	5
1	0	0	5
1	0	0	5
1	0	0	5
1	0	0	5
1	0	0	5
1	0	0	5
1	0	0	5
1	0	0	6
1	0	0	6
1	0	0	6
1	0	0	6
1	0	0	6
1	0	0	6
1	0	0	2
1	0	0	6
1	0	0	6
1	0	0	6
1	0	0	6
1	0	0	7
1	0	0	7
1	0	0	8
1	0	0	8
1	0	0	8
1	0	0	8
1	0	0	8
1	0	0	8
1	0	0	8
1	0	0	8
1	0	0	8
1	0	0	8
1	0	0	7
1	0	0	7
1	0	0	7
1	0	0	7
1	0	0	7
1	0	0	7
1	0	0	7
1	0	0	7
1	0	0	9
1	0	0	9
1	0	0	9
1	0	0	9
1	0	0	9
1	0	0	9
1	0	0	9
1	0	0	9
1	0	0	9
1	0	0	9
1	0	0	10
1	0	0	10
1	0	0	10
1	0	0	10
1	0	0	10
1	0	0	10
1	0	0	10
1	0	0	10
1	0	0	10
1	0	0	10
1	0	0	11
1	0	0	11
1	0	0	11
1	0	0	11
1	0	0	12
1	0	0	12
1	0	0	12
1	0	0	12
1	0	0	12
1	0	0	12
1	0	0	12
1	0	0	12
1	0	0	12
1	0	0	12
1	0	0	11
1	0	0	11
1	0	0	11
1	0	0	11
1	0	0	13
1	0	0	13
1	0	0	13
1	0	0	13
1	0	0	13
1	0	0	13
1	0	0	13
1	0	0	13
1	0	0	13
1	0	0	13
1	0	0	14
1	0	0	14
1	0	0	15
1	0	0	15
1	0	0	15
1	0	0	15
1	0	0	15
1	0	0	15
1	0	0	15
1	0	0	15
1	0	0	15
1	0	0	15
1	0	0	16
1	0	0	16
1	0	0	16
1	0	0	16
1	0	0	16
1	0	0	16
1	0	0	16
1	0	0	16
1	0	0	16
1	0	0	16
1	0	0	14
1	0	0	14
1	0	0	14
1	0	0	17
1	0	0	17
1	0	0	17
1	0	0	17
1	0	0	17
1	0	0	17
1	0	0	17
1	0	0	17
1	0	0	17
1	0	0	17
1	0	0	14
1	0	0	18
1	0	0	18
1	0	0	18
1	0	0	18
1	0	0	18
1	0	0	18
1	0	0	18
1	0	0	18
1	0	0	18
1	0	0	18
1	0	0	14
1	0	0	19
1	0	0	20
1	0	0	20
1	0	0	20
1	0	0	20
1	0	0	20
1	0	0	20
1	0	0	20
1	0	0	20
1	0	0	20
1	0	0	20
1	0	0	21
1	0	0	21
1	0	0	21
1	0	0	21
1	0	0	21
1	0	0	21
1	0	0	21
1	0	0	21
1	0	0	21
1	0	0	21
1	0	0	22
1	0	0	22
1	0	0	22
1	0	0	22
1	0	0	22
1	0	0	22
1	0	0	22
1	0	0	22
1	0	0	22
1	0	0	22
1	0	0	19
1	0	0	19
1	0	0	19
1	0	0	19
1	0	0	19
1	0	0	19
1	0	0	19
1	0	0	19
1	0	0	19
1	0	0	23
1	0	0	23
1	0	0	23
1	0	0	24
1	0	0	24
1	0	0	24
1	0	0	24
1	0	0	24
1	0	0	24
1	0	0	24
1	0	0	24
1	0	0	24
1	0	0	24
1	0	0	23
1	0	0	23
1	0	0	23
1	0	0	23
1	0	0	23
1	0	0	23
1	0	0	23
1	0	0	11
1	0	0	11
1	0	0	14
1	0	0	14
1	0	0	14
1	0	0	25
1	0	0	25
1	0	0	25
1	0	0	25
1	0	0	25
1	0	0	25
1	0	0	25
1	0	0	25
1	0	0	25
1	0	0	25
1	0	0	26
1	0	0	26
1	0	0	26
1	0	0	26
1	0	0	26
1	0	0	26
1	0	0	26
1	0	0	26
1	0	0	26
1	0	0	26
1	0	0	27
1	0	0	27
1	0	0	27
1	0	0	28
1	0	0	28
1	0	0	28
1	0	0	28
1	0	0	28
1	0	0	28
1	0	0	28
1	0	0	28
1	0	0	28
1	0	0	28
1	0	0	27
1	0	0	27
1	0	0	27
1	0	0	27
1	0	0	29
1	0	0	29
1	0	0	29
1	0	0	29
1	0	0	29
1	0	0	29
1	0	0	29
1	0	0	29
1	0	0	29
1	0	0	29
1	0	0	27
1	0	0	27
1	0	0	27
1	0	0	30
1	0	0	30
1	0	0	30
1	0	0	30
1	0	0	30
1	0	0	30
1	0	0	30
1	0	0	30
1	0	0	30
1	0	0	30
1	0	0	31
1	0	0	31
1	0	0	31
1	0	0	31
1	0	0	31
1	0	0	31
1	0	0	31
1	0	0	31
1	0	0	31
1	0	0	31
1	0	0	32
1	0	0	32
1	0	0	32
1	0	0	32
1	0	0	32
1	0	0	32
1	0	0	32
1	0	0	32
1	0	0	32
1	0	0	32
0.1	3	2	1
0.1	7	6	1
0.1	322	5	1
0.1	323	4	1
0.1	324	321	1
0.1	325	1	1
0.1	9	8	1
0.1	10	327	1
0.1	328	326	1
0.1	13	12	2
0.1	330	11	2
0.1	16	15	2
0.1	332	14	2
0.1	22	21	3
0.1	334	20	3
0.1	335	19	3
0.1	24	23	3
0.1	25	337	3
0.1	28	27	3
0.1	339	26	3
0.1	340	338	3
0.1	341	336	3
0.1	342	18	2
0.1	343	17	2
0.1	344	333	2
0.1	345	331	2
0.1	35	34	4
0.1	347	33	4
0.1	348	32	4
0.1	349	31	4
0.1	36	350	4
0.1	351	30	4
0.1	352	29	4
0.1	38	37	4
0.1	354	353	4
0.1	41	40	5
0.1	43	42	5
0.1	357	356	5
0.1	45	44	5
0.1	47	46	5
0.1	360	359	5
0.1	361	358	5
0.1	49	48	5
0.1	363	362	5
0.1	364	39	2
0.1	365	355	2
0.1	51	50	6
0.1	53	52	6
0.1	55	54	6
0.1	369	368	6
0.1	370	367	6
0.1	56	371	2
0.1	58	57	6
0.1	60	59	6
0.1	374	373	6
0.1	375	372	2
0.1	376	366	2
0.1	377	346	2
0.1	62	61	7
0.1	64	63	8
0.1	66	65	8
0.1	70	69	8
0.1	71	382	8
0.1	383	68	8
0.1	72	384	8
0.1	385	67	8
0.1	386	381	8
0.1	387	380	8
0.1	388	379	7
0.1	75	74	7
0.1	390	73	7
0.1	77	76	7
0.1	79	78	7
0.1	80	393	7
0.1	394	392	7
0.1	395	391	7
0.1	396	389	7
0.1	83	82	9
0.1	398	81	9
0.1	86	85	9
0.1	400	84	9
0.1	90	89	9
0.1	402	88	9
0.1	403	87	9
0.1	404	401	9
0.1	405	399	9
0.1	93	92	10
0.1	96	95	10
0.1	408	94	10
0.1	409	407	10
0.1	410	91	10
0.1	97	411	10
0.1	100	99	10
0.1	413	98	10
0.1	414	412	10
0.1	415	406	7
0.1	416	397	7
0.1	417	378	11
0.1	418	329	11
0.1	102	101	11
0.1	104	103	11
0.1	421	420	11
0.1	108	107	12
0.1	423	106	12
0.1	109	424	12
0.1	425	105	12
0.1	113	112	12
0.1	427	111	12
0.1	428	110	12
0.1	114	429	12
0.1	430	426	12
0.1	116	115	11
0.1	432	431	11
0.1	118	117	11
0.1	434	433	11
0.1	435	422	11
0.1	436	419	11
0.1	122	121	13
0.1	438	120	13
0.1	439	119	13
0.1	124	123	13
0.1	125	441	13
0.1	128	127	13
0.1	443	126	13
0.1	444	442	13
0.1	445	440	13
0.1	129	446	14
0.1	132	131	15
0.1	133	448	15
0.1	134	449	15
0.1	137	136	15
0.1	451	135	15
0.1	139	138	15
0.1	140	453	15
0.1	454	452	15
0.1	455	450	15
0.1	456	130	14
0.1	142	141	16
0.1	144	143	16
0.1	459	458	16
0.1	145	460	16
0.1	148	147	16
0.1	462	146	16
0.1	150	149	16
0.1	464	463	16
0.1	465	461	16
0.1	151	466	14
0.1	152	467	14
0.1	153	468	14
0.1	155	154	17
0.1	158	157	17
0.1	471	156	17
0.1	159	472	17
0.1	161	160	17
0.1	474	473	17
0.1	163	162	17
0.1	476	475	17
0.1	477	470	17
0.1	478	469	14
0.1	479	457	14
0.1	480	447	14
0.1	166	165	18
0.1	168	167	18
0.1	170	169	18
0.1	172	171	18
0.1	174	173	18
0.1	486	485	18
0.1	487	484	18
0.1	488	483	18
0.1	489	482	18
0.1	175	490	14
0.1	491	164	14
0.1	492	481	14
0.1	179	178	20
0.1	494	177	20
0.1	183	182	20
0.1	184	496	20
0.1	186	185	20
0.1	498	497	20
0.1	499	181	20
0.1	500	180	20
0.1	501	495	20
0.1	192	191	21
0.1	503	190	21
0.1	193	504	21
0.1	195	194	21
0.1	506	505	21
0.1	507	189	21
0.1	196	508	21
0.1	509	188	21
0.1	510	187	21
0.1	511	502	22
0.1	199	198	22
0.1	201	200	22
0.1	514	513	22
0.1	515	197	22
0.1	204	203	22
0.1	517	202	22
0.1	518	516	22
0.1	206	205	22
0.1	520	519	22
0.1	521	512	22
0.1	207	522	19
0.1	212	211	19
0.1	524	210	19
0.1	525	209	19
0.1	526	208	19
0.1	527	523	19
0.1	213	528	19
0.1	215	214	19
0.1	530	529	19
0.1	531	176	19
0.1	217	216	23
0.1	220	219	24
0.1	222	221	24
0.1	223	535	24
0.1	225	224	24
0.1	226	537	24
0.1	227	538	24
0.1	228	539	24
0.1	540	536	24
0.1	541	534	24
0.1	542	218	23
0.1	229	543	23
0.1	232	231	23
0.1	233	545	23
0.1	546	230	23
0.1	235	234	23
0.1	548	547	23
0.1	549	544	23
0.1	550	533	23
0.1	551	532	19
0.1	237	236	11
0.1	553	552	11
0.1	554	493	11
0.1	244	243	25
0.1	247	246	25
0.1	557	245	25
0.1	558	556	25
0.1	559	242	25
0.1	560	241	25
0.1	249	248	25
0.1	250	562	25
0.1	563	561	25
0.1	564	240	14
0.1	253	252	26
0.1	566	251	26
0.1	255	254	26
0.1	568	567	26
0.1	258	257	26
0.1	570	256	26
0.1	571	569	26
0.1	260	259	26
0.1	573	572	26
0.1	262	261	27
0.1	263	575	27
0.1	267	266	28
0.1	269	268	28
0.1	578	577	28
0.1	579	265	28
0.1	580	264	28
0.1	271	270	28
0.1	273	272	28
0.1	583	582	28
0.1	584	581	28
0.1	276	275	27
0.1	277	586	27
0.1	279	278	29
0.1	280	588	29
0.1	282	281	29
0.1	287	286	29
0.1	591	285	29
0.1	592	284	29
0.1	593	283	29
0.1	594	590	29
0.1	595	589	29
0.1	596	587	27
0.1	597	274	27
0.1	598	585	27
0.1	288	599	27
0.1	600	576	27
0.1	293	292	30
0.1	294	602	30
0.1	295	603	30
0.1	297	296	30
0.1	300	299	30
0.1	606	298	30
0.1	607	605	30
0.1	608	604	30
0.1	609	291	30
0.1	610	290	27
0.1	611	289	27
0.1	303	302	31
0.1	613	301	31
0.1	309	308	31
0.1	615	307	31
0.1	616	306	31
0.1	617	305	31
0.1	310	618	31
0.1	619	304	31
0.1	620	614	31
0.1	621	612	27
0.1	622	601	27
0.1	623	574	32
0.1	312	311	32
0.1	316	315	32
0.1	320	319	32
0.1	627	318	32
0.1	628	317	32
0.1	629	626	32
0.1	630	314	32
0.1	631	313	32
0.1	632	625	32
0.1	633	624	32
0.1	634	565	14
0.1	635	239	14
0.1	636	238	14
0.1	637	555	11
0.1	638	437	11
