1	0	0	1
1	0	0	1
1	0	0	1
1	0	0	1
1	0	0	1
1	0	0	1
1	0	0	1
1	0	0	1
1	0	0	1
1	0	0	1
1	0	0	1
1	0	0	1
1	0	0	1
1	0	0	1
1	0	0	1
1	0	0	1
1	0	0	1
1	0	0	1
1	0	0	1
1	0	0	1
1	0	0	2
1	0	0	3
1	0	0	3
1	0	0	3
1	0	0	3
1	0	0	3
1	0	0	3
1	0	0	3
1	0	0	3
1	0	0	3
1	0	0	3
1	0	0	4
1	0	0	4
1	0	0	4
1	0	0	5
1	0	0	5
1	0	0	5
1	0	0	5
1	0	0	5
1	0	0	5
1	0	0	5
1	0	0	5
1	0	0	5
1	0	0	5
1	0	0	5
1	0	0	5
1	0	0	5
1	0	0	5
1	0	0	5
1	0	0	5
1	0	0	5
1	0	0	5
1	0	0	5
1	0	0	5
1	0	0	4
1	0	0	4
1	0	0	4
1	0	0	4
1	0	0	4
1	0	0	4
1	0	0	4
1	0	0	4
1	0	0	4
1	0	0	4
1	0	0	4
1	0	0	4
1	0	0	4
1	0	0	4
1	0	0	4
1	0	0	4
1	0	0	4
1	0	0	3
1	0	0	3
1	0	0	3
1	0	0	3
1	0	0	3
1	0	0	3
1	0	0	3
1	0	0	3
1	0	0	3
1	0	0	3
1	0	0	6
1	0	0	6
1	0	0	6
1	0	0	6
1	0	0	6
1	0	0	6
1	0	0	6
1	0	0	6
1	0	0	6
1	0	0	6
1	0	0	6
1	0	0	6
1	0	0	6
1	0	0	6
1	0	0	6
1	0	0	6
1	0	0	6
1	0	0	6
1	0	0	6
1	0	0	6
1	0	0	7
1	0	0	7
1	0	0	7
1	0	0	7
1	0	0	7
1	0	0	7
1	0	0	7
1	0	0	7
1	0	0	7
1	0	0	7
1	0	0	7
1	0	0	7
1	0	0	7
1	0	0	7
1	0	0	7
1	0	0	7
1	0	0	7
1	0	0	7
1	0	0	7
1	0	0	7
1	0	0	8
1	0	0	8
1	0	0	8
1	0	0	8
1	0	0	8
1	0	0	8
1	0	0	8
1	0	0	8
1	0	0	8
1	0	0	8
1	0	0	8
1	0	0	8
1	0	0	8
1	0	0	8
1	0	0	8
1	0	0	8
1	0	0	8
1	0	0	8
1	0	0	8
1	0	0	8
1	0	0	9
1	0	0	9
1	0	0	9
1	0	0	9
1	0	0	9
1	0	0	9
1	0	0	9
1	0	0	9
1	0	0	9
1	0	0	9
1	0	0	9
1	0	0	9
1	0	0	9
1	0	0	9
1	0	0	9
1	0	0	9
1	0	0	9
1	0	0	9
1	0	0	9
1	0	0	9
1	0	0	10
1	0	0	10
1	0	0	10
1	0	0	10
1	0	0	10
1	0	0	10
1	0	0	10
1	0	0	10
1	0	0	10
1	0	0	10
1	0	0	10
1	0	0	10
1	0	0	10
1	0	0	10
1	0	0	10
1	0	0	10
1	0	0	10
1	0	0	10
1	0	0	10
1	0	0	10
1	0	0	11
1	0	0	12
1	0	0	12
1	0	0	12
1	0	0	12
1	0	0	12
1	0	0	12
1	0	0	12
1	0	0	12
1	0	0	13
1	0	0	13
1	0	0	13
1	0	0	13
1	0	0	13
1	0	0	13
1	0	0	13
1	0	0	13
1	0	0	13
1	0	0	13
1	0	0	13
1	0	0	13
1	0	0	13
1	0	0	13
1	0	0	13
1	0	0	13
1	0	0	13
1	0	0	13
1	0	0	13
1	0	0	13
1	0	0	12
1	0	0	12
1	0	0	12
1	0	0	12
1	0	0	12
1	0	0	12
1	0	0	12
1	0	0	12
1	0	0	12
1	0	0	12
1	0	0	12
1	0	0	12
1	0	0	11
1	0	0	11
1	0	0	11
1	0	0	11
1	0	0	11
1	0	0	11
1	0	0	11
1	0	0	11
1	0	0	11
1	0	0	11
1	0	0	11
1	0	0	11
1	0	0	11
1	0	0	11
1	0	0	11
1	0	0	11
1	0	0	11
1	0	0	11
1	0	0	11
1	0	0	14
1	0	0	14
1	0	0	14
1	0	0	14
1	0	0	14
1	0	0	14
1	0	0	14
1	0	0	14
1	0	0	14
1	0	0	14
1	0	0	14
1	0	0	14
1	0	0	14
1	0	0	14
1	0	0	14
1	0	0	14
1	0	0	14
1	0	0	15
1	0	0	15
1	0	0	15
1	0	0	15
1	0	0	15
1	0	0	15
1	0	0	15
1	0	0	15
1	0	0	15
1	0	0	15
1	0	0	16
1	0	0	16
1	0	0	16
1	0	0	16
1	0	0	16
1	0	0	16
1	0	0	16
1	0	0	16
1	0	0	16
1	0	0	16
1	0	0	16
1	0	0	16
1	0	0	16
1	0	0	16
1	0	0	16
1	0	0	16
1	0	0	16
1	0	0	16
1	0	0	16
1	0	0	16
1	0	0	15
1	0	0	15
1	0	0	15
1	0	0	15
1	0	0	15
1	0	0	15
1	0	0	15
1	0	0	15
1	0	0	15
1	0	0	15
1	0	0	17
1	0	0	17
1	0	0	17
1	0	0	17
1	0	0	17
1	0	0	17
1	0	0	17
1	0	0	17
1	0	0	17
1	0	0	17
1	0	0	17
1	0	0	17
1	0	0	17
1	0	0	17
1	0	0	17
1	0	0	17
1	0	0	17
1	0	0	17
1	0	0	17
1	0	0	17
1	0	0	14
1	0	0	14
1	0	0	14
1	0	0	2
1	0	0	2
1	0	0	2
1	0	0	2
1	0	0	2
1	0	0	18
1	0	0	18
1	0	0	18
1	0	0	18
1	0	0	18
1	0	0	18
1	0	0	18
1	0	0	18
1	0	0	18
1	0	0	18
1	0	0	18
1	0	0	18
1	0	0	18
1	0	0	18
1	0	0	18
1	0	0	18
1	0	0	18
1	0	0	18
1	0	0	18
1	0	0	18
1	0	0	2
1	0	0	2
1	0	0	2
1	0	0	2
1	0	0	2
1	0	0	2
1	0	0	2
1	0	0	2
1	0	0	2
1	0	0	2
1	0	0	2
1	0	0	2
1	0	0	2
1	0	0	2
1	0	0	19
1	0	0	19
1	0	0	19
1	0	0	19
1	0	0	19
1	0	0	19
1	0	0	19
1	0	0	20
1	0	0	20
1	0	0	20
1	0	0	20
1	0	0	20
1	0	0	20
1	0	0	20
1	0	0	21
1	0	0	21
1	0	0	21
1	0	0	21
1	0	0	21
1	0	0	21
1	0	0	21
1	0	0	21
1	0	0	21
1	0	0	21
1	0	0	21
1	0	0	21
1	0	0	21
1	0	0	21
1	0	0	21
1	0	0	21
1	0	0	21
1	0	0	21
1	0	0	21
1	0	0	21
1	0	0	22
1	0	0	22
1	0	0	22
1	0	0	22
1	0	0	22
1	0	0	22
1	0	0	22
1	0	0	22
1	0	0	22
1	0	0	22
1	0	0	22
1	0	0	22
1	0	0	22
1	0	0	22
1	0	0	22
1	0	0	22
1	0	0	22
1	0	0	22
1	0	0	22
1	0	0	22
1	0	0	20
1	0	0	20
1	0	0	20
1	0	0	20
1	0	0	20
1	0	0	20
1	0	0	20
1	0	0	20
1	0	0	20
1	0	0	20
1	0	0	20
1	0	0	20
1	0	0	20
1	0	0	23
1	0	0	23
1	0	0	23
1	0	0	23
1	0	0	23
1	0	0	23
1	0	0	23
1	0	0	23
1	0	0	23
1	0	0	23
1	0	0	23
1	0	0	23
1	0	0	23
1	0	0	23
1	0	0	23
1	0	0	23
1	0	0	23
1	0	0	23
1	0	0	23
1	0	0	23
1	0	0	24
1	0	0	24
1	0	0	24
1	0	0	24
1	0	0	24
1	0	0	24
1	0	0	24
1	0	0	24
1	0	0	24
1	0	0	24
1	0	0	24
1	0	0	24
1	0	0	24
1	0	0	24
1	0	0	24
1	0	0	24
1	0	0	24
1	0	0	24
1	0	0	24
1	0	0	24
1	0	0	19
1	0	0	19
1	0	0	19
1	0	0	19
1	0	0	25
1	0	0	25
1	0	0	25
1	0	0	25
1	0	0	25
1	0	0	25
1	0	0	25
1	0	0	25
1	0	0	25
1	0	0	26
1	0	0	26
1	0	0	26
1	0	0	26
1	0	0	26
1	0	0	26
1	0	0	26
1	0	0	26
1	0	0	26
1	0	0	26
1	0	0	26
1	0	0	26
1	0	0	26
1	0	0	26
1	0	0	26
1	0	0	26
1	0	0	26
1	0	0	26
1	0	0	26
1	0	0	26
1	0	0	25
1	0	0	25
1	0	0	25
1	0	0	25
1	0	0	25
1	0	0	25
1	0	0	25
1	0	0	25
1	0	0	25
1	0	0	25
1	0	0	25
1	0	0	27
1	0	0	27
1	0	0	27
1	0	0	27
1	0	0	27
1	0	0	27
1	0	0	27
1	0	0	27
1	0	0	27
1	0	0	27
1	0	0	27
1	0	0	27
1	0	0	27
1	0	0	27
1	0	0	27
1	0	0	27
1	0	0	27
1	0	0	27
1	0	0	27
1	0	0	27
1	0	0	19
1	0	0	19
1	0	0	19
1	0	0	19
1	0	0	19
1	0	0	19
1	0	0	19
1	0	0	19
1	0	0	19
1	0	0	28
1	0	0	28
1	0	0	28
1	0	0	28
1	0	0	28
1	0	0	28
1	0	0	28
1	0	0	28
1	0	0	28
1	0	0	28
1	0	0	28
1	0	0	28
1	0	0	28
1	0	0	29
1	0	0	29
1	0	0	30
1	0	0	30
1	0	0	30
1	0	0	30
1	0	0	30
1	0	0	30
1	0	0	30
1	0	0	30
1	0	0	30
1	0	0	30
1	0	0	30
1	0	0	30
1	0	0	30
1	0	0	30
1	0	0	30
1	0	0	30
1	0	0	30
1	0	0	30
1	0	0	30
1	0	0	30
1	0	0	29
1	0	0	29
1	0	0	29
1	0	0	29
1	0	0	29
1	0	0	29
1	0	0	29
1	0	0	29
1	0	0	31
1	0	0	31
1	0	0	31
1	0	0	31
1	0	0	31
1	0	0	31
1	0	0	31
1	0	0	31
1	0	0	31
1	0	0	31
1	0	0	31
1	0	0	31
1	0	0	31
1	0	0	31
1	0	0	31
1	0	0	31
1	0	0	31
1	0	0	31
1	0	0	31
1	0	0	31
1	0	0	32
1	0	0	32
1	0	0	32
1	0	0	32
1	0	0	33
1	0	0	33
1	0	0	33
1	0	0	33
1	0	0	33
1	0	0	33
1	0	0	33
1	0	0	33
1	0	0	33
1	0	0	33
1	0	0	33
1	0	0	33
1	0	0	33
1	0	0	33
1	0	0	33
1	0	0	33
1	0	0	33
1	0	0	33
1	0	0	33
1	0	0	33
1	0	0	32
1	0	0	32
1	0	0	32
1	0	0	32
1	0	0	32
1	0	0	32
1	0	0	32
1	0	0	32
1	0	0	32
1	0	0	32
1	0	0	32
1	0	0	32
1	0	0	32
1	0	0	32
1	0	0	32
1	0	0	32
1	0	0	34
1	0	0	34
1	0	0	34
1	0	0	34
1	0	0	34
1	0	0	34
1	0	0	34
1	0	0	34
1	0	0	34
1	0	0	34
1	0	0	34
1	0	0	34
1	0	0	34
1	0	0	34
1	0	0	34
1	0	0	34
1	0	0	34
1	0	0	34
1	0	0	35
1	0	0	35
1	0	0	35
1	0	0	35
1	0	0	35
1	0	0	35
1	0	0	35
1	0	0	35
1	0	0	35
1	0	0	35
1	0	0	35
1	0	0	35
1	0	0	35
1	0	0	35
1	0	0	35
1	0	0	35
1	0	0	35
1	0	0	35
1	0	0	35
1	0	0	35
1	0	0	34
1	0	0	34
1	0	0	29
1	0	0	36
1	0	0	36
1	0	0	36
1	0	0	36
1	0	0	36
1	0	0	36
1	0	0	36
1	0	0	36
1	0	0	36
1	0	0	36
1	0	0	36
1	0	0	36
1	0	0	36
1	0	0	36
1	0	0	36
1	0	0	36
1	0	0	36
1	0	0	36
1	0	0	36
1	0	0	36
1	0	0	29
1	0	0	37
1	0	0	37
1	0	0	37
1	0	0	37
1	0	0	37
1	0	0	37
1	0	0	37
1	0	0	37
1	0	0	37
1	0	0	37
1	0	0	37
1	0	0	37
1	0	0	37
1	0	0	37
1	0	0	37
1	0	0	37
1	0	0	37
1	0	0	37
1	0	0	37
1	0	0	37
1	0	0	29
1	0	0	29
1	0	0	29
1	0	0	29
1	0	0	29
1	0	0	38
1	0	0	38
1	0	0	38
1	0	0	38
1	0	0	38
1	0	0	38
1	0	0	38
1	0	0	38
1	0	0	38
1	0	0	38
1	0	0	38
1	0	0	38
1	0	0	38
1	0	0	38
1	0	0	38
1	0	0	38
1	0	0	38
1	0	0	38
1	0	0	38
1	0	0	38
1	0	0	39
1	0	0	39
1	0	0	39
1	0	0	39
1	0	0	39
1	0	0	39
1	0	0	39
1	0	0	39
1	0	0	39
1	0	0	39
1	0	0	39
1	0	0	39
1	0	0	39
1	0	0	39
1	0	0	39
1	0	0	40
1	0	0	40
1	0	0	40
1	0	0	41
1	0	0	41
1	0	0	41
1	0	0	41
1	0	0	41
1	0	0	41
1	0	0	41
1	0	0	41
1	0	0	41
1	0	0	41
1	0	0	41
1	0	0	41
1	0	0	41
1	0	0	41
1	0	0	41
1	0	0	41
1	0	0	41
1	0	0	41
1	0	0	41
1	0	0	41
1	0	0	40
1	0	0	40
1	0	0	40
1	0	0	40
1	0	0	40
1	0	0	40
1	0	0	40
1	0	0	40
1	0	0	40
1	0	0	40
1	0	0	40
1	0	0	40
1	0	0	40
1	0	0	40
1	0	0	40
1	0	0	40
1	0	0	40
1	0	0	39
1	0	0	39
1	0	0	39
1	0	0	39
1	0	0	39
1	0	0	29
1	0	0	29
1	0	0	29
1	0	0	42
1	0	0	42
1	0	0	42
1	0	0	42
1	0	0	42
1	0	0	42
1	0	0	42
1	0	0	43
1	0	0	43
1	0	0	43
1	0	0	43
1	0	0	43
1	0	0	43
1	0	0	43
1	0	0	43
1	0	0	43
1	0	0	43
1	0	0	43
1	0	0	43
1	0	0	43
1	0	0	43
1	0	0	43
1	0	0	43
1	0	0	43
1	0	0	43
1	0	0	43
1	0	0	43
1	0	0	42
1	0	0	44
1	0	0	44
1	0	0	44
1	0	0	44
1	0	0	44
1	0	0	44
1	0	0	44
1	0	0	44
1	0	0	44
1	0	0	44
1	0	0	44
1	0	0	44
1	0	0	44
1	0	0	44
1	0	0	44
1	0	0	44
1	0	0	44
1	0	0	44
1	0	0	44
1	0	0	44
1	0	0	45
1	0	0	45
1	0	0	45
1	0	0	45
1	0	0	45
1	0	0	45
1	0	0	45
1	0	0	45
1	0	0	45
1	0	0	45
1	0	0	45
1	0	0	45
1	0	0	45
1	0	0	45
1	0	0	45
1	0	0	45
1	0	0	45
1	0	0	45
1	0	0	45
1	0	0	45
1	0	0	42
1	0	0	42
1	0	0	42
1	0	0	42
1	0	0	42
1	0	0	42
1	0	0	42
1	0	0	42
1	0	0	42
1	0	0	42
1	0	0	42
1	0	0	42
1	0	0	46
1	0	0	46
1	0	0	46
1	0	0	46
1	0	0	46
1	0	0	46
1	0	0	46
1	0	0	46
1	0	0	46
1	0	0	46
1	0	0	46
1	0	0	46
1	0	0	46
1	0	0	46
1	0	0	46
1	0	0	46
1	0	0	46
1	0	0	46
1	0	0	46
1	0	0	46
1	0	0	47
1	0	0	47
1	0	0	47
1	0	0	47
1	0	0	47
1	0	0	47
1	0	0	47
1	0	0	47
1	0	0	47
1	0	0	47
1	0	0	47
1	0	0	47
1	0	0	47
1	0	0	47
1	0	0	47
1	0	0	47
1	0	0	47
1	0	0	47
1	0	0	47
1	0	0	47
1	0	0	48
1	0	0	48
1	0	0	48
1	0	0	48
1	0	0	48
1	0	0	48
1	0	0	48
1	0	0	48
1	0	0	48
1	0	0	48
1	0	0	48
1	0	0	48
1	0	0	48
1	0	0	48
1	0	0	48
1	0	0	48
1	0	0	48
1	0	0	48
1	0	0	48
1	0	0	48
1	0	0	49
1	0	0	49
1	0	0	49
1	0	0	49
1	0	0	49
1	0	0	49
1	0	0	49
1	0	0	49
1	0	0	49
1	0	0	49
1	0	0	49
1	0	0	49
1	0	0	49
1	0	0	49
1	0	0	49
1	0	0	49
1	0	0	49
1	0	0	49
1	0	0	49
1	0	0	49
1	0	0	50
1	0	0	50
1	0	0	50
1	0	0	50
1	0	0	50
1	0	0	50
1	0	0	50
1	0	0	50
1	0	0	50
1	0	0	50
1	0	0	50
1	0	0	50
1	0	0	50
1	0	0	50
1	0	0	50
1	0	0	50
1	0	0	50
1	0	0	50
1	0	0	50
1	0	0	50
1	0	0	51
1	0	0	51
1	0	0	51
1	0	0	51
1	0	0	51
1	0	0	51
1	0	0	51
1	0	0	51
1	0	0	51
1	0	0	51
1	0	0	51
1	0	0	51
1	0	0	51
1	0	0	51
1	0	0	51
1	0	0	51
1	0	0	51
1	0	0	51
1	0	0	51
1	0	0	51
1	0	0	52
1	0	0	52
1	0	0	52
1	0	0	52
1	0	0	52
1	0	0	52
1	0	0	52
1	0	0	52
1	0	0	52
1	0	0	52
1	0	0	52
1	0	0	52
1	0	0	52
1	0	0	52
1	0	0	52
1	0	0	52
1	0	0	52
1	0	0	52
1	0	0	52
1	0	0	52
1	0	0	53
1	0	0	53
1	0	0	53
1	0	0	53
1	0	0	53
1	0	0	53
1	0	0	53
1	0	0	53
1	0	0	54
1	0	0	54
1	0	0	54
1	0	0	54
1	0	0	54
1	0	0	54
1	0	0	54
1	0	0	54
1	0	0	54
1	0	0	54
1	0	0	54
1	0	0	54
1	0	0	54
1	0	0	54
1	0	0	54
1	0	0	54
1	0	0	54
1	0	0	54
1	0	0	54
1	0	0	54
1	0	0	53
1	0	0	53
1	0	0	53
1	0	0	53
1	0	0	53
1	0	0	53
1	0	0	53
1	0	0	53
1	0	0	53
1	0	0	53
1	0	0	53
1	0	0	53
1	0	0	55
1	0	0	55
1	0	0	55
1	0	0	55
1	0	0	55
1	0	0	55
1	0	0	55
1	0	0	55
1	0	0	55
1	0	0	55
1	0	0	55
1	0	0	55
1	0	0	55
1	0	0	55
1	0	0	55
1	0	0	55
1	0	0	55
1	0	0	55
1	0	0	55
1	0	0	55
1	0	0	28
1	0	0	28
1	0	0	28
1	0	0	28
1	0	0	28
1	0	0	28
1	0	0	28
0.1	2	1	1
0.1	3	1101	1
0.1	6	5	1
0.1	1103	4	1
0.1	1104	1102	1
0.1	8	7	1
0.1	10	9	1
0.1	1107	1106	1
0.1	11	1108	1
0.1	12	1109	1
0.1	14	13	1
0.1	1111	1110	1
0.1	1112	1105	1
0.1	16	15	1
0.1	20	19	1
0.1	1115	18	1
0.1	1116	17	1
0.1	1117	1114	1
0.1	1118	1113	1
0.1	24	23	3
0.1	29	28	3
0.1	1121	27	3
0.1	1122	26	3
0.1	30	1123	3
0.1	1124	25	3
0.1	1125	1120	3
0.1	1126	22	3
0.1	34	33	4
0.1	1128	32	4
0.1	36	35	5
0.1	41	40	5
0.1	1131	39	5
0.1	1132	38	5
0.1	42	1133	5
0.1	1134	37	5
0.1	43	1135	5
0.1	1136	1130	5
0.1	46	45	5
0.1	1138	44	5
0.1	1139	1137	5
0.1	48	47	5
0.1	50	49	5
0.1	1142	1141	5
0.1	1143	1140	5
0.1	52	51	5
0.1	54	53	5
0.1	1146	1145	5
0.1	1147	1144	5
0.1	55	1148	4
0.1	1149	1129	4
0.1	58	57	4
0.1	1151	56	4
0.1	1152	1150	4
0.1	61	60	4
0.1	64	63	4
0.1	1155	62	4
0.1	65	1156	4
0.1	1157	1154	4
0.1	1158	59	4
0.1	68	67	4
0.1	1160	66	4
0.1	70	69	4
0.1	71	1162	4
0.1	1163	1161	4
0.1	1164	1159	4
0.1	1165	1153	4
0.1	1166	31	3
0.1	75	74	3
0.1	1168	73	3
0.1	78	77	3
0.1	1170	76	3
0.1	79	1171	3
0.1	1172	1169	3
0.1	1173	72	3
0.1	1174	1167	3
0.1	81	80	3
0.1	83	82	6
0.1	85	84	6
0.1	87	86	6
0.1	90	89	6
0.1	1180	88	6
0.1	1181	1179	6
0.1	94	93	6
0.1	96	95	6
0.1	1184	1183	6
0.1	98	97	6
0.1	1186	1185	6
0.1	99	1187	6
0.1	100	1188	6
0.1	101	1189	6
0.1	1190	92	6
0.1	1191	91	6
0.1	1192	1182	6
0.1	1193	1178	6
0.1	1194	1177	6
0.1	103	102	7
0.1	104	1196	7
0.1	106	105	7
0.1	107	1198	7
0.1	1199	1197	7
0.1	1200	1195	7
0.1	112	111	7
0.1	1202	110	7
0.1	1203	109	7
0.1	113	1204	7
0.1	117	116	7
0.1	118	1206	7
0.1	1207	115	7
0.1	1208	114	7
0.1	1209	1205	7
0.1	1210	108	7
0.1	121	120	7
0.1	125	124	8
0.1	1213	123	8
0.1	128	127	8
0.1	1215	126	8
0.1	1216	1214	8
0.1	1217	122	8
0.1	131	130	8
0.1	133	132	8
0.1	136	135	8
0.1	137	1221	8
0.1	1222	134	8
0.1	1223	1220	8
0.1	1224	1219	8
0.1	140	139	8
0.1	141	1226	8
0.1	1227	138	8
0.1	1228	1225	8
0.1	1229	129	8
0.1	1230	1218	8
0.1	1231	1212	7
0.1	1232	119	7
0.1	1233	1211	7
0.1	1234	1201	7
0.1	1235	1176	3
0.1	1236	1175	3
0.1	1237	1127	3
0.1	1238	21	2
0.1	143	142	9
0.1	145	144	9
0.1	146	1241	9
0.1	1242	1240	9
0.1	148	147	9
0.1	151	150	9
0.1	152	1245	9
0.1	155	154	9
0.1	1247	153	9
0.1	1248	1246	9
0.1	156	1249	9
0.1	1250	149	9
0.1	1251	1244	9
0.1	159	158	9
0.1	161	160	9
0.1	1254	1253	9
0.1	1255	157	9
0.1	1256	1252	9
0.1	1257	1243	9
0.1	165	164	10
0.1	1259	163	10
0.1	1260	162	10
0.1	167	166	10
0.1	168	1262	10
0.1	170	169	10
0.1	172	171	10
0.1	175	174	10
0.1	1266	173	10
0.1	177	176	10
0.1	1268	1267	10
0.1	179	178	10
0.1	180	1270	10
0.1	1271	1269	10
0.1	1272	1265	10
0.1	1273	1264	10
0.1	181	1274	10
0.1	1275	1263	10
0.1	1276	1261	10
0.1	1277	1258	9
0.1	184	183	12
0.1	187	186	12
0.1	189	188	12
0.1	1281	1280	12
0.1	1282	185	12
0.1	1283	1279	12
0.1	190	1284	12
0.1	193	192	13
0.1	197	196	13
0.1	1287	195	13
0.1	1288	194	13
0.1	199	198	13
0.1	1290	1289	13
0.1	202	201	13
0.1	1292	200	13
0.1	204	203	13
0.1	206	205	13
0.1	1295	1294	13
0.1	208	207	13
0.1	1297	1296	13
0.1	1298	1293	13
0.1	210	209	13
0.1	1300	1299	13
0.1	1301	1291	13
0.1	1302	1286	13
0.1	1303	191	13
0.1	212	211	12
0.1	215	214	12
0.1	1306	213	12
0.1	217	216	12
0.1	218	1308	12
0.1	1309	1307	12
0.1	219	1310	12
0.1	220	1311	12
0.1	1312	1305	12
0.1	222	221	12
0.1	1314	1313	12
0.1	1315	1304	12
0.1	1316	1285	12
0.1	1317	182	11
0.1	225	224	11
0.1	227	226	11
0.1	1320	1319	11
0.1	1321	223	11
0.1	229	228	11
0.1	230	1323	11
0.1	233	232	11
0.1	1325	231	11
0.1	1326	1324	11
0.1	236	235	11
0.1	1328	234	11
0.1	1329	1327	11
0.1	238	237	11
0.1	241	240	11
0.1	1332	239	11
0.1	1333	1331	11
0.1	1334	1330	11
0.1	243	242	14
0.1	245	244	14
0.1	247	246	14
0.1	1338	1337	14
0.1	249	248	14
0.1	252	251	14
0.1	1341	250	14
0.1	1342	1340	14
0.1	256	255	14
0.1	1344	254	14
0.1	1345	253	14
0.1	1346	1343	14
0.1	1347	1339	14
0.1	1348	1336	14
0.1	258	257	14
0.1	1350	1349	14
0.1	263	262	15
0.1	264	1352	15
0.1	1353	261	15
0.1	1354	260	15
0.1	1355	259	15
0.1	266	265	15
0.1	1357	1356	15
0.1	268	267	15
0.1	272	271	16
0.1	276	275	16
0.1	278	277	16
0.1	280	279	16
0.1	1363	1362	16
0.1	1364	1361	16
0.1	1365	274	16
0.1	1366	273	16
0.1	1367	1360	16
0.1	282	281	16
0.1	286	285	16
0.1	1370	284	16
0.1	1371	283	16
0.1	1372	1369	16
0.1	1373	1368	16
0.1	1374	270	16
0.1	288	287	16
0.1	1376	1375	16
0.1	1377	269	16
0.1	292	291	15
0.1	1379	290	15
0.1	1380	289	15
0.1	294	293	15
0.1	1382	1381	15
0.1	1383	1378	15
0.1	1384	1359	15
0.1	1385	1358	15
0.1	297	296	15
0.1	298	1387	15
0.1	1388	295	15
0.1	1389	1386	15
0.1	1390	1351	14
0.1	301	300	17
0.1	302	1392	17
0.1	305	304	17
0.1	307	306	17
0.1	1395	1394	17
0.1	1396	303	17
0.1	311	310	17
0.1	312	1398	17
0.1	1399	309	17
0.1	1400	308	17
0.1	1401	1397	17
0.1	1402	1393	17
0.1	313	1403	17
0.1	315	314	17
0.1	318	317	17
0.1	1406	316	17
0.1	1407	1405	17
0.1	1408	1404	17
0.1	1409	299	17
0.1	321	320	14
0.1	1411	319	14
0.1	1412	1410	14
0.1	1413	1391	14
0.1	1414	1335	11
0.1	1415	1322	11
0.1	1416	1318	11
0.1	1417	1278	9
0.1	324	323	2
0.1	1419	322	2
0.1	326	325	2
0.1	1421	1420	2
0.1	328	327	18
0.1	330	329	18
0.1	1424	1423	18
0.1	332	331	18
0.1	335	334	18
0.1	1427	333	18
0.1	336	1428	18
0.1	1429	1426	18
0.1	1430	1425	18
0.1	341	340	18
0.1	1432	339	18
0.1	1433	338	18
0.1	344	343	18
0.1	1435	342	18
0.1	346	345	18
0.1	1437	1436	18
0.1	1438	1434	18
0.1	1439	337	18
0.1	1440	1431	18
0.1	348	347	2
0.1	350	349	2
0.1	1443	1442	2
0.1	351	1444	2
0.1	353	352	2
0.1	354	1446	2
0.1	355	1447	2
0.1	1448	1445	2
0.1	1449	1441	2
0.1	1450	1422	2
0.1	359	358	2
0.1	360	1452	2
0.1	1453	357	2
0.1	1454	356	2
0.1	1455	1451	2
0.1	1456	1418	2
0.1	1457	1239	2
0.1	362	361	19
0.1	364	363	19
0.1	366	365	19
0.1	367	1461	19
0.1	1462	1460	19
0.1	1463	1459	19
0.1	370	369	20
0.1	1465	368	20
0.1	373	372	20
0.1	374	1467	20
0.1	1468	371	20
0.1	377	376	21
0.1	1470	375	21
0.1	381	380	21
0.1	1472	379	21
0.1	1473	378	21
0.1	383	382	21
0.1	386	385	21
0.1	1476	384	21
0.1	388	387	21
0.1	390	389	21
0.1	392	391	21
0.1	1480	1479	21
0.1	1481	1478	21
0.1	394	393	21
0.1	1483	1482	21
0.1	1484	1477	21
0.1	1485	1475	21
0.1	1486	1474	21
0.1	1487	1471	21
0.1	397	396	22
0.1	1489	395	22
0.1	399	398	22
0.1	1491	1490	22
0.1	402	401	22
0.1	1493	400	22
0.1	403	1494	22
0.1	1495	1492	22
0.1	405	404	22
0.1	409	408	22
0.1	1498	407	22
0.1	1499	406	22
0.1	1500	1497	22
0.1	1501	1496	22
0.1	413	412	22
0.1	414	1503	22
0.1	1504	411	22
0.1	1505	410	22
0.1	1506	1502	22
0.1	1507	1488	20
0.1	419	418	20
0.1	420	1509	20
0.1	1510	417	20
0.1	1511	416	20
0.1	423	422	20
0.1	426	425	20
0.1	1514	424	20
0.1	1515	1513	20
0.1	1516	421	20
0.1	427	1517	20
0.1	1518	1512	20
0.1	1519	415	20
0.1	1520	1508	20
0.1	1521	1469	20
0.1	1522	1466	20
0.1	430	429	23
0.1	433	432	23
0.1	1525	431	23
0.1	436	435	23
0.1	1527	434	23
0.1	1528	1526	23
0.1	1529	1524	23
0.1	1530	428	23
0.1	439	438	23
0.1	440	1532	23
0.1	442	441	23
0.1	1534	1533	23
0.1	1535	437	23
0.1	445	444	23
0.1	446	1537	23
0.1	1538	443	23
0.1	1539	1536	23
0.1	1540	1531	23
0.1	447	1541	23
0.1	451	450	24
0.1	1543	449	24
0.1	453	452	24
0.1	454	1545	24
0.1	1546	1544	24
0.1	456	455	24
0.1	1548	1547	24
0.1	1549	448	24
0.1	459	458	24
0.1	1551	457	24
0.1	462	461	24
0.1	1553	460	24
0.1	465	464	24
0.1	1555	463	24
0.1	466	1556	24
0.1	467	1557	24
0.1	1558	1554	24
0.1	1559	1552	24
0.1	1560	1550	24
0.1	1561	1542	19
0.1	1562	1523	19
0.1	1563	1464	19
0.1	1564	1458	19
0.1	470	469	19
0.1	471	1566	19
0.1	473	472	25
0.1	475	474	25
0.1	478	477	25
0.1	1570	476	25
0.1	480	479	25
0.1	1572	1571	25
0.1	1573	1569	25
0.1	482	481	26
0.1	484	483	26
0.1	1576	1575	26
0.1	486	485	26
0.1	487	1578	26
0.1	491	490	26
0.1	1580	489	26
0.1	1581	488	26
0.1	1582	1579	26
0.1	1583	1577	26
0.1	494	493	26
0.1	495	1585	26
0.1	498	497	26
0.1	499	1587	26
0.1	500	1588	26
0.1	1589	496	26
0.1	1590	1586	26
0.1	1591	492	26
0.1	1592	1584	26
0.1	501	1593	25
0.1	1594	1574	25
0.1	505	504	25
0.1	506	1596	25
0.1	1597	503	25
0.1	1598	502	25
0.1	509	508	25
0.1	1600	507	25
0.1	514	513	27
0.1	1602	512	27
0.1	517	516	27
0.1	518	1604	27
0.1	1605	515	27
0.1	520	519	27
0.1	523	522	27
0.1	1608	521	27
0.1	525	524	27
0.1	1610	1609	27
0.1	1611	1607	27
0.1	1612	1606	27
0.1	527	526	27
0.1	529	528	27
0.1	531	530	27
0.1	1616	1615	27
0.1	1617	1614	27
0.1	1618	1613	27
0.1	1619	1603	27
0.1	1620	511	25
0.1	1621	510	25
0.1	1622	1601	25
0.1	1623	1599	25
0.1	1624	1595	25
0.1	1625	1568	25
0.1	1626	1567	19
0.1	1627	468	19
0.1	534	533	19
0.1	535	1629	19
0.1	1630	532	19
0.1	538	537	19
0.1	1632	536	19
0.1	1633	1631	19
0.1	540	539	19
0.1	1635	1634	19
0.1	1636	1628	19
0.1	1637	1565	19
0.1	543	542	28
0.1	1639	541	28
0.1	544	1640	28
0.1	546	545	28
0.1	548	547	28
0.1	550	549	28
0.1	1644	1643	28
0.1	1645	1642	28
0.1	552	551	28
0.1	553	1647	28
0.1	1648	1646	28
0.1	1649	1641	28
0.1	1650	1638	28
0.1	1651	1119	28
0.1	557	556	30
0.1	561	560	30
0.1	1654	559	30
0.1	1655	558	30
0.1	564	563	30
0.1	1657	562	30
0.1	1658	1656	30
0.1	567	566	30
0.1	1660	565	30
0.1	569	568	30
0.1	1662	1661	30
0.1	572	571	30
0.1	573	1664	30
0.1	574	1665	30
0.1	575	1666	30
0.1	1667	570	30
0.1	1668	1663	30
0.1	1669	1659	30
0.1	1670	1653	30
0.1	1671	555	29
0.1	576	1672	29
0.1	1673	554	29
0.1	579	578	29
0.1	1675	577	29
0.1	1676	1674	29
0.1	581	580	29
0.1	583	582	29
0.1	585	584	31
0.1	589	588	31
0.1	1681	587	31
0.1	592	591	31
0.1	593	1683	31
0.1	1684	590	31
0.1	595	594	31
0.1	596	1686	31
0.1	1687	1685	31
0.1	1688	1682	31
0.1	598	597	31
0.1	1690	1689	31
0.1	1691	586	31
0.1	599	1692	31
0.1	601	600	31
0.1	1694	1693	31
0.1	1695	1680	31
0.1	603	602	31
0.1	1697	1696	31
0.1	1698	1679	29
0.1	1699	1678	29
0.1	605	604	32
0.1	607	606	32
0.1	613	612	33
0.1	1703	611	33
0.1	1704	610	33
0.1	615	614	33
0.1	1706	1705	33
0.1	1707	609	33
0.1	617	616	33
0.1	621	620	33
0.1	623	622	33
0.1	624	1711	33
0.1	1712	1710	33
0.1	1713	619	33
0.1	1714	618	33
0.1	1715	1709	33
0.1	1716	1708	33
0.1	1717	608	33
0.1	627	626	33
0.1	1719	625	33
0.1	1720	1718	33
0.1	1721	1702	32
0.1	629	628	32
0.1	1723	1722	32
0.1	631	630	32
0.1	1725	1724	32
0.1	1726	1701	32
0.1	633	632	32
0.1	636	635	32
0.1	638	637	32
0.1	639	1730	32
0.1	1731	1729	32
0.1	1732	634	32
0.1	643	642	32
0.1	1734	641	32
0.1	1735	640	32
0.1	1736	1733	32
0.1	1737	1728	32
0.1	1738	1727	32
0.1	645	644	34
0.1	647	646	34
0.1	648	1741	34
0.1	650	649	34
0.1	1743	1742	34
0.1	651	1744	34
0.1	654	653	34
0.1	657	656	34
0.1	1747	655	34
0.1	1748	1746	34
0.1	1749	652	34
0.1	660	659	34
0.1	664	663	35
0.1	667	666	35
0.1	1753	665	35
0.1	669	668	35
0.1	1755	1754	35
0.1	1756	1752	35
0.1	1757	662	35
0.1	672	671	35
0.1	673	1759	35
0.1	1760	670	35
0.1	675	674	35
0.1	678	677	35
0.1	1763	676	35
0.1	1764	1762	35
0.1	1765	1761	35
0.1	681	680	35
0.1	1767	679	35
0.1	1768	1766	35
0.1	1769	1758	35
0.1	682	1770	34
0.1	1771	661	34
0.1	1772	1751	34
0.1	1773	658	34
0.1	683	1774	34
0.1	1775	1750	34
0.1	1776	1745	34
0.1	1777	1740	34
0.1	1778	1739	32
0.1	686	685	36
0.1	688	687	36
0.1	691	690	36
0.1	693	692	36
0.1	1783	1782	36
0.1	1784	689	36
0.1	695	694	36
0.1	1786	1785	36
0.1	1787	1781	36
0.1	698	697	36
0.1	1789	696	36
0.1	700	699	36
0.1	1791	1790	36
0.1	703	702	36
0.1	704	1793	36
0.1	1794	701	36
0.1	1795	1792	36
0.1	1796	1788	36
0.1	1797	1780	36
0.1	708	707	37
0.1	1799	706	37
0.1	711	710	37
0.1	1801	709	37
0.1	1802	1800	37
0.1	714	713	37
0.1	716	715	37
0.1	719	718	37
0.1	1806	717	37
0.1	1807	1805	37
0.1	721	720	37
0.1	725	724	37
0.1	1810	723	37
0.1	1811	722	37
0.1	1812	1809	37
0.1	1813	1808	37
0.1	1814	1804	37
0.1	1815	712	37
0.1	1816	1803	37
0.1	726	1817	29
0.1	1818	705	29
0.1	1819	1798	29
0.1	1820	684	29
0.1	728	727	29
0.1	729	1822	29
0.1	1823	1821	29
0.1	1824	1779	29
0.1	730	1825	29
0.1	732	731	38
0.1	736	735	38
0.1	1828	734	38
0.1	1829	733	38
0.1	1830	1827	38
0.1	738	737	38
0.1	739	1832	38
0.1	741	740	38
0.1	742	1834	38
0.1	1835	1833	38
0.1	1836	1831	38
0.1	746	745	38
0.1	750	749	38
0.1	1839	748	38
0.1	1840	747	38
0.1	1841	1838	38
0.1	1842	744	38
0.1	1843	743	38
0.1	1844	1837	38
0.1	753	752	39
0.1	755	754	39
0.1	1847	1846	39
0.1	1848	751	39
0.1	1849	1845	39
0.1	758	757	39
0.1	1851	756	39
0.1	759	1852	39
0.1	761	760	39
0.1	762	1854	39
0.1	1855	1853	39
0.1	1856	1850	39
0.1	764	763	39
0.1	768	767	40
0.1	1859	766	40
0.1	771	770	41
0.1	1861	769	41
0.1	772	1862	41
0.1	774	773	41
0.1	776	775	41
0.1	1865	1864	41
0.1	777	1866	41
0.1	1867	1863	41
0.1	778	1868	41
0.1	780	779	41
0.1	783	782	41
0.1	784	1871	41
0.1	1872	781	41
0.1	788	787	41
0.1	1874	786	41
0.1	1875	785	41
0.1	1876	1873	41
0.1	1877	1870	41
0.1	1878	1869	41
0.1	790	789	40
0.1	792	791	40
0.1	793	1881	40
0.1	1882	1880	40
0.1	1883	1879	40
0.1	1884	1860	40
0.1	795	794	40
0.1	799	798	40
0.1	1887	797	40
0.1	1888	796	40
0.1	1889	1886	40
0.1	802	801	40
0.1	1891	800	40
0.1	804	803	40
0.1	805	1893	40
0.1	1894	1892	40
0.1	1895	1890	40
0.1	1896	1885	40
0.1	807	806	39
0.1	1898	1897	39
0.1	1899	765	39
0.1	810	809	39
0.1	1901	808	39
0.1	1902	1900	39
0.1	1903	1858	39
0.1	1904	1857	39
0.1	1905	1826	29
0.1	1906	1700	29
0.1	813	812	29
0.1	1908	811	29
0.1	815	814	42
0.1	818	817	42
0.1	1911	816	42
0.1	820	819	42
0.1	822	821	43
0.1	823	1914	43
0.1	826	825	43
0.1	1916	824	43
0.1	828	827	43
0.1	829	1918	43
0.1	831	830	43
0.1	1920	1919	43
0.1	834	833	43
0.1	1922	832	43
0.1	836	835	43
0.1	1924	1923	43
0.1	1925	1921	43
0.1	838	837	43
0.1	840	839	43
0.1	1928	1927	43
0.1	1929	1926	43
0.1	1930	1917	43
0.1	1931	1915	43
0.1	1932	1913	42
0.1	1933	1912	42
0.1	841	1934	42
0.1	843	842	44
0.1	847	846	44
0.1	1937	845	44
0.1	850	849	44
0.1	1939	848	44
0.1	853	852	44
0.1	1941	851	44
0.1	854	1942	44
0.1	1943	1940	44
0.1	855	1944	44
0.1	1945	1938	44
0.1	1946	844	44
0.1	1947	1936	44
0.1	857	856	44
0.1	859	858	44
0.1	1950	1949	44
0.1	861	860	44
0.1	1952	1951	44
0.1	1953	1948	44
0.1	1954	1935	42
0.1	863	862	45
0.1	865	864	45
0.1	867	866	45
0.1	1958	1957	45
0.1	870	869	45
0.1	1960	868	45
0.1	872	871	45
0.1	875	874	45
0.1	876	1963	45
0.1	1964	873	45
0.1	880	879	45
0.1	1966	878	45
0.1	1967	877	45
0.1	1968	1965	45
0.1	1969	1962	45
0.1	881	1970	45
0.1	1971	1961	45
0.1	1972	1959	45
0.1	1973	1956	45
0.1	883	882	42
0.1	885	884	42
0.1	886	1976	42
0.1	1977	1975	42
0.1	1978	1974	42
0.1	887	1979	42
0.1	892	891	42
0.1	1981	890	42
0.1	1982	889	42
0.1	1983	888	42
0.1	1984	1980	42
0.1	893	1985	42
0.1	1986	1955	42
0.1	1987	1910	42
0.1	1988	1909	29
0.1	1989	1907	29
0.1	1990	1677	29
0.1	898	897	46
0.1	1992	896	46
0.1	1993	895	46
0.1	1994	894	46
0.1	900	899	46
0.1	901	1996	46
0.1	902	1997	46
0.1	907	906	46
0.1	908	1999	46
0.1	909	2000	46
0.1	2001	905	46
0.1	2002	904	46
0.1	2003	903	46
0.1	2004	1998	46
0.1	2005	1995	46
0.1	913	912	46
0.1	2007	911	46
0.1	2008	910	46
0.1	2009	2006	46
0.1	915	914	47
0.1	919	918	47
0.1	920	2012	47
0.1	2013	917	47
0.1	2014	916	47
0.1	923	922	47
0.1	2016	921	47
0.1	925	924	47
0.1	927	926	47
0.1	2019	2018	47
0.1	928	2020	47
0.1	2021	2017	47
0.1	930	929	47
0.1	932	931	47
0.1	933	2024	47
0.1	2025	2023	47
0.1	2026	2022	47
0.1	2027	2015	47
0.1	2028	2011	47
0.1	935	934	48
0.1	937	936	48
0.1	939	938	48
0.1	2032	2031	48
0.1	2033	2030	48
0.1	941	940	48
0.1	942	2035	48
0.1	2036	2034	48
0.1	944	943	48
0.1	948	947	48
0.1	949	2039	48
0.1	2040	946	48
0.1	2041	945	48
0.1	952	951	48
0.1	953	2043	48
0.1	2044	950	48
0.1	2045	2042	48
0.1	2046	2038	48
0.1	2047	2037	48
0.1	2048	2029	47
0.1	956	955	49
0.1	2050	954	49
0.1	958	957	49
0.1	960	959	49
0.1	963	962	49
0.1	2054	961	49
0.1	2055	2053	49
0.1	2056	2052	49
0.1	967	966	49
0.1	2058	965	49
0.1	970	969	49
0.1	971	2060	49
0.1	2061	968	49
0.1	2062	2059	49
0.1	2063	964	49
0.1	973	972	49
0.1	2065	2064	49
0.1	2066	2057	49
0.1	2067	2051	49
0.1	975	974	50
0.1	978	977	50
0.1	2070	976	50
0.1	980	979	50
0.1	982	981	50
0.1	983	2073	50
0.1	2074	2072	50
0.1	2075	2071	50
0.1	986	985	50
0.1	2077	984	50
0.1	989	988	50
0.1	2079	987	50
0.1	991	990	50
0.1	2081	2080	50
0.1	2082	2078	50
0.1	2083	2076	50
0.1	993	992	50
0.1	2085	2084	50
0.1	2086	2069	50
0.1	2087	2068	50
0.1	996	995	51
0.1	2089	994	51
0.1	998	997	51
0.1	1001	1000	51
0.1	1002	2092	51
0.1	2093	999	51
0.1	2094	2091	51
0.1	1005	1004	51
0.1	1006	2096	51
0.1	2097	1003	51
0.1	1009	1008	51
0.1	1010	2099	51
0.1	2100	1007	51
0.1	2101	2098	51
0.1	1012	1011	51
0.1	2103	2102	51
0.1	1013	2104	51
0.1	2105	2095	51
0.1	2106	2090	51
0.1	2107	2088	50
0.1	1017	1016	52
0.1	1020	1019	52
0.1	2110	1018	52
0.1	1023	1022	52
0.1	2112	1021	52
0.1	2113	2111	52
0.1	1026	1025	52
0.1	2115	1024	52
0.1	1028	1027	52
0.1	2117	2116	52
0.1	2118	2114	52
0.1	2119	2109	52
0.1	2120	1015	52
0.1	2121	1014	52
0.1	1030	1029	52
0.1	1031	2123	52
0.1	1033	1032	52
0.1	2125	2124	52
0.1	2126	2122	52
0.1	2127	2108	47
0.1	2128	2049	47
0.1	1041	1040	53
0.1	2130	1039	53
0.1	2131	1038	53
0.1	2132	1037	53
0.1	2133	1036	53
0.1	2134	1035	53
0.1	1044	1043	54
0.1	1045	2136	54
0.1	1047	1046	54
0.1	2138	2137	54
0.1	2139	1042	54
0.1	1050	1049	54
0.1	2141	1048	54
0.1	1051	2142	54
0.1	1053	1052	54
0.1	1054	2144	54
0.1	2145	2143	54
0.1	1057	1056	54
0.1	2147	1055	54
0.1	2148	2146	54
0.1	1059	1058	54
0.1	1061	1060	54
0.1	2151	2150	54
0.1	2152	2149	54
0.1	2153	2140	54
0.1	2154	2135	53
0.1	1064	1063	53
0.1	2156	1062	53
0.1	1066	1065	53
0.1	1069	1068	53
0.1	2159	1067	53
0.1	1072	1071	53
0.1	1073	2161	53
0.1	2162	1070	53
0.1	2163	2160	53
0.1	2164	2158	53
0.1	2165	2157	53
0.1	2166	2155	53
0.1	1075	1074	55
0.1	1077	1076	55
0.1	1078	2169	55
0.1	1080	1079	55
0.1	1084	1083	55
0.1	2172	1082	55
0.1	1086	1085	55
0.1	2174	2173	55
0.1	2175	1081	55
0.1	1090	1089	55
0.1	2177	1088	55
0.1	2178	1087	55
0.1	2179	2176	55
0.1	2180	2171	55
0.1	1093	1092	55
0.1	2182	1091	55
0.1	2183	2181	55
0.1	2184	2170	55
0.1	2185	2168	55
0.1	2186	2167	53
0.1	2187	1034	53
0.1	2188	2129	53
0.1	1095	1094	28
0.1	1097	1096	28
0.1	1100	1099	28
0.1	2192	1098	28
0.1	2193	2191	28
0.1	2194	2190	28
0.1	2195	2189	28
0.1	2196	2010	28
0.1	2197	1991	28
0.1	2198	1652	28
