1	0	0	1
1	0	0	1
1	0	0	1
1	0	0	1
1	0	0	1
1	0	0	1
1	0	0	1
1	0	0	1
1	0	0	1
1	0	0	1
1	0	0	1
1	0	0	1
1	0	0	1
1	0	0	1
1	0	0	1
1	0	0	1
1	0	0	1
1	0	0	1
1	0	0	1
1	0	0	1
1	0	0	2
1	0	0	2
1	0	0	2
1	0	0	2
1	0	0	2
1	0	0	2
1	0	0	2
1	0	0	2
1	0	0	2
1	0	0	2
1	0	0	2
1	0	0	2
1	0	0	2
1	0	0	2
1	0	0	3
1	0	0	3
1	0	0	3
1	0	0	3
1	0	0	3
1	0	0	3
1	0	0	3
1	0	0	3
1	0	0	3
1	0	0	3
1	0	0	3
1	0	0	3
1	0	0	3
1	0	0	3
1	0	0	3
1	0	0	3
1	0	0	3
1	0	0	3
1	0	0	3
1	0	0	3
1	0	0	4
1	0	0	4
1	0	0	4
1	0	0	4
1	0	0	4
1	0	0	4
1	0	0	4
1	0	0	4
1	0	0	4
1	0	0	4
1	0	0	4
1	0	0	4
1	0	0	4
1	0	0	4
1	0	0	4
1	0	0	4
1	0	0	4
1	0	0	4
1	0	0	4
1	0	0	4
1	0	0	2
1	0	0	2
1	0	0	2
1	0	0	2
1	0	0	2
1	0	0	2
1	0	0	5
1	0	0	5
1	0	0	5
1	0	0	5
1	0	0	5
1	0	0	5
1	0	0	5
1	0	0	5
1	0	0	5
1	0	0	5
1	0	0	5
1	0	0	5
1	0	0	5
1	0	0	5
1	0	0	5
1	0	0	5
1	0	0	5
1	0	0	5
1	0	0	5
1	0	0	5
1	0	0	6
1	0	0	6
1	0	0	6
1	0	0	6
1	0	0	6
1	0	0	6
1	0	0	6
1	0	0	6
1	0	0	6
1	0	0	6
1	0	0	6
1	0	0	6
1	0	0	6
1	0	0	6
1	0	0	6
1	0	0	6
1	0	0	6
1	0	0	6
1	0	0	6
1	0	0	6
1	0	0	7
1	0	0	7
1	0	0	7
1	0	0	7
1	0	0	7
1	0	0	7
1	0	0	7
1	0	0	7
1	0	0	7
1	0	0	7
1	0	0	7
1	0	0	7
1	0	0	7
1	0	0	7
1	0	0	7
1	0	0	7
1	0	0	7
1	0	0	7
1	0	0	7
1	0	0	7
1	0	0	8
1	0	0	8
1	0	0	8
1	0	0	8
1	0	0	8
1	0	0	8
1	0	0	9
1	0	0	9
1	0	0	9
1	0	0	9
1	0	0	9
1	0	0	9
1	0	0	9
1	0	0	9
1	0	0	9
1	0	0	9
1	0	0	9
1	0	0	9
1	0	0	9
1	0	0	9
1	0	0	9
1	0	0	9
1	0	0	9
1	0	0	9
1	0	0	9
1	0	0	9
1	0	0	8
1	0	0	8
1	0	0	8
1	0	0	8
1	0	0	8
1	0	0	8
1	0	0	8
1	0	0	8
1	0	0	8
1	0	0	8
1	0	0	8
1	0	0	8
1	0	0	8
1	0	0	8
1	0	0	10
1	0	0	10
1	0	0	10
1	0	0	10
1	0	0	10
1	0	0	10
1	0	0	10
1	0	0	10
1	0	0	10
1	0	0	10
1	0	0	10
1	0	0	10
1	0	0	10
1	0	0	10
1	0	0	10
1	0	0	10
1	0	0	10
1	0	0	10
1	0	0	10
1	0	0	10
1	0	0	11
1	0	0	11
1	0	0	11
1	0	0	11
1	0	0	11
1	0	0	11
1	0	0	11
1	0	0	11
1	0	0	11
1	0	0	11
1	0	0	11
1	0	0	11
1	0	0	11
1	0	0	11
1	0	0	11
1	0	0	11
1	0	0	11
1	0	0	11
1	0	0	11
1	0	0	11
1	0	0	12
1	0	0	12
1	0	0	12
1	0	0	12
1	0	0	12
1	0	0	12
1	0	0	12
1	0	0	12
1	0	0	12
1	0	0	12
1	0	0	12
1	0	0	12
1	0	0	12
1	0	0	12
1	0	0	12
1	0	0	12
1	0	0	12
1	0	0	12
1	0	0	12
1	0	0	12
1	0	0	13
1	0	0	14
1	0	0	14
1	0	0	14
1	0	0	14
1	0	0	14
1	0	0	14
1	0	0	14
1	0	0	14
1	0	0	14
1	0	0	14
1	0	0	14
1	0	0	14
1	0	0	14
1	0	0	14
1	0	0	14
1	0	0	14
1	0	0	14
1	0	0	14
1	0	0	14
1	0	0	14
1	0	0	13
1	0	0	13
1	0	0	13
1	0	0	13
1	0	0	13
1	0	0	13
1	0	0	13
1	0	0	13
1	0	0	15
1	0	0	15
1	0	0	15
1	0	0	15
1	0	0	15
1	0	0	15
1	0	0	15
1	0	0	15
1	0	0	15
1	0	0	15
1	0	0	15
1	0	0	15
1	0	0	15
1	0	0	15
1	0	0	15
1	0	0	15
1	0	0	15
1	0	0	15
1	0	0	15
1	0	0	15
1	0	0	13
1	0	0	16
1	0	0	16
1	0	0	16
1	0	0	16
1	0	0	16
1	0	0	16
1	0	0	16
1	0	0	16
1	0	0	16
1	0	0	16
1	0	0	17
1	0	0	17
1	0	0	17
1	0	0	17
1	0	0	17
1	0	0	17
1	0	0	17
1	0	0	17
1	0	0	17
1	0	0	17
1	0	0	17
1	0	0	17
1	0	0	17
1	0	0	17
1	0	0	17
1	0	0	17
1	0	0	17
1	0	0	17
1	0	0	17
1	0	0	17
1	0	0	16
1	0	0	16
1	0	0	16
1	0	0	16
1	0	0	16
1	0	0	16
1	0	0	16
1	0	0	16
1	0	0	16
1	0	0	16
1	0	0	18
1	0	0	18
1	0	0	18
1	0	0	18
1	0	0	18
1	0	0	18
1	0	0	18
1	0	0	18
1	0	0	18
1	0	0	18
1	0	0	18
1	0	0	18
1	0	0	18
1	0	0	18
1	0	0	19
1	0	0	19
1	0	0	19
1	0	0	20
1	0	0	20
1	0	0	20
1	0	0	20
1	0	0	20
1	0	0	20
1	0	0	20
1	0	0	20
1	0	0	20
1	0	0	20
1	0	0	20
1	0	0	20
1	0	0	20
1	0	0	20
1	0	0	20
1	0	0	20
1	0	0	20
1	0	0	20
1	0	0	20
1	0	0	20
1	0	0	19
1	0	0	19
1	0	0	19
1	0	0	19
1	0	0	19
1	0	0	19
1	0	0	19
1	0	0	19
1	0	0	19
1	0	0	21
1	0	0	21
1	0	0	21
1	0	0	21
1	0	0	21
1	0	0	21
1	0	0	21
1	0	0	21
1	0	0	21
1	0	0	21
1	0	0	21
1	0	0	21
1	0	0	21
1	0	0	21
1	0	0	21
1	0	0	21
1	0	0	21
1	0	0	21
1	0	0	21
1	0	0	21
1	0	0	19
1	0	0	19
1	0	0	19
1	0	0	22
1	0	0	22
1	0	0	22
1	0	0	22
1	0	0	22
1	0	0	22
1	0	0	22
1	0	0	22
1	0	0	22
1	0	0	22
1	0	0	22
1	0	0	22
1	0	0	22
1	0	0	22
1	0	0	22
1	0	0	22
1	0	0	22
1	0	0	22
1	0	0	22
1	0	0	22
1	0	0	19
1	0	0	19
1	0	0	19
1	0	0	19
1	0	0	19
1	0	0	18
1	0	0	18
1	0	0	18
1	0	0	18
1	0	0	18
1	0	0	18
1	0	0	23
1	0	0	23
1	0	0	23
1	0	0	23
1	0	0	23
1	0	0	23
1	0	0	23
1	0	0	23
1	0	0	23
1	0	0	23
1	0	0	23
1	0	0	23
1	0	0	23
1	0	0	23
1	0	0	23
1	0	0	23
1	0	0	23
1	0	0	23
1	0	0	23
1	0	0	23
1	0	0	13
1	0	0	13
1	0	0	24
1	0	0	24
1	0	0	24
1	0	0	24
1	0	0	24
1	0	0	24
1	0	0	24
1	0	0	24
1	0	0	24
1	0	0	24
1	0	0	24
1	0	0	24
1	0	0	24
1	0	0	24
1	0	0	24
1	0	0	24
1	0	0	24
1	0	0	24
1	0	0	24
1	0	0	24
1	0	0	13
1	0	0	13
1	0	0	13
1	0	0	13
1	0	0	13
1	0	0	13
1	0	0	25
1	0	0	25
1	0	0	25
1	0	0	25
1	0	0	25
1	0	0	25
1	0	0	25
1	0	0	25
1	0	0	25
1	0	0	25
1	0	0	25
1	0	0	25
1	0	0	25
1	0	0	25
1	0	0	25
1	0	0	25
1	0	0	25
1	0	0	25
1	0	0	25
1	0	0	25
1	0	0	13
1	0	0	26
1	0	0	26
1	0	0	26
1	0	0	26
1	0	0	26
1	0	0	26
1	0	0	26
1	0	0	26
1	0	0	26
1	0	0	26
1	0	0	26
1	0	0	26
1	0	0	26
1	0	0	26
1	0	0	26
1	0	0	26
1	0	0	26
1	0	0	26
1	0	0	26
1	0	0	26
1	0	0	13
1	0	0	27
1	0	0	27
1	0	0	27
1	0	0	28
1	0	0	28
1	0	0	28
1	0	0	28
1	0	0	28
1	0	0	28
1	0	0	28
1	0	0	28
1	0	0	28
1	0	0	28
1	0	0	28
1	0	0	28
1	0	0	28
1	0	0	28
1	0	0	28
1	0	0	28
1	0	0	28
1	0	0	28
1	0	0	28
1	0	0	28
1	0	0	27
1	0	0	27
1	0	0	27
1	0	0	27
1	0	0	27
1	0	0	27
1	0	0	27
1	0	0	27
1	0	0	27
1	0	0	29
1	0	0	29
1	0	0	29
1	0	0	29
1	0	0	29
1	0	0	29
1	0	0	29
1	0	0	29
1	0	0	29
1	0	0	29
1	0	0	29
1	0	0	29
1	0	0	29
1	0	0	29
1	0	0	29
1	0	0	29
1	0	0	29
1	0	0	29
1	0	0	29
1	0	0	29
1	0	0	27
1	0	0	27
1	0	0	27
1	0	0	27
1	0	0	27
1	0	0	27
1	0	0	27
1	0	0	27
1	0	0	30
1	0	0	30
1	0	0	30
1	0	0	30
1	0	0	30
1	0	0	30
1	0	0	30
1	0	0	30
1	0	0	30
1	0	0	30
1	0	0	30
1	0	0	30
1	0	0	30
1	0	0	30
1	0	0	30
1	0	0	30
1	0	0	30
1	0	0	30
1	0	0	30
1	0	0	30
1	0	0	31
1	0	0	31
1	0	0	31
1	0	0	31
1	0	0	32
1	0	0	32
1	0	0	32
1	0	0	32
1	0	0	32
1	0	0	32
1	0	0	32
1	0	0	32
1	0	0	32
1	0	0	32
1	0	0	32
1	0	0	32
1	0	0	32
1	0	0	32
1	0	0	32
1	0	0	32
1	0	0	32
1	0	0	32
1	0	0	32
1	0	0	32
1	0	0	31
1	0	0	31
1	0	0	31
1	0	0	31
1	0	0	31
1	0	0	31
1	0	0	31
1	0	0	31
1	0	0	31
1	0	0	31
1	0	0	31
1	0	0	31
1	0	0	31
1	0	0	31
1	0	0	31
1	0	0	31
1	0	0	33
1	0	0	33
1	0	0	33
1	0	0	33
1	0	0	33
1	0	0	33
1	0	0	33
1	0	0	33
1	0	0	33
1	0	0	33
1	0	0	33
1	0	0	33
1	0	0	33
1	0	0	33
1	0	0	33
1	0	0	33
1	0	0	34
1	0	0	34
1	0	0	34
1	0	0	34
1	0	0	34
1	0	0	34
1	0	0	34
1	0	0	34
1	0	0	34
1	0	0	34
1	0	0	34
1	0	0	34
1	0	0	34
1	0	0	34
1	0	0	34
1	0	0	34
1	0	0	34
1	0	0	34
1	0	0	34
1	0	0	34
1	0	0	35
1	0	0	35
1	0	0	35
1	0	0	35
1	0	0	35
1	0	0	35
1	0	0	35
1	0	0	35
1	0	0	35
1	0	0	35
1	0	0	35
1	0	0	35
1	0	0	35
1	0	0	35
1	0	0	35
1	0	0	35
1	0	0	35
1	0	0	35
1	0	0	35
1	0	0	35
1	0	0	33
1	0	0	33
1	0	0	33
1	0	0	33
1	0	0	36
1	0	0	36
1	0	0	36
1	0	0	36
1	0	0	36
1	0	0	36
1	0	0	36
1	0	0	36
1	0	0	36
1	0	0	36
1	0	0	37
1	0	0	37
1	0	0	37
1	0	0	37
1	0	0	37
1	0	0	37
1	0	0	37
1	0	0	37
1	0	0	37
1	0	0	37
1	0	0	37
1	0	0	37
1	0	0	37
1	0	0	37
1	0	0	37
1	0	0	37
1	0	0	37
1	0	0	37
1	0	0	37
1	0	0	37
1	0	0	36
1	0	0	38
1	0	0	39
1	0	0	39
1	0	0	39
1	0	0	39
1	0	0	39
1	0	0	39
1	0	0	39
1	0	0	39
1	0	0	39
1	0	0	39
1	0	0	39
1	0	0	39
1	0	0	39
1	0	0	39
1	0	0	39
1	0	0	39
1	0	0	39
1	0	0	39
1	0	0	39
1	0	0	39
1	0	0	38
1	0	0	40
1	0	0	40
1	0	0	40
1	0	0	40
1	0	0	40
1	0	0	40
1	0	0	40
1	0	0	40
1	0	0	40
1	0	0	40
1	0	0	40
1	0	0	40
1	0	0	40
1	0	0	40
1	0	0	40
1	0	0	40
1	0	0	40
1	0	0	40
1	0	0	40
1	0	0	40
1	0	0	41
1	0	0	41
1	0	0	41
1	0	0	41
1	0	0	41
1	0	0	41
1	0	0	41
1	0	0	41
1	0	0	41
1	0	0	41
1	0	0	41
1	0	0	41
1	0	0	41
1	0	0	41
1	0	0	41
1	0	0	41
1	0	0	41
1	0	0	41
1	0	0	41
1	0	0	41
1	0	0	42
1	0	0	42
1	0	0	42
1	0	0	42
1	0	0	42
1	0	0	42
1	0	0	42
1	0	0	42
1	0	0	42
1	0	0	42
1	0	0	42
1	0	0	42
1	0	0	42
1	0	0	42
1	0	0	42
1	0	0	42
1	0	0	42
1	0	0	42
1	0	0	42
1	0	0	42
1	0	0	43
1	0	0	43
1	0	0	43
1	0	0	43
1	0	0	43
1	0	0	43
1	0	0	43
1	0	0	43
1	0	0	43
1	0	0	43
1	0	0	43
1	0	0	43
1	0	0	43
1	0	0	43
1	0	0	43
1	0	0	43
1	0	0	43
1	0	0	43
1	0	0	43
1	0	0	43
1	0	0	38
1	0	0	38
1	0	0	44
1	0	0	44
1	0	0	44
1	0	0	44
1	0	0	45
1	0	0	45
1	0	0	45
1	0	0	45
1	0	0	45
1	0	0	45
1	0	0	45
1	0	0	45
1	0	0	45
1	0	0	45
1	0	0	45
1	0	0	45
1	0	0	45
1	0	0	45
1	0	0	45
1	0	0	45
1	0	0	45
1	0	0	45
1	0	0	45
1	0	0	45
1	0	0	44
1	0	0	44
1	0	0	44
1	0	0	44
1	0	0	44
1	0	0	44
1	0	0	44
1	0	0	44
1	0	0	44
1	0	0	44
1	0	0	44
1	0	0	44
1	0	0	44
1	0	0	44
1	0	0	44
1	0	0	44
1	0	0	38
1	0	0	38
1	0	0	38
1	0	0	38
1	0	0	46
1	0	0	46
1	0	0	46
1	0	0	46
1	0	0	46
1	0	0	46
1	0	0	46
1	0	0	46
1	0	0	46
1	0	0	46
1	0	0	46
1	0	0	46
1	0	0	46
1	0	0	47
1	0	0	47
1	0	0	47
1	0	0	47
1	0	0	47
1	0	0	47
1	0	0	47
1	0	0	47
1	0	0	47
1	0	0	47
1	0	0	47
1	0	0	47
1	0	0	47
1	0	0	47
1	0	0	47
1	0	0	47
1	0	0	47
1	0	0	47
1	0	0	47
1	0	0	47
1	0	0	46
1	0	0	46
1	0	0	46
1	0	0	46
1	0	0	48
1	0	0	48
1	0	0	48
1	0	0	48
1	0	0	48
1	0	0	48
1	0	0	48
1	0	0	48
1	0	0	48
1	0	0	48
1	0	0	48
1	0	0	48
1	0	0	48
1	0	0	48
1	0	0	48
1	0	0	48
1	0	0	48
1	0	0	48
1	0	0	48
1	0	0	48
1	0	0	49
1	0	0	49
1	0	0	49
1	0	0	49
1	0	0	49
1	0	0	49
1	0	0	49
1	0	0	49
1	0	0	49
1	0	0	49
1	0	0	49
1	0	0	49
1	0	0	49
1	0	0	49
1	0	0	49
1	0	0	49
1	0	0	49
1	0	0	49
1	0	0	49
1	0	0	49
1	0	0	46
1	0	0	46
1	0	0	46
1	0	0	38
1	0	0	38
1	0	0	38
1	0	0	38
1	0	0	38
1	0	0	38
1	0	0	38
1	0	0	38
1	0	0	38
1	0	0	38
1	0	0	38
1	0	0	38
1	0	0	36
1	0	0	36
1	0	0	36
1	0	0	36
1	0	0	36
1	0	0	36
1	0	0	36
1	0	0	36
1	0	0	36
0.1	2	1	1
0.1	9	8	1
0.1	982	7	1
0.1	983	6	1
0.1	984	5	1
0.1	985	4	1
0.1	11	10	1
0.1	12	987	1
0.1	988	986	1
0.1	14	13	1
0.1	990	989	1
0.1	16	15	1
0.1	992	991	1
0.1	993	3	1
0.1	19	18	1
0.1	995	17	1
0.1	996	994	1
0.1	20	997	1
0.1	998	981	1
0.1	22	21	2
0.1	23	1000	2
0.1	27	26	2
0.1	1002	25	2
0.1	1003	24	2
0.1	1004	1001	2
0.1	1005	999	2
0.1	29	28	2
0.1	34	33	2
0.1	1008	32	2
0.1	1009	31	2
0.1	1010	30	2
0.1	1011	1007	2
0.1	38	37	3
0.1	1013	36	3
0.1	39	1014	3
0.1	40	1015	3
0.1	42	41	3
0.1	1017	1016	3
0.1	44	43	3
0.1	45	1019	3
0.1	1020	1018	3
0.1	50	49	3
0.1	1022	48	3
0.1	1023	47	3
0.1	52	51	3
0.1	54	53	3
0.1	1026	1025	3
0.1	1027	1024	3
0.1	1028	46	3
0.1	1029	1021	3
0.1	1030	35	3
0.1	56	55	4
0.1	57	1032	4
0.1	1033	1031	4
0.1	60	59	4
0.1	1035	58	4
0.1	63	62	4
0.1	1037	61	4
0.1	65	64	4
0.1	1039	1038	4
0.1	67	66	4
0.1	68	1041	4
0.1	70	69	4
0.1	71	1043	4
0.1	1044	1042	4
0.1	1045	1040	4
0.1	72	1046	4
0.1	1047	1036	4
0.1	74	73	4
0.1	1049	1048	4
0.1	1050	1034	4
0.1	75	1051	2
0.1	1052	1012	2
0.1	1053	1006	2
0.1	78	77	2
0.1	1055	76	2
0.1	80	79	2
0.1	83	82	5
0.1	84	1058	5
0.1	87	86	5
0.1	88	1060	5
0.1	89	1061	5
0.1	1062	85	5
0.1	1063	1059	5
0.1	1064	81	5
0.1	92	91	5
0.1	94	93	5
0.1	1067	1066	5
0.1	1068	90	5
0.1	96	95	5
0.1	98	97	5
0.1	1071	1070	5
0.1	100	99	5
0.1	1073	1072	5
0.1	1074	1069	5
0.1	1075	1065	5
0.1	1076	1057	2
0.1	1077	1056	2
0.1	1078	1054	2
0.1	104	103	6
0.1	1080	102	6
0.1	106	105	6
0.1	1082	1081	6
0.1	1083	101	6
0.1	108	107	6
0.1	114	113	6
0.1	1086	112	6
0.1	1087	111	6
0.1	115	1088	6
0.1	1089	110	6
0.1	117	116	6
0.1	119	118	6
0.1	1092	1091	6
0.1	120	1093	6
0.1	1094	1090	6
0.1	1095	109	6
0.1	1096	1085	6
0.1	1097	1084	6
0.1	125	124	7
0.1	1099	123	7
0.1	126	1100	7
0.1	1101	122	7
0.1	128	127	7
0.1	130	129	7
0.1	133	132	7
0.1	134	1105	7
0.1	1106	131	7
0.1	1107	1104	7
0.1	1108	1103	7
0.1	136	135	7
0.1	1110	1109	7
0.1	1111	1102	7
0.1	140	139	7
0.1	1113	138	7
0.1	1114	137	7
0.1	1115	1112	7
0.1	1116	121	7
0.1	1117	1098	2
0.1	142	141	8
0.1	143	1119	8
0.1	145	144	8
0.1	149	148	9
0.1	1122	147	9
0.1	152	151	9
0.1	1124	150	9
0.1	1125	1123	9
0.1	153	1126	9
0.1	155	154	9
0.1	159	158	9
0.1	1129	157	9
0.1	1130	156	9
0.1	1131	1128	9
0.1	1132	1127	9
0.1	163	162	9
0.1	1134	161	9
0.1	1135	160	9
0.1	165	164	9
0.1	166	1137	9
0.1	1138	1136	9
0.1	1139	1133	9
0.1	1140	146	8
0.1	1141	1121	8
0.1	1142	1120	8
0.1	168	167	8
0.1	171	170	8
0.1	173	172	8
0.1	1146	1145	8
0.1	174	1147	8
0.1	175	1148	8
0.1	1149	169	8
0.1	176	1150	8
0.1	178	177	8
0.1	1152	1151	8
0.1	1153	1144	8
0.1	180	179	8
0.1	1155	1154	8
0.1	1156	1143	8
0.1	1157	1118	2
0.1	1158	1079	2
0.1	184	183	10
0.1	1160	182	10
0.1	1161	181	10
0.1	186	185	10
0.1	187	1163	10
0.1	190	189	10
0.1	1165	188	10
0.1	1166	1164	10
0.1	1167	1162	10
0.1	194	193	10
0.1	1169	192	10
0.1	1170	191	10
0.1	196	195	10
0.1	200	199	10
0.1	1173	198	10
0.1	1174	197	10
0.1	1175	1172	10
0.1	1176	1171	10
0.1	1177	1168	10
0.1	202	201	11
0.1	205	204	11
0.1	207	206	11
0.1	1181	1180	11
0.1	1182	203	11
0.1	1183	1179	11
0.1	209	208	11
0.1	1185	1184	11
0.1	211	210	11
0.1	214	213	11
0.1	1188	212	11
0.1	1189	1187	11
0.1	216	215	11
0.1	218	217	11
0.1	220	219	11
0.1	1193	1192	11
0.1	1194	1191	11
0.1	1195	1190	11
0.1	1196	1186	11
0.1	222	221	12
0.1	224	223	12
0.1	1199	1198	12
0.1	227	226	12
0.1	1201	225	12
0.1	229	228	12
0.1	230	1203	12
0.1	234	233	12
0.1	1205	232	12
0.1	238	237	12
0.1	1207	236	12
0.1	1208	235	12
0.1	240	239	12
0.1	1210	1209	12
0.1	1211	1206	12
0.1	1212	231	12
0.1	1213	1204	12
0.1	1214	1202	12
0.1	1215	1200	12
0.1	1216	1197	13
0.1	244	243	14
0.1	1218	242	14
0.1	246	245	14
0.1	249	248	14
0.1	1221	247	14
0.1	251	250	14
0.1	1223	1222	14
0.1	254	253	14
0.1	1225	252	14
0.1	1226	1224	14
0.1	1227	1220	14
0.1	1228	1219	14
0.1	259	258	14
0.1	1230	257	14
0.1	1231	256	14
0.1	261	260	14
0.1	1233	1232	14
0.1	1234	255	14
0.1	1235	1229	14
0.1	263	262	13
0.1	264	1237	13
0.1	1238	1236	13
0.1	267	266	13
0.1	1240	265	13
0.1	1241	1239	13
0.1	1242	241	13
0.1	269	268	13
0.1	271	270	15
0.1	274	273	15
0.1	1246	272	15
0.1	1247	1245	15
0.1	277	276	15
0.1	279	278	15
0.1	1250	1249	15
0.1	1251	275	15
0.1	282	281	15
0.1	284	283	15
0.1	286	285	15
0.1	287	1255	15
0.1	288	1256	15
0.1	1257	1254	15
0.1	1258	1253	15
0.1	289	1259	15
0.1	1260	280	15
0.1	1261	1252	15
0.1	1262	1248	15
0.1	290	1263	13
0.1	1264	1244	13
0.1	1265	1243	13
0.1	1266	1217	13
0.1	1267	1178	13
0.1	292	291	16
0.1	294	293	16
0.1	296	295	16
0.1	297	1271	16
0.1	1272	1270	16
0.1	1273	1269	16
0.1	300	299	16
0.1	1275	298	16
0.1	302	301	17
0.1	304	303	17
0.1	307	306	17
0.1	1279	305	17
0.1	309	308	17
0.1	1281	1280	17
0.1	314	313	17
0.1	1283	312	17
0.1	1284	311	17
0.1	1285	310	17
0.1	315	1286	17
0.1	1287	1282	17
0.1	316	1288	17
0.1	318	317	17
0.1	320	319	17
0.1	1291	1290	17
0.1	1292	1289	17
0.1	1293	1278	17
0.1	1294	1277	17
0.1	1295	1276	16
0.1	325	324	16
0.1	1297	323	16
0.1	1298	322	16
0.1	327	326	16
0.1	328	1300	16
0.1	330	329	16
0.1	1302	1301	16
0.1	1303	1299	16
0.1	1304	321	16
0.1	1305	1296	16
0.1	1306	1274	16
0.1	1307	1268	13
0.1	332	331	18
0.1	334	333	18
0.1	335	1310	18
0.1	338	337	18
0.1	340	339	18
0.1	1313	1312	18
0.1	1314	336	18
0.1	1315	1311	18
0.1	1316	1309	18
0.1	344	343	18
0.1	1318	342	18
0.1	1319	341	18
0.1	346	345	19
0.1	350	349	20
0.1	352	351	20
0.1	356	355	20
0.1	357	1324	20
0.1	1325	354	20
0.1	1326	353	20
0.1	360	359	20
0.1	1328	358	20
0.1	1329	1327	20
0.1	1330	1323	20
0.1	1331	1322	20
0.1	363	362	20
0.1	367	366	20
0.1	1334	365	20
0.1	1335	364	20
0.1	1336	1333	20
0.1	1337	361	20
0.1	1338	1332	20
0.1	1339	348	20
0.1	1340	347	19
0.1	370	369	19
0.1	1342	368	19
0.1	374	373	19
0.1	1344	372	19
0.1	1345	371	19
0.1	1346	1343	19
0.1	376	375	19
0.1	379	378	21
0.1	382	381	21
0.1	1350	380	21
0.1	1351	1349	21
0.1	385	384	21
0.1	1353	383	21
0.1	1354	1352	21
0.1	389	388	21
0.1	1356	387	21
0.1	390	1357	21
0.1	391	1358	21
0.1	1359	386	21
0.1	1360	1355	21
0.1	394	393	21
0.1	1362	392	21
0.1	396	395	21
0.1	1364	1363	21
0.1	1365	1361	21
0.1	1366	377	21
0.1	1367	1348	19
0.1	398	397	19
0.1	401	400	22
0.1	405	404	22
0.1	1371	403	22
0.1	406	1372	22
0.1	1373	402	22
0.1	408	407	22
0.1	409	1375	22
0.1	410	1376	22
0.1	413	412	22
0.1	414	1378	22
0.1	1379	411	22
0.1	416	415	22
0.1	418	417	22
0.1	1382	1381	22
0.1	1383	1380	22
0.1	1384	1377	22
0.1	1385	1374	22
0.1	1386	1370	22
0.1	419	1387	22
0.1	421	420	19
0.1	422	1389	19
0.1	424	423	19
0.1	1391	1390	19
0.1	1392	1388	19
0.1	1393	399	19
0.1	1394	1369	19
0.1	1395	1368	19
0.1	1396	1347	19
0.1	1397	1341	19
0.1	1398	1321	19
0.1	427	426	18
0.1	1400	425	18
0.1	430	429	18
0.1	1402	428	18
0.1	1403	1401	18
0.1	1404	1399	18
0.1	1405	1320	18
0.1	1406	1317	18
0.1	434	433	23
0.1	1408	432	23
0.1	436	435	23
0.1	439	438	23
0.1	1411	437	23
0.1	440	1412	23
0.1	1413	1410	23
0.1	441	1414	23
0.1	444	443	23
0.1	445	1416	23
0.1	1417	442	23
0.1	447	446	23
0.1	448	1419	23
0.1	450	449	23
0.1	1421	1420	23
0.1	1422	1418	23
0.1	1423	1415	23
0.1	1424	1409	23
0.1	1425	431	23
0.1	455	454	24
0.1	1427	453	24
0.1	458	457	24
0.1	1429	456	24
0.1	460	459	24
0.1	1431	1430	24
0.1	462	461	24
0.1	464	463	24
0.1	465	1434	24
0.1	466	1435	24
0.1	1436	1433	24
0.1	1437	1432	24
0.1	1438	1428	24
0.1	469	468	24
0.1	471	470	24
0.1	472	1441	24
0.1	1442	1440	24
0.1	1443	467	24
0.1	1444	1439	24
0.1	1445	452	13
0.1	1446	451	13
0.1	473	1447	13
0.1	475	474	13
0.1	1449	1448	13
0.1	1450	1426	13
0.1	477	476	13
0.1	478	1452	13
0.1	480	479	25
0.1	482	481	25
0.1	484	483	25
0.1	1456	1455	25
0.1	486	485	25
0.1	1458	1457	25
0.1	488	487	25
0.1	490	489	25
0.1	1461	1460	25
0.1	494	493	25
0.1	495	1463	25
0.1	1464	492	25
0.1	1465	491	25
0.1	496	1466	25
0.1	498	497	25
0.1	1468	1467	25
0.1	1469	1462	25
0.1	1470	1459	25
0.1	1471	1454	25
0.1	1472	1453	13
0.1	503	502	26
0.1	1474	501	26
0.1	1475	500	26
0.1	508	507	26
0.1	1477	506	26
0.1	1478	505	26
0.1	511	510	26
0.1	1480	509	26
0.1	512	1481	26
0.1	1482	1479	26
0.1	517	516	26
0.1	519	518	26
0.1	1485	1484	26
0.1	1486	515	26
0.1	1487	514	26
0.1	1488	513	26
0.1	1489	1483	26
0.1	1490	504	26
0.1	1491	1476	26
0.1	520	1492	13
0.1	1493	499	13
0.1	1494	1473	13
0.1	1495	1451	13
0.1	1496	1407	13
0.1	1497	1308	13
0.1	1498	1159	2
0.1	523	522	27
0.1	1500	521	27
0.1	525	524	28
0.1	526	1502	28
0.1	528	527	28
0.1	530	529	28
0.1	532	531	28
0.1	533	1506	28
0.1	538	537	28
0.1	1508	536	28
0.1	1509	535	28
0.1	1510	534	28
0.1	540	539	28
0.1	543	542	28
0.1	1513	541	28
0.1	1514	1512	28
0.1	1515	1511	28
0.1	1516	1507	28
0.1	1517	1505	28
0.1	1518	1504	28
0.1	1519	1503	28
0.1	1520	1501	27
0.1	545	544	27
0.1	546	1522	27
0.1	548	547	27
0.1	551	550	27
0.1	552	1525	27
0.1	554	553	29
0.1	555	1527	29
0.1	561	560	29
0.1	1529	559	29
0.1	1530	558	29
0.1	1531	557	29
0.1	562	1532	29
0.1	564	563	29
0.1	566	565	29
0.1	1535	1534	29
0.1	568	567	29
0.1	1537	1536	29
0.1	572	571	29
0.1	1539	570	29
0.1	1540	569	29
0.1	1541	1538	29
0.1	1542	1533	29
0.1	1543	556	29
0.1	1544	1528	29
0.1	1545	1526	27
0.1	1546	549	27
0.1	1547	1524	27
0.1	573	1548	27
0.1	576	575	27
0.1	1550	574	27
0.1	578	577	27
0.1	580	579	27
0.1	1553	1552	27
0.1	1554	1551	27
0.1	1555	1549	27
0.1	1556	1523	27
0.1	1557	1521	27
0.1	582	581	30
0.1	584	583	30
0.1	586	585	30
0.1	588	587	30
0.1	1562	1561	30
0.1	1563	1560	30
0.1	590	589	30
0.1	591	1565	30
0.1	593	592	30
0.1	596	595	30
0.1	599	598	30
0.1	1569	597	30
0.1	1570	1568	30
0.1	1571	594	30
0.1	600	1572	30
0.1	1573	1567	30
0.1	603	602	31
0.1	1575	601	31
0.1	607	606	32
0.1	608	1577	32
0.1	609	1578	32
0.1	610	1579	32
0.1	612	611	32
0.1	1581	1580	32
0.1	1582	605	32
0.1	615	614	32
0.1	1584	613	32
0.1	618	617	32
0.1	620	619	32
0.1	621	1587	32
0.1	624	623	32
0.1	1589	622	32
0.1	1590	1588	32
0.1	1591	1586	32
0.1	1592	616	32
0.1	1593	1585	32
0.1	1594	1583	32
0.1	625	1595	31
0.1	1596	604	31
0.1	626	1597	31
0.1	628	627	31
0.1	1599	1598	31
0.1	630	629	31
0.1	1601	1600	31
0.1	1602	1576	31
0.1	632	631	31
0.1	636	635	31
0.1	1605	634	31
0.1	1606	633	31
0.1	638	637	31
0.1	1608	1607	31
0.1	640	639	31
0.1	1610	1609	31
0.1	1611	1604	31
0.1	1612	1603	31
0.1	642	641	33
0.1	644	643	33
0.1	645	1615	33
0.1	1616	1614	33
0.1	1617	1613	33
0.1	647	646	33
0.1	649	648	33
0.1	1620	1619	33
0.1	652	651	33
0.1	1622	650	33
0.1	1623	1621	33
0.1	1624	1618	33
0.1	653	1625	33
0.1	656	655	33
0.1	1627	654	33
0.1	1628	1626	33
0.1	659	658	34
0.1	662	661	34
0.1	1631	660	34
0.1	665	664	34
0.1	1633	663	34
0.1	666	1634	34
0.1	1635	1632	34
0.1	669	668	34
0.1	670	1637	34
0.1	1638	667	34
0.1	1639	1636	34
0.1	1640	1630	34
0.1	674	673	34
0.1	1642	672	34
0.1	1643	671	34
0.1	676	675	34
0.1	678	677	35
0.1	679	1646	35
0.1	682	681	35
0.1	1648	680	35
0.1	684	683	35
0.1	687	686	35
0.1	1651	685	35
0.1	1652	1650	35
0.1	689	688	35
0.1	691	690	35
0.1	1655	1654	35
0.1	1656	1653	35
0.1	1657	1649	35
0.1	1658	1647	35
0.1	695	694	35
0.1	696	1660	35
0.1	1661	693	35
0.1	1662	692	35
0.1	1663	1659	35
0.1	1664	1645	34
0.1	1665	1644	34
0.1	1666	1641	34
0.1	1667	657	34
0.1	698	697	33
0.1	700	699	33
0.1	1670	1669	33
0.1	1671	1668	33
0.1	1672	1629	33
0.1	1673	1574	30
0.1	1674	1566	30
0.1	1675	1564	30
0.1	1676	1559	30
0.1	704	703	36
0.1	1678	702	36
0.1	1679	701	36
0.1	708	707	36
0.1	1681	706	36
0.1	1682	705	36
0.1	709	1683	36
0.1	1684	1680	36
0.1	713	712	37
0.1	717	716	37
0.1	1687	715	37
0.1	1688	714	37
0.1	720	719	37
0.1	1690	718	37
0.1	721	1691	37
0.1	1692	1689	37
0.1	724	723	37
0.1	726	725	37
0.1	1695	1694	37
0.1	1696	722	37
0.1	728	727	37
0.1	1698	1697	37
0.1	1699	1693	37
0.1	1700	1686	37
0.1	730	729	37
0.1	1702	1701	37
0.1	1703	711	37
0.1	738	737	39
0.1	1705	736	39
0.1	1706	735	39
0.1	1707	734	39
0.1	1708	733	39
0.1	739	1709	39
0.1	741	740	39
0.1	744	743	39
0.1	1712	742	39
0.1	745	1713	39
0.1	748	747	39
0.1	1715	746	39
0.1	749	1716	39
0.1	751	750	39
0.1	1718	1717	39
0.1	1719	1714	39
0.1	752	1720	39
0.1	1721	1711	39
0.1	1722	1710	39
0.1	1723	732	38
0.1	757	756	40
0.1	758	1725	40
0.1	1726	755	40
0.1	1727	754	40
0.1	760	759	40
0.1	761	1729	40
0.1	763	762	40
0.1	765	764	40
0.1	1732	1731	40
0.1	1733	1730	40
0.1	1734	1728	40
0.1	769	768	40
0.1	1736	767	40
0.1	1737	766	40
0.1	1738	1735	40
0.1	771	770	40
0.1	773	772	40
0.1	1741	1740	40
0.1	1742	1739	40
0.1	775	774	41
0.1	779	778	41
0.1	1745	777	41
0.1	1746	776	41
0.1	1747	1744	41
0.1	781	780	41
0.1	782	1749	41
0.1	1750	1748	41
0.1	784	783	41
0.1	787	786	41
0.1	1753	785	41
0.1	1754	1752	41
0.1	1755	1751	41
0.1	790	789	41
0.1	1757	788	41
0.1	793	792	41
0.1	1759	791	41
0.1	1760	1758	41
0.1	1761	1756	41
0.1	1762	1743	40
0.1	796	795	42
0.1	797	1764	42
0.1	799	798	42
0.1	1766	1765	42
0.1	1767	794	42
0.1	803	802	42
0.1	1769	801	42
0.1	804	1770	42
0.1	1771	800	42
0.1	808	807	42
0.1	1773	806	42
0.1	809	1774	42
0.1	1775	805	42
0.1	1776	1772	42
0.1	811	810	42
0.1	813	812	42
0.1	1779	1778	42
0.1	1780	1777	42
0.1	1781	1768	42
0.1	1782	1763	40
0.1	1783	753	38
0.1	1784	1724	38
0.1	816	815	43
0.1	1786	814	43
0.1	821	820	43
0.1	1788	819	43
0.1	1789	818	43
0.1	1790	817	43
0.1	824	823	43
0.1	1792	822	43
0.1	826	825	43
0.1	1794	1793	43
0.1	1795	1791	43
0.1	828	827	43
0.1	829	1797	43
0.1	831	830	43
0.1	833	832	43
0.1	1800	1799	43
0.1	1801	1798	43
0.1	1802	1796	43
0.1	1803	1787	43
0.1	835	834	38
0.1	837	836	44
0.1	839	838	44
0.1	1807	1806	44
0.1	842	841	45
0.1	1809	840	45
0.1	847	846	45
0.1	1811	845	45
0.1	848	1812	45
0.1	1813	844	45
0.1	1814	843	45
0.1	852	851	45
0.1	1816	850	45
0.1	853	1817	45
0.1	1818	849	45
0.1	1819	1815	45
0.1	857	856	45
0.1	1821	855	45
0.1	859	858	45
0.1	1823	1822	45
0.1	1824	854	45
0.1	1825	1820	45
0.1	1826	1810	45
0.1	862	861	44
0.1	864	863	44
0.1	1829	1828	44
0.1	1830	860	44
0.1	866	865	44
0.1	867	1832	44
0.1	870	869	44
0.1	1834	868	44
0.1	871	1835	44
0.1	1836	1833	44
0.1	1837	1831	44
0.1	1838	1827	44
0.1	1839	1808	44
0.1	875	874	44
0.1	1841	873	44
0.1	1842	872	44
0.1	1843	1840	44
0.1	1844	1805	38
0.1	877	876	38
0.1	1846	1845	38
0.1	879	878	38
0.1	881	880	46
0.1	882	1849	46
0.1	884	883	46
0.1	887	886	46
0.1	889	888	46
0.1	1853	1852	46
0.1	1854	885	46
0.1	890	1855	46
0.1	896	895	47
0.1	1857	894	47
0.1	898	897	47
0.1	900	899	47
0.1	902	901	47
0.1	903	1861	47
0.1	1862	1860	47
0.1	904	1863	47
0.1	1864	1859	47
0.1	1865	1858	47
0.1	1866	893	47
0.1	906	905	47
0.1	907	1868	47
0.1	909	908	47
0.1	910	1870	47
0.1	912	911	47
0.1	1872	1871	47
0.1	1873	1869	47
0.1	1874	1867	47
0.1	914	913	46
0.1	1876	1875	46
0.1	1877	892	46
0.1	1878	891	46
0.1	1879	1856	46
0.1	1880	1851	46
0.1	1881	1850	46
0.1	918	917	48
0.1	922	921	48
0.1	1884	920	48
0.1	923	1885	48
0.1	1886	919	48
0.1	927	926	48
0.1	929	928	48
0.1	1889	1888	48
0.1	1890	925	48
0.1	1891	924	48
0.1	1892	1887	48
0.1	1893	1883	48
0.1	935	934	48
0.1	1895	933	48
0.1	936	1896	48
0.1	1897	932	48
0.1	1898	931	48
0.1	1899	930	48
0.1	1900	1894	48
0.1	938	937	49
0.1	939	1902	49
0.1	941	940	49
0.1	942	1904	49
0.1	944	943	49
0.1	1906	1905	49
0.1	946	945	49
0.1	949	948	49
0.1	1909	947	49
0.1	952	951	49
0.1	955	954	49
0.1	956	1912	49
0.1	1913	953	49
0.1	1914	1911	49
0.1	1915	950	49
0.1	1916	1910	49
0.1	1917	1908	49
0.1	1918	1907	49
0.1	1919	1903	49
0.1	1920	1901	46
0.1	1921	916	46
0.1	957	1922	46
0.1	959	958	46
0.1	1924	1923	46
0.1	1925	915	46
0.1	1926	1882	46
0.1	960	1927	38
0.1	962	961	38
0.1	1929	1928	38
0.1	1930	1848	38
0.1	965	964	38
0.1	967	966	38
0.1	968	1933	38
0.1	969	1934	38
0.1	1935	1932	38
0.1	1936	963	38
0.1	1937	1931	38
0.1	1938	1847	38
0.1	971	970	38
0.1	1940	1939	38
0.1	1941	1804	38
0.1	1942	1785	38
0.1	972	1943	36
0.1	1944	731	36
0.1	1945	1704	36
0.1	1946	710	36
0.1	973	1947	36
0.1	976	975	36
0.1	1949	974	36
0.1	980	979	36
0.1	1951	978	36
0.1	1952	977	36
0.1	1953	1950	36
0.1	1954	1948	36
0.1	1955	1685	36
0.1	1956	1677	30
0.1	1957	1558	30
0.1	1958	1499	2
