1	0	0	1
1	0	0	1
1	0	0	1
1	0	0	1
1	0	0	1
1	0	0	1
1	0	0	1
1	0	0	2
1	0	0	2
1	0	0	2
1	0	0	2
1	0	0	2
1	0	0	2
1	0	0	2
1	0	0	2
1	0	0	2
1	0	0	3
1	0	0	3
1	0	0	3
1	0	0	3
1	0	0	3
1	0	0	3
1	0	0	3
1	0	0	3
1	0	0	3
1	0	0	3
1	0	0	2
1	0	0	1
1	0	0	1
1	0	0	1
1	0	0	4
1	0	0	4
1	0	0	4
1	0	0	4
1	0	0	4
1	0	0	4
1	0	0	4
1	0	0	4
1	0	0	4
1	0	0	4
1	0	0	5
1	0	0	5
1	0	0	5
1	0	0	5
1	0	0	5
1	0	0	5
1	0	0	5
1	0	0	5
1	0	0	5
1	0	0	5
1	0	0	6
1	0	0	6
1	0	0	6
1	0	0	6
1	0	0	6
1	0	0	6
1	0	0	6
1	0	0	6
1	0	0	6
1	0	0	6
1	0	0	7
1	0	0	7
1	0	0	8
1	0	0	8
1	0	0	8
1	0	0	8
1	0	0	8
1	0	0	8
1	0	0	8
1	0	0	8
1	0	0	8
1	0	0	8
1	0	0	7
1	0	0	7
1	0	0	7
1	0	0	9
1	0	0	9
1	0	0	9
1	0	0	9
1	0	0	9
1	0	0	9
1	0	0	9
1	0	0	9
1	0	0	9
1	0	0	9
1	0	0	10
1	0	0	10
1	0	0	11
1	0	0	11
1	0	0	11
1	0	0	11
1	0	0	11
1	0	0	12
1	0	0	12
1	0	0	12
1	0	0	12
1	0	0	12
1	0	0	11
1	0	0	11
1	0	0	11
1	0	0	11
1	0	0	11
1	0	0	13
1	0	0	13
1	0	0	13
1	0	0	13
1	0	0	14
1	0	0	14
1	0	0	14
1	0	0	14
1	0	0	14
1	0	0	14
1	0	0	14
1	0	0	14
1	0	0	14
1	0	0	14
1	0	0	12
1	0	0	12
1	0	0	12
1	0	0	15
1	0	0	15
1	0	0	15
1	0	0	15
1	0	0	15
1	0	0	15
1	0	0	15
1	0	0	15
1	0	0	15
1	0	0	15
1	0	0	12
1	0	0	12
1	0	0	13
1	0	0	13
1	0	0	13
1	0	0	13
1	0	0	13
1	0	0	13
1	0	0	7
1	0	0	10
1	0	0	10
1	0	0	16
1	0	0	16
1	0	0	16
1	0	0	16
1	0	0	16
1	0	0	16
1	0	0	16
1	0	0	16
1	0	0	16
1	0	0	16
1	0	0	10
1	0	0	10
1	0	0	10
1	0	0	10
1	0	0	10
1	0	0	10
1	0	0	7
1	0	0	7
1	0	0	7
1	0	0	17
1	0	0	17
1	0	0	17
1	0	0	17
1	0	0	17
1	0	0	17
1	0	0	17
1	0	0	17
1	0	0	17
1	0	0	17
1	0	0	7
1	0	0	18
1	0	0	18
1	0	0	18
1	0	0	18
1	0	0	19
1	0	0	19
1	0	0	19
1	0	0	19
1	0	0	20
1	0	0	20
1	0	0	20
1	0	0	20
1	0	0	20
1	0	0	20
1	0	0	20
1	0	0	20
1	0	0	20
1	0	0	20
1	0	0	21
1	0	0	21
1	0	0	21
1	0	0	21
1	0	0	21
1	0	0	21
1	0	0	21
1	0	0	21
1	0	0	21
1	0	0	21
1	0	0	19
1	0	0	19
1	0	0	19
1	0	0	19
1	0	0	19
1	0	0	19
1	0	0	18
1	0	0	18
1	0	0	18
1	0	0	18
1	0	0	18
1	0	0	18
1	0	0	22
1	0	0	22
1	0	0	23
1	0	0	23
1	0	0	23
1	0	0	23
1	0	0	23
1	0	0	23
1	0	0	23
1	0	0	23
1	0	0	23
1	0	0	23
1	0	0	22
1	0	0	22
1	0	0	22
1	0	0	24
1	0	0	24
1	0	0	24
1	0	0	24
1	0	0	24
1	0	0	24
1	0	0	24
1	0	0	24
1	0	0	24
1	0	0	24
1	0	0	25
1	0	0	25
1	0	0	25
1	0	0	25
1	0	0	25
1	0	0	25
1	0	0	25
1	0	0	25
1	0	0	25
1	0	0	25
1	0	0	26
1	0	0	26
1	0	0	26
1	0	0	26
1	0	0	26
1	0	0	26
1	0	0	26
1	0	0	26
1	0	0	26
1	0	0	26
1	0	0	22
1	0	0	22
1	0	0	22
1	0	0	22
1	0	0	22
1	0	0	27
1	0	0	27
1	0	0	27
1	0	0	27
1	0	0	27
1	0	0	27
1	0	0	27
1	0	0	27
1	0	0	27
1	0	0	27
1	0	0	28
1	0	0	28
1	0	0	28
1	0	0	28
1	0	0	28
1	0	0	28
1	0	0	28
1	0	0	28
1	0	0	28
1	0	0	28
0.1	5	4	1
0.1	281	3	1
0.1	7	6	1
0.1	283	282	1
0.1	284	2	1
0.1	11	10	2
0.1	14	13	2
0.1	287	12	2
0.1	288	286	2
0.1	16	15	2
0.1	290	289	2
0.1	291	9	2
0.1	292	8	2
0.1	18	17	3
0.1	21	20	3
0.1	295	19	3
0.1	296	294	3
0.1	26	25	3
0.1	298	24	3
0.1	299	23	3
0.1	300	22	3
0.1	301	297	3
0.1	27	302	2
0.1	303	293	2
0.1	304	285	1
0.1	29	28	1
0.1	306	305	1
0.1	30	307	1
0.1	308	1	1
0.1	32	31	4
0.1	34	33	4
0.1	311	310	4
0.1	37	36	4
0.1	40	39	4
0.1	314	38	4
0.1	315	313	4
0.1	316	35	4
0.1	317	312	4
0.1	43	42	5
0.1	319	41	5
0.1	49	48	5
0.1	50	321	5
0.1	322	47	5
0.1	323	46	5
0.1	324	45	5
0.1	325	44	5
0.1	326	320	5
0.1	327	318	4
0.1	52	51	6
0.1	54	53	6
0.1	56	55	6
0.1	331	330	6
0.1	332	329	6
0.1	60	59	6
0.1	334	58	6
0.1	335	57	6
0.1	336	333	6
0.1	337	328	7
0.1	338	309	7
0.1	62	61	7
0.1	64	63	8
0.1	67	66	8
0.1	70	69	8
0.1	343	68	8
0.1	344	342	8
0.1	72	71	8
0.1	346	345	8
0.1	347	65	8
0.1	348	341	8
0.1	75	74	7
0.1	350	73	7
0.1	351	349	7
0.1	78	77	9
0.1	353	76	9
0.1	80	79	9
0.1	82	81	9
0.1	356	355	9
0.1	357	354	9
0.1	83	358	9
0.1	85	84	9
0.1	360	359	9
0.1	87	86	10
0.1	90	89	11
0.1	92	91	11
0.1	364	363	11
0.1	365	88	11
0.1	94	93	12
0.1	96	95	12
0.1	97	368	12
0.1	369	367	12
0.1	100	99	11
0.1	371	98	11
0.1	102	101	11
0.1	373	372	11
0.1	374	370	11
0.1	375	366	11
0.1	104	103	13
0.1	106	105	13
0.1	109	108	14
0.1	379	107	14
0.1	112	111	14
0.1	115	114	14
0.1	382	113	14
0.1	116	383	14
0.1	384	381	14
0.1	385	110	14
0.1	386	380	14
0.1	122	121	15
0.1	125	124	15
0.1	389	123	15
0.1	129	128	15
0.1	391	127	15
0.1	392	126	15
0.1	393	390	15
0.1	394	388	15
0.1	395	120	15
0.1	396	119	12
0.1	397	118	12
0.1	131	130	12
0.1	399	398	12
0.1	400	117	12
0.1	401	387	14
0.1	133	132	13
0.1	403	402	13
0.1	404	378	13
0.1	134	405	13
0.1	135	406	13
0.1	407	377	13
0.1	136	408	13
0.1	137	409	13
0.1	410	376	11
0.1	411	362	11
0.1	143	142	16
0.1	413	141	16
0.1	145	144	16
0.1	146	415	16
0.1	148	147	16
0.1	417	416	16
0.1	418	414	16
0.1	149	419	16
0.1	150	420	16
0.1	421	140	10
0.1	422	139	10
0.1	151	423	10
0.1	155	154	10
0.1	425	153	10
0.1	426	152	10
0.1	427	424	10
0.1	156	428	10
0.1	429	138	7
0.1	430	412	7
0.1	431	361	7
0.1	432	352	7
0.1	433	340	7
0.1	157	434	7
0.1	435	339	7
0.1	159	158	7
0.1	162	161	17
0.1	163	438	17
0.1	439	160	17
0.1	166	165	17
0.1	441	164	17
0.1	442	440	17
0.1	168	167	17
0.1	444	443	17
0.1	169	445	17
0.1	173	172	18
0.1	174	447	18
0.1	448	171	18
0.1	178	177	19
0.1	450	176	19
0.1	451	175	19
0.1	181	180	20
0.1	453	179	20
0.1	183	182	20
0.1	455	454	20
0.1	185	184	20
0.1	186	457	20
0.1	187	458	20
0.1	188	459	20
0.1	190	189	21
0.1	192	191	21
0.1	194	193	21
0.1	197	196	21
0.1	464	195	21
0.1	198	465	21
0.1	466	463	21
0.1	467	462	21
0.1	468	461	21
0.1	469	460	20
0.1	470	456	20
0.1	201	200	19
0.1	204	203	19
0.1	473	202	19
0.1	474	472	19
0.1	475	199	19
0.1	476	471	19
0.1	477	452	19
0.1	206	205	18
0.1	208	207	18
0.1	209	480	18
0.1	481	479	18
0.1	482	478	18
0.1	210	483	18
0.1	484	449	18
0.1	485	170	7
0.1	486	446	7
0.1	487	437	7
0.1	212	211	22
0.1	214	213	23
0.1	217	216	23
0.1	219	218	23
0.1	222	221	23
0.1	493	220	23
0.1	494	492	23
0.1	495	491	23
0.1	496	215	23
0.1	497	490	23
0.1	498	489	22
0.1	225	224	22
0.1	500	223	22
0.1	227	226	24
0.1	230	229	24
0.1	503	228	24
0.1	233	232	24
0.1	505	231	24
0.1	506	504	24
0.1	507	502	24
0.1	235	234	24
0.1	509	508	24
0.1	240	239	25
0.1	511	238	25
0.1	512	237	25
0.1	244	243	25
0.1	245	514	25
0.1	515	242	25
0.1	516	241	25
0.1	517	513	25
0.1	518	236	25
0.1	519	510	24
0.1	249	248	26
0.1	250	521	26
0.1	522	247	26
0.1	252	251	26
0.1	255	254	26
0.1	525	253	26
0.1	526	524	26
0.1	527	523	26
0.1	528	246	26
0.1	529	520	24
0.1	257	256	22
0.1	263	262	27
0.1	532	261	27
0.1	268	267	27
0.1	534	266	27
0.1	535	265	27
0.1	536	264	27
0.1	270	269	27
0.1	538	537	27
0.1	539	533	27
0.1	540	260	22
0.1	541	259	22
0.1	542	258	22
0.1	543	531	22
0.1	544	530	22
0.1	545	501	22
0.1	546	499	22
0.1	273	272	28
0.1	548	271	28
0.1	275	274	28
0.1	277	276	28
0.1	551	550	28
0.1	552	549	28
0.1	280	279	28
0.1	554	278	28
0.1	555	553	28
0.1	556	547	28
0.1	557	488	7
0.1	558	436	7
