1	0	0	1
1	0	0	1
1	0	0	1
1	0	0	2
1	0	0	2
1	0	0	2
1	0	0	2
1	0	0	2
1	0	0	2
1	0	0	2
1	0	0	2
1	0	0	2
1	0	0	2
1	0	0	3
1	0	0	3
1	0	0	3
1	0	0	3
1	0	0	3
1	0	0	3
1	0	0	3
1	0	0	3
1	0	0	3
1	0	0	3
1	0	0	3
1	0	0	3
1	0	0	3
1	0	0	3
1	0	0	3
1	0	0	3
1	0	0	3
1	0	0	3
1	0	0	3
1	0	0	3
1	0	0	2
1	0	0	2
1	0	0	2
1	0	0	2
1	0	0	2
1	0	0	4
1	0	0	4
1	0	0	4
1	0	0	4
1	0	0	4
1	0	0	4
1	0	0	4
1	0	0	4
1	0	0	4
1	0	0	4
1	0	0	4
1	0	0	4
1	0	0	4
1	0	0	4
1	0	0	4
1	0	0	4
1	0	0	4
1	0	0	4
1	0	0	4
1	0	0	4
1	0	0	5
1	0	0	5
1	0	0	5
1	0	0	5
1	0	0	5
1	0	0	5
1	0	0	5
1	0	0	5
1	0	0	5
1	0	0	5
1	0	0	5
1	0	0	5
1	0	0	5
1	0	0	5
1	0	0	5
1	0	0	5
1	0	0	5
1	0	0	5
1	0	0	5
1	0	0	5
1	0	0	2
1	0	0	2
1	0	0	2
1	0	0	2
1	0	0	2
1	0	0	1
1	0	0	1
1	0	0	6
1	0	0	6
1	0	0	6
1	0	0	6
1	0	0	6
1	0	0	6
1	0	0	6
1	0	0	6
1	0	0	6
1	0	0	6
1	0	0	6
1	0	0	6
1	0	0	6
1	0	0	6
1	0	0	6
1	0	0	6
1	0	0	6
1	0	0	6
1	0	0	6
1	0	0	6
1	0	0	7
1	0	0	7
1	0	0	7
1	0	0	7
1	0	0	7
1	0	0	7
1	0	0	7
1	0	0	7
1	0	0	7
1	0	0	7
1	0	0	8
1	0	0	8
1	0	0	8
1	0	0	8
1	0	0	8
1	0	0	8
1	0	0	8
1	0	0	8
1	0	0	8
1	0	0	8
1	0	0	8
1	0	0	8
1	0	0	8
1	0	0	8
1	0	0	8
1	0	0	8
1	0	0	8
1	0	0	8
1	0	0	8
1	0	0	8
1	0	0	7
1	0	0	7
1	0	0	9
1	0	0	9
1	0	0	9
1	0	0	9
1	0	0	9
1	0	0	9
1	0	0	9
1	0	0	9
1	0	0	9
1	0	0	9
1	0	0	9
1	0	0	9
1	0	0	9
1	0	0	9
1	0	0	9
1	0	0	9
1	0	0	9
1	0	0	9
1	0	0	9
1	0	0	9
1	0	0	7
1	0	0	7
1	0	0	7
1	0	0	7
1	0	0	7
1	0	0	7
1	0	0	7
1	0	0	7
1	0	0	1
1	0	0	1
1	0	0	10
1	0	0	10
1	0	0	10
1	0	0	10
1	0	0	10
1	0	0	10
1	0	0	10
1	0	0	10
1	0	0	10
1	0	0	10
1	0	0	10
1	0	0	10
1	0	0	10
1	0	0	10
1	0	0	10
1	0	0	10
1	0	0	10
1	0	0	10
1	0	0	10
1	0	0	10
1	0	0	1
1	0	0	1
1	0	0	11
1	0	0	11
1	0	0	12
1	0	0	12
1	0	0	12
1	0	0	12
1	0	0	12
1	0	0	12
1	0	0	12
1	0	0	12
1	0	0	12
1	0	0	12
1	0	0	12
1	0	0	13
1	0	0	13
1	0	0	13
1	0	0	13
1	0	0	13
1	0	0	13
1	0	0	13
1	0	0	13
1	0	0	13
1	0	0	13
1	0	0	13
1	0	0	13
1	0	0	13
1	0	0	13
1	0	0	13
1	0	0	13
1	0	0	13
1	0	0	13
1	0	0	13
1	0	0	13
1	0	0	12
1	0	0	12
1	0	0	12
1	0	0	12
1	0	0	12
1	0	0	12
1	0	0	12
1	0	0	12
1	0	0	12
1	0	0	11
1	0	0	11
1	0	0	14
1	0	0	14
1	0	0	14
1	0	0	14
1	0	0	14
1	0	0	14
1	0	0	14
1	0	0	14
1	0	0	14
1	0	0	14
1	0	0	14
1	0	0	14
1	0	0	14
1	0	0	14
1	0	0	14
1	0	0	14
1	0	0	14
1	0	0	14
1	0	0	14
1	0	0	14
1	0	0	15
1	0	0	15
1	0	0	15
1	0	0	15
1	0	0	15
1	0	0	15
1	0	0	15
1	0	0	15
1	0	0	15
1	0	0	15
1	0	0	15
1	0	0	15
1	0	0	15
1	0	0	15
1	0	0	15
1	0	0	15
1	0	0	15
1	0	0	15
1	0	0	15
1	0	0	15
1	0	0	11
1	0	0	11
1	0	0	11
1	0	0	11
1	0	0	16
1	0	0	16
1	0	0	16
1	0	0	16
1	0	0	16
1	0	0	16
1	0	0	16
1	0	0	16
1	0	0	16
1	0	0	16
1	0	0	16
1	0	0	16
1	0	0	16
1	0	0	16
1	0	0	16
1	0	0	16
1	0	0	16
1	0	0	16
1	0	0	16
1	0	0	16
1	0	0	17
1	0	0	17
1	0	0	17
1	0	0	17
1	0	0	17
1	0	0	17
1	0	0	17
1	0	0	17
1	0	0	18
1	0	0	18
1	0	0	18
1	0	0	18
1	0	0	18
1	0	0	18
1	0	0	18
1	0	0	18
1	0	0	18
1	0	0	18
1	0	0	18
1	0	0	18
1	0	0	18
1	0	0	18
1	0	0	18
1	0	0	18
1	0	0	18
1	0	0	18
1	0	0	18
1	0	0	18
1	0	0	17
1	0	0	17
1	0	0	19
1	0	0	19
1	0	0	19
1	0	0	19
1	0	0	19
1	0	0	19
1	0	0	19
1	0	0	19
1	0	0	19
1	0	0	19
1	0	0	19
1	0	0	19
1	0	0	19
1	0	0	19
1	0	0	19
1	0	0	19
1	0	0	19
1	0	0	19
1	0	0	19
1	0	0	19
1	0	0	17
1	0	0	17
1	0	0	17
1	0	0	17
1	0	0	17
1	0	0	17
1	0	0	17
1	0	0	17
1	0	0	17
1	0	0	17
1	0	0	11
1	0	0	11
1	0	0	11
1	0	0	11
1	0	0	11
1	0	0	11
1	0	0	11
1	0	0	11
1	0	0	11
1	0	0	11
1	0	0	11
1	0	0	11
1	0	0	1
1	0	0	1
1	0	0	1
1	0	0	1
1	0	0	1
1	0	0	1
1	0	0	1
1	0	0	20
1	0	0	20
1	0	0	20
1	0	0	20
1	0	0	20
1	0	0	20
1	0	0	20
1	0	0	20
1	0	0	20
1	0	0	20
1	0	0	20
1	0	0	20
1	0	0	20
1	0	0	20
1	0	0	20
1	0	0	20
1	0	0	20
1	0	0	20
1	0	0	20
1	0	0	20
1	0	0	1
1	0	0	1
1	0	0	1
1	0	0	1
1	0	0	21
1	0	0	21
1	0	0	21
1	0	0	21
1	0	0	21
1	0	0	21
1	0	0	21
1	0	0	21
1	0	0	21
1	0	0	21
1	0	0	21
1	0	0	21
1	0	0	21
1	0	0	21
1	0	0	21
1	0	0	22
1	0	0	23
1	0	0	24
1	0	0	24
1	0	0	24
1	0	0	24
1	0	0	24
1	0	0	24
1	0	0	24
1	0	0	24
1	0	0	24
1	0	0	24
1	0	0	24
1	0	0	24
1	0	0	24
1	0	0	24
1	0	0	24
1	0	0	24
1	0	0	24
1	0	0	24
1	0	0	24
1	0	0	24
1	0	0	23
1	0	0	23
1	0	0	23
1	0	0	23
1	0	0	23
1	0	0	23
1	0	0	23
1	0	0	23
1	0	0	23
1	0	0	23
1	0	0	23
1	0	0	23
1	0	0	25
1	0	0	25
1	0	0	25
1	0	0	25
1	0	0	25
1	0	0	25
1	0	0	25
1	0	0	26
1	0	0	26
1	0	0	26
1	0	0	26
1	0	0	26
1	0	0	26
1	0	0	26
1	0	0	26
1	0	0	26
1	0	0	26
1	0	0	26
1	0	0	26
1	0	0	26
1	0	0	26
1	0	0	26
1	0	0	26
1	0	0	26
1	0	0	26
1	0	0	26
1	0	0	26
1	0	0	25
1	0	0	25
1	0	0	25
1	0	0	25
1	0	0	25
1	0	0	25
1	0	0	25
1	0	0	25
1	0	0	25
1	0	0	25
1	0	0	25
1	0	0	25
1	0	0	25
1	0	0	27
1	0	0	27
1	0	0	27
1	0	0	27
1	0	0	27
1	0	0	27
1	0	0	27
1	0	0	27
1	0	0	27
1	0	0	27
1	0	0	27
1	0	0	27
1	0	0	23
1	0	0	23
1	0	0	27
1	0	0	27
1	0	0	27
1	0	0	27
1	0	0	27
1	0	0	27
1	0	0	27
1	0	0	27
1	0	0	23
1	0	0	23
1	0	0	23
1	0	0	23
1	0	0	23
1	0	0	22
1	0	0	28
1	0	0	28
1	0	0	28
1	0	0	28
1	0	0	28
1	0	0	28
1	0	0	28
1	0	0	28
1	0	0	28
1	0	0	28
1	0	0	28
1	0	0	28
1	0	0	28
1	0	0	28
1	0	0	28
1	0	0	28
1	0	0	28
1	0	0	28
1	0	0	28
1	0	0	28
1	0	0	29
1	0	0	30
1	0	0	30
1	0	0	30
1	0	0	30
1	0	0	30
1	0	0	30
1	0	0	30
1	0	0	30
1	0	0	30
1	0	0	30
1	0	0	30
1	0	0	30
1	0	0	30
1	0	0	30
1	0	0	30
1	0	0	30
1	0	0	30
1	0	0	30
1	0	0	30
1	0	0	30
1	0	0	29
1	0	0	29
1	0	0	29
1	0	0	29
1	0	0	29
1	0	0	29
1	0	0	29
1	0	0	29
1	0	0	29
1	0	0	29
1	0	0	29
1	0	0	29
1	0	0	29
1	0	0	29
1	0	0	29
1	0	0	29
1	0	0	31
1	0	0	31
1	0	0	31
1	0	0	31
1	0	0	31
1	0	0	31
1	0	0	31
1	0	0	31
1	0	0	31
1	0	0	31
1	0	0	31
1	0	0	31
1	0	0	31
1	0	0	31
1	0	0	31
1	0	0	31
1	0	0	31
1	0	0	31
1	0	0	31
1	0	0	31
1	0	0	22
1	0	0	22
1	0	0	22
1	0	0	22
1	0	0	22
1	0	0	22
1	0	0	29
1	0	0	32
1	0	0	33
1	0	0	33
1	0	0	33
1	0	0	33
1	0	0	33
1	0	0	33
1	0	0	33
1	0	0	33
1	0	0	33
1	0	0	33
1	0	0	33
1	0	0	33
1	0	0	33
1	0	0	33
1	0	0	33
1	0	0	33
1	0	0	33
1	0	0	33
1	0	0	33
1	0	0	33
1	0	0	34
1	0	0	34
1	0	0	34
1	0	0	34
1	0	0	34
1	0	0	34
1	0	0	34
1	0	0	34
1	0	0	34
1	0	0	34
1	0	0	34
1	0	0	34
1	0	0	34
1	0	0	34
1	0	0	34
1	0	0	34
1	0	0	34
1	0	0	34
1	0	0	34
1	0	0	34
1	0	0	32
1	0	0	32
1	0	0	32
1	0	0	32
1	0	0	32
1	0	0	32
1	0	0	32
1	0	0	32
1	0	0	32
1	0	0	32
1	0	0	32
1	0	0	32
1	0	0	32
1	0	0	32
1	0	0	32
1	0	0	32
1	0	0	32
1	0	0	35
1	0	0	35
1	0	0	35
1	0	0	35
1	0	0	35
1	0	0	35
1	0	0	35
1	0	0	35
1	0	0	35
1	0	0	35
1	0	0	35
1	0	0	35
1	0	0	35
1	0	0	35
1	0	0	35
1	0	0	35
1	0	0	35
1	0	0	35
1	0	0	35
1	0	0	35
1	0	0	36
1	0	0	36
1	0	0	36
1	0	0	36
1	0	0	36
1	0	0	36
1	0	0	36
1	0	0	36
1	0	0	36
1	0	0	36
1	0	0	36
1	0	0	36
1	0	0	36
1	0	0	36
1	0	0	36
1	0	0	36
1	0	0	36
1	0	0	36
1	0	0	36
1	0	0	36
1	0	0	37
1	0	0	37
1	0	0	37
1	0	0	37
1	0	0	37
1	0	0	37
1	0	0	37
1	0	0	37
1	0	0	37
1	0	0	37
1	0	0	37
1	0	0	37
1	0	0	37
1	0	0	37
1	0	0	37
1	0	0	37
1	0	0	37
1	0	0	37
1	0	0	37
1	0	0	37
1	0	0	32
1	0	0	32
1	0	0	38
1	0	0	38
1	0	0	38
1	0	0	38
1	0	0	38
1	0	0	38
1	0	0	38
1	0	0	38
1	0	0	38
1	0	0	38
1	0	0	38
1	0	0	38
1	0	0	38
1	0	0	38
1	0	0	38
1	0	0	38
1	0	0	38
1	0	0	38
1	0	0	38
1	0	0	38
1	0	0	39
1	0	0	39
1	0	0	39
1	0	0	39
1	0	0	39
1	0	0	39
1	0	0	39
1	0	0	39
1	0	0	39
1	0	0	39
1	0	0	39
1	0	0	39
1	0	0	39
1	0	0	39
1	0	0	39
1	0	0	39
1	0	0	39
1	0	0	39
1	0	0	39
1	0	0	39
1	0	0	29
1	0	0	29
1	0	0	40
1	0	0	40
1	0	0	40
1	0	0	40
1	0	0	41
1	0	0	41
1	0	0	41
1	0	0	41
1	0	0	41
1	0	0	41
1	0	0	41
1	0	0	41
1	0	0	41
1	0	0	41
1	0	0	41
1	0	0	41
1	0	0	41
1	0	0	41
1	0	0	41
1	0	0	41
1	0	0	41
1	0	0	41
1	0	0	41
1	0	0	41
1	0	0	40
1	0	0	40
1	0	0	40
1	0	0	40
1	0	0	40
1	0	0	40
1	0	0	40
1	0	0	40
1	0	0	40
1	0	0	40
1	0	0	40
1	0	0	40
1	0	0	40
1	0	0	40
1	0	0	40
1	0	0	40
1	0	0	22
1	0	0	22
1	0	0	22
1	0	0	22
1	0	0	22
1	0	0	22
1	0	0	22
1	0	0	22
1	0	0	22
1	0	0	22
1	0	0	22
1	0	0	22
1	0	0	21
1	0	0	21
1	0	0	21
1	0	0	21
1	0	0	42
1	0	0	42
1	0	0	42
1	0	0	42
1	0	0	42
1	0	0	42
1	0	0	42
1	0	0	43
1	0	0	43
1	0	0	43
1	0	0	43
1	0	0	43
1	0	0	43
1	0	0	43
1	0	0	43
1	0	0	43
1	0	0	43
1	0	0	43
1	0	0	43
1	0	0	43
1	0	0	43
1	0	0	43
1	0	0	43
1	0	0	43
1	0	0	43
1	0	0	43
1	0	0	43
1	0	0	42
1	0	0	42
1	0	0	42
1	0	0	42
1	0	0	42
1	0	0	42
1	0	0	42
1	0	0	42
1	0	0	42
1	0	0	42
1	0	0	42
1	0	0	42
1	0	0	42
1	0	0	21
0.1	2	1	1
0.1	5	4	2
0.1	6	862	2
0.1	8	7	2
0.1	11	10	2
0.1	19	18	3
0.1	23	22	3
0.1	867	21	3
0.1	868	20	3
0.1	24	869	3
0.1	870	866	3
0.1	871	17	3
0.1	31	30	3
0.1	873	29	3
0.1	32	874	3
0.1	875	28	3
0.1	876	27	3
0.1	877	26	3
0.1	878	25	3
0.1	879	872	3
0.1	33	880	3
0.1	881	16	3
0.1	882	15	3
0.1	883	14	3
0.1	34	884	2
0.1	885	13	2
0.1	886	12	2
0.1	887	865	2
0.1	888	9	2
0.1	889	864	2
0.1	35	890	2
0.1	891	863	2
0.1	38	37	2
0.1	893	36	2
0.1	41	40	4
0.1	42	895	4
0.1	44	43	4
0.1	897	896	4
0.1	898	39	4
0.1	47	46	4
0.1	900	45	4
0.1	52	51	4
0.1	902	50	4
0.1	903	49	4
0.1	904	48	4
0.1	55	54	4
0.1	906	53	4
0.1	57	56	4
0.1	58	908	4
0.1	909	907	4
0.1	910	905	4
0.1	911	901	4
0.1	912	899	4
0.1	60	59	5
0.1	63	62	5
0.1	65	64	5
0.1	916	915	5
0.1	917	61	5
0.1	68	67	5
0.1	69	919	5
0.1	920	66	5
0.1	71	70	5
0.1	73	72	5
0.1	76	75	5
0.1	924	74	5
0.1	925	923	5
0.1	926	922	5
0.1	927	921	5
0.1	78	77	5
0.1	929	928	5
0.1	930	918	5
0.1	931	914	5
0.1	932	913	2
0.1	80	79	2
0.1	81	934	2
0.1	935	933	2
0.1	83	82	2
0.1	937	936	2
0.1	938	894	2
0.1	939	892	2
0.1	940	3	1
0.1	941	861	1
0.1	88	87	6
0.1	943	86	6
0.1	89	944	6
0.1	90	945	6
0.1	92	91	6
0.1	947	946	6
0.1	94	93	6
0.1	949	948	6
0.1	97	96	6
0.1	951	95	6
0.1	101	100	6
0.1	953	99	6
0.1	954	98	6
0.1	102	955	6
0.1	956	952	6
0.1	957	950	6
0.1	105	104	6
0.1	959	103	6
0.1	960	958	6
0.1	106	961	7
0.1	107	962	7
0.1	110	109	7
0.1	964	108	7
0.1	114	113	7
0.1	966	112	7
0.1	967	111	7
0.1	117	116	8
0.1	120	119	8
0.1	970	118	8
0.1	971	969	8
0.1	123	122	8
0.1	125	124	8
0.1	974	973	8
0.1	975	121	8
0.1	976	972	8
0.1	127	126	8
0.1	129	128	8
0.1	979	978	8
0.1	131	130	8
0.1	132	981	8
0.1	133	982	8
0.1	983	980	8
0.1	135	134	8
0.1	985	984	8
0.1	986	977	8
0.1	987	115	7
0.1	988	968	7
0.1	137	136	7
0.1	990	989	7
0.1	991	965	7
0.1	992	963	7
0.1	140	139	9
0.1	994	138	9
0.1	142	141	9
0.1	146	145	9
0.1	997	144	9
0.1	998	143	9
0.1	149	148	9
0.1	1000	147	9
0.1	1001	999	9
0.1	1002	996	9
0.1	1003	995	9
0.1	152	151	9
0.1	1005	150	9
0.1	154	153	9
0.1	157	156	9
0.1	1008	155	9
0.1	1009	1007	9
0.1	1010	1006	9
0.1	1011	1004	9
0.1	158	1012	7
0.1	159	1013	7
0.1	162	161	7
0.1	163	1015	7
0.1	1016	160	7
0.1	165	164	7
0.1	1018	1017	7
0.1	1019	1014	7
0.1	1020	993	7
0.1	1021	85	1
0.1	1022	84	1
0.1	173	172	10
0.1	1024	171	10
0.1	1025	170	10
0.1	1026	169	10
0.1	1027	168	10
0.1	176	175	10
0.1	178	177	10
0.1	181	180	10
0.1	1031	179	10
0.1	182	1032	10
0.1	1033	1030	10
0.1	1034	1029	10
0.1	1035	174	10
0.1	1036	1028	10
0.1	184	183	10
0.1	187	186	10
0.1	1039	185	10
0.1	1040	1038	10
0.1	1041	1037	10
0.1	195	194	12
0.1	1043	193	12
0.1	1044	192	12
0.1	197	196	12
0.1	1046	1045	12
0.1	200	199	12
0.1	1048	198	12
0.1	202	201	12
0.1	1050	1049	12
0.1	204	203	13
0.1	206	205	13
0.1	1053	1052	13
0.1	210	209	13
0.1	211	1055	13
0.1	1056	208	13
0.1	1057	207	13
0.1	213	212	13
0.1	214	1059	13
0.1	1060	1058	13
0.1	1061	1054	13
0.1	217	216	13
0.1	218	1063	13
0.1	221	220	13
0.1	222	1065	13
0.1	1066	219	13
0.1	1067	1064	13
0.1	1068	215	13
0.1	1069	1062	13
0.1	227	226	12
0.1	1071	225	12
0.1	1072	224	12
0.1	1073	223	12
0.1	229	228	12
0.1	1075	1074	12
0.1	1076	1070	12
0.1	231	230	12
0.1	1078	1077	12
0.1	1079	1051	12
0.1	1080	1047	12
0.1	1081	191	11
0.1	232	1082	11
0.1	1083	190	11
0.1	235	234	14
0.1	237	236	14
0.1	1086	1085	14
0.1	239	238	14
0.1	240	1088	14
0.1	243	242	14
0.1	244	1090	14
0.1	1091	241	14
0.1	1092	1089	14
0.1	1093	1087	14
0.1	246	245	14
0.1	249	248	14
0.1	1096	247	14
0.1	251	250	14
0.1	253	252	14
0.1	1099	1098	14
0.1	1100	1097	14
0.1	1101	1095	14
0.1	1102	1094	14
0.1	255	254	15
0.1	256	1104	15
0.1	259	258	15
0.1	1106	257	15
0.1	262	261	15
0.1	1108	260	15
0.1	263	1109	15
0.1	266	265	15
0.1	1111	264	15
0.1	268	267	15
0.1	1113	1112	15
0.1	271	270	15
0.1	1115	269	15
0.1	273	272	15
0.1	1117	1116	15
0.1	1118	1114	15
0.1	1119	1110	15
0.1	1120	1107	15
0.1	1121	1105	15
0.1	1122	1103	14
0.1	1123	233	11
0.1	276	275	11
0.1	1125	274	11
0.1	279	278	16
0.1	284	283	16
0.1	285	1128	16
0.1	1129	282	16
0.1	1130	281	16
0.1	1131	280	16
0.1	1132	1127	16
0.1	288	287	16
0.1	289	1134	16
0.1	1135	286	16
0.1	291	290	16
0.1	295	294	16
0.1	1138	293	16
0.1	296	1139	16
0.1	1140	292	16
0.1	1141	1137	16
0.1	1142	1136	16
0.1	1143	1133	16
0.1	297	1144	16
0.1	301	300	17
0.1	1146	299	17
0.1	302	1147	17
0.1	1148	298	17
0.1	304	303	17
0.1	305	1150	17
0.1	1151	1149	17
0.1	307	306	18
0.1	308	1153	18
0.1	310	309	18
0.1	313	312	18
0.1	315	314	18
0.1	1157	1156	18
0.1	1158	311	18
0.1	1159	1155	18
0.1	1160	1154	18
0.1	317	316	18
0.1	320	319	18
0.1	1163	318	18
0.1	324	323	18
0.1	1165	322	18
0.1	1166	321	18
0.1	325	1167	18
0.1	1168	1164	18
0.1	1169	1162	18
0.1	1170	1161	18
0.1	330	329	19
0.1	1172	328	19
0.1	333	332	19
0.1	1174	331	19
0.1	337	336	19
0.1	1176	335	19
0.1	1177	334	19
0.1	342	341	19
0.1	1179	340	19
0.1	1180	339	19
0.1	1181	338	19
0.1	1182	1178	19
0.1	345	344	19
0.1	1184	343	19
0.1	347	346	19
0.1	1186	1185	19
0.1	1187	1183	19
0.1	1188	1175	19
0.1	1189	1173	19
0.1	1190	327	17
0.1	1191	326	17
0.1	348	1192	17
0.1	1193	1171	17
0.1	350	349	17
0.1	1195	1194	17
0.1	352	351	17
0.1	1197	1196	17
0.1	354	353	17
0.1	357	356	17
0.1	1200	355	17
0.1	1201	1199	17
0.1	1202	1198	17
0.1	1203	1152	17
0.1	1204	1145	16
0.1	1205	277	11
0.1	360	359	11
0.1	1207	358	11
0.1	1208	1206	11
0.1	362	361	11
0.1	1210	1209	11
0.1	364	363	11
0.1	365	1212	11
0.1	367	366	11
0.1	368	1214	11
0.1	369	1215	11
0.1	1216	1213	11
0.1	1217	1211	11
0.1	1218	1126	11
0.1	1219	1124	11
0.1	1220	1084	11
0.1	1221	189	1
0.1	1222	188	1
0.1	1223	1042	1
0.1	370	1224	1
0.1	1225	167	1
0.1	1226	166	1
0.1	1227	1023	1
0.1	1228	942	1
0.1	372	371	1
0.1	374	373	1
0.1	376	375	1
0.1	1232	1231	1
0.1	1233	1230	1
0.1	379	378	20
0.1	1235	377	20
0.1	383	382	20
0.1	1237	381	20
0.1	1238	380	20
0.1	1239	1236	20
0.1	386	385	20
0.1	1241	384	20
0.1	1242	1240	20
0.1	388	387	20
0.1	389	1244	20
0.1	390	1245	20
0.1	394	393	20
0.1	1247	392	20
0.1	396	395	20
0.1	1249	1248	20
0.1	1250	391	20
0.1	1251	1246	20
0.1	1252	1243	20
0.1	397	1253	1
0.1	399	398	1
0.1	400	1255	1
0.1	1256	1254	1
0.1	1257	1234	1
0.1	1258	1229	1
0.1	401	1259	21
0.1	402	1260	21
0.1	404	403	21
0.1	1262	1261	21
0.1	407	406	21
0.1	1264	405	21
0.1	408	1265	21
0.1	410	409	21
0.1	412	411	21
0.1	1268	1267	21
0.1	414	413	21
0.1	415	1270	21
0.1	421	420	24
0.1	425	424	24
0.1	1273	423	24
0.1	1274	422	24
0.1	426	1275	24
0.1	1276	1272	24
0.1	1277	419	24
0.1	430	429	24
0.1	1279	428	24
0.1	1280	427	24
0.1	432	431	24
0.1	1282	1281	24
0.1	435	434	24
0.1	1284	433	24
0.1	436	1285	24
0.1	1286	1283	24
0.1	1287	1278	24
0.1	1288	418	24
0.1	437	1289	24
0.1	1290	417	23
0.1	439	438	23
0.1	440	1292	23
0.1	441	1293	23
0.1	1294	1291	23
0.1	444	443	23
0.1	1296	442	23
0.1	1297	1295	23
0.1	446	445	23
0.1	449	448	23
0.1	1300	447	23
0.1	451	450	25
0.1	454	453	25
0.1	1303	452	25
0.1	1304	1302	25
0.1	456	455	25
0.1	458	457	26
0.1	460	459	26
0.1	1308	1307	26
0.1	462	461	26
0.1	464	463	26
0.1	466	465	26
0.1	467	1312	26
0.1	1313	1311	26
0.1	1314	1310	26
0.1	1315	1309	26
0.1	469	468	26
0.1	473	472	26
0.1	474	1318	26
0.1	1319	471	26
0.1	475	1320	26
0.1	1321	470	26
0.1	1322	1317	26
0.1	1323	1316	26
0.1	476	1324	26
0.1	477	1325	25
0.1	480	479	25
0.1	481	1327	25
0.1	1328	478	25
0.1	482	1329	25
0.1	1330	1326	25
0.1	1331	1306	25
0.1	485	484	25
0.1	487	486	25
0.1	489	488	25
0.1	1335	1334	25
0.1	1336	1333	25
0.1	1337	483	25
0.1	1338	1332	25
0.1	1339	1305	25
0.1	493	492	27
0.1	1341	491	27
0.1	497	496	27
0.1	499	498	27
0.1	1344	1343	27
0.1	1345	495	27
0.1	503	502	23
0.1	504	1347	27
0.1	1348	501	27
0.1	1349	500	27
0.1	506	505	27
0.1	507	1351	27
0.1	508	1352	27
0.1	510	509	27
0.1	511	1354	27
0.1	1355	1353	27
0.1	1356	1350	27
0.1	1357	1346	27
0.1	1358	494	27
0.1	1359	1342	27
0.1	1360	490	27
0.1	1361	1340	27
0.1	1362	1301	23
0.1	514	513	23
0.1	1364	512	23
0.1	1365	1363	23
0.1	1366	1299	23
0.1	1367	1298	23
0.1	516	515	23
0.1	1369	1368	23
0.1	1370	416	22
0.1	521	520	28
0.1	1372	519	28
0.1	1373	518	28
0.1	522	1374	28
0.1	524	523	28
0.1	527	526	28
0.1	528	1377	28
0.1	1378	525	28
0.1	1379	1376	28
0.1	529	1380	28
0.1	533	532	28
0.1	534	1382	28
0.1	1383	531	28
0.1	537	536	28
0.1	1385	535	28
0.1	1386	1384	28
0.1	1387	530	28
0.1	1388	1381	28
0.1	1389	1375	28
0.1	540	539	30
0.1	542	541	30
0.1	543	1392	30
0.1	1393	1391	30
0.1	546	545	30
0.1	1395	544	30
0.1	548	547	30
0.1	550	549	30
0.1	1398	1397	30
0.1	1399	1396	30
0.1	552	551	30
0.1	1401	1400	30
0.1	556	555	30
0.1	1403	554	30
0.1	557	1404	30
0.1	1405	553	30
0.1	1406	1402	30
0.1	558	1407	30
0.1	1408	1394	30
0.1	559	1409	29
0.1	1410	538	29
0.1	560	1411	29
0.1	1412	1390	29
0.1	561	1413	29
0.1	564	563	29
0.1	566	565	29
0.1	1416	1415	29
0.1	1417	562	29
0.1	1418	1414	29
0.1	569	568	29
0.1	573	572	29
0.1	1421	571	29
0.1	1422	570	29
0.1	1423	1420	29
0.1	1424	567	29
0.1	577	576	31
0.1	1426	575	31
0.1	578	1427	31
0.1	580	579	31
0.1	582	581	31
0.1	1430	1429	31
0.1	1431	1428	31
0.1	585	584	31
0.1	586	1433	31
0.1	590	589	31
0.1	592	591	31
0.1	593	1436	31
0.1	1437	1435	31
0.1	1438	588	31
0.1	1439	587	31
0.1	594	1440	31
0.1	1441	1434	31
0.1	1442	583	31
0.1	1443	1432	31
0.1	1444	574	29
0.1	1445	1425	29
0.1	1446	1419	29
0.1	595	1447	22
0.1	597	596	22
0.1	1449	1448	22
0.1	599	598	22
0.1	600	1451	22
0.1	1452	1450	22
0.1	604	603	33
0.1	607	606	33
0.1	1455	605	33
0.1	1456	1454	33
0.1	609	608	33
0.1	612	611	33
0.1	1459	610	33
0.1	615	614	33
0.1	616	1461	33
0.1	1462	613	33
0.1	1463	1460	33
0.1	1464	1458	33
0.1	619	618	33
0.1	1466	617	33
0.1	622	621	33
0.1	1468	620	33
0.1	1469	1467	33
0.1	1470	1465	33
0.1	1471	1457	33
0.1	624	623	34
0.1	625	1473	34
0.1	628	627	34
0.1	630	629	34
0.1	631	1476	34
0.1	1477	1475	34
0.1	1478	626	34
0.1	1479	1474	34
0.1	633	632	34
0.1	636	635	34
0.1	639	638	34
0.1	640	1483	34
0.1	1484	637	34
0.1	641	1485	34
0.1	642	1486	34
0.1	1487	1482	34
0.1	1488	634	34
0.1	1489	1481	34
0.1	1490	1480	34
0.1	643	1491	32
0.1	1492	1472	32
0.1	1493	602	32
0.1	647	646	32
0.1	1495	645	32
0.1	1496	644	32
0.1	650	649	32
0.1	1498	648	32
0.1	1499	1497	32
0.1	654	653	32
0.1	1501	652	32
0.1	1502	651	32
0.1	1503	1500	32
0.1	655	1504	32
0.1	657	656	32
0.1	659	658	32
0.1	662	661	35
0.1	1508	660	35
0.1	664	663	35
0.1	666	665	35
0.1	669	668	35
0.1	673	672	35
0.1	1513	671	35
0.1	1514	670	35
0.1	1515	1512	35
0.1	1516	667	35
0.1	1517	1511	35
0.1	675	674	35
0.1	677	676	35
0.1	679	678	35
0.1	1521	1520	35
0.1	1522	1519	35
0.1	1523	1518	35
0.1	1524	1510	35
0.1	1525	1509	35
0.1	1526	1507	32
0.1	1527	1506	32
0.1	1528	1505	32
0.1	681	680	36
0.1	683	682	36
0.1	686	685	36
0.1	688	687	36
0.1	1533	1532	36
0.1	1534	684	36
0.1	691	690	36
0.1	692	1536	36
0.1	1537	689	36
0.1	694	693	36
0.1	695	1539	36
0.1	1540	1538	36
0.1	696	1541	36
0.1	1542	1535	36
0.1	1543	1531	36
0.1	1544	1530	36
0.1	699	698	36
0.1	1546	697	36
0.1	1547	1545	36
0.1	702	701	37
0.1	1549	700	37
0.1	708	707	37
0.1	1551	706	37
0.1	1552	705	37
0.1	1553	704	37
0.1	710	709	37
0.1	1555	1554	37
0.1	715	714	37
0.1	1557	713	37
0.1	1558	712	37
0.1	1559	711	37
0.1	718	717	37
0.1	1561	716	37
0.1	1562	1560	37
0.1	1563	1556	37
0.1	1564	703	37
0.1	719	1565	37
0.1	1566	1550	37
0.1	1567	1548	32
0.1	721	720	32
0.1	1569	1568	32
0.1	1570	1529	32
0.1	1571	1494	32
0.1	1572	601	29
0.1	724	723	38
0.1	728	727	38
0.1	1575	726	38
0.1	731	730	38
0.1	1577	729	38
0.1	1578	1576	38
0.1	1579	725	38
0.1	1580	1574	38
0.1	1581	722	38
0.1	733	732	38
0.1	734	1583	38
0.1	1584	1582	38
0.1	738	737	38
0.1	1586	736	38
0.1	741	740	38
0.1	1588	739	38
0.1	1589	1587	38
0.1	1590	735	38
0.1	1591	1585	38
0.1	744	743	39
0.1	1593	742	39
0.1	748	747	39
0.1	1595	746	39
0.1	1596	745	39
0.1	751	750	39
0.1	752	1598	39
0.1	753	1599	39
0.1	1600	749	39
0.1	754	1601	39
0.1	757	756	39
0.1	1603	755	39
0.1	759	758	39
0.1	761	760	39
0.1	1606	1605	39
0.1	1607	1604	39
0.1	1608	1602	39
0.1	1609	1597	39
0.1	1610	1594	39
0.1	1611	1592	29
0.1	1612	1573	29
0.1	763	762	29
0.1	1614	1613	29
0.1	767	766	40
0.1	1616	765	40
0.1	1617	764	40
0.1	769	768	41
0.1	771	770	41
0.1	774	773	41
0.1	1621	772	41
0.1	1622	1620	41
0.1	775	1623	41
0.1	1624	1619	41
0.1	780	779	41
0.1	1626	778	41
0.1	1627	777	41
0.1	1628	776	41
0.1	783	782	41
0.1	1630	781	41
0.1	1631	1629	41
0.1	787	786	41
0.1	1633	785	41
0.1	1634	784	41
0.1	1635	1632	41
0.1	1636	1625	41
0.1	788	1637	40
0.1	793	792	40
0.1	794	1639	40
0.1	1640	791	40
0.1	1641	790	40
0.1	1642	789	40
0.1	1643	1638	40
0.1	795	1644	40
0.1	798	797	40
0.1	801	800	40
0.1	1647	799	40
0.1	1648	1646	40
0.1	1649	796	40
0.1	803	802	40
0.1	1651	1650	40
0.1	1652	1645	40
0.1	1653	1618	40
0.1	1654	1615	40
0.1	804	1655	22
0.1	806	805	22
0.1	807	1657	22
0.1	1658	1656	22
0.1	1659	1453	22
0.1	1660	517	22
0.1	1661	1371	22
0.1	809	808	22
0.1	810	1663	22
0.1	1664	1662	22
0.1	812	811	22
0.1	1666	1665	22
0.1	815	814	22
0.1	1668	813	22
0.1	1669	1667	22
0.1	818	817	21
0.1	1671	816	21
0.1	1672	1670	21
0.1	1673	1271	21
0.1	1674	1269	21
0.1	819	1675	21
0.1	1676	1266	21
0.1	822	821	42
0.1	824	823	42
0.1	825	1679	42
0.1	1680	1678	42
0.1	1681	820	42
0.1	829	828	43
0.1	832	831	43
0.1	1684	830	43
0.1	833	1685	43
0.1	1686	1683	43
0.1	835	834	43
0.1	838	837	43
0.1	1689	836	43
0.1	1690	1688	43
0.1	839	1691	43
0.1	843	842	43
0.1	1693	841	43
0.1	844	1694	43
0.1	845	1695	43
0.1	1696	840	43
0.1	1697	1692	43
0.1	1698	1687	43
0.1	846	1699	43
0.1	1700	827	43
0.1	1701	826	42
0.1	847	1702	42
0.1	848	1703	42
0.1	1704	1682	42
0.1	850	849	42
0.1	851	1706	42
0.1	852	1707	42
0.1	853	1708	42
0.1	1709	1705	42
0.1	858	857	42
0.1	1711	856	42
0.1	1712	855	42
0.1	859	1713	42
0.1	1714	854	42
0.1	1715	1710	42
0.1	860	1716	21
0.1	1717	1677	21
0.1	1718	1263	21
