1	0	0	1
1	0	0	1
1	0	0	1
1	0	0	1
1	0	0	1
1	0	0	1
1	0	0	1
1	0	0	1
1	0	0	1
1	0	0	1
1	0	0	2
1	0	0	2
1	0	0	2
1	0	0	2
1	0	0	2
1	0	0	2
1	0	0	2
1	0	0	2
1	0	0	2
1	0	0	2
1	0	0	3
1	0	0	3
1	0	0	3
1	0	0	3
1	0	0	3
1	0	0	4
1	0	0	4
1	0	0	4
1	0	0	4
1	0	0	4
1	0	0	4
1	0	0	4
1	0	0	4
1	0	0	4
1	0	0	4
1	0	0	5
1	0	0	5
1	0	0	5
1	0	0	6
1	0	0	6
1	0	0	6
1	0	0	6
1	0	0	6
1	0	0	6
1	0	0	6
1	0	0	6
1	0	0	6
1	0	0	6
1	0	0	7
1	0	0	7
1	0	0	8
1	0	0	8
1	0	0	8
1	0	0	8
1	0	0	8
1	0	0	8
1	0	0	8
1	0	0	8
1	0	0	8
1	0	0	8
1	0	0	7
1	0	0	7
1	0	0	7
1	0	0	9
1	0	0	9
1	0	0	9
1	0	0	9
1	0	0	9
1	0	0	9
1	0	0	9
1	0	0	9
1	0	0	9
1	0	0	9
1	0	0	10
1	0	0	10
1	0	0	10
1	0	0	10
1	0	0	10
1	0	0	10
1	0	0	10
1	0	0	10
1	0	0	10
1	0	0	10
1	0	0	11
1	0	0	11
1	0	0	11
1	0	0	11
1	0	0	11
1	0	0	11
1	0	0	11
1	0	0	11
1	0	0	11
1	0	0	11
1	0	0	12
1	0	0	12
1	0	0	12
1	0	0	12
1	0	0	12
1	0	0	12
1	0	0	12
1	0	0	12
1	0	0	12
1	0	0	12
1	0	0	13
1	0	0	13
1	0	0	13
1	0	0	13
1	0	0	13
1	0	0	13
1	0	0	13
1	0	0	13
1	0	0	13
1	0	0	13
1	0	0	14
1	0	0	14
1	0	0	14
1	0	0	14
1	0	0	14
1	0	0	14
1	0	0	14
1	0	0	14
1	0	0	14
1	0	0	14
1	0	0	15
1	0	0	15
1	0	0	15
1	0	0	15
1	0	0	15
1	0	0	15
1	0	0	15
1	0	0	15
1	0	0	15
1	0	0	15
1	0	0	7
1	0	0	16
1	0	0	16
1	0	0	16
1	0	0	16
1	0	0	16
1	0	0	16
1	0	0	16
1	0	0	16
1	0	0	16
1	0	0	16
1	0	0	17
1	0	0	17
1	0	0	17
1	0	0	17
1	0	0	17
1	0	0	17
1	0	0	17
1	0	0	17
1	0	0	17
1	0	0	17
1	0	0	18
1	0	0	18
1	0	0	18
1	0	0	18
1	0	0	18
1	0	0	18
1	0	0	18
1	0	0	18
1	0	0	18
1	0	0	18
1	0	0	19
1	0	0	19
1	0	0	19
1	0	0	19
1	0	0	19
1	0	0	19
1	0	0	19
1	0	0	19
1	0	0	19
1	0	0	19
1	0	0	20
1	0	0	20
1	0	0	20
1	0	0	20
1	0	0	20
1	0	0	20
1	0	0	20
1	0	0	20
1	0	0	20
1	0	0	20
1	0	0	7
1	0	0	7
1	0	0	7
1	0	0	7
1	0	0	5
1	0	0	21
1	0	0	21
1	0	0	21
1	0	0	21
1	0	0	21
1	0	0	21
1	0	0	21
1	0	0	21
1	0	0	21
1	0	0	21
1	0	0	5
1	0	0	5
1	0	0	5
1	0	0	22
1	0	0	22
1	0	0	22
1	0	0	22
1	0	0	22
1	0	0	22
1	0	0	22
1	0	0	22
1	0	0	22
1	0	0	22
1	0	0	5
1	0	0	23
1	0	0	23
1	0	0	23
1	0	0	23
1	0	0	23
1	0	0	23
1	0	0	23
1	0	0	23
1	0	0	23
1	0	0	23
1	0	0	5
1	0	0	24
1	0	0	24
1	0	0	24
1	0	0	24
1	0	0	24
1	0	0	24
1	0	0	24
1	0	0	24
1	0	0	24
1	0	0	24
1	0	0	25
1	0	0	25
1	0	0	25
1	0	0	25
1	0	0	25
1	0	0	25
1	0	0	25
1	0	0	25
1	0	0	25
1	0	0	25
1	0	0	5
1	0	0	3
1	0	0	26
1	0	0	27
1	0	0	27
1	0	0	27
1	0	0	27
1	0	0	27
1	0	0	27
1	0	0	28
1	0	0	28
1	0	0	28
1	0	0	28
1	0	0	28
1	0	0	28
1	0	0	28
1	0	0	28
1	0	0	28
1	0	0	28
1	0	0	29
1	0	0	29
1	0	0	29
1	0	0	29
1	0	0	29
1	0	0	29
1	0	0	3
1	0	0	3
1	0	0	29
1	0	0	29
1	0	0	29
1	0	0	29
1	0	0	30
1	0	0	30
1	0	0	30
1	0	0	30
1	0	0	30
1	0	0	30
1	0	0	30
1	0	0	30
1	0	0	30
1	0	0	30
1	0	0	26
1	0	0	26
1	0	0	26
1	0	0	26
1	0	0	26
1	0	0	26
1	0	0	26
1	0	0	26
1	0	0	26
1	0	0	27
1	0	0	27
1	0	0	27
1	0	0	27
1	0	0	3
1	0	0	3
1	0	0	31
1	0	0	31
1	0	0	31
1	0	0	31
1	0	0	31
1	0	0	31
1	0	0	31
1	0	0	31
1	0	0	31
1	0	0	31
0.1	3	2	1
0.1	5	4	1
0.1	312	311	1
0.1	313	1	1
0.1	10	9	1
0.1	315	8	1
0.1	316	7	1
0.1	317	6	1
0.1	318	314	1
0.1	13	12	2
0.1	320	11	2
0.1	15	14	2
0.1	16	322	2
0.1	17	323	2
0.1	324	321	2
0.1	20	19	2
0.1	326	18	2
0.1	327	325	2
0.1	21	328	3
0.1	329	319	3
0.1	23	22	3
0.1	24	331	3
0.1	25	332	3
0.1	28	27	4
0.1	29	334	4
0.1	335	26	4
0.1	30	336	4
0.1	32	31	4
0.1	33	338	4
0.1	35	34	4
0.1	340	339	4
0.1	341	337	4
0.1	342	333	3
0.1	38	37	5
0.1	344	36	5
0.1	40	39	6
0.1	42	41	6
0.1	347	346	6
0.1	44	43	6
0.1	47	46	6
0.1	350	45	6
0.1	351	349	6
0.1	48	352	6
0.1	353	348	6
0.1	53	52	8
0.1	355	51	8
0.1	54	356	8
0.1	56	55	8
0.1	59	58	8
0.1	60	359	8
0.1	360	57	8
0.1	361	358	8
0.1	362	357	8
0.1	61	363	7
0.1	364	50	7
0.1	63	62	7
0.1	67	66	9
0.1	367	65	9
0.1	69	68	9
0.1	369	368	9
0.1	370	64	9
0.1	71	70	9
0.1	73	72	9
0.1	373	372	9
0.1	374	371	9
0.1	77	76	10
0.1	80	79	10
0.1	377	78	10
0.1	81	378	10
0.1	379	376	10
0.1	82	380	10
0.1	83	381	10
0.1	382	75	10
0.1	383	74	10
0.1	85	84	11
0.1	86	385	11
0.1	89	88	11
0.1	387	87	11
0.1	92	91	11
0.1	389	90	11
0.1	93	390	11
0.1	391	388	11
0.1	392	386	11
0.1	393	384	9
0.1	97	96	12
0.1	99	98	12
0.1	396	395	12
0.1	397	95	12
0.1	398	94	12
0.1	102	101	12
0.1	103	400	12
0.1	401	100	12
0.1	402	399	12
0.1	108	107	13
0.1	109	404	13
0.1	113	112	13
0.1	406	111	13
0.1	407	110	13
0.1	408	405	13
0.1	409	106	13
0.1	410	105	13
0.1	411	104	13
0.1	412	403	12
0.1	413	394	9
0.1	414	375	9
0.1	415	366	7
0.1	117	116	14
0.1	118	417	14
0.1	418	115	14
0.1	419	114	14
0.1	121	120	14
0.1	421	119	14
0.1	123	122	14
0.1	423	422	14
0.1	424	420	14
0.1	126	125	15
0.1	426	124	15
0.1	129	128	15
0.1	132	131	15
0.1	429	130	15
0.1	133	430	15
0.1	431	428	15
0.1	432	127	15
0.1	433	427	15
0.1	434	425	14
0.1	435	416	7
0.1	436	365	7
0.1	437	49	7
0.1	438	354	7
0.1	138	137	16
0.1	139	440	16
0.1	142	141	16
0.1	144	143	16
0.1	443	442	16
0.1	444	140	16
0.1	445	441	16
0.1	446	136	16
0.1	447	135	16
0.1	146	145	17
0.1	151	150	17
0.1	450	149	17
0.1	152	451	17
0.1	452	148	17
0.1	453	147	17
0.1	454	449	17
0.1	154	153	17
0.1	456	455	17
0.1	156	155	18
0.1	159	158	18
0.1	164	163	18
0.1	460	162	18
0.1	461	161	18
0.1	462	160	18
0.1	463	459	18
0.1	464	157	18
0.1	465	458	18
0.1	166	165	19
0.1	167	467	19
0.1	169	168	19
0.1	171	170	19
0.1	174	173	19
0.1	471	172	19
0.1	472	470	19
0.1	473	469	19
0.1	474	468	19
0.1	475	466	19
0.1	476	457	19
0.1	176	175	20
0.1	180	179	20
0.1	479	178	20
0.1	480	177	20
0.1	481	478	20
0.1	182	181	20
0.1	184	183	20
0.1	484	483	20
0.1	485	482	20
0.1	486	477	20
0.1	487	448	20
0.1	186	185	7
0.1	188	187	7
0.1	490	489	7
0.1	491	488	7
0.1	492	134	7
0.1	493	439	7
0.1	193	192	21
0.1	495	191	21
0.1	496	190	21
0.1	195	194	21
0.1	197	196	21
0.1	499	498	21
0.1	500	497	21
0.1	199	198	21
0.1	502	501	21
0.1	503	189	5
0.1	504	494	5
0.1	200	505	5
0.1	506	345	5
0.1	205	204	22
0.1	208	207	22
0.1	210	209	22
0.1	211	510	22
0.1	511	509	22
0.1	212	512	22
0.1	513	206	22
0.1	514	508	22
0.1	515	203	22
0.1	213	516	5
0.1	517	202	5
0.1	518	201	5
0.1	519	507	5
0.1	215	214	23
0.1	219	218	23
0.1	221	220	23
0.1	523	522	23
0.1	524	217	23
0.1	525	216	23
0.1	223	222	23
0.1	527	526	23
0.1	528	521	23
0.1	224	529	5
0.1	227	226	24
0.1	531	225	24
0.1	231	230	24
0.1	533	229	24
0.1	534	228	24
0.1	233	232	24
0.1	536	535	24
0.1	537	532	24
0.1	234	538	24
0.1	237	236	25
0.1	540	235	25
0.1	239	238	25
0.1	241	240	25
0.1	243	242	25
0.1	244	544	25
0.1	545	543	25
0.1	546	542	25
0.1	547	541	25
0.1	548	539	5
0.1	245	549	5
0.1	550	530	5
0.1	551	520	5
0.1	552	343	3
0.1	246	553	3
0.1	554	330	3
0.1	251	250	27
0.1	556	249	27
0.1	557	248	27
0.1	253	252	27
0.1	559	558	27
0.1	256	255	28
0.1	561	254	28
0.1	258	257	28
0.1	261	260	28
0.1	263	262	28
0.1	565	564	28
0.1	566	259	28
0.1	567	563	28
0.1	568	562	28
0.1	264	569	29
0.1	267	266	29
0.1	571	265	29
0.1	572	570	29
0.1	268	573	29
0.1	271	270	3
0.1	275	274	29
0.1	576	273	29
0.1	577	272	29
0.1	578	575	29
0.1	579	269	29
0.1	580	574	29
0.1	581	560	29
0.1	277	276	30
0.1	278	583	30
0.1	281	280	30
0.1	283	282	30
0.1	586	585	30
0.1	587	279	30
0.1	588	584	30
0.1	285	284	30
0.1	590	589	30
0.1	286	591	26
0.1	592	582	26
0.1	288	287	26
0.1	290	289	26
0.1	595	594	26
0.1	292	291	26
0.1	294	293	26
0.1	598	597	26
0.1	599	596	26
0.1	600	593	26
0.1	601	247	26
0.1	296	295	27
0.1	298	297	27
0.1	604	603	27
0.1	605	602	26
0.1	300	299	3
0.1	607	606	3
0.1	305	304	31
0.1	609	303	31
0.1	610	302	31
0.1	307	306	31
0.1	612	611	31
0.1	309	308	31
0.1	614	613	31
0.1	310	615	31
0.1	616	301	31
0.1	617	608	3
0.1	618	555	3
