1	0	0	1
1	0	0	1
1	0	0	1
1	0	0	1
1	0	0	2
1	0	0	2
1	0	0	3
1	0	0	3
1	0	0	3
1	0	0	3
1	0	0	3
1	0	0	3
1	0	0	3
1	0	0	3
1	0	0	3
1	0	0	3
1	0	0	4
1	0	0	4
1	0	0	4
1	0	0	4
1	0	0	4
1	0	0	4
1	0	0	4
1	0	0	4
1	0	0	4
1	0	0	4
1	0	0	2
1	0	0	2
1	0	0	1
1	0	0	1
1	0	0	1
1	0	0	1
1	0	0	1
1	0	0	5
1	0	0	5
1	0	0	1
1	0	0	2
1	0	0	2
1	0	0	2
1	0	0	6
1	0	0	6
1	0	0	6
1	0	0	6
1	0	0	6
1	0	0	6
1	0	0	6
1	0	0	6
1	0	0	6
1	0	0	6
1	0	0	2
1	0	0	7
1	0	0	7
1	0	0	7
1	0	0	7
1	0	0	7
1	0	0	7
1	0	0	7
1	0	0	7
1	0	0	7
1	0	0	7
1	0	0	2
1	0	0	2
1	0	0	5
1	0	0	5
1	0	0	5
1	0	0	8
1	0	0	8
1	0	0	8
1	0	0	9
1	0	0	10
1	0	0	10
1	0	0	10
1	0	0	10
1	0	0	10
1	0	0	10
1	0	0	10
1	0	0	10
1	0	0	8
1	0	0	10
1	0	0	10
1	0	0	9
1	0	0	9
1	0	0	9
1	0	0	9
1	0	0	9
1	0	0	9
1	0	0	9
1	0	0	9
1	0	0	9
1	0	0	8
1	0	0	8
1	0	0	8
1	0	0	8
1	0	0	8
1	0	0	8
1	0	0	11
1	0	0	11
1	0	0	11
1	0	0	11
1	0	0	11
1	0	0	11
1	0	0	11
1	0	0	11
1	0	0	11
1	0	0	11
1	0	0	12
1	0	0	12
1	0	0	12
1	0	0	12
1	0	0	13
1	0	0	13
1	0	0	13
1	0	0	13
1	0	0	13
1	0	0	13
1	0	0	13
1	0	0	13
1	0	0	14
1	0	0	14
1	0	0	14
1	0	0	14
1	0	0	14
1	0	0	14
1	0	0	14
1	0	0	14
1	0	0	14
1	0	0	14
1	0	0	15
1	0	0	15
1	0	0	15
1	0	0	15
1	0	0	15
1	0	0	15
1	0	0	15
1	0	0	15
1	0	0	15
1	0	0	15
1	0	0	16
1	0	0	16
1	0	0	16
1	0	0	16
1	0	0	16
1	0	0	16
1	0	0	16
1	0	0	16
1	0	0	16
1	0	0	16
1	0	0	13
1	0	0	13
1	0	0	12
1	0	0	17
1	0	0	17
1	0	0	17
1	0	0	17
1	0	0	17
1	0	0	17
1	0	0	18
1	0	0	18
1	0	0	18
1	0	0	18
1	0	0	18
1	0	0	18
1	0	0	18
1	0	0	18
1	0	0	18
1	0	0	18
1	0	0	17
1	0	0	17
1	0	0	17
1	0	0	17
1	0	0	12
1	0	0	12
1	0	0	12
1	0	0	12
1	0	0	12
1	0	0	19
1	0	0	20
1	0	0	20
1	0	0	20
1	0	0	20
1	0	0	20
1	0	0	20
1	0	0	20
1	0	0	20
1	0	0	20
1	0	0	20
1	0	0	19
1	0	0	19
1	0	0	19
1	0	0	19
1	0	0	19
1	0	0	19
1	0	0	19
1	0	0	19
1	0	0	21
1	0	0	21
1	0	0	21
1	0	0	21
1	0	0	21
1	0	0	21
1	0	0	21
1	0	0	21
1	0	0	21
1	0	0	21
1	0	0	22
1	0	0	22
1	0	0	22
1	0	0	22
1	0	0	22
1	0	0	23
1	0	0	23
1	0	0	23
1	0	0	23
1	0	0	23
1	0	0	23
1	0	0	23
1	0	0	23
1	0	0	23
1	0	0	23
1	0	0	22
1	0	0	22
1	0	0	22
1	0	0	22
1	0	0	22
1	0	0	24
1	0	0	24
1	0	0	24
1	0	0	24
1	0	0	24
1	0	0	24
1	0	0	24
1	0	0	24
1	0	0	24
1	0	0	24
1	0	0	5
1	0	0	19
1	0	0	5
1	0	0	25
1	0	0	25
1	0	0	25
1	0	0	25
1	0	0	25
1	0	0	25
1	0	0	25
1	0	0	25
1	0	0	26
1	0	0	26
1	0	0	26
1	0	0	26
1	0	0	26
1	0	0	26
1	0	0	26
1	0	0	26
1	0	0	26
1	0	0	26
1	0	0	27
1	0	0	27
1	0	0	27
1	0	0	27
1	0	0	27
1	0	0	27
1	0	0	27
1	0	0	27
1	0	0	27
1	0	0	28
1	0	0	28
1	0	0	28
1	0	0	28
1	0	0	28
1	0	0	28
1	0	0	28
1	0	0	28
1	0	0	28
1	0	0	28
1	0	0	27
1	0	0	5
1	0	0	25
1	0	0	25
1	0	0	5
1	0	0	5
1	0	0	29
1	0	0	29
1	0	0	29
1	0	0	29
1	0	0	29
1	0	0	30
1	0	0	30
1	0	0	30
1	0	0	30
1	0	0	30
1	0	0	30
1	0	0	30
1	0	0	30
1	0	0	30
1	0	0	30
1	0	0	29
1	0	0	31
1	0	0	31
1	0	0	31
1	0	0	31
1	0	0	31
1	0	0	31
1	0	0	31
1	0	0	31
1	0	0	31
1	0	0	31
1	0	0	32
1	0	0	32
1	0	0	32
1	0	0	32
1	0	0	33
1	0	0	33
1	0	0	33
1	0	0	33
1	0	0	33
1	0	0	33
1	0	0	33
1	0	0	33
1	0	0	33
1	0	0	33
1	0	0	32
1	0	0	32
1	0	0	32
1	0	0	32
1	0	0	29
1	0	0	29
1	0	0	29
1	0	0	29
1	0	0	32
1	0	0	32
0.1	3	2	1
0.1	331	1	1
0.1	4	332	1
0.1	9	8	3
0.1	334	7	3
0.1	11	10	3
0.1	14	13	3
0.1	337	12	3
0.1	338	336	3
0.1	339	335	3
0.1	16	15	3
0.1	341	340	3
0.1	20	19	4
0.1	21	343	4
0.1	22	344	4
0.1	345	18	4
0.1	346	17	4
0.1	347	342	4
0.1	24	23	4
0.1	349	348	4
0.1	26	25	4
0.1	351	350	4
0.1	33	32	1
0.1	35	34	5
0.1	36	354	1
0.1	355	353	1
0.1	356	31	1
0.1	357	30	1
0.1	358	29	1
0.1	359	28	2
0.1	360	27	2
0.1	361	352	2
0.1	38	37	2
0.1	41	40	6
0.1	43	42	6
0.1	365	364	6
0.1	47	46	6
0.1	367	45	6
0.1	49	48	6
0.1	369	368	6
0.1	370	44	6
0.1	371	366	6
0.1	372	39	2
0.1	373	363	2
0.1	374	362	2
0.1	53	52	7
0.1	57	56	7
0.1	377	55	7
0.1	58	378	7
0.1	379	54	7
0.1	380	376	7
0.1	60	59	7
0.1	382	381	7
0.1	383	51	7
0.1	384	50	2
0.1	62	61	2
0.1	386	385	2
0.1	387	375	2
0.1	388	6	2
0.1	389	5	2
0.1	390	333	2
0.1	64	63	5
0.1	65	392	5
0.1	67	66	8
0.1	68	394	8
0.1	72	71	10
0.1	73	396	10
0.1	76	75	10
0.1	398	74	10
0.1	77	399	10
0.1	400	397	10
0.1	79	78	10
0.1	80	402	10
0.1	403	401	10
0.1	404	70	10
0.1	82	81	9
0.1	406	405	9
0.1	83	407	9
0.1	408	69	9
0.1	85	84	9
0.1	88	87	9
0.1	411	86	9
0.1	89	412	9
0.1	413	410	9
0.1	414	409	9
0.1	90	415	8
0.1	94	93	8
0.1	417	92	8
0.1	418	91	8
0.1	419	416	8
0.1	95	420	8
0.1	421	395	8
0.1	99	98	11
0.1	423	97	11
0.1	424	96	11
0.1	102	101	11
0.1	104	103	11
0.1	427	426	11
0.1	428	100	11
0.1	105	429	11
0.1	430	425	11
0.1	108	107	12
0.1	432	106	12
0.1	433	431	12
0.1	113	112	13
0.1	435	111	13
0.1	436	110	13
0.1	116	115	13
0.1	438	114	13
0.1	439	437	13
0.1	117	440	13
0.1	441	109	12
0.1	120	119	14
0.1	122	121	14
0.1	444	443	14
0.1	125	124	14
0.1	446	123	14
0.1	127	126	14
0.1	448	447	14
0.1	449	445	14
0.1	450	118	14
0.1	132	131	15
0.1	133	452	15
0.1	453	130	15
0.1	454	129	15
0.1	455	128	15
0.1	135	134	15
0.1	137	136	15
0.1	142	141	16
0.1	147	146	16
0.1	460	145	16
0.1	461	144	16
0.1	462	143	16
0.1	463	459	16
0.1	464	140	16
0.1	465	139	16
0.1	466	138	16
0.1	467	458	15
0.1	468	457	15
0.1	469	456	15
0.1	470	451	14
0.1	149	148	13
0.1	472	471	12
0.1	473	442	12
0.1	150	474	12
0.1	152	151	17
0.1	158	157	18
0.1	162	161	18
0.1	165	164	18
0.1	479	163	18
0.1	166	480	18
0.1	481	478	18
0.1	482	160	18
0.1	483	159	18
0.1	484	477	18
0.1	169	168	17
0.1	486	167	17
0.1	487	485	17
0.1	488	156	17
0.1	489	155	17
0.1	490	154	17
0.1	491	153	17
0.1	492	476	17
0.1	170	493	17
0.1	171	494	12
0.1	172	495	12
0.1	496	475	12
0.1	175	174	12
0.1	498	173	12
0.1	499	497	12
0.1	500	434	12
0.1	180	179	20
0.1	183	182	20
0.1	503	181	20
0.1	184	504	20
0.1	186	185	20
0.1	506	505	20
0.1	507	502	20
0.1	508	178	20
0.1	509	177	20
0.1	187	510	19
0.1	189	188	19
0.1	512	511	19
0.1	191	190	19
0.1	193	192	19
0.1	515	514	19
0.1	516	513	19
0.1	194	517	19
0.1	518	176	19
0.1	519	501	12
0.1	520	422	12
0.1	521	393	5
0.1	522	391	5
0.1	196	195	21
0.1	198	197	21
0.1	525	524	21
0.1	202	201	21
0.1	203	527	21
0.1	204	528	21
0.1	529	200	21
0.1	530	199	21
0.1	531	526	21
0.1	206	205	22
0.1	208	207	22
0.1	534	533	22
0.1	211	210	23
0.1	214	213	23
0.1	537	212	23
0.1	215	538	23
0.1	219	218	23
0.1	540	217	23
0.1	541	216	23
0.1	542	539	23
0.1	543	536	23
0.1	544	209	22
0.1	545	535	22
0.1	222	221	22
0.1	547	220	22
0.1	224	223	22
0.1	549	548	22
0.1	550	546	22
0.1	227	226	24
0.1	552	225	24
0.1	229	228	24
0.1	554	553	24
0.1	230	555	24
0.1	556	551	24
0.1	232	231	24
0.1	233	558	24
0.1	234	559	24
0.1	560	557	24
0.1	561	532	21
0.1	235	562	5
0.1	236	563	5
0.1	239	238	25
0.1	242	241	25
0.1	566	240	25
0.1	244	243	25
0.1	568	567	25
0.1	248	247	26
0.1	250	249	26
0.1	571	570	26
0.1	572	246	26
0.1	251	573	26
0.1	254	253	26
0.1	575	252	26
0.1	576	574	26
0.1	255	577	26
0.1	578	245	25
0.1	260	259	27
0.1	580	258	27
0.1	264	263	27
0.1	582	262	27
0.1	583	261	27
0.1	584	581	27
0.1	266	265	28
0.1	268	267	28
0.1	270	269	28
0.1	271	588	28
0.1	589	587	28
0.1	273	272	28
0.1	591	590	28
0.1	592	586	28
0.1	274	593	28
0.1	594	585	27
0.1	275	595	27
0.1	596	257	27
0.1	597	256	27
0.1	277	276	25
0.1	599	598	25
0.1	600	579	25
0.1	601	569	25
0.1	278	602	25
0.1	603	565	25
0.1	280	279	5
0.1	605	604	5
0.1	606	237	5
0.1	284	283	29
0.1	285	608	29
0.1	609	282	29
0.1	287	286	30
0.1	292	291	30
0.1	612	290	30
0.1	613	289	30
0.1	294	293	30
0.1	615	614	30
0.1	616	288	30
0.1	295	617	30
0.1	618	611	30
0.1	296	619	29
0.1	300	299	31
0.1	302	301	31
0.1	622	621	31
0.1	303	623	31
0.1	624	298	31
0.1	305	304	31
0.1	306	626	31
0.1	627	625	31
0.1	628	297	31
0.1	629	620	29
0.1	630	610	29
0.1	631	281	29
0.1	313	312	33
0.1	317	316	33
0.1	319	318	33
0.1	320	635	33
0.1	636	634	33
0.1	637	315	33
0.1	638	314	33
0.1	639	633	33
0.1	640	311	33
0.1	641	310	32
0.1	642	309	32
0.1	643	308	32
0.1	321	644	32
0.1	645	307	32
0.1	324	323	32
0.1	647	322	32
0.1	648	646	32
0.1	649	632	32
0.1	326	325	29
0.1	328	327	29
0.1	652	651	29
0.1	330	329	32
0.1	654	653	32
0.1	655	650	32
0.1	656	607	5
0.1	657	564	5
0.1	658	523	5
