1	0	0	1
1	0	0	2
1	0	0	2
1	0	0	2
1	0	0	2
1	0	0	2
1	0	0	2
1	0	0	2
1	0	0	2
1	0	0	2
1	0	0	2
1	0	0	1
1	0	0	3
1	0	0	3
1	0	0	3
1	0	0	3
1	0	0	3
1	0	0	3
1	0	0	3
1	0	0	3
1	0	0	3
1	0	0	3
1	0	0	4
1	0	0	4
1	0	0	4
1	0	0	4
1	0	0	4
1	0	0	4
1	0	0	4
1	0	0	4
1	0	0	4
1	0	0	4
1	0	0	5
1	0	0	5
1	0	0	6
1	0	0	6
1	0	0	6
1	0	0	6
1	0	0	7
1	0	0	7
1	0	0	7
1	0	0	8
1	0	0	8
1	0	0	8
1	0	0	8
1	0	0	8
1	0	0	8
1	0	0	8
1	0	0	8
1	0	0	8
1	0	0	8
1	0	0	7
1	0	0	7
1	0	0	7
1	0	0	7
1	0	0	7
1	0	0	7
1	0	0	7
1	0	0	9
1	0	0	9
1	0	0	9
1	0	0	9
1	0	0	9
1	0	0	9
1	0	0	9
1	0	0	9
1	0	0	9
1	0	0	9
1	0	0	10
1	0	0	10
1	0	0	10
1	0	0	10
1	0	0	10
1	0	0	10
1	0	0	10
1	0	0	10
1	0	0	10
1	0	0	10
1	0	0	11
1	0	0	11
1	0	0	11
1	0	0	11
1	0	0	11
1	0	0	11
1	0	0	11
1	0	0	11
1	0	0	11
1	0	0	11
1	0	0	6
1	0	0	6
1	0	0	6
1	0	0	6
1	0	0	6
1	0	0	6
1	0	0	12
1	0	0	12
1	0	0	12
1	0	0	12
1	0	0	12
1	0	0	12
1	0	0	12
1	0	0	12
1	0	0	12
1	0	0	12
1	0	0	5
1	0	0	5
1	0	0	5
1	0	0	13
1	0	0	13
1	0	0	13
1	0	0	14
1	0	0	14
1	0	0	14
1	0	0	14
1	0	0	14
1	0	0	14
1	0	0	14
1	0	0	14
1	0	0	14
1	0	0	14
1	0	0	15
1	0	0	15
1	0	0	16
1	0	0	15
1	0	0	15
1	0	0	15
1	0	0	15
1	0	0	15
1	0	0	15
1	0	0	16
1	0	0	16
1	0	0	16
1	0	0	16
1	0	0	16
1	0	0	16
1	0	0	16
1	0	0	16
1	0	0	16
1	0	0	15
1	0	0	15
1	0	0	17
1	0	0	17
1	0	0	17
1	0	0	13
1	0	0	18
1	0	0	18
1	0	0	18
1	0	0	18
1	0	0	18
1	0	0	18
1	0	0	18
1	0	0	18
1	0	0	18
1	0	0	18
1	0	0	19
1	0	0	19
1	0	0	19
1	0	0	19
1	0	0	19
1	0	0	19
1	0	0	19
1	0	0	19
1	0	0	19
1	0	0	19
1	0	0	13
1	0	0	20
1	0	0	20
1	0	0	20
1	0	0	20
1	0	0	20
1	0	0	20
1	0	0	20
1	0	0	20
1	0	0	20
1	0	0	21
1	0	0	21
1	0	0	21
1	0	0	21
1	0	0	21
1	0	0	21
1	0	0	21
1	0	0	21
1	0	0	21
1	0	0	21
1	0	0	22
1	0	0	23
1	0	0	23
1	0	0	23
1	0	0	23
1	0	0	23
1	0	0	23
1	0	0	24
1	0	0	24
1	0	0	24
1	0	0	24
1	0	0	24
1	0	0	24
1	0	0	24
1	0	0	24
1	0	0	24
1	0	0	24
1	0	0	22
1	0	0	22
1	0	0	20
1	0	0	23
1	0	0	23
1	0	0	23
1	0	0	13
1	0	0	13
1	0	0	17
1	0	0	17
1	0	0	17
1	0	0	17
1	0	0	17
1	0	0	17
1	0	0	17
1	0	0	13
1	0	0	13
1	0	0	23
1	0	0	13
1	0	0	25
1	0	0	25
1	0	0	25
1	0	0	25
1	0	0	25
1	0	0	25
1	0	0	25
1	0	0	25
1	0	0	25
1	0	0	25
1	0	0	26
1	0	0	26
1	0	0	26
1	0	0	26
1	0	0	26
1	0	0	26
1	0	0	26
1	0	0	26
1	0	0	26
1	0	0	26
1	0	0	27
1	0	0	27
1	0	0	27
1	0	0	27
1	0	0	27
1	0	0	27
1	0	0	27
1	0	0	27
1	0	0	27
1	0	0	27
1	0	0	5
1	0	0	22
1	0	0	22
1	0	0	22
1	0	0	28
1	0	0	28
1	0	0	28
1	0	0	28
1	0	0	28
1	0	0	28
1	0	0	28
1	0	0	28
1	0	0	28
1	0	0	28
1	0	0	22
1	0	0	22
1	0	0	29
1	0	0	29
1	0	0	29
1	0	0	29
1	0	0	29
1	0	0	29
1	0	0	29
1	0	0	29
1	0	0	29
1	0	0	29
1	0	0	22
1	0	0	22
1	0	0	30
1	0	0	30
1	0	0	30
1	0	0	30
1	0	0	30
1	0	0	30
1	0	0	30
1	0	0	30
1	0	0	30
1	0	0	30
1	0	0	31
1	0	0	5
1	0	0	31
1	0	0	32
1	0	0	32
1	0	0	32
1	0	0	32
1	0	0	32
1	0	0	32
1	0	0	32
1	0	0	32
1	0	0	32
1	0	0	32
1	0	0	31
1	0	0	31
1	0	0	31
1	0	0	31
1	0	0	31
1	0	0	31
1	0	0	31
1	0	0	5
1	0	0	31
1	0	0	5
1	0	0	5
1	0	0	33
1	0	0	33
1	0	0	33
1	0	0	33
1	0	0	33
1	0	0	33
1	0	0	33
1	0	0	33
1	0	0	33
1	0	0	33
1	0	0	34
1	0	0	34
1	0	0	34
1	0	0	34
1	0	0	34
1	0	0	34
1	0	0	34
1	0	0	34
1	0	0	34
1	0	0	34
1	0	0	1
1	0	0	35
1	0	0	35
1	0	0	35
1	0	0	35
1	0	0	35
1	0	0	35
1	0	0	35
1	0	0	35
1	0	0	35
1	0	0	35
1	0	0	1
1	0	0	1
1	0	0	1
1	0	0	1
1	0	0	36
1	0	0	37
1	0	0	37
1	0	0	37
1	0	0	36
1	0	0	38
1	0	0	38
1	0	0	38
1	0	0	38
1	0	0	38
1	0	0	38
1	0	0	38
1	0	0	37
1	0	0	37
1	0	0	37
1	0	0	37
1	0	0	37
1	0	0	37
1	0	0	37
1	0	0	39
1	0	0	39
1	0	0	39
1	0	0	39
1	0	0	39
1	0	0	39
1	0	0	39
1	0	0	39
1	0	0	39
1	0	0	39
1	0	0	36
1	0	0	40
1	0	0	40
1	0	0	40
1	0	0	40
1	0	0	40
1	0	0	40
1	0	0	40
1	0	0	40
1	0	0	40
1	0	0	40
1	0	0	36
1	0	0	36
1	0	0	36
1	0	0	38
1	0	0	38
1	0	0	38
1	0	0	36
1	0	0	36
1	0	0	36
1	0	0	36
1	0	0	1
1	0	0	1
1	0	0	41
1	0	0	41
1	0	0	41
1	0	0	41
1	0	0	41
1	0	0	41
1	0	0	41
1	0	0	41
1	0	0	41
1	0	0	41
1	0	0	1
1	0	0	42
1	0	0	42
1	0	0	42
1	0	0	42
1	0	0	42
1	0	0	42
1	0	0	42
1	0	0	42
1	0	0	42
1	0	0	42
0.1	3	2	2
0.1	4	421	2
0.1	5	422	2
0.1	8	7	2
0.1	9	424	2
0.1	10	425	2
0.1	11	426	2
0.1	427	6	2
0.1	428	423	2
0.1	429	1	1
0.1	12	430	1
0.1	14	13	3
0.1	17	16	3
0.1	433	15	3
0.1	20	19	3
0.1	435	18	3
0.1	21	436	3
0.1	437	434	3
0.1	22	438	3
0.1	439	432	3
0.1	24	23	4
0.1	26	25	4
0.1	27	442	4
0.1	29	28	4
0.1	444	443	4
0.1	445	441	4
0.1	30	446	4
0.1	31	447	4
0.1	32	448	4
0.1	34	33	5
0.1	450	449	5
0.1	38	37	6
0.1	41	40	7
0.1	43	42	8
0.1	45	44	8
0.1	51	50	8
0.1	456	49	8
0.1	457	48	8
0.1	458	47	8
0.1	459	46	8
0.1	460	455	8
0.1	461	454	8
0.1	462	453	7
0.1	52	463	7
0.1	464	39	7
0.1	55	54	7
0.1	466	53	7
0.1	60	59	9
0.1	62	61	9
0.1	469	468	9
0.1	67	66	9
0.1	471	65	9
0.1	472	64	9
0.1	68	473	9
0.1	474	63	9
0.1	475	470	9
0.1	476	58	7
0.1	477	57	7
0.1	478	56	7
0.1	479	467	7
0.1	71	70	10
0.1	74	73	10
0.1	76	75	10
0.1	77	483	10
0.1	78	484	10
0.1	485	482	10
0.1	486	72	10
0.1	487	481	10
0.1	488	69	10
0.1	489	480	7
0.1	80	79	11
0.1	84	83	11
0.1	492	82	11
0.1	493	81	11
0.1	494	491	11
0.1	87	86	11
0.1	496	85	11
0.1	88	497	11
0.1	498	495	11
0.1	499	490	7
0.1	500	465	7
0.1	91	90	6
0.1	502	89	6
0.1	92	503	6
0.1	504	501	6
0.1	97	96	12
0.1	98	506	12
0.1	101	100	12
0.1	508	99	12
0.1	509	507	12
0.1	102	510	12
0.1	104	103	12
0.1	512	511	12
0.1	513	95	12
0.1	514	94	6
0.1	515	93	6
0.1	516	505	6
0.1	517	452	6
0.1	518	36	6
0.1	519	35	6
0.1	107	106	5
0.1	521	105	5
0.1	522	520	5
0.1	523	451	5
0.1	110	109	13
0.1	525	108	13
0.1	115	114	14
0.1	527	113	14
0.1	528	112	14
0.1	529	111	14
0.1	117	116	14
0.1	120	119	14
0.1	532	118	14
0.1	533	531	14
0.1	534	530	14
0.1	122	121	15
0.1	536	535	15
0.1	125	124	15
0.1	127	126	15
0.1	539	538	15
0.1	129	128	15
0.1	541	540	15
0.1	131	130	16
0.1	543	542	16
0.1	544	123	16
0.1	134	133	16
0.1	546	132	16
0.1	547	545	16
0.1	138	137	16
0.1	549	136	16
0.1	550	135	16
0.1	551	548	16
0.1	140	139	15
0.1	142	141	17
0.1	143	554	17
0.1	555	553	15
0.1	556	552	15
0.1	557	537	15
0.1	147	146	18
0.1	148	559	18
0.1	149	560	18
0.1	150	561	18
0.1	154	153	18
0.1	563	152	18
0.1	564	151	18
0.1	565	562	18
0.1	156	155	19
0.1	157	567	19
0.1	159	158	19
0.1	160	569	19
0.1	570	568	19
0.1	162	161	19
0.1	572	571	19
0.1	164	163	19
0.1	574	573	19
0.1	575	566	18
0.1	576	145	18
0.1	577	144	13
0.1	578	558	13
0.1	579	526	13
0.1	165	580	13
0.1	171	170	20
0.1	582	169	20
0.1	583	168	20
0.1	584	167	20
0.1	173	172	20
0.1	174	586	20
0.1	587	585	20
0.1	588	166	20
0.1	178	177	21
0.1	183	182	21
0.1	591	181	21
0.1	592	180	21
0.1	593	179	21
0.1	184	594	21
0.1	595	590	21
0.1	596	176	21
0.1	597	175	21
0.1	185	598	22
0.1	189	188	23
0.1	190	600	23
0.1	601	187	23
0.1	602	186	23
0.1	191	603	23
0.1	196	195	24
0.1	605	194	24
0.1	198	197	24
0.1	199	607	24
0.1	608	606	24
0.1	201	200	24
0.1	610	609	24
0.1	611	193	24
0.1	612	192	24
0.1	613	604	23
0.1	614	599	22
0.1	203	202	22
0.1	616	615	22
0.1	204	617	20
0.1	618	589	20
0.1	207	206	23
0.1	620	205	23
0.1	211	210	17
0.1	215	214	17
0.1	623	213	17
0.1	216	624	17
0.1	625	212	17
0.1	626	622	17
0.1	217	627	13
0.1	218	628	13
0.1	629	209	13
0.1	630	208	13
0.1	631	621	13
0.1	220	219	13
0.1	223	222	25
0.1	224	634	25
0.1	635	221	25
0.1	227	226	25
0.1	637	225	25
0.1	230	229	25
0.1	639	228	25
0.1	640	638	25
0.1	641	636	25
0.1	233	232	26
0.1	643	231	26
0.1	236	235	26
0.1	237	645	26
0.1	646	234	26
0.1	238	647	26
0.1	239	648	26
0.1	240	649	26
0.1	650	644	26
0.1	242	241	27
0.1	243	652	27
0.1	247	246	27
0.1	249	248	27
0.1	655	654	27
0.1	250	656	27
0.1	657	245	27
0.1	658	244	27
0.1	659	653	27
0.1	660	651	27
0.1	251	661	27
0.1	662	642	27
0.1	254	253	22
0.1	257	256	28
0.1	259	258	28
0.1	262	261	28
0.1	667	260	28
0.1	264	263	28
0.1	669	668	28
0.1	670	666	28
0.1	671	665	28
0.1	672	255	28
0.1	673	664	22
0.1	674	252	22
0.1	270	269	29
0.1	676	268	29
0.1	677	267	29
0.1	272	271	29
0.1	274	273	29
0.1	275	680	29
0.1	276	681	29
0.1	682	679	29
0.1	683	678	29
0.1	277	684	22
0.1	278	685	22
0.1	686	266	22
0.1	281	280	30
0.1	283	282	30
0.1	689	688	30
0.1	690	279	30
0.1	286	285	30
0.1	288	287	30
0.1	693	692	30
0.1	694	284	30
0.1	695	691	30
0.1	696	687	22
0.1	697	265	22
0.1	698	675	22
0.1	699	663	22
0.1	700	633	13
0.1	701	632	13
0.1	702	619	13
0.1	703	581	13
0.1	291	290	31
0.1	295	294	32
0.1	296	706	32
0.1	300	299	32
0.1	708	298	32
0.1	709	297	32
0.1	710	707	32
0.1	711	293	32
0.1	301	712	32
0.1	713	292	32
0.1	303	302	31
0.1	715	714	31
0.1	716	705	31
0.1	717	289	31
0.1	306	305	31
0.1	308	307	31
0.1	720	719	31
0.1	721	304	31
0.1	722	718	31
0.1	312	311	5
0.1	314	313	33
0.1	316	315	33
0.1	318	317	33
0.1	727	726	33
0.1	322	321	33
0.1	729	320	33
0.1	730	319	33
0.1	731	728	33
0.1	732	725	33
0.1	733	724	5
0.1	326	325	34
0.1	735	324	34
0.1	328	327	34
0.1	329	737	34
0.1	738	736	34
0.1	739	323	34
0.1	331	330	34
0.1	332	741	34
0.1	742	740	34
0.1	743	734	5
0.1	744	310	5
0.1	745	309	5
0.1	746	723	5
0.1	747	704	5
0.1	748	524	5
0.1	749	440	1
0.1	750	431	1
0.1	339	338	35
0.1	752	337	35
0.1	341	340	35
0.1	754	753	35
0.1	343	342	35
0.1	756	755	35
0.1	757	336	35
0.1	758	335	35
0.1	759	334	35
0.1	344	760	1
0.1	355	354	38
0.1	762	353	38
0.1	357	356	38
0.1	764	763	38
0.1	358	765	38
0.1	359	766	38
0.1	361	360	37
0.1	768	767	37
0.1	362	769	37
0.1	365	364	37
0.1	771	363	37
0.1	772	770	37
0.1	369	368	39
0.1	373	372	39
0.1	775	371	39
0.1	776	370	39
0.1	777	774	39
0.1	376	375	39
0.1	779	374	39
0.1	780	778	39
0.1	781	367	39
0.1	377	782	36
0.1	783	366	37
0.1	784	773	37
0.1	785	352	37
0.1	786	351	37
0.1	787	350	37
0.1	788	349	37
0.1	379	378	40
0.1	381	380	40
0.1	383	382	40
0.1	387	386	40
0.1	793	385	40
0.1	794	384	40
0.1	795	792	40
0.1	796	791	40
0.1	797	790	40
0.1	389	388	36
0.1	799	798	36
0.1	390	800	36
0.1	393	392	38
0.1	802	391	38
0.1	394	803	36
0.1	804	801	36
0.1	805	789	36
0.1	396	395	36
0.1	807	806	36
0.1	397	808	36
0.1	809	348	36
0.1	399	398	1
0.1	811	810	1
0.1	812	347	1
0.1	813	346	1
0.1	402	401	41
0.1	403	815	41
0.1	404	816	41
0.1	405	817	41
0.1	407	406	41
0.1	409	408	41
0.1	820	819	41
0.1	821	818	41
0.1	822	400	41
0.1	410	823	1
0.1	824	814	1
0.1	825	345	1
0.1	414	413	42
0.1	827	412	42
0.1	417	416	42
0.1	829	415	42
0.1	830	828	42
0.1	831	411	42
0.1	420	419	42
0.1	833	418	42
0.1	834	832	42
0.1	835	826	1
0.1	836	761	1
0.1	837	333	1
0.1	838	751	1
