1	0	0	1
1	0	0	1
1	0	0	1
1	0	0	1
1	0	0	1
1	0	0	1
1	0	0	1
1	0	0	1
1	0	0	1
1	0	0	1
1	0	0	2
1	0	0	2
1	0	0	2
1	0	0	2
1	0	0	2
1	0	0	2
1	0	0	2
1	0	0	2
1	0	0	3
1	0	0	3
1	0	0	3
1	0	0	3
1	0	0	3
1	0	0	3
1	0	0	2
1	0	0	3
1	0	0	3
1	0	0	3
1	0	0	3
1	0	0	2
1	0	0	4
1	0	0	5
1	0	0	5
1	0	0	5
1	0	0	5
1	0	0	5
1	0	0	5
1	0	0	5
1	0	0	5
1	0	0	5
1	0	0	5
1	0	0	4
1	0	0	4
1	0	0	6
1	0	0	6
1	0	0	6
1	0	0	6
1	0	0	6
1	0	0	6
1	0	0	7
1	0	0	7
1	0	0	7
1	0	0	7
1	0	0	7
1	0	0	7
1	0	0	7
1	0	0	8
1	0	0	8
1	0	0	8
1	0	0	8
1	0	0	8
1	0	0	8
1	0	0	8
1	0	0	8
1	0	0	8
1	0	0	8
1	0	0	7
1	0	0	7
1	0	0	7
1	0	0	6
1	0	0	6
1	0	0	6
1	0	0	6
1	0	0	4
1	0	0	9
1	0	0	9
1	0	0	9
1	0	0	9
1	0	0	9
1	0	0	9
1	0	0	9
1	0	0	9
1	0	0	9
1	0	0	9
1	0	0	4
1	0	0	4
1	0	0	10
1	0	0	10
1	0	0	10
1	0	0	10
1	0	0	10
1	0	0	10
1	0	0	10
1	0	0	10
1	0	0	10
1	0	0	10
1	0	0	4
1	0	0	11
1	0	0	11
1	0	0	11
1	0	0	11
1	0	0	12
1	0	0	12
1	0	0	12
1	0	0	12
1	0	0	12
1	0	0	12
1	0	0	12
1	0	0	12
1	0	0	12
1	0	0	12
1	0	0	11
1	0	0	11
1	0	0	11
1	0	0	11
1	0	0	11
1	0	0	11
1	0	0	13
1	0	0	13
1	0	0	13
1	0	0	13
1	0	0	13
1	0	0	13
1	0	0	13
1	0	0	13
1	0	0	13
1	0	0	13
1	0	0	4
1	0	0	14
1	0	0	14
1	0	0	14
1	0	0	14
1	0	0	14
1	0	0	14
1	0	0	14
1	0	0	14
1	0	0	14
1	0	0	14
1	0	0	15
1	0	0	15
1	0	0	15
1	0	0	15
1	0	0	15
1	0	0	16
1	0	0	16
1	0	0	16
1	0	0	16
1	0	0	16
1	0	0	16
1	0	0	16
1	0	0	16
1	0	0	16
1	0	0	16
1	0	0	15
1	0	0	15
1	0	0	15
1	0	0	15
1	0	0	17
1	0	0	17
1	0	0	17
1	0	0	17
1	0	0	17
1	0	0	17
1	0	0	17
1	0	0	17
1	0	0	17
1	0	0	17
1	0	0	15
1	0	0	18
1	0	0	18
1	0	0	18
1	0	0	18
1	0	0	18
1	0	0	18
1	0	0	18
1	0	0	18
1	0	0	18
1	0	0	18
1	0	0	4
1	0	0	4
1	0	0	19
1	0	0	20
1	0	0	21
1	0	0	21
1	0	0	21
1	0	0	21
1	0	0	21
1	0	0	21
1	0	0	21
1	0	0	21
1	0	0	21
1	0	0	20
1	0	0	20
1	0	0	21
1	0	0	20
1	0	0	20
1	0	0	20
1	0	0	20
1	0	0	22
1	0	0	20
1	0	0	22
1	0	0	22
1	0	0	22
1	0	0	22
1	0	0	22
1	0	0	22
1	0	0	22
1	0	0	22
1	0	0	22
1	0	0	20
1	0	0	20
1	0	0	23
1	0	0	23
1	0	0	23
1	0	0	23
1	0	0	23
1	0	0	23
1	0	0	23
1	0	0	23
1	0	0	23
1	0	0	23
1	0	0	24
1	0	0	24
1	0	0	24
1	0	0	24
1	0	0	24
1	0	0	24
1	0	0	24
1	0	0	24
1	0	0	24
1	0	0	24
1	0	0	25
1	0	0	25
1	0	0	25
1	0	0	25
1	0	0	25
1	0	0	25
1	0	0	25
1	0	0	25
1	0	0	25
1	0	0	26
1	0	0	26
1	0	0	26
1	0	0	26
1	0	0	26
1	0	0	26
1	0	0	26
1	0	0	26
1	0	0	26
1	0	0	27
1	0	0	28
1	0	0	28
1	0	0	28
1	0	0	28
1	0	0	28
1	0	0	28
1	0	0	28
1	0	0	28
1	0	0	28
1	0	0	28
1	0	0	27
1	0	0	27
1	0	0	27
1	0	0	27
1	0	0	27
1	0	0	27
1	0	0	27
1	0	0	27
1	0	0	27
1	0	0	26
1	0	0	25
1	0	0	19
1	0	0	19
1	0	0	19
1	0	0	19
1	0	0	19
1	0	0	19
1	0	0	19
1	0	0	19
1	0	0	29
1	0	0	29
1	0	0	29
1	0	0	29
1	0	0	29
1	0	0	29
1	0	0	29
1	0	0	29
1	0	0	29
1	0	0	29
1	0	0	30
1	0	0	30
1	0	0	30
1	0	0	30
1	0	0	30
1	0	0	30
1	0	0	30
1	0	0	30
1	0	0	30
1	0	0	30
1	0	0	31
1	0	0	31
1	0	0	31
1	0	0	31
1	0	0	31
1	0	0	31
1	0	0	31
1	0	0	31
1	0	0	31
1	0	0	31
1	0	0	19
0.1	3	2	1
0.1	4	311	1
0.1	312	1	1
0.1	7	6	1
0.1	314	5	1
0.1	9	8	1
0.1	316	315	1
0.1	10	317	1
0.1	318	313	1
0.1	12	11	2
0.1	16	15	2
0.1	321	14	2
0.1	17	322	2
0.1	20	19	3
0.1	23	22	3
0.1	325	21	3
0.1	24	326	3
0.1	25	327	3
0.1	328	324	3
0.1	29	28	3
0.1	330	27	3
0.1	331	26	3
0.1	332	329	3
0.1	333	18	2
0.1	334	323	2
0.1	335	13	2
0.1	36	35	5
0.1	337	34	5
0.1	338	33	5
0.1	339	32	5
0.1	38	37	5
0.1	341	340	5
0.1	41	40	5
0.1	343	39	5
0.1	344	342	5
0.1	42	345	4
0.1	346	31	4
0.1	46	45	6
0.1	47	348	6
0.1	54	53	7
0.1	350	52	7
0.1	351	51	7
0.1	352	50	7
0.1	58	57	8
0.1	59	354	8
0.1	63	62	8
0.1	356	61	8
0.1	357	60	8
0.1	65	64	8
0.1	66	359	8
0.1	360	358	8
0.1	361	355	8
0.1	362	56	7
0.1	363	55	7
0.1	69	68	7
0.1	365	67	7
0.1	366	364	7
0.1	367	353	7
0.1	71	70	6
0.1	369	368	6
0.1	370	49	6
0.1	371	48	6
0.1	372	349	6
0.1	73	72	6
0.1	374	373	6
0.1	375	44	6
0.1	376	43	4
0.1	77	76	9
0.1	378	75	9
0.1	79	78	9
0.1	80	380	9
0.1	81	381	9
0.1	382	379	9
0.1	82	383	9
0.1	84	83	9
0.1	385	384	9
0.1	386	74	4
0.1	86	85	4
0.1	90	89	10
0.1	91	389	10
0.1	390	88	10
0.1	391	87	10
0.1	94	93	10
0.1	95	393	10
0.1	394	92	10
0.1	96	395	10
0.1	396	392	10
0.1	101	100	11
0.1	105	104	12
0.1	399	103	12
0.1	400	102	12
0.1	107	106	12
0.1	402	401	12
0.1	111	110	12
0.1	404	109	12
0.1	405	108	12
0.1	406	403	12
0.1	407	398	11
0.1	408	99	11
0.1	409	98	11
0.1	114	113	11
0.1	116	115	11
0.1	117	412	11
0.1	413	411	11
0.1	414	112	11
0.1	415	410	11
0.1	416	97	4
0.1	417	397	4
0.1	418	388	4
0.1	419	387	4
0.1	120	119	13
0.1	421	118	13
0.1	122	121	13
0.1	123	423	13
0.1	126	125	13
0.1	425	124	13
0.1	426	424	13
0.1	127	427	13
0.1	428	422	13
0.1	130	129	14
0.1	133	132	14
0.1	431	131	14
0.1	432	430	14
0.1	134	433	14
0.1	138	137	14
0.1	435	136	14
0.1	436	135	14
0.1	437	434	14
0.1	142	141	15
0.1	439	140	15
0.1	440	139	15
0.1	146	145	16
0.1	147	442	16
0.1	443	144	16
0.1	153	152	16
0.1	445	151	16
0.1	446	150	16
0.1	447	149	16
0.1	448	148	16
0.1	449	444	16
0.1	450	143	15
0.1	156	155	15
0.1	157	452	15
0.1	453	154	15
0.1	159	158	17
0.1	161	160	17
0.1	456	455	17
0.1	162	457	17
0.1	164	163	17
0.1	167	166	17
0.1	460	165	17
0.1	461	459	17
0.1	462	458	17
0.1	168	463	15
0.1	464	454	15
0.1	465	451	15
0.1	170	169	18
0.1	173	172	18
0.1	468	171	18
0.1	469	467	18
0.1	177	176	18
0.1	471	175	18
0.1	472	174	18
0.1	178	473	18
0.1	474	470	18
0.1	475	466	15
0.1	476	441	15
0.1	477	438	15
0.1	478	128	4
0.1	479	429	4
0.1	180	179	4
0.1	481	480	4
0.1	482	420	4
0.1	483	377	4
0.1	484	347	4
0.1	485	30	2
0.1	486	336	2
0.1	487	320	2
0.1	488	319	19
0.1	184	183	21
0.1	186	185	21
0.1	491	490	21
0.1	188	187	21
0.1	190	189	21
0.1	191	494	21
0.1	495	493	21
0.1	496	492	21
0.1	193	192	20
0.1	195	194	20
0.1	499	498	20
0.1	196	500	20
0.1	501	497	20
0.1	502	182	20
0.1	200	199	20
0.1	203	202	22
0.1	505	201	22
0.1	206	205	22
0.1	507	204	22
0.1	508	506	22
0.1	209	208	22
0.1	510	207	22
0.1	511	509	22
0.1	210	512	20
0.1	211	513	20
0.1	514	504	20
0.1	515	198	20
0.1	516	197	20
0.1	517	503	20
0.1	215	214	23
0.1	519	213	23
0.1	219	218	23
0.1	521	217	23
0.1	221	220	23
0.1	523	522	23
0.1	524	216	23
0.1	525	520	23
0.1	526	212	23
0.1	527	518	23
0.1	224	223	24
0.1	529	222	24
0.1	228	227	24
0.1	531	226	24
0.1	230	229	24
0.1	533	532	24
0.1	231	534	24
0.1	535	225	24
0.1	536	530	24
0.1	233	232	25
0.1	236	235	25
0.1	539	234	25
0.1	540	538	25
0.1	541	537	25
0.1	237	542	25
0.1	239	238	25
0.1	245	244	26
0.1	545	243	26
0.1	247	246	26
0.1	249	248	26
0.1	548	547	26
0.1	252	251	28
0.1	254	253	28
0.1	551	550	28
0.1	258	257	28
0.1	553	256	28
0.1	554	255	28
0.1	260	259	28
0.1	556	555	28
0.1	557	552	28
0.1	558	250	27
0.1	262	261	27
0.1	265	264	27
0.1	266	561	27
0.1	267	562	27
0.1	563	263	27
0.1	564	560	27
0.1	269	268	27
0.1	566	565	27
0.1	567	559	27
0.1	270	568	26
0.1	569	549	26
0.1	570	546	26
0.1	571	242	26
0.1	572	241	26
0.1	573	240	25
0.1	574	544	25
0.1	575	543	25
0.1	271	576	25
0.1	577	528	25
0.1	578	181	19
0.1	273	272	19
0.1	274	580	19
0.1	277	276	19
0.1	582	275	19
0.1	279	278	19
0.1	584	583	19
0.1	585	581	19
0.1	586	579	19
0.1	282	281	29
0.1	588	280	29
0.1	287	286	29
0.1	590	285	29
0.1	591	284	29
0.1	592	283	29
0.1	289	288	29
0.1	594	593	29
0.1	595	589	29
0.1	290	596	30
0.1	292	291	30
0.1	293	598	30
0.1	296	295	30
0.1	299	298	30
0.1	601	297	30
0.1	602	600	30
0.1	603	294	30
0.1	604	599	30
0.1	605	597	30
0.1	606	587	19
0.1	303	302	31
0.1	608	301	31
0.1	609	300	31
0.1	304	610	31
0.1	305	611	31
0.1	308	307	31
0.1	613	306	31
0.1	614	612	31
0.1	309	615	31
0.1	616	607	19
0.1	310	617	19
0.1	618	489	19
