1	0	0	1
1	0	0	1
1	0	0	1
1	0	0	1
1	0	0	1
1	0	0	2
1	0	0	3
1	0	0	4
1	0	0	2
1	0	0	2
1	0	0	5
1	0	0	5
1	0	0	6
1	0	0	7
1	0	0	8
1	0	0	9
1	0	0	9
1	0	0	9
1	0	0	9
1	0	0	9
1	0	0	9
1	0	0	9
1	0	0	9
1	0	0	9
1	0	0	10
1	0	0	7
1	0	0	9
1	0	0	2
1	0	0	2
1	0	0	11
1	0	0	12
1	0	0	2
1	0	0	2
1	0	0	7
1	0	0	13
1	0	0	13
1	0	0	13
1	0	0	4
1	0	0	4
1	0	0	2
1	0	0	2
1	0	0	14
1	0	0	2
1	0	0	2
1	0	0	15
1	0	0	5
1	0	0	16
1	0	0	4
1	0	0	17
1	0	0	4
1	0	0	17
1	0	0	2
1	0	0	18
1	0	0	19
1	0	0	20
1	0	0	9
1	0	0	21
1	0	0	16
1	0	0	12
1	0	0	4
1	0	0	22
1	0	0	23
1	0	0	6
1	0	0	24
1	0	0	11
1	0	0	23
1	0	0	25
1	0	0	26
1	0	0	26
1	0	0	26
1	0	0	26
1	0	0	26
1	0	0	23
1	0	0	12
1	0	0	27
1	0	0	24
1	0	0	24
1	0	0	24
1	0	0	24
1	0	0	24
1	0	0	24
1	0	0	24
1	0	0	24
1	0	0	24
1	0	0	24
1	0	0	24
1	0	0	24
1	0	0	24
1	0	0	24
1	0	0	24
1	0	0	21
1	0	0	17
1	0	0	28
1	0	0	28
1	0	0	28
1	0	0	26
1	0	0	26
1	0	0	29
1	0	0	29
1	0	0	23
1	0	0	23
1	0	0	10
1	0	0	26
1	0	0	27
1	0	0	23
1	0	0	23
1	0	0	23
1	0	0	23
1	0	0	23
1	0	0	23
1	0	0	23
1	0	0	23
1	0	0	23
1	0	0	23
1	0	0	23
1	0	0	23
1	0	0	23
1	0	0	23
1	0	0	2
1	0	0	19
1	0	0	29
1	0	0	21
1	0	0	30
1	0	0	31
1	0	0	2
1	0	0	11
1	0	0	19
1	0	0	20
1	0	0	29
1	0	0	18
1	0	0	32
1	0	0	14
1	0	0	12
1	0	0	12
1	0	0	12
1	0	0	4
1	0	0	33
1	0	0	34
1	0	0	26
1	0	0	35
1	0	0	35
1	0	0	35
1	0	0	36
1	0	0	30
1	0	0	37
1	0	0	38
1	0	0	7
1	0	0	39
1	0	0	38
1	0	0	12
1	0	0	25
1	0	0	25
1	0	0	25
1	0	0	25
1	0	0	25
1	0	0	38
1	0	0	4
1	0	0	17
1	0	0	24
1	0	0	2
1	0	0	17
1	0	0	17
1	0	0	2
1	0	0	9
1	0	0	6
1	0	0	9
1	0	0	17
1	0	0	19
1	0	0	40
1	0	0	38
1	0	0	38
1	0	0	38
1	0	0	38
1	0	0	38
1	0	0	39
1	0	0	41
1	0	0	31
1	0	0	38
1	0	0	15
1	0	0	34
1	0	0	42
1	0	0	16
1	0	0	23
1	0	0	16
1	0	0	16
1	0	0	16
1	0	0	21
1	0	0	21
1	0	0	21
1	0	0	37
1	0	0	42
1	0	0	42
1	0	0	42
1	0	0	19
1	0	0	42
1	0	0	42
1	0	0	42
1	0	0	42
1	0	0	42
1	0	0	42
1	0	0	7
1	0	0	39
1	0	0	42
1	0	0	8
1	0	0	43
1	0	0	43
1	0	0	43
1	0	0	42
1	0	0	12
1	0	0	44
1	0	0	44
1	0	0	12
1	0	0	12
1	0	0	12
1	0	0	42
1	0	0	40
1	0	0	42
1	0	0	45
1	0	0	45
1	0	0	40
1	0	0	19
1	0	0	46
1	0	0	46
1	0	0	40
1	0	0	40
1	0	0	46
1	0	0	19
1	0	0	42
1	0	0	14
1	0	0	42
1	0	0	42
1	0	0	29
1	0	0	42
1	0	0	40
1	0	0	12
1	0	0	33
1	0	0	42
1	0	0	42
1	0	0	42
1	0	0	42
1	0	0	8
1	0	0	47
1	0	0	6
1	0	0	6
1	0	0	6
1	0	0	6
1	0	0	8
1	0	0	42
1	0	0	8
1	0	0	42
1	0	0	8
1	0	0	19
1	0	0	32
1	0	0	32
1	0	0	26
1	0	0	29
1	0	0	21
1	0	0	33
1	0	0	26
1	0	0	30
1	0	0	36
1	0	0	4
1	0	0	33
1	0	0	7
1	0	0	7
1	0	0	7
1	0	0	40
1	0	0	29
1	0	0	31
1	0	0	23
1	0	0	40
1	0	0	12
1	0	0	12
1	0	0	4
1	0	0	9
1	0	0	37
1	0	0	12
1	0	0	22
1	0	0	12
1	0	0	23
1	0	0	26
1	0	0	26
1	0	0	26
1	0	0	26
1	0	0	26
1	0	0	47
1	0	0	23
1	0	0	26
1	0	0	2
1	0	0	31
1	0	0	3
1	0	0	23
1	0	0	25
1	0	0	2
1	0	0	12
1	0	0	22
1	0	0	23
1	0	0	22
1	0	0	31
1	0	0	29
1	0	0	19
1	0	0	19
1	0	0	12
1	0	0	12
1	0	0	12
1	0	0	12
1	0	0	19
1	0	0	7
1	0	0	12
1	0	0	12
1	0	0	19
1	0	0	19
1	0	0	12
1	0	0	35
1	0	0	48
1	0	0	9
1	0	0	38
1	0	0	2
1	0	0	2
1	0	0	4
1	0	0	12
1	0	0	3
1	0	0	34
1	0	0	2
1	0	0	2
1	0	0	48
1	0	0	25
1	0	0	2
1	0	0	4
1	0	0	49
1	0	0	18
1	0	0	12
1	0	0	2
1	0	0	4
1	0	0	12
1	0	0	7
1	0	0	21
1	0	0	20
1	0	0	31
1	0	0	16
1	0	0	40
1	0	0	18
1	0	0	25
1	0	0	20
1	0	0	16
1	0	0	29
1	0	0	29
1	0	0	29
1	0	0	43
1	0	0	11
1	0	0	45
1	0	0	45
1	0	0	45
1	0	0	50
1	0	0	50
1	0	0	50
1	0	0	50
1	0	0	50
1	0	0	18
1	0	0	34
1	0	0	50
1	0	0	50
1	0	0	50
1	0	0	50
1	0	0	38
1	0	0	31
1	0	0	31
1	0	0	6
1	0	0	51
1	0	0	25
1	0	0	23
1	0	0	15
1	0	0	15
1	0	0	15
1	0	0	15
1	0	0	37
1	0	0	23
1	0	0	6
1	0	0	50
1	0	0	23
1	0	0	22
1	0	0	52
1	0	0	15
1	0	0	10
1	0	0	53
1	0	0	22
1	0	0	51
1	0	0	51
1	0	0	23
1	0	0	15
1	0	0	23
1	0	0	50
1	0	0	15
1	0	0	42
1	0	0	50
1	0	0	50
1	0	0	50
1	0	0	52
1	0	0	52
1	0	0	52
1	0	0	52
1	0	0	52
1	0	0	34
1	0	0	9
1	0	0	30
1	0	0	1
1	0	0	18
1	0	0	41
1	0	0	48
1	0	0	54
1	0	0	50
1	0	0	7
1	0	0	7
1	0	0	7
1	0	0	7
1	0	0	7
1	0	0	24
1	0	0	50
1	0	0	50
1	0	0	24
1	0	0	26
1	0	0	26
1	0	0	19
1	0	0	30
1	0	0	30
1	0	0	30
1	0	0	30
1	0	0	30
1	0	0	30
1	0	0	30
1	0	0	30
1	0	0	30
1	0	0	30
1	0	0	6
1	0	0	6
1	0	0	6
1	0	0	24
1	0	0	24
1	0	0	1
1	0	0	24
1	0	0	24
1	0	0	24
1	0	0	24
1	0	0	24
1	0	0	26
1	0	0	25
1	0	0	36
1	0	0	17
1	0	0	45
1	0	0	45
1	0	0	26
1	0	0	9
1	0	0	27
1	0	0	30
1	0	0	1
1	0	0	7
1	0	0	7
1	0	0	41
1	0	0	15
1	0	0	15
1	0	0	15
1	0	0	2
1	0	0	23
1	0	0	47
1	0	0	23
1	0	0	42
1	0	0	23
1	0	0	18
1	0	0	45
1	0	0	44
1	0	0	44
1	0	0	55
1	0	0	34
1	0	0	34
1	0	0	9
1	0	0	9
1	0	0	16
1	0	0	50
1	0	0	9
1	0	0	35
1	0	0	50
1	0	0	25
1	0	0	25
1	0	0	5
1	0	0	5
1	0	0	16
1	0	0	45
1	0	0	56
1	0	0	56
1	0	0	17
1	0	0	17
1	0	0	17
1	0	0	17
1	0	0	17
1	0	0	50
1	0	0	30
1	0	0	41
1	0	0	41
1	0	0	49
1	0	0	15
1	0	0	40
1	0	0	9
1	0	0	18
1	0	0	4
1	0	0	34
1	0	0	5
1	0	0	5
1	0	0	5
1	0	0	5
1	0	0	50
1	0	0	30
1	0	0	7
1	0	0	18
1	0	0	33
1	0	0	34
1	0	0	32
1	0	0	34
1	0	0	50
1	0	0	50
1	0	0	15
1	0	0	3
1	0	0	3
1	0	0	36
1	0	0	34
1	0	0	38
1	0	0	3
1	0	0	34
1	0	0	18
1	0	0	21
1	0	0	35
1	0	0	56
1	0	0	30
1	0	0	30
1	0	0	33
1	0	0	18
1	0	0	24
1	0	0	15
1	0	0	18
1	0	0	34
1	0	0	1
1	0	0	34
1	0	0	38
1	0	0	10
1	0	0	38
1	0	0	15
1	0	0	55
1	0	0	12
1	0	0	49
1	0	0	41
1	0	0	18
1	0	0	50
1	0	0	32
1	0	0	49
1	0	0	45
1	0	0	1
1	0	0	36
1	0	0	30
1	0	0	46
1	0	0	18
1	0	0	55
1	0	0	33
1	0	0	34
1	0	0	34
1	0	0	27
1	0	0	5
1	0	0	45
1	0	0	45
1	0	0	45
1	0	0	45
1	0	0	54
1	0	0	25
1	0	0	40
1	0	0	46
1	0	0	3
1	0	0	41
1	0	0	9
1	0	0	9
1	0	0	5
1	0	0	9
1	0	0	8
1	0	0	1
1	0	0	1
1	0	0	1
1	0	0	50
1	0	0	37
1	0	0	37
1	0	0	37
1	0	0	37
1	0	0	37
1	0	0	37
1	0	0	37
1	0	0	34
1	0	0	21
1	0	0	24
1	0	0	24
1	0	0	37
1	0	0	5
1	0	0	50
1	0	0	31
1	0	0	7
1	0	0	38
1	0	0	50
1	0	0	50
1	0	0	50
1	0	0	5
1	0	0	34
1	0	0	37
1	0	0	18
1	0	0	33
1	0	0	36
1	0	0	46
1	0	0	24
1	0	0	24
1	0	0	36
1	0	0	36
1	0	0	6
1	0	0	6
1	0	0	10
1	0	0	15
1	0	0	5
1	0	0	34
1	0	0	53
1	0	0	32
1	0	0	32
1	0	0	18
1	0	0	46
1	0	0	36
1	0	0	41
1	0	0	43
1	0	0	18
1	0	0	34
1	0	0	37
1	0	0	7
1	0	0	34
1	0	0	43
1	0	0	31
1	0	0	23
1	0	0	34
1	0	0	23
1	0	0	31
1	0	0	20
1	0	0	34
1	0	0	15
1	0	0	41
1	0	0	50
1	0	0	6
1	0	0	50
1	0	0	47
1	0	0	47
1	0	0	1
1	0	0	46
1	0	0	44
1	0	0	44
1	0	0	47
1	0	0	47
1	0	0	55
1	0	0	41
1	0	0	11
1	0	0	37
1	0	0	1
1	0	0	24
1	0	0	34
1	0	0	18
1	0	0	21
1	0	0	50
1	0	0	49
1	0	0	30
1	0	0	6
1	0	0	5
1	0	0	24
1	0	0	24
1	0	0	24
1	0	0	24
1	0	0	24
1	0	0	35
1	0	0	48
1	0	0	21
1	0	0	21
1	0	0	21
1	0	0	21
1	0	0	21
1	0	0	21
1	0	0	48
1	0	0	48
1	0	0	47
1	0	0	23
1	0	0	25
1	0	0	55
1	0	0	23
1	0	0	42
1	0	0	30
1	0	0	49
1	0	0	8
1	0	0	3
1	0	0	44
1	0	0	23
1	0	0	44
1	0	0	44
1	0	0	44
1	0	0	41
1	0	0	23
1	0	0	1
1	0	0	1
1	0	0	1
1	0	0	26
1	0	0	24
1	0	0	30
1	0	0	8
1	0	0	20
1	0	0	18
1	0	0	12
1	0	0	45
1	0	0	34
1	0	0	38
1	0	0	46
1	0	0	46
1	0	0	55
1	0	0	6
1	0	0	6
1	0	0	15
1	0	0	55
1	0	0	46
1	0	0	21
1	0	0	12
1	0	0	40
1	0	0	56
1	0	0	55
1	0	0	40
1	0	0	55
1	0	0	3
1	0	0	48
1	0	0	50
1	0	0	3
1	0	0	3
1	0	0	21
1	0	0	21
1	0	0	15
1	0	0	3
1	0	0	50
1	0	0	38
1	0	0	15
1	0	0	37
1	0	0	11
1	0	0	11
1	0	0	26
1	0	0	3
1	0	0	6
1	0	0	6
1	0	0	6
1	0	0	37
1	0	0	30
1	0	0	1
1	0	0	21
1	0	0	46
1	0	0	19
1	0	0	16
1	0	0	46
1	0	0	3
1	0	0	41
1	0	0	30
1	0	0	34
1	0	0	27
1	0	0	41
1	0	0	21
1	0	0	11
1	0	0	50
1	0	0	10
1	0	0	38
1	0	0	35
1	0	0	10
1	0	0	46
1	0	0	5
1	0	0	3
1	0	0	18
1	0	0	18
1	0	0	46
1	0	0	34
1	0	0	11
1	0	0	4
1	0	0	15
1	0	0	5
1	0	0	3
1	0	0	46
1	0	0	57
1	0	0	21
1	0	0	3
1	0	0	55
1	0	0	3
1	0	0	41
1	0	0	29
1	0	0	29
1	0	0	3
1	0	0	21
1	0	0	11
1	0	0	48
1	0	0	1
1	0	0	34
1	0	0	5
1	0	0	38
1	0	0	46
1	0	0	6
1	0	0	38
1	0	0	5
1	0	0	5
1	0	0	30
1	0	0	24
1	0	0	52
1	0	0	46
1	0	0	41
1	0	0	11
1	0	0	8
1	0	0	8
1	0	0	37
1	0	0	32
1	0	0	46
1	0	0	3
1	0	0	24
1	0	0	41
1	0	0	37
1	0	0	46
1	0	0	33
1	0	0	5
1	0	0	7
1	0	0	50
1	0	0	15
1	0	0	3
1	0	0	18
1	0	0	50
1	0	0	6
1	0	0	1
1	0	0	3
1	0	0	41
1	0	0	12
1	0	0	9
1	0	0	16
1	0	0	2
1	0	0	12
1	0	0	21
1	0	0	40
1	0	0	7
1	0	0	2
1	0	0	4
1	0	0	6
1	0	0	26
1	0	0	4
1	0	0	30
1	0	0	4
1	0	0	26
1	0	0	26
1	0	0	26
1	0	0	26
1	0	0	4
1	0	0	4
1	0	0	30
1	0	0	30
1	0	0	19
1	0	0	4
1	0	0	24
1	0	0	6
1	0	0	20
1	0	0	30
1	0	0	36
1	0	0	4
1	0	0	26
1	0	0	41
1	0	0	4
1	0	0	4
1	0	0	3
1	0	0	40
1	0	0	26
1	0	0	40
1	0	0	30
1	0	0	21
1	0	0	34
1	0	0	8
1	0	0	32
1	0	0	19
1	0	0	40
1	0	0	55
1	0	0	25
1	0	0	46
1	0	0	40
1	0	0	40
1	0	0	45
1	0	0	41
1	0	0	16
1	0	0	16
1	0	0	45
1	0	0	45
1	0	0	43
1	0	0	43
1	0	0	45
1	0	0	45
1	0	0	45
1	0	0	8
1	0	0	19
1	0	0	9
1	0	0	21
1	0	0	40
1	0	0	2
1	0	0	2
1	0	0	12
1	0	0	2
1	0	0	19
1	0	0	52
1	0	0	9
1	0	0	37
1	0	0	45
1	0	0	37
1	0	0	2
1	0	0	21
1	0	0	48
1	0	0	18
1	0	0	1
1	0	0	6
1	0	0	27
1	0	0	27
1	0	0	12
1	0	0	18
1	0	0	2
1	0	0	19
1	0	0	19
1	0	0	50
1	0	0	50
1	0	0	15
1	0	0	21
1	0	0	30
1	0	0	25
1	0	0	25
1	0	0	25
1	0	0	30
1	0	0	50
1	0	0	24
1	0	0	41
1	0	0	24
1	0	0	24
1	0	0	24
1	0	0	30
1	0	0	30
1	0	0	5
1	0	0	30
1	0	0	37
1	0	0	30
1	0	0	18
1	0	0	9
1	0	0	15
1	0	0	18
1	0	0	21
1	0	0	54
1	0	0	54
1	0	0	27
1	0	0	5
1	0	0	42
1	0	0	41
1	0	0	1
1	0	0	27
1	0	0	27
1	0	0	27
1	0	0	27
1	0	0	27
1	0	0	50
1	0	0	30
1	0	0	30
1	0	0	30
1	0	0	50
1	0	0	50
1	0	0	27
1	0	0	45
1	0	0	54
1	0	0	34
1	0	0	46
1	0	0	4
1	0	0	15
1	0	0	46
1	0	0	45
1	0	0	50
1	0	0	24
1	0	0	41
1	0	0	26
1	0	0	24
1	0	0	12
1	0	0	12
1	0	0	6
1	0	0	26
1	0	0	45
1	0	0	38
1	0	0	55
1	0	0	15
1	0	0	38
1	0	0	7
1	0	0	41
1	0	0	50
1	0	0	12
1	0	0	45
1	0	0	55
1	0	0	18
1	0	0	8
1	0	0	18
1	0	0	37
1	0	0	21
1	0	0	37
1	0	0	45
1	0	0	43
1	0	0	46
1	0	0	5
1	0	0	34
1	0	0	23
1	0	0	18
1	0	0	10
1	0	0	10
1	0	0	10
1	0	0	10
1	0	0	10
1	0	0	10
1	0	0	30
1	0	0	10
1	0	0	10
1	0	0	10
1	0	0	58
1	0	0	18
1	0	0	22
1	0	0	24
1	0	0	24
1	0	0	6
1	0	0	6
1	0	0	6
1	0	0	47
1	0	0	47
1	0	0	47
1	0	0	47
1	0	0	23
1	0	0	22
1	0	0	52
1	0	0	23
1	0	0	37
1	0	0	43
1	0	0	43
1	0	0	43
1	0	0	43
1	0	0	43
1	0	0	43
1	0	0	43
1	0	0	43
1	0	0	43
1	0	0	43
1	0	0	43
1	0	0	43
1	0	0	43
1	0	0	43
1	0	0	43
1	0	0	43
1	0	0	43
1	0	0	43
1	0	0	43
1	0	0	43
1	0	0	43
1	0	0	43
1	0	0	43
1	0	0	7
1	0	0	7
1	0	0	43
1	0	0	43
1	0	0	23
1	0	0	42
1	0	0	23
1	0	0	31
1	0	0	37
1	0	0	34
1	0	0	47
1	0	0	2
1	0	0	2
1	0	0	2
1	0	0	22
1	0	0	52
1	0	0	30
1	0	0	30
1	0	0	34
1	0	0	28
1	0	0	31
1	0	0	41
1	0	0	18
1	0	0	52
1	0	0	34
1	0	0	34
1	0	0	34
1	0	0	37
1	0	0	34
1	0	0	15
1	0	0	15
1	0	0	15
1	0	0	47
1	0	0	47
1	0	0	47
1	0	0	23
1	0	0	7
1	0	0	43
1	0	0	43
1	0	0	24
1	0	0	32
1	0	0	33
1	0	0	54
1	0	0	54
1	0	0	41
1	0	0	54
1	0	0	54
1	0	0	33
1	0	0	33
1	0	0	16
1	0	0	13
1	0	0	15
1	0	0	15
1	0	0	15
1	0	0	6
1	0	0	15
1	0	0	15
1	0	0	6
1	0	0	6
1	0	0	41
1	0	0	15
1	0	0	15
1	0	0	6
1	0	0	21
1	0	0	38
1	0	0	38
1	0	0	38
1	0	0	15
1	0	0	6
1	0	0	13
1	0	0	37
1	0	0	37
1	0	0	52
1	0	0	33
1	0	0	53
1	0	0	33
1	0	0	37
1	0	0	37
1	0	0	30
1	0	0	34
1	0	0	34
1	0	0	32
1	0	0	18
1	0	0	20
1	0	0	7
1	0	0	15
1	0	0	32
1	0	0	32
1	0	0	7
1	0	0	15
1	0	0	15
1	0	0	15
1	0	0	15
1	0	0	15
1	0	0	15
1	0	0	41
1	0	0	36
1	0	0	33
1	0	0	33
1	0	0	8
1	0	0	18
1	0	0	46
1	0	0	46
1	0	0	46
1	0	0	46
1	0	0	46
1	0	0	46
1	0	0	46
1	0	0	46
1	0	0	33
1	0	0	6
1	0	0	12
1	0	0	15
1	0	0	30
1	0	0	5
1	0	0	33
1	0	0	46
1	0	0	6
1	0	0	18
1	0	0	18
1	0	0	18
1	0	0	37
1	0	0	50
1	0	0	11
1	0	0	11
1	0	0	11
1	0	0	18
1	0	0	45
1	0	0	50
1	0	0	50
1	0	0	8
1	0	0	8
1	0	0	22
1	0	0	23
1	0	0	16
1	0	0	18
1	0	0	18
1	0	0	25
1	0	0	12
1	0	0	31
1	0	0	44
1	0	0	44
1	0	0	41
1	0	0	56
1	0	0	56
1	0	0	56
1	0	0	21
1	0	0	48
1	0	0	48
1	0	0	48
1	0	0	5
1	0	0	56
1	0	0	38
1	0	0	38
1	0	0	40
1	0	0	45
1	0	0	40
1	0	0	41
1	0	0	5
1	0	0	36
1	0	0	36
1	0	0	33
1	0	0	56
1	0	0	56
1	0	0	33
1	0	0	21
1	0	0	49
1	0	0	36
1	0	0	33
1	0	0	5
1	0	0	50
1	0	0	50
1	0	0	36
1	0	0	33
1	0	0	36
1	0	0	36
1	0	0	33
1	0	0	38
1	0	0	56
1	0	0	43
1	0	0	56
1	0	0	56
1	0	0	56
1	0	0	56
1	0	0	56
1	0	0	36
1	0	0	56
1	0	0	56
1	0	0	56
1	0	0	36
1	0	0	40
1	0	0	26
1	0	0	26
1	0	0	33
1	0	0	56
1	0	0	44
1	0	0	7
1	0	0	15
1	0	0	6
1	0	0	56
1	0	0	18
1	0	0	18
1	0	0	41
1	0	0	8
1	0	0	49
1	0	0	56
1	0	0	35
1	0	0	48
1	0	0	49
1	0	0	46
1	0	0	18
1	0	0	11
1	0	0	41
1	0	0	38
1	0	0	38
1	0	0	37
1	0	0	37
1	0	0	37
1	0	0	37
1	0	0	56
1	0	0	37
1	0	0	56
1	0	0	10
1	0	0	51
1	0	0	56
1	0	0	33
1	0	0	9
1	0	0	23
1	0	0	8
1	0	0	5
1	0	0	41
1	0	0	12
1	0	0	50
1	0	0	50
1	0	0	13
1	0	0	9
1	0	0	5
1	0	0	5
1	0	0	36
1	0	0	6
1	0	0	6
1	0	0	6
1	0	0	6
1	0	0	6
1	0	0	6
1	0	0	36
1	0	0	6
1	0	0	6
1	0	0	6
1	0	0	6
1	0	0	6
1	0	0	24
1	0	0	13
1	0	0	13
1	0	0	13
1	0	0	13
1	0	0	7
1	0	0	9
1	0	0	18
1	0	0	18
1	0	0	18
1	0	0	18
1	0	0	18
1	0	0	2
1	0	0	2
1	0	0	2
1	0	0	2
1	0	0	18
1	0	0	18
1	0	0	18
1	0	0	45
1	0	0	18
1	0	0	9
1	0	0	13
1	0	0	2
1	0	0	17
1	0	0	27
1	0	0	27
1	0	0	27
1	0	0	27
1	0	0	27
1	0	0	27
1	0	0	27
1	0	0	13
1	0	0	13
1	0	0	13
1	0	0	13
1	0	0	27
1	0	0	9
1	0	0	9
1	0	0	9
1	0	0	2
1	0	0	9
1	0	0	9
1	0	0	2
1	0	0	2
1	0	0	11
1	0	0	11
1	0	0	11
1	0	0	51
1	0	0	10
1	0	0	47
1	0	0	33
1	0	0	24
1	0	0	27
1	0	0	30
1	0	0	47
1	0	0	2
1	0	0	17
1	0	0	2
1	0	0	18
1	0	0	47
1	0	0	47
1	0	0	18
1	0	0	12
1	0	0	13
1	0	0	13
1	0	0	13
1	0	0	19
1	0	0	41
1	0	0	13
1	0	0	6
1	0	0	19
1	0	0	19
1	0	0	19
1	0	0	2
1	0	0	9
1	0	0	9
1	0	0	9
1	0	0	13
1	0	0	18
1	0	0	11
1	0	0	13
1	0	0	13
1	0	0	22
1	0	0	41
1	0	0	56
1	0	0	30
1	0	0	9
1	0	0	13
1	0	0	13
1	0	0	2
1	0	0	13
1	0	0	13
1	0	0	13
1	0	0	13
1	0	0	18
1	0	0	27
1	0	0	50
1	0	0	29
1	0	0	50
1	0	0	45
1	0	0	48
1	0	0	50
1	0	0	24
1	0	0	24
1	0	0	6
1	0	0	3
1	0	0	24
1	0	0	7
1	0	0	29
1	0	0	18
1	0	0	26
1	0	0	29
1	0	0	29
1	0	0	29
1	0	0	28
1	0	0	22
1	0	0	23
1	0	0	50
1	0	0	15
1	0	0	15
1	0	0	37
1	0	0	37
1	0	0	23
1	0	0	9
1	0	0	9
1	0	0	47
1	0	0	37
1	0	0	21
1	0	0	10
1	0	0	21
1	0	0	42
1	0	0	21
1	0	0	30
1	0	0	30
1	0	0	30
1	0	0	30
1	0	0	30
1	0	0	30
1	0	0	30
1	0	0	30
1	0	0	30
1	0	0	47
1	0	0	21
1	0	0	31
1	0	0	54
1	0	0	30
1	0	0	30
1	0	0	30
1	0	0	30
1	0	0	31
1	0	0	58
1	0	0	58
1	0	0	58
1	0	0	58
1	0	0	58
1	0	0	58
1	0	0	58
1	0	0	58
1	0	0	58
1	0	0	58
1	0	0	51
1	0	0	20
1	0	0	20
1	0	0	20
1	0	0	22
1	0	0	7
1	0	0	51
1	0	0	51
1	0	0	59
1	0	0	57
1	0	0	57
1	0	0	10
1	0	0	12
1	0	0	15
1	0	0	23
1	0	0	59
1	0	0	57
1	0	0	57
1	0	0	22
1	0	0	22
1	0	0	51
1	0	0	51
1	0	0	47
1	0	0	10
1	0	0	39
1	0	0	48
1	0	0	57
1	0	0	51
1	0	0	30
1	0	0	31
1	0	0	51
1	0	0	51
1	0	0	12
1	0	0	46
1	0	0	51
1	0	0	23
1	0	0	24
1	0	0	24
1	0	0	58
1	0	0	57
1	0	0	30
1	0	0	59
1	0	0	21
1	0	0	24
1	0	0	48
1	0	0	3
1	0	0	40
1	0	0	30
1	0	0	30
1	0	0	46
1	0	0	7
1	0	0	59
1	0	0	25
1	0	0	31
1	0	0	51
1	0	0	51
1	0	0	51
1	0	0	57
1	0	0	49
1	0	0	51
1	0	0	16
1	0	0	57
1	0	0	57
1	0	0	12
1	0	0	51
1	0	0	58
1	0	0	51
1	0	0	51
1	0	0	21
1	0	0	39
1	0	0	20
1	0	0	30
1	0	0	25
1	0	0	25
1	0	0	58
1	0	0	7
1	0	0	30
1	0	0	57
1	0	0	19
1	0	0	51
1	0	0	30
1	0	0	2
1	0	0	51
1	0	0	55
1	0	0	6
1	0	0	12
1	0	0	51
1	0	0	3
1	0	0	31
1	0	0	58
1	0	0	12
1	0	0	19
1	0	0	19
1	0	0	19
1	0	0	19
1	0	0	12
1	0	0	12
1	0	0	58
1	0	0	2
1	0	0	20
1	0	0	39
1	0	0	30
1	0	0	58
1	0	0	58
1	0	0	58
1	0	0	31
1	0	0	9
1	0	0	39
1	0	0	51
1	0	0	57
1	0	0	17
1	0	0	41
1	0	0	39
1	0	0	25
1	0	0	58
1	0	0	20
1	0	0	31
1	0	0	59
1	0	0	39
1	0	0	31
1	0	0	31
1	0	0	31
1	0	0	57
1	0	0	39
1	0	0	57
1	0	0	57
1	0	0	29
1	0	0	2
1	0	0	26
1	0	0	51
1	0	0	51
1	0	0	7
1	0	0	7
1	0	0	7
1	0	0	19
1	0	0	57
1	0	0	51
1	0	0	24
1	0	0	2
1	0	0	57
1	0	0	20
1	0	0	51
1	0	0	20
1	0	0	31
1	0	0	31
1	0	0	46
1	0	0	12
1	0	0	24
1	0	0	34
1	0	0	2
1	0	0	12
1	0	0	12
1	0	0	20
1	0	0	20
1	0	0	31
1	0	0	41
1	0	0	41
1	0	0	30
1	0	0	38
1	0	0	39
1	0	0	46
1	0	0	51
1	0	0	39
1	0	0	58
1	0	0	10
1	0	0	51
1	0	0	52
1	0	0	12
1	0	0	12
1	0	0	51
1	0	0	51
1	0	0	51
1	0	0	51
1	0	0	39
1	0	0	51
1	0	0	7
1	0	0	51
1	0	0	47
1	0	0	51
1	0	0	51
1	0	0	22
1	0	0	51
1	0	0	22
1	0	0	7
1	0	0	46
1	0	0	31
1	0	0	24
1	0	0	51
1	0	0	12
1	0	0	20
1	0	0	45
1	0	0	51
1	0	0	20
1	0	0	20
1	0	0	20
1	0	0	58
1	0	0	51
1	0	0	51
1	0	0	57
1	0	0	51
1	0	0	56
1	0	0	56
1	0	0	20
1	0	0	20
1	0	0	20
1	0	0	20
1	0	0	58
1	0	0	45
1	0	0	58
1	0	0	51
1	0	0	7
1	0	0	57
1	0	0	51
1	0	0	59
1	0	0	59
1	0	0	59
1	0	0	20
1	0	0	51
1	0	0	12
1	0	0	49
1	0	0	49
1	0	0	49
1	0	0	49
1	0	0	49
1	0	0	31
1	0	0	53
1	0	0	7
1	0	0	31
1	0	0	12
1	0	0	12
1	0	0	7
1	0	0	12
1	0	0	19
1	0	0	12
1	0	0	12
1	0	0	12
1	0	0	12
1	0	0	12
1	0	0	12
1	0	0	12
1	0	0	12
1	0	0	12
1	0	0	12
1	0	0	12
1	0	0	12
1	0	0	12
1	0	0	12
1	0	0	12
1	0	0	12
1	0	0	51
1	0	0	42
1	0	0	42
1	0	0	42
1	0	0	14
1	0	0	14
1	0	0	14
1	0	0	7
1	0	0	54
1	0	0	17
1	0	0	17
1	0	0	20
1	0	0	42
1	0	0	43
1	0	0	43
1	0	0	12
1	0	0	14
1	0	0	54
1	0	0	45
1	0	0	45
1	0	0	7
1	0	0	7
1	0	0	7
1	0	0	12
1	0	0	8
1	0	0	42
1	0	0	42
1	0	0	42
1	0	0	42
1	0	0	10
1	0	0	54
1	0	0	10
1	0	0	10
1	0	0	32
1	0	0	54
1	0	0	7
1	0	0	42
1	0	0	51
1	0	0	22
1	0	0	59
1	0	0	59
1	0	0	59
1	0	0	59
1	0	0	51
1	0	0	59
1	0	0	59
1	0	0	59
1	0	0	59
1	0	0	51
1	0	0	59
1	0	0	51
1	0	0	59
1	0	0	12
1	0	0	22
1	0	0	31
1	0	0	58
1	0	0	58
1	0	0	51
1	0	0	3
1	0	0	3
1	0	0	59
1	0	0	12
1	0	0	3
1	0	0	51
1	0	0	58
1	0	0	57
1	0	0	57
1	0	0	57
1	0	0	57
1	0	0	57
1	0	0	57
1	0	0	57
1	0	0	57
1	0	0	57
1	0	0	57
1	0	0	57
1	0	0	57
1	0	0	57
1	0	0	57
1	0	0	57
1	0	0	57
1	0	0	57
1	0	0	57
1	0	0	57
1	0	0	39
1	0	0	57
1	0	0	39
1	0	0	20
1	0	0	6
1	0	0	57
1	0	0	39
1	0	0	40
1	0	0	7
1	0	0	49
1	0	0	38
1	0	0	51
1	0	0	38
1	0	0	51
1	0	0	51
1	0	0	32
1	0	0	12
1	0	0	46
1	0	0	46
1	0	0	46
1	0	0	53
1	0	0	53
1	0	0	40
1	0	0	7
1	0	0	56
1	0	0	31
1	0	0	55
1	0	0	12
1	0	0	20
1	0	0	41
1	0	0	51
1	0	0	31
1	0	0	49
1	0	0	53
1	0	0	49
1	0	0	51
1	0	0	51
1	0	0	51
1	0	0	20
1	0	0	56
1	0	0	41
1	0	0	41
1	0	0	51
1	0	0	20
1	0	0	7
1	0	0	56
1	0	0	7
1	0	0	7
1	0	0	56
1	0	0	35
1	0	0	56
1	0	0	56
1	0	0	56
1	0	0	2
1	0	0	56
1	0	0	56
1	0	0	56
1	0	0	56
1	0	0	56
1	0	0	17
1	0	0	28
1	0	0	28
1	0	0	28
1	0	0	28
1	0	0	56
1	0	0	28
1	0	0	28
1	0	0	28
1	0	0	56
1	0	0	56
1	0	0	56
1	0	0	28
1	0	0	28
1	0	0	28
1	0	0	22
1	0	0	10
1	0	0	22
1	0	0	54
1	0	0	8
1	0	0	7
1	0	0	35
1	0	0	45
1	0	0	29
1	0	0	19
1	0	0	10
1	0	0	10
1	0	0	28
1	0	0	28
1	0	0	28
1	0	0	28
1	0	0	10
1	0	0	7
1	0	0	28
1	0	0	28
1	0	0	28
1	0	0	28
1	0	0	28
1	0	0	28
1	0	0	28
1	0	0	28
1	0	0	28
1	0	0	8
1	0	0	8
1	0	0	8
1	0	0	22
1	0	0	22
1	0	0	7
1	0	0	7
1	0	0	31
1	0	0	31
1	0	0	31
1	0	0	7
1	0	0	7
1	0	0	31
1	0	0	19
1	0	0	58
1	0	0	58
1	0	0	51
1	0	0	25
1	0	0	7
1	0	0	51
1	0	0	35
1	0	0	8
1	0	0	31
1	0	0	31
1	0	0	58
1	0	0	31
1	0	0	8
1	0	0	30
1	0	0	22
1	0	0	23
1	0	0	57
1	0	0	57
1	0	0	22
1	0	0	51
1	0	0	22
1	0	0	7
1	0	0	32
1	0	0	55
1	0	0	24
1	0	0	32
1	0	0	32
1	0	0	32
1	0	0	7
1	0	0	7
1	0	0	56
1	0	0	2
1	0	0	35
1	0	0	35
1	0	0	51
1	0	0	50
1	0	0	46
1	0	0	50
1	0	0	25
1	0	0	46
1	0	0	46
1	0	0	46
1	0	0	58
1	0	0	58
1	0	0	58
1	0	0	46
1	0	0	50
1	0	0	15
1	0	0	6
1	0	0	46
1	0	0	58
1	0	0	4
1	0	0	46
1	0	0	46
1	0	0	46
1	0	0	46
1	0	0	46
1	0	0	46
1	0	0	46
1	0	0	50
1	0	0	25
1	0	0	20
1	0	0	41
1	0	0	59
1	0	0	46
1	0	0	29
1	0	0	29
1	0	0	29
1	0	0	29
1	0	0	59
1	0	0	35
1	0	0	12
1	0	0	7
1	0	0	46
1	0	0	46
1	0	0	46
1	0	0	46
1	0	0	46
1	0	0	20
1	0	0	29
1	0	0	23
1	0	0	51
1	0	0	56
1	0	0	59
1	0	0	25
1	0	0	12
1	0	0	31
1	0	0	59
1	0	0	59
1	0	0	59
1	0	0	45
1	0	0	45
1	0	0	20
1	0	0	45
1	0	0	52
1	0	0	45
1	0	0	45
1	0	0	39
1	0	0	42
1	0	0	39
1	0	0	7
1	0	0	57
1	0	0	45
1	0	0	10
1	0	0	31
1	0	0	31
1	0	0	31
1	0	0	31
1	0	0	45
1	0	0	45
1	0	0	20
1	0	0	45
1	0	0	45
1	0	0	45
1	0	0	39
1	0	0	39
1	0	0	39
1	0	0	45
1	0	0	45
1	0	0	20
1	0	0	57
1	0	0	45
1	0	0	45
1	0	0	45
1	0	0	45
1	0	0	20
1	0	0	20
1	0	0	20
1	0	0	20
1	0	0	20
1	0	0	20
1	0	0	20
1	0	0	45
1	0	0	45
1	0	0	45
1	0	0	20
1	0	0	20
1	0	0	20
1	0	0	20
1	0	0	39
1	0	0	20
1	0	0	20
1	0	0	20
1	0	0	20
1	0	0	20
1	0	0	20
1	0	0	20
1	0	0	20
1	0	0	20
1	0	0	39
1	0	0	39
1	0	0	20
1	0	0	20
1	0	0	20
1	0	0	20
1	0	0	20
1	0	0	7
1	0	0	50
1	0	0	58
1	0	0	58
1	0	0	41
1	0	0	14
1	0	0	14
1	0	0	55
1	0	0	55
1	0	0	55
1	0	0	41
1	0	0	14
1	0	0	41
1	0	0	25
1	0	0	20
1	0	0	32
1	0	0	12
1	0	0	19
1	0	0	41
1	0	0	34
1	0	0	55
1	0	0	55
1	0	0	55
1	0	0	41
1	0	0	41
1	0	0	38
1	0	0	20
1	0	0	10
1	0	0	21
1	0	0	10
1	0	0	7
1	0	0	18
1	0	0	48
1	0	0	55
1	0	0	41
1	0	0	57
1	0	0	25
1	0	0	24
1	0	0	32
1	0	0	32
1	0	0	53
1	0	0	53
1	0	0	24
1	0	0	4
1	0	0	34
1	0	0	27
1	0	0	45
1	0	0	13
1	0	0	9
0.1	2	1	54
0.1	3	2124	31
0.1	6	5	8
0.1	7	2126	52
0.1	8	2127	31
0.1	2128	4	50
0.1	2129	2125	7
0.1	9	2130	32
0.1	12	11	28
0.1	14	13	44
0.1	2133	2132	44
0.1	2134	10	37
0.1	2135	2131	58
0.1	15	2136	58
0.1	19	18	4
0.1	2138	17	45
0.1	20	2139	2
0.1	2140	16	31
0.1	23	22	39
0.1	24	2142	50
0.1	2143	21	13
0.1	2144	2141	57
0.1	2145	2137	58
0.1	25	2146	55
0.1	26	2147	59
0.1	37	36	3
0.1	2149	35	21
0.1	44	43	4
0.1	2151	42	38
0.1	2152	41	56
0.1	46	45	50
0.1	2154	2153	59
0.1	47	2155	20
0.1	2156	40	38
0.1	2157	39	3
0.1	2158	38	19
0.1	48	2159	18
0.1	49	2160	48
0.1	50	2161	46
0.1	51	2162	46
0.1	2163	2150	46
0.1	2164	34	46
0.1	2165	33	46
0.1	2166	32	46
0.1	2167	31	59
0.1	2168	30	59
0.1	2169	29	59
0.1	2170	28	59
0.1	52	2171	55
0.1	2172	27	59
0.1	2173	2148	59
0.1	64	63	59
0.1	65	2175	53
0.1	70	69	8
0.1	71	2177	45
0.1	72	2178	20
0.1	2179	68	53
0.1	2180	67	22
0.1	77	76	55
0.1	78	2182	54
0.1	80	79	16
0.1	85	84	11
0.1	86	2185	30
0.1	2186	83	10
0.1	87	2187	51
0.1	2188	82	38
0.1	2189	81	46
0.1	2190	2184	28
0.1	88	2191	19
0.1	89	2192	12
0.1	2193	2183	59
0.1	90	2194	56
0.1	2195	75	56
0.1	91	2196	56
0.1	95	94	30
0.1	2198	93	58
0.1	97	96	9
0.1	99	98	31
0.1	103	102	56
0.1	104	2202	37
0.1	2203	101	55
0.1	106	105	55
0.1	108	107	43
0.1	2206	2205	48
0.1	110	109	27
0.1	112	111	37
0.1	114	113	39
0.1	2210	2209	38
0.1	116	115	8
0.1	118	117	20
0.1	2213	2212	41
0.1	2214	2211	36
0.1	2215	2208	32
0.1	2216	2207	59
0.1	2217	2204	59
0.1	2218	100	59
0.1	123	122	23
0.1	2220	121	38
0.1	131	130	51
0.1	135	134	14
0.1	2223	133	40
0.1	142	141	9
0.1	2225	140	26
0.1	146	145	36
0.1	148	147	29
0.1	2228	2227	57
0.1	149	2229	51
0.1	2230	144	14
0.1	152	151	41
0.1	155	154	6
0.1	2233	153	28
0.1	2234	2232	22
0.1	2235	150	29
0.1	2236	2231	56
0.1	160	159	48
0.1	161	2238	2
0.1	2239	158	21
0.1	162	2240	24
0.1	2241	157	43
0.1	166	165	10
0.1	2243	164	20
0.1	2244	163	24
0.1	167	2245	53
0.1	2246	2242	2
0.1	173	172	28
0.1	2248	171	20
0.1	2249	170	24
0.1	174	2250	43
0.1	177	176	30
0.1	2252	175	12
0.1	178	2253	18
0.1	2254	2251	38
0.1	2255	169	45
0.1	2256	168	24
0.1	179	2257	52
0.1	2258	2247	55
0.1	2259	156	55
0.1	181	180	1
0.1	183	182	19
0.1	186	185	20
0.1	2263	184	5
0.1	188	187	7
0.1	189	2265	29
0.1	2266	2264	35
0.1	2267	2262	8
0.1	196	195	28
0.1	206	205	42
0.1	2270	204	58
0.1	2271	203	21
0.1	207	2272	19
0.1	208	2273	25
0.1	2274	202	52
0.1	2275	201	2
0.1	211	210	20
0.1	214	213	57
0.1	2278	212	27
0.1	217	216	12
0.1	219	218	11
0.1	223	222	19
0.1	232	231	17
0.1	233	2283	31
0.1	2284	230	19
0.1	234	2285	36
0.1	235	2286	21
0.1	2287	229	3
0.1	2288	228	15
0.1	2289	227	54
0.1	2290	226	55
0.1	2291	225	54
0.1	2292	224	39
0.1	2293	2282	59
0.1	2294	221	59
0.1	2295	220	59
0.1	2296	2281	47
0.1	2297	2280	47
0.1	236	2298	33
0.1	2299	215	33
0.1	2300	2279	55
0.1	2301	2277	59
0.1	2302	209	59
0.1	2303	2276	58
0.1	2304	200	59
0.1	237	2305	59
0.1	2306	199	59
0.1	2307	198	55
0.1	2308	197	55
0.1	2309	2269	57
0.1	2310	194	57
0.1	238	2311	57
0.1	2312	193	57
0.1	2313	192	57
0.1	239	2314	57
0.1	240	2315	44
0.1	246	245	37
0.1	2317	244	38
0.1	247	2318	14
0.1	2319	243	36
0.1	248	2320	29
0.1	2321	242	3
0.1	2322	241	14
0.1	2323	2316	44
0.1	2324	191	59
0.1	2325	190	59
0.1	250	249	48
0.1	251	2327	57
0.1	2328	2326	59
0.1	2329	2268	59
0.1	2330	2261	59
0.1	2331	2260	55
0.1	252	2332	55
0.1	2333	2237	55
0.1	2334	143	55
0.1	2335	2226	57
0.1	254	253	19
0.1	2337	2336	57
0.1	255	2338	57
0.1	257	256	38
0.1	2340	2339	58
0.1	258	2341	58
0.1	261	260	46
0.1	2343	259	59
0.1	2344	2342	58
0.1	2345	139	58
0.1	262	2346	58
0.1	263	2347	58
0.1	2348	138	57
0.1	2349	137	57
0.1	266	265	9
0.1	2351	264	35
0.1	2352	2350	59
0.1	2353	136	58
0.1	2354	2224	58
0.1	2355	132	58
0.1	2356	2222	58
0.1	267	2357	13
0.1	2358	129	13
0.1	2359	128	58
0.1	2360	127	58
0.1	268	2361	59
0.1	269	2362	59
0.1	270	2363	59
0.1	271	2364	59
0.1	272	2365	59
0.1	2366	126	59
0.1	273	2367	59
0.1	274	2368	51
0.1	2369	125	59
0.1	275	2370	59
0.1	2371	124	59
0.1	2372	2221	59
0.1	2373	120	59
0.1	2374	119	59
0.1	2375	2219	59
0.1	276	2376	59
0.1	2377	2201	59
0.1	2378	2200	56
0.1	277	2379	56
0.1	278	2380	56
0.1	2381	2199	56
0.1	2382	92	56
0.1	2383	2197	56
0.1	2384	74	42
0.1	279	2385	42
0.1	2386	73	51
0.1	2387	2181	51
0.1	283	282	35
0.1	284	2389	4
0.1	2390	281	39
0.1	285	2391	41
0.1	287	286	26
0.1	2393	2392	44
0.1	2394	280	25
0.1	2395	2388	51
0.1	288	2396	51
0.1	289	2397	51
0.1	290	2398	51
0.1	2399	66	53
0.1	291	2400	53
0.1	292	2401	53
0.1	293	2402	53
0.1	294	2403	56
0.1	2404	2176	56
0.1	295	2405	56
0.1	296	2406	57
0.1	2407	62	57
0.1	2408	61	57
0.1	297	2409	57
0.1	2410	60	57
0.1	298	2411	57
0.1	2412	59	57
0.1	299	2413	51
0.1	2414	58	51
0.1	2415	57	51
0.1	300	2416	54
0.1	2417	56	54
0.1	301	2418	55
0.1	302	2419	55
0.1	2420	55	55
0.1	2421	54	59
0.1	2422	53	59
0.1	303	2423	59
0.1	2424	2174	59
0.1	306	305	16
0.1	312	311	30
0.1	2427	310	2
0.1	313	2428	58
0.1	2429	309	30
0.1	2430	308	49
0.1	2431	307	58
0.1	2432	2426	36
0.1	2433	304	9
0.1	2434	2425	59
0.1	323	322	52
0.1	330	329	21
0.1	339	338	7
0.1	340	2438	43
0.1	2439	337	16
0.1	2440	336	54
0.1	2441	335	7
0.1	2442	334	30
0.1	2443	333	50
0.1	2444	332	29
0.1	341	2445	16
0.1	2446	331	32
0.1	2447	2437	58
0.1	2448	328	58
0.1	2449	327	58
0.1	2450	326	58
0.1	2451	325	59
0.1	2452	324	59
0.1	2453	2436	48
0.1	2454	321	57
0.1	342	2455	57
0.1	2456	320	57
0.1	2457	319	57
0.1	2458	318	56
0.1	2459	317	59
0.1	2460	316	59
0.1	344	343	1
0.1	2462	2461	59
0.1	345	2463	59
0.1	2464	315	30
0.1	2465	314	30
0.1	348	347	37
0.1	2467	346	42
0.1	2468	2466	59
0.1	2469	2435	59
0.1	350	349	17
0.1	353	352	23
0.1	2472	351	57
0.1	355	354	35
0.1	357	356	57
0.1	360	359	23
0.1	362	361	27
0.1	2477	2476	32
0.1	2478	358	11
0.1	363	2479	5
0.1	2480	2475	52
0.1	364	2481	28
0.1	2482	2474	38
0.1	365	2483	40
0.1	2484	2473	59
0.1	2485	2471	59
0.1	367	366	36
0.1	2487	2486	59
0.1	2488	2470	59
0.1	368	2489	59
0.1	370	369	3
0.1	2491	2490	59
0.1	371	2492	26
0.1	374	373	45
0.1	2494	372	50
0.1	2495	2493	26
0.1	375	2496	26
0.1	376	2497	26
0.1	377	2498	43
0.1	379	378	56
0.1	380	2500	16
0.1	2501	2499	43
0.1	381	2502	43
0.1	382	2503	58
0.1	383	2504	58
0.1	385	384	26
0.1	2506	2505	58
0.1	386	2507	58
0.1	388	387	34
0.1	2509	2508	58
0.1	389	2510	58
0.1	390	2511	58
0.1	391	2512	59
0.1	392	2513	59
0.1	394	393	11
0.1	2515	2514	23
0.1	395	2516	59
0.1	396	2517	59
0.1	397	2518	51
0.1	399	398	27
0.1	400	2520	40
0.1	402	401	6
0.1	2522	2521	48
0.1	2523	2519	51
0.1	403	2524	51
0.1	404	2525	51
0.1	405	2526	51
0.1	406	2527	55
0.1	409	408	51
0.1	2529	407	14
0.1	2530	2528	55
0.1	410	2531	55
0.1	411	2532	55
0.1	415	414	47
0.1	2534	413	41
0.1	2535	412	10
0.1	416	2536	27
0.1	2537	2533	55
0.1	417	2538	55
0.1	419	418	25
0.1	2540	2539	55
0.1	420	2541	55
0.1	421	2542	55
0.1	422	2543	55
0.1	423	2544	55
0.1	426	425	20
0.1	2546	424	29
0.1	429	428	50
0.1	431	430	29
0.1	432	2549	39
0.1	2550	2548	17
0.1	2551	427	31
0.1	2552	2547	26
0.1	2553	2545	55
0.1	433	2554	55
0.1	434	2555	55
0.1	436	435	12
0.1	2557	2556	59
0.1	437	2558	59
0.1	438	2559	59
0.1	439	2560	59
0.1	440	2561	59
0.1	442	441	24
0.1	2563	2562	59
0.1	444	443	30
0.1	2565	2564	59
0.1	445	2566	59
0.1	447	446	13
0.1	2568	2567	52
0.1	448	2569	52
0.1	449	2570	52
0.1	450	2571	52
0.1	451	2572	52
0.1	452	2573	52
0.1	453	2574	52
0.1	454	2575	52
0.1	455	2576	56
0.1	456	2577	56
0.1	457	2578	59
0.1	461	460	19
0.1	2580	459	24
0.1	462	2581	10
0.1	2582	458	28
0.1	2583	2579	59
0.1	463	2584	57
0.1	464	2585	57
0.1	465	2586	56
0.1	466	2587	56
0.1	468	467	43
0.1	2589	2588	56
0.1	471	470	55
0.1	2591	469	10
0.1	2592	2590	56
0.1	472	2593	56
0.1	473	2594	56
0.1	474	2595	56
0.1	477	476	23
0.1	478	2597	3
0.1	2598	475	1
0.1	2599	2596	59
0.1	479	2600	59
0.1	483	482	1
0.1	485	484	17
0.1	2603	2602	44
0.1	2604	481	5
0.1	2605	480	2
0.1	2606	2601	59
0.1	486	2607	59
0.1	489	488	4
0.1	2609	487	18
0.1	2610	2608	57
0.1	493	492	3
0.1	494	2612	22
0.1	2613	491	2
0.1	2614	490	53
0.1	2615	2611	57
0.1	495	2616	59
0.1	496	2617	59
0.1	497	2618	59
0.1	499	498	28
0.1	2620	2619	49
0.1	502	501	46
0.1	509	508	37
0.1	2623	507	27
0.1	2624	506	23
0.1	533	532	2
0.1	544	543	49
0.1	2627	542	14
0.1	2628	541	2
0.1	545	2629	39
0.1	2630	540	13
0.1	2631	539	30
0.1	2632	538	34
0.1	2633	537	19
0.1	546	2634	33
0.1	2635	536	38
0.1	2636	535	47
0.1	547	2637	51
0.1	2638	534	51
0.1	2639	2626	51
0.1	548	2640	51
0.1	2641	531	51
0.1	549	2642	51
0.1	550	2643	51
0.1	2644	530	54
0.1	2645	529	54
0.1	2646	528	54
0.1	2647	527	54
0.1	551	2648	54
0.1	2649	526	59
0.1	2650	525	59
0.1	2651	524	59
0.1	2652	523	59
0.1	552	2653	59
0.1	2654	522	8
0.1	2655	521	8
0.1	2656	520	50
0.1	553	2657	50
0.1	554	2658	50
0.1	555	2659	50
0.1	2660	519	56
0.1	2661	518	56
0.1	556	2662	56
0.1	2663	517	56
0.1	557	2664	56
0.1	2665	516	59
0.1	558	2666	57
0.1	2667	515	57
0.1	2668	514	57
0.1	559	2669	57
0.1	560	2670	57
0.1	2671	513	57
0.1	2672	512	54
0.1	561	2673	54
0.1	2674	511	54
0.1	562	2675	54
0.1	2676	510	58
0.1	2677	2625	22
0.1	567	566	9
0.1	568	2679	36
0.1	2680	565	41
0.1	569	2681	13
0.1	570	2682	34
0.1	2683	564	58
0.1	2684	563	43
0.1	2685	2678	22
0.1	571	2686	59
0.1	572	2687	59
0.1	2688	505	59
0.1	2689	504	59
0.1	2690	503	59
0.1	573	2691	59
0.1	2692	2622	59
0.1	2693	500	59
0.1	577	576	54
0.1	579	578	45
0.1	2696	2695	45
0.1	583	582	21
0.1	588	587	11
0.1	590	589	42
0.1	2700	2699	9
0.1	2701	586	33
0.1	2702	585	48
0.1	591	2703	13
0.1	601	600	47
0.1	603	602	34
0.1	613	612	47
0.1	615	614	23
0.1	617	616	49
0.1	2709	2708	9
0.1	618	2710	19
0.1	646	645	35
0.1	647	2712	6
0.1	649	648	54
0.1	2714	2713	58
0.1	2715	644	56
0.1	653	652	32
0.1	655	654	9
0.1	658	657	29
0.1	2719	656	1
0.1	2720	2718	59
0.1	661	660	40
0.1	664	663	35
0.1	673	672	24
0.1	2724	671	37
0.1	674	2725	5
0.1	2726	670	58
0.1	2727	669	28
0.1	2728	668	52
0.1	2729	667	17
0.1	675	2730	23
0.1	2731	666	14
0.1	2732	665	46
0.1	2733	2723	56
0.1	676	2734	56
0.1	2735	662	56
0.1	2736	2722	56
0.1	679	678	59
0.1	680	2738	11
0.1	2739	677	51
0.1	682	681	13
0.1	2741	2740	47
0.1	2742	2737	56
0.1	684	683	46
0.1	2744	2743	56
0.1	2745	659	57
0.1	689	688	42
0.1	699	698	37
0.1	703	702	41
0.1	704	2749	46
0.1	705	2750	14
0.1	734	733	52
0.1	736	735	45
0.1	740	739	44
0.1	2754	738	33
0.1	2755	737	11
0.1	2756	2753	19
0.1	2757	2752	39
0.1	741	2758	43
0.1	2759	732	35
0.1	2760	731	20
0.1	742	2761	38
0.1	2762	730	59
0.1	744	743	43
0.1	2764	2763	59
0.1	745	2765	59
0.1	746	2766	59
0.1	2767	729	59
0.1	749	748	22
0.1	2769	747	53
0.1	2770	2768	7
0.1	2771	728	7
0.1	2772	727	57
0.1	750	2773	57
0.1	2774	726	55
0.1	2775	725	19
0.1	751	2776	19
0.1	752	2777	19
0.1	2778	724	19
0.1	753	2779	19
0.1	754	2780	19
0.1	2781	723	19
0.1	755	2782	49
0.1	2783	722	49
0.1	2784	721	49
0.1	2785	720	49
0.1	2786	719	59
0.1	2787	718	59
0.1	2788	717	59
0.1	756	2789	57
0.1	757	2790	57
0.1	758	2791	59
0.1	759	2792	56
0.1	760	2793	56
0.1	2794	716	56
0.1	2795	715	56
0.1	761	2796	56
0.1	2797	714	56
0.1	762	2798	59
0.1	2799	713	59
0.1	763	2800	56
0.1	2801	712	56
0.1	764	2802	51
0.1	2803	711	51
0.1	766	765	28
0.1	769	768	28
0.1	770	2806	11
0.1	2807	767	18
0.1	2808	2805	47
0.1	771	2809	17
0.1	2810	2804	51
0.1	772	2811	51
0.1	791	790	49
0.1	2813	789	48
0.1	792	2814	26
0.1	793	2815	19
0.1	2816	788	9
0.1	812	811	29
0.1	2818	810	48
0.1	2819	809	24
0.1	2820	808	16
0.1	813	2821	30
0.1	814	2822	32
0.1	2823	807	19
0.1	2824	806	41
0.1	815	2825	30
0.1	2826	805	28
0.1	2827	804	53
0.1	2828	803	59
0.1	816	2829	59
0.1	2830	802	59
0.1	817	2831	59
0.1	2832	801	59
0.1	2833	800	59
0.1	2834	799	56
0.1	818	2835	56
0.1	819	2836	58
0.1	820	2837	58
0.1	2838	798	58
0.1	821	2839	58
0.1	2840	797	55
0.1	822	2841	59
0.1	2842	796	59
0.1	823	2843	59
0.1	824	2844	59
0.1	2845	795	59
0.1	825	2846	47
0.1	826	2847	47
0.1	2848	794	58
0.1	2849	2817	55
0.1	2850	787	55
0.1	827	2851	55
0.1	2852	786	58
0.1	2853	785	58
0.1	2854	784	58
0.1	2855	783	58
0.1	2856	782	58
0.1	2857	781	58
0.1	828	2858	58
0.1	2859	780	55
0.1	2860	779	55
0.1	2861	778	55
0.1	2862	777	55
0.1	829	2863	58
0.1	830	2864	58
0.1	2865	776	58
0.1	831	2866	58
0.1	832	2867	59
0.1	2868	775	59
0.1	2869	774	59
0.1	2870	773	59
0.1	853	852	38
0.1	860	859	8
0.1	2873	858	44
0.1	2874	857	29
0.1	2875	856	34
0.1	2876	855	49
0.1	2877	854	53
0.1	2878	2872	50
0.1	861	2879	26
0.1	2880	851	26
0.1	862	2881	59
0.1	2882	850	44
0.1	2883	849	44
0.1	2884	848	44
0.1	2885	847	44
0.1	2886	846	44
0.1	2887	845	44
0.1	2888	844	44
0.1	2889	843	44
0.1	2890	842	58
0.1	863	2891	58
0.1	864	2892	58
0.1	2893	841	58
0.1	866	865	3
0.1	2895	2894	35
0.1	867	2896	35
0.1	871	870	32
0.1	872	2898	59
0.1	2899	869	46
0.1	2900	868	25
0.1	2901	2897	35
0.1	873	2902	57
0.1	875	874	14
0.1	886	885	10
0.1	887	2905	10
0.1	891	890	55
0.1	2907	889	37
0.1	892	2908	48
0.1	2909	888	34
0.1	893	2910	27
0.1	894	2911	19
0.1	895	2912	19
0.1	2913	2906	47
0.1	2914	884	44
0.1	2915	883	59
0.1	2916	882	59
0.1	896	2917	59
0.1	2918	881	59
0.1	2919	880	59
0.1	2920	879	59
0.1	2921	878	55
0.1	2922	877	55
0.1	2923	876	59
0.1	2924	2904	59
0.1	2925	2903	59
0.1	2926	840	44
0.1	897	2927	57
0.1	898	2928	57
0.1	899	2929	57
0.1	2930	839	57
0.1	2931	838	57
0.1	2932	837	57
0.1	2933	836	59
0.1	900	2934	59
0.1	2935	835	59
0.1	901	2936	59
0.1	2937	834	59
0.1	902	2938	59
0.1	903	2939	59
0.1	2940	833	59
0.1	904	2941	59
0.1	922	921	19
0.1	2943	920	53
0.1	930	929	19
0.1	936	935	13
0.1	937	2946	23
0.1	950	949	3
0.1	954	953	23
0.1	955	2949	44
0.1	2950	952	6
0.1	2951	951	44
0.1	957	956	17
0.1	959	958	8
0.1	2954	2953	27
0.1	960	2955	27
0.1	2956	2952	39
0.1	2957	2948	49
0.1	2958	948	58
0.1	2959	947	58
0.1	2960	946	59
0.1	961	2961	59
0.1	2962	945	59
0.1	2963	944	59
0.1	963	962	57
0.1	2965	2964	48
0.1	2966	943	57
0.1	2967	942	57
0.1	2968	941	57
0.1	2969	940	57
0.1	2970	939	55
0.1	2971	938	59
0.1	964	2972	59
0.1	2973	2947	59
0.1	2974	934	2
0.1	2975	933	2
0.1	2976	932	59
0.1	2977	931	49
0.1	2978	2945	49
0.1	2979	928	59
0.1	2980	927	59
0.1	2981	926	59
0.1	2982	925	55
0.1	965	2983	55
0.1	2984	924	56
0.1	966	2985	56
0.1	2986	923	56
0.1	2987	2944	56
0.1	2988	919	56
0.1	2989	918	58
0.1	2990	917	58
0.1	2991	916	58
0.1	967	2992	58
0.1	968	2993	59
0.1	2994	915	59
0.1	2995	914	59
0.1	2996	913	59
0.1	2997	912	47
0.1	2998	911	53
0.1	969	2999	53
0.1	3000	910	53
0.1	3001	909	57
0.1	3002	908	57
0.1	3003	907	57
0.1	3004	906	57
0.1	3005	905	57
0.1	3006	2942	57
0.1	971	970	1
0.1	990	989	46
0.1	3009	988	52
0.1	3010	987	14
0.1	3011	986	29
0.1	991	3012	21
0.1	993	992	59
0.1	3014	3013	19
0.1	3015	985	34
0.1	3016	984	3
0.1	3017	983	51
0.1	3018	982	40
0.1	3019	981	58
0.1	3020	980	58
0.1	3021	979	58
0.1	3022	978	58
0.1	3023	977	58
0.1	994	3024	58
0.1	995	3025	59
0.1	3026	976	59
0.1	3027	975	35
0.1	3028	974	35
0.1	3029	973	59
0.1	3030	972	59
0.1	3031	3008	51
0.1	3032	3007	51
0.1	3033	2871	51
0.1	3034	2812	51
0.1	996	3035	51
0.1	997	3036	51
0.1	3037	710	51
0.1	3038	709	51
0.1	998	3039	51
0.1	999	3040	59
0.1	1000	3041	59
0.1	3042	708	59
0.1	1001	3043	59
0.1	3044	707	59
0.1	3045	706	59
0.1	1002	3046	59
0.1	1003	3047	58
0.1	3048	2751	58
0.1	1004	3049	58
0.1	3050	701	58
0.1	1005	3051	59
0.1	3052	700	59
0.1	1006	3053	59
0.1	1007	3054	58
0.1	1010	1009	55
0.1	1012	1011	18
0.1	1015	1014	42
0.1	3058	1013	22
0.1	3059	3057	27
0.1	1017	1016	20
0.1	3061	3060	25
0.1	3062	3056	26
0.1	1018	3063	6
0.1	3064	1008	32
0.1	3065	3055	58
0.1	1019	3066	58
0.1	1020	3067	58
0.1	3068	2748	58
0.1	3069	697	58
0.1	1021	3070	58
0.1	3071	696	59
0.1	1026	1025	35
0.1	3073	1024	47
0.1	3074	1023	17
0.1	3075	1022	13
0.1	3076	3072	59
0.1	1030	1029	31
0.1	3078	1028	34
0.1	3079	1027	15
0.1	3080	3077	59
0.1	1031	3081	59
0.1	1032	3082	59
0.1	3083	695	54
0.1	3084	694	54
0.1	1033	3085	52
0.1	1034	3086	52
0.1	1035	3087	52
0.1	1039	1038	22
0.1	1040	3089	34
0.1	3090	1037	39
0.1	1043	1042	31
0.1	1044	3092	44
0.1	3093	1041	33
0.1	3094	3091	56
0.1	1047	1046	3
0.1	3096	1045	41
0.1	1048	3097	55
0.1	1050	1049	55
0.1	1053	1052	47
0.1	1055	1054	13
0.1	1057	1056	11
0.1	1060	1059	54
0.1	1061	3103	8
0.1	3104	1058	34
0.1	1062	3105	7
0.1	3106	3102	37
0.1	3107	3101	56
0.1	3108	3100	6
0.1	3109	1051	48
0.1	3110	3099	59
0.1	3111	3098	52
0.1	3112	3095	52
0.1	3113	1036	52
0.1	3114	3088	52
0.1	3115	693	52
0.1	1063	3116	52
0.1	3117	692	52
0.1	3118	691	52
0.1	1064	3119	37
0.1	3120	690	37
0.1	1065	3121	37
0.1	3122	2747	56
0.1	3123	687	56
0.1	3124	686	56
0.1	1066	3125	56
0.1	1067	3126	57
0.1	1068	3127	57
0.1	1069	3128	57
0.1	1072	1071	24
0.1	3130	1070	27
0.1	3131	3129	57
0.1	1073	3132	57
0.1	3133	685	57
0.1	1074	3134	57
0.1	1076	1075	50
0.1	3136	3135	57
0.1	3137	2746	57
0.1	1077	3138	57
0.1	3139	2721	57
0.1	1082	1081	28
0.1	3141	1080	35
0.1	3142	1079	10
0.1	3143	1078	12
0.1	3144	3140	57
0.1	3145	2717	57
0.1	3146	651	57
0.1	3147	650	57
0.1	3148	2716	57
0.1	3149	643	57
0.1	1085	1084	19
0.1	3151	1083	31
0.1	3152	3150	57
0.1	1086	3153	57
0.1	1087	3154	57
0.1	3155	642	59
0.1	1090	1089	30
0.1	3157	1088	19
0.1	1093	1092	59
0.1	3159	1091	53
0.1	3160	3158	45
0.1	3161	3156	59
0.1	1094	3162	59
0.1	3163	641	59
0.1	1096	1095	18
0.1	3165	3164	58
0.1	3166	640	58
0.1	3167	639	58
0.1	3168	638	58
0.1	3169	637	58
0.1	1097	3170	58
0.1	1098	3171	58
0.1	1099	3172	59
0.1	1100	3173	59
0.1	3174	636	41
0.1	1104	1103	58
0.1	3176	1102	51
0.1	3177	1101	32
0.1	1105	3178	21
0.1	1107	1106	38
0.1	1112	1111	53
0.1	3181	1110	32
0.1	1120	1119	8
0.1	1125	1124	49
0.1	3184	1123	36
0.1	3185	1122	7
0.1	3186	1121	6
0.1	3187	3183	38
0.1	3188	1118	48
0.1	3189	1117	27
0.1	3190	1116	13
0.1	1126	3191	1
0.1	3192	1115	59
0.1	3193	1114	58
0.1	3194	1113	58
0.1	3195	3182	59
0.1	1127	3196	59
0.1	3197	1109	55
0.1	3198	1108	55
0.1	1128	3199	49
0.1	3200	3180	49
0.1	1134	1133	52
0.1	3202	1132	44
0.1	3203	1131	57
0.1	3204	1130	4
0.1	3205	1129	7
0.1	3206	3201	49
0.1	1136	1135	39
0.1	1137	3208	20
0.1	3209	3207	49
0.1	3210	3179	41
0.1	3211	3175	41
0.1	1138	3212	41
0.1	3213	635	41
0.1	1139	3214	41
0.1	3215	634	41
0.1	3216	633	56
0.1	1141	1140	29
0.1	3218	3217	56
0.1	3219	632	59
0.1	3220	631	59
0.1	1142	3221	58
0.1	3222	630	46
0.1	3223	629	46
0.1	1143	3224	46
0.1	1144	3225	59
0.1	1145	3226	59
0.1	3227	628	59
0.1	1146	3228	59
0.1	1147	3229	52
0.1	3230	627	52
0.1	3231	626	52
0.1	1150	1149	14
0.1	1151	3233	49
0.1	3234	1148	44
0.1	1153	1152	14
0.1	3236	3235	47
0.1	3237	3232	15
0.1	1155	1154	46
0.1	3239	3238	57
0.1	1157	1156	43
0.1	3241	3240	57
0.1	1158	3242	57
0.1	3243	625	57
0.1	1159	3244	57
0.1	1163	1162	40
0.1	1164	3246	55
0.1	3247	1161	52
0.1	3248	1160	57
0.1	1167	1166	32
0.1	3250	1165	48
0.1	3251	3249	8
0.1	3252	3245	57
0.1	3253	624	57
0.1	3254	623	44
0.1	1168	3255	44
0.1	1170	1169	22
0.1	3257	3256	59
0.1	1171	3258	57
0.1	3259	622	57
0.1	3260	621	57
0.1	1172	3261	59
0.1	3262	620	59
0.1	3263	619	55
0.1	3264	2711	55
0.1	1173	3265	15
0.1	3266	2707	15
0.1	3267	611	15
0.1	3268	610	50
0.1	3269	609	50
0.1	1174	3270	50
0.1	1175	3271	55
0.1	1176	3272	55
0.1	1177	3273	59
0.1	1178	3274	59
0.1	3275	608	59
0.1	1179	3276	56
0.1	3277	607	56
0.1	3278	606	56
0.1	3279	605	56
0.1	3280	604	59
0.1	3281	2706	59
0.1	3282	2705	59
0.1	3283	599	59
0.1	3284	598	59
0.1	3285	597	59
0.1	1180	3286	50
0.1	3287	596	50
0.1	3288	595	50
0.1	3289	594	50
0.1	3290	593	55
0.1	3291	592	58
0.1	1181	3292	58
0.1	3293	2704	58
0.1	3294	584	52
0.1	3295	2698	52
0.1	3296	581	52
0.1	3297	580	52
0.1	1183	1182	22
0.1	1185	1184	15
0.1	3300	3299	27
0.1	3301	3298	52
0.1	3302	2697	52
0.1	1186	3303	52
0.1	3304	575	52
0.1	3305	574	52
0.1	1188	1187	23
0.1	3307	3306	59
0.1	3308	2694	59
0.1	3309	2621	59
0.1	1190	1189	12
0.1	3311	3310	59
0.1	1192	1191	23
0.1	3313	3312	19
0.1	1193	3314	19
0.1	1196	1195	56
0.1	3316	1194	49
0.1	1197	3317	2
0.1	1200	1199	27
0.1	3319	1198	19
0.1	3320	3318	50
0.1	3321	3315	19
0.1	1213	1212	43
0.1	1215	1214	27
0.1	3324	3323	54
0.1	1217	1216	47
0.1	1234	1233	46
0.1	1239	1238	24
0.1	3328	1237	37
0.1	1240	3329	5
0.1	1241	3330	38
0.1	1242	3331	39
0.1	1243	3332	39
0.1	1244	3333	43
0.1	3334	1236	26
0.1	1245	3335	21
0.1	3336	1235	16
0.1	3337	3327	51
0.1	3338	1232	51
0.1	3339	1231	51
0.1	3340	1230	51
0.1	3341	1229	51
0.1	1246	3342	51
0.1	3343	1228	51
0.1	1247	3344	51
0.1	3345	1227	7
0.1	3346	1226	7
0.1	3347	1225	59
0.1	3348	1224	59
0.1	1248	3349	56
0.1	1249	3350	28
0.1	3351	1223	28
0.1	1251	1250	49
0.1	3353	3352	28
0.1	3354	1222	28
0.1	1252	3355	28
0.1	3356	1221	28
0.1	3357	1220	52
0.1	3358	1219	52
0.1	3359	1218	52
0.1	1253	3360	52
0.1	3361	3326	58
0.1	3362	3325	58
0.1	3363	1211	58
0.1	1255	1254	32
0.1	3365	3364	58
0.1	3366	1210	58
0.1	3367	1209	58
0.1	1256	3368	58
0.1	1257	3369	55
0.1	1258	3370	55
0.1	3371	1208	55
0.1	3372	1207	55
0.1	3373	1206	59
0.1	1260	1259	25
0.1	3375	3374	59
0.1	3376	1205	59
0.1	3377	1204	44
0.1	3378	1203	59
0.1	3379	1202	59
0.1	3380	1201	59
0.1	3381	3322	19
0.1	1261	3382	19
0.1	1262	3383	19
0.1	1264	1263	7
0.1	3385	3384	19
0.1	1265	3386	19
0.1	1266	3387	56
0.1	1267	3388	56
0.1	1268	3389	56
0.1	1269	3390	56
0.1	1270	3391	59
0.1	1271	3392	59
0.1	1272	3393	59
0.1	1273	3394	59
0.1	1276	1275	13
0.1	3396	1274	58
0.1	3397	3395	51
0.1	1277	3398	51
0.1	1278	3399	51
0.1	1279	3400	51
0.1	1280	3401	56
0.1	1281	3402	56
0.1	1282	3403	15
0.1	1284	1283	59
0.1	3405	3404	15
0.1	1285	3406	15
0.1	1288	1287	13
0.1	1289	3408	2
0.1	3409	1286	29
0.1	3410	3407	15
0.1	1290	3411	15
0.1	1292	1291	28
0.1	3413	3412	51
0.1	1293	3414	51
0.1	1294	3415	51
0.1	1296	1295	53
0.1	3417	3416	51
0.1	1298	1297	53
0.1	3419	3418	51
0.1	1299	3420	51
0.1	1301	1300	12
0.1	3422	3421	51
0.1	1302	3423	51
0.1	1303	3424	51
0.1	1304	3425	51
0.1	1306	1305	59
0.1	3427	3426	54
0.1	1307	3428	59
0.1	1308	3429	59
0.1	1309	3430	59
0.1	1310	3431	59
0.1	1312	1311	26
0.1	3433	3432	59
0.1	1313	3434	55
0.1	1314	3435	59
0.1	1315	3436	59
0.1	1316	3437	59
0.1	1317	3438	59
0.1	1318	3439	59
0.1	1319	3440	59
0.1	1320	3441	59
0.1	1321	3442	59
0.1	1322	3443	59
0.1	1323	3444	59
0.1	1325	1324	10
0.1	3446	3445	59
0.1	1329	1328	11
0.1	3448	1327	5
0.1	1330	3449	37
0.1	3450	1326	26
0.1	3451	3447	55
0.1	1331	3452	55
0.1	1332	3453	55
0.1	1333	3454	55
0.1	1334	3455	55
0.1	1335	3456	55
0.1	1337	1336	34
0.1	3458	3457	59
0.1	1338	3459	59
0.1	1339	3460	59
0.1	1340	3461	59
0.1	1341	3462	59
0.1	1342	3463	59
0.1	1343	3464	59
0.1	1344	3465	58
0.1	1345	3466	58
0.1	1346	3467	59
0.1	1347	3468	59
0.1	1348	3469	58
0.1	1349	3470	58
0.1	1350	3471	58
0.1	1352	1351	42
0.1	3473	3472	58
0.1	1353	3474	58
0.1	1354	3475	58
0.1	1357	1356	40
0.1	3477	1355	32
0.1	3478	3476	58
0.1	1358	3479	58
0.1	1359	3480	58
0.1	1360	3481	57
0.1	1362	1361	2
0.1	3483	3482	59
0.1	1364	1363	59
0.1	3485	3484	59
0.1	1365	3486	59
0.1	1368	1367	44
0.1	3488	1366	14
0.1	3489	3487	59
0.1	1371	1370	5
0.1	3491	1369	9
0.1	3492	3490	56
0.1	1372	3493	56
0.1	1373	3494	56
0.1	1374	3495	56
0.1	1375	3496	56
0.1	1376	3497	57
0.1	1379	1378	13
0.1	1382	1381	11
0.1	1383	3500	6
0.1	3501	1380	16
0.1	1384	3502	23
0.1	3503	3499	11
0.1	3504	1377	33
0.1	3505	3498	57
0.1	1387	1386	53
0.1	3507	1385	23
0.1	1389	1388	15
0.1	3509	3508	29
0.1	3510	3506	59
0.1	1390	3511	54
0.1	1394	1393	55
0.1	1395	3513	47
0.1	1396	3514	53
0.1	3515	1392	29
0.1	1397	3516	8
0.1	3517	1391	43
0.1	3518	3512	57
0.1	1399	1398	19
0.1	1403	1402	51
0.1	3521	1401	22
0.1	1404	3522	24
0.1	1405	3523	13
0.1	3524	1400	13
0.1	3525	3520	19
0.1	1408	1407	41
0.1	3527	1406	2
0.1	1411	1410	14
0.1	1412	3529	33
0.1	3530	1409	1
0.1	1416	1415	22
0.1	3532	1414	2
0.1	3533	1413	53
0.1	1417	3534	44
0.1	1418	3535	16
0.1	3536	3531	57
0.1	1419	3537	52
0.1	3538	3528	13
0.1	1421	1420	46
0.1	1422	3540	30
0.1	1423	3541	46
0.1	1424	3542	38
0.1	3543	3539	13
0.1	1427	1426	43
0.1	1430	1429	45
0.1	1432	1431	44
0.1	3547	3546	23
0.1	3548	1428	8
0.1	3549	3545	38
0.1	1435	1434	35
0.1	3551	1433	51
0.1	3552	3550	40
0.1	1437	1436	4
0.1	3554	3553	49
0.1	3555	1425	13
0.1	3556	3544	13
0.1	3557	3526	58
0.1	1438	3558	58
0.1	3559	3519	57
0.1	1439	3560	54
0.1	1440	3561	54
0.1	1441	3562	54
0.1	1442	3563	54
0.1	1449	1448	29
0.1	3565	1447	56
0.1	1450	3566	26
0.1	1451	3567	48
0.1	3568	1446	13
0.1	3569	1445	38
0.1	3570	1444	17
0.1	3571	1443	23
0.1	1452	3572	35
0.1	3573	3564	54
0.1	1453	3574	54
0.1	1454	3575	1
0.1	1455	3576	1
0.1	1458	1457	54
0.1	1459	3578	51
0.1	3579	1456	8
0.1	1460	3580	29
0.1	1462	1461	53
0.1	1464	1463	29
0.1	1466	1465	7
0.1	1468	1467	47
0.1	1469	3585	54
0.1	1470	3586	42
0.1	3587	3584	8
0.1	3588	3583	54
0.1	3589	3582	45
0.1	1474	1473	46
0.1	3591	1472	52
0.1	1481	1480	55
0.1	1488	1487	36
0.1	1517	1516	28
0.1	3595	1515	45
0.1	3596	1514	10
0.1	3597	1513	7
0.1	3598	1512	29
0.1	1518	3599	29
0.1	1519	3600	10
0.1	1520	3601	47
0.1	3602	1511	44
0.1	1521	3603	10
0.1	3604	1510	49
0.1	1522	3605	14
0.1	3606	1509	14
0.1	3607	1508	14
0.1	1523	3608	14
0.1	3609	1507	14
0.1	1527	1526	56
0.1	3611	1525	2
0.1	1531	1530	54
0.1	1533	1532	20
0.1	1544	1543	58
0.1	1550	1549	11
0.1	1551	3616	46
0.1	3617	1548	58
0.1	3618	1547	11
0.1	1552	3619	31
0.1	1553	3620	54
0.1	3621	1546	39
0.1	3622	1545	6
0.1	3623	3615	3
0.1	3624	1542	59
0.1	3625	1541	59
0.1	3626	1540	59
0.1	3627	1539	59
0.1	1554	3628	59
0.1	3629	1538	58
0.1	1555	3630	58
0.1	3631	1537	59
0.1	1561	1560	49
0.1	1563	1562	41
0.1	1564	3634	55
0.1	1567	1566	51
0.1	3636	1565	40
0.1	3637	3635	34
0.1	3638	3633	40
0.1	1575	1574	44
0.1	3640	1573	3
0.1	1578	1577	55
0.1	1579	3642	18
0.1	1591	1590	34
0.1	3644	1589	28
0.1	1592	3645	14
0.1	3646	1588	33
0.1	1593	3647	28
0.1	1594	3648	59
0.1	3649	1587	9
0.1	1596	1595	28
0.1	3651	3650	7
0.1	3652	1586	35
0.1	1597	3653	55
0.1	3654	1585	58
0.1	3655	1584	58
0.1	3656	1583	58
0.1	3657	1582	58
0.1	3658	1581	59
0.1	3659	1580	59
0.1	3660	3643	35
0.1	1598	3661	35
0.1	3662	1576	35
0.1	3663	3641	35
0.1	3664	1572	35
0.1	1599	3665	35
0.1	1600	3666	35
0.1	3667	1571	35
0.1	3668	1570	7
0.1	3669	1569	7
0.1	1601	3670	49
0.1	1604	1603	3
0.1	3672	1602	58
0.1	3673	3671	49
0.1	3674	1568	54
0.1	1605	3675	54
0.1	3676	3639	54
0.1	3677	1559	54
0.1	1606	3678	54
0.1	3679	1558	59
0.1	1607	3680	59
0.1	3681	1557	58
0.1	3682	1556	58
0.1	1608	3683	59
0.1	3684	3632	59
0.1	3685	1536	59
0.1	3686	1535	59
0.1	3687	1534	59
0.1	3688	3614	59
0.1	3689	3613	59
0.1	3690	1529	59
0.1	1609	3691	59
0.1	3692	1528	59
0.1	3693	3612	59
0.1	1610	3694	59
0.1	3695	1524	59
0.1	3696	3610	14
0.1	1611	3697	14
0.1	1612	3698	14
0.1	1613	3699	14
0.1	1614	3700	48
0.1	3701	1506	48
0.1	3702	1505	48
0.1	3703	1504	48
0.1	3704	1503	48
0.1	1615	3705	48
0.1	3706	1502	48
0.1	3707	1501	48
0.1	3708	1500	48
0.1	1616	3709	59
0.1	1617	3710	59
0.1	1618	3711	59
0.1	3712	1499	59
0.1	3713	1498	59
0.1	1624	1623	15
0.1	1625	3715	45
0.1	3716	1622	27
0.1	1626	3717	53
0.1	1627	3718	26
0.1	3719	1621	45
0.1	1628	3720	48
0.1	3721	1620	22
0.1	1630	1629	35
0.1	1631	3723	13
0.1	3724	3722	41
0.1	3725	1619	59
0.1	3726	3714	59
0.1	1632	3727	59
0.1	3728	1497	57
0.1	1633	3729	57
0.1	3730	1496	37
0.1	3731	1495	37
0.1	1634	3732	59
0.1	3733	1494	59
0.1	3734	1493	59
0.1	3735	1492	57
0.1	1635	3736	57
0.1	1636	3737	57
0.1	1637	3738	57
0.1	1638	3739	58
0.1	3740	1491	58
0.1	1639	3741	58
0.1	3742	1490	58
0.1	1640	3743	58
0.1	1641	3744	58
0.1	1642	3745	58
0.1	1643	3746	58
0.1	3747	1489	58
0.1	3748	3594	58
0.1	3749	1486	58
0.1	1644	3750	58
0.1	3751	1485	58
0.1	3752	1484	58
0.1	1645	3753	59
0.1	3754	1483	56
0.1	1646	3755	56
0.1	3756	1482	59
0.1	1647	3757	58
0.1	1648	3758	58
0.1	1649	3759	58
0.1	1650	3760	53
0.1	3761	3593	53
0.1	1654	1653	3
0.1	1655	3763	31
0.1	3764	1652	40
0.1	3765	1651	21
0.1	3766	3762	58
0.1	1656	3767	58
0.1	1657	3768	58
0.1	3769	1479	57
0.1	3770	1478	59
0.1	3771	1477	59
0.1	3772	1476	59
0.1	3773	1475	58
0.1	1661	1660	55
0.1	3775	1659	25
0.1	3776	1658	56
0.1	3777	3774	58
0.1	1662	3778	58
0.1	1663	3779	58
0.1	3780	3592	58
0.1	1664	3781	59
0.1	1665	3782	59
0.1	3783	1471	59
0.1	3784	3590	50
0.1	1666	3785	50
0.1	3786	3581	53
0.1	1669	1668	13
0.1	1672	1671	29
0.1	1674	1673	32
0.1	1679	1678	35
0.1	3791	1677	27
0.1	1686	1685	49
0.1	3793	1684	42
0.1	1692	1691	5
0.1	1694	1693	6
0.1	3796	3795	9
0.1	3797	1690	30
0.1	1697	1696	3
0.1	3799	1695	48
0.1	1698	3800	50
0.1	3801	3798	54
0.1	1707	1706	12
0.1	1708	3803	8
0.1	3804	1705	59
0.1	3805	1704	18
0.1	3806	1703	24
0.1	3807	1702	16
0.1	1709	3808	10
0.1	3809	1701	33
0.1	1710	3810	40
0.1	1711	3811	30
0.1	1712	3812	46
0.1	1713	3813	59
0.1	3814	1700	59
0.1	1715	1714	57
0.1	3816	3815	59
0.1	1716	3817	59
0.1	3818	1699	59
0.1	1717	3819	59
0.1	3820	3802	59
0.1	1718	3821	59
0.1	3822	1689	59
0.1	1719	3823	56
0.1	1723	1722	54
0.1	1726	1725	20
0.1	3826	1724	31
0.1	1734	1733	42
0.1	1735	3828	28
0.1	3829	1732	44
0.1	1736	3830	20
0.1	3831	1731	53
0.1	1737	3832	42
0.1	3833	1730	29
0.1	3834	1729	18
0.1	3835	1728	8
0.1	1739	1738	17
0.1	3837	3836	46
0.1	3838	1727	55
0.1	3839	3827	55
0.1	1740	3840	55
0.1	1741	3841	55
0.1	1742	3842	55
0.1	1743	3843	55
0.1	1746	1745	13
0.1	3845	1744	1
0.1	3846	3844	57
0.1	1748	1747	51
0.1	3848	3847	57
0.1	3849	3825	57
0.1	1751	1750	33
0.1	3851	1749	58
0.1	3852	3850	57
0.1	1752	3853	57
0.1	1754	1753	56
0.1	3855	3854	57
0.1	1755	3856	59
0.1	3857	1721	59
0.1	3858	1720	59
0.1	1756	3859	56
0.1	3860	3824	56
0.1	3861	1688	58
0.1	3862	1687	58
0.1	3863	3794	58
0.1	3864	1683	58
0.1	3865	1682	58
0.1	3866	1681	56
0.1	3867	1680	56
0.1	1757	3868	56
0.1	1758	3869	56
0.1	3870	3792	56
0.1	1762	1761	18
0.1	3872	1760	15
0.1	1767	1766	22
0.1	3874	1765	1
0.1	3875	1764	37
0.1	1768	3876	33
0.1	1769	3877	21
0.1	3878	1763	22
0.1	3879	3873	33
0.1	3880	1759	16
0.1	1770	3881	49
0.1	1771	3882	56
0.1	3883	3871	56
0.1	1774	1773	8
0.1	3885	1772	49
0.1	1776	1775	59
0.1	1779	1778	5
0.1	3888	1777	52
0.1	1782	1781	45
0.1	3890	1780	11
0.1	3891	3889	43
0.1	3892	3887	39
0.1	3893	3886	10
0.1	3894	3884	56
0.1	1783	3895	56
0.1	3896	1676	58
0.1	1784	3897	58
0.1	3898	1675	58
0.1	3899	3790	59
0.1	3900	3789	59
0.1	1788	1787	30
0.1	3902	1786	10
0.1	3903	1785	52
0.1	1791	1790	9
0.1	1792	3905	7
0.1	1794	1793	47
0.1	1795	3907	40
0.1	1796	3908	24
0.1	3909	3906	38
0.1	1799	1798	5
0.1	1800	3911	34
0.1	1801	3912	16
0.1	1802	3913	26
0.1	3914	1797	38
0.1	3915	3910	58
0.1	1803	3916	58
0.1	3917	1789	59
0.1	3918	3904	59
0.1	1806	1805	48
0.1	3920	1804	18
0.1	3921	3919	59
0.1	1823	1822	18
0.1	3923	1821	34
0.1	1825	1824	16
0.1	1836	1835	22
0.1	3926	1834	34
0.1	3927	1833	4
0.1	3928	1832	25
0.1	3929	1831	14
0.1	3930	1830	27
0.1	3931	1829	37
0.1	3932	1828	43
0.1	3933	1827	39
0.1	3934	1826	4
0.1	1837	3935	51
0.1	1838	3936	59
0.1	3937	3925	59
0.1	3938	3924	59
0.1	3939	1820	46
0.1	3940	1819	46
0.1	1840	1839	13
0.1	3942	3941	27
0.1	3943	1818	59
0.1	3944	1817	59
0.1	3945	1816	57
0.1	1841	3946	57
0.1	3947	1815	57
0.1	1842	3948	57
0.1	3949	1814	57
0.1	3950	1813	57
0.1	1843	3951	57
0.1	3952	1812	57
0.1	1845	1844	50
0.1	3954	3953	53
0.1	3955	1811	53
0.1	3956	1810	53
0.1	3957	1809	59
0.1	3958	1808	59
0.1	1846	3959	59
0.1	1847	3960	57
0.1	3961	1807	57
0.1	1848	3962	59
0.1	3963	3922	59
0.1	3964	3901	59
0.1	1851	1850	50
0.1	1857	1856	5
0.1	3967	1855	49
0.1	1858	3968	10
0.1	1859	3969	20
0.1	1860	3970	5
0.1	3971	1854	12
0.1	1861	3972	20
0.1	3973	1853	9
0.1	1862	3974	55
0.1	3975	1852	48
0.1	1863	3976	54
0.1	3977	3966	59
0.1	3978	1849	57
0.1	1865	1864	24
0.1	1866	3980	48
0.1	1869	1868	46
0.1	1870	3982	9
0.1	1874	1873	36
0.1	3984	1872	56
0.1	3985	1871	43
0.1	1875	3986	38
0.1	1877	1876	7
0.1	3988	3987	17
0.1	3989	3983	57
0.1	3990	1867	9
0.1	3991	3981	57
0.1	3992	3979	57
0.1	3993	3965	57
0.1	3994	1670	57
0.1	3995	3788	52
0.1	3996	1667	52
0.1	3997	3787	1
0.1	1879	1878	1
0.1	1881	1880	29
0.1	4000	3999	38
0.1	1885	1884	12
0.1	4002	1883	4
0.1	1887	1886	51
0.1	4004	4003	28
0.1	4005	1882	3
0.1	1891	1890	19
0.1	4007	1889	42
0.1	4008	1888	52
0.1	4009	4006	26
0.1	1896	1895	38
0.1	4011	1894	20
0.1	4012	1893	26
0.1	4013	1892	59
0.1	1898	1897	49
0.1	1902	1901	7
0.1	1904	1903	47
0.1	4017	4016	18
0.1	4018	1900	46
0.1	4019	1899	19
0.1	4020	4015	58
0.1	4021	4014	59
0.1	4022	4010	59
0.1	4023	4001	59
0.1	1907	1906	29
0.1	4025	1905	33
0.1	4026	4024	59
0.1	1911	1910	45
0.1	4028	1909	4
0.1	1916	1915	58
0.1	1928	1927	42
0.1	4031	1926	23
0.1	4032	1925	26
0.1	4033	1924	57
0.1	4034	1923	14
0.1	4035	1922	12
0.1	4036	1921	19
0.1	4037	1920	36
0.1	4038	1919	18
0.1	1929	4039	26
0.1	4040	1918	52
0.1	4041	1917	59
0.1	1931	1930	21
0.1	1932	4043	38
0.1	4044	4042	59
0.1	4045	4030	59
0.1	4046	1914	51
0.1	4047	1913	51
0.1	1933	4048	57
0.1	4049	1912	57
0.1	4050	4029	57
0.1	4051	1908	58
0.1	1936	1935	13
0.1	4053	1934	26
0.1	4054	4052	58
0.1	1937	4055	59
0.1	4056	4027	59
0.1	1939	1938	2
0.1	4058	4057	1
0.1	1946	1945	26
0.1	4060	1944	11
0.1	4061	1943	28
0.1	4062	1942	47
0.1	4063	1941	35
0.1	1963	1962	20
0.1	4065	1961	40
0.1	1970	1969	32
0.1	4067	1968	34
0.1	4068	1967	18
0.1	4069	1966	9
0.1	4070	1965	31
0.1	1971	4071	48
0.1	1972	4072	3
0.1	4073	1964	6
0.1	4074	4066	54
0.1	1973	4075	59
0.1	4076	1960	59
0.1	4077	1959	51
0.1	4078	1958	51
0.1	1974	4079	51
0.1	4080	1957	51
0.1	4081	1956	51
0.1	4082	1955	51
0.1	1975	4083	17
0.1	4084	1954	17
0.1	1976	4085	58
0.1	1977	4086	58
0.1	1978	4087	59
0.1	4088	1953	59
0.1	1979	4089	59
0.1	4090	1952	59
0.1	1980	4091	58
0.1	4092	1951	58
0.1	1987	1986	43
0.1	4094	1985	35
0.1	1995	1994	57
0.1	4096	1993	17
0.1	4097	1992	50
0.1	1996	4098	6
0.1	4099	1991	38
0.1	4100	1990	29
0.1	4101	1989	58
0.1	1997	4102	37
0.1	4103	1988	19
0.1	1998	4104	3
0.1	4105	4095	59
0.1	4106	1984	59
0.1	4107	1983	59
0.1	4108	1982	59
0.1	4109	1981	59
0.1	4110	4093	59
0.1	4111	1950	59
0.1	4112	1949	59
0.1	4113	1948	58
0.1	4114	1947	58
0.1	4115	4064	1
0.1	4116	1940	1
0.1	2003	2002	58
0.1	4118	2001	59
0.1	2004	4119	28
0.1	2017	2016	10
0.1	4121	2015	17
0.1	2018	4122	39
0.1	4123	2014	37
0.1	2019	4124	35
0.1	4125	2013	16
0.1	2020	4126	10
0.1	4127	2012	40
0.1	2021	4128	43
0.1	4129	2011	52
0.1	4130	2010	54
0.1	2025	2024	6
0.1	4132	2023	24
0.1	2031	2030	4
0.1	2035	2034	27
0.1	4135	2033	41
0.1	4136	2032	38
0.1	4137	4134	54
0.1	2036	4138	27
0.1	2037	4139	17
0.1	4140	2029	30
0.1	2038	4141	12
0.1	2039	4142	54
0.1	2040	4143	54
0.1	4144	2028	55
0.1	4145	2027	55
0.1	4146	2026	55
0.1	2043	2042	25
0.1	2045	2044	37
0.1	2053	2052	27
0.1	4150	2051	46
0.1	2058	2057	34
0.1	4152	2056	51
0.1	2059	4153	47
0.1	2060	4154	6
0.1	4155	2055	40
0.1	4156	2054	16
0.1	2061	4157	33
0.1	2062	4158	35
0.1	4159	4151	42
0.1	4160	2050	59
0.1	4161	2049	59
0.1	2063	4162	59
0.1	4163	2048	59
0.1	4164	2047	59
0.1	4165	2046	59
0.1	4166	4149	45
0.1	4167	4148	59
0.1	2069	2068	9
0.1	2070	4169	37
0.1	4170	2067	23
0.1	2071	4171	33
0.1	2072	4172	52
0.1	4173	2066	8
0.1	4174	2065	35
0.1	4175	2064	1
0.1	2073	4176	40
0.1	2074	4177	49
0.1	4178	4168	59
0.1	4179	2041	55
0.1	4180	4147	55
0.1	4181	4133	55
0.1	4182	2022	44
0.1	2075	4183	44
0.1	4184	4131	44
0.1	4185	2009	44
0.1	4186	2008	44
0.1	4187	2007	44
0.1	4188	2006	44
0.1	4189	2005	44
0.1	4190	4120	44
0.1	4191	2000	44
0.1	4192	1999	44
0.1	2076	4193	44
0.1	2078	2077	48
0.1	4195	4194	59
0.1	2083	2082	48
0.1	2090	2089	43
0.1	4198	2088	13
0.1	2092	2091	17
0.1	2093	4200	11
0.1	4201	4199	29
0.1	4202	2087	32
0.1	4203	2086	49
0.1	4204	2085	5
0.1	2094	4205	41
0.1	4206	2084	47
0.1	4207	4197	59
0.1	2096	2095	47
0.1	4209	4208	59
0.1	2097	4210	59
0.1	4211	2081	59
0.1	4212	2080	59
0.1	2099	2098	15
0.1	2100	4214	36
0.1	4215	4213	33
0.1	2101	4216	33
0.1	4217	2079	59
0.1	4218	4196	59
0.1	2104	2103	34
0.1	2105	4220	20
0.1	4221	2102	38
0.1	2111	2110	36
0.1	2114	2113	13
0.1	2116	2115	51
0.1	4225	4224	38
0.1	2117	4226	3
0.1	4227	2112	13
0.1	2119	2118	45
0.1	4229	4228	31
0.1	4230	4223	44
0.1	4231	2109	46
0.1	4232	2108	55
0.1	2120	4233	3
0.1	4234	2107	3
0.1	4235	2106	3
0.1	4236	4222	3
0.1	2122	2121	26
0.1	2123	4238	50
0.1	4239	4237	3
0.1	4240	4219	59
0.1	4241	4117	1
0.1	4242	4059	1
0.1	4243	3998	1
0.1	4244	3577	1
