1	0	0	1
1	0	0	1
1	0	0	1
1	0	0	1
1	0	0	1
1	0	0	1
1	0	0	2
1	0	0	2
1	0	0	2
1	0	0	2
1	0	0	2
1	0	0	2
1	0	0	2
1	0	0	2
1	0	0	2
1	0	0	2
1	0	0	2
1	0	0	2
1	0	0	2
1	0	0	2
1	0	0	2
1	0	0	2
1	0	0	2
1	0	0	2
1	0	0	2
1	0	0	2
1	0	0	3
1	0	0	3
1	0	0	3
1	0	0	3
1	0	0	3
1	0	0	3
1	0	0	3
1	0	0	3
1	0	0	3
1	0	0	3
1	0	0	3
1	0	0	3
1	0	0	3
1	0	0	3
1	0	0	3
1	0	0	3
1	0	0	3
1	0	0	3
1	0	0	3
1	0	0	3
1	0	0	4
1	0	0	4
1	0	0	5
1	0	0	5
1	0	0	5
1	0	0	5
1	0	0	5
1	0	0	5
1	0	0	5
1	0	0	5
1	0	0	5
1	0	0	5
1	0	0	5
1	0	0	5
1	0	0	5
1	0	0	5
1	0	0	5
1	0	0	5
1	0	0	5
1	0	0	5
1	0	0	5
1	0	0	5
1	0	0	4
1	0	0	4
1	0	0	4
1	0	0	4
1	0	0	4
1	0	0	6
1	0	0	6
1	0	0	6
1	0	0	6
1	0	0	6
1	0	0	6
1	0	0	6
1	0	0	6
1	0	0	6
1	0	0	7
1	0	0	7
1	0	0	7
1	0	0	7
1	0	0	7
1	0	0	7
1	0	0	7
1	0	0	7
1	0	0	7
1	0	0	7
1	0	0	7
1	0	0	7
1	0	0	7
1	0	0	7
1	0	0	7
1	0	0	7
1	0	0	7
1	0	0	7
1	0	0	7
1	0	0	7
1	0	0	6
1	0	0	6
1	0	0	6
1	0	0	6
1	0	0	6
1	0	0	6
1	0	0	6
1	0	0	6
1	0	0	6
1	0	0	6
1	0	0	6
1	0	0	4
1	0	0	4
1	0	0	4
1	0	0	4
1	0	0	4
1	0	0	4
1	0	0	4
1	0	0	8
1	0	0	8
1	0	0	8
1	0	0	8
1	0	0	8
1	0	0	8
1	0	0	8
1	0	0	8
1	0	0	8
1	0	0	8
1	0	0	8
1	0	0	8
1	0	0	8
1	0	0	8
1	0	0	8
1	0	0	8
1	0	0	8
1	0	0	8
1	0	0	8
1	0	0	8
1	0	0	4
1	0	0	4
1	0	0	4
1	0	0	9
1	0	0	9
1	0	0	9
1	0	0	9
1	0	0	9
1	0	0	9
1	0	0	9
1	0	0	9
1	0	0	9
1	0	0	9
1	0	0	9
1	0	0	9
1	0	0	9
1	0	0	9
1	0	0	9
1	0	0	9
1	0	0	9
1	0	0	9
1	0	0	9
1	0	0	9
1	0	0	4
1	0	0	10
1	0	0	10
1	0	0	10
1	0	0	10
1	0	0	10
1	0	0	10
1	0	0	10
1	0	0	10
1	0	0	10
1	0	0	10
1	0	0	10
1	0	0	10
1	0	0	10
1	0	0	10
1	0	0	10
1	0	0	10
1	0	0	10
1	0	0	10
1	0	0	10
1	0	0	10
1	0	0	11
1	0	0	11
1	0	0	11
1	0	0	11
1	0	0	11
1	0	0	11
1	0	0	11
1	0	0	11
1	0	0	11
1	0	0	11
1	0	0	11
1	0	0	11
1	0	0	11
1	0	0	11
1	0	0	11
1	0	0	11
1	0	0	11
1	0	0	11
1	0	0	11
1	0	0	11
1	0	0	12
1	0	0	12
1	0	0	12
1	0	0	12
1	0	0	12
1	0	0	12
1	0	0	12
1	0	0	12
1	0	0	12
1	0	0	12
1	0	0	12
1	0	0	12
1	0	0	12
1	0	0	12
1	0	0	12
1	0	0	12
1	0	0	12
1	0	0	12
1	0	0	12
1	0	0	12
1	0	0	13
1	0	0	14
1	0	0	14
1	0	0	14
1	0	0	14
1	0	0	14
1	0	0	14
1	0	0	14
1	0	0	14
1	0	0	14
1	0	0	14
1	0	0	14
1	0	0	14
1	0	0	14
1	0	0	14
1	0	0	14
1	0	0	14
1	0	0	14
1	0	0	14
1	0	0	14
1	0	0	14
1	0	0	13
1	0	0	15
1	0	0	15
1	0	0	15
1	0	0	15
1	0	0	15
1	0	0	15
1	0	0	15
1	0	0	15
1	0	0	15
1	0	0	15
1	0	0	15
1	0	0	15
1	0	0	15
1	0	0	15
1	0	0	15
1	0	0	15
1	0	0	15
1	0	0	15
1	0	0	15
1	0	0	15
1	0	0	13
1	0	0	13
1	0	0	16
1	0	0	16
1	0	0	16
1	0	0	16
1	0	0	16
1	0	0	16
1	0	0	16
1	0	0	16
1	0	0	16
1	0	0	16
1	0	0	16
1	0	0	16
1	0	0	16
1	0	0	16
1	0	0	16
1	0	0	16
1	0	0	16
1	0	0	16
1	0	0	16
1	0	0	16
1	0	0	17
1	0	0	17
1	0	0	17
1	0	0	17
1	0	0	17
1	0	0	17
1	0	0	17
1	0	0	17
1	0	0	17
1	0	0	17
1	0	0	17
1	0	0	17
1	0	0	17
1	0	0	17
1	0	0	17
1	0	0	17
1	0	0	17
1	0	0	17
1	0	0	17
1	0	0	17
1	0	0	13
1	0	0	13
1	0	0	13
1	0	0	13
1	0	0	13
1	0	0	13
1	0	0	18
1	0	0	18
1	0	0	18
1	0	0	18
1	0	0	18
1	0	0	18
1	0	0	18
1	0	0	18
1	0	0	18
1	0	0	18
1	0	0	18
1	0	0	18
1	0	0	18
1	0	0	18
1	0	0	18
1	0	0	18
1	0	0	18
1	0	0	18
1	0	0	18
1	0	0	18
1	0	0	13
1	0	0	19
1	0	0	19
1	0	0	19
1	0	0	19
1	0	0	19
1	0	0	19
1	0	0	19
1	0	0	19
1	0	0	19
1	0	0	19
1	0	0	19
1	0	0	19
1	0	0	19
1	0	0	19
1	0	0	19
1	0	0	19
1	0	0	19
1	0	0	19
1	0	0	19
1	0	0	19
1	0	0	20
1	0	0	20
1	0	0	20
1	0	0	20
1	0	0	20
1	0	0	20
1	0	0	20
1	0	0	20
1	0	0	20
1	0	0	20
1	0	0	20
1	0	0	20
1	0	0	20
1	0	0	20
1	0	0	20
1	0	0	20
1	0	0	20
1	0	0	20
1	0	0	20
1	0	0	21
1	0	0	21
1	0	0	21
1	0	0	21
1	0	0	21
1	0	0	21
1	0	0	21
1	0	0	21
1	0	0	21
1	0	0	21
1	0	0	21
1	0	0	21
1	0	0	21
1	0	0	21
1	0	0	21
1	0	0	21
1	0	0	21
1	0	0	21
1	0	0	21
1	0	0	21
1	0	0	20
1	0	0	22
1	0	0	22
1	0	0	22
1	0	0	22
1	0	0	22
1	0	0	22
1	0	0	22
1	0	0	22
1	0	0	22
1	0	0	22
1	0	0	22
1	0	0	22
1	0	0	22
1	0	0	22
1	0	0	22
1	0	0	22
1	0	0	22
1	0	0	22
1	0	0	22
1	0	0	22
1	0	0	23
1	0	0	23
1	0	0	23
1	0	0	23
1	0	0	23
1	0	0	23
1	0	0	23
1	0	0	23
1	0	0	23
1	0	0	23
1	0	0	23
1	0	0	23
1	0	0	23
1	0	0	23
1	0	0	23
1	0	0	23
1	0	0	23
1	0	0	23
1	0	0	23
1	0	0	23
1	0	0	13
1	0	0	24
1	0	0	24
1	0	0	24
1	0	0	24
1	0	0	24
1	0	0	24
1	0	0	24
1	0	0	24
1	0	0	24
1	0	0	24
1	0	0	24
1	0	0	24
1	0	0	24
1	0	0	24
1	0	0	24
1	0	0	24
1	0	0	24
1	0	0	24
1	0	0	24
1	0	0	24
1	0	0	13
1	0	0	13
1	0	0	25
1	0	0	25
1	0	0	25
1	0	0	25
1	0	0	25
1	0	0	25
1	0	0	25
1	0	0	25
1	0	0	25
1	0	0	25
1	0	0	25
1	0	0	25
1	0	0	25
1	0	0	25
1	0	0	25
1	0	0	25
1	0	0	25
1	0	0	25
1	0	0	25
1	0	0	25
1	0	0	13
1	0	0	26
1	0	0	26
1	0	0	26
1	0	0	26
1	0	0	26
1	0	0	26
1	0	0	26
1	0	0	26
1	0	0	26
1	0	0	26
1	0	0	26
1	0	0	26
1	0	0	26
1	0	0	26
1	0	0	26
1	0	0	26
1	0	0	26
1	0	0	26
1	0	0	26
1	0	0	26
1	0	0	13
1	0	0	13
1	0	0	13
1	0	0	13
1	0	0	13
1	0	0	27
1	0	0	27
1	0	0	27
1	0	0	27
1	0	0	27
1	0	0	27
1	0	0	27
1	0	0	27
1	0	0	27
1	0	0	27
1	0	0	27
1	0	0	27
1	0	0	27
1	0	0	27
1	0	0	27
1	0	0	27
1	0	0	27
1	0	0	27
1	0	0	27
1	0	0	27
1	0	0	4
1	0	0	4
1	0	0	28
1	0	0	28
1	0	0	28
1	0	0	28
1	0	0	28
1	0	0	28
1	0	0	28
1	0	0	28
1	0	0	28
1	0	0	28
1	0	0	28
1	0	0	28
1	0	0	28
1	0	0	28
1	0	0	28
1	0	0	28
1	0	0	28
1	0	0	28
1	0	0	28
1	0	0	28
1	0	0	1
1	0	0	1
1	0	0	1
1	0	0	1
1	0	0	1
1	0	0	29
1	0	0	29
1	0	0	29
1	0	0	29
1	0	0	29
1	0	0	29
1	0	0	29
1	0	0	29
1	0	0	29
1	0	0	29
1	0	0	29
1	0	0	29
1	0	0	29
1	0	0	29
1	0	0	29
1	0	0	29
1	0	0	29
1	0	0	29
1	0	0	29
1	0	0	29
1	0	0	1
1	0	0	1
1	0	0	1
1	0	0	30
1	0	0	30
1	0	0	30
1	0	0	30
1	0	0	30
1	0	0	30
1	0	0	30
1	0	0	30
1	0	0	31
1	0	0	31
1	0	0	31
1	0	0	31
1	0	0	31
1	0	0	31
1	0	0	31
1	0	0	31
1	0	0	31
1	0	0	31
1	0	0	31
1	0	0	31
1	0	0	30
1	0	0	30
1	0	0	30
1	0	0	30
1	0	0	30
1	0	0	32
1	0	0	32
1	0	0	32
1	0	0	32
1	0	0	32
1	0	0	32
1	0	0	32
1	0	0	32
1	0	0	32
1	0	0	32
1	0	0	32
1	0	0	32
1	0	0	32
1	0	0	32
1	0	0	1
1	0	0	1
1	0	0	31
1	0	0	31
1	0	0	31
1	0	0	31
1	0	0	31
1	0	0	31
1	0	0	31
1	0	0	31
1	0	0	32
1	0	0	32
1	0	0	32
1	0	0	32
1	0	0	32
1	0	0	32
1	0	0	30
1	0	0	30
1	0	0	30
1	0	0	30
1	0	0	30
1	0	0	30
1	0	0	30
1	0	0	33
1	0	0	33
1	0	0	33
1	0	0	33
1	0	0	33
1	0	0	33
1	0	0	33
1	0	0	33
1	0	0	33
1	0	0	33
1	0	0	33
1	0	0	33
1	0	0	33
1	0	0	33
1	0	0	33
1	0	0	33
1	0	0	33
1	0	0	33
1	0	0	33
1	0	0	33
1	0	0	1
1	0	0	1
1	0	0	1
1	0	0	1
0.1	2	1	1
0.1	9	8	2
0.1	662	7	2
0.1	11	10	2
0.1	12	664	2
0.1	14	13	2
0.1	666	665	2
0.1	16	15	2
0.1	668	667	2
0.1	18	17	2
0.1	20	19	2
0.1	671	670	2
0.1	672	669	2
0.1	21	673	2
0.1	674	663	2
0.1	25	24	2
0.1	26	676	2
0.1	677	23	2
0.1	678	22	2
0.1	679	675	2
0.1	28	27	3
0.1	29	681	3
0.1	31	30	3
0.1	33	32	3
0.1	684	683	3
0.1	685	682	3
0.1	35	34	3
0.1	37	36	3
0.1	688	687	3
0.1	40	39	3
0.1	690	38	3
0.1	691	689	3
0.1	44	43	3
0.1	693	42	3
0.1	694	41	3
0.1	45	695	3
0.1	46	696	3
0.1	697	692	3
0.1	698	686	3
0.1	47	699	4
0.1	50	49	5
0.1	51	701	5
0.1	54	53	5
0.1	56	55	5
0.1	704	703	5
0.1	705	52	5
0.1	706	702	5
0.1	58	57	5
0.1	61	60	5
0.1	709	59	5
0.1	63	62	5
0.1	711	710	5
0.1	712	708	5
0.1	67	66	5
0.1	68	714	5
0.1	715	65	5
0.1	716	64	5
0.1	717	713	5
0.1	718	707	5
0.1	719	48	4
0.1	720	700	4
0.1	70	69	4
0.1	71	722	4
0.1	75	74	6
0.1	78	77	6
0.1	725	76	6
0.1	80	79	6
0.1	727	726	6
0.1	728	724	6
0.1	85	84	7
0.1	86	730	7
0.1	731	83	7
0.1	89	88	7
0.1	90	733	7
0.1	734	87	7
0.1	92	91	7
0.1	736	735	7
0.1	95	94	7
0.1	98	97	7
0.1	739	96	7
0.1	740	738	7
0.1	741	93	7
0.1	100	99	7
0.1	101	743	7
0.1	744	742	7
0.1	745	737	7
0.1	102	746	7
0.1	747	732	7
0.1	104	103	6
0.1	749	748	6
0.1	107	106	6
0.1	751	105	6
0.1	752	750	6
0.1	753	82	6
0.1	110	109	6
0.1	755	108	6
0.1	112	111	6
0.1	757	756	6
0.1	113	758	6
0.1	759	754	6
0.1	760	81	6
0.1	761	729	6
0.1	762	73	4
0.1	763	72	4
0.1	764	723	4
0.1	115	114	4
0.1	766	765	4
0.1	767	721	4
0.1	117	116	4
0.1	120	119	4
0.1	770	118	4
0.1	771	769	4
0.1	125	124	8
0.1	773	123	8
0.1	774	122	8
0.1	775	121	8
0.1	129	128	8
0.1	777	127	8
0.1	778	126	8
0.1	779	776	8
0.1	131	130	8
0.1	133	132	8
0.1	134	782	8
0.1	135	783	8
0.1	784	781	8
0.1	137	136	8
0.1	138	786	8
0.1	140	139	8
0.1	788	787	8
0.1	789	785	8
0.1	790	780	8
0.1	143	142	4
0.1	792	141	4
0.1	145	144	9
0.1	148	147	9
0.1	795	146	9
0.1	151	150	9
0.1	797	149	9
0.1	153	152	9
0.1	157	156	9
0.1	800	155	9
0.1	801	154	9
0.1	802	799	9
0.1	803	798	9
0.1	804	796	9
0.1	805	794	9
0.1	160	159	9
0.1	162	161	9
0.1	808	807	9
0.1	163	809	9
0.1	810	158	9
0.1	811	806	9
0.1	812	793	4
0.1	168	167	10
0.1	814	166	10
0.1	171	170	10
0.1	175	174	10
0.1	817	173	10
0.1	818	172	10
0.1	819	816	10
0.1	820	169	10
0.1	821	815	10
0.1	822	165	10
0.1	178	177	10
0.1	824	176	10
0.1	179	825	10
0.1	181	180	10
0.1	827	826	10
0.1	828	823	10
0.1	184	183	10
0.1	830	182	10
0.1	831	829	10
0.1	832	164	4
0.1	189	188	11
0.1	190	834	11
0.1	835	187	11
0.1	836	186	11
0.1	192	191	11
0.1	838	837	11
0.1	839	185	11
0.1	193	840	11
0.1	197	196	11
0.1	842	195	11
0.1	198	843	11
0.1	844	194	11
0.1	845	841	11
0.1	200	199	11
0.1	201	847	11
0.1	203	202	11
0.1	204	849	11
0.1	850	848	11
0.1	851	846	11
0.1	206	205	12
0.1	207	853	12
0.1	209	208	12
0.1	212	211	12
0.1	856	210	12
0.1	857	855	12
0.1	858	854	12
0.1	214	213	12
0.1	217	216	12
0.1	861	215	12
0.1	862	860	12
0.1	219	218	12
0.1	224	223	12
0.1	865	222	12
0.1	866	221	12
0.1	867	220	12
0.1	868	864	12
0.1	869	863	12
0.1	870	859	12
0.1	871	852	4
0.1	872	833	4
0.1	873	813	4
0.1	874	791	4
0.1	875	772	4
0.1	227	226	14
0.1	232	231	14
0.1	878	230	14
0.1	879	229	14
0.1	880	228	14
0.1	234	233	14
0.1	236	235	14
0.1	237	883	14
0.1	239	238	14
0.1	885	884	14
0.1	886	882	14
0.1	242	241	14
0.1	888	240	14
0.1	243	889	14
0.1	244	890	14
0.1	245	891	14
0.1	892	887	14
0.1	893	881	14
0.1	894	877	14
0.1	246	895	13
0.1	896	225	13
0.1	249	248	15
0.1	898	247	15
0.1	253	252	15
0.1	900	251	15
0.1	901	250	15
0.1	257	256	15
0.1	903	255	15
0.1	258	904	15
0.1	905	254	15
0.1	261	260	15
0.1	907	259	15
0.1	908	906	15
0.1	909	902	15
0.1	264	263	15
0.1	266	265	15
0.1	912	911	15
0.1	913	262	15
0.1	914	910	15
0.1	915	899	15
0.1	268	267	13
0.1	270	269	16
0.1	271	918	16
0.1	273	272	16
0.1	274	920	16
0.1	277	276	16
0.1	278	922	16
0.1	280	279	16
0.1	924	923	16
0.1	925	275	16
0.1	926	921	16
0.1	281	927	16
0.1	928	919	16
0.1	283	282	16
0.1	287	286	16
0.1	931	285	16
0.1	288	932	16
0.1	933	284	16
0.1	934	930	16
0.1	935	929	16
0.1	291	290	17
0.1	937	289	17
0.1	292	938	17
0.1	294	293	17
0.1	298	297	17
0.1	941	296	17
0.1	942	295	17
0.1	943	940	17
0.1	300	299	17
0.1	945	944	17
0.1	302	301	17
0.1	303	947	17
0.1	948	946	17
0.1	949	939	17
0.1	305	304	17
0.1	308	307	17
0.1	952	306	17
0.1	953	951	17
0.1	954	950	17
0.1	955	936	17
0.1	310	309	13
0.1	311	957	13
0.1	958	956	13
0.1	316	315	18
0.1	318	317	18
0.1	321	320	18
0.1	962	319	18
0.1	323	322	18
0.1	324	964	18
0.1	965	963	18
0.1	966	961	18
0.1	327	326	18
0.1	968	325	18
0.1	969	967	18
0.1	331	330	18
0.1	333	332	18
0.1	334	972	18
0.1	973	971	18
0.1	974	329	18
0.1	975	328	18
0.1	976	970	18
0.1	977	960	18
0.1	335	978	13
0.1	339	338	19
0.1	980	337	19
0.1	340	981	19
0.1	982	336	19
0.1	344	343	19
0.1	984	342	19
0.1	985	341	19
0.1	346	345	19
0.1	987	986	19
0.1	348	347	19
0.1	351	350	19
0.1	990	349	19
0.1	354	353	19
0.1	355	992	19
0.1	993	352	19
0.1	994	991	19
0.1	995	989	19
0.1	996	988	19
0.1	997	983	19
0.1	357	356	20
0.1	358	999	20
0.1	361	360	20
0.1	1001	359	20
0.1	364	363	20
0.1	1003	362	20
0.1	367	366	20
0.1	1005	365	20
0.1	1006	1004	20
0.1	1007	1002	20
0.1	368	1008	20
0.1	1009	1000	20
0.1	371	370	20
0.1	373	372	20
0.1	378	377	21
0.1	1013	376	21
0.1	382	381	21
0.1	1015	380	21
0.1	383	1016	21
0.1	384	1017	21
0.1	385	1018	21
0.1	1019	379	21
0.1	388	387	21
0.1	1021	386	21
0.1	1022	1020	21
0.1	392	391	21
0.1	1024	390	21
0.1	1025	389	21
0.1	1026	1023	21
0.1	1027	1014	21
0.1	1028	375	21
0.1	394	393	21
0.1	1030	1029	21
0.1	1031	374	20
0.1	1032	1012	20
0.1	397	396	22
0.1	400	399	22
0.1	1035	398	22
0.1	402	401	22
0.1	1037	1036	22
0.1	403	1038	22
0.1	1039	1034	22
0.1	405	404	22
0.1	406	1041	22
0.1	407	1042	22
0.1	1043	1040	22
0.1	409	408	22
0.1	412	411	22
0.1	1046	410	22
0.1	413	1047	22
0.1	414	1048	22
0.1	1049	1045	22
0.1	415	1050	22
0.1	1051	1044	22
0.1	1052	395	20
0.1	1053	1033	20
0.1	1054	1011	20
0.1	417	416	23
0.1	418	1056	23
0.1	421	420	23
0.1	422	1058	23
0.1	1059	419	23
0.1	424	423	23
0.1	1061	1060	23
0.1	426	425	23
0.1	428	427	23
0.1	1064	1063	23
0.1	430	429	23
0.1	1066	1065	23
0.1	432	431	23
0.1	1068	1067	23
0.1	435	434	23
0.1	1070	433	23
0.1	1071	1069	23
0.1	1072	1062	23
0.1	1073	1057	23
0.1	1074	1055	20
0.1	1075	369	20
0.1	1076	1010	20
0.1	1077	998	13
0.1	1078	979	13
0.1	1079	314	13
0.1	1080	313	13
0.1	439	438	24
0.1	442	441	24
0.1	1083	440	24
0.1	443	1084	24
0.1	1085	1082	24
0.1	448	447	24
0.1	1087	446	24
0.1	1088	445	24
0.1	1089	444	24
0.1	1090	1086	24
0.1	451	450	24
0.1	1092	449	24
0.1	456	455	24
0.1	1094	454	24
0.1	1095	453	24
0.1	1096	452	24
0.1	1097	1093	24
0.1	1098	1091	24
0.1	1099	437	24
0.1	457	1100	13
0.1	462	461	25
0.1	466	465	25
0.1	1103	464	25
0.1	1104	463	25
0.1	1105	1102	25
0.1	1106	460	25
0.1	469	468	25
0.1	470	1108	25
0.1	1109	467	25
0.1	473	472	25
0.1	1111	471	25
0.1	475	474	25
0.1	1113	1112	25
0.1	477	476	25
0.1	478	1115	25
0.1	1116	1114	25
0.1	1117	1110	25
0.1	1118	1107	25
0.1	1119	459	25
0.1	1120	458	13
0.1	1121	1101	13
0.1	1122	436	13
0.1	482	481	26
0.1	1124	480	26
0.1	485	484	26
0.1	486	1126	26
0.1	487	1127	26
0.1	1128	483	26
0.1	489	488	26
0.1	1130	1129	26
0.1	493	492	26
0.1	1132	491	26
0.1	494	1133	26
0.1	495	1134	26
0.1	1135	490	26
0.1	496	1136	26
0.1	498	497	26
0.1	499	1138	26
0.1	1139	1137	26
0.1	1140	1131	26
0.1	1141	1125	26
0.1	1142	479	13
0.1	1143	1123	13
0.1	1144	1081	13
0.1	1145	312	13
0.1	502	501	13
0.1	1147	500	13
0.1	504	503	13
0.1	1149	1148	13
0.1	1150	1146	13
0.1	1151	959	13
0.1	1152	917	13
0.1	1153	916	13
0.1	1154	897	13
0.1	1155	876	4
0.1	1156	768	4
0.1	506	505	27
0.1	507	1158	27
0.1	509	508	27
0.1	511	510	27
0.1	1161	1160	27
0.1	1162	1159	27
0.1	513	512	27
0.1	515	514	27
0.1	516	1165	27
0.1	1166	1164	27
0.1	517	1167	27
0.1	520	519	27
0.1	1169	518	27
0.1	522	521	27
0.1	524	523	27
0.1	1172	1171	27
0.1	1173	1170	27
0.1	1174	1168	27
0.1	1175	1163	27
0.1	526	525	4
0.1	528	527	28
0.1	530	529	28
0.1	532	531	28
0.1	534	533	28
0.1	535	1181	28
0.1	1182	1180	28
0.1	1183	1179	28
0.1	1184	1178	28
0.1	538	537	28
0.1	1186	536	28
0.1	1187	1185	28
0.1	541	540	28
0.1	1189	539	28
0.1	544	543	28
0.1	546	545	28
0.1	1192	1191	28
0.1	1193	542	28
0.1	1194	1190	28
0.1	1195	1188	28
0.1	1196	1177	4
0.1	1197	1176	4
0.1	1198	1157	4
0.1	1199	680	4
0.1	547	1200	1
0.1	1201	6	1
0.1	1202	5	1
0.1	1203	4	1
0.1	549	548	1
0.1	1205	1204	1
0.1	1206	3	1
0.1	1207	661	1
0.1	551	550	1
0.1	556	555	29
0.1	1210	554	29
0.1	1211	553	29
0.1	1212	552	29
0.1	558	557	29
0.1	559	1214	29
0.1	560	1215	29
0.1	1216	1213	29
0.1	564	563	29
0.1	1218	562	29
0.1	1219	561	29
0.1	565	1220	29
0.1	566	1221	29
0.1	568	567	29
0.1	569	1223	29
0.1	571	570	29
0.1	1225	1224	29
0.1	1226	1222	29
0.1	1227	1217	29
0.1	573	572	1
0.1	1229	1228	1
0.1	574	1230	1
0.1	1231	1209	1
0.1	581	580	30
0.1	1233	579	30
0.1	1234	578	30
0.1	1235	577	30
0.1	584	583	31
0.1	585	1237	31
0.1	587	586	31
0.1	590	589	31
0.1	1240	588	31
0.1	592	591	31
0.1	593	1242	31
0.1	1243	1241	31
0.1	594	1244	31
0.1	1245	1239	31
0.1	1246	1238	31
0.1	595	1247	30
0.1	1248	582	30
0.1	597	596	30
0.1	599	598	30
0.1	1251	1250	30
0.1	1252	1249	30
0.1	1253	1236	30
0.1	603	602	32
0.1	1255	601	32
0.1	1256	600	32
0.1	605	604	32
0.1	606	1258	32
0.1	1259	1257	32
0.1	610	609	32
0.1	1261	608	32
0.1	1262	607	32
0.1	612	611	32
0.1	1264	1263	32
0.1	615	614	1
0.1	617	616	31
0.1	618	1267	31
0.1	620	619	31
0.1	621	1269	31
0.1	1270	1268	31
0.1	623	622	31
0.1	1272	1271	31
0.1	1273	1266	31
0.1	624	1274	32
0.1	1275	613	32
0.1	625	1276	32
0.1	628	627	32
0.1	629	1278	32
0.1	1279	626	32
0.1	1280	1277	32
0.1	1281	1265	32
0.1	1282	1260	32
0.1	633	632	30
0.1	635	634	30
0.1	1285	1284	30
0.1	1286	631	30
0.1	636	1287	30
0.1	1288	630	30
0.1	1289	1283	30
0.1	1290	1254	30
0.1	1291	576	30
0.1	1292	575	30
0.1	1293	1232	1
0.1	638	637	33
0.1	640	639	33
0.1	1296	1295	33
0.1	642	641	33
0.1	1298	1297	33
0.1	644	643	33
0.1	646	645	33
0.1	647	1301	33
0.1	649	648	33
0.1	651	650	33
0.1	653	652	33
0.1	1305	1304	33
0.1	655	654	33
0.1	656	1307	33
0.1	1308	1306	33
0.1	1309	1303	33
0.1	1310	1302	33
0.1	1311	1300	33
0.1	1312	1299	33
0.1	658	657	1
0.1	1314	1313	1
0.1	659	1315	1
0.1	660	1316	1
0.1	1317	1294	1
0.1	1318	1208	1
