1	0	0	1
1	0	0	2
1	0	0	3
1	0	0	4
1	0	0	4
1	0	0	5
1	0	0	6
1	0	0	6
1	0	0	7
1	0	0	8
1	0	0	8
1	0	0	9
1	0	0	1
1	0	0	5
1	0	0	10
1	0	0	11
1	0	0	11
1	0	0	12
1	0	0	13
1	0	0	5
1	0	0	14
1	0	0	14
1	0	0	15
1	0	0	5
1	0	0	16
1	0	0	17
1	0	0	18
1	0	0	6
1	0	0	6
1	0	0	11
1	0	0	5
1	0	0	11
1	0	0	5
1	0	0	5
1	0	0	19
1	0	0	20
1	0	0	20
1	0	0	20
1	0	0	20
1	0	0	20
1	0	0	20
1	0	0	20
1	0	0	20
1	0	0	20
1	0	0	20
1	0	0	13
1	0	0	21
1	0	0	5
1	0	0	17
1	0	0	6
1	0	0	16
1	0	0	16
1	0	0	2
1	0	0	22
1	0	0	3
1	0	0	19
1	0	0	19
1	0	0	2
1	0	0	23
1	0	0	2
1	0	0	24
1	0	0	24
1	0	0	25
1	0	0	26
1	0	0	19
1	0	0	4
1	0	0	3
1	0	0	19
1	0	0	19
1	0	0	19
1	0	0	25
1	0	0	8
1	0	0	3
1	0	0	23
1	0	0	4
1	0	0	27
1	0	0	2
1	0	0	3
1	0	0	28
1	0	0	19
1	0	0	19
1	0	0	19
1	0	0	19
1	0	0	2
1	0	0	29
1	0	0	19
1	0	0	1
1	0	0	13
1	0	0	13
1	0	0	13
1	0	0	12
1	0	0	13
1	0	0	13
1	0	0	12
1	0	0	30
1	0	0	30
1	0	0	30
1	0	0	29
1	0	0	1
1	0	0	1
1	0	0	1
1	0	0	13
1	0	0	29
1	0	0	31
1	0	0	32
1	0	0	1
1	0	0	13
1	0	0	12
1	0	0	29
1	0	0	29
1	0	0	12
1	0	0	33
1	0	0	34
1	0	0	13
1	0	0	13
1	0	0	16
1	0	0	16
1	0	0	35
1	0	0	35
1	0	0	35
1	0	0	35
1	0	0	35
1	0	0	13
1	0	0	36
1	0	0	21
1	0	0	27
1	0	0	37
1	0	0	19
1	0	0	38
1	0	0	19
1	0	0	2
1	0	0	25
1	0	0	27
1	0	0	27
1	0	0	27
1	0	0	39
1	0	0	39
1	0	0	39
1	0	0	40
1	0	0	21
1	0	0	2
1	0	0	21
1	0	0	21
1	0	0	20
1	0	0	41
1	0	0	41
1	0	0	2
1	0	0	41
1	0	0	41
1	0	0	41
1	0	0	25
1	0	0	25
1	0	0	12
1	0	0	37
1	0	0	21
1	0	0	21
1	0	0	21
1	0	0	8
1	0	0	8
1	0	0	42
1	0	0	43
1	0	0	42
1	0	0	12
1	0	0	12
1	0	0	25
1	0	0	25
1	0	0	25
1	0	0	25
1	0	0	25
1	0	0	25
1	0	0	12
1	0	0	2
1	0	0	12
1	0	0	44
1	0	0	44
1	0	0	2
1	0	0	4
1	0	0	4
1	0	0	3
1	0	0	31
1	0	0	31
1	0	0	4
1	0	0	13
1	0	0	45
1	0	0	31
1	0	0	31
1	0	0	31
1	0	0	21
1	0	0	31
1	0	0	31
1	0	0	31
1	0	0	31
1	0	0	31
1	0	0	31
1	0	0	31
1	0	0	21
1	0	0	31
1	0	0	31
1	0	0	11
1	0	0	31
1	0	0	21
1	0	0	31
1	0	0	31
1	0	0	31
1	0	0	31
1	0	0	8
1	0	0	8
1	0	0	8
1	0	0	31
1	0	0	45
1	0	0	31
1	0	0	31
1	0	0	31
1	0	0	31
1	0	0	45
1	0	0	2
1	0	0	17
1	0	0	46
1	0	0	46
1	0	0	46
1	0	0	13
1	0	0	47
1	0	0	8
1	0	0	8
1	0	0	48
1	0	0	19
1	0	0	37
1	0	0	7
1	0	0	6
1	0	0	6
1	0	0	3
1	0	0	19
1	0	0	37
1	0	0	6
1	0	0	30
1	0	0	47
1	0	0	10
1	0	0	29
1	0	0	12
1	0	0	3
1	0	0	3
1	0	0	3
1	0	0	3
1	0	0	37
1	0	0	37
1	0	0	13
1	0	0	4
1	0	0	6
1	0	0	2
1	0	0	29
1	0	0	37
1	0	0	19
1	0	0	10
1	0	0	49
1	0	0	10
1	0	0	24
1	0	0	37
1	0	0	2
1	0	0	25
1	0	0	6
1	0	0	4
1	0	0	4
1	0	0	4
1	0	0	50
1	0	0	6
1	0	0	6
1	0	0	7
1	0	0	6
1	0	0	22
1	0	0	5
1	0	0	16
1	0	0	16
1	0	0	25
1	0	0	25
1	0	0	25
1	0	0	25
1	0	0	25
1	0	0	25
1	0	0	5
1	0	0	35
1	0	0	22
1	0	0	22
1	0	0	22
1	0	0	22
1	0	0	22
1	0	0	22
1	0	0	27
1	0	0	27
1	0	0	22
1	0	0	22
1	0	0	22
1	0	0	22
1	0	0	22
1	0	0	22
1	0	0	22
1	0	0	22
1	0	0	22
1	0	0	22
1	0	0	22
1	0	0	22
1	0	0	22
1	0	0	22
1	0	0	22
1	0	0	22
1	0	0	22
1	0	0	20
1	0	0	5
1	0	0	6
1	0	0	6
1	0	0	25
1	0	0	47
1	0	0	37
1	0	0	1
1	0	0	13
1	0	0	13
1	0	0	2
1	0	0	16
1	0	0	16
1	0	0	16
1	0	0	16
1	0	0	15
1	0	0	13
1	0	0	34
1	0	0	45
1	0	0	4
1	0	0	33
1	0	0	33
1	0	0	31
1	0	0	33
1	0	0	37
1	0	0	13
1	0	0	36
1	0	0	12
1	0	0	45
1	0	0	45
1	0	0	45
1	0	0	3
1	0	0	11
1	0	0	19
1	0	0	19
1	0	0	45
1	0	0	45
1	0	0	51
1	0	0	37
1	0	0	37
1	0	0	37
1	0	0	37
1	0	0	13
1	0	0	13
1	0	0	37
1	0	0	37
1	0	0	6
1	0	0	16
1	0	0	16
1	0	0	46
1	0	0	10
1	0	0	2
1	0	0	22
1	0	0	34
1	0	0	45
1	0	0	45
1	0	0	12
1	0	0	12
1	0	0	12
1	0	0	36
1	0	0	34
1	0	0	6
1	0	0	6
1	0	0	6
1	0	0	27
1	0	0	6
1	0	0	47
1	0	0	19
1	0	0	29
1	0	0	25
1	0	0	25
1	0	0	25
1	0	0	22
1	0	0	27
1	0	0	5
1	0	0	31
1	0	0	31
1	0	0	31
1	0	0	5
1	0	0	29
1	0	0	29
1	0	0	32
1	0	0	6
1	0	0	11
1	0	0	11
1	0	0	19
1	0	0	19
1	0	0	4
1	0	0	24
1	0	0	22
1	0	0	17
1	0	0	13
1	0	0	47
1	0	0	47
1	0	0	29
1	0	0	46
1	0	0	46
1	0	0	8
1	0	0	11
1	0	0	11
1	0	0	26
1	0	0	26
1	0	0	26
1	0	0	26
1	0	0	26
1	0	0	30
1	0	0	39
1	0	0	26
1	0	0	26
1	0	0	26
1	0	0	30
1	0	0	26
1	0	0	45
1	0	0	45
1	0	0	45
1	0	0	52
1	0	0	24
1	0	0	26
1	0	0	6
1	0	0	30
1	0	0	26
1	0	0	26
1	0	0	26
1	0	0	26
1	0	0	26
1	0	0	26
1	0	0	21
1	0	0	13
1	0	0	13
1	0	0	2
1	0	0	19
1	0	0	19
1	0	0	26
1	0	0	26
1	0	0	13
1	0	0	26
1	0	0	25
1	0	0	38
1	0	0	13
1	0	0	10
1	0	0	6
1	0	0	4
1	0	0	45
1	0	0	8
1	0	0	12
1	0	0	52
1	0	0	46
1	0	0	29
1	0	0	36
1	0	0	8
1	0	0	25
1	0	0	24
1	0	0	29
1	0	0	20
1	0	0	2
1	0	0	21
1	0	0	11
1	0	0	21
1	0	0	38
1	0	0	12
1	0	0	37
1	0	0	26
1	0	0	26
1	0	0	7
1	0	0	31
1	0	0	28
1	0	0	27
1	0	0	25
1	0	0	19
1	0	0	24
1	0	0	24
1	0	0	26
1	0	0	29
1	0	0	8
1	0	0	48
1	0	0	29
1	0	0	27
1	0	0	45
1	0	0	26
1	0	0	28
1	0	0	25
1	0	0	46
1	0	0	27
1	0	0	25
1	0	0	33
1	0	0	48
1	0	0	29
1	0	0	37
1	0	0	10
1	0	0	29
1	0	0	34
1	0	0	6
1	0	0	53
1	0	0	50
1	0	0	4
1	0	0	31
1	0	0	2
1	0	0	29
1	0	0	38
1	0	0	29
1	0	0	6
1	0	0	6
1	0	0	6
1	0	0	7
1	0	0	6
1	0	0	54
1	0	0	6
1	0	0	45
1	0	0	19
1	0	0	54
1	0	0	25
1	0	0	25
1	0	0	51
1	0	0	48
1	0	0	14
1	0	0	48
1	0	0	45
1	0	0	40
1	0	0	40
1	0	0	40
1	0	0	12
1	0	0	52
1	0	0	14
1	0	0	31
1	0	0	51
1	0	0	33
1	0	0	43
1	0	0	36
1	0	0	13
1	0	0	19
1	0	0	11
1	0	0	44
1	0	0	14
1	0	0	44
1	0	0	37
1	0	0	11
1	0	0	44
1	0	0	23
1	0	0	44
1	0	0	32
1	0	0	13
1	0	0	55
1	0	0	13
1	0	0	14
1	0	0	46
1	0	0	46
1	0	0	46
1	0	0	19
1	0	0	45
1	0	0	14
1	0	0	52
1	0	0	38
1	0	0	11
1	0	0	44
1	0	0	37
1	0	0	33
1	0	0	48
1	0	0	23
1	0	0	38
1	0	0	47
1	0	0	11
1	0	0	38
1	0	0	14
1	0	0	19
1	0	0	48
1	0	0	11
1	0	0	28
1	0	0	38
1	0	0	26
1	0	0	52
1	0	0	19
1	0	0	45
1	0	0	50
1	0	0	11
1	0	0	28
1	0	0	11
1	0	0	11
1	0	0	39
1	0	0	28
1	0	0	27
1	0	0	52
1	0	0	55
1	0	0	3
1	0	0	14
1	0	0	42
1	0	0	10
1	0	0	14
1	0	0	46
1	0	0	54
1	0	0	51
1	0	0	51
1	0	0	21
1	0	0	47
1	0	0	27
1	0	0	28
1	0	0	3
1	0	0	29
1	0	0	45
1	0	0	45
1	0	0	45
1	0	0	14
1	0	0	12
1	0	0	50
1	0	0	46
1	0	0	38
1	0	0	52
1	0	0	52
1	0	0	50
1	0	0	50
1	0	0	50
1	0	0	50
1	0	0	50
1	0	0	24
1	0	0	11
1	0	0	13
1	0	0	31
1	0	0	2
1	0	0	54
1	0	0	3
1	0	0	25
1	0	0	45
1	0	0	4
1	0	0	39
1	0	0	12
1	0	0	52
1	0	0	50
1	0	0	37
1	0	0	14
1	0	0	39
1	0	0	12
1	0	0	11
1	0	0	11
1	0	0	32
1	0	0	50
1	0	0	45
1	0	0	2
1	0	0	28
1	0	0	45
1	0	0	2
1	0	0	14
1	0	0	42
1	0	0	11
1	0	0	38
1	0	0	48
1	0	0	48
1	0	0	19
1	0	0	47
1	0	0	26
1	0	0	26
1	0	0	12
1	0	0	48
1	0	0	14
1	0	0	37
1	0	0	23
1	0	0	23
1	0	0	11
1	0	0	43
1	0	0	48
1	0	0	2
1	0	0	33
1	0	0	13
1	0	0	48
1	0	0	48
1	0	0	48
1	0	0	43
1	0	0	19
1	0	0	19
1	0	0	19
1	0	0	28
1	0	0	11
1	0	0	56
1	0	0	56
1	0	0	6
1	0	0	17
1	0	0	5
1	0	0	6
1	0	0	5
1	0	0	14
1	0	0	25
1	0	0	47
1	0	0	15
1	0	0	38
1	0	0	25
1	0	0	25
1	0	0	25
1	0	0	5
1	0	0	38
1	0	0	56
1	0	0	8
1	0	0	8
1	0	0	8
1	0	0	23
1	0	0	52
1	0	0	52
1	0	0	52
1	0	0	52
1	0	0	52
1	0	0	39
1	0	0	39
1	0	0	18
1	0	0	18
1	0	0	18
1	0	0	17
1	0	0	35
1	0	0	5
1	0	0	38
1	0	0	54
1	0	0	14
1	0	0	11
1	0	0	11
1	0	0	11
1	0	0	11
1	0	0	11
1	0	0	11
1	0	0	11
1	0	0	11
1	0	0	11
1	0	0	52
1	0	0	52
1	0	0	52
1	0	0	40
1	0	0	37
1	0	0	6
1	0	0	26
1	0	0	50
1	0	0	50
1	0	0	8
1	0	0	28
1	0	0	19
1	0	0	6
1	0	0	17
1	0	0	35
1	0	0	34
1	0	0	5
1	0	0	5
1	0	0	17
1	0	0	5
1	0	0	5
1	0	0	5
1	0	0	5
1	0	0	5
1	0	0	5
1	0	0	32
1	0	0	50
1	0	0	20
1	0	0	5
1	0	0	5
1	0	0	5
1	0	0	5
1	0	0	5
1	0	0	5
1	0	0	5
1	0	0	5
1	0	0	5
1	0	0	5
1	0	0	5
1	0	0	19
1	0	0	10
1	0	0	4
1	0	0	14
1	0	0	23
1	0	0	38
1	0	0	23
1	0	0	23
1	0	0	23
1	0	0	23
1	0	0	23
1	0	0	3
1	0	0	3
1	0	0	28
1	0	0	10
1	0	0	44
1	0	0	54
1	0	0	23
1	0	0	7
1	0	0	7
1	0	0	38
1	0	0	38
1	0	0	7
1	0	0	7
1	0	0	7
1	0	0	38
1	0	0	14
1	0	0	47
1	0	0	14
1	0	0	31
1	0	0	11
1	0	0	11
1	0	0	46
1	0	0	34
1	0	0	13
1	0	0	32
1	0	0	4
1	0	0	39
1	0	0	48
1	0	0	43
1	0	0	38
1	0	0	15
1	0	0	52
1	0	0	37
1	0	0	28
1	0	0	12
1	0	0	12
1	0	0	27
1	0	0	14
1	0	0	47
1	0	0	14
1	0	0	19
1	0	0	52
1	0	0	55
1	0	0	39
1	0	0	34
1	0	0	52
1	0	0	45
1	0	0	11
1	0	0	28
1	0	0	45
1	0	0	19
1	0	0	47
1	0	0	38
1	0	0	43
1	0	0	29
1	0	0	41
1	0	0	38
1	0	0	50
1	0	0	37
1	0	0	37
1	0	0	45
1	0	0	47
1	0	0	28
1	0	0	51
1	0	0	22
1	0	0	30
1	0	0	43
1	0	0	38
1	0	0	28
1	0	0	4
1	0	0	38
1	0	0	30
1	0	0	47
1	0	0	28
1	0	0	13
1	0	0	41
1	0	0	50
1	0	0	19
1	0	0	14
1	0	0	19
1	0	0	30
1	0	0	11
1	0	0	19
1	0	0	47
1	0	0	19
1	0	0	38
1	0	0	23
1	0	0	23
1	0	0	45
1	0	0	26
1	0	0	46
1	0	0	14
1	0	0	31
1	0	0	21
1	0	0	9
1	0	0	15
1	0	0	6
1	0	0	15
1	0	0	15
1	0	0	15
1	0	0	22
1	0	0	15
1	0	0	22
1	0	0	22
1	0	0	1
1	0	0	47
1	0	0	47
1	0	0	21
1	0	0	15
1	0	0	15
1	0	0	43
1	0	0	47
1	0	0	43
1	0	0	27
1	0	0	15
1	0	0	15
1	0	0	15
1	0	0	43
1	0	0	22
1	0	0	22
1	0	0	57
1	0	0	47
1	0	0	47
1	0	0	47
1	0	0	15
1	0	0	15
1	0	0	15
1	0	0	15
1	0	0	37
1	0	0	37
1	0	0	37
1	0	0	5
1	0	0	15
1	0	0	15
1	0	0	39
1	0	0	48
1	0	0	31
1	0	0	7
1	0	0	38
1	0	0	34
1	0	0	19
1	0	0	19
1	0	0	52
1	0	0	52
1	0	0	14
1	0	0	37
1	0	0	24
1	0	0	24
1	0	0	42
1	0	0	39
1	0	0	50
1	0	0	27
1	0	0	27
1	0	0	27
1	0	0	27
1	0	0	27
1	0	0	14
1	0	0	32
1	0	0	32
1	0	0	45
1	0	0	45
1	0	0	45
1	0	0	45
1	0	0	45
1	0	0	45
1	0	0	45
1	0	0	45
1	0	0	45
1	0	0	45
1	0	0	45
1	0	0	45
1	0	0	45
1	0	0	45
1	0	0	45
1	0	0	4
1	0	0	32
1	0	0	12
1	0	0	32
1	0	0	32
1	0	0	32
1	0	0	32
1	0	0	32
1	0	0	31
1	0	0	25
1	0	0	25
1	0	0	25
1	0	0	2
1	0	0	14
1	0	0	5
1	0	0	17
1	0	0	35
1	0	0	35
1	0	0	5
1	0	0	7
1	0	0	17
1	0	0	5
1	0	0	13
1	0	0	38
1	0	0	5
1	0	0	50
1	0	0	50
1	0	0	50
1	0	0	50
1	0	0	50
1	0	0	35
1	0	0	5
1	0	0	16
1	0	0	5
1	0	0	19
1	0	0	47
1	0	0	38
1	0	0	1
1	0	0	1
1	0	0	25
1	0	0	25
1	0	0	25
1	0	0	27
1	0	0	25
1	0	0	21
1	0	0	21
1	0	0	21
1	0	0	21
1	0	0	21
1	0	0	23
1	0	0	13
1	0	0	38
1	0	0	2
1	0	0	35
1	0	0	19
1	0	0	33
1	0	0	10
1	0	0	19
1	0	0	45
1	0	0	53
1	0	0	33
1	0	0	37
1	0	0	8
1	0	0	28
1	0	0	30
1	0	0	33
1	0	0	33
1	0	0	13
1	0	0	37
1	0	0	53
1	0	0	50
1	0	0	50
1	0	0	50
1	0	0	50
1	0	0	50
1	0	0	23
1	0	0	12
1	0	0	29
1	0	0	9
1	0	0	47
1	0	0	47
1	0	0	47
1	0	0	47
1	0	0	45
1	0	0	27
1	0	0	52
1	0	0	13
1	0	0	12
1	0	0	41
1	0	0	40
1	0	0	45
1	0	0	23
1	0	0	14
1	0	0	50
1	0	0	39
1	0	0	14
1	0	0	19
1	0	0	38
1	0	0	6
1	0	0	5
1	0	0	38
1	0	0	20
1	0	0	28
1	0	0	16
1	0	0	5
1	0	0	17
1	0	0	5
1	0	0	5
1	0	0	48
1	0	0	34
1	0	0	34
1	0	0	46
1	0	0	44
1	0	0	44
1	0	0	44
1	0	0	53
1	0	0	3
1	0	0	30
1	0	0	13
1	0	0	36
1	0	0	53
1	0	0	53
1	0	0	53
1	0	0	13
1	0	0	13
1	0	0	53
1	0	0	50
1	0	0	50
1	0	0	25
1	0	0	27
1	0	0	28
1	0	0	21
1	0	0	21
1	0	0	19
1	0	0	8
1	0	0	8
1	0	0	53
1	0	0	21
1	0	0	53
1	0	0	3
1	0	0	30
1	0	0	53
1	0	0	53
1	0	0	3
1	0	0	28
1	0	0	8
1	0	0	53
1	0	0	53
1	0	0	53
1	0	0	19
1	0	0	12
1	0	0	8
1	0	0	8
1	0	0	19
1	0	0	2
1	0	0	38
1	0	0	53
1	0	0	36
1	0	0	46
1	0	0	2
1	0	0	21
1	0	0	36
1	0	0	53
1	0	0	43
1	0	0	30
1	0	0	30
1	0	0	12
1	0	0	30
1	0	0	53
1	0	0	23
1	0	0	21
1	0	0	21
1	0	0	30
1	0	0	30
1	0	0	51
1	0	0	2
1	0	0	20
1	0	0	35
1	0	0	6
1	0	0	53
1	0	0	34
1	0	0	33
1	0	0	53
1	0	0	56
1	0	0	6
1	0	0	26
1	0	0	13
1	0	0	2
1	0	0	11
1	0	0	36
1	0	0	2
1	0	0	47
1	0	0	48
1	0	0	38
1	0	0	39
1	0	0	50
1	0	0	11
1	0	0	12
1	0	0	12
1	0	0	45
1	0	0	30
1	0	0	25
1	0	0	28
1	0	0	53
1	0	0	26
1	0	0	21
1	0	0	39
1	0	0	45
1	0	0	52
1	0	0	50
1	0	0	50
1	0	0	51
1	0	0	28
1	0	0	31
1	0	0	40
1	0	0	53
1	0	0	43
1	0	0	27
1	0	0	40
1	0	0	39
1	0	0	38
1	0	0	38
1	0	0	38
1	0	0	38
1	0	0	38
1	0	0	27
1	0	0	39
1	0	0	38
1	0	0	43
1	0	0	25
1	0	0	11
1	0	0	14
1	0	0	54
1	0	0	48
1	0	0	40
1	0	0	27
1	0	0	42
1	0	0	11
1	0	0	42
1	0	0	48
1	0	0	42
1	0	0	14
1	0	0	42
1	0	0	12
1	0	0	12
1	0	0	42
1	0	0	42
1	0	0	12
1	0	0	42
1	0	0	12
1	0	0	12
1	0	0	12
1	0	0	12
1	0	0	12
1	0	0	12
1	0	0	30
1	0	0	46
1	0	0	53
1	0	0	3
1	0	0	26
1	0	0	3
1	0	0	3
1	0	0	3
1	0	0	28
1	0	0	24
1	0	0	3
1	0	0	47
1	0	0	3
1	0	0	3
1	0	0	43
1	0	0	54
1	0	0	2
1	0	0	53
1	0	0	2
1	0	0	46
1	0	0	10
1	0	0	11
1	0	0	26
1	0	0	21
1	0	0	25
1	0	0	26
1	0	0	22
1	0	0	22
1	0	0	25
1	0	0	11
1	0	0	11
1	0	0	11
1	0	0	58
1	0	0	10
1	0	0	13
1	0	0	53
1	0	0	22
1	0	0	42
1	0	0	42
1	0	0	12
1	0	0	30
1	0	0	12
1	0	0	12
1	0	0	12
1	0	0	42
1	0	0	42
1	0	0	42
1	0	0	42
1	0	0	42
1	0	0	42
1	0	0	14
1	0	0	14
1	0	0	48
1	0	0	48
1	0	0	48
1	0	0	56
1	0	0	13
1	0	0	38
1	0	0	16
1	0	0	16
1	0	0	14
1	0	0	14
1	0	0	14
1	0	0	40
1	0	0	14
1	0	0	45
1	0	0	45
1	0	0	8
1	0	0	20
1	0	0	16
1	0	0	16
1	0	0	11
1	0	0	48
1	0	0	14
1	0	0	32
1	0	0	32
1	0	0	32
1	0	0	32
1	0	0	32
1	0	0	32
1	0	0	32
1	0	0	32
1	0	0	48
1	0	0	48
1	0	0	13
1	0	0	13
1	0	0	47
1	0	0	13
1	0	0	13
1	0	0	14
1	0	0	14
1	0	0	14
1	0	0	14
1	0	0	13
1	0	0	13
1	0	0	13
1	0	0	13
1	0	0	13
1	0	0	13
1	0	0	13
1	0	0	32
1	0	0	48
1	0	0	48
1	0	0	48
1	0	0	39
1	0	0	14
1	0	0	42
1	0	0	39
1	0	0	12
1	0	0	39
1	0	0	39
1	0	0	39
1	0	0	25
1	0	0	31
1	0	0	15
1	0	0	15
1	0	0	15
1	0	0	54
1	0	0	54
1	0	0	54
1	0	0	53
1	0	0	27
1	0	0	27
1	0	0	53
1	0	0	53
1	0	0	51
1	0	0	40
1	0	0	53
1	0	0	53
1	0	0	53
1	0	0	53
1	0	0	53
1	0	0	14
1	0	0	53
1	0	0	53
1	0	0	53
1	0	0	53
1	0	0	53
1	0	0	18
1	0	0	18
1	0	0	18
1	0	0	18
1	0	0	18
1	0	0	18
1	0	0	18
1	0	0	18
1	0	0	53
1	0	0	18
1	0	0	18
1	0	0	2
1	0	0	2
1	0	0	28
1	0	0	54
1	0	0	21
1	0	0	10
1	0	0	53
1	0	0	36
1	0	0	24
1	0	0	12
1	0	0	34
1	0	0	58
1	0	0	58
1	0	0	56
1	0	0	27
1	0	0	2
1	0	0	56
1	0	0	49
1	0	0	56
1	0	0	40
1	0	0	47
1	0	0	36
1	0	0	28
1	0	0	56
1	0	0	54
1	0	0	36
1	0	0	38
1	0	0	23
1	0	0	2
1	0	0	13
1	0	0	20
1	0	0	32
1	0	0	10
1	0	0	31
1	0	0	45
1	0	0	9
1	0	0	2
1	0	0	2
1	0	0	54
1	0	0	2
1	0	0	55
1	0	0	10
1	0	0	31
1	0	0	23
1	0	0	54
1	0	0	2
1	0	0	55
1	0	0	10
1	0	0	10
1	0	0	2
1	0	0	31
1	0	0	38
1	0	0	38
1	0	0	53
1	0	0	59
1	0	0	59
1	0	0	59
1	0	0	38
1	0	0	57
1	0	0	49
1	0	0	49
1	0	0	56
1	0	0	27
1	0	0	56
1	0	0	17
1	0	0	56
1	0	0	58
1	0	0	27
1	0	0	58
1	0	0	38
1	0	0	26
1	0	0	26
1	0	0	26
1	0	0	21
1	0	0	38
1	0	0	34
1	0	0	17
1	0	0	59
1	0	0	29
1	0	0	38
1	0	0	38
1	0	0	49
1	0	0	49
1	0	0	29
1	0	0	29
1	0	0	56
1	0	0	57
1	0	0	20
1	0	0	38
1	0	0	38
1	0	0	55
1	0	0	15
1	0	0	22
1	0	0	22
1	0	0	40
1	0	0	47
1	0	0	47
1	0	0	55
1	0	0	55
1	0	0	55
1	0	0	15
1	0	0	15
1	0	0	15
1	0	0	27
1	0	0	41
1	0	0	24
1	0	0	20
1	0	0	20
1	0	0	41
1	0	0	15
1	0	0	59
1	0	0	59
1	0	0	59
1	0	0	59
1	0	0	59
1	0	0	56
1	0	0	56
1	0	0	59
1	0	0	59
1	0	0	59
1	0	0	59
1	0	0	59
1	0	0	56
1	0	0	56
1	0	0	56
1	0	0	56
1	0	0	56
1	0	0	56
1	0	0	56
1	0	0	56
1	0	0	9
1	0	0	57
1	0	0	57
1	0	0	38
1	0	0	38
1	0	0	27
1	0	0	39
1	0	0	38
1	0	0	38
1	0	0	38
1	0	0	38
1	0	0	38
1	0	0	38
1	0	0	38
1	0	0	38
1	0	0	38
1	0	0	38
1	0	0	38
1	0	0	38
1	0	0	38
1	0	0	38
1	0	0	36
1	0	0	9
1	0	0	36
1	0	0	36
1	0	0	36
1	0	0	34
1	0	0	27
1	0	0	34
1	0	0	38
1	0	0	54
1	0	0	27
1	0	0	27
1	0	0	27
1	0	0	41
1	0	0	41
1	0	0	27
1	0	0	15
1	0	0	15
1	0	0	15
1	0	0	15
1	0	0	56
1	0	0	48
1	0	0	42
1	0	0	58
1	0	0	58
1	0	0	58
1	0	0	58
1	0	0	58
1	0	0	58
1	0	0	58
1	0	0	58
1	0	0	58
1	0	0	58
1	0	0	58
1	0	0	58
1	0	0	58
1	0	0	58
1	0	0	58
1	0	0	58
1	0	0	58
1	0	0	58
1	0	0	58
1	0	0	53
1	0	0	53
1	0	0	54
1	0	0	56
1	0	0	54
1	0	0	54
1	0	0	58
1	0	0	58
1	0	0	59
1	0	0	38
1	0	0	5
1	0	0	54
1	0	0	27
1	0	0	56
1	0	0	20
1	0	0	49
1	0	0	27
1	0	0	49
1	0	0	49
1	0	0	49
1	0	0	49
1	0	0	49
1	0	0	49
1	0	0	49
1	0	0	49
1	0	0	49
1	0	0	49
1	0	0	49
1	0	0	49
1	0	0	49
1	0	0	49
1	0	0	58
1	0	0	58
1	0	0	58
1	0	0	58
1	0	0	58
1	0	0	34
1	0	0	27
1	0	0	59
1	0	0	54
1	0	0	14
1	0	0	11
1	0	0	14
1	0	0	14
1	0	0	56
1	0	0	34
1	0	0	45
1	0	0	45
1	0	0	37
1	0	0	45
1	0	0	45
1	0	0	45
1	0	0	45
1	0	0	34
1	0	0	49
1	0	0	14
1	0	0	38
1	0	0	49
1	0	0	56
1	0	0	34
1	0	0	54
1	0	0	39
1	0	0	39
1	0	0	39
1	0	0	39
1	0	0	38
1	0	0	38
1	0	0	54
1	0	0	56
1	0	0	37
1	0	0	23
1	0	0	2
1	0	0	50
1	0	0	14
1	0	0	59
1	0	0	27
1	0	0	27
1	0	0	27
1	0	0	49
1	0	0	29
1	0	0	49
1	0	0	58
1	0	0	58
1	0	0	49
1	0	0	56
1	0	0	59
1	0	0	56
1	0	0	56
1	0	0	27
1	0	0	17
1	0	0	56
1	0	0	26
1	0	0	17
1	0	0	56
1	0	0	20
1	0	0	17
1	0	0	29
1	0	0	27
1	0	0	56
1	0	0	56
1	0	0	56
1	0	0	17
1	0	0	17
1	0	0	56
1	0	0	59
1	0	0	38
1	0	0	56
1	0	0	56
1	0	0	16
1	0	0	57
1	0	0	49
1	0	0	49
1	0	0	49
1	0	0	34
1	0	0	56
1	0	0	27
1	0	0	9
1	0	0	9
1	0	0	57
1	0	0	57
1	0	0	57
1	0	0	57
1	0	0	57
1	0	0	57
1	0	0	34
1	0	0	10
1	0	0	38
1	0	0	38
1	0	0	34
1	0	0	34
1	0	0	34
1	0	0	21
1	0	0	57
1	0	0	56
1	0	0	56
1	0	0	7
1	0	0	20
1	0	0	56
1	0	0	56
1	0	0	56
1	0	0	38
1	0	0	38
1	0	0	38
1	0	0	54
1	0	0	56
1	0	0	56
1	0	0	34
1	0	0	26
1	0	0	56
1	0	0	56
1	0	0	56
1	0	0	37
1	0	0	20
1	0	0	15
1	0	0	37
1	0	0	37
1	0	0	37
1	0	0	37
1	0	0	41
1	0	0	11
1	0	0	11
1	0	0	11
1	0	0	11
1	0	0	11
1	0	0	11
1	0	0	11
1	0	0	11
1	0	0	11
1	0	0	16
1	0	0	34
1	0	0	56
1	0	0	58
1	0	0	44
1	0	0	34
1	0	0	58
1	0	0	58
1	0	0	34
1	0	0	26
1	0	0	54
1	0	0	56
1	0	0	58
1	0	0	56
1	0	0	58
1	0	0	56
1	0	0	34
1	0	0	54
1	0	0	56
1	0	0	47
1	0	0	54
1	0	0	58
1	0	0	56
1	0	0	54
1	0	0	36
1	0	0	33
1	0	0	38
1	0	0	38
1	0	0	56
1	0	0	54
1	0	0	54
1	0	0	54
1	0	0	57
1	0	0	57
1	0	0	57
1	0	0	34
1	0	0	26
1	0	0	58
1	0	0	28
1	0	0	26
1	0	0	56
1	0	0	56
1	0	0	56
1	0	0	5
1	0	0	54
1	0	0	43
1	0	0	33
1	0	0	56
1	0	0	54
1	0	0	56
1	0	0	56
1	0	0	17
1	0	0	1
1	0	0	54
1	0	0	11
1	0	0	11
1	0	0	11
1	0	0	11
1	0	0	25
1	0	0	39
1	0	0	48
1	0	0	40
1	0	0	37
1	0	0	11
1	0	0	39
1	0	0	23
1	0	0	23
1	0	0	11
1	0	0	11
1	0	0	11
1	0	0	12
1	0	0	11
1	0	0	11
1	0	0	11
1	0	0	11
1	0	0	16
1	0	0	27
1	0	0	1
1	0	0	14
1	0	0	3
1	0	0	3
1	0	0	29
1	0	0	52
1	0	0	38
1	0	0	14
1	0	0	38
1	0	0	27
1	0	0	27
1	0	0	20
1	0	0	12
1	0	0	53
1	0	0	8
1	0	0	4
1	0	0	4
1	0	0	4
1	0	0	14
1	0	0	48
1	0	0	48
1	0	0	48
1	0	0	48
1	0	0	48
1	0	0	48
1	0	0	48
1	0	0	48
1	0	0	48
1	0	0	42
1	0	0	45
1	0	0	3
1	0	0	3
1	0	0	48
1	0	0	47
1	0	0	7
1	0	0	47
1	0	0	47
1	0	0	34
1	0	0	27
1	0	0	47
1	0	0	47
1	0	0	57
1	0	0	47
1	0	0	47
1	0	0	54
1	0	0	54
1	0	0	54
1	0	0	54
1	0	0	54
1	0	0	54
1	0	0	54
1	0	0	54
1	0	0	54
1	0	0	54
1	0	0	54
1	0	0	54
1	0	0	57
1	0	0	57
1	0	0	54
1	0	0	54
1	0	0	54
1	0	0	57
1	0	0	57
1	0	0	57
1	0	0	54
1	0	0	54
1	0	0	54
1	0	0	54
1	0	0	47
1	0	0	47
1	0	0	47
1	0	0	54
1	0	0	54
1	0	0	54
1	0	0	54
1	0	0	54
1	0	0	54
1	0	0	58
1	0	0	47
1	0	0	47
1	0	0	58
1	0	0	54
1	0	0	47
1	0	0	27
1	0	0	57
1	0	0	15
1	0	0	57
1	0	0	47
1	0	0	47
1	0	0	47
1	0	0	54
1	0	0	54
1	0	0	47
1	0	0	20
1	0	0	47
1	0	0	47
1	0	0	47
1	0	0	34
1	0	0	34
1	0	0	34
1	0	0	27
1	0	0	27
1	0	0	2
1	0	0	12
1	0	0	5
1	0	0	49
1	0	0	54
1	0	0	26
1	0	0	26
1	0	0	26
1	0	0	26
1	0	0	26
1	0	0	26
1	0	0	49
1	0	0	26
1	0	0	26
1	0	0	52
1	0	0	26
1	0	0	26
1	0	0	26
1	0	0	38
1	0	0	36
1	0	0	23
1	0	0	59
1	0	0	53
1	0	0	27
1	0	0	26
1	0	0	27
1	0	0	26
1	0	0	26
1	0	0	26
1	0	0	26
1	0	0	26
1	0	0	20
1	0	0	20
1	0	0	20
1	0	0	18
1	0	0	18
1	0	0	18
1	0	0	18
1	0	0	18
1	0	0	18
1	0	0	18
1	0	0	18
1	0	0	18
1	0	0	18
1	0	0	18
1	0	0	18
1	0	0	18
1	0	0	27
1	0	0	1
1	0	0	1
1	0	0	1
1	0	0	1
1	0	0	27
1	0	0	39
1	0	0	47
1	0	0	51
1	0	0	44
1	0	0	17
1	0	0	41
1	0	0	20
1	0	0	17
1	0	0	34
1	0	0	34
1	0	0	34
1	0	0	34
1	0	0	34
1	0	0	17
1	0	0	1
1	0	0	34
1	0	0	17
1	0	0	5
1	0	0	17
1	0	0	17
1	0	0	39
1	0	0	1
1	0	0	49
1	0	0	49
1	0	0	49
1	0	0	11
1	0	0	27
1	0	0	27
1	0	0	58
1	0	0	58
1	0	0	56
1	0	0	34
1	0	0	51
1	0	0	23
1	0	0	56
1	0	0	27
1	0	0	27
1	0	0	27
1	0	0	19
1	0	0	49
1	0	0	19
1	0	0	19
1	0	0	56
1	0	0	34
1	0	0	44
1	0	0	44
1	0	0	34
1	0	0	44
1	0	0	44
1	0	0	19
1	0	0	25
1	0	0	19
1	0	0	51
1	0	0	51
1	0	0	51
1	0	0	24
1	0	0	10
1	0	0	24
1	0	0	24
1	0	0	24
1	0	0	45
1	0	0	23
1	0	0	21
1	0	0	2
1	0	0	2
1	0	0	39
1	0	0	38
1	0	0	24
1	0	0	55
1	0	0	10
1	0	0	10
1	0	0	10
1	0	0	2
1	0	0	33
1	0	0	44
1	0	0	23
1	0	0	53
1	0	0	23
1	0	0	58
1	0	0	52
1	0	0	45
1	0	0	24
1	0	0	24
1	0	0	9
1	0	0	2
1	0	0	20
1	0	0	38
1	0	0	59
1	0	0	59
1	0	0	59
1	0	0	59
1	0	0	59
1	0	0	37
1	0	0	27
1	0	0	54
1	0	0	26
1	0	0	49
1	0	0	14
1	0	0	26
1	0	0	56
1	0	0	1
1	0	0	1
1	0	0	42
1	0	0	42
1	0	0	14
1	0	0	42
1	0	0	42
1	0	0	42
1	0	0	42
1	0	0	13
1	0	0	16
1	0	0	6
1	0	0	5
1	0	0	17
1	0	0	18
1	0	0	19
1	0	0	25
1	0	0	25
1	0	0	48
1	0	0	5
1	0	0	48
1	0	0	6
1	0	0	6
1	0	0	34
1	0	0	38
1	0	0	44
1	0	0	19
1	0	0	44
1	0	0	33
1	0	0	32
1	0	0	45
1	0	0	45
1	0	0	27
1	0	0	12
1	0	0	29
1	0	0	19
1	0	0	19
1	0	0	44
1	0	0	44
1	0	0	13
1	0	0	50
1	0	0	44
1	0	0	48
1	0	0	15
1	0	0	15
1	0	0	15
1	0	0	15
1	0	0	15
1	0	0	15
1	0	0	1
1	0	0	1
1	0	0	24
1	0	0	43
1	0	0	43
1	0	0	47
1	0	0	47
1	0	0	2
1	0	0	1
1	0	0	16
1	0	0	14
1	0	0	1
1	0	0	1
1	0	0	12
1	0	0	12
1	0	0	12
1	0	0	12
1	0	0	19
1	0	0	44
1	0	0	44
1	0	0	40
1	0	0	40
1	0	0	40
1	0	0	40
1	0	0	40
1	0	0	51
1	0	0	48
1	0	0	41
1	0	0	39
1	0	0	39
1	0	0	50
0.1	3	2	29
0.1	2124	1	22
0.1	4	2125	45
0.1	5	2126	29
0.1	6	2127	26
0.1	12	11	43
0.1	2129	10	36
0.1	2130	9	39
0.1	2131	8	53
0.1	2132	7	9
0.1	2133	2128	38
0.1	15	14	15
0.1	17	16	49
0.1	20	19	28
0.1	2137	18	24
0.1	22	21	23
0.1	29	28	28
0.1	30	2140	17
0.1	38	37	38
0.1	43	42	17
0.1	2143	41	23
0.1	2144	40	12
0.1	44	2145	31
0.1	2146	39	51
0.1	2147	2142	49
0.1	45	2148	13
0.1	2149	36	42
0.1	47	46	46
0.1	2151	2150	39
0.1	70	69	39
0.1	2153	68	33
0.1	71	2154	35
0.1	2155	67	53
0.1	2156	66	26
0.1	72	2157	38
0.1	2158	65	28
0.1	73	2159	2
0.1	2160	64	17
0.1	2161	63	36
0.1	2162	62	54
0.1	2163	61	44
0.1	74	2164	44
0.1	2165	60	44
0.1	2166	59	44
0.1	2167	58	44
0.1	2168	57	44
0.1	2169	56	44
0.1	2170	55	44
0.1	83	82	32
0.1	2172	81	45
0.1	2173	80	9
0.1	2174	79	33
0.1	2175	78	7
0.1	96	95	29
0.1	105	104	9
0.1	106	2178	47
0.1	107	2179	59
0.1	2180	103	36
0.1	108	2181	41
0.1	2182	102	52
0.1	2183	101	7
0.1	2184	100	49
0.1	2185	99	36
0.1	109	2186	1
0.1	2187	98	38
0.1	110	2188	58
0.1	111	2189	58
0.1	2190	97	58
0.1	2191	2177	58
0.1	2192	94	58
0.1	2193	93	59
0.1	112	2194	59
0.1	2195	92	54
0.1	2196	91	54
0.1	2197	90	54
0.1	2198	89	54
0.1	2199	88	54
0.1	2200	87	59
0.1	114	113	31
0.1	2202	2201	59
0.1	115	2203	59
0.1	2204	86	59
0.1	117	116	40
0.1	2206	2205	4
0.1	118	2207	58
0.1	120	119	48
0.1	2209	2208	58
0.1	122	121	20
0.1	2211	2210	58
0.1	123	2212	58
0.1	2213	85	58
0.1	2214	84	58
0.1	126	125	1
0.1	135	134	11
0.1	2217	133	25
0.1	140	139	52
0.1	2219	138	1
0.1	141	2220	15
0.1	2221	137	57
0.1	2222	136	39
0.1	2223	2218	20
0.1	2224	132	37
0.1	142	2225	43
0.1	2226	131	37
0.1	146	145	20
0.1	149	148	36
0.1	2229	147	57
0.1	150	2230	57
0.1	2231	2228	51
0.1	157	156	9
0.1	2233	155	29
0.1	2234	154	6
0.1	159	158	14
0.1	2236	2235	9
0.1	160	2237	2
0.1	161	2238	44
0.1	162	2239	12
0.1	2240	153	37
0.1	163	2241	49
0.1	2242	152	50
0.1	2243	151	19
0.1	164	2244	19
0.1	165	2245	19
0.1	167	166	50
0.1	2247	2246	19
0.1	170	169	51
0.1	2249	168	38
0.1	2250	2248	19
0.1	171	2251	19
0.1	172	2252	19
0.1	173	2253	55
0.1	2254	2232	55
0.1	2255	144	55
0.1	2256	143	55
0.1	2257	2227	55
0.1	175	174	23
0.1	176	2259	5
0.1	2260	2258	55
0.1	2261	130	55
0.1	2262	129	55
0.1	178	177	23
0.1	2264	2263	58
0.1	2265	128	58
0.1	2266	127	58
0.1	2267	2216	59
0.1	2268	124	59
0.1	179	2269	59
0.1	2270	2215	58
0.1	188	187	52
0.1	192	191	36
0.1	198	197	47
0.1	201	200	37
0.1	2275	199	42
0.1	2276	2274	43
0.1	2277	196	22
0.1	2278	195	23
0.1	202	2279	6
0.1	203	2280	17
0.1	2281	194	21
0.1	204	2282	9
0.1	2283	193	44
0.1	2284	2273	53
0.1	205	2285	53
0.1	2286	190	53
0.1	2287	189	53
0.1	207	206	9
0.1	208	2289	25
0.1	2290	2288	53
0.1	209	2291	59
0.1	2292	2272	59
0.1	210	2293	59
0.1	211	2294	57
0.1	212	2295	59
0.1	2296	186	59
0.1	2297	185	59
0.1	213	2298	59
0.1	214	2299	59
0.1	2300	184	52
0.1	2301	183	52
0.1	2302	182	59
0.1	215	2303	54
0.1	2304	181	54
0.1	2305	180	54
0.1	2306	2271	58
0.1	217	216	27
0.1	219	218	39
0.1	220	2309	55
0.1	221	2310	32
0.1	2311	2308	24
0.1	2312	2307	58
0.1	2313	2176	58
0.1	222	2314	58
0.1	224	223	27
0.1	2316	2315	58
0.1	2317	77	58
0.1	225	2318	59
0.1	2319	76	59
0.1	242	241	22
0.1	2321	240	43
0.1	243	2322	32
0.1	245	244	19
0.1	251	250	7
0.1	2325	249	44
0.1	2326	248	45
0.1	252	2327	28
0.1	2328	247	19
0.1	2329	246	43
0.1	2330	2324	50
0.1	2331	2323	59
0.1	253	2332	59
0.1	2333	239	59
0.1	2334	238	59
0.1	254	2335	59
0.1	255	2336	59
0.1	256	2337	58
0.1	2338	237	58
0.1	2339	236	59
0.1	2340	235	59
0.1	2341	234	59
0.1	257	2342	59
0.1	2343	233	56
0.1	2344	232	58
0.1	2345	231	58
0.1	2346	230	58
0.1	2347	229	59
0.1	258	2348	42
0.1	2349	228	42
0.1	259	2350	42
0.1	260	2351	59
0.1	2352	227	59
0.1	2353	226	59
0.1	2354	2320	59
0.1	2355	75	58
0.1	264	263	6
0.1	2357	262	5
0.1	2358	261	46
0.1	2359	2356	58
0.1	266	265	33
0.1	2361	2360	59
0.1	267	2362	55
0.1	268	2363	55
0.1	2364	2171	55
0.1	2365	54	55
0.1	2366	53	48
0.1	2367	52	48
0.1	2368	51	58
0.1	269	2369	58
0.1	270	2370	58
0.1	271	2371	58
0.1	272	2372	58
0.1	2373	50	58
0.1	2374	49	58
0.1	2375	48	58
0.1	2376	2152	58
0.1	2377	35	58
0.1	2378	34	58
0.1	2379	33	58
0.1	2380	32	55
0.1	2381	31	55
0.1	274	273	42
0.1	278	277	48
0.1	2384	276	21
0.1	2385	275	35
0.1	2386	2383	56
0.1	2387	2382	55
0.1	279	2388	58
0.1	280	2389	58
0.1	2390	2141	58
0.1	282	281	41
0.1	284	283	23
0.1	285	2393	27
0.1	288	287	3
0.1	2395	286	44
0.1	2396	2394	39
0.1	290	289	12
0.1	2398	2397	11
0.1	2399	2392	31
0.1	293	292	30
0.1	2401	291	34
0.1	296	295	12
0.1	2403	294	57
0.1	298	297	11
0.1	2405	2404	11
0.1	2406	2402	15
0.1	2407	2400	59
0.1	299	2408	58
0.1	302	301	28
0.1	2410	300	18
0.1	2411	2409	58
0.1	304	303	18
0.1	305	2413	56
0.1	2414	2412	58
0.1	2415	2391	58
0.1	2416	27	58
0.1	2417	26	58
0.1	306	2418	58
0.1	2419	25	58
0.1	307	2420	58
0.1	2421	24	58
0.1	308	2422	58
0.1	2423	23	58
0.1	309	2424	58
0.1	2425	2139	59
0.1	2426	2138	59
0.1	2427	2136	53
0.1	310	2428	53
0.1	2429	2135	57
0.1	2430	13	57
0.1	311	2431	57
0.1	312	2432	57
0.1	313	2433	57
0.1	2434	2134	57
0.1	315	314	11
0.1	2436	2435	57
0.1	319	318	19
0.1	2438	317	10
0.1	320	2439	7
0.1	2440	316	46
0.1	2441	2437	57
0.1	321	2442	57
0.1	322	2443	57
0.1	323	2444	59
0.1	325	324	54
0.1	327	326	35
0.1	340	339	31
0.1	2448	338	57
0.1	2449	337	29
0.1	2450	336	46
0.1	2451	335	35
0.1	2452	334	12
0.1	341	2453	5
0.1	342	2454	58
0.1	2455	333	53
0.1	343	2456	18
0.1	2457	332	55
0.1	2458	331	59
0.1	2459	330	59
0.1	2460	329	59
0.1	2461	328	59
0.1	2462	2447	41
0.1	346	345	4
0.1	347	2464	50
0.1	2465	344	58
0.1	2466	2463	41
0.1	2467	2446	59
0.1	349	348	48
0.1	351	350	27
0.1	2470	2469	50
0.1	2471	2468	58
0.1	352	2472	58
0.1	2473	2445	58
0.1	357	356	17
0.1	2475	355	53
0.1	2476	354	46
0.1	2477	353	42
0.1	2478	2474	58
0.1	358	2479	58
0.1	359	2480	58
0.1	364	363	49
0.1	2482	362	6
0.1	2483	361	3
0.1	2484	360	29
0.1	2485	2481	51
0.1	365	2486	51
0.1	366	2487	51
0.1	369	368	47
0.1	2489	367	19
0.1	2490	2488	51
0.1	370	2491	51
0.1	371	2492	51
0.1	372	2493	51
0.1	373	2494	51
0.1	374	2495	56
0.1	377	376	7
0.1	2497	375	31
0.1	2498	2496	56
0.1	379	378	52
0.1	2500	2499	56
0.1	380	2501	56
0.1	383	382	30
0.1	2503	381	23
0.1	2504	2502	56
0.1	384	2505	56
0.1	385	2506	56
0.1	386	2507	55
0.1	387	2508	55
0.1	388	2509	55
0.1	390	389	30
0.1	2511	2510	55
0.1	392	391	41
0.1	2513	2512	55
0.1	393	2514	55
0.1	394	2515	55
0.1	395	2516	52
0.1	399	398	28
0.1	402	401	36
0.1	405	404	56
0.1	420	419	16
0.1	2521	418	21
0.1	424	423	30
0.1	2523	422	44
0.1	2524	421	16
0.1	2525	2522	30
0.1	2526	417	34
0.1	2527	416	8
0.1	2528	415	9
0.1	2529	414	21
0.1	425	2530	45
0.1	2531	413	58
0.1	2532	412	58
0.1	2533	411	58
0.1	2534	410	58
0.1	2535	409	59
0.1	426	2536	59
0.1	2537	408	48
0.1	427	2538	48
0.1	2539	407	58
0.1	428	2540	58
0.1	429	2541	58
0.1	430	2542	58
0.1	431	2543	59
0.1	2544	406	58
0.1	2545	2520	58
0.1	432	2546	58
0.1	433	2547	58
0.1	2548	403	59
0.1	2549	2519	59
0.1	2550	400	58
0.1	2551	2518	58
0.1	434	2552	52
0.1	2553	397	52
0.1	435	2554	52
0.1	2555	396	52
0.1	2556	2517	52
0.1	437	436	18
0.1	2558	2557	52
0.1	439	438	39
0.1	463	462	5
0.1	2561	461	7
0.1	2562	460	56
0.1	2563	459	53
0.1	479	478	43
0.1	2565	477	10
0.1	2566	476	12
0.1	2567	475	6
0.1	2568	474	47
0.1	2569	473	51
0.1	2570	472	43
0.1	2571	471	11
0.1	2572	470	8
0.1	2573	469	14
0.1	2574	468	38
0.1	2575	467	59
0.1	480	2576	59
0.1	2577	466	58
0.1	481	2578	58
0.1	2579	465	59
0.1	482	2580	59
0.1	483	2581	48
0.1	2582	464	48
0.1	2583	2564	59
0.1	484	2584	37
0.1	2585	458	37
0.1	2586	457	37
0.1	485	2587	37
0.1	2588	456	37
0.1	486	2589	37
0.1	487	2590	37
0.1	2591	455	50
0.1	2592	454	50
0.1	488	2593	50
0.1	2594	453	50
0.1	2595	452	59
0.1	2596	451	59
0.1	2597	450	59
0.1	2598	449	59
0.1	489	2599	59
0.1	2600	448	59
0.1	2601	447	56
0.1	2602	446	56
0.1	2603	445	56
0.1	490	2604	56
0.1	2605	444	56
0.1	491	2606	56
0.1	2607	443	59
0.1	2608	442	59
0.1	2609	441	56
0.1	2610	440	56
0.1	492	2611	50
0.1	493	2612	50
0.1	494	2613	50
0.1	2614	2560	50
0.1	2615	2559	52
0.1	495	2616	52
0.1	496	2617	52
0.1	497	2618	52
0.1	498	2619	52
0.1	499	2620	52
0.1	500	2621	58
0.1	501	2622	58
0.1	502	2623	46
0.1	503	2624	46
0.1	504	2625	46
0.1	505	2626	46
0.1	506	2627	46
0.1	508	507	39
0.1	2629	2628	55
0.1	509	2630	55
0.1	510	2631	59
0.1	511	2632	59
0.1	512	2633	57
0.1	513	2634	57
0.1	514	2635	57
0.1	517	516	8
0.1	2637	515	6
0.1	2638	2636	57
0.1	518	2639	57
0.1	521	520	25
0.1	2641	519	29
0.1	524	523	26
0.1	2643	522	45
0.1	525	2644	51
0.1	527	526	33
0.1	2646	2645	18
0.1	2647	2642	15
0.1	528	2648	52
0.1	541	540	26
0.1	2650	539	55
0.1	543	542	11
0.1	552	551	4
0.1	2653	550	36
0.1	2654	549	38
0.1	555	554	48
0.1	560	559	51
0.1	568	567	3
0.1	2658	566	40
0.1	2659	565	17
0.1	2660	564	48
0.1	576	575	26
0.1	577	2662	34
0.1	2663	574	50
0.1	2664	573	33
0.1	578	2665	33
0.1	579	2666	33
0.1	2667	572	42
0.1	580	2668	52
0.1	2669	571	14
0.1	581	2670	7
0.1	2671	570	53
0.1	2672	569	45
0.1	2673	2661	45
0.1	582	2674	45
0.1	2675	563	45
0.1	2676	562	39
0.1	2677	561	39
0.1	583	2678	58
0.1	2679	2657	58
0.1	2680	558	59
0.1	2681	557	59
0.1	2682	556	59
0.1	2683	2656	59
0.1	584	2684	43
0.1	596	595	35
0.1	2686	594	44
0.1	2687	593	44
0.1	597	2688	56
0.1	2689	592	18
0.1	598	2690	9
0.1	2691	591	34
0.1	2692	590	43
0.1	599	2693	59
0.1	2694	589	17
0.1	600	2695	45
0.1	601	2696	59
0.1	602	2697	59
0.1	604	603	39
0.1	605	2699	56
0.1	2700	2698	59
0.1	2701	588	59
0.1	606	2702	46
0.1	607	2703	46
0.1	2704	587	57
0.1	608	2705	57
0.1	609	2706	57
0.1	2707	586	57
0.1	610	2708	58
0.1	611	2709	43
0.1	612	2710	43
0.1	2711	585	43
0.1	2712	2685	43
0.1	2713	553	43
0.1	616	615	8
0.1	617	2715	36
0.1	2716	614	12
0.1	2717	613	11
0.1	2718	2714	59
0.1	2719	2655	59
0.1	620	619	40
0.1	2721	618	50
0.1	2722	2720	59
0.1	621	2723	59
0.1	622	2724	59
0.1	625	624	51
0.1	2726	623	54
0.1	2727	2725	59
0.1	626	2728	59
0.1	627	2729	59
0.1	628	2730	59
0.1	2731	548	58
0.1	629	2732	58
0.1	630	2733	58
0.1	631	2734	58
0.1	632	2735	59
0.1	633	2736	59
0.1	634	2737	42
0.1	2738	547	42
0.1	2739	546	42
0.1	2740	545	42
0.1	635	2741	42
0.1	636	2742	57
0.1	637	2743	57
0.1	638	2744	57
0.1	639	2745	58
0.1	640	2746	58
0.1	641	2747	55
0.1	642	2748	55
0.1	643	2749	55
0.1	645	644	47
0.1	2751	2750	55
0.1	646	2752	55
0.1	647	2753	58
0.1	2754	544	58
0.1	2755	2652	56
0.1	2756	2651	56
0.1	648	2757	56
0.1	2758	538	59
0.1	649	2759	59
0.1	650	2760	53
0.1	651	2761	53
0.1	2762	537	53
0.1	652	2763	53
0.1	654	653	22
0.1	2765	2764	45
0.1	655	2766	45
0.1	656	2767	45
0.1	2768	536	45
0.1	2769	535	57
0.1	657	2770	57
0.1	658	2771	57
0.1	2772	534	57
0.1	660	659	27
0.1	2774	2773	56
0.1	661	2775	56
0.1	662	2776	56
0.1	2777	533	57
0.1	663	2778	58
0.1	666	665	12
0.1	2780	664	44
0.1	2781	2779	58
0.1	667	2782	58
0.1	2783	532	57
0.1	670	669	41
0.1	671	2785	34
0.1	2786	668	26
0.1	2787	2784	57
0.1	2788	531	57
0.1	2789	530	59
0.1	2790	529	57
0.1	2791	2649	57
0.1	2792	2640	57
0.1	673	672	46
0.1	2794	2793	57
0.1	674	2795	57
0.1	675	2796	57
0.1	677	676	53
0.1	681	680	38
0.1	683	682	5
0.1	2800	2799	8
0.1	686	685	3
0.1	690	689	57
0.1	2803	688	37
0.1	701	700	24
0.1	703	702	15
0.1	2806	2805	49
0.1	2807	699	47
0.1	2808	698	14
0.1	2809	697	46
0.1	2810	696	27
0.1	2811	695	14
0.1	2812	694	27
0.1	2813	693	46
0.1	704	2814	45
0.1	706	705	52
0.1	707	2816	37
0.1	2817	2815	57
0.1	2818	692	57
0.1	716	715	3
0.1	2820	714	48
0.1	717	2821	53
0.1	719	718	28
0.1	2823	2822	14
0.1	722	721	13
0.1	2825	720	51
0.1	2826	2824	3
0.1	723	2827	51
0.1	725	724	47
0.1	731	730	3
0.1	736	735	17
0.1	745	744	29
0.1	747	746	35
0.1	2833	2832	3
0.1	750	749	41
0.1	2835	748	32
0.1	753	752	12
0.1	2837	751	27
0.1	2838	2836	40
0.1	755	754	42
0.1	756	2840	36
0.1	2841	2839	1
0.1	758	757	49
0.1	2843	2842	12
0.1	760	759	28
0.1	2845	2844	37
0.1	2846	2834	37
0.1	761	2847	37
0.1	2848	743	37
0.1	770	769	12
0.1	2850	768	42
0.1	772	771	54
0.1	2852	2851	55
0.1	2853	767	36
0.1	2854	766	34
0.1	774	773	59
0.1	779	778	40
0.1	781	780	18
0.1	783	782	40
0.1	786	785	33
0.1	2860	784	53
0.1	787	2861	39
0.1	2862	2859	52
0.1	2863	2858	16
0.1	789	788	35
0.1	793	792	40
0.1	808	807	23
0.1	837	836	18
0.1	2868	835	36
0.1	2869	834	31
0.1	838	2870	27
0.1	2871	833	11
0.1	2872	832	44
0.1	2873	831	35
0.1	2874	830	29
0.1	839	2875	24
0.1	2876	829	35
0.1	2877	828	47
0.1	840	2878	59
0.1	2879	827	59
0.1	2880	826	59
0.1	841	2881	59
0.1	842	2882	56
0.1	2883	825	56
0.1	2884	824	56
0.1	843	2885	56
0.1	2886	823	56
0.1	2887	822	56
0.1	2888	821	56
0.1	844	2889	56
0.1	2890	820	59
0.1	2891	819	36
0.1	2892	818	36
0.1	845	2893	36
0.1	846	2894	36
0.1	847	2895	36
0.1	2896	817	36
0.1	848	2897	36
0.1	2898	816	59
0.1	2899	815	54
0.1	849	2900	54
0.1	850	2901	54
0.1	2902	814	55
0.1	2903	813	55
0.1	851	2904	55
0.1	852	2905	55
0.1	853	2906	55
0.1	854	2907	59
0.1	2908	812	53
0.1	855	2909	53
0.1	2910	811	53
0.1	2911	810	53
0.1	2912	809	53
0.1	856	2913	53
0.1	857	2914	58
0.1	858	2915	58
0.1	2916	2867	58
0.1	860	859	30
0.1	2918	2917	59
0.1	861	2919	59
0.1	2920	806	59
0.1	2921	805	59
0.1	2922	804	59
0.1	2923	803	59
0.1	862	2924	59
0.1	2925	802	59
0.1	863	2926	59
0.1	2927	801	59
0.1	2928	800	59
0.1	864	2929	59
0.1	2930	799	59
0.1	2931	798	59
0.1	2932	797	59
0.1	2933	796	59
0.1	867	866	56
0.1	2935	865	21
0.1	871	870	38
0.1	876	875	59
0.1	882	881	50
0.1	2939	880	1
0.1	888	887	53
0.1	889	2941	20
0.1	2942	886	53
0.1	2943	885	36
0.1	2944	884	40
0.1	890	2945	12
0.1	2946	883	25
0.1	2947	2940	34
0.1	892	891	1
0.1	893	2949	55
0.1	2950	2948	59
0.1	2951	879	59
0.1	2952	878	59
0.1	894	2953	58
0.1	895	2954	58
0.1	896	2955	58
0.1	2956	877	58
0.1	2957	2938	58
0.1	2958	874	58
0.1	2959	873	58
0.1	2960	872	59
0.1	2961	2937	46
0.1	897	2962	46
0.1	2963	869	46
0.1	898	2964	46
0.1	899	2965	46
0.1	2966	868	46
0.1	900	2967	1
0.1	903	902	38
0.1	2969	901	9
0.1	2970	2968	1
0.1	904	2971	59
0.1	906	905	5
0.1	2973	2972	59
0.1	2974	2936	58
0.1	2975	2934	59
0.1	2976	795	59
0.1	2977	794	57
0.1	2978	2866	59
0.1	2979	791	59
0.1	2980	790	58
0.1	907	2981	58
0.1	908	2982	58
0.1	2983	2865	59
0.1	2984	2864	59
0.1	909	2985	57
0.1	910	2986	59
0.1	911	2987	59
0.1	2988	2857	59
0.1	2989	777	59
0.1	2990	776	56
0.1	912	2991	56
0.1	2992	775	58
0.1	2993	2856	58
0.1	914	913	41
0.1	2995	2994	58
0.1	915	2996	59
0.1	916	2997	59
0.1	917	2998	59
0.1	918	2999	59
0.1	920	919	43
0.1	923	922	20
0.1	3002	921	38
0.1	3003	3001	52
0.1	3004	3000	59
0.1	926	925	10
0.1	928	927	55
0.1	3007	3006	17
0.1	3008	924	52
0.1	3009	3005	59
0.1	3010	2855	59
0.1	929	3011	59
0.1	930	3012	59
0.1	933	932	59
0.1	934	3014	9
0.1	941	940	17
0.1	942	3016	6
0.1	943	3017	54
0.1	944	3018	44
0.1	3019	939	47
0.1	3020	938	23
0.1	945	3021	12
0.1	3022	937	31
0.1	3023	936	28
0.1	3024	935	39
0.1	946	3025	41
0.1	3026	3015	58
0.1	3027	931	58
0.1	3028	3013	59
0.1	947	3029	59
0.1	948	3030	59
0.1	949	3031	53
0.1	953	952	46
0.1	3033	951	1
0.1	3034	950	7
0.1	954	3035	22
0.1	3036	3032	53
0.1	3037	765	53
0.1	3038	764	53
0.1	955	3039	53
0.1	3040	763	53
0.1	3041	762	53
0.1	958	957	6
0.1	3043	956	28
0.1	960	959	18
0.1	3045	3044	27
0.1	3046	3042	53
0.1	962	961	49
0.1	3048	3047	53
0.1	964	963	21
0.1	965	3050	54
0.1	3051	3049	53
0.1	3052	2849	37
0.1	3053	742	56
0.1	3054	741	42
0.1	3055	740	42
0.1	966	3056	42
0.1	3057	739	42
0.1	967	3058	57
0.1	969	968	8
0.1	3060	3059	57
0.1	970	3061	57
0.1	971	3062	57
0.1	973	972	21
0.1	976	975	42
0.1	3065	974	28
0.1	3066	3064	38
0.1	978	977	22
0.1	980	979	18
0.1	3069	3068	52
0.1	3070	3067	32
0.1	3071	3063	55
0.1	3072	738	55
0.1	981	3073	59
0.1	3074	737	59
0.1	3075	2831	58
0.1	982	3076	58
0.1	983	3077	59
0.1	3078	734	59
0.1	984	3079	59
0.1	985	3080	59
0.1	988	987	37
0.1	3082	986	25
0.1	3083	3081	37
0.1	989	3084	37
0.1	3085	733	51
0.1	3086	732	51
0.1	3087	2830	51
0.1	3088	729	51
0.1	990	3089	51
0.1	994	993	59
0.1	3091	992	28
0.1	995	3092	36
0.1	3093	991	55
0.1	3094	3090	51
0.1	996	3095	59
0.1	1000	999	37
0.1	1011	1010	54
0.1	3098	1009	32
0.1	3099	1008	26
0.1	3100	1007	44
0.1	1013	1012	30
0.1	1014	3102	47
0.1	3103	3101	11
0.1	1015	3104	24
0.1	3105	1006	29
0.1	1016	3106	46
0.1	1019	1018	10
0.1	1021	1020	7
0.1	3109	3108	30
0.1	3110	1017	10
0.1	1022	3111	37
0.1	1023	3112	4
0.1	3113	3107	57
0.1	1028	1027	38
0.1	3115	1026	42
0.1	1029	3116	33
0.1	3117	1025	32
0.1	3118	1024	49
0.1	3119	3114	57
0.1	3120	1005	58
0.1	1030	3121	59
0.1	3122	1004	59
0.1	3123	1003	59
0.1	1031	3124	59
0.1	3125	1002	59
0.1	3126	1001	21
0.1	1032	3127	21
0.1	1033	3128	56
0.1	1034	3129	56
0.1	3130	3097	56
0.1	3131	998	59
0.1	3132	997	59
0.1	3133	3096	59
0.1	1035	3134	59
0.1	3135	728	58
0.1	3136	727	58
0.1	1036	3137	58
0.1	3138	726	50
0.1	1037	3139	50
0.1	1038	3140	50
0.1	1039	3141	50
0.1	3142	2829	50
0.1	1040	3143	50
0.1	3144	2828	50
0.1	1041	3145	55
0.1	1042	3146	55
0.1	1043	3147	55
0.1	3148	713	58
0.1	3149	712	58
0.1	3150	711	57
0.1	1044	3151	57
0.1	3152	710	58
0.1	3153	709	58
0.1	1045	3154	59
0.1	1046	3155	56
0.1	3156	708	56
0.1	3157	2819	57
0.1	3158	691	57
0.1	3159	2804	57
0.1	3160	687	59
0.1	3161	2802	59
0.1	1047	3162	59
0.1	3163	684	59
0.1	1048	3164	59
0.1	3165	2801	59
0.1	1049	3166	59
0.1	3167	679	57
0.1	1050	3168	57
0.1	1051	3169	57
0.1	1052	3170	46
0.1	1053	3171	46
0.1	3172	678	46
0.1	3173	2798	57
0.1	1054	3174	57
0.1	3175	2797	57
0.1	1057	1056	16
0.1	1061	1060	23
0.1	3178	1059	5
0.1	1069	1068	47
0.1	1071	1070	24
0.1	1074	1073	13
0.1	1095	1094	50
0.1	3183	1093	17
0.1	3184	1092	11
0.1	1096	3185	9
0.1	1097	3186	51
0.1	3187	1091	46
0.1	3188	1090	12
0.1	3189	1089	52
0.1	3190	1088	30
0.1	3191	1087	37
0.1	3192	1086	54
0.1	3193	1085	59
0.1	3194	1084	59
0.1	3195	1083	59
0.1	3196	1082	59
0.1	3197	1081	59
0.1	3198	1080	59
0.1	3199	1079	48
0.1	3200	1078	48
0.1	3201	1077	56
0.1	3202	1076	56
0.1	3203	1075	56
0.1	3204	3182	56
0.1	3205	1072	59
0.1	1098	3206	59
0.1	1099	3207	59
0.1	3208	3181	16
0.1	3209	3180	16
0.1	1100	3210	49
0.1	3211	1067	49
0.1	3212	1066	49
0.1	3213	1065	49
0.1	3214	1064	59
0.1	3215	1063	59
0.1	1101	3216	59
0.1	1102	3217	58
0.1	3218	1062	58
0.1	1103	3219	59
0.1	1107	1106	43
0.1	3221	1105	26
0.1	3222	1104	36
0.1	1108	3223	19
0.1	1118	1117	10
0.1	3225	1116	15
0.1	3226	1115	26
0.1	3227	1114	42
0.1	1119	3228	37
0.1	3229	1113	32
0.1	3230	1112	59
0.1	1120	3231	5
0.1	3232	1111	49
0.1	3233	1110	20
0.1	1121	3234	45
0.1	3235	1109	59
0.1	3236	3224	59
0.1	3237	3220	59
0.1	1124	1123	15
0.1	1126	1125	24
0.1	1129	1128	16
0.1	3241	1127	42
0.1	3242	3240	13
0.1	3243	3239	42
0.1	1130	3244	5
0.1	1133	1132	16
0.1	3246	1131	54
0.1	3247	3245	59
0.1	3248	1122	47
0.1	3249	3238	54
0.1	1137	1136	13
0.1	1145	1144	47
0.1	1149	1148	8
0.1	3253	1147	6
0.1	3254	1146	47
0.1	3255	3252	54
0.1	1160	1159	37
0.1	1168	1167	3
0.1	1171	1170	35
0.1	3259	1169	40
0.1	1172	3260	38
0.1	1173	3261	43
0.1	3262	3258	40
0.1	1174	3263	20
0.1	3264	1166	20
0.1	3265	1165	5
0.1	3266	1164	17
0.1	3267	1163	52
0.1	3268	1162	58
0.1	1175	3269	58
0.1	3270	1161	58
0.1	3271	3257	58
0.1	3272	1158	58
0.1	1176	3273	59
0.1	3274	1157	59
0.1	3275	1156	54
0.1	3276	1155	54
0.1	3277	1154	54
0.1	3278	1153	54
0.1	3279	1152	54
0.1	3280	1151	59
0.1	3281	1150	59
0.1	3282	3256	59
0.1	1177	3283	58
0.1	3284	1143	58
0.1	3285	1142	58
0.1	3286	1141	59
0.1	1178	3287	59
0.1	3288	1140	59
0.1	3289	1139	59
0.1	3290	1138	59
0.1	3291	3251	54
0.1	3292	1135	54
0.1	3293	1134	54
0.1	1179	3294	54
0.1	1185	1184	49
0.1	1187	1186	25
0.1	3297	3296	43
0.1	1191	1190	34
0.1	1192	3299	12
0.1	1202	1201	11
0.1	1214	1213	36
0.1	3302	1212	37
0.1	3303	1211	49
0.1	3304	1210	18
0.1	1215	3305	17
0.1	3306	1209	33
0.1	3307	1208	9
0.1	3308	1207	49
0.1	3309	1206	43
0.1	3310	1205	10
0.1	1216	3311	51
0.1	1217	3312	58
0.1	3313	1204	58
0.1	1229	1228	11
0.1	3315	1227	31
0.1	1230	3316	49
0.1	3317	1226	18
0.1	1231	3318	8
0.1	1232	3319	1
0.1	3320	1225	4
0.1	3321	1224	7
0.1	1233	3322	48
0.1	3323	1223	6
0.1	1234	3324	46
0.1	1235	3325	58
0.1	3326	1222	58
0.1	3327	1221	58
0.1	3328	1220	58
0.1	3329	1219	59
0.1	1236	3330	59
0.1	3331	1218	58
0.1	3332	3314	58
0.1	1237	3333	58
0.1	1238	3334	58
0.1	3335	1203	58
0.1	3336	3301	57
0.1	1240	1239	23
0.1	3338	3337	57
0.1	1241	3339	57
0.1	3340	1200	58
0.1	3341	1199	59
0.1	1242	3342	59
0.1	3343	1198	59
0.1	3344	1197	59
0.1	3345	1196	59
0.1	3346	1195	59
0.1	3347	1194	56
0.1	1243	3348	56
0.1	1245	1244	23
0.1	3350	3349	56
0.1	1246	3351	59
0.1	1247	3352	59
0.1	3353	1193	59
0.1	3354	3300	59
0.1	3355	1189	59
0.1	3356	1188	59
0.1	3357	3298	54
0.1	1251	1250	7
0.1	3359	1249	35
0.1	3360	1248	41
0.1	3361	3358	54
0.1	3362	1183	54
0.1	3363	1182	54
0.1	3364	1181	54
0.1	3365	1180	54
0.1	1255	1254	14
0.1	1256	3367	49
0.1	3368	1253	11
0.1	3369	1252	14
0.1	1257	3370	14
0.1	1259	1258	19
0.1	1261	1260	53
0.1	3373	3372	38
0.1	1264	1263	3
0.1	1265	3375	46
0.1	3376	1262	59
0.1	1268	1267	40
0.1	3378	1266	20
0.1	1269	3379	23
0.1	1270	3380	49
0.1	3381	3377	32
0.1	1271	3382	40
0.1	3383	3374	59
0.1	1272	3384	59
0.1	1273	3385	59
0.1	3386	3371	54
0.1	1277	1276	4
0.1	1279	1278	52
0.1	1282	1281	9
0.1	3390	1280	49
0.1	3391	3389	55
0.1	3392	3388	21
0.1	1285	1284	38
0.1	1288	1287	15
0.1	1289	3395	1
0.1	1290	3396	18
0.1	3397	1286	31
0.1	1292	1291	45
0.1	1294	1293	22
0.1	3400	3399	31
0.1	1296	1295	33
0.1	1299	1298	16
0.1	3403	1297	41
0.1	3404	3402	10
0.1	1300	3405	14
0.1	1301	3406	55
0.1	3407	3401	36
0.1	3408	3398	58
0.1	3409	3394	59
0.1	3410	1283	59
0.1	3411	3393	59
0.1	1302	3412	59
0.1	3413	1275	59
0.1	3414	1274	39
0.1	1304	1303	47
0.1	1305	3416	11
0.1	3417	3415	39
0.1	1313	1312	30
0.1	3419	1311	54
0.1	3420	1310	20
0.1	3421	1309	35
0.1	3422	1308	39
0.1	3423	1307	35
0.1	3424	1306	31
0.1	3425	3418	54
0.1	3426	3387	54
0.1	3427	3366	54
0.1	1318	1317	25
0.1	3429	1316	41
0.1	1320	1319	44
0.1	1324	1323	45
0.1	1334	1333	54
0.1	1335	3433	23
0.1	3434	1332	9
0.1	3435	1331	23
0.1	3436	1330	43
0.1	3437	1329	30
0.1	1336	3438	47
0.1	3439	1328	55
0.1	3440	1327	4
0.1	3441	1326	6
0.1	3442	1325	40
0.1	3443	3432	58
0.1	3444	1322	58
0.1	1338	1337	25
0.1	1339	3446	12
0.1	1345	1344	14
0.1	1346	3448	56
0.1	3449	1343	37
0.1	3450	1342	20
0.1	3451	1341	50
0.1	3452	1340	34
0.1	1349	1348	4
0.1	3454	1347	18
0.1	3455	3453	47
0.1	1350	3456	25
0.1	3457	3447	58
0.1	3458	3445	58
0.1	1361	1360	24
0.1	3460	1359	39
0.1	3461	1358	39
0.1	3462	1357	55
0.1	3463	1356	56
0.1	3464	1355	18
0.1	3465	1354	55
0.1	3466	1353	6
0.1	1363	1362	59
0.1	3468	3467	7
0.1	3469	1352	47
0.1	3470	1351	56
0.1	1370	1369	5
0.1	1379	1378	22
0.1	1386	1385	33
0.1	3474	1384	15
0.1	3475	1383	28
0.1	3476	1382	25
0.1	3477	1381	58
0.1	3478	1380	10
0.1	1388	1387	25
0.1	1390	1389	57
0.1	1395	1394	53
0.1	1396	3482	13
0.1	1397	3483	5
0.1	3484	1393	36
0.1	3485	1392	16
0.1	1399	1398	16
0.1	3487	3486	28
0.1	3488	1391	15
0.1	3489	3481	21
0.1	3490	3480	45
0.1	3491	3479	45
0.1	1400	3492	47
0.1	1401	3493	47
0.1	1403	1402	26
0.1	3495	3494	59
0.1	3496	3473	59
0.1	3497	1377	59
0.1	3498	1376	59
0.1	3499	1375	59
0.1	1404	3500	59
0.1	3501	1374	14
0.1	3502	1373	14
0.1	1407	1406	16
0.1	3504	1405	28
0.1	3505	3503	58
0.1	1408	3506	58
0.1	3507	1372	27
0.1	3508	1371	27
0.1	3509	3472	27
0.1	1418	1417	49
0.1	1419	3511	56
0.1	1423	1422	17
0.1	3513	1421	24
0.1	3514	1420	9
0.1	3515	3512	12
0.1	3516	1416	16
0.1	3517	1415	28
0.1	1425	1424	1
0.1	1427	1426	45
0.1	1429	1428	38
0.1	1431	1430	30
0.1	3522	3521	16
0.1	1433	1432	36
0.1	1435	1434	14
0.1	1436	3525	59
0.1	3526	3524	26
0.1	3527	3523	47
0.1	3528	3520	40
0.1	3529	3519	54
0.1	1437	3530	54
0.1	1444	1443	48
0.1	3532	1442	52
0.1	3533	1441	30
0.1	1445	3534	14
0.1	1447	1446	24
0.1	3536	3535	2
0.1	1450	1449	6
0.1	3538	1448	28
0.1	3539	3537	40
0.1	1452	1451	54
0.1	3541	3540	53
0.1	1453	3542	59
0.1	3543	1440	59
0.1	1454	3544	59
0.1	3545	1439	59
0.1	3546	1438	54
0.1	1456	1455	47
0.1	1458	1457	13
0.1	1459	3549	53
0.1	3550	3548	1
0.1	3551	3547	54
0.1	3552	3531	54
0.1	3553	3518	59
0.1	3554	1414	59
0.1	3555	1413	59
0.1	3556	1412	59
0.1	3557	1411	59
0.1	3558	1410	59
0.1	1460	3559	57
0.1	3560	1409	57
0.1	1465	1464	52
0.1	3562	1463	21
0.1	1471	1470	23
0.1	3564	1469	44
0.1	3565	1468	28
0.1	3566	1467	48
0.1	1472	3567	42
0.1	3568	1466	15
0.1	3569	3563	46
0.1	3570	1462	34
0.1	3571	1461	41
0.1	1473	3572	27
0.1	3573	3561	27
0.1	1474	3574	27
0.1	3575	3510	27
0.1	1475	3576	27
0.1	3577	1368	57
0.1	1476	3578	57
0.1	1477	3579	57
0.1	1478	3580	59
0.1	3581	1367	54
0.1	1479	3582	54
0.1	1480	3583	54
0.1	1481	3584	54
0.1	3585	1366	54
0.1	3586	1365	56
0.1	1483	1482	37
0.1	3588	3587	56
0.1	3589	1364	56
0.1	1488	1487	16
0.1	3591	1486	13
0.1	3592	1485	39
0.1	3593	1484	56
0.1	1489	3594	17
0.1	1496	1495	21
0.1	3596	1494	33
0.1	1499	1498	40
0.1	3598	1497	23
0.1	3599	3597	5
0.1	3600	1493	36
0.1	3601	1492	30
0.1	3602	1491	19
0.1	1500	3603	50
0.1	1501	3604	24
0.1	3605	1490	45
0.1	1504	1503	6
0.1	3607	1502	11
0.1	1506	1505	3
0.1	3609	3608	30
0.1	1508	1507	36
0.1	1509	3611	50
0.1	3612	3610	27
0.1	3613	3606	51
0.1	1510	3614	56
0.1	3615	3595	56
0.1	3616	3590	56
0.1	3617	3471	56
0.1	1514	1513	20
0.1	3619	1512	27
0.1	1516	1515	44
0.1	1517	3621	34
0.1	3622	3620	35
0.1	1520	1519	9
0.1	3624	1518	17
0.1	1521	3625	31
0.1	1522	3626	51
0.1	3627	3623	21
0.1	1524	1523	11
0.1	3629	3628	56
0.1	3630	1511	56
0.1	3631	3618	56
0.1	1528	1527	48
0.1	3633	1526	7
0.1	3634	1525	46
0.1	1534	1533	32
0.1	3636	1532	9
0.1	1536	1535	5
0.1	3638	3637	10
0.1	3639	1531	7
0.1	1540	1539	27
0.1	3641	1538	55
0.1	3642	1537	31
0.1	1542	1541	44
0.1	1543	3644	36
0.1	3645	3643	20
0.1	3646	3640	56
0.1	3647	1530	56
0.1	3648	1529	56
0.1	3649	3635	56
0.1	3650	3632	56
0.1	1545	1544	52
0.1	3652	3651	56
0.1	3653	3459	58
0.1	3654	1321	40
0.1	1546	3655	40
0.1	3656	3431	40
0.1	1551	1550	50
0.1	1552	3658	22
0.1	3659	1549	58
0.1	1554	1553	1
0.1	3661	3660	41
0.1	3662	1548	32
0.1	1555	3663	44
0.1	1557	1556	50
0.1	3665	3664	20
0.1	1558	3666	16
0.1	3667	1547	47
0.1	1561	1560	44
0.1	3669	1559	9
0.1	3670	3668	56
0.1	1563	1562	48
0.1	1566	1565	19
0.1	1567	3673	46
0.1	3674	1564	51
0.1	3675	3672	30
0.1	1569	1568	30
0.1	1570	3677	17
0.1	1571	3678	49
0.1	3679	3676	15
0.1	1574	1573	44
0.1	3681	1572	24
0.1	3682	3680	56
0.1	1576	1575	55
0.1	1578	1577	22
0.1	1580	1579	39
0.1	1581	3686	1
0.1	3687	3685	56
0.1	3688	3684	29
0.1	1582	3689	46
0.1	1583	3690	25
0.1	1586	1585	50
0.1	3692	1584	6
0.1	1587	3693	35
0.1	3694	3691	56
0.1	3695	3683	56
0.1	3696	3671	56
0.1	1590	1589	28
0.1	1594	1593	34
0.1	1596	1595	56
0.1	3700	3699	36
0.1	3701	1592	20
0.1	3702	1591	8
0.1	3703	3698	41
0.1	1603	1602	24
0.1	1606	1605	34
0.1	1607	3706	27
0.1	1608	3707	9
0.1	1610	1609	3
0.1	3709	3708	56
0.1	1620	1619	3
0.1	1621	3711	58
0.1	1624	1623	39
0.1	3713	1622	43
0.1	3714	3712	49
0.1	3715	1618	26
0.1	3716	1617	43
0.1	3717	1616	4
0.1	3718	1615	34
0.1	3719	1614	53
0.1	1625	3720	43
0.1	3721	1613	58
0.1	1626	3722	58
0.1	3723	1612	58
0.1	1633	1632	15
0.1	1634	3725	51
0.1	1635	3726	10
0.1	1651	1650	15
0.1	1656	1655	18
0.1	3729	1654	41
0.1	1659	1658	19
0.1	1661	1660	50
0.1	3732	3731	25
0.1	3733	1657	21
0.1	1664	1663	32
0.1	3735	1662	24
0.1	1665	3736	29
0.1	1666	3737	16
0.1	1667	3738	3
0.1	3739	3734	34
0.1	1668	3740	47
0.1	1671	1670	24
0.1	1672	3742	40
0.1	1674	1673	53
0.1	1676	1675	11
0.1	3745	3744	24
0.1	3746	3743	8
0.1	1677	3747	59
0.1	3748	1669	2
0.1	3749	3741	58
0.1	3750	3730	58
0.1	3751	1653	58
0.1	3752	1652	59
0.1	3753	3728	59
0.1	1678	3754	59
0.1	3755	1649	33
0.1	3756	1648	33
0.1	3757	1647	33
0.1	1679	3758	57
0.1	3759	1646	59
0.1	1680	3760	59
0.1	1681	3761	59
0.1	3762	1645	59
0.1	1682	3763	59
0.1	1683	3764	59
0.1	1684	3765	57
0.1	3766	1644	57
0.1	3767	1643	58
0.1	3768	1642	58
0.1	3769	1641	58
0.1	1685	3770	58
0.1	1686	3771	58
0.1	3772	1640	58
0.1	1687	3773	58
0.1	1688	3774	59
0.1	3775	1639	59
0.1	3776	1638	59
0.1	1689	3777	59
0.1	1690	3778	58
0.1	3779	1637	58
0.1	3780	1636	58
0.1	3781	3727	58
0.1	3782	1631	58
0.1	3783	1630	59
0.1	3784	1629	59
0.1	3785	1628	59
0.1	3786	1627	59
0.1	1692	1691	40
0.1	3788	3787	59
0.1	1693	3789	59
0.1	1694	3790	56
0.1	1696	1695	23
0.1	1698	1697	3
0.1	3793	3792	24
0.1	1699	3794	8
0.1	1701	1700	41
0.1	1705	1704	24
0.1	1706	3797	27
0.1	3798	1703	51
0.1	1710	1709	27
0.1	3800	1708	22
0.1	1711	3801	8
0.1	3802	1707	33
0.1	3803	3799	27
0.1	3804	1702	23
0.1	3805	3796	59
0.1	3806	3795	59
0.1	1713	1712	48
0.1	3808	3807	59
0.1	3809	3791	59
0.1	3810	3724	58
0.1	3811	1611	57
0.1	1714	3812	57
0.1	3813	3710	58
0.1	1715	3814	59
0.1	1716	3815	54
0.1	3816	1604	54
0.1	1717	3817	54
0.1	3818	3705	54
0.1	3819	1601	58
0.1	1719	1718	26
0.1	3821	3820	58
0.1	3822	1600	58
0.1	1720	3823	58
0.1	3824	1599	58
0.1	3825	1598	58
0.1	1721	3826	58
0.1	1722	3827	58
0.1	3828	1597	50
0.1	3829	3704	50
0.1	1738	1737	40
0.1	3831	1736	57
0.1	1744	1743	57
0.1	3833	1742	55
0.1	3834	1741	43
0.1	1745	3835	12
0.1	1746	3836	41
0.1	1747	3837	8
0.1	3838	1740	53
0.1	3839	1739	56
0.1	1748	3840	9
0.1	1749	3841	8
0.1	3842	3832	59
0.1	3843	1735	58
0.1	1750	3844	58
0.1	1751	3845	59
0.1	3846	1734	59
0.1	1752	3847	56
0.1	1753	3848	56
0.1	3849	1733	15
0.1	3850	1732	15
0.1	1754	3851	59
0.1	3852	1731	59
0.1	3853	1730	56
0.1	3854	1729	50
0.1	3855	1728	50
0.1	3856	1727	50
0.1	1755	3857	50
0.1	1756	3858	50
0.1	3859	1726	20
0.1	3860	1725	20
0.1	1757	3861	59
0.1	1758	3862	49
0.1	3863	1724	49
0.1	3864	1723	49
0.1	3865	3830	50
0.1	1759	3866	50
0.1	1760	3867	59
0.1	1763	1762	43
0.1	1764	3869	58
0.1	3870	1761	59
0.1	3871	3868	59
0.1	1765	3872	59
0.1	3873	1588	59
0.1	3874	3697	59
0.1	1769	1768	38
0.1	3876	1767	54
0.1	3877	1766	21
0.1	1778	1777	56
0.1	3879	1776	27
0.1	1781	1780	15
0.1	3881	1779	35
0.1	1785	1784	14
0.1	3883	1783	8
0.1	3884	1782	40
0.1	1786	3885	10
0.1	3886	3882	7
0.1	3887	3880	18
0.1	3888	1775	57
0.1	3889	1774	59
0.1	3890	1773	59
0.1	3891	1772	59
0.1	3892	1771	59
0.1	3893	1770	59
0.1	1787	3894	59
0.1	3895	3878	56
0.1	3896	3875	56
0.1	3897	3657	56
0.1	1788	3898	56
0.1	3899	3430	56
0.1	3900	1315	56
0.1	3901	1314	57
0.1	1792	1791	33
0.1	1795	1794	27
0.1	3904	1793	11
0.1	1796	3905	20
0.1	1797	3906	31
0.1	3907	3903	15
0.1	3908	1790	8
0.1	1800	1799	37
0.1	1801	3910	2
0.1	3911	1798	58
0.1	1803	1802	58
0.1	3913	3912	42
0.1	1806	1805	38
0.1	3915	1804	41
0.1	1807	3916	40
0.1	1811	1810	39
0.1	3918	1809	2
0.1	1815	1814	3
0.1	3920	1813	16
0.1	3921	1812	50
0.1	1816	3922	42
0.1	3923	3919	4
0.1	3924	1808	18
0.1	1818	1817	54
0.1	1820	1819	4
0.1	1821	3927	20
0.1	3928	3926	32
0.1	3929	3925	27
0.1	3930	3917	27
0.1	3931	3914	27
0.1	3932	3909	27
0.1	1823	1822	17
0.1	1832	1831	27
0.1	1846	1845	9
0.1	3936	1844	24
0.1	1852	1851	37
0.1	3938	1850	4
0.1	1853	3939	14
0.1	3940	1849	6
0.1	3941	1848	4
0.1	3942	1847	43
0.1	3943	3937	9
0.1	3944	1843	33
0.1	3945	1842	42
0.1	3946	1841	43
0.1	3947	1840	43
0.1	3948	1839	43
0.1	1854	3949	43
0.1	1855	3950	43
0.1	3951	1838	43
0.1	1856	3952	43
0.1	3953	1837	43
0.1	1859	1858	58
0.1	3955	1857	48
0.1	3956	3954	58
0.1	3957	1836	58
0.1	1860	3958	59
0.1	3959	1835	59
0.1	1861	3960	59
0.1	1862	3961	59
0.1	3962	1834	59
0.1	3963	1833	59
0.1	1863	3964	32
0.1	1864	3965	32
0.1	1865	3966	59
0.1	3967	3935	59
0.1	1866	3968	59
0.1	3969	1830	56
0.1	3970	1829	56
0.1	1874	1873	51
0.1	3972	1872	11
0.1	1875	3973	55
0.1	1876	3974	19
0.1	3975	1871	9
0.1	1878	1877	21
0.1	3977	3976	46
0.1	3978	1870	1
0.1	1879	3979	53
0.1	1880	3980	18
0.1	3981	1869	59
0.1	3982	1868	59
0.1	3983	1867	59
0.1	3984	3971	56
0.1	1881	3985	57
0.1	3986	1828	59
0.1	3987	1827	59
0.1	1882	3988	59
0.1	1883	3989	56
0.1	3990	1826	59
0.1	1884	3991	59
0.1	1885	3992	59
0.1	3993	1825	59
0.1	1888	1887	38
0.1	3995	1886	16
0.1	3996	3994	59
0.1	3997	1824	59
0.1	3998	3934	59
0.1	1893	1892	53
0.1	1906	1905	50
0.1	4001	1904	35
0.1	4002	1903	25
0.1	4003	1902	8
0.1	4004	1901	23
0.1	4005	1900	23
0.1	4006	1899	52
0.1	1907	4007	55
0.1	4008	1898	51
0.1	4009	1897	57
0.1	4010	1896	40
0.1	1911	1910	2
0.1	1913	1912	49
0.1	4013	4012	15
0.1	4014	1909	57
0.1	1919	1918	18
0.1	4016	1917	16
0.1	1920	4017	44
0.1	1921	4018	35
0.1	4019	1916	21
0.1	1924	1923	18
0.1	4021	1922	22
0.1	1928	1927	17
0.1	1930	1929	18
0.1	1931	4024	47
0.1	1932	4025	39
0.1	4026	4023	9
0.1	1934	1933	44
0.1	1935	4028	39
0.1	4029	4027	3
0.1	4030	1926	31
0.1	4031	1925	47
0.1	1937	1936	45
0.1	4033	4032	58
0.1	4034	4022	58
0.1	1940	1939	52
0.1	4036	1938	3
0.1	1941	4037	53
0.1	1945	1944	6
0.1	4039	1943	22
0.1	1946	4040	50
0.1	1947	4041	53
0.1	4042	1942	1
0.1	4043	4038	23
0.1	4044	4035	59
0.1	1949	1948	43
0.1	1951	1950	27
0.1	4047	4046	8
0.1	4048	4045	59
0.1	1955	1954	13
0.1	4050	1953	57
0.1	1956	4051	43
0.1	4052	1952	14
0.1	1959	1958	54
0.1	4054	1957	27
0.1	1973	1972	51
0.1	1976	1975	20
0.1	4057	1974	40
0.1	4058	4056	42
0.1	4059	1971	35
0.1	1977	4060	53
0.1	4061	1970	13
0.1	1978	4062	20
0.1	1979	4063	44
0.1	4064	1969	11
0.1	4065	1968	41
0.1	4066	1967	21
0.1	4067	1966	21
0.1	4068	1965	21
0.1	4069	1964	21
0.1	1981	1980	14
0.1	4071	4070	21
0.1	4072	1963	21
0.1	4073	1962	21
0.1	4074	1961	21
0.1	4075	1960	21
0.1	4076	4055	55
0.1	4077	4053	53
0.1	4078	4049	53
0.1	1990	1989	1
0.1	1991	4080	48
0.1	4081	1988	46
0.1	1992	4082	33
0.1	1993	4083	44
0.1	4084	1987	27
0.1	4085	1986	6
0.1	4086	1985	16
0.1	1994	4087	57
0.1	4088	1984	13
0.1	4089	1983	54
0.1	4090	1982	59
0.1	1995	4091	59
0.1	1998	1997	45
0.1	4093	1996	20
0.1	4094	4092	58
0.1	2003	2002	38
0.1	4096	2001	10
0.1	2004	4097	36
0.1	4098	2000	37
0.1	4099	1999	9
0.1	2006	2005	54
0.1	2010	2009	45
0.1	2011	4102	53
0.1	4103	2008	28
0.1	4104	2007	23
0.1	2015	2014	59
0.1	2016	4106	42
0.1	4107	2013	44
0.1	4108	2012	4
0.1	4109	4105	13
0.1	4110	4101	48
0.1	2018	2017	36
0.1	2020	2019	39
0.1	2022	2021	30
0.1	2024	2023	6
0.1	2026	2025	35
0.1	2027	4116	20
0.1	4117	4115	25
0.1	4118	4114	54
0.1	2028	4119	3
0.1	4120	4113	20
0.1	4121	4112	47
0.1	4122	4111	58
0.1	2033	2032	25
0.1	2035	2034	31
0.1	4125	4124	18
0.1	4126	2031	6
0.1	4127	2030	10
0.1	2036	4128	35
0.1	2037	4129	10
0.1	4130	2029	44
0.1	4131	4123	59
0.1	4132	4100	59
0.1	4133	4095	58
0.1	4134	4079	58
0.1	4135	4020	59
0.1	4136	1915	59
0.1	4137	1914	59
0.1	2038	4138	59
0.1	4139	4015	13
0.1	2039	4140	13
0.1	4141	1908	13
0.1	4142	4011	13
0.1	2040	4143	13
0.1	4144	1895	13
0.1	4145	1894	13
0.1	2041	4146	13
0.1	4147	4000	13
0.1	4148	1891	13
0.1	4149	1890	13
0.1	2042	4150	13
0.1	2043	4151	13
0.1	4152	1889	13
0.1	4153	3999	13
0.1	4154	3933	13
0.1	2044	4155	13
0.1	2045	4156	13
0.1	4157	1789	54
0.1	4158	3902	54
0.1	4159	3428	54
0.1	2047	2046	54
0.1	2051	2050	18
0.1	4162	2049	59
0.1	2052	4163	3
0.1	2053	4164	52
0.1	4165	2048	48
0.1	4166	4161	21
0.1	2055	2054	38
0.1	2057	2056	50
0.1	2061	2060	18
0.1	4170	2059	41
0.1	4171	2058	56
0.1	2064	2063	24
0.1	4173	2062	6
0.1	2066	2065	16
0.1	4175	4174	20
0.1	4176	4172	1
0.1	2068	2067	31
0.1	2069	4178	41
0.1	2075	2074	54
0.1	2078	2077	10
0.1	4181	2076	24
0.1	4182	4180	24
0.1	2080	2079	39
0.1	4184	4183	51
0.1	4185	2073	13
0.1	4186	2072	27
0.1	4187	2071	15
0.1	4188	2070	30
0.1	4189	4179	38
0.1	2084	2083	38
0.1	4191	2082	46
0.1	2085	4192	57
0.1	4193	2081	30
0.1	4194	4190	38
0.1	4195	4177	38
0.1	4196	4169	38
0.1	4197	4168	38
0.1	4198	4167	54
0.1	4199	4160	54
0.1	2086	4200	54
0.1	4201	3295	54
0.1	4202	3250	54
0.1	4203	3179	54
0.1	2091	2090	24
0.1	4205	2089	37
0.1	4206	2088	25
0.1	4207	2087	57
0.1	2092	4208	34
0.1	2094	2093	35
0.1	4210	4209	46
0.1	2097	2096	18
0.1	2099	2098	32
0.1	2100	4213	52
0.1	4214	4212	21
0.1	4215	2095	7
0.1	4216	4211	59
0.1	4217	4204	54
0.1	2103	2102	55
0.1	4219	2101	42
0.1	2109	2108	14
0.1	4221	2107	20
0.1	4222	2106	49
0.1	4223	2105	5
0.1	4224	2104	44
0.1	4225	4220	22
0.1	4226	4218	54
0.1	2110	4227	55
0.1	4228	1058	55
0.1	2112	2111	52
0.1	4230	4229	55
0.1	2116	2115	41
0.1	4232	2114	40
0.1	4233	2113	32
0.1	2117	4234	14
0.1	4235	4231	55
0.1	2118	4236	55
0.1	2120	2119	55
0.1	2122	2121	5
0.1	4239	4238	26
0.1	4240	4237	55
0.1	4241	3177	51
0.1	2123	4242	1
0.1	4243	1055	1
0.1	4244	3176	1
