1	0	0	1
1	0	0	2
1	0	0	3
1	0	0	4
1	0	0	4
1	0	0	5
1	0	0	6
1	0	0	6
1	0	0	7
1	0	0	8
1	0	0	8
1	0	0	9
1	0	0	1
1	0	0	5
1	0	0	10
1	0	0	11
1	0	0	11
1	0	0	12
1	0	0	13
1	0	0	5
1	0	0	14
1	0	0	14
1	0	0	15
1	0	0	5
1	0	0	16
1	0	0	17
1	0	0	18
1	0	0	6
1	0	0	6
1	0	0	11
1	0	0	5
1	0	0	11
1	0	0	5
1	0	0	5
1	0	0	19
1	0	0	20
1	0	0	20
1	0	0	20
1	0	0	20
1	0	0	20
1	0	0	20
1	0	0	20
1	0	0	20
1	0	0	20
1	0	0	20
1	0	0	13
1	0	0	21
1	0	0	5
1	0	0	17
1	0	0	6
1	0	0	16
1	0	0	16
1	0	0	2
1	0	0	22
1	0	0	3
1	0	0	19
1	0	0	19
1	0	0	2
1	0	0	23
1	0	0	2
1	0	0	24
1	0	0	24
1	0	0	25
1	0	0	26
1	0	0	19
1	0	0	4
1	0	0	3
1	0	0	19
1	0	0	19
1	0	0	19
1	0	0	25
1	0	0	8
1	0	0	3
1	0	0	23
1	0	0	4
1	0	0	27
1	0	0	2
1	0	0	3
1	0	0	28
1	0	0	19
1	0	0	19
1	0	0	19
1	0	0	19
1	0	0	2
1	0	0	29
1	0	0	19
1	0	0	1
1	0	0	13
1	0	0	13
1	0	0	13
1	0	0	12
1	0	0	13
1	0	0	13
1	0	0	12
1	0	0	30
1	0	0	30
1	0	0	30
1	0	0	29
1	0	0	1
1	0	0	1
1	0	0	1
1	0	0	13
1	0	0	29
1	0	0	31
1	0	0	32
1	0	0	1
1	0	0	13
1	0	0	12
1	0	0	29
1	0	0	29
1	0	0	12
1	0	0	33
1	0	0	34
1	0	0	13
1	0	0	13
1	0	0	16
1	0	0	16
1	0	0	35
1	0	0	35
1	0	0	35
1	0	0	35
1	0	0	35
1	0	0	13
1	0	0	36
1	0	0	21
1	0	0	27
1	0	0	37
1	0	0	19
1	0	0	38
1	0	0	19
1	0	0	2
1	0	0	25
1	0	0	27
1	0	0	27
1	0	0	27
1	0	0	39
1	0	0	39
1	0	0	39
1	0	0	40
1	0	0	21
1	0	0	2
1	0	0	21
1	0	0	21
1	0	0	20
1	0	0	41
1	0	0	41
1	0	0	2
1	0	0	41
1	0	0	41
1	0	0	41
1	0	0	25
1	0	0	25
1	0	0	12
1	0	0	37
1	0	0	21
1	0	0	21
1	0	0	21
1	0	0	8
1	0	0	8
1	0	0	42
1	0	0	43
1	0	0	42
1	0	0	12
1	0	0	12
1	0	0	25
1	0	0	25
1	0	0	25
1	0	0	25
1	0	0	25
1	0	0	25
1	0	0	12
1	0	0	2
1	0	0	12
1	0	0	44
1	0	0	44
1	0	0	2
1	0	0	4
1	0	0	4
1	0	0	3
1	0	0	31
1	0	0	31
1	0	0	4
1	0	0	13
1	0	0	45
1	0	0	31
1	0	0	31
1	0	0	31
1	0	0	21
1	0	0	31
1	0	0	31
1	0	0	31
1	0	0	31
1	0	0	31
1	0	0	31
1	0	0	31
1	0	0	21
1	0	0	31
1	0	0	31
1	0	0	11
1	0	0	31
1	0	0	21
1	0	0	31
1	0	0	31
1	0	0	31
1	0	0	31
1	0	0	8
1	0	0	8
1	0	0	8
1	0	0	31
1	0	0	45
1	0	0	31
1	0	0	31
1	0	0	31
1	0	0	31
1	0	0	45
1	0	0	2
1	0	0	17
1	0	0	46
1	0	0	46
1	0	0	46
1	0	0	13
1	0	0	47
1	0	0	8
1	0	0	8
1	0	0	48
1	0	0	19
1	0	0	37
1	0	0	7
1	0	0	6
1	0	0	6
1	0	0	3
1	0	0	19
1	0	0	37
1	0	0	6
1	0	0	30
1	0	0	47
1	0	0	10
1	0	0	29
1	0	0	12
1	0	0	3
1	0	0	3
1	0	0	3
1	0	0	3
1	0	0	37
1	0	0	37
1	0	0	13
1	0	0	4
1	0	0	6
1	0	0	2
1	0	0	29
1	0	0	37
1	0	0	19
1	0	0	10
1	0	0	49
1	0	0	10
1	0	0	24
1	0	0	37
1	0	0	2
1	0	0	25
1	0	0	6
1	0	0	4
1	0	0	4
1	0	0	4
1	0	0	50
1	0	0	6
1	0	0	6
1	0	0	7
1	0	0	6
1	0	0	22
1	0	0	5
1	0	0	16
1	0	0	16
1	0	0	25
1	0	0	25
1	0	0	25
1	0	0	25
1	0	0	25
1	0	0	25
1	0	0	5
1	0	0	35
1	0	0	22
1	0	0	22
1	0	0	22
1	0	0	22
1	0	0	22
1	0	0	22
1	0	0	27
1	0	0	27
1	0	0	22
1	0	0	22
1	0	0	22
1	0	0	22
1	0	0	22
1	0	0	22
1	0	0	22
1	0	0	22
1	0	0	22
1	0	0	22
1	0	0	22
1	0	0	22
1	0	0	22
1	0	0	22
1	0	0	22
1	0	0	22
1	0	0	22
1	0	0	20
1	0	0	5
1	0	0	6
1	0	0	6
1	0	0	25
1	0	0	47
1	0	0	37
1	0	0	1
1	0	0	13
1	0	0	13
1	0	0	2
1	0	0	16
1	0	0	16
1	0	0	16
1	0	0	16
1	0	0	15
1	0	0	13
1	0	0	34
1	0	0	45
1	0	0	4
1	0	0	33
1	0	0	33
1	0	0	31
1	0	0	33
1	0	0	37
1	0	0	13
1	0	0	36
1	0	0	12
1	0	0	45
1	0	0	45
1	0	0	45
1	0	0	3
1	0	0	11
1	0	0	19
1	0	0	19
1	0	0	45
1	0	0	45
1	0	0	51
1	0	0	37
1	0	0	37
1	0	0	37
1	0	0	37
1	0	0	13
1	0	0	13
1	0	0	37
1	0	0	37
1	0	0	6
1	0	0	16
1	0	0	16
1	0	0	46
1	0	0	10
1	0	0	2
1	0	0	22
1	0	0	34
1	0	0	45
1	0	0	45
1	0	0	12
1	0	0	12
1	0	0	12
1	0	0	36
1	0	0	34
1	0	0	6
1	0	0	6
1	0	0	6
1	0	0	27
1	0	0	6
1	0	0	47
1	0	0	19
1	0	0	29
1	0	0	25
1	0	0	25
1	0	0	25
1	0	0	22
1	0	0	27
1	0	0	5
1	0	0	31
1	0	0	31
1	0	0	31
1	0	0	5
1	0	0	29
1	0	0	29
1	0	0	32
1	0	0	6
1	0	0	11
1	0	0	11
1	0	0	19
1	0	0	19
1	0	0	4
1	0	0	24
1	0	0	22
1	0	0	17
1	0	0	13
1	0	0	47
1	0	0	47
1	0	0	29
1	0	0	46
1	0	0	46
1	0	0	8
1	0	0	11
1	0	0	11
1	0	0	26
1	0	0	26
1	0	0	26
1	0	0	26
1	0	0	26
1	0	0	30
1	0	0	39
1	0	0	26
1	0	0	26
1	0	0	26
1	0	0	30
1	0	0	26
1	0	0	45
1	0	0	45
1	0	0	45
1	0	0	52
1	0	0	24
1	0	0	26
1	0	0	6
1	0	0	30
1	0	0	26
1	0	0	26
1	0	0	26
1	0	0	26
1	0	0	26
1	0	0	26
1	0	0	21
1	0	0	13
1	0	0	13
1	0	0	2
1	0	0	19
1	0	0	19
1	0	0	26
1	0	0	26
1	0	0	13
1	0	0	26
1	0	0	25
1	0	0	38
1	0	0	13
1	0	0	10
1	0	0	6
1	0	0	4
1	0	0	45
1	0	0	8
1	0	0	12
1	0	0	52
1	0	0	46
1	0	0	29
1	0	0	36
1	0	0	8
1	0	0	25
1	0	0	24
1	0	0	29
1	0	0	20
1	0	0	2
1	0	0	21
1	0	0	11
1	0	0	21
1	0	0	38
1	0	0	12
1	0	0	37
1	0	0	26
1	0	0	26
1	0	0	7
1	0	0	31
1	0	0	28
1	0	0	27
1	0	0	25
1	0	0	19
1	0	0	24
1	0	0	24
1	0	0	26
1	0	0	29
1	0	0	8
1	0	0	48
1	0	0	29
1	0	0	27
1	0	0	45
1	0	0	26
1	0	0	28
1	0	0	25
1	0	0	46
1	0	0	27
1	0	0	25
1	0	0	33
1	0	0	48
1	0	0	29
1	0	0	37
1	0	0	10
1	0	0	29
1	0	0	34
1	0	0	6
1	0	0	53
1	0	0	50
1	0	0	4
1	0	0	31
1	0	0	2
1	0	0	29
1	0	0	38
1	0	0	29
1	0	0	6
1	0	0	6
1	0	0	6
1	0	0	7
1	0	0	6
1	0	0	54
1	0	0	6
1	0	0	45
1	0	0	19
1	0	0	54
1	0	0	25
1	0	0	25
1	0	0	51
1	0	0	48
1	0	0	14
1	0	0	48
1	0	0	45
1	0	0	40
1	0	0	40
1	0	0	40
1	0	0	12
1	0	0	52
1	0	0	14
1	0	0	31
1	0	0	51
1	0	0	33
1	0	0	43
1	0	0	36
1	0	0	13
1	0	0	19
1	0	0	11
1	0	0	44
1	0	0	14
1	0	0	44
1	0	0	37
1	0	0	11
1	0	0	44
1	0	0	23
1	0	0	44
1	0	0	32
1	0	0	13
1	0	0	55
1	0	0	13
1	0	0	14
1	0	0	46
1	0	0	46
1	0	0	46
1	0	0	19
1	0	0	45
1	0	0	14
1	0	0	52
1	0	0	38
1	0	0	11
1	0	0	44
1	0	0	37
1	0	0	33
1	0	0	48
1	0	0	23
1	0	0	38
1	0	0	47
1	0	0	11
1	0	0	38
1	0	0	14
1	0	0	19
1	0	0	48
1	0	0	11
1	0	0	28
1	0	0	38
1	0	0	26
1	0	0	52
1	0	0	19
1	0	0	45
1	0	0	50
1	0	0	11
1	0	0	28
1	0	0	11
1	0	0	11
1	0	0	39
1	0	0	28
1	0	0	27
1	0	0	52
1	0	0	55
1	0	0	3
1	0	0	14
1	0	0	42
1	0	0	10
1	0	0	14
1	0	0	46
1	0	0	54
1	0	0	51
1	0	0	51
1	0	0	21
1	0	0	47
1	0	0	27
1	0	0	28
1	0	0	3
1	0	0	29
1	0	0	45
1	0	0	45
1	0	0	45
1	0	0	14
1	0	0	12
1	0	0	50
1	0	0	46
1	0	0	38
1	0	0	52
1	0	0	52
1	0	0	50
1	0	0	50
1	0	0	50
1	0	0	50
1	0	0	50
1	0	0	24
1	0	0	11
1	0	0	13
1	0	0	31
1	0	0	2
1	0	0	54
1	0	0	3
1	0	0	25
1	0	0	45
1	0	0	4
1	0	0	39
1	0	0	12
1	0	0	52
1	0	0	50
1	0	0	37
1	0	0	14
1	0	0	39
1	0	0	12
1	0	0	11
1	0	0	11
1	0	0	32
1	0	0	50
1	0	0	45
1	0	0	2
1	0	0	28
1	0	0	45
1	0	0	2
1	0	0	14
1	0	0	42
1	0	0	11
1	0	0	38
1	0	0	48
1	0	0	48
1	0	0	19
1	0	0	47
1	0	0	26
1	0	0	26
1	0	0	12
1	0	0	48
1	0	0	14
1	0	0	37
1	0	0	23
1	0	0	23
1	0	0	11
1	0	0	43
1	0	0	48
1	0	0	2
1	0	0	33
1	0	0	13
1	0	0	48
1	0	0	48
1	0	0	48
1	0	0	43
1	0	0	19
1	0	0	19
1	0	0	19
1	0	0	28
1	0	0	11
1	0	0	56
1	0	0	56
1	0	0	6
1	0	0	17
1	0	0	5
1	0	0	6
1	0	0	5
1	0	0	14
1	0	0	25
1	0	0	47
1	0	0	15
1	0	0	38
1	0	0	25
1	0	0	25
1	0	0	25
1	0	0	5
1	0	0	38
1	0	0	56
1	0	0	8
1	0	0	8
1	0	0	8
1	0	0	23
1	0	0	52
1	0	0	52
1	0	0	52
1	0	0	52
1	0	0	52
1	0	0	39
1	0	0	39
1	0	0	18
1	0	0	18
1	0	0	18
1	0	0	17
1	0	0	35
1	0	0	5
1	0	0	38
1	0	0	54
1	0	0	14
1	0	0	11
1	0	0	11
1	0	0	11
1	0	0	11
1	0	0	11
1	0	0	11
1	0	0	11
1	0	0	11
1	0	0	11
1	0	0	52
1	0	0	52
1	0	0	52
1	0	0	40
1	0	0	37
1	0	0	6
1	0	0	26
1	0	0	50
1	0	0	50
1	0	0	8
1	0	0	28
1	0	0	19
1	0	0	6
1	0	0	17
1	0	0	35
1	0	0	34
1	0	0	5
1	0	0	5
1	0	0	17
1	0	0	5
1	0	0	5
1	0	0	5
1	0	0	5
1	0	0	5
1	0	0	5
1	0	0	32
1	0	0	50
1	0	0	20
1	0	0	5
1	0	0	5
1	0	0	5
1	0	0	5
1	0	0	5
1	0	0	5
1	0	0	5
1	0	0	5
1	0	0	5
1	0	0	5
1	0	0	5
1	0	0	19
1	0	0	10
1	0	0	4
1	0	0	14
1	0	0	23
1	0	0	38
1	0	0	23
1	0	0	23
1	0	0	23
1	0	0	23
1	0	0	23
1	0	0	3
1	0	0	3
1	0	0	28
1	0	0	10
1	0	0	44
1	0	0	54
1	0	0	23
1	0	0	7
1	0	0	7
1	0	0	38
1	0	0	38
1	0	0	7
1	0	0	7
1	0	0	7
1	0	0	38
1	0	0	14
1	0	0	47
1	0	0	14
1	0	0	31
1	0	0	11
1	0	0	11
1	0	0	46
1	0	0	34
1	0	0	13
1	0	0	32
1	0	0	4
1	0	0	39
1	0	0	48
1	0	0	43
1	0	0	38
1	0	0	15
1	0	0	52
1	0	0	37
1	0	0	28
1	0	0	12
1	0	0	12
1	0	0	27
1	0	0	14
1	0	0	47
1	0	0	14
1	0	0	19
1	0	0	52
1	0	0	55
1	0	0	39
1	0	0	34
1	0	0	52
1	0	0	45
1	0	0	11
1	0	0	28
1	0	0	45
1	0	0	19
1	0	0	47
1	0	0	38
1	0	0	43
1	0	0	29
1	0	0	41
1	0	0	38
1	0	0	50
1	0	0	37
1	0	0	37
1	0	0	45
1	0	0	47
1	0	0	28
1	0	0	51
1	0	0	22
1	0	0	30
1	0	0	43
1	0	0	38
1	0	0	28
1	0	0	4
1	0	0	38
1	0	0	30
1	0	0	47
1	0	0	28
1	0	0	13
1	0	0	41
1	0	0	50
1	0	0	19
1	0	0	14
1	0	0	19
1	0	0	30
1	0	0	11
1	0	0	19
1	0	0	47
1	0	0	19
1	0	0	38
1	0	0	23
1	0	0	23
1	0	0	45
1	0	0	26
1	0	0	46
1	0	0	14
1	0	0	31
1	0	0	21
1	0	0	9
1	0	0	15
1	0	0	6
1	0	0	15
1	0	0	15
1	0	0	15
1	0	0	22
1	0	0	15
1	0	0	22
1	0	0	22
1	0	0	1
1	0	0	47
1	0	0	47
1	0	0	21
1	0	0	15
1	0	0	15
1	0	0	43
1	0	0	47
1	0	0	43
1	0	0	27
1	0	0	15
1	0	0	15
1	0	0	15
1	0	0	43
1	0	0	22
1	0	0	22
1	0	0	57
1	0	0	47
1	0	0	47
1	0	0	47
1	0	0	15
1	0	0	15
1	0	0	15
1	0	0	15
1	0	0	37
1	0	0	37
1	0	0	37
1	0	0	5
1	0	0	15
1	0	0	15
1	0	0	39
1	0	0	48
1	0	0	31
1	0	0	7
1	0	0	38
1	0	0	34
1	0	0	19
1	0	0	19
1	0	0	52
1	0	0	52
1	0	0	14
1	0	0	37
1	0	0	24
1	0	0	24
1	0	0	42
1	0	0	39
1	0	0	50
1	0	0	27
1	0	0	27
1	0	0	27
1	0	0	27
1	0	0	27
1	0	0	14
1	0	0	32
1	0	0	32
1	0	0	45
1	0	0	45
1	0	0	45
1	0	0	45
1	0	0	45
1	0	0	45
1	0	0	45
1	0	0	45
1	0	0	45
1	0	0	45
1	0	0	45
1	0	0	45
1	0	0	45
1	0	0	45
1	0	0	45
1	0	0	4
1	0	0	32
1	0	0	12
1	0	0	32
1	0	0	32
1	0	0	32
1	0	0	32
1	0	0	32
1	0	0	31
1	0	0	25
1	0	0	25
1	0	0	25
1	0	0	2
1	0	0	14
1	0	0	5
1	0	0	17
1	0	0	35
1	0	0	35
1	0	0	5
1	0	0	7
1	0	0	17
1	0	0	5
1	0	0	13
1	0	0	38
1	0	0	5
1	0	0	50
1	0	0	50
1	0	0	50
1	0	0	50
1	0	0	50
1	0	0	35
1	0	0	5
1	0	0	16
1	0	0	5
1	0	0	19
1	0	0	47
1	0	0	38
1	0	0	1
1	0	0	1
1	0	0	25
1	0	0	25
1	0	0	25
1	0	0	27
1	0	0	25
1	0	0	21
1	0	0	21
1	0	0	21
1	0	0	21
1	0	0	21
1	0	0	23
1	0	0	13
1	0	0	38
1	0	0	2
1	0	0	35
1	0	0	19
1	0	0	33
1	0	0	10
1	0	0	19
1	0	0	45
1	0	0	53
1	0	0	33
1	0	0	37
1	0	0	8
1	0	0	28
1	0	0	30
1	0	0	33
1	0	0	33
1	0	0	13
1	0	0	37
1	0	0	53
1	0	0	50
1	0	0	50
1	0	0	50
1	0	0	50
1	0	0	50
1	0	0	23
1	0	0	12
1	0	0	29
1	0	0	9
1	0	0	47
1	0	0	47
1	0	0	47
1	0	0	47
1	0	0	45
1	0	0	27
1	0	0	52
1	0	0	13
1	0	0	12
1	0	0	41
1	0	0	40
1	0	0	45
1	0	0	23
1	0	0	14
1	0	0	50
1	0	0	39
1	0	0	14
1	0	0	19
1	0	0	38
1	0	0	6
1	0	0	5
1	0	0	38
1	0	0	20
1	0	0	28
1	0	0	16
1	0	0	5
1	0	0	17
1	0	0	5
1	0	0	5
1	0	0	48
1	0	0	34
1	0	0	34
1	0	0	46
1	0	0	44
1	0	0	44
1	0	0	44
1	0	0	53
1	0	0	3
1	0	0	30
1	0	0	13
1	0	0	36
1	0	0	53
1	0	0	53
1	0	0	53
1	0	0	13
1	0	0	13
1	0	0	53
1	0	0	50
1	0	0	50
1	0	0	25
1	0	0	27
1	0	0	28
1	0	0	21
1	0	0	21
1	0	0	19
1	0	0	8
1	0	0	8
1	0	0	53
1	0	0	21
1	0	0	53
1	0	0	3
1	0	0	30
1	0	0	53
1	0	0	53
1	0	0	3
1	0	0	28
1	0	0	8
1	0	0	53
1	0	0	53
1	0	0	53
1	0	0	19
1	0	0	12
1	0	0	8
1	0	0	8
1	0	0	19
1	0	0	2
1	0	0	38
1	0	0	53
1	0	0	36
1	0	0	46
1	0	0	2
1	0	0	21
1	0	0	36
1	0	0	53
1	0	0	43
1	0	0	30
1	0	0	30
1	0	0	12
1	0	0	30
1	0	0	53
1	0	0	23
1	0	0	21
1	0	0	21
1	0	0	30
1	0	0	30
1	0	0	51
1	0	0	2
1	0	0	20
1	0	0	35
1	0	0	6
1	0	0	53
1	0	0	34
1	0	0	33
1	0	0	53
1	0	0	56
1	0	0	6
1	0	0	26
1	0	0	13
1	0	0	2
1	0	0	11
1	0	0	36
1	0	0	2
1	0	0	47
1	0	0	48
1	0	0	38
1	0	0	39
1	0	0	50
1	0	0	11
1	0	0	12
1	0	0	12
1	0	0	45
1	0	0	30
1	0	0	25
1	0	0	28
1	0	0	53
1	0	0	26
1	0	0	21
1	0	0	39
1	0	0	45
1	0	0	52
1	0	0	50
1	0	0	50
1	0	0	51
1	0	0	28
1	0	0	31
1	0	0	40
1	0	0	53
1	0	0	43
1	0	0	27
1	0	0	40
1	0	0	39
1	0	0	38
1	0	0	38
1	0	0	38
1	0	0	38
1	0	0	38
1	0	0	27
1	0	0	39
1	0	0	38
1	0	0	43
1	0	0	25
1	0	0	11
1	0	0	14
1	0	0	54
1	0	0	48
1	0	0	40
1	0	0	27
1	0	0	42
1	0	0	11
1	0	0	42
1	0	0	48
1	0	0	42
1	0	0	14
1	0	0	42
1	0	0	12
1	0	0	12
1	0	0	42
1	0	0	42
1	0	0	12
1	0	0	42
1	0	0	12
1	0	0	12
1	0	0	12
1	0	0	12
1	0	0	12
1	0	0	12
1	0	0	30
1	0	0	46
1	0	0	53
1	0	0	3
1	0	0	26
1	0	0	3
1	0	0	3
1	0	0	3
1	0	0	28
1	0	0	24
1	0	0	3
1	0	0	47
1	0	0	3
1	0	0	3
1	0	0	43
1	0	0	54
1	0	0	2
1	0	0	53
1	0	0	2
1	0	0	46
1	0	0	10
1	0	0	11
1	0	0	26
1	0	0	21
1	0	0	25
1	0	0	26
1	0	0	22
1	0	0	22
1	0	0	25
1	0	0	11
1	0	0	11
1	0	0	11
1	0	0	58
1	0	0	10
1	0	0	13
1	0	0	53
1	0	0	22
1	0	0	42
1	0	0	42
1	0	0	12
1	0	0	30
1	0	0	12
1	0	0	12
1	0	0	12
1	0	0	42
1	0	0	42
1	0	0	42
1	0	0	42
1	0	0	42
1	0	0	42
1	0	0	14
1	0	0	14
1	0	0	48
1	0	0	48
1	0	0	48
1	0	0	56
1	0	0	13
1	0	0	38
1	0	0	16
1	0	0	16
1	0	0	14
1	0	0	14
1	0	0	14
1	0	0	40
1	0	0	14
1	0	0	45
1	0	0	45
1	0	0	8
1	0	0	20
1	0	0	16
1	0	0	16
1	0	0	11
1	0	0	48
1	0	0	14
1	0	0	32
1	0	0	32
1	0	0	32
1	0	0	32
1	0	0	32
1	0	0	32
1	0	0	32
1	0	0	32
1	0	0	48
1	0	0	48
1	0	0	13
1	0	0	13
1	0	0	47
1	0	0	13
1	0	0	13
1	0	0	14
1	0	0	14
1	0	0	14
1	0	0	14
1	0	0	13
1	0	0	13
1	0	0	13
1	0	0	13
1	0	0	13
1	0	0	13
1	0	0	13
1	0	0	32
1	0	0	48
1	0	0	48
1	0	0	48
1	0	0	39
1	0	0	14
1	0	0	42
1	0	0	39
1	0	0	12
1	0	0	39
1	0	0	39
1	0	0	39
1	0	0	25
1	0	0	31
1	0	0	15
1	0	0	15
1	0	0	15
1	0	0	54
1	0	0	54
1	0	0	54
1	0	0	53
1	0	0	27
1	0	0	27
1	0	0	53
1	0	0	53
1	0	0	51
1	0	0	40
1	0	0	53
1	0	0	53
1	0	0	53
1	0	0	53
1	0	0	53
1	0	0	14
1	0	0	53
1	0	0	53
1	0	0	53
1	0	0	53
1	0	0	53
1	0	0	18
1	0	0	18
1	0	0	18
1	0	0	18
1	0	0	18
1	0	0	18
1	0	0	18
1	0	0	18
1	0	0	53
1	0	0	18
1	0	0	18
1	0	0	2
1	0	0	2
1	0	0	28
1	0	0	54
1	0	0	21
1	0	0	10
1	0	0	53
1	0	0	36
1	0	0	24
1	0	0	12
1	0	0	34
1	0	0	58
1	0	0	58
1	0	0	56
1	0	0	27
1	0	0	2
1	0	0	56
1	0	0	49
1	0	0	56
1	0	0	40
1	0	0	47
1	0	0	36
1	0	0	28
1	0	0	56
1	0	0	54
1	0	0	36
1	0	0	38
1	0	0	23
1	0	0	2
1	0	0	13
1	0	0	20
1	0	0	32
1	0	0	10
1	0	0	31
1	0	0	45
1	0	0	9
1	0	0	2
1	0	0	2
1	0	0	54
1	0	0	2
1	0	0	55
1	0	0	10
1	0	0	31
1	0	0	23
1	0	0	54
1	0	0	2
1	0	0	55
1	0	0	10
1	0	0	10
1	0	0	2
1	0	0	31
1	0	0	38
1	0	0	38
1	0	0	53
1	0	0	59
1	0	0	59
1	0	0	59
1	0	0	38
1	0	0	57
1	0	0	49
1	0	0	49
1	0	0	56
1	0	0	27
1	0	0	56
1	0	0	17
1	0	0	56
1	0	0	58
1	0	0	27
1	0	0	58
1	0	0	38
1	0	0	26
1	0	0	26
1	0	0	26
1	0	0	21
1	0	0	38
1	0	0	34
1	0	0	17
1	0	0	59
1	0	0	29
1	0	0	38
1	0	0	38
1	0	0	49
1	0	0	49
1	0	0	29
1	0	0	29
1	0	0	56
1	0	0	57
1	0	0	20
1	0	0	38
1	0	0	38
1	0	0	55
1	0	0	15
1	0	0	22
1	0	0	22
1	0	0	40
1	0	0	47
1	0	0	47
1	0	0	55
1	0	0	55
1	0	0	55
1	0	0	15
1	0	0	15
1	0	0	15
1	0	0	27
1	0	0	41
1	0	0	24
1	0	0	20
1	0	0	20
1	0	0	41
1	0	0	15
1	0	0	59
1	0	0	59
1	0	0	59
1	0	0	59
1	0	0	59
1	0	0	56
1	0	0	56
1	0	0	59
1	0	0	59
1	0	0	59
1	0	0	59
1	0	0	59
1	0	0	56
1	0	0	56
1	0	0	56
1	0	0	56
1	0	0	56
1	0	0	56
1	0	0	56
1	0	0	56
1	0	0	9
1	0	0	57
1	0	0	57
1	0	0	38
1	0	0	38
1	0	0	27
1	0	0	39
1	0	0	38
1	0	0	38
1	0	0	38
1	0	0	38
1	0	0	38
1	0	0	38
1	0	0	38
1	0	0	38
1	0	0	38
1	0	0	38
1	0	0	38
1	0	0	38
1	0	0	38
1	0	0	38
1	0	0	36
1	0	0	9
1	0	0	36
1	0	0	36
1	0	0	36
1	0	0	34
1	0	0	27
1	0	0	34
1	0	0	38
1	0	0	54
1	0	0	27
1	0	0	27
1	0	0	27
1	0	0	41
1	0	0	41
1	0	0	27
1	0	0	15
1	0	0	15
1	0	0	15
1	0	0	15
1	0	0	56
1	0	0	48
1	0	0	42
1	0	0	58
1	0	0	58
1	0	0	58
1	0	0	58
1	0	0	58
1	0	0	58
1	0	0	58
1	0	0	58
1	0	0	58
1	0	0	58
1	0	0	58
1	0	0	58
1	0	0	58
1	0	0	58
1	0	0	58
1	0	0	58
1	0	0	58
1	0	0	58
1	0	0	58
1	0	0	53
1	0	0	53
1	0	0	54
1	0	0	56
1	0	0	54
1	0	0	54
1	0	0	58
1	0	0	58
1	0	0	59
1	0	0	38
1	0	0	5
1	0	0	54
1	0	0	27
1	0	0	56
1	0	0	20
1	0	0	49
1	0	0	27
1	0	0	49
1	0	0	49
1	0	0	49
1	0	0	49
1	0	0	49
1	0	0	49
1	0	0	49
1	0	0	49
1	0	0	49
1	0	0	49
1	0	0	49
1	0	0	49
1	0	0	49
1	0	0	49
1	0	0	58
1	0	0	58
1	0	0	58
1	0	0	58
1	0	0	58
1	0	0	34
1	0	0	27
1	0	0	59
1	0	0	54
1	0	0	14
1	0	0	11
1	0	0	14
1	0	0	14
1	0	0	56
1	0	0	34
1	0	0	45
1	0	0	45
1	0	0	37
1	0	0	45
1	0	0	45
1	0	0	45
1	0	0	45
1	0	0	34
1	0	0	49
1	0	0	14
1	0	0	38
1	0	0	49
1	0	0	56
1	0	0	34
1	0	0	54
1	0	0	39
1	0	0	39
1	0	0	39
1	0	0	39
1	0	0	38
1	0	0	38
1	0	0	54
1	0	0	56
1	0	0	37
1	0	0	23
1	0	0	2
1	0	0	50
1	0	0	14
1	0	0	59
1	0	0	27
1	0	0	27
1	0	0	27
1	0	0	49
1	0	0	29
1	0	0	49
1	0	0	58
1	0	0	58
1	0	0	49
1	0	0	56
1	0	0	59
1	0	0	56
1	0	0	56
1	0	0	27
1	0	0	17
1	0	0	56
1	0	0	26
1	0	0	17
1	0	0	56
1	0	0	20
1	0	0	17
1	0	0	29
1	0	0	27
1	0	0	56
1	0	0	56
1	0	0	56
1	0	0	17
1	0	0	17
1	0	0	56
1	0	0	59
1	0	0	38
1	0	0	56
1	0	0	56
1	0	0	16
1	0	0	57
1	0	0	49
1	0	0	49
1	0	0	49
1	0	0	34
1	0	0	56
1	0	0	27
1	0	0	9
1	0	0	9
1	0	0	57
1	0	0	57
1	0	0	57
1	0	0	57
1	0	0	57
1	0	0	57
1	0	0	34
1	0	0	10
1	0	0	38
1	0	0	38
1	0	0	34
1	0	0	34
1	0	0	34
1	0	0	21
1	0	0	57
1	0	0	56
1	0	0	56
1	0	0	7
1	0	0	20
1	0	0	56
1	0	0	56
1	0	0	56
1	0	0	38
1	0	0	38
1	0	0	38
1	0	0	54
1	0	0	56
1	0	0	56
1	0	0	34
1	0	0	26
1	0	0	56
1	0	0	56
1	0	0	56
1	0	0	37
1	0	0	20
1	0	0	15
1	0	0	37
1	0	0	37
1	0	0	37
1	0	0	37
1	0	0	41
1	0	0	11
1	0	0	11
1	0	0	11
1	0	0	11
1	0	0	11
1	0	0	11
1	0	0	11
1	0	0	11
1	0	0	11
1	0	0	16
1	0	0	34
1	0	0	56
1	0	0	58
1	0	0	44
1	0	0	34
1	0	0	58
1	0	0	58
1	0	0	34
1	0	0	26
1	0	0	54
1	0	0	56
1	0	0	58
1	0	0	56
1	0	0	58
1	0	0	56
1	0	0	34
1	0	0	54
1	0	0	56
1	0	0	47
1	0	0	54
1	0	0	58
1	0	0	56
1	0	0	54
1	0	0	36
1	0	0	33
1	0	0	38
1	0	0	38
1	0	0	56
1	0	0	54
1	0	0	54
1	0	0	54
1	0	0	57
1	0	0	57
1	0	0	57
1	0	0	34
1	0	0	26
1	0	0	58
1	0	0	28
1	0	0	26
1	0	0	56
1	0	0	56
1	0	0	56
1	0	0	5
1	0	0	54
1	0	0	43
1	0	0	33
1	0	0	56
1	0	0	54
1	0	0	56
1	0	0	56
1	0	0	17
1	0	0	1
1	0	0	54
1	0	0	11
1	0	0	11
1	0	0	11
1	0	0	11
1	0	0	25
1	0	0	39
1	0	0	48
1	0	0	40
1	0	0	37
1	0	0	11
1	0	0	39
1	0	0	23
1	0	0	23
1	0	0	11
1	0	0	11
1	0	0	11
1	0	0	12
1	0	0	11
1	0	0	11
1	0	0	11
1	0	0	11
1	0	0	16
1	0	0	27
1	0	0	1
1	0	0	14
1	0	0	3
1	0	0	3
1	0	0	29
1	0	0	52
1	0	0	38
1	0	0	14
1	0	0	38
1	0	0	27
1	0	0	27
1	0	0	20
1	0	0	12
1	0	0	53
1	0	0	8
1	0	0	4
1	0	0	4
1	0	0	4
1	0	0	14
1	0	0	48
1	0	0	48
1	0	0	48
1	0	0	48
1	0	0	48
1	0	0	48
1	0	0	48
1	0	0	48
1	0	0	48
1	0	0	42
1	0	0	45
1	0	0	3
1	0	0	3
1	0	0	48
1	0	0	47
1	0	0	7
1	0	0	47
1	0	0	47
1	0	0	34
1	0	0	27
1	0	0	47
1	0	0	47
1	0	0	57
1	0	0	47
1	0	0	47
1	0	0	54
1	0	0	54
1	0	0	54
1	0	0	54
1	0	0	54
1	0	0	54
1	0	0	54
1	0	0	54
1	0	0	54
1	0	0	54
1	0	0	54
1	0	0	54
1	0	0	57
1	0	0	57
1	0	0	54
1	0	0	54
1	0	0	54
1	0	0	57
1	0	0	57
1	0	0	57
1	0	0	54
1	0	0	54
1	0	0	54
1	0	0	54
1	0	0	47
1	0	0	47
1	0	0	47
1	0	0	54
1	0	0	54
1	0	0	54
1	0	0	54
1	0	0	54
1	0	0	54
1	0	0	58
1	0	0	47
1	0	0	47
1	0	0	58
1	0	0	54
1	0	0	47
1	0	0	27
1	0	0	57
1	0	0	15
1	0	0	57
1	0	0	47
1	0	0	47
1	0	0	47
1	0	0	54
1	0	0	54
1	0	0	47
1	0	0	20
1	0	0	47
1	0	0	47
1	0	0	47
1	0	0	34
1	0	0	34
1	0	0	34
1	0	0	27
1	0	0	27
1	0	0	2
1	0	0	12
1	0	0	5
1	0	0	49
1	0	0	54
1	0	0	26
1	0	0	26
1	0	0	26
1	0	0	26
1	0	0	26
1	0	0	26
1	0	0	49
1	0	0	26
1	0	0	26
1	0	0	52
1	0	0	26
1	0	0	26
1	0	0	26
1	0	0	38
1	0	0	36
1	0	0	23
1	0	0	59
1	0	0	53
1	0	0	27
1	0	0	26
1	0	0	27
1	0	0	26
1	0	0	26
1	0	0	26
1	0	0	26
1	0	0	26
1	0	0	20
1	0	0	20
1	0	0	20
1	0	0	18
1	0	0	18
1	0	0	18
1	0	0	18
1	0	0	18
1	0	0	18
1	0	0	18
1	0	0	18
1	0	0	18
1	0	0	18
1	0	0	18
1	0	0	18
1	0	0	18
1	0	0	27
1	0	0	1
1	0	0	1
1	0	0	1
1	0	0	1
1	0	0	27
1	0	0	39
1	0	0	47
1	0	0	51
1	0	0	44
1	0	0	17
1	0	0	41
1	0	0	20
1	0	0	17
1	0	0	34
1	0	0	34
1	0	0	34
1	0	0	34
1	0	0	34
1	0	0	17
1	0	0	1
1	0	0	34
1	0	0	17
1	0	0	5
1	0	0	17
1	0	0	17
1	0	0	39
1	0	0	1
1	0	0	49
1	0	0	49
1	0	0	49
1	0	0	11
1	0	0	27
1	0	0	27
1	0	0	58
1	0	0	58
1	0	0	56
1	0	0	34
1	0	0	51
1	0	0	23
1	0	0	56
1	0	0	27
1	0	0	27
1	0	0	27
1	0	0	19
1	0	0	49
1	0	0	19
1	0	0	19
1	0	0	56
1	0	0	34
1	0	0	44
1	0	0	44
1	0	0	34
1	0	0	44
1	0	0	44
1	0	0	19
1	0	0	25
1	0	0	19
1	0	0	51
1	0	0	51
1	0	0	51
1	0	0	24
1	0	0	10
1	0	0	24
1	0	0	24
1	0	0	24
1	0	0	45
1	0	0	23
1	0	0	21
1	0	0	2
1	0	0	2
1	0	0	39
1	0	0	38
1	0	0	24
1	0	0	55
1	0	0	10
1	0	0	10
1	0	0	10
1	0	0	2
1	0	0	33
1	0	0	44
1	0	0	23
1	0	0	53
1	0	0	23
1	0	0	58
1	0	0	52
1	0	0	45
1	0	0	24
1	0	0	24
1	0	0	9
1	0	0	2
1	0	0	20
1	0	0	38
1	0	0	59
1	0	0	59
1	0	0	59
1	0	0	59
1	0	0	59
1	0	0	37
1	0	0	27
1	0	0	54
1	0	0	26
1	0	0	49
1	0	0	14
1	0	0	26
1	0	0	56
1	0	0	1
1	0	0	1
1	0	0	42
1	0	0	42
1	0	0	14
1	0	0	42
1	0	0	42
1	0	0	42
1	0	0	42
1	0	0	13
1	0	0	16
1	0	0	6
1	0	0	5
1	0	0	17
1	0	0	18
1	0	0	19
1	0	0	25
1	0	0	25
1	0	0	48
1	0	0	5
1	0	0	48
1	0	0	6
1	0	0	6
1	0	0	34
1	0	0	38
1	0	0	44
1	0	0	19
1	0	0	44
1	0	0	33
1	0	0	32
1	0	0	45
1	0	0	45
1	0	0	27
1	0	0	12
1	0	0	29
1	0	0	19
1	0	0	19
1	0	0	44
1	0	0	44
1	0	0	13
1	0	0	50
1	0	0	44
1	0	0	48
1	0	0	15
1	0	0	15
1	0	0	15
1	0	0	15
1	0	0	15
1	0	0	15
1	0	0	1
1	0	0	1
1	0	0	24
1	0	0	43
1	0	0	43
1	0	0	47
1	0	0	47
1	0	0	2
1	0	0	1
1	0	0	16
1	0	0	14
1	0	0	1
1	0	0	1
1	0	0	12
1	0	0	12
1	0	0	12
1	0	0	12
1	0	0	19
1	0	0	44
1	0	0	44
1	0	0	40
1	0	0	40
1	0	0	40
1	0	0	40
1	0	0	40
1	0	0	51
1	0	0	48
1	0	0	41
1	0	0	39
1	0	0	39
1	0	0	50
0.1	3	2	41
0.1	2124	1	23
0.1	4	2125	44
0.1	5	2126	29
0.1	6	2127	50
0.1	12	11	11
0.1	2129	10	45
0.1	2130	9	48
0.1	2131	8	48
0.1	2132	7	50
0.1	2133	2128	50
0.1	15	14	40
0.1	17	16	55
0.1	20	19	21
0.1	2137	18	40
0.1	22	21	34
0.1	29	28	42
0.1	30	2140	29
0.1	38	37	51
0.1	43	42	2
0.1	2143	41	21
0.1	2144	40	36
0.1	44	2145	26
0.1	2146	39	18
0.1	2147	2142	37
0.1	45	2148	10
0.1	2149	36	3
0.1	47	46	56
0.1	2151	2150	38
0.1	70	69	22
0.1	2153	68	54
0.1	71	2154	50
0.1	2155	67	51
0.1	2156	66	15
0.1	72	2157	40
0.1	2158	65	45
0.1	73	2159	5
0.1	2160	64	18
0.1	2161	63	49
0.1	2162	62	45
0.1	2163	61	58
0.1	74	2164	58
0.1	2165	60	59
0.1	2166	59	59
0.1	2167	58	59
0.1	2168	57	59
0.1	2169	56	54
0.1	2170	55	54
0.1	83	82	42
0.1	2172	81	8
0.1	2173	80	22
0.1	2174	79	12
0.1	2175	78	56
0.1	96	95	48
0.1	105	104	31
0.1	106	2178	19
0.1	107	2179	5
0.1	2180	103	19
0.1	108	2181	26
0.1	2182	102	51
0.1	2183	101	32
0.1	2184	100	11
0.1	2185	99	4
0.1	109	2186	18
0.1	2187	98	38
0.1	110	2188	59
0.1	111	2189	59
0.1	2190	97	59
0.1	2191	2177	59
0.1	2192	94	59
0.1	2193	93	59
0.1	112	2194	59
0.1	2195	92	58
0.1	2196	91	58
0.1	2197	90	58
0.1	2198	89	58
0.1	2199	88	54
0.1	2200	87	58
0.1	114	113	21
0.1	2202	2201	58
0.1	115	2203	59
0.1	2204	86	59
0.1	117	116	52
0.1	2206	2205	51
0.1	118	2207	58
0.1	120	119	56
0.1	2209	2208	59
0.1	122	121	14
0.1	2211	2210	59
0.1	123	2212	59
0.1	2213	85	59
0.1	2214	84	53
0.1	126	125	19
0.1	135	134	40
0.1	2217	133	38
0.1	140	139	24
0.1	2219	138	44
0.1	141	2220	52
0.1	2221	137	16
0.1	2222	136	38
0.1	2223	2218	14
0.1	2224	132	30
0.1	142	2225	46
0.1	2226	131	54
0.1	146	145	45
0.1	149	148	31
0.1	2229	147	33
0.1	150	2230	16
0.1	2231	2228	47
0.1	157	156	24
0.1	2233	155	11
0.1	2234	154	22
0.1	159	158	41
0.1	2236	2235	30
0.1	160	2237	3
0.1	161	2238	4
0.1	162	2239	28
0.1	2240	153	25
0.1	163	2241	10
0.1	2242	152	55
0.1	2243	151	59
0.1	164	2244	59
0.1	165	2245	44
0.1	167	166	11
0.1	2247	2246	44
0.1	170	169	32
0.1	2249	168	41
0.1	2250	2248	44
0.1	171	2251	7
0.1	172	2252	7
0.1	173	2253	7
0.1	2254	2232	7
0.1	2255	144	7
0.1	2256	143	54
0.1	2257	2227	54
0.1	175	174	17
0.1	176	2259	20
0.1	2260	2258	54
0.1	2261	130	54
0.1	2262	129	54
0.1	178	177	3
0.1	2264	2263	55
0.1	2265	128	55
0.1	2266	127	55
0.1	2267	2216	53
0.1	2268	124	53
0.1	179	2269	53
0.1	2270	2215	53
0.1	188	187	31
0.1	192	191	34
0.1	198	197	41
0.1	201	200	7
0.1	2275	199	2
0.1	2276	2274	22
0.1	2277	196	6
0.1	2278	195	22
0.1	202	2279	49
0.1	203	2280	33
0.1	2281	194	21
0.1	204	2282	18
0.1	2283	193	39
0.1	2284	2273	56
0.1	205	2285	56
0.1	2286	190	56
0.1	2287	189	56
0.1	207	206	8
0.1	208	2289	37
0.1	2290	2288	56
0.1	209	2291	57
0.1	2292	2272	57
0.1	210	2293	57
0.1	211	2294	59
0.1	212	2295	59
0.1	2296	186	59
0.1	2297	185	59
0.1	213	2298	54
0.1	214	2299	54
0.1	2300	184	54
0.1	2301	183	54
0.1	2302	182	56
0.1	215	2303	56
0.1	2304	181	56
0.1	2305	180	56
0.1	2306	2271	53
0.1	217	216	10
0.1	219	218	48
0.1	220	2309	47
0.1	221	2310	47
0.1	2311	2308	45
0.1	2312	2307	53
0.1	2313	2176	53
0.1	222	2314	53
0.1	224	223	13
0.1	2316	2315	53
0.1	2317	77	53
0.1	225	2318	53
0.1	2319	76	59
0.1	242	241	53
0.1	2321	240	8
0.1	243	2322	51
0.1	245	244	9
0.1	251	250	55
0.1	2325	249	38
0.1	2326	248	58
0.1	252	2327	35
0.1	2328	247	18
0.1	2329	246	30
0.1	2330	2324	8
0.1	2331	2323	59
0.1	253	2332	59
0.1	2333	239	59
0.1	2334	238	59
0.1	254	2335	59
0.1	255	2336	59
0.1	256	2337	48
0.1	2338	237	48
0.1	2339	236	59
0.1	2340	235	59
0.1	2341	234	59
0.1	257	2342	59
0.1	2343	233	45
0.1	2344	232	45
0.1	2345	231	45
0.1	2346	230	45
0.1	2347	229	45
0.1	258	2348	45
0.1	2349	228	45
0.1	259	2350	45
0.1	260	2351	58
0.1	2352	227	59
0.1	2353	226	59
0.1	2354	2320	59
0.1	2355	75	58
0.1	264	263	14
0.1	2357	262	34
0.1	2358	261	10
0.1	2359	2356	58
0.1	266	265	26
0.1	2361	2360	58
0.1	267	2362	59
0.1	268	2363	59
0.1	2364	2171	59
0.1	2365	54	59
0.1	2366	53	59
0.1	2367	52	59
0.1	2368	51	58
0.1	269	2369	58
0.1	270	2370	58
0.1	271	2371	58
0.1	272	2372	58
0.1	2373	50	58
0.1	2374	49	58
0.1	2375	48	58
0.1	2376	2152	58
0.1	2377	35	58
0.1	2378	34	59
0.1	2379	33	59
0.1	2380	32	55
0.1	2381	31	55
0.1	274	273	56
0.1	278	277	42
0.1	2384	276	52
0.1	2385	275	17
0.1	2386	2383	13
0.1	2387	2382	55
0.1	279	2388	59
0.1	280	2389	59
0.1	2390	2141	59
0.1	282	281	29
0.1	284	283	55
0.1	285	2393	25
0.1	288	287	23
0.1	2395	286	12
0.1	2396	2394	27
0.1	290	289	38
0.1	2398	2397	40
0.1	2399	2392	57
0.1	293	292	23
0.1	2401	291	25
0.1	296	295	5
0.1	2403	294	13
0.1	298	297	24
0.1	2405	2404	35
0.1	2406	2402	30
0.1	2407	2400	25
0.1	299	2408	25
0.1	302	301	30
0.1	2410	300	23
0.1	2411	2409	25
0.1	304	303	38
0.1	305	2413	43
0.1	2414	2412	54
0.1	2415	2391	59
0.1	2416	27	59
0.1	2417	26	59
0.1	306	2418	59
0.1	2419	25	53
0.1	307	2420	53
0.1	2421	24	53
0.1	308	2422	53
0.1	2423	23	53
0.1	309	2424	53
0.1	2425	2139	53
0.1	2426	2138	53
0.1	2427	2136	53
0.1	310	2428	53
0.1	2429	2135	53
0.1	2430	13	53
0.1	311	2431	53
0.1	312	2432	53
0.1	313	2433	53
0.1	2434	2134	53
0.1	315	314	7
0.1	2436	2435	53
0.1	319	318	4
0.1	2438	317	1
0.1	320	2439	17
0.1	2440	316	58
0.1	2441	2437	53
0.1	321	2442	53
0.1	322	2443	53
0.1	323	2444	53
0.1	325	324	34
0.1	327	326	24
0.1	340	339	12
0.1	2448	338	22
0.1	2449	337	15
0.1	2450	336	27
0.1	2451	335	57
0.1	2452	334	27
0.1	341	2453	29
0.1	342	2454	52
0.1	2455	333	13
0.1	343	2456	26
0.1	2457	332	58
0.1	2458	331	59
0.1	2459	330	59
0.1	2460	329	59
0.1	2461	328	59
0.1	2462	2447	59
0.1	346	345	5
0.1	347	2464	58
0.1	2465	344	30
0.1	2466	2463	58
0.1	2467	2446	58
0.1	349	348	49
0.1	351	350	58
0.1	2470	2469	23
0.1	2471	2468	53
0.1	352	2472	53
0.1	2473	2445	53
0.1	357	356	2
0.1	2475	355	24
0.1	2476	354	31
0.1	2477	353	51
0.1	2478	2474	53
0.1	358	2479	53
0.1	359	2480	53
0.1	364	363	15
0.1	2482	362	26
0.1	2483	361	47
0.1	2484	360	6
0.1	2485	2481	53
0.1	365	2486	53
0.1	366	2487	53
0.1	369	368	36
0.1	2489	367	22
0.1	2490	2488	53
0.1	370	2491	53
0.1	371	2492	53
0.1	372	2493	53
0.1	373	2494	53
0.1	374	2495	55
0.1	377	376	14
0.1	2497	375	59
0.1	2498	2496	55
0.1	379	378	41
0.1	2500	2499	55
0.1	380	2501	55
0.1	383	382	6
0.1	2503	381	19
0.1	2504	2502	55
0.1	384	2505	55
0.1	385	2506	55
0.1	386	2507	59
0.1	387	2508	59
0.1	388	2509	59
0.1	390	389	33
0.1	2511	2510	59
0.1	392	391	40
0.1	2513	2512	59
0.1	393	2514	35
0.1	394	2515	35
0.1	395	2516	57
0.1	399	398	25
0.1	402	401	52
0.1	405	404	27
0.1	420	419	29
0.1	2521	418	49
0.1	424	423	53
0.1	2523	422	14
0.1	2524	421	26
0.1	2525	2522	26
0.1	2526	417	14
0.1	2527	416	30
0.1	2528	415	2
0.1	2529	414	23
0.1	425	2530	49
0.1	2531	413	59
0.1	2532	412	59
0.1	2533	411	59
0.1	2534	410	59
0.1	2535	409	59
0.1	426	2536	59
0.1	2537	408	58
0.1	427	2538	58
0.1	2539	407	57
0.1	428	2540	57
0.1	429	2541	57
0.1	430	2542	57
0.1	431	2543	56
0.1	2544	406	59
0.1	2545	2520	59
0.1	432	2546	59
0.1	433	2547	59
0.1	2548	403	52
0.1	2549	2519	52
0.1	2550	400	52
0.1	2551	2518	52
0.1	434	2552	57
0.1	2553	397	57
0.1	435	2554	57
0.1	2555	396	57
0.1	2556	2517	57
0.1	437	436	55
0.1	2558	2557	57
0.1	439	438	21
0.1	463	462	16
0.1	2561	461	58
0.1	2562	460	58
0.1	2563	459	53
0.1	479	478	33
0.1	2565	477	6
0.1	2566	476	53
0.1	2567	475	16
0.1	2568	474	34
0.1	2569	473	18
0.1	2570	472	10
0.1	2571	471	23
0.1	2572	470	27
0.1	2573	469	34
0.1	2574	468	49
0.1	2575	467	59
0.1	480	2576	59
0.1	2577	466	59
0.1	481	2578	59
0.1	2579	465	59
0.1	482	2580	59
0.1	483	2581	53
0.1	2582	464	53
0.1	2583	2564	56
0.1	484	2584	58
0.1	2585	458	58
0.1	2586	457	58
0.1	485	2587	59
0.1	2588	456	59
0.1	486	2589	51
0.1	487	2590	51
0.1	2591	455	58
0.1	2592	454	52
0.1	488	2593	52
0.1	2594	453	52
0.1	2595	452	59
0.1	2596	451	59
0.1	2597	450	59
0.1	2598	449	57
0.1	489	2599	57
0.1	2600	448	59
0.1	2601	447	58
0.1	2602	446	58
0.1	2603	445	58
0.1	490	2604	58
0.1	2605	444	58
0.1	491	2606	58
0.1	2607	443	59
0.1	2608	442	59
0.1	2609	441	59
0.1	2610	440	59
0.1	492	2611	41
0.1	493	2612	41
0.1	494	2613	41
0.1	2614	2560	41
0.1	2615	2559	57
0.1	495	2616	58
0.1	496	2617	58
0.1	497	2618	58
0.1	498	2619	58
0.1	499	2620	58
0.1	500	2621	58
0.1	501	2622	58
0.1	502	2623	59
0.1	503	2624	59
0.1	504	2625	59
0.1	505	2626	53
0.1	506	2627	53
0.1	508	507	55
0.1	2629	2628	56
0.1	509	2630	56
0.1	510	2631	6
0.1	511	2632	6
0.1	512	2633	6
0.1	513	2634	6
0.1	514	2635	6
0.1	517	516	48
0.1	2637	515	16
0.1	2638	2636	6
0.1	518	2639	6
0.1	521	520	7
0.1	2641	519	17
0.1	524	523	58
0.1	2643	522	43
0.1	525	2644	43
0.1	527	526	8
0.1	2646	2645	16
0.1	2647	2642	50
0.1	528	2648	28
0.1	541	540	46
0.1	2650	539	53
0.1	543	542	11
0.1	552	551	1
0.1	2653	550	58
0.1	2654	549	25
0.1	555	554	2
0.1	560	559	29
0.1	568	567	41
0.1	2658	566	40
0.1	2659	565	3
0.1	2660	564	18
0.1	576	575	6
0.1	577	2662	14
0.1	2663	574	47
0.1	2664	573	25
0.1	578	2665	19
0.1	579	2666	4
0.1	2667	572	36
0.1	580	2668	27
0.1	2669	571	13
0.1	581	2670	37
0.1	2671	570	40
0.1	2672	569	59
0.1	2673	2661	59
0.1	582	2674	46
0.1	2675	563	46
0.1	2676	562	55
0.1	2677	561	55
0.1	583	2678	55
0.1	2679	2657	55
0.1	2680	558	59
0.1	2681	557	59
0.1	2682	556	59
0.1	2683	2656	59
0.1	584	2684	1
0.1	596	595	17
0.1	2686	594	45
0.1	2687	593	10
0.1	597	2688	13
0.1	2689	592	59
0.1	598	2690	20
0.1	2691	591	11
0.1	2692	590	3
0.1	599	2693	7
0.1	2694	589	13
0.1	600	2695	39
0.1	601	2696	51
0.1	602	2697	51
0.1	604	603	21
0.1	605	2699	24
0.1	2700	2698	51
0.1	2701	588	51
0.1	606	2702	51
0.1	607	2703	51
0.1	2704	587	57
0.1	608	2705	57
0.1	609	2706	57
0.1	2707	586	57
0.1	610	2708	59
0.1	611	2709	1
0.1	612	2710	1
0.1	2711	585	1
0.1	2712	2685	1
0.1	2713	553	1
0.1	616	615	27
0.1	617	2715	46
0.1	2716	614	44
0.1	2717	613	47
0.1	2718	2714	59
0.1	2719	2655	59
0.1	620	619	1
0.1	2721	618	36
0.1	2722	2720	59
0.1	621	2723	58
0.1	622	2724	44
0.1	625	624	44
0.1	2726	623	26
0.1	2727	2725	44
0.1	626	2728	44
0.1	627	2729	57
0.1	628	2730	57
0.1	2731	548	57
0.1	629	2732	57
0.1	630	2733	57
0.1	631	2734	57
0.1	632	2735	58
0.1	633	2736	58
0.1	634	2737	58
0.1	2738	547	59
0.1	2739	546	59
0.1	2740	545	52
0.1	635	2741	52
0.1	636	2742	58
0.1	637	2743	58
0.1	638	2744	58
0.1	639	2745	58
0.1	640	2746	58
0.1	641	2747	58
0.1	642	2748	58
0.1	643	2749	59
0.1	645	644	50
0.1	2751	2750	59
0.1	646	2752	59
0.1	647	2753	57
0.1	2754	544	57
0.1	2755	2652	59
0.1	2756	2651	59
0.1	648	2757	59
0.1	2758	538	59
0.1	649	2759	59
0.1	650	2760	57
0.1	651	2761	57
0.1	2762	537	57
0.1	652	2763	57
0.1	654	653	15
0.1	2765	2764	59
0.1	655	2766	59
0.1	656	2767	21
0.1	2768	536	21
0.1	2769	535	21
0.1	657	2770	21
0.1	658	2771	21
0.1	2772	534	21
0.1	660	659	50
0.1	2774	2773	57
0.1	661	2775	57
0.1	662	2776	57
0.1	2777	533	57
0.1	663	2778	59
0.1	666	665	5
0.1	2780	664	30
0.1	2781	2779	59
0.1	667	2782	59
0.1	2783	532	59
0.1	670	669	21
0.1	671	2785	5
0.1	2786	668	9
0.1	2787	2784	59
0.1	2788	531	59
0.1	2789	530	59
0.1	2790	529	59
0.1	2791	2649	59
0.1	2792	2640	6
0.1	673	672	35
0.1	2794	2793	6
0.1	674	2795	6
0.1	675	2796	6
0.1	677	676	51
0.1	681	680	29
0.1	683	682	43
0.1	2800	2799	17
0.1	686	685	3
0.1	690	689	25
0.1	2803	688	5
0.1	701	700	1
0.1	703	702	30
0.1	2806	2805	5
0.1	2807	699	21
0.1	2808	698	39
0.1	2809	697	47
0.1	2810	696	28
0.1	2811	695	24
0.1	2812	694	35
0.1	2813	693	33
0.1	704	2814	39
0.1	706	705	57
0.1	707	2816	24
0.1	2817	2815	59
0.1	2818	692	59
0.1	716	715	6
0.1	2820	714	42
0.1	717	2821	4
0.1	719	718	46
0.1	2823	2822	30
0.1	722	721	58
0.1	2825	720	15
0.1	2826	2824	32
0.1	723	2827	54
0.1	725	724	1
0.1	731	730	35
0.1	736	735	33
0.1	745	744	1
0.1	747	746	55
0.1	2833	2832	37
0.1	750	749	27
0.1	2835	748	21
0.1	753	752	31
0.1	2837	751	53
0.1	2838	2836	25
0.1	755	754	38
0.1	756	2840	58
0.1	2841	2839	24
0.1	758	757	40
0.1	2843	2842	33
0.1	760	759	37
0.1	2845	2844	59
0.1	2846	2834	59
0.1	761	2847	59
0.1	2848	743	48
0.1	770	769	45
0.1	2850	768	45
0.1	772	771	45
0.1	2852	2851	41
0.1	2853	767	13
0.1	2854	766	34
0.1	774	773	7
0.1	779	778	22
0.1	781	780	18
0.1	783	782	8
0.1	786	785	6
0.1	2860	784	19
0.1	787	2861	10
0.1	2862	2859	26
0.1	2863	2858	33
0.1	789	788	24
0.1	793	792	8
0.1	808	807	34
0.1	837	836	45
0.1	2868	835	18
0.1	2869	834	43
0.1	838	2870	41
0.1	2871	833	29
0.1	2872	832	30
0.1	2873	831	10
0.1	2874	830	29
0.1	839	2875	13
0.1	2876	829	8
0.1	2877	828	56
0.1	840	2878	58
0.1	2879	827	58
0.1	2880	826	58
0.1	841	2881	58
0.1	842	2882	59
0.1	2883	825	59
0.1	2884	824	51
0.1	843	2885	51
0.1	2886	823	59
0.1	2887	822	59
0.1	2888	821	59
0.1	844	2889	59
0.1	2890	820	58
0.1	2891	819	18
0.1	2892	818	18
0.1	845	2893	18
0.1	846	2894	18
0.1	847	2895	18
0.1	2896	817	18
0.1	848	2897	18
0.1	2898	816	59
0.1	2899	815	52
0.1	849	2900	52
0.1	850	2901	52
0.1	2902	814	59
0.1	2903	813	59
0.1	851	2904	59
0.1	852	2905	56
0.1	853	2906	56
0.1	854	2907	59
0.1	2908	812	59
0.1	855	2909	59
0.1	2910	811	59
0.1	2911	810	59
0.1	2912	809	59
0.1	856	2913	59
0.1	857	2914	58
0.1	858	2915	58
0.1	2916	2867	58
0.1	860	859	51
0.1	2918	2917	59
0.1	861	2919	59
0.1	2920	806	59
0.1	2921	805	47
0.1	2922	804	59
0.1	2923	803	59
0.1	862	2924	59
0.1	2925	802	51
0.1	863	2926	51
0.1	2927	801	51
0.1	2928	800	51
0.1	864	2929	51
0.1	2930	799	58
0.1	2931	798	58
0.1	2932	797	58
0.1	2933	796	58
0.1	867	866	25
0.1	2935	865	38
0.1	871	870	8
0.1	876	875	51
0.1	882	881	48
0.1	2939	880	35
0.1	888	887	46
0.1	889	2941	39
0.1	2942	886	28
0.1	2943	885	52
0.1	2944	884	1
0.1	890	2945	12
0.1	2946	883	9
0.1	2947	2940	3
0.1	892	891	29
0.1	893	2949	11
0.1	2950	2948	54
0.1	2951	879	54
0.1	2952	878	54
0.1	894	2953	54
0.1	895	2954	54
0.1	896	2955	54
0.1	2956	877	54
0.1	2957	2938	59
0.1	2958	874	59
0.1	2959	873	59
0.1	2960	872	59
0.1	2961	2937	58
0.1	897	2962	58
0.1	2963	869	58
0.1	898	2964	59
0.1	899	2965	11
0.1	2966	868	11
0.1	900	2967	13
0.1	903	902	32
0.1	2969	901	13
0.1	2970	2968	13
0.1	904	2971	58
0.1	906	905	16
0.1	2973	2972	58
0.1	2974	2936	59
0.1	2975	2934	58
0.1	2976	795	59
0.1	2977	794	56
0.1	2978	2866	56
0.1	2979	791	56
0.1	2980	790	56
0.1	907	2981	56
0.1	908	2982	56
0.1	2983	2865	56
0.1	2984	2864	56
0.1	909	2985	58
0.1	910	2986	55
0.1	911	2987	55
0.1	2988	2857	55
0.1	2989	777	55
0.1	2990	776	55
0.1	912	2991	55
0.1	2992	775	58
0.1	2993	2856	58
0.1	914	913	46
0.1	2995	2994	58
0.1	915	2996	58
0.1	916	2997	58
0.1	917	2998	58
0.1	918	2999	58
0.1	920	919	47
0.1	923	922	30
0.1	3002	921	44
0.1	3003	3001	27
0.1	3004	3000	55
0.1	926	925	37
0.1	928	927	47
0.1	3007	3006	43
0.1	3008	924	25
0.1	3009	3005	55
0.1	3010	2855	56
0.1	929	3011	56
0.1	930	3012	58
0.1	933	932	34
0.1	934	3014	53
0.1	941	940	20
0.1	942	3016	28
0.1	943	3017	34
0.1	944	3018	34
0.1	3019	939	55
0.1	3020	938	29
0.1	945	3021	26
0.1	3022	937	11
0.1	3023	936	45
0.1	3024	935	36
0.1	946	3025	52
0.1	3026	3015	58
0.1	3027	931	58
0.1	3028	3013	59
0.1	947	3029	59
0.1	948	3030	22
0.1	949	3031	22
0.1	953	952	39
0.1	3033	951	10
0.1	3034	950	34
0.1	954	3035	39
0.1	3036	3032	22
0.1	3037	765	22
0.1	3038	764	58
0.1	955	3039	58
0.1	3040	763	59
0.1	3041	762	59
0.1	958	957	11
0.1	3043	956	13
0.1	960	959	9
0.1	3045	3044	46
0.1	3046	3042	59
0.1	962	961	59
0.1	3048	3047	59
0.1	964	963	14
0.1	965	3050	16
0.1	3051	3049	54
0.1	3052	2849	48
0.1	3053	742	48
0.1	3054	741	48
0.1	3055	740	48
0.1	966	3056	48
0.1	3057	739	48
0.1	967	3058	58
0.1	969	968	34
0.1	3060	3059	58
0.1	970	3061	58
0.1	971	3062	58
0.1	973	972	57
0.1	976	975	41
0.1	3065	974	43
0.1	3066	3064	52
0.1	978	977	18
0.1	980	979	41
0.1	3069	3068	6
0.1	3070	3067	12
0.1	3071	3063	53
0.1	3072	738	53
0.1	981	3073	57
0.1	3074	737	57
0.1	3075	2831	59
0.1	982	3076	59
0.1	983	3077	58
0.1	3078	734	58
0.1	984	3079	58
0.1	985	3080	58
0.1	988	987	5
0.1	3082	986	39
0.1	3083	3081	58
0.1	989	3084	58
0.1	3085	733	59
0.1	3086	732	59
0.1	3087	2830	55
0.1	3088	729	55
0.1	990	3089	55
0.1	994	993	38
0.1	3091	992	15
0.1	995	3092	44
0.1	3093	991	43
0.1	3094	3090	55
0.1	996	3095	58
0.1	1000	999	18
0.1	1011	1010	44
0.1	3098	1009	4
0.1	3099	1008	48
0.1	3100	1007	13
0.1	1013	1012	44
0.1	1014	3102	55
0.1	3103	3101	13
0.1	1015	3104	40
0.1	3105	1006	9
0.1	1016	3106	47
0.1	1019	1018	7
0.1	1021	1020	38
0.1	3109	3108	22
0.1	3110	1017	59
0.1	1022	3111	25
0.1	1023	3112	49
0.1	3113	3107	57
0.1	1028	1027	52
0.1	3115	1026	56
0.1	1029	3116	4
0.1	3117	1025	1
0.1	3118	1024	35
0.1	3119	3114	57
0.1	3120	1005	59
0.1	1030	3121	43
0.1	3122	1004	43
0.1	3123	1003	43
0.1	1031	3124	43
0.1	3125	1002	43
0.1	3126	1001	43
0.1	1032	3127	43
0.1	1033	3128	59
0.1	1034	3129	50
0.1	3130	3097	50
0.1	3131	998	58
0.1	3132	997	58
0.1	3133	3096	58
0.1	1035	3134	58
0.1	3135	728	57
0.1	3136	727	57
0.1	1036	3137	57
0.1	3138	726	34
0.1	1037	3139	34
0.1	1038	3140	34
0.1	1039	3141	34
0.1	3142	2829	34
0.1	1040	3143	34
0.1	3144	2828	34
0.1	1041	3145	56
0.1	1042	3146	56
0.1	1043	3147	56
0.1	3148	713	54
0.1	3149	712	54
0.1	3150	711	59
0.1	1044	3151	59
0.1	3152	710	57
0.1	3153	709	57
0.1	1045	3154	58
0.1	1046	3155	56
0.1	3156	708	56
0.1	3157	2819	58
0.1	3158	691	59
0.1	3159	2804	59
0.1	3160	687	59
0.1	3161	2802	59
0.1	1047	3162	59
0.1	3163	684	59
0.1	1048	3164	59
0.1	3165	2801	59
0.1	1049	3166	59
0.1	3167	679	57
0.1	1050	3168	57
0.1	1051	3169	57
0.1	1052	3170	59
0.1	1053	3171	59
0.1	3172	678	59
0.1	3173	2798	24
0.1	1054	3174	6
0.1	3175	2797	6
0.1	1057	1056	39
0.1	1061	1060	49
0.1	3178	1059	27
0.1	1069	1068	37
0.1	1071	1070	14
0.1	1074	1073	41
0.1	1095	1094	19
0.1	3183	1093	49
0.1	3184	1092	10
0.1	1096	3185	39
0.1	1097	3186	4
0.1	3187	1091	23
0.1	3188	1090	58
0.1	3189	1089	54
0.1	3190	1088	56
0.1	3191	1087	32
0.1	3192	1086	51
0.1	3193	1085	59
0.1	3194	1084	59
0.1	3195	1083	59
0.1	3196	1082	59
0.1	3197	1081	59
0.1	3198	1080	59
0.1	3199	1079	53
0.1	3200	1078	53
0.1	3201	1077	59
0.1	3202	1076	59
0.1	3203	1075	59
0.1	3204	3182	59
0.1	3205	1072	59
0.1	1098	3206	59
0.1	1099	3207	59
0.1	3208	3181	53
0.1	3209	3180	53
0.1	1100	3210	59
0.1	3211	1067	56
0.1	3212	1066	56
0.1	3213	1065	56
0.1	3214	1064	59
0.1	3215	1063	59
0.1	1101	3216	59
0.1	1102	3217	59
0.1	3218	1062	59
0.1	1103	3219	59
0.1	1107	1106	44
0.1	3221	1105	46
0.1	3222	1104	57
0.1	1108	3223	51
0.1	1118	1117	3
0.1	3225	1116	12
0.1	3226	1115	4
0.1	3227	1114	33
0.1	1119	3228	2
0.1	3229	1113	14
0.1	3230	1112	1
0.1	1120	3231	44
0.1	3232	1111	45
0.1	3233	1110	3
0.1	1121	3234	59
0.1	3235	1109	59
0.1	3236	3224	59
0.1	3237	3220	33
0.1	1124	1123	34
0.1	1126	1125	46
0.1	1129	1128	48
0.1	3241	1127	19
0.1	3242	3240	56
0.1	3243	3239	11
0.1	1130	3244	52
0.1	1133	1132	12
0.1	3246	1131	18
0.1	3247	3245	2
0.1	3248	1122	37
0.1	3249	3238	56
0.1	1137	1136	35
0.1	1145	1144	26
0.1	1149	1148	21
0.1	3253	1147	12
0.1	3254	1146	13
0.1	3255	3252	13
0.1	1160	1159	48
0.1	1168	1167	39
0.1	1171	1170	27
0.1	3259	1169	4
0.1	1172	3260	43
0.1	1173	3261	26
0.1	3262	3258	2
0.1	1174	3263	4
0.1	3264	1166	28
0.1	3265	1165	41
0.1	3266	1164	14
0.1	3267	1163	56
0.1	3268	1162	59
0.1	1175	3269	59
0.1	3270	1161	59
0.1	3271	3257	59
0.1	3272	1158	59
0.1	1176	3273	49
0.1	3274	1157	49
0.1	3275	1156	35
0.1	3276	1155	35
0.1	3277	1154	57
0.1	3278	1153	57
0.1	3279	1152	59
0.1	3280	1151	55
0.1	3281	1150	55
0.1	3282	3256	55
0.1	1177	3283	55
0.1	3284	1143	55
0.1	3285	1142	55
0.1	3286	1141	52
0.1	1178	3287	52
0.1	3288	1140	52
0.1	3289	1139	52
0.1	3290	1138	52
0.1	3291	3251	52
0.1	3292	1135	56
0.1	3293	1134	56
0.1	1179	3294	56
0.1	1185	1184	35
0.1	1187	1186	59
0.1	3297	3296	56
0.1	1191	1190	52
0.1	1192	3299	56
0.1	1202	1201	41
0.1	1214	1213	36
0.1	3302	1212	7
0.1	3303	1211	43
0.1	3304	1210	27
0.1	1215	3305	8
0.1	3306	1209	49
0.1	3307	1208	33
0.1	3308	1207	15
0.1	3309	1206	5
0.1	3310	1205	43
0.1	1216	3311	45
0.1	1217	3312	59
0.1	3313	1204	59
0.1	1229	1228	44
0.1	3315	1227	48
0.1	1230	3316	59
0.1	3317	1226	25
0.1	1231	3318	42
0.1	1232	3319	3
0.1	3320	1225	16
0.1	3321	1224	51
0.1	1233	3322	57
0.1	3323	1223	20
0.1	1234	3324	54
0.1	1235	3325	59
0.1	3326	1222	59
0.1	3327	1221	59
0.1	3328	1220	59
0.1	3329	1219	59
0.1	1236	3330	59
0.1	3331	1218	59
0.1	3332	3314	59
0.1	1237	3333	58
0.1	1238	3334	58
0.1	3335	1203	58
0.1	3336	3301	54
0.1	1240	1239	3
0.1	3338	3337	54
0.1	1241	3339	54
0.1	3340	1200	54
0.1	3341	1199	54
0.1	1242	3342	54
0.1	3343	1198	54
0.1	3344	1197	54
0.1	3345	1196	54
0.1	3346	1195	54
0.1	3347	1194	58
0.1	1243	3348	58
0.1	1245	1244	44
0.1	3350	3349	58
0.1	1246	3351	58
0.1	1247	3352	43
0.1	3353	1193	43
0.1	3354	3300	43
0.1	3355	1189	43
0.1	3356	1188	43
0.1	3357	3298	59
0.1	1251	1250	10
0.1	3359	1249	19
0.1	3360	1248	56
0.1	3361	3358	59
0.1	3362	1183	59
0.1	3363	1182	59
0.1	3364	1181	59
0.1	3365	1180	59
0.1	1255	1254	20
0.1	1256	3367	11
0.1	3368	1253	8
0.1	3369	1252	10
0.1	1257	3370	39
0.1	1259	1258	14
0.1	1261	1260	14
0.1	3373	3372	42
0.1	1264	1263	55
0.1	1265	3375	34
0.1	3376	1262	46
0.1	1268	1267	46
0.1	3378	1266	51
0.1	1269	3379	54
0.1	1270	3380	1
0.1	3381	3377	3
0.1	1271	3382	13
0.1	3383	3374	59
0.1	1272	3384	56
0.1	1273	3385	56
0.1	3386	3371	56
0.1	1277	1276	16
0.1	1279	1278	19
0.1	1282	1281	16
0.1	3390	1280	41
0.1	3391	3389	44
0.1	3392	3388	24
0.1	1285	1284	30
0.1	1288	1287	55
0.1	1289	3395	17
0.1	1290	3396	45
0.1	3397	1286	17
0.1	1292	1291	42
0.1	1294	1293	35
0.1	3400	3399	45
0.1	1296	1295	31
0.1	1299	1298	28
0.1	3403	1297	35
0.1	3404	3402	42
0.1	1300	3405	24
0.1	1301	3406	41
0.1	3407	3401	37
0.1	3408	3398	59
0.1	3409	3394	59
0.1	3410	1283	59
0.1	3411	3393	59
0.1	1302	3412	59
0.1	3413	1275	59
0.1	3414	1274	59
0.1	1304	1303	21
0.1	1305	3416	52
0.1	3417	3415	40
0.1	1313	1312	30
0.1	3419	1311	13
0.1	3420	1310	7
0.1	3421	1309	55
0.1	3422	1308	27
0.1	3423	1307	34
0.1	3424	1306	2
0.1	3425	3418	56
0.1	3426	3387	56
0.1	3427	3366	56
0.1	1318	1317	20
0.1	3429	1316	49
0.1	1320	1319	48
0.1	1324	1323	23
0.1	1334	1333	59
0.1	1335	3433	28
0.1	3434	1332	44
0.1	3435	1331	16
0.1	3436	1330	49
0.1	3437	1329	13
0.1	1336	3438	4
0.1	3439	1328	48
0.1	3440	1327	30
0.1	3441	1326	27
0.1	3442	1325	48
0.1	3443	3432	59
0.1	3444	1322	54
0.1	1338	1337	20
0.1	1339	3446	46
0.1	1345	1344	59
0.1	1346	3448	46
0.1	3449	1343	56
0.1	3450	1342	12
0.1	3451	1341	17
0.1	3452	1340	13
0.1	1349	1348	41
0.1	3454	1347	32
0.1	3455	3453	46
0.1	1350	3456	44
0.1	3457	3447	54
0.1	3458	3445	54
0.1	1361	1360	41
0.1	3460	1359	8
0.1	3461	1358	47
0.1	3462	1357	19
0.1	3463	1356	3
0.1	3464	1355	22
0.1	3465	1354	45
0.1	3466	1353	56
0.1	1363	1362	42
0.1	3468	3467	58
0.1	3469	1352	44
0.1	3470	1351	57
0.1	1370	1369	29
0.1	1379	1378	5
0.1	1386	1385	52
0.1	3474	1384	40
0.1	3475	1383	53
0.1	3476	1382	50
0.1	3477	1381	39
0.1	3478	1380	47
0.1	1388	1387	52
0.1	1390	1389	46
0.1	1395	1394	8
0.1	1396	3482	30
0.1	1397	3483	35
0.1	3484	1393	38
0.1	3485	1392	44
0.1	1399	1398	32
0.1	3487	3486	40
0.1	3488	1391	51
0.1	3489	3481	33
0.1	3490	3480	58
0.1	3491	3479	58
0.1	1400	3492	59
0.1	1401	3493	59
0.1	1403	1402	35
0.1	3495	3494	59
0.1	3496	3473	58
0.1	3497	1377	58
0.1	3498	1376	58
0.1	3499	1375	58
0.1	1404	3500	59
0.1	3501	1374	5
0.1	3502	1373	5
0.1	1407	1406	52
0.1	3504	1405	14
0.1	3505	3503	52
0.1	1408	3506	52
0.1	3507	1372	15
0.1	3508	1371	15
0.1	3509	3472	15
0.1	1418	1417	45
0.1	1419	3511	48
0.1	1423	1422	33
0.1	3513	1421	23
0.1	3514	1420	8
0.1	3515	3512	51
0.1	3516	1416	41
0.1	3517	1415	57
0.1	1425	1424	36
0.1	1427	1426	43
0.1	1429	1428	59
0.1	1431	1430	27
0.1	3522	3521	47
0.1	1433	1432	55
0.1	1435	1434	27
0.1	1436	3525	40
0.1	3526	3524	52
0.1	3527	3523	11
0.1	3528	3520	8
0.1	3529	3519	51
0.1	1437	3530	51
0.1	1444	1443	42
0.1	3532	1442	13
0.1	3533	1441	53
0.1	1445	3534	11
0.1	1447	1446	7
0.1	3536	3535	26
0.1	1450	1449	16
0.1	3538	1448	33
0.1	3539	3537	41
0.1	1452	1451	42
0.1	3541	3540	41
0.1	1453	3542	58
0.1	3543	1440	58
0.1	1454	3544	59
0.1	3545	1439	59
0.1	3546	1438	29
0.1	1456	1455	59
0.1	1458	1457	6
0.1	1459	3549	56
0.1	3550	3548	7
0.1	3551	3547	29
0.1	3552	3531	51
0.1	3553	3518	59
0.1	3554	1414	59
0.1	3555	1413	59
0.1	3556	1412	59
0.1	3557	1411	15
0.1	3558	1410	15
0.1	1460	3559	15
0.1	3560	1409	15
0.1	1465	1464	41
0.1	3562	1463	47
0.1	1471	1470	52
0.1	3564	1469	42
0.1	3565	1468	38
0.1	3566	1467	19
0.1	1472	3567	41
0.1	3568	1466	29
0.1	3569	3563	49
0.1	3570	1462	40
0.1	3571	1461	59
0.1	1473	3572	15
0.1	3573	3561	15
0.1	1474	3574	15
0.1	3575	3510	15
0.1	1475	3576	15
0.1	3577	1368	58
0.1	1476	3578	58
0.1	1477	3579	58
0.1	1478	3580	59
0.1	3581	1367	58
0.1	1479	3582	58
0.1	1480	3583	58
0.1	1481	3584	58
0.1	3585	1366	58
0.1	3586	1365	59
0.1	1483	1482	44
0.1	3588	3587	59
0.1	3589	1364	57
0.1	1488	1487	34
0.1	3591	1486	13
0.1	3592	1485	21
0.1	3593	1484	50
0.1	1489	3594	49
0.1	1496	1495	49
0.1	3596	1494	22
0.1	1499	1498	23
0.1	3598	1497	18
0.1	3599	3597	25
0.1	3600	1493	24
0.1	3601	1492	50
0.1	3602	1491	10
0.1	1500	3603	21
0.1	1501	3604	52
0.1	3605	1490	41
0.1	1504	1503	58
0.1	3607	1502	38
0.1	1506	1505	16
0.1	3609	3608	49
0.1	1508	1507	25
0.1	1509	3611	30
0.1	3612	3610	27
0.1	3613	3606	54
0.1	1510	3614	57
0.1	3615	3595	57
0.1	3616	3590	57
0.1	3617	3471	57
0.1	1514	1513	50
0.1	3619	1512	19
0.1	1516	1515	28
0.1	1517	3621	51
0.1	3622	3620	33
0.1	1520	1519	18
0.1	3624	1518	3
0.1	1521	3625	47
0.1	1522	3626	55
0.1	3627	3623	22
0.1	1524	1523	41
0.1	3629	3628	59
0.1	3630	1511	59
0.1	3631	3618	57
0.1	1528	1527	5
0.1	3633	1526	39
0.1	3634	1525	37
0.1	1534	1533	37
0.1	3636	1532	52
0.1	1536	1535	14
0.1	3638	3637	23
0.1	3639	1531	48
0.1	1540	1539	42
0.1	3641	1538	37
0.1	3642	1537	35
0.1	1542	1541	56
0.1	1543	3644	55
0.1	3645	3643	49
0.1	3646	3640	57
0.1	3647	1530	57
0.1	3648	1529	57
0.1	3649	3635	57
0.1	3650	3632	57
0.1	1545	1544	7
0.1	3652	3651	57
0.1	3653	3459	54
0.1	3654	1321	52
0.1	1546	3655	52
0.1	3656	3431	52
0.1	1551	1550	34
0.1	1552	3658	16
0.1	3659	1549	54
0.1	1554	1553	47
0.1	3661	3660	15
0.1	3662	1548	18
0.1	1555	3663	22
0.1	1557	1556	45
0.1	3665	3664	9
0.1	1558	3666	19
0.1	3667	1547	50
0.1	1561	1560	18
0.1	3669	1559	14
0.1	3670	3668	56
0.1	1563	1562	35
0.1	1566	1565	16
0.1	1567	3673	56
0.1	3674	1564	32
0.1	3675	3672	56
0.1	1569	1568	26
0.1	1570	3677	30
0.1	1571	3678	45
0.1	3679	3676	15
0.1	1574	1573	46
0.1	3681	1572	10
0.1	3682	3680	56
0.1	1576	1575	30
0.1	1578	1577	16
0.1	1580	1579	7
0.1	1581	3686	39
0.1	3687	3685	6
0.1	3688	3684	2
0.1	1582	3689	48
0.1	1583	3690	33
0.1	1586	1585	39
0.1	3692	1584	57
0.1	1587	3693	29
0.1	3694	3691	56
0.1	3695	3683	56
0.1	3696	3671	56
0.1	1590	1589	40
0.1	1594	1593	39
0.1	1596	1595	53
0.1	3700	3699	47
0.1	3701	1592	1
0.1	3702	1591	37
0.1	3703	3698	42
0.1	1603	1602	16
0.1	1606	1605	26
0.1	1607	3706	20
0.1	1608	3707	58
0.1	1610	1609	23
0.1	3709	3708	32
0.1	1620	1619	10
0.1	1621	3711	8
0.1	1624	1623	17
0.1	3713	1622	12
0.1	3714	3712	43
0.1	3715	1618	25
0.1	3716	1617	32
0.1	3717	1616	30
0.1	3718	1615	3
0.1	3719	1614	46
0.1	1625	3720	51
0.1	3721	1613	55
0.1	1626	3722	55
0.1	3723	1612	55
0.1	1633	1632	22
0.1	1634	3725	55
0.1	1635	3726	35
0.1	1651	1650	54
0.1	1656	1655	11
0.1	3729	1654	32
0.1	1659	1658	35
0.1	1661	1660	40
0.1	3732	3731	34
0.1	3733	1657	6
0.1	1664	1663	29
0.1	3735	1662	58
0.1	1665	3736	9
0.1	1666	3737	23
0.1	1667	3738	59
0.1	3739	3734	41
0.1	1668	3740	41
0.1	1671	1670	35
0.1	1672	3742	51
0.1	1674	1673	28
0.1	1676	1675	44
0.1	3745	3744	42
0.1	3746	3743	8
0.1	1677	3747	2
0.1	3748	1669	55
0.1	3749	3741	23
0.1	3750	3730	23
0.1	3751	1653	23
0.1	3752	1652	23
0.1	3753	3728	23
0.1	1678	3754	23
0.1	3755	1649	23
0.1	3756	1648	23
0.1	3757	1647	23
0.1	1679	3758	58
0.1	3759	1646	58
0.1	1680	3760	58
0.1	1681	3761	58
0.1	3762	1645	59
0.1	1682	3763	59
0.1	1683	3764	59
0.1	1684	3765	58
0.1	3766	1644	58
0.1	3767	1643	59
0.1	3768	1642	54
0.1	3769	1641	54
0.1	1685	3770	54
0.1	1686	3771	54
0.1	3772	1640	54
0.1	1687	3773	54
0.1	1688	3774	59
0.1	3775	1639	59
0.1	3776	1638	57
0.1	1689	3777	57
0.1	1690	3778	58
0.1	3779	1637	58
0.1	3780	1636	58
0.1	3781	3727	58
0.1	3782	1631	58
0.1	3783	1630	59
0.1	3784	1629	59
0.1	3785	1628	59
0.1	3786	1627	59
0.1	1692	1691	33
0.1	3788	3787	59
0.1	1693	3789	59
0.1	1694	3790	50
0.1	1696	1695	40
0.1	1698	1697	55
0.1	3793	3792	15
0.1	1699	3794	45
0.1	1701	1700	37
0.1	1705	1704	26
0.1	1706	3797	31
0.1	3798	1703	32
0.1	1710	1709	22
0.1	3800	1708	9
0.1	1711	3801	22
0.1	3802	1707	4
0.1	3803	3799	32
0.1	3804	1702	41
0.1	3805	3796	47
0.1	3806	3795	58
0.1	1713	1712	30
0.1	3808	3807	58
0.1	3809	3791	58
0.1	3810	3724	55
0.1	3811	1611	58
0.1	1714	3812	58
0.1	3813	3710	57
0.1	1715	3814	59
0.1	1716	3815	59
0.1	3816	1604	59
0.1	1717	3817	59
0.1	3818	3705	59
0.1	3819	1601	58
0.1	1719	1718	52
0.1	3821	3820	58
0.1	3822	1600	58
0.1	1720	3823	58
0.1	3824	1599	58
0.1	3825	1598	58
0.1	1721	3826	58
0.1	1722	3827	58
0.1	3828	1597	52
0.1	3829	3704	52
0.1	1738	1737	44
0.1	3831	1736	11
0.1	1744	1743	42
0.1	3833	1742	52
0.1	3834	1741	52
0.1	1745	3835	19
0.1	1746	3836	3
0.1	1747	3837	27
0.1	3838	1740	19
0.1	3839	1739	16
0.1	1748	3840	12
0.1	1749	3841	54
0.1	3842	3832	51
0.1	3843	1735	51
0.1	1750	3844	51
0.1	1751	3845	51
0.1	3846	1734	51
0.1	1752	3847	51
0.1	1753	3848	51
0.1	3849	1733	1
0.1	3850	1732	1
0.1	1754	3851	58
0.1	3852	1731	58
0.1	3853	1730	56
0.1	3854	1729	3
0.1	3855	1728	3
0.1	3856	1727	3
0.1	1755	3857	3
0.1	1756	3858	3
0.1	3859	1726	3
0.1	3860	1725	3
0.1	1757	3861	59
0.1	1758	3862	57
0.1	3863	1724	57
0.1	3864	1723	57
0.1	3865	3830	52
0.1	1759	3866	52
0.1	1760	3867	56
0.1	1763	1762	57
0.1	1764	3869	56
0.1	3870	1761	25
0.1	3871	3868	59
0.1	1765	3872	59
0.1	3873	1588	59
0.1	3874	3697	59
0.1	1769	1768	4
0.1	3876	1767	45
0.1	3877	1766	30
0.1	1778	1777	55
0.1	3879	1776	51
0.1	1781	1780	40
0.1	3881	1779	23
0.1	1785	1784	4
0.1	3883	1783	5
0.1	3884	1782	9
0.1	1786	3885	42
0.1	3886	3882	58
0.1	3887	3880	40
0.1	3888	1775	53
0.1	3889	1774	52
0.1	3890	1773	52
0.1	3891	1772	52
0.1	3892	1771	52
0.1	3893	1770	52
0.1	1787	3894	52
0.1	3895	3878	52
0.1	3896	3875	52
0.1	3897	3657	52
0.1	1788	3898	52
0.1	3899	3430	52
0.1	3900	1315	52
0.1	3901	1314	56
0.1	1792	1791	58
0.1	1795	1794	10
0.1	3904	1793	54
0.1	1796	3905	1
0.1	1797	3906	43
0.1	3907	3903	30
0.1	3908	1790	56
0.1	1800	1799	45
0.1	1801	3910	43
0.1	3911	1798	44
0.1	1803	1802	35
0.1	3913	3912	36
0.1	1806	1805	12
0.1	3915	1804	46
0.1	1807	3916	26
0.1	1811	1810	52
0.1	3918	1809	19
0.1	1815	1814	57
0.1	3920	1813	34
0.1	3921	1812	6
0.1	1816	3922	41
0.1	3923	3919	40
0.1	3924	1808	38
0.1	1818	1817	10
0.1	1820	1819	1
0.1	1821	3927	29
0.1	3928	3926	15
0.1	3929	3925	59
0.1	3930	3917	59
0.1	3931	3914	31
0.1	3932	3909	31
0.1	1823	1822	40
0.1	1832	1831	16
0.1	1846	1845	59
0.1	3936	1844	3
0.1	1852	1851	29
0.1	3938	1850	28
0.1	1853	3939	25
0.1	3940	1849	21
0.1	3941	1848	15
0.1	3942	1847	25
0.1	3943	3937	49
0.1	3944	1843	34
0.1	3945	1842	40
0.1	3946	1841	59
0.1	3947	1840	59
0.1	3948	1839	59
0.1	1854	3949	59
0.1	1855	3950	59
0.1	3951	1838	59
0.1	1856	3952	58
0.1	3953	1837	58
0.1	1859	1858	36
0.1	3955	1857	27
0.1	3956	3954	57
0.1	3957	1836	57
0.1	1860	3958	35
0.1	3959	1835	35
0.1	1861	3960	35
0.1	1862	3961	35
0.1	3962	1834	35
0.1	3963	1833	35
0.1	1863	3964	33
0.1	1864	3965	33
0.1	1865	3966	49
0.1	3967	3935	49
0.1	1866	3968	49
0.1	3969	1830	58
0.1	3970	1829	58
0.1	1874	1873	27
0.1	3972	1872	46
0.1	1875	3973	40
0.1	1876	3974	46
0.1	3975	1871	6
0.1	1878	1877	35
0.1	3977	3976	59
0.1	3978	1870	40
0.1	1879	3979	11
0.1	1880	3980	20
0.1	3981	1869	38
0.1	3982	1868	58
0.1	3983	1867	58
0.1	3984	3971	58
0.1	1881	3985	43
0.1	3986	1828	43
0.1	3987	1827	43
0.1	1882	3988	43
0.1	1883	3989	43
0.1	3990	1826	43
0.1	1884	3991	43
0.1	1885	3992	43
0.1	3993	1825	43
0.1	1888	1887	16
0.1	3995	1886	36
0.1	3996	3994	43
0.1	3997	1824	43
0.1	3998	3934	56
0.1	1893	1892	2
0.1	1906	1905	6
0.1	4001	1904	48
0.1	4002	1903	21
0.1	4003	1902	9
0.1	4004	1901	51
0.1	4005	1900	22
0.1	4006	1899	31
0.1	1907	4007	17
0.1	4008	1898	12
0.1	4009	1897	51
0.1	4010	1896	41
0.1	1911	1910	16
0.1	1913	1912	53
0.1	4013	4012	22
0.1	4014	1909	7
0.1	1919	1918	35
0.1	4016	1917	9
0.1	1920	4017	26
0.1	1921	4018	39
0.1	4019	1916	33
0.1	1924	1923	25
0.1	4021	1922	28
0.1	1928	1927	15
0.1	1930	1929	46
0.1	1931	4024	9
0.1	1932	4025	7
0.1	4026	4023	45
0.1	1934	1933	25
0.1	1935	4028	5
0.1	4029	4027	5
0.1	4030	1926	23
0.1	4031	1925	6
0.1	1937	1936	43
0.1	4033	4032	59
0.1	4034	4022	59
0.1	1940	1939	43
0.1	4036	1938	44
0.1	1941	4037	5
0.1	1945	1944	57
0.1	4039	1943	12
0.1	1946	4040	17
0.1	1947	4041	12
0.1	4042	1942	39
0.1	4043	4038	36
0.1	4044	4035	58
0.1	1949	1948	58
0.1	1951	1950	51
0.1	4047	4046	36
0.1	4048	4045	58
0.1	1955	1954	1
0.1	4050	1953	43
0.1	1956	4051	20
0.1	4052	1952	10
0.1	1959	1958	5
0.1	4054	1957	3
0.1	1973	1972	55
0.1	1976	1975	23
0.1	4057	1974	20
0.1	4058	4056	20
0.1	4059	1971	39
0.1	1977	4060	5
0.1	4061	1970	20
0.1	1978	4062	18
0.1	1979	4063	36
0.1	4064	1969	28
0.1	4065	1968	38
0.1	4066	1967	58
0.1	4067	1966	58
0.1	4068	1965	58
0.1	4069	1964	58
0.1	1981	1980	40
0.1	4071	4070	59
0.1	4072	1963	57
0.1	4073	1962	57
0.1	4074	1961	5
0.1	4075	1960	5
0.1	4076	4055	55
0.1	4077	4053	59
0.1	4078	4049	59
0.1	1990	1989	55
0.1	1991	4080	38
0.1	4081	1988	44
0.1	1992	4082	13
0.1	1993	4083	18
0.1	4084	1987	27
0.1	4085	1986	52
0.1	4086	1985	29
0.1	1994	4087	38
0.1	4088	1984	5
0.1	4089	1983	52
0.1	4090	1982	59
0.1	1995	4091	59
0.1	1998	1997	19
0.1	4093	1996	26
0.1	4094	4092	59
0.1	2003	2002	39
0.1	4096	2001	11
0.1	2004	4097	34
0.1	4098	2000	13
0.1	4099	1999	16
0.1	2006	2005	25
0.1	2010	2009	5
0.1	2011	4102	16
0.1	4103	2008	6
0.1	4104	2007	42
0.1	2015	2014	16
0.1	2016	4106	35
0.1	4107	2013	29
0.1	4108	2012	5
0.1	4109	4105	59
0.1	4110	4101	40
0.1	2018	2017	25
0.1	2020	2019	8
0.1	2022	2021	35
0.1	2024	2023	59
0.1	2026	2025	33
0.1	2027	4116	57
0.1	4117	4115	18
0.1	4118	4114	30
0.1	2028	4119	11
0.1	4120	4113	5
0.1	4121	4112	58
0.1	4122	4111	57
0.1	2033	2032	50
0.1	2035	2034	56
0.1	4125	4124	14
0.1	4126	2031	45
0.1	4127	2030	3
0.1	2036	4128	26
0.1	2037	4129	17
0.1	4130	2029	32
0.1	4131	4123	58
0.1	4132	4100	58
0.1	4133	4095	59
0.1	4134	4079	49
0.1	4135	4020	59
0.1	4136	1915	59
0.1	4137	1914	59
0.1	2038	4138	59
0.1	4139	4015	59
0.1	2039	4140	56
0.1	4141	1908	56
0.1	4142	4011	56
0.1	2040	4143	56
0.1	4144	1895	56
0.1	4145	1894	56
0.1	2041	4146	56
0.1	4147	4000	56
0.1	4148	1891	56
0.1	4149	1890	56
0.1	2042	4150	56
0.1	2043	4151	56
0.1	4152	1889	56
0.1	4153	3999	56
0.1	4154	3933	56
0.1	2044	4155	56
0.1	2045	4156	56
0.1	4157	1789	56
0.1	4158	3902	56
0.1	4159	3428	56
0.1	2047	2046	35
0.1	2051	2050	9
0.1	4162	2049	14
0.1	2052	4163	2
0.1	2053	4164	21
0.1	4165	2048	3
0.1	4166	4161	45
0.1	2055	2054	34
0.1	2057	2056	46
0.1	2061	2060	30
0.1	4170	2059	57
0.1	4171	2058	56
0.1	2064	2063	56
0.1	4173	2062	56
0.1	2066	2065	29
0.1	4175	4174	12
0.1	4176	4172	31
0.1	2068	2067	26
0.1	2069	4178	45
0.1	2075	2074	29
0.1	2078	2077	49
0.1	4181	2076	50
0.1	4182	4180	17
0.1	2080	2079	1
0.1	4184	4183	15
0.1	4185	2073	51
0.1	4186	2072	50
0.1	4187	2071	14
0.1	4188	2070	43
0.1	4189	4179	59
0.1	2084	2083	33
0.1	4191	2082	14
0.1	2085	4192	46
0.1	4193	2081	52
0.1	4194	4190	59
0.1	4195	4177	59
0.1	4196	4169	59
0.1	4197	4168	32
0.1	4198	4167	56
0.1	4199	4160	56
0.1	2086	4200	56
0.1	4201	3295	56
0.1	4202	3250	56
0.1	4203	3179	56
0.1	2091	2090	18
0.1	4205	2089	12
0.1	4206	2088	37
0.1	4207	2087	3
0.1	2092	4208	2
0.1	2094	2093	17
0.1	4210	4209	18
0.1	2097	2096	49
0.1	2099	2098	38
0.1	2100	4213	58
0.1	4214	4212	51
0.1	4215	2095	21
0.1	4216	4211	56
0.1	4217	4204	56
0.1	2103	2102	17
0.1	4219	2101	54
0.1	2109	2108	9
0.1	4221	2107	58
0.1	4222	2106	54
0.1	4223	2105	26
0.1	4224	2104	20
0.1	4225	4220	31
0.1	4226	4218	56
0.1	2110	4227	54
0.1	4228	1058	54
0.1	2112	2111	23
0.1	4230	4229	54
0.1	2116	2115	47
0.1	4232	2114	33
0.1	4233	2113	8
0.1	2117	4234	24
0.1	4235	4231	54
0.1	2118	4236	54
0.1	2120	2119	20
0.1	2122	2121	17
0.1	4239	4238	29
0.1	4240	4237	54
0.1	4241	3177	56
0.1	2123	4242	6
0.1	4243	1055	6
0.1	4244	3176	6
